0.7210068702697754,4897
0.8516831398010254,4896
0.9820683002471924,4895
1.1130452156066895,4894
1.2427499294281006,4893
1.3691225051879883,4892
1.4968714714050293,4891
1.621910572052002,4890
1.7458150386810303,4889
1.8713433742523193,4888
2.000537633895874,4887
2.131701707839966,4886
2.262387752532959,4885
2.3910882472991943,4884
2.520972728729248,4883
2.650906562805176,4882
2.7800254821777344,4881
2.904160499572754,4880
3.032057523727417,4879
3.1556169986724854,4878
3.281007766723633,4877
3.4086971282958984,4876
3.538414239883423,4875
3.670274496078491,4874
3.797548532485962,4873
3.9238455295562744,4872
4.052517652511597,4871
4.178633451461792,4870
4.306330442428589,4869
4.433545351028442,4868
4.561215877532959,4867
4.687639474868774,4866
4.815876722335815,4865
4.943017244338989,4864
5.074966192245483,4863
5.200362920761108,4862
5.326080799102783,4861
5.449185371398926,4860
5.574158668518066,4859
5.699620008468628,4858
5.821305990219116,4857
5.947363615036011,4856
6.07233190536499,4855
6.196964263916016,4854
6.323756217956543,4853
6.4548070430755615,4852
6.5860817432403564,4851
6.716215372085571,4850
6.847986936569214,4849
6.979793548583984,4848
7.1101744174957275,4847
7.241581439971924,4846
7.372651815414429,4845
7.503556251525879,4844
7.634325265884399,4843
7.765258312225342,4842
7.895849227905273,4841
8.026530504226685,4840
8.156449556350708,4839
8.287423372268677,4838
8.41884446144104,4837
8.548525333404541,4836
8.678945302963257,4835
8.810245513916016,4834
8.94066834449768,4833
9.070788145065308,4832
9.202409029006958,4831
9.332152605056763,4830
9.462761402130127,4829
9.594228744506836,4828
9.72497844696045,4827
9.855822801589966,4826
9.987123489379883,4825
10.1181161403656,4824
10.247455835342407,4823
10.378383874893188,4822
10.50877857208252,4821
10.63932991027832,4820
10.769673109054565,4819
10.901731491088867,4818
11.032666444778442,4817
11.163175344467163,4816
11.294328451156616,4815
11.42511773109436,4814
11.554930210113525,4813
11.685786247253418,4812
11.815902471542358,4811
11.947065114974976,4810
12.077941179275513,4809
12.205347537994385,4808
12.332524299621582,4807
12.460087537765503,4806
12.586734056472778,4805
12.712502002716064,4804
12.839187383651733,4803
12.965781211853027,4802
13.091887712478638,4801
13.219366312026978,4800
13.345313549041748,4799
13.47177767753601,4798
13.597972869873047,4797
13.72419261932373,4796
13.851292610168457,4795
13.977591276168823,4794
14.10410213470459,4793
14.229647636413574,4792
14.357055902481079,4791
14.482620000839233,4790
14.611839771270752,4789
14.737271547317505,4788
14.864796876907349,4787
14.989883184432983,4786
15.117120265960693,4785
15.243796348571777,4784
15.371772766113281,4783
15.49785304069519,4782
15.62589693069458,4781
15.752930402755737,4780
15.879457235336304,4779
16.00692653656006,4778
16.134140968322754,4777
16.261188745498657,4776
16.387964010238647,4775
16.5156090259552,4774
16.64223313331604,4773
16.767725706100464,4772
16.895150423049927,4771
17.021154403686523,4770
17.1495943069458,4769
17.27798056602478,4768
17.40682864189148,4767
17.53417205810547,4766
17.662591218948364,4765
17.791078805923462,4764
17.91760015487671,4763
18.04525065422058,4762
18.172894954681396,4761
18.30283284187317,4760
18.433260917663574,4759
18.564685583114624,4758
18.69642210006714,4757
18.826956748962402,4756
18.956968069076538,4755
19.088374376296997,4754
19.219059467315674,4753
19.34953474998474,4752
19.480522871017456,4751
19.611145496368408,4750
19.74090814590454,4749
19.872147798538208,4748
20.002423524856567,4747
20.133375883102417,4746
20.264781951904297,4745
20.395115613937378,4744
20.525748014450073,4743
20.65623664855957,4742
20.787750005722046,4741
20.918261289596558,4740
21.04778814315796,4739
21.17885684967041,4738
21.309006452560425,4737
21.43924045562744,4736
21.569523572921753,4735
21.70169949531555,4734
21.83200716972351,4733
21.96247911453247,4732
22.094260215759277,4731
22.225773572921753,4730
22.35618829727173,4729
22.487930059432983,4728
22.619053840637207,4727
22.750435829162598,4726
22.880357265472412,4725
23.012169361114502,4724
23.143093585968018,4723
23.274167776107788,4722
23.40584087371826,4721
23.53559112548828,4720
23.665639400482178,4719
23.796871423721313,4718
23.927242755889893,4717
24.057119369506836,4716
24.18420124053955,4715
24.31091332435608,4714
24.43723726272583,4713
24.563846826553345,4712
24.691073656082153,4711
24.81699776649475,4710
24.94395899772644,4709
25.07008171081543,4708
25.19644570350647,4707
25.322216749191284,4706
25.4494788646698,4705
25.575672149658203,4704
25.70244264602661,4703
25.828294038772583,4702
25.954720973968506,4701
26.081640005111694,4700
26.207496643066406,4699
26.334089040756226,4698
26.460301637649536,4697
26.588868856430054,4696
26.714006423950195,4695
26.84213352203369,4694
26.968636751174927,4693
27.095491886138916,4692
27.22304892539978,4691
27.350800037384033,4690
27.47679042816162,4689
27.6040940284729,4688
27.73173236846924,4687
27.857471466064453,4686
27.98489236831665,4685
28.112364530563354,4684
28.240651845932007,4683
28.366844654083252,4682
28.495371341705322,4681
28.62215805053711,4680
28.748494148254395,4679
28.876392364501953,4678
29.004496097564697,4677
29.131103992462158,4676
29.25834035873413,4675
29.38581132888794,4674
29.513620615005493,4673
29.63931894302368,4672
29.766746997833252,4671
29.89391279220581,4670
30.020299434661865,4669
30.146875381469727,4668
30.273620128631592,4667
30.399034023284912,4666
30.52510666847229,4665
30.649425506591797,4664
30.772759914398193,4663
30.89879536628723,4662
31.0296528339386,4661
31.156900882720947,4660
31.2835533618927,4659
31.411206245422363,4658
31.541635513305664,4657
31.668360710144043,4656
31.7967050075531,4655
31.922895908355713,4654
32.049333333969116,4653
32.17376208305359,4652
32.2987859249115,4651
32.42259120941162,4650
32.54711151123047,4649
32.67825126647949,4648
32.80869174003601,4647
32.936980962753296,4646
33.06393766403198,4645
33.193790674209595,4644
33.32319188117981,4643
33.451131105422974,4642
33.57933712005615,4641
33.70689296722412,4640
33.83421063423157,4639
33.960402727127075,4638
34.086944341659546,4637
34.215537548065186,4636
34.34507155418396,4635
34.47501015663147,4634
34.60439467430115,4633
34.730299949645996,4632
34.860878705978394,4631
34.98913216590881,4630
35.116965770721436,4629
35.24456715583801,4628
35.370511531829834,4627
35.49868941307068,4626
35.62425470352173,4625
35.74837350845337,4624
35.8768527507782,4623
36.00627517700195,4622
36.13710856437683,4621
36.26332688331604,4620
36.39046859741211,4619
36.519070625305176,4618
36.646398305892944,4617
36.773693323135376,4616
36.89965772628784,4615
37.02740216255188,4614
37.152931451797485,4613
37.278404235839844,4612
37.40314984321594,4611
37.52806782722473,4610
37.65691328048706,4609
37.7860848903656,4608
37.914098024368286,4607
38.040242433547974,4606
38.16746282577515,4605
38.296560287475586,4604
38.4238486289978,4603
38.55393719673157,4602
38.679887533187866,4601
38.806623458862305,4600
38.93477511405945,4599
39.05971908569336,4598
39.1868851184845,4597
39.31472611427307,4596
39.446199893951416,4595
39.577104330062866,4594
39.70491695404053,4593
39.83214735984802,4592
39.96140146255493,4591
40.090028285980225,4590
40.216989278793335,4589
40.34412455558777,4588
40.47210216522217,4587
40.59748649597168,4586
40.72144675254822,4585
40.847814083099365,4584
40.974793910980225,4583
41.10520625114441,4582
41.23475003242493,4581
41.3616247177124,4580
41.48876762390137,4579
41.618024587631226,4578
41.748826026916504,4577
41.87462139129639,4576
42.00027084350586,4575
42.12848663330078,4574
42.253406047821045,4573
42.37563681602478,4572
42.50199794769287,4571
42.63110160827637,4570
42.7600200176239,4569
42.88742542266846,4568
43.01458287239075,4567
43.14402651786804,4566
43.27400517463684,4565
43.403058767318726,4564
43.53052282333374,4563
43.65603852272034,4562
43.783836364746094,4561
43.90987014770508,4560
44.03637742996216,4559
44.16355323791504,4558
44.29339814186096,4557
44.42364764213562,4556
44.55132246017456,4555
44.677170515060425,4554
44.804818868637085,4553
44.93136143684387,4552
45.05782890319824,4551
45.184505224227905,4550
45.31247568130493,4549
45.43773078918457,4548
45.56442213058472,4547
45.69183897972107,4546
45.81791377067566,4545
45.94910931587219,4544
46.07285165786743,4543
46.19735598564148,4542
46.31982374191284,4541
46.443779706954956,4540
46.566749811172485,4539
46.69078063964844,4538
46.81345820426941,4537
46.93664050102234,4536
47.06083703041077,4535
47.18275284767151,4534
47.311630964279175,4533
47.44024705886841,4532
47.57064604759216,4531
47.70110845565796,4530
47.83073329925537,4529
47.96107459068298,4528
48.09047484397888,4527
48.22097730636597,4526
48.35072994232178,4525
48.48122763633728,4524
48.611417293548584,4523
48.740933656692505,4522
48.87153911590576,4521
49.001606702804565,4520
49.13220572471619,4519
49.261982917785645,4518
49.39150524139404,4517
49.52183294296265,4516
49.65133595466614,4515
49.781283140182495,4514
49.91203022003174,4513
