0.7401418685913086,4897
0.8894803524017334,4896
1.0393803119659424,4895
1.1896064281463623,4894
1.3383686542510986,4893
1.488119125366211,4892
1.638362169265747,4891
1.78507661819458,4890
1.9232566356658936,4889
2.061295509338379,4888
2.1993794441223145,4887
2.3383402824401855,4886
2.4777164459228516,4885
2.6121044158935547,4884
2.7428839206695557,4883
2.874296188354492,4882
3.0073134899139404,4881
3.1448798179626465,4880
3.2813894748687744,4879
3.4186806678771973,4878
3.5538344383239746,4877
3.689262628555298,4876
3.830500364303589,4875
3.969392776489258,4874
4.107649564743042,4873
4.245485544204712,4872
4.385091543197632,4871
4.523936986923218,4870
4.662371873855591,4869
4.800849676132202,4868
4.939476490020752,4867
5.078374147415161,4866
5.216831922531128,4865
5.356205701828003,4864
5.495037078857422,4863
5.633697271347046,4862
5.771397352218628,4861
5.910566091537476,4860
6.050204753875732,4859
6.190198183059692,4858
6.330032825469971,4857
6.470453262329102,4856
6.607635736465454,4855
6.7465362548828125,4854
6.885211229324341,4853
7.018194675445557,4852
7.148313045501709,4851
7.284527063369751,4850
7.419302225112915,4849
7.5539703369140625,4848
7.689526796340942,4847
7.8252482414245605,4846
7.963079929351807,4845
8.09799075126648,4844
8.234407424926758,4843
8.374712467193604,4842
8.518965721130371,4841
8.67074728012085,4840
8.81155252456665,4839
8.955406904220581,4838
9.105793476104736,4837
9.246754884719849,4836
9.39270830154419,4835
9.533085346221924,4834
9.674344062805176,4833
9.816800594329834,4832
9.951622486114502,4831
10.087924242019653,4830
10.229544639587402,4829
10.373745679855347,4828
10.513789653778076,4827
10.650367498397827,4826
10.79215145111084,4825
10.93286657333374,4824
11.07622766494751,4823
11.215296268463135,4822
11.358717441558838,4821
11.502133131027222,4820
11.64452314376831,4819
11.777754306793213,4818
11.9111168384552,4817
12.044058799743652,4816
12.17677903175354,4815
12.330393314361572,4814
12.471511602401733,4813
12.60435175895691,4812
12.737667083740234,4811
12.875409841537476,4810
13.020071744918823,4809
13.167975187301636,4808
13.310349225997925,4807
13.448832750320435,4806
13.585949897766113,4805
13.72304081916809,4804
13.860551357269287,4803
13.998334407806396,4802
14.135655879974365,4801
14.27234697341919,4800
14.407087326049805,4799
14.544636726379395,4798
14.682178497314453,4797
14.81902527809143,4796
14.955790042877197,4795
15.093327522277832,4794
15.231178522109985,4793
15.36904239654541,4792
15.505671977996826,4791
15.64579153060913,4790
15.785176992416382,4789
15.922495365142822,4788
16.059271574020386,4787
16.196752786636353,4786
16.334553003311157,4785
16.472760677337646,4784
16.60933756828308,4783
16.746565341949463,4782
16.88445806503296,4781
17.019611835479736,4780
17.156752347946167,4779
17.2938334941864,4778
17.432802438735962,4777
17.57027506828308,4776
17.70632553100586,4775
17.842862129211426,4774
17.98038625717163,4773
18.115670442581177,4772
18.2496395111084,4771
18.389628171920776,4770
18.527772665023804,4769
18.666166067123413,4768
18.801812887191772,4767
18.939428567886353,4766
19.076217889785767,4765
19.212671995162964,4764
19.340708255767822,4763
19.469541549682617,4762
19.59968614578247,4761
19.728698015213013,4760
19.85621953010559,4759
19.986438274383545,4758
20.11977195739746,4757
20.253899097442627,4756
20.38417959213257,4755
20.519665241241455,4754
20.64961004257202,4753
20.78258967399597,4752
20.91098427772522,4751
21.040093183517456,4750
21.16977024078369,4749
21.297667264938354,4748
21.42578649520874,4747
21.556877374649048,4746
21.692482233047485,4745
21.82370948791504,4744
21.95607018470764,4743
22.088732957839966,4742
22.222169637680054,4741
22.351795434951782,4740
22.48202395439148,4739
22.612420797348022,4738
22.739961862564087,4737
22.86862349510193,4736
23.000060081481934,4735
23.134374618530273,4734
23.26818871498108,4733
23.400768518447876,4732
23.534010410308838,4731
23.666133642196655,4730
23.801758766174316,4729
23.93247652053833,4728
24.068275928497314,4727
24.198575258255005,4726
24.33102512359619,4725
24.469343423843384,4724
24.612693548202515,4723
24.760215520858765,4722
24.898125648498535,4721
25.04140567779541,4720
25.18119168281555,4719
25.321619987487793,4718
25.45751166343689,4717
25.59587001800537,4716
25.732871770858765,4715
25.867297887802124,4714
26.00284433364868,4713
26.14444899559021,4712
26.291346073150635,4711
26.433008670806885,4710
26.572486400604248,4709
26.71440052986145,4708
26.857990980148315,4707
26.993567943572998,4706
27.12972903251648,4705
27.26783037185669,4704
27.408319234848022,4703
27.543384075164795,4702
27.683013916015625,4701
27.830522537231445,4700
27.976104497909546,4699
28.119179487228394,4698
28.26456046104431,4697
28.40071201324463,4696
28.53717803955078,4695
28.675140619277954,4694
28.809573650360107,4693
28.943992137908936,4692
29.081647634506226,4691
29.225396633148193,4690
29.3696186542511,4689
29.50409460067749,4688
29.633445978164673,4687
29.76299476623535,4686
29.89376997947693,4685
30.02306056022644,4684
30.159317016601562,4683
30.298107624053955,4682
30.43582510948181,4681
30.57029390335083,4680
30.70406985282898,4679
30.83758544921875,4678
30.964494466781616,4677
31.091267108917236,4676
31.218395233154297,4675
31.345289945602417,4674
31.472080945968628,4673
31.598610162734985,4672
31.725159406661987,4671
31.852280616760254,4670
31.98129677772522,4669
32.110915660858154,4668
32.2471022605896,4667
32.38271737098694,4666
32.518343687057495,4665
32.65424704551697,4664
32.79018211364746,4663
32.92625117301941,4662
33.06266808509827,4661
33.198038816452026,4660
33.33548140525818,4659
33.47348642349243,4658
33.61101269721985,4657
33.74819207191467,4656
33.88529014587402,4655
34.02419376373291,4654
34.16288208961487,4653
34.29987406730652,4652
34.434258699417114,4651
34.57272672653198,4650
34.71236801147461,4649
34.851601362228394,4648
34.99036955833435,4647
35.12759733200073,4646
35.26648163795471,4645
35.40609383583069,4644
35.54465961456299,4643
35.681912660598755,4642
35.8160183429718,4641
35.95342135429382,4640
36.090285778045654,4639
36.22401165962219,4638
36.35814905166626,4637
36.49603486061096,4636
36.63938808441162,4635
36.78384971618652,4634
36.92039656639099,4633
37.05785942077637,4632
37.195483684539795,4631
37.331400871276855,4630
37.46088528633118,4629
37.59329128265381,4628
37.73371171951294,4627
37.87287163734436,4626
38.00701022148132,4625
38.1413836479187,4624
38.27436661720276,4623
38.401289224624634,4622
38.52742123603821,4621
38.65454912185669,4620
38.78214955329895,4619
38.9097056388855,4618
39.03656196594238,4617
39.163721799850464,4616
39.290409564971924,4615
39.41839027404785,4614
39.54931688308716,4613
39.68822526931763,4612
39.827085733413696,4611
39.96399211883545,4610
40.100799798965454,4609
40.23693513870239,4608
40.373443841934204,4607
40.51046562194824,4606
40.64762616157532,4605
40.78407382965088,4604
40.92034339904785,4603
41.05785799026489,4602
41.193973541259766,4601
41.33006978034973,4600
41.46723508834839,4599
41.60451865196228,4598
41.74195694923401,4597
41.87921380996704,4596
42.0171275138855,4595
42.152185916900635,4594
42.28993201255798,4593
42.42511010169983,4592
42.56026101112366,4591
42.697036027908325,4590
42.834747552871704,4589
42.97000288963318,4588
43.10621190071106,4587
43.241652727127075,4586
43.37748146057129,4585
43.51824998855591,4584
43.66042900085449,4583
43.80615186691284,4582
43.95349597930908,4581
44.09941601753235,4580
44.24505281448364,4579
44.38799333572388,4578
44.53536629676819,4577
44.68367338180542,4576
44.83056879043579,4575
44.96718502044678,4574
45.10366177558899,4573
45.240416049957275,4572
45.3770112991333,4571
45.513261795043945,4570
45.64979839324951,4569
45.786580324172974,4568
45.92249536514282,4567
46.059205293655396,4566
46.19590640068054,4565
46.332486629486084,4564
46.46923112869263,4563
46.605735063552856,4562
46.74180483818054,4561
46.879231691360474,4560
47.01672077178955,4559
47.153459548950195,4558
47.29282522201538,4557
47.42943453788757,4556
47.5660834312439,4555
47.702290058135986,4554
47.83841872215271,4553
47.97456192970276,4552
48.11133670806885,4551
48.247771978378296,4550
48.38381910324097,4549
48.52030324935913,4548
48.657236099243164,4547
48.79342317581177,4546
48.92769527435303,4545
49.05732750892639,4544
49.18801474571228,4543
49.3237624168396,4542
49.456583738327026,4541
49.586097717285156,4540
49.71804928779602,4539
49.85091209411621,4538
49.984211683273315,4537
50.115445375442505,4536
50.25115633010864,4535
50.38292121887207,4534
50.51617646217346,4533
50.64957618713379,4532
50.78347730636597,4531
50.91891050338745,4530
51.05340528488159,4529
51.1893572807312,4528
51.32859754562378,4527
51.464693546295166,4526
51.601227045059204,4525
51.73771834373474,4524
51.87342309951782,4523
52.008814573287964,4522
52.144736766815186,4521
52.28100919723511,4520
52.41702580451965,4519
52.55267691612244,4518
52.68825364112854,4517
52.825096130371094,4516
52.96133780479431,4515
53.0977840423584,4514
53.233314752578735,4513
53.36944031715393,4512
53.50549840927124,4511
53.64126658439636,4510
53.77774238586426,4509
53.9141001701355,4508
54.05018639564514,4507
54.18620157241821,4506
54.320587158203125,4505
54.4550621509552,4504
54.59108328819275,4503
54.72740840911865,4502
54.863303422927856,4501
54.99714398384094,4500
55.13235878944397,4499
55.26844763755798,4498
55.401392221450806,4497
55.535521268844604,4496
55.6737105846405,4495
55.81685519218445,4494
55.95685076713562,4493
56.093833923339844,4492
56.22919321060181,4491
56.359965801239014,4490
56.48977518081665,4489
56.6188600063324,4488
56.74803709983826,4487
56.87582206726074,4486
57.0043203830719,4485
57.134159088134766,4484
57.26734972000122,4483
57.40378952026367,4482
57.53701901435852,4481
57.67156100273132,4480
57.80226683616638,4479
57.93362784385681,4478
58.06267189979553,4477
58.19389843940735,4476
58.32342720031738,4475
58.450334310531616,4474
58.581496477127075,4473
58.71382522583008,4472
58.84892749786377,4471
58.97810983657837,4470
59.110203981399536,4469
59.2395966053009,4468
59.36964535713196,4467
59.49823331832886,4466
59.627214431762695,4465
59.75563883781433,4464
59.883171796798706,4463
60.012019872665405,4462
60.143574714660645,4461
60.27835440635681,4460
60.41224503517151,4459
60.54914355278015,4458
60.68602538108826,4457
60.82304811477661,4456
60.95414328575134,4455
61.08542823791504,4454
61.21649980545044,4453
61.34542918205261,4452
61.47251296043396,4451
61.60196661949158,4450
61.73552417755127,4449
61.87310075759888,4448
62.007521629333496,4447
62.14214587211609,4446
62.27767825126648,4445
62.41394019126892,4444
62.541173219680786,4443
62.66808271408081,4442
62.799144983291626,4441
62.93056678771973,4440
63.062755823135376,4439
63.19184422492981,4438
63.32389974594116,4437
63.45906066894531,4436
63.593016624450684,4435
63.72874069213867,4434
63.86383271217346,4433
63.99280905723572,4432
64.12268567085266,4431
64.24915671348572,4430
64.37750267982483,4429
64.5080041885376,4428
64.63478970527649,4427
64.76497888565063,4426
64.89390897750854,4425
65.01991653442383,4424
65.14536380767822,4423
65.27145552635193,4422
65.39721417427063,4421
65.52276945114136,4420
65.65015649795532,4419
65.77885484695435,4418
65.91431903839111,4417
66.04821300506592,4416
66.18622875213623,4415
66.32787847518921,4414
66.45928072929382,4413
66.59152913093567,4412
66.72334408760071,4411
66.85471534729004,4410
66.9863018989563,4409
67.11795115470886,4408
67.24901747703552,4407
67.38039803504944,4406
67.51466846466064,4405
67.65450263023376,4404
67.80199527740479,4403
67.94851016998291,4402
68.09564995765686,4401
68.24312281608582,4400
68.39064359664917,4399
68.53742599487305,4398
68.68419456481934,4397
68.83189916610718,4396
68.9793348312378,4395
69.1261637210846,4394
69.27158045768738,4393
69.41645336151123,4392
69.5642523765564,4391
69.71081471443176,4390
69.8576307296753,4389
70.00515151023865,4388
70.15258264541626,4387
70.29943823814392,4386
70.44658732414246,4385
70.59373593330383,4384
70.74133801460266,4383
70.8886444568634,4382
71.03574705123901,4381
71.18079829216003,4380
71.32780575752258,4379
71.4636001586914,4378
71.59885859489441,4377
71.73397326469421,4376
71.86966943740845,4375
72.00592565536499,4374
72.14143562316895,4373
72.275808095932,4372
72.41001558303833,4371
72.54588150978088,4370
72.68208718299866,4369
72.81762051582336,4368
72.95345091819763,4367
73.09009790420532,4366
73.22666835784912,4365
73.3597686290741,4364
73.49568057060242,4363
73.63306879997253,4362
73.7673704624176,4361
73.8965106010437,4360
74.0275011062622,4359
74.1584849357605,4358
74.2903208732605,4357
74.41936826705933,4356
74.54806160926819,4355
74.67861986160278,4354
74.80927014350891,4353
74.9402813911438,4352
75.0714213848114,4351
75.20229840278625,4350
75.33475947380066,4349
75.46783757209778,4348
75.60113596916199,4347
75.734299659729,4346
75.86300778388977,4345
75.99116349220276,4344
76.1195878982544,4343
76.24843263626099,4342
76.37678360939026,4341
76.5065643787384,4340
76.63656735420227,4339
76.76717829704285,4338
76.89633297920227,4337
77.02757143974304,4336
77.15952110290527,4335
77.2921793460846,4334
77.42627668380737,4333
77.5609700679779,4332
77.69803524017334,4331
77.83426523208618,4330
77.96886467933655,4329
78.10346126556396,4328
78.23825287818909,4327
78.3726372718811,4326
78.50784921646118,4325
78.64299440383911,4324
78.77956342697144,4323
78.91439819335938,4322
79.0501160621643,4321
79.1867733001709,4320
79.32317328453064,4319
79.46416521072388,4318
79.61151170730591,4317
79.75940537452698,4316
79.90583419799805,4315
80.05209493637085,4314
80.19888639450073,4313
80.34661984443665,4312
80.49348735809326,4311
80.63985586166382,4310
80.78650522232056,4309
80.9337477684021,4308
81.08087301254272,4307
81.22766041755676,4306
81.37398791313171,4305
81.52073955535889,4304
81.66844820976257,4303
81.81519389152527,4302
81.9613790512085,4301
82.10789203643799,4300
82.25540494918823,4299
82.40283012390137,4298
82.54871726036072,4297
82.69470310211182,4296
82.84204387664795,4295
82.98977017402649,4294
83.1319305896759,4293
83.26704168319702,4292
83.40251994132996,4291
83.53826856613159,4290
83.67397880554199,4289
83.80937314033508,4288
83.94478678703308,4287
84.08032131195068,4286
84.21614074707031,4285
84.35183119773865,4284
84.48726177215576,4283
84.62073493003845,4282
84.75663113594055,4281
84.89214992523193,4280
85.02769064903259,4279
85.15992736816406,4278
85.29731369018555,4277
85.43258810043335,4276
85.56421303749084,4275
85.69363737106323,4274
85.82502627372742,4273
85.95605754852295,4272
86.08635783195496,4271
86.21579647064209,4270
86.34481525421143,4269
86.4753201007843,4268
86.60508322715759,4267
86.73416233062744,4266
86.86617922782898,4265
87.00256013870239,4264
87.1378288269043,4263
87.27118921279907,4262
87.40211820602417,4261
87.53523921966553,4260
87.66469502449036,4259
87.79520201683044,4258
87.92477798461914,4257
88.05471992492676,4256
88.18510460853577,4255
88.31541800498962,4254
88.4450273513794,4253
88.57461333274841,4252
88.70451164245605,4251
88.83657574653625,4250
88.97213459014893,4249
89.09934568405151,4248
89.22796630859375,4247
89.35671663284302,4246
89.48214101791382,4245
89.60738205909729,4244
89.73509764671326,4243
89.86610531806946,4242
89.99718236923218,4241
90.12742638587952,4240
90.2609474658966,4239
90.39235639572144,4238
90.52332973480225,4237
90.65502452850342,4236
90.79010605812073,4235
90.92369103431702,4234
91.04953861236572,4233
91.17496752738953,4232
91.31008815765381,4231
91.43220782279968,4230
91.55334305763245,4229
91.67732071876526,4228
91.80602598190308,4227
91.93233227729797,4226
92.05760717391968,4225
92.1852035522461,4224
92.31023573875427,4223
92.43553042411804,4222
92.56057167053223,4221
92.68900918960571,4220
92.82156872749329,4219
92.95326280593872,4218
93.08717322349548,4217
93.22573828697205,4216
93.36836385726929,4215
93.50313639640808,4214
93.64143538475037,4213
93.7809534072876,4212
93.91753339767456,4211
94.05204916000366,4210
94.1854178905487,4209
94.32058095932007,4208
94.45339584350586,4207
94.58469676971436,4206
94.71854972839355,4205
94.85773921012878,4204
95.00201106071472,4203
95.13854551315308,4202
95.27500367164612,4201
95.41385674476624,4200
95.55100154876709,4199
95.68624114990234,4198
95.81940793991089,4197
95.9535653591156,4196
96.08717131614685,4195
96.21861529350281,4194
96.35234951972961,4193
96.49136972427368,4192
96.63665199279785,4191
96.77787375450134,4190
96.91432571411133,4189
97.0566885471344,4188
97.19328308105469,4187
97.33240818977356,4186
97.46805787086487,4185
97.60382151603699,4184
97.739670753479,4183
97.87292647361755,4182
98.00444483757019,4181
98.13511157035828,4180
98.26827001571655,4179
98.40051579475403,4178
98.5291953086853,4177
98.66203570365906,4176
98.7924599647522,4175
98.92229199409485,4174
99.05000424385071,4173
99.17875218391418,4172
99.30729103088379,4171
99.43366885185242,4170
99.56086611747742,4169
99.69149827957153,4168
99.8261296749115,4167
99.96013593673706,4166
100.0897741317749,4165
100.22185134887695,4164
100.35564994812012,4163
100.48464250564575,4162
100.61225533485413,4161
100.74055600166321,4160
100.86764669418335,4159
100.99362373352051,4158
101.12033081054688,4157
101.25045466423035,4156
101.38382816314697,4155
101.51508569717407,4154
101.64670252799988,4153
101.78052020072937,4152
101.91612792015076,4151
102.04899883270264,4150
102.17626857757568,4149
102.3039608001709,4148
102.43280148506165,4147
102.55983138084412,4146
102.68626165390015,4145
102.81467294692993,4144
102.94649600982666,4143
103.08146142959595,4142
103.21451091766357,4141
103.35211372375488,4140
103.4872350692749,4139
103.61599445343018,4138
103.74445128440857,4137
103.87426328659058,4136
104.00754117965698,4135
104.13722538948059,4134
104.271737575531,4133
104.41163945198059,4132
104.55612754821777,4131
104.70090675354004,4130
104.8424391746521,4129
104.98863887786865,4128
105.13481402397156,4127
105.2701256275177,4126
105.40508317947388,4125
105.54197359085083,4124
105.67683219909668,4123
105.80951404571533,4122
105.9440004825592,4121
106.08297276496887,4120
106.22773504257202,4119
106.37251424789429,4118
106.51489925384521,4117
106.65579152107239,4116
106.80132818222046,4115
106.93656778335571,4114
107.07250380516052,4113
107.20824861526489,4112
107.3420181274414,4111
107.47469472885132,4110
107.61091423034668,4109
107.751544713974,4108
107.89657092094421,4107
108.0407121181488,4106
108.18441009521484,4105
108.33062529563904,4104
108.47467565536499,4103
108.60858488082886,4102
108.74576592445374,4101
108.88269710540771,4100
109.016441822052,4099
109.14881634712219,4098
109.28383016586304,4097
109.42451047897339,4096
109.5687153339386,4095
109.70119714736938,4094
109.83511567115784,4093
109.9705696105957,4092
110.1057641506195,4091
110.23242950439453,4090
110.36102390289307,4089
110.48951888084412,4088
110.61582469940186,4087
110.74164724349976,4086
110.86974024772644,4085
111.00104665756226,4084
111.13564252853394,4083
111.26757621765137,4082
111.40378308296204,4081
111.5393078327179,4080
111.67154812812805,4079
111.79630827903748,4078
111.92604374885559,4077
112.05429339408875,4076
112.17982721328735,4075
112.30545902252197,4074
112.43333625793457,4073
112.5642204284668,4072
112.69821572303772,4071
112.82972383499146,4070
112.96403074264526,4069
113.0983772277832,4068
113.22833847999573,4067
113.3572347164154,4066
113.48594999313354,4065
113.61441230773926,4064
113.74130249023438,4063
113.86841940879822,4062
113.99921751022339,4061
114.13249802589417,4060
114.26863741874695,4059
114.40149855613708,4058
114.53891968727112,4057
114.67626619338989,4056
114.80658388137817,4055
114.93493008613586,4054
115.06500339508057,4053
115.19550728797913,4052
115.32282042503357,4051
115.44944381713867,4050
115.57797980308533,4049
115.71069622039795,4048
115.84933114051819,4047
115.98025631904602,4046
116.11243605613708,4045
116.2475061416626,4044
116.38054823875427,4043
116.51427507400513,4042
116.64184856414795,4041
116.76749157905579,4040
116.89421224594116,4039
117.02117705345154,4038
117.15096735954285,4037
117.28248763084412,4036
117.41718220710754,4035
117.5497179031372,4034
117.68566536903381,4033
117.8238730430603,4032
117.96219968795776,4031
118.08679962158203,4030
118.21248841285706,4029
118.33833575248718,4028
118.46062564849854,4027
118.58364748954773,4026
118.7096312046051,4025
118.8386857509613,4024
118.96989345550537,4023
119.09827065467834,4022
119.23350691795349,4021
119.37630724906921,4020
119.51728439331055,4019
119.65103387832642,4018
119.78635239601135,4017
119.92338609695435,4016
120.05683875083923,4015
120.18983745574951,4014
120.32552361488342,4013
120.46604895591736,4012
120.61165881156921,4011
120.75683951377869,4010
120.89937257766724,4009
121.04412579536438,4008
121.1889100074768,4007
121.32555484771729,4006
121.46105241775513,4005
121.59695768356323,4004
121.73125839233398,4003
121.86169743537903,4002
121.99422907829285,4001
122.13173246383667,4000
122.2731580734253,3999
122.41958785057068,3998
122.55948686599731,3997
122.69375443458557,3996
122.8284170627594,3995
122.9627115726471,3994
123.09629559516907,3993
123.23012661933899,3992
123.36350178718567,3991
123.49674463272095,3990
123.63002848625183,3989
123.76270890235901,3988
123.90249276161194,3987
124.04114508628845,3986
124.17188549041748,3985
124.30211973190308,3984
124.43246364593506,3983
124.56109380722046,3982
124.68630647659302,3981
124.81135821342468,3980
124.93659257888794,3979
125.06254863739014,3978
125.18879532814026,3977
125.31636595726013,3976
125.45111393928528,3975
125.58601641654968,3974
125.72113823890686,3973
125.8561327457428,3972
125.99101710319519,3971
126.12634587287903,3970
126.26178979873657,3969
126.39698195457458,3968
126.53179144859314,3967
126.6658546924591,3966
126.79905271530151,3965
126.93801021575928,3964
127.07281255722046,3963
127.20779156684875,3962
127.34286427497864,3961
127.47849702835083,3960
127.61378169059753,3959
127.7481541633606,3958
127.88306427001953,3957
128.0184006690979,3956
128.15363264083862,3955
128.2893579006195,3954
128.42295217514038,3953
128.5589361190796,3952
128.69511795043945,3951
128.8310832977295,3950
128.96644949913025,3949
129.10168051719666,3948
129.23608088493347,3947
129.37107229232788,3946
129.50551891326904,3945
129.64018607139587,3944
129.77500700950623,3943
129.91061854362488,3942
130.0482771396637,3941
130.1829617023468,3940
130.31732273101807,3939
130.45176029205322,3938
130.58401823043823,3937
130.71696758270264,3936
130.8525779247284,3935
130.9884967803955,3934
131.12436938285828,3933
131.26011967658997,3932
131.39575719833374,3931
131.53083443641663,3930
131.66494703292847,3929
131.79791855812073,3928
131.93324255943298,3927
132.0681188106537,3926
132.20311617851257,3925
132.33778834342957,3924
132.4731686115265,3923
132.60845589637756,3922
132.74351024627686,3921
132.8818323612213,3920
133.01753854751587,3919
133.15184378623962,3918
133.28590726852417,3917
133.4207170009613,3916
133.5548074245453,3915
133.68913412094116,3914
133.82348203659058,3913
133.95750260353088,3912
134.09216785430908,3911
134.22760891914368,3910
134.3617479801178,3909
134.49703431129456,3908
134.63254761695862,3907
134.76766967773438,3906
134.90276098251343,3905
135.03830742835999,3904
135.17130827903748,3903
135.30493140220642,3902
135.43864274024963,3901
135.57222199440002,3900
135.70593333244324,3899
135.8389503955841,3898
135.96785759925842,3897
136.09903025627136,3896
136.2355728149414,3895
136.37023615837097,3894
136.50440192222595,3893
136.63599824905396,3892
136.76836967468262,3891
136.90300512313843,3890
137.03736448287964,3889
137.17209601402283,3888
137.30716180801392,3887
137.44268679618835,3886
137.57800698280334,3885
137.7131986618042,3884
137.8483784198761,3883
137.9840521812439,3882
138.12004613876343,3881
138.2580156326294,3880
138.39284467697144,3879
138.52746295928955,3878
138.66248226165771,3877
138.79727292060852,3876
138.93143582344055,3875
139.0656123161316,3874
139.20058465003967,3873
139.33588290214539,3872
139.47039818763733,3871
139.60451316833496,3870
139.7393102645874,3869
139.87482857704163,3868
140.01035380363464,3867
140.14459371566772,3866
140.27924346923828,3865
140.41455388069153,3864
140.55037641525269,3863
140.68523001670837,3862
140.8197946548462,3861
140.95430374145508,3860
141.08985209465027,3859
141.22593331336975,3858
141.36039447784424,3857
141.4952871799469,3856
141.62818908691406,3855
141.76177382469177,3854
141.89302349090576,3853
142.01956844329834,3852
142.14833974838257,3851
142.2774338722229,3850
142.4037799835205,3849
142.5306158065796,3848
142.66162824630737,3847
142.79611253738403,3846
142.92725038528442,3845
143.06043648719788,3844
143.19465827941895,3843
143.3273570537567,3842
143.45999431610107,3841
143.59123969078064,3840
143.7244176864624,3839
143.85744214057922,3838
143.98990058898926,3837
144.12268614768982,3836
144.25923085212708,3835
144.38423800468445,3834
144.50909757614136,3833
144.63379859924316,3832
144.75859427452087,3831
144.8835780620575,3830
145.00796627998352,3829
145.13257217407227,3828
145.25723361968994,3827
145.38181853294373,3826
145.50914001464844,3825
145.63996362686157,3824
145.77405738830566,3823
145.9080789089203,3822
146.0419545173645,3821
146.1757833957672,3820
146.31014609336853,3819
146.44380497932434,3818
146.57481360435486,3817
146.70886301994324,3816
146.84262585639954,3815
146.97626566886902,3814
147.1099350452423,3813
147.24507069587708,3812
147.3794243335724,3811
147.51509952545166,3810
147.6504487991333,3809
147.78255248069763,3808
147.91800999641418,3807
148.05373859405518,3806
148.18686056137085,3805
148.31891655921936,3804
148.45414400100708,3803
148.59555673599243,3802
148.73612260818481,3801
148.87189269065857,3800
149.01173543930054,3799
149.1502058506012,3798
149.28713297843933,3797
149.42257714271545,3796
149.5581042766571,3795
149.6909999847412,3794
149.82340478897095,3793
149.95951509475708,3792
150.10113430023193,3791
150.2418451309204,3790
150.37712001800537,3789
150.51756501197815,3788
150.65732264518738,3787
150.79417276382446,3786
150.92200875282288,3785
151.0499336719513,3784
151.17675876617432,3783
151.3034725189209,3782
151.43180227279663,3781
151.56099557876587,3780
151.6917746067047,3779
151.82010531425476,3778
151.9515986442566,3777
152.08229231834412,3776
152.2105655670166,3775
152.3385615348816,3774
152.4673674106598,3773
152.59441208839417,3772
152.72062969207764,3771
152.84894943237305,3770
152.98216271400452,3769
153.11676955223083,3768
153.24757027626038,3767
153.3782742023468,3766
153.50835490226746,3765
153.63790345191956,3764
153.76582026481628,3763
153.8941879272461,3762
154.0211682319641,3761
154.14676213264465,3760
154.27442979812622,3759
154.4054548740387,3758
154.53938961029053,3757
154.66672945022583,3756
154.7976598739624,3755
154.92687344551086,3754
155.05740022659302,3753
155.18471813201904,3752
155.31271028518677,3751
155.43838667869568,3750
155.5637764930725,3749
155.69050002098083,3748
155.8201448917389,3747
155.9538929462433,3746
156.08480310440063,3745
156.219500541687,3744
156.34835386276245,3743
156.47337865829468,3742
156.60064697265625,3741
156.7272183895111,3740
156.8561646938324,3739
156.98840808868408,3738
157.12711095809937,3737
157.27002215385437,3736
157.40661931037903,3735
157.53964972496033,3734
157.67293667793274,3733
157.80631828308105,3732
157.93992233276367,3731
158.0728588104248,3730
158.205495595932,3729
158.3388648033142,3728
158.47230052947998,3727
158.60638046264648,3726
158.75467896461487,3725
158.88598465919495,3724
159.01698422431946,3723
159.14772963523865,3722
159.27926683425903,3721
159.41086840629578,3720
159.54195284843445,3719
159.67306542396545,3718
159.80418705940247,3717
159.93693280220032,3716
160.0724754333496,3715
160.2171492576599,3714
160.36268639564514,3713
160.50876593589783,3712
160.65610790252686,3711
160.8020462989807,3710
160.94765162467957,3709
161.09341168403625,3708
161.24044966697693,3707
161.38674569129944,3706
161.52879428863525,3705
161.67343926429749,3704
161.82050275802612,3703
161.96670937538147,3702
162.11232733726501,3701
162.25735473632812,3700
162.39021825790405,3699
162.52469444274902,3698
162.65918946266174,3697
162.79351472854614,3696
162.92769122123718,3695
163.0625503063202,3694
163.19784498214722,3693
163.3322389125824,3692
163.46648812294006,3691
163.60173535346985,3690
163.73695492744446,3689
163.8724193572998,3688
164.0072259902954,3687
164.1418490409851,3686
164.27790355682373,3685
164.4133813381195,3684
164.54820680618286,3683
164.6863145828247,3682
164.82125782966614,3681
164.9568567276001,3680
165.09251761436462,3679
165.2271909713745,3678
165.3617398738861,3677
165.4967818260193,3676
165.6278200149536,3675
165.75624799728394,3674
165.88426065444946,3673
166.01182866096497,3672
166.1478624343872,3671
166.28650975227356,3670
166.4239513874054,3669
166.55522894859314,3668
166.6863431930542,3667
166.81775546073914,3666
166.95311498641968,3665
167.08849453926086,3664
167.21990132331848,3663
167.3523850440979,3662
167.4862036705017,3661
167.61940741539001,3660
167.75105953216553,3659
167.88338780403137,3658
168.0157346725464,3657
168.14375114440918,3656
168.273588180542,3655
168.39934492111206,3654
168.52629470825195,3653
168.65402913093567,3652
168.7793824672699,3651
168.90473222732544,3650
169.03221726417542,3649
169.16293048858643,3648
169.29439640045166,3647
169.4207580089569,3646
169.54809498786926,3645
169.67742896080017,3644
169.8098270893097,3643
169.94156551361084,3642
170.07414269447327,3641
170.20659732818604,3640
170.3341052532196,3639
170.46260023117065,3638
170.59540486335754,3637
170.725768327713,3636
170.85186672210693,3635
170.97797656059265,3634
171.1027159690857,3633
171.2277171611786,3632
171.3510570526123,3631
171.4765546321869,3630
171.60407781600952,3629
171.73228693008423,3628
171.86539578437805,3627
172.00274205207825,3626
172.14852857589722,3625
172.29391479492188,3624
172.43959498405457,3623
172.58600068092346,3622
172.73264288902283,3621
172.87787985801697,3620
173.02348828315735,3619
173.16973519325256,3618
173.3159580230713,3617
173.46163892745972,3616
173.606995344162,3615
173.752543926239,3614
173.89919424057007,3613
174.04616355895996,3612
174.19084858894348,3611
174.3363697528839,3610
174.48253536224365,3609
174.62858390808105,3608
174.77460646629333,3607
174.9175398349762,3606
175.06311559677124,3605
175.20990085601807,3604
175.35573887825012,3603
175.50087809562683,3602
175.64668703079224,3601
175.79321575164795,3600
175.9391531944275,3599
176.0845205783844,3598
176.2298629283905,3597
176.3761215209961,3596
176.52259016036987,3595
176.66426062583923,3594
176.8089771270752,3593
176.95518946647644,3592
177.10149478912354,3591
177.247900724411,3590
177.39193034172058,3589
177.53696012496948,3588
177.67896246910095,3587
177.81429958343506,3586
177.94759726524353,3585
178.07560563087463,3584
178.20356249809265,3583
178.33216309547424,3582
178.46131300926208,3581
178.59739303588867,3580
178.73427438735962,3579
178.86458802223206,3578
178.9982922077179,3577
179.12857484817505,3576
179.2600703239441,3575
179.3915786743164,3574
179.52349185943604,3573
179.65497851371765,3572
179.78695726394653,3571
179.9183120727539,3570
180.04986476898193,3569
180.17804861068726,3568
180.3071129322052,3567
180.43470191955566,3566
180.5615303516388,3565
180.68871688842773,3564
180.8156967163086,3563
180.94243597984314,3562
181.06938910484314,3561
181.19623231887817,3560
181.3223626613617,3559
181.4491376876831,3558
181.57570338249207,3557
181.70278573036194,3556
181.83207774162292,3555
181.96436023712158,3554
182.09617114067078,3553
182.22874641418457,3552
182.36161828041077,3551
182.49469780921936,3550
182.6223292350769,3549
182.75259447097778,3548
182.88343048095703,3547
183.0145766735077,3546
183.14686799049377,3545
183.28197383880615,3544
183.4130835533142,3543
183.5449845790863,3542
183.67607378959656,3541
183.80365562438965,3540
183.93389010429382,3539
184.0641679763794,3538
184.1961464881897,3537
184.33005094528198,3536
184.4694426059723,3535
184.6130530834198,3534
184.74850726127625,3533
184.88866114616394,3532
185.0267207622528,3531
185.16621088981628,3530
185.30001640319824,3529
185.43518447875977,3528
185.56970810890198,3527
185.70248579978943,3526
185.83610343933105,3525
185.97484183311462,3524
186.1186535358429,3523
186.25519561767578,3522
186.39580512046814,3521
186.53310370445251,3520
186.6685585975647,3519
186.80281257629395,3518
186.93892621994019,3517
187.0728099346161,3516
187.20447874069214,3515
187.3384997844696,3514
187.4779553413391,3513
187.6231391429901,3512
187.7609419822693,3511
187.90013146400452,3510
188.03768610954285,3509
188.17790055274963,3508
188.31239795684814,3507
188.44716143608093,3506
188.5817151069641,3505
188.71410703659058,3504
188.8480577468872,3503
188.98754501342773,3502
189.13064074516296,3501
189.27022528648376,3500
189.4155604839325,3499
189.55117344856262,3498
189.68674731254578,3497
189.8162124156952,3496
189.94291424751282,3495
190.07123827934265,3494
190.19813060760498,3493
190.32340216636658,3492
190.45081734657288,3491
190.58129000663757,3490
190.71438097953796,3489
190.84529948234558,3488
190.9800844192505,3487
191.11476683616638,3486
191.24941277503967,3485
191.37654948234558,3484
191.5032479763031,3483
191.6287817955017,3482
191.75460481643677,3481
191.88179111480713,3480
192.0089716911316,3479
192.13960433006287,3478
192.2715277671814,3477
192.40263652801514,3476
192.53577375411987,3475
192.6695261001587,3474
192.80225539207458,3473
192.9295973777771,3472
193.05660724639893,3471
193.1842041015625,3470
193.31061506271362,3469
193.43727827072144,3468
193.56577968597412,3467
193.69710993766785,3466
193.82975459098816,3465
193.96308088302612,3464
194.09955644607544,3463
194.2355818748474,3462
194.3697543144226,3461
194.49707746505737,3460
194.62681126594543,3459
194.75652384757996,3458
194.88273310661316,3457
195.00918316841125,3456
195.13919639587402,3455
195.27337670326233,3454
195.40914630889893,3453
195.53976392745972,3452
195.67381501197815,3451
195.80857729911804,3450
195.93427634239197,3449
196.06149530410767,3448
196.19326162338257,3447
196.3243989944458,3446
196.45262098312378,3445
196.5784935951233,3444
196.70947790145874,3443
196.84326267242432,3442
196.97432398796082,3441
197.10850524902344,3440
197.24304008483887,3439
197.37058854103088,3438
197.49851822853088,3437
197.62426257133484,3436
197.75942635536194,3435
197.8830268383026,3434
198.00776839256287,3433
198.13544607162476,3432
198.26501607894897,3431
198.39363431930542,3430
198.52484560012817,3429
198.65520858764648,3428
198.7786147594452,3427
198.90350484848022,3426
199.03127241134644,3425
199.16039490699768,3424
199.29203534126282,3423
199.42634892463684,3422
199.5663344860077,3421
199.71083331108093,3420
199.8518030643463,3419
199.99712538719177,3418
200.14112615585327,3417
200.28080368041992,3416
200.41529631614685,3415
200.5504128932953,3414
200.68486213684082,3413
200.81701517105103,3412
200.9493956565857,3411
201.08761191368103,3410
201.22991037368774,3409
201.36980080604553,3408
201.5108859539032,3407
201.65258860588074,3406
201.79477763175964,3405
201.92821550369263,3404
202.06367373466492,3403
202.19880628585815,3402
202.33079886436462,3401
202.46258068084717,3400
202.59723615646362,3399
202.73660349845886,3398
202.8805775642395,3397
203.0199806690216,3396
203.1636505126953,3395
203.30690503120422,3394
203.4443621635437,3393
203.57736039161682,3392
203.71168613433838,3391
203.84531450271606,3390
203.9764223098755,3389
204.10809993743896,3388
204.24596309661865,3387
204.3882019519806,3386
204.5325014591217,3385
204.66401648521423,3384
204.798907995224,3383
204.93364644050598,3382
508.00624775886536,3381
