0.7191097736358643,4897
0.8481621742248535,4896
0.9805257320404053,4895
1.1124279499053955,4894
1.2419867515563965,4893
1.3711292743682861,4892
1.5014894008636475,4891
1.630523443222046,4890
1.7614085674285889,4889
1.8947482109069824,4888
2.027078151702881,4887
2.156863212585449,4886
2.2886157035827637,4885
2.418741226196289,4884
2.547701358795166,4883
2.6746368408203125,4882
2.805318593978882,4881
2.933885335922241,4880
3.0621590614318848,4879
3.1915760040283203,4878
3.3205137252807617,4877
3.4503204822540283,4876
3.581174850463867,4875
3.714341163635254,4874
3.846135139465332,4873
3.980613946914673,4872
4.111853122711182,4871
4.243074417114258,4870
4.375360012054443,4869
4.501110076904297,4868
4.632005214691162,4867
4.760860919952393,4866
4.886895656585693,4865
5.009607791900635,4864
5.138724088668823,4863
5.267943620681763,4862
5.396777391433716,4861
5.52788519859314,4860
5.661036491394043,4859
5.794833421707153,4858
5.928033113479614,4857
6.0607380867004395,4856
6.188597679138184,4855
6.319549798965454,4854
6.44954252243042,4853
6.579711437225342,4852
6.706433296203613,4851
6.8342108726501465,4850
6.9632933139801025,4849
7.090888500213623,4848
7.220000982284546,4847
7.350174427032471,4846
7.483042240142822,4845
7.614672422409058,4844
7.746557235717773,4843
7.877965211868286,4842
8.009453296661377,4841
8.137293815612793,4840
8.263989925384521,4839
8.395305395126343,4838
8.52194881439209,4837
8.650523900985718,4836
8.774295330047607,4835
8.904117822647095,4834
9.032983303070068,4833
9.163825511932373,4832
9.296178340911865,4831
9.428476333618164,4830
9.561692476272583,4829
9.69429087638855,4828
9.827659130096436,4827
9.95792531967163,4826
10.087878704071045,4825
10.217460632324219,4824
10.349266290664673,4823
10.475020408630371,4822
10.604491472244263,4821
10.73397183418274,4820
10.864610433578491,4819
10.996796369552612,4818
11.129986047744751,4817
11.263812780380249,4816
11.396852970123291,4815
11.530926942825317,4814
11.661728858947754,4813
11.791819095611572,4812
11.921144962310791,4811
12.049895286560059,4810
12.17645788192749,4809
12.304358005523682,4808
12.43269681930542,4807
12.56041932106018,4806
12.693052053451538,4805
12.826964616775513,4804
12.957131147384644,4803
13.08784794807434,4802
13.21950888633728,4801
13.348730564117432,4800
13.479480743408203,4799
13.609875679016113,4798
13.740211963653564,4797
13.867323637008667,4796
13.993144273757935,4795
14.122491121292114,4794
14.251415729522705,4793
14.38097858428955,4792
14.512248992919922,4791
14.644905090332031,4790
14.774463891983032,4789
14.902018547058105,4788
15.031428575515747,4787
15.159092426300049,4786
15.287235260009766,4785
15.416994333267212,4784
15.54565691947937,4783
15.675536870956421,4782
15.805451393127441,4781
15.932733058929443,4780
16.064127683639526,4779
16.191805601119995,4778
16.31612205505371,4777
16.44222068786621,4776
16.568416118621826,4775
16.693395137786865,4774
16.821959257125854,4773
16.948827028274536,4772
17.077967405319214,4771
17.20555853843689,4770
17.33424997329712,4769
17.464869260787964,4768
17.59778141975403,4767
17.72915482521057,4766
17.86032199859619,4765
17.99329423904419,4764
18.12556529045105,4763
18.258872032165527,4762
18.392269611358643,4761
18.525625467300415,4760
18.658527851104736,4759
18.79098892211914,4758
18.924702167510986,4757
19.058427333831787,4756
19.189712285995483,4755
19.321528673171997,4754
19.455132007598877,4753
19.58790898323059,4752
19.721203327178955,4751
19.852331399917603,4750
19.986002683639526,4749
20.11650776863098,4748
20.24822497367859,4747
20.381015062332153,4746
20.514299392700195,4745
20.64648461341858,4744
20.77683663368225,4743
20.909043312072754,4742
21.041565418243408,4741
21.17395520210266,4740
21.305394887924194,4739
21.439482927322388,4738
21.573230743408203,4737
21.707674980163574,4736
21.84178113937378,4735
21.975977897644043,4734
22.108720064163208,4733
22.24164080619812,4732
22.374120235443115,4731
22.50816035270691,4730
22.641645669937134,4729
22.7752468585968,4728
22.909018754959106,4727
23.04267907142639,4726
23.173522233963013,4725
23.307917594909668,4724
23.43673038482666,4723
23.565864324569702,4722
23.696503162384033,4721
23.825464725494385,4720
23.954373121261597,4719
24.082390546798706,4718
24.21240496635437,4717
24.34204387664795,4716
24.471378803253174,4715
24.59951663017273,4714
24.72711992263794,4713
24.855859518051147,4712
24.985833168029785,4711
25.113229751586914,4710
25.24499273300171,4709
25.374879837036133,4708
25.503770351409912,4707
25.633439779281616,4706
25.7613205909729,4705
25.889658212661743,4704
26.01893448829651,4703
26.14757013320923,4702
26.274683713912964,4701
26.40492081642151,4700
26.534716367721558,4699
26.661498308181763,4698
26.791940927505493,4697
26.919567823410034,4696
27.046797037124634,4695
27.176591157913208,4694
27.303627014160156,4693
27.42935609817505,4692
27.556511402130127,4691
27.68722701072693,4690
27.816070795059204,4689
27.946556329727173,4688
28.07506275177002,4687
28.204384803771973,4686
28.331671476364136,4685
28.463985204696655,4684
28.593604803085327,4683
28.724247217178345,4682
28.853009700775146,4681
28.98219585418701,4680
29.111431121826172,4679
29.24136519432068,4678
29.37069606781006,4677
29.500250101089478,4676
29.629233837127686,4675
29.762086391448975,4674
29.895612001419067,4673
30.02893614768982,4672
30.162529945373535,4671
30.293854236602783,4670
30.425605297088623,4669
30.558271408081055,4668
30.689792156219482,4667
30.823028326034546,4666
30.955288410186768,4665
31.087195873260498,4664
31.21961522102356,4663
31.352856874465942,4662
31.485069513320923,4661
31.61891269683838,4660
31.74910259246826,4659
31.882060050964355,4658
32.014692068099976,4657
32.1478328704834,4656
32.28054881095886,4655
32.41304397583008,4654
32.54666352272034,4653
32.67786169052124,4652
32.80938267707825,4651
32.942272663116455,4650
33.07499432563782,4649
33.20932650566101,4648
33.34031629562378,4647
33.4722683429718,4646
33.60461759567261,4645
33.73829507827759,4644
33.8686842918396,4643
34.000521183013916,4642
34.134002685546875,4641
34.26622748374939,4640
34.399738788604736,4639
34.533578872680664,4638
34.66469597816467,4637
34.79670596122742,4636
34.93067502975464,4635
35.063621044158936,4634
35.195581912994385,4633
35.32780122756958,4632
35.46094250679016,4631
35.59241771697998,4630
35.721795082092285,4629
35.85014581680298,4628
35.9785943031311,4627
36.10677790641785,4626
36.236995220184326,4625
36.36642074584961,4624
36.494683027267456,4623
36.62422704696655,4622
36.750375747680664,4621
36.87874674797058,4620
37.00854992866516,4619
37.13718390464783,4618
37.2652325630188,4617
37.394179344177246,4616
37.5230176448822,4615
37.65220355987549,4614
37.78134799003601,4613
37.910090923309326,4612
38.038695096969604,4611
38.17129874229431,4610
38.30000424385071,4609
38.42863345146179,4608
38.55934500694275,4607
38.68811917304993,4606
38.81653046607971,4605
38.94724202156067,4604
39.07635807991028,4603
39.204537868499756,4602
39.33522272109985,4601
39.46225070953369,4600
39.5925350189209,4599
39.72379279136658,4598
39.85345768928528,4597
39.983542919158936,4596
40.11520719528198,4595
40.24514555931091,4594
40.374526500701904,4593
40.50631785392761,4592
40.6346275806427,4591
40.76504135131836,4590
40.8948278427124,4589
41.02349257469177,4588
41.15390157699585,4587
41.28217673301697,4586
41.41119170188904,4585
41.539042711257935,4584
41.669934034347534,4583
41.799219608306885,4582
41.92648434638977,4581
42.05531406402588,4580
42.184879541397095,4579
42.31286263465881,4578
42.44325065612793,4577
42.570212602615356,4576
42.70056962966919,4575
42.830742835998535,4574
42.96092867851257,4573
43.08768582344055,4572
43.21915364265442,4571
43.35063076019287,4570
43.47744798660278,4569
43.60455679893494,4568
43.734421253204346,4567
43.86094617843628,4566
43.985689878463745,4565
44.11317324638367,4564
44.24234652519226,4563
44.36995816230774,4562
44.49655485153198,4561
44.62413454055786,4560
44.75490069389343,4559
44.884915351867676,4558
45.01505899429321,4557
45.14700651168823,4556
45.2771852016449,4555
45.406383752822876,4554
45.535069942474365,4553
45.66260123252869,4552
45.792099952697754,4551
45.91954326629639,4550
46.04816675186157,4549
46.174981117248535,4548
46.304882526397705,4547
46.43570160865784,4546
46.56480002403259,4545
46.695955753326416,4544
46.827529191970825,4543
46.95499277114868,4542
47.08406162261963,4541
47.21259665489197,4540
47.34002494812012,4539
47.46708416938782,4538
47.59432792663574,4537
47.72229027748108,4536
47.84848427772522,4535
47.97732877731323,4534
48.11016130447388,4533
48.23901581764221,4532
48.36623811721802,4531
48.49580121040344,4530
48.62556290626526,4529
48.754414558410645,4528
48.88492941856384,4527
49.01015567779541,4526
49.138097286224365,4525
49.26618814468384,4524
49.392629623413086,4523
49.51853632926941,4522
49.647796869277954,4521
49.78086709976196,4520
49.91347098350525,4519
50.040576457977295,4518
50.171828746795654,4517
50.30106329917908,4516
50.43068766593933,4515
50.55999445915222,4514
50.69004726409912,4513
50.818687200546265,4512
50.946794509887695,4511
51.07559823989868,4510
51.20103359222412,4509
51.33107900619507,4508
51.465089321136475,4507
51.59825587272644,4506
51.72995972633362,4505
51.8633873462677,4504
51.99372959136963,4503
52.117592573165894,4502
52.24811029434204,4501
52.378145933151245,4500
52.50724124908447,4499
52.63463878631592,4498
52.764484882354736,4497
52.89207673072815,4496
53.02354955673218,4495
53.15531134605408,4494
53.28240990638733,4493
53.41132307052612,4492
53.53999328613281,4491
53.67020869255066,4490
53.79974174499512,4489
53.929657220840454,4488
54.058374643325806,4487
54.187615394592285,4486
54.31643319129944,4485
54.44953632354736,4484
54.57695150375366,4483
54.69970965385437,4482
54.822673082351685,4481
54.945531368255615,4480
55.06918811798096,4479
55.192644357681274,4478
55.32048726081848,4477
55.44378614425659,4476
55.56900763511658,4475
55.69305968284607,4474
55.825199842453,4473
55.9574716091156,4472
56.090057373046875,4471
56.22266483306885,4470
56.35477662086487,4469
56.487136125564575,4468
56.61687994003296,4467
56.74993681907654,4466
56.88247489929199,4465
57.01479768753052,4464
57.14806771278381,4463
57.28088092803955,4462
57.41169571876526,4461
57.544044494628906,4460
57.67685627937317,4459
57.80769324302673,4458
57.939523696899414,4457
58.0718514919281,4456
58.203548431396484,4455
58.333595275878906,4454
58.46597957611084,4453
58.59834957122803,4452
58.73045492172241,4451
58.86283349990845,4450
58.99477696418762,4449
59.12744951248169,4448
59.25961518287659,4447
59.3919038772583,4446
59.522812843322754,4445
59.653656244277954,4444
59.78682613372803,4443
59.91689419746399,4442
60.047117948532104,4441
60.17943453788757,4440
60.31234049797058,4439
60.44405746459961,4438
60.57625961303711,4437
60.70985245704651,4436
60.842124462127686,4435
60.97312378883362,4434
61.105377197265625,4433
61.23633408546448,4432
61.36963248252869,4431
61.50322127342224,4430
61.63438582420349,4429
61.762959241867065,4428
61.89369440078735,4427
62.02033066749573,4426
62.14886283874512,4425
62.27722692489624,4424
62.407124280929565,4423
62.534501791000366,4422
62.66403365135193,4421
62.793973445892334,4420
62.92143940925598,4419
63.049474239349365,4418
63.177781105041504,4417
63.30754375457764,4416
63.43675994873047,4415
63.56746530532837,4414
63.69377017021179,4413
63.823190450668335,4412
63.95334434509277,4411
64.08220839500427,4410
64.21287608146667,4409
64.3434407711029,4408
64.472332239151,4407
64.60130548477173,4406
64.73107862472534,4405
64.8591890335083,4404
64.98945021629333,4403
65.11806750297546,4402
65.2472231388092,4401
65.37414145469666,4400
65.50289177894592,4399
65.63182330131531,4398
65.75974798202515,4397
65.88723397254944,4396
66.01438403129578,4395
66.14444375038147,4394
66.27148699760437,4393
66.39894390106201,4392
66.52464151382446,4391
66.65367794036865,4390
66.78116798400879,4389
66.91042232513428,4388
67.03706002235413,4387
67.16614556312561,4386
67.29560399055481,4385
67.42419266700745,4384
67.55342483520508,4383
67.68219590187073,4382
67.81123113632202,4381
67.94312024116516,4380
68.0728907585144,4379
68.20495057106018,4378
68.33692145347595,4377
68.46914482116699,4376
68.59946036338806,4375
68.73280334472656,4374
68.8648636341095,4373
68.9965398311615,4372
69.12954235076904,4371
69.26309418678284,4370
69.39586687088013,4369
69.52880573272705,4368
69.66132593154907,4367
69.79092311859131,4366
69.92120933532715,4365
70.05414533615112,4364
70.18612670898438,4363
70.31856298446655,4362
70.45006942749023,4361
70.58184242248535,4360
70.71356225013733,4359
70.84633660316467,4358
70.97855114936829,4357
71.11028623580933,4356
71.24306154251099,4355
71.37502479553223,4354
71.50649094581604,4353
71.63902568817139,4352
71.77103447914124,4351
71.90079236030579,4350
72.03287553787231,4349
72.16404891014099,4348
72.29469108581543,4347
72.42667126655579,4346
72.55932450294495,4345
72.69186186790466,4344
72.823233127594,4343
72.95403933525085,4342
73.0859477519989,4341
73.21776294708252,4340
73.35012459754944,4339
73.48254537582397,4338
73.61419677734375,4337
73.74662327766418,4336
73.8779468536377,4335
74.00533032417297,4334
74.13401365280151,4333
74.26218724250793,4332
74.39202809333801,4331
74.51833534240723,4330
74.64658856391907,4329
74.77512574195862,4328
74.90446591377258,4327
75.03263354301453,4326
75.16299748420715,4325
75.29050970077515,4324
75.4190502166748,4323
75.54825806617737,4322
75.67709231376648,4321
75.80459403991699,4320
75.93220663070679,4319
76.06225252151489,4318
76.19042301177979,4317
76.31901669502258,4316
76.44800400733948,4315
76.57653856277466,4314
76.7054545879364,4313
76.83403897285461,4312
76.96254992485046,4311
77.09117579460144,4310
77.22102880477905,4309
77.35082149505615,4308
77.4800636768341,4307
77.60653281211853,4306
77.73591685295105,4305
77.86477899551392,4304
77.9929530620575,4303
78.12093949317932,4302
78.2484564781189,4301
78.37700176239014,4300
78.50440716743469,4299
78.63165545463562,4298
78.75918912887573,4297
78.88830065727234,4296
79.01663160324097,4295
79.14510178565979,4294
79.27413249015808,4293
79.40000247955322,4292
79.5278468132019,4291
79.65620708465576,4290
79.78413486480713,4289
79.91022872924805,4288
80.03875184059143,4287
80.16451907157898,4286
80.2926082611084,4285
80.42252516746521,4284
80.54780650138855,4283
80.67457246780396,4282
80.8013060092926,4281
80.9295380115509,4280
81.05690479278564,4279
81.18677401542664,4278
81.31349492073059,4277
81.44284749031067,4276
81.5733814239502,4275
81.70460629463196,4274
81.83163356781006,4273
81.95996379852295,4272
82.08697199821472,4271
82.21524596214294,4270
82.34101390838623,4269
82.46902751922607,4268
82.59707474708557,4267
82.72239065170288,4266
82.84930324554443,4265
82.97609281539917,4264
83.10347557067871,4263
83.23380875587463,4262
83.36499786376953,4261
83.49325966835022,4260
83.62459063529968,4259
83.75713539123535,4258
83.88518953323364,4257
84.01236414909363,4256
84.14333653450012,4255
84.27000141143799,4254
84.39882063865662,4253
84.52920031547546,4252
84.65688347816467,4251
84.78388571739197,4250
84.91172766685486,4249
85.04284286499023,4248
85.17180681228638,4247
85.30185413360596,4246
85.43065810203552,4245
85.56226086616516,4244
85.69099998474121,4243
85.82068371772766,4242
85.9483368396759,4241
86.07596373558044,4240
86.2017114162445,4239
86.331050157547,4238
86.45868849754333,4237
86.58600616455078,4236
86.71488809585571,4235
86.84299564361572,4234
86.97180557250977,4233
87.10263156890869,4232
87.2337896823883,4231
87.3608295917511,4230
87.49260258674622,4229
87.62331080436707,4228
87.7529833316803,4227
87.88094019889832,4226
88.00655937194824,4225
88.13419532775879,4224
88.26408696174622,4223
88.39133739471436,4222
88.51607251167297,4221
88.64377880096436,4220
88.7726538181305,4219
88.90193891525269,4218
89.03297567367554,4217
89.1601026058197,4216
89.28900480270386,4215
89.41922044754028,4214
89.54741311073303,4213
89.67482233047485,4212
89.80037689208984,4211
89.92712879180908,4210
90.0562424659729,4209
90.18221092224121,4208
90.30801010131836,4207
90.4338686466217,4206
90.56213068962097,4205
90.68993782997131,4204
90.81946063041687,4203
90.94902920722961,4202
91.07974457740784,4201
91.21043825149536,4200
91.33840870857239,4199
91.46231317520142,4198
91.58914375305176,4197
91.71664619445801,4196
91.84400272369385,4195
91.97059750556946,4194
92.09387683868408,4193
92.22237086296082,4192
92.35234427452087,4191
92.48260116577148,4190
92.61346626281738,4189
92.74502968788147,4188
92.8727765083313,4187
92.99903297424316,4186
93.1294355392456,4185
93.25487756729126,4184
93.38084435462952,4183
93.50816249847412,4182
93.63207125663757,4181
93.75793719291687,4180
93.88657355308533,4179
94.01951360702515,4178
94.15037536621094,4177
94.28078484535217,4176
94.41213965415955,4175
94.53882789611816,4174
94.66906142234802,4173
94.7987494468689,4172
94.92772102355957,4171
95.05293726921082,4170
95.18228936195374,4169
95.31005263328552,4168
95.43971872329712,4167
95.57202076911926,4166
95.70357251167297,4165
95.83628010749817,4164
95.96480870246887,4163
96.09278178215027,4162
96.22247195243835,4161
96.34813117980957,4160
96.47520112991333,4159
96.60140252113342,4158
96.73112773895264,4157
96.86063361167908,4156
96.99390029907227,4155
97.12620806694031,4154
97.25606417655945,4153
97.38555812835693,4152
97.51467752456665,4151
97.64447259902954,4150
97.77195882797241,4149
97.90044355392456,4148
98.02573609352112,4147
98.15055918693542,4146
98.28136658668518,4145
98.4121081829071,4144
98.54398703575134,4143
98.67424631118774,4142
98.80634880065918,4141
98.93126106262207,4140
99.06012344360352,4139
99.18908977508545,4138
99.31812453269958,4137
99.4464750289917,4136
99.5714704990387,4135
99.69711112976074,4134
99.8241560459137,4133
99.9535620212555,4132
100.083331823349,4131
100.21385264396667,4130
100.34266519546509,4129
100.47346353530884,4128
100.59912657737732,4127
100.72545433044434,4126
100.8526861667633,4125
100.97839689254761,4124
101.104807138443,4123
101.23040533065796,4122
101.35847902297974,4121
101.48818159103394,4120
101.61841654777527,4119
101.75011897087097,4118
101.87884640693665,4117
102.00888729095459,4116
102.13629126548767,4115
102.26216220855713,4114
102.38625884056091,4113
102.50907945632935,4112
102.63403487205505,4111
102.75870060920715,4110
102.88350534439087,4109
103.01023173332214,4108
103.13984298706055,4107
103.26963543891907,4106
103.3999834060669,4105
103.5278103351593,4104
103.65140295028687,4103
103.78125238418579,4102
103.9086582660675,4101
104.03305220603943,4100
104.16073369979858,4099
104.28830885887146,4098
104.41754841804504,4097
104.5491075515747,4096
104.67825865745544,4095
104.8090546131134,4094
104.93762278556824,4093
105.06488394737244,4092
105.19349312782288,4091
105.32153677940369,4090
105.45116662979126,4089
105.57847595214844,4088
105.70189595222473,4087
105.83031988143921,4086
105.95788383483887,4085
106.08938026428223,4084
106.2213294506073,4083
106.35199928283691,4082
106.48285388946533,4081
106.6116874217987,4080
106.74046468734741,4079
106.86911273002625,4078
106.99794483184814,4077
107.12542724609375,4076
107.25121331214905,4075
107.37802743911743,4074
107.50683641433716,4073
107.63972091674805,4072
107.77045583724976,4071
107.90060877799988,4070
108.03224587440491,4069
108.15884280204773,4068
108.28746294975281,4067
108.4141411781311,4066
108.54370903968811,4065
108.66957020759583,4064
108.79687356948853,4063
108.9245274066925,4062
109.05301713943481,4061
109.18597388267517,4060
109.31699132919312,4059
109.44933795928955,4058
109.57864093780518,4057
109.7065041065216,4056
109.83729958534241,4055
109.96498417854309,4054
110.09282398223877,4053
110.21865963935852,4052
110.34798908233643,4051
110.47462797164917,4050
110.60567903518677,4049
110.73633575439453,4048
110.8665099143982,4047
110.99743270874023,4046
111.12514972686768,4045
111.25086379051208,4044
111.37572646141052,4043
111.4990918636322,4042
111.62567162513733,4041
111.74786329269409,4040
111.87326717376709,4039
111.99684238433838,4038
112.12080240249634,4037
112.2433090209961,4036
112.3652572631836,4035
112.48742771148682,4034
112.60845685005188,4033
112.72981429100037,4032
112.8518898487091,4031
112.97493886947632,4030
113.09815526008606,4029
113.21901321411133,4028
113.33909106254578,4027
113.46000266075134,4026
113.58317184448242,4025
113.70570993423462,4024
113.82595252990723,4023
113.94474029541016,4022
114.06622171401978,4021
114.18664240837097,4020
114.30495166778564,4019
114.42539525032043,4018
114.54576420783997,4017
114.66560292243958,4016
114.7838704586029,4015
114.90347385406494,4014
115.02733206748962,4013
115.15090537071228,4012
115.27367925643921,4011
115.39369440078735,4010
115.51432490348816,4009
115.63929724693298,4008
115.76033139228821,4007
115.879802942276,4006
116.00486874580383,4005
116.12932658195496,4004
116.25205683708191,4003
116.37714862823486,4002
116.50113821029663,4001
116.62096667289734,4000
116.74806451797485,3999
116.87351393699646,3998
116.99739241600037,3997
117.12167191505432,3996
117.24913954734802,3995
117.37072443962097,3994
117.49553847312927,3993
117.62174224853516,3992
117.74516892433167,3991
117.86786460876465,3990
117.99276351928711,3989
118.11752772331238,3988
118.23940634727478,3987
118.36380624771118,3986
118.48817586898804,3985
118.61289143562317,3984
118.73623371124268,3983
118.86314415931702,3982
118.98584985733032,3981
119.11094546318054,3980
119.23542618751526,3979
119.35849094390869,3978
119.48467803001404,3977
119.61037969589233,3976
119.73385214805603,3975
119.85752582550049,3974
119.98377799987793,3973
120.10642409324646,3972
120.23140931129456,3971
120.3583071231842,3970
120.48430967330933,3969
120.60713982582092,3968
120.73160982131958,3967
120.85388851165771,3966
120.97434902191162,3965
121.10241413116455,3964
121.22500348091125,3963
121.35064482688904,3962
121.47422409057617,3961
121.60135006904602,3960
121.7215678691864,3959
121.84372019767761,3958
121.9682502746582,3957
122.09127044677734,3956
122.21699285507202,3955
122.34311389923096,3954
122.46888208389282,3953
122.5921196937561,3952
122.71589660644531,3951
122.83983039855957,3950
122.96339082717896,3949
123.08679556846619,3948
123.21131491661072,3947
123.33544254302979,3946
123.45867466926575,3945
123.58094644546509,3944
123.70044279098511,3943
123.82059383392334,3942
123.94448328018188,3941
124.06612658500671,3940
124.1900246143341,3939
124.3108057975769,3938
124.42987585067749,3937
124.55062079429626,3936
124.66990423202515,3935
124.79243850708008,3934
124.91026020050049,3933
125.03317356109619,3932
125.15160703659058,3931
125.27306032180786,3930
125.39188504219055,3929
125.51016163825989,3928
125.63162398338318,3927
125.75149893760681,3926
125.87152028083801,3925
125.9914197921753,3924
126.11492490768433,3923
126.23466968536377,3922
126.35761547088623,3921
126.4849944114685,3920
126.60700368881226,3919
126.72934913635254,3918
126.85406041145325,3917
126.97730231285095,3916
127.10279440879822,3915
127.22653841972351,3914
127.35067343711853,3913
127.47109484672546,3912
127.59724283218384,3911
127.72077894210815,3910
127.84358930587769,3909
127.97005987167358,3908
128.0935573577881,3907
128.2174198627472,3906
128.34179973602295,3905
128.4658489227295,3904
128.58622479438782,3903
128.70917463302612,3902
128.8352301120758,3901
128.95933747291565,3900
129.08266258239746,3899
129.20780611038208,3898
129.33149003982544,3897
129.4530680179596,3896
129.57909083366394,3895
129.70065355300903,3894
129.8256652355194,3893
129.94858169555664,3892
130.07268381118774,3891
130.1946566104889,3890
130.31941628456116,3889
130.44513320922852,3888
130.56486630439758,3887
130.69042778015137,3886
130.81531310081482,3885
130.94090819358826,3884
131.06406903266907,3883
131.19061875343323,3882
131.31208109855652,3881
131.4350461959839,3880
131.5613021850586,3879
131.6830496788025,3878
131.8070032596588,3877
131.93232703208923,3876
132.05699276924133,3875
132.17852973937988,3874
132.30421376228333,3873
132.42616748809814,3872
132.55019068717957,3871
132.6748821735382,3870
132.80065059661865,3869
132.92215538024902,3868
133.04522156715393,3867
133.1704821586609,3866
133.2946240901947,3865
133.41723132133484,3864
133.5413076877594,3863
133.6641697883606,3862
133.78892922401428,3861
133.9124400615692,3860
134.0340232849121,3859
134.15817165374756,3858
134.28053522109985,3857
134.4031846523285,3856
134.5254945755005,3855
134.64861917495728,3854
134.76870584487915,3853
134.88701105117798,3852
135.00968837738037,3851
135.12986946105957,3850
135.2502884864807,3849
135.37045574188232,3848
135.4904956817627,3847
135.61258912086487,3846
135.73258304595947,3845
135.85347533226013,3844
135.9736294746399,3843
136.09416508674622,3842
136.21653532981873,3841
136.33606243133545,3840
136.4575071334839,3839
136.57692432403564,3838
136.69515347480774,3837
136.8123016357422,3836
136.92970848083496,3835
137.05172896385193,3834
137.17208623886108,3833
137.2975513935089,3832
137.41956400871277,3831
137.54479026794434,3830
137.66929125785828,3829
137.7946858406067,3828
137.9138081073761,3827
138.03828954696655,3826
138.16415762901306,3825
138.28636574745178,3824
138.41090536117554,3823
138.53644514083862,3822
138.66043543815613,3821
138.78331112861633,3820
138.9077639579773,3819
139.02971029281616,3818
139.15266227722168,3817
139.27840399742126,3816
139.40333485603333,3815
139.5247700214386,3814
139.64891028404236,3813
139.7739725112915,3812
139.8954553604126,3811
140.0212025642395,3810
140.14563584327698,3809
140.27112913131714,3808
140.3935387134552,3807
140.51954984664917,3806
140.6417555809021,3805
140.76320695877075,3804
140.8894546031952,3803
141.0128366947174,3802
141.13480734825134,3801
141.2602882385254,3800
141.38583540916443,3799
141.50611090660095,3798
141.63107991218567,3797
141.75511693954468,3796
141.87815046310425,3795
142.00304651260376,3794
142.12917566299438,3793
142.25288462638855,3792
142.37632369995117,3791
142.50046014785767,3790
142.62008142471313,3789
142.74576997756958,3788
142.87258672714233,3787
142.99905729293823,3786
143.1212511062622,3785
143.24800157546997,3784
143.36962342262268,3783
143.49217557907104,3782
143.61831140518188,3781
143.7404727935791,3780
143.8642177581787,3779
143.9861295223236,3778
144.11042284965515,3777
144.23349261283875,3776
144.3544454574585,3775
144.47897958755493,3774
144.60222578048706,3773
144.72415971755981,3772
144.8469753265381,3771
144.96932816505432,3770
145.09139895439148,3769
145.21577048301697,3768
145.3375105857849,3767
145.45982956886292,3766
145.58259201049805,3765
145.70132541656494,3764
145.8207495212555,3763
145.94080591201782,3762
146.0637218952179,3761
146.1865336894989,3760
146.3064444065094,3759
146.42586398124695,3758
146.54533052444458,3757
146.6666920185089,3756
146.78677344322205,3755
146.9068603515625,3754
147.02959489822388,3753
147.14885258674622,3752
147.26949191093445,3751
147.386798620224,3750
147.50954747200012,3749
147.63202381134033,3748
147.7504620552063,3747
147.87400889396667,3746
147.9944920539856,3745
148.11625289916992,3744
148.23540902137756,3743
148.35817694664001,3742
148.48102521896362,3741
148.6050045490265,3740
148.73009395599365,3739
148.8515977859497,3738
148.97716689109802,3737
149.10208296775818,3736
149.22690153121948,3735
149.34907984733582,3734
149.4736225605011,3733
149.59494280815125,3732
149.7157006263733,3731
149.84068942070007,3730
149.9631381034851,3729
150.08877062797546,3728
150.21215224266052,3727
150.33819890022278,3726
150.45890736579895,3725
150.58305096626282,3724
150.706946849823,3723
150.83000922203064,3722
150.95524549484253,3721
151.081383228302,3720
151.20469880104065,3719
151.3276882171631,3718
151.4557626247406,3717
151.5767321586609,3716
151.70046615600586,3715
151.8263454437256,3714
151.9496054649353,3713
152.07190084457397,3712
152.19787049293518,3711
152.32085919380188,3710
152.44211339950562,3709
152.56939506530762,3708
152.69270062446594,3707
152.81765174865723,3706
152.9423041343689,3705
153.06795191764832,3704
153.18965888023376,3703
153.31375789642334,3702
153.437762260437,3701
153.5603997707367,3700
153.68396639823914,3699
153.80741620063782,3698
153.93068146705627,3697
154.05038499832153,3696
154.17516684532166,3695
154.3001527786255,3694
154.42261838912964,3693
154.54533648490906,3692
154.67100834846497,3691
154.79276633262634,3690
154.9172682762146,3689
155.0423502922058,3688
155.1657042503357,3687
155.28869438171387,3686
155.41358065605164,3685
155.53497958183289,3684
155.6587564945221,3683
155.78260493278503,3682
155.9042296409607,3681
156.02704524993896,3680
156.14703226089478,3679
156.26932740211487,3678
156.39205813407898,3677
156.5140609741211,3676
156.63889694213867,3675
156.76041293144226,3674
156.87880420684814,3673
156.9991157054901,3672
157.120685338974,3671
157.24390840530396,3670
157.36316227912903,3669
157.48082995414734,3668
157.60052227973938,3667
157.72375416755676,3666
157.8482382297516,3665
157.97680282592773,3664
158.10633873939514,3663
158.23739051818848,3662
158.36340808868408,3661
158.4913034439087,3660
158.61864233016968,3659
158.74729251861572,3658
158.87391710281372,3657
159.00072574615479,3656
159.12746787071228,3655
159.25400304794312,3654
159.37953448295593,3653
159.5056095123291,3652
159.63793969154358,3651
159.76164293289185,3650
159.88897562026978,3649
160.01208519935608,3648
160.1346037387848,3647
160.2601535320282,3646
160.38488221168518,3645
160.50906538963318,3644
160.6337013244629,3643
160.75944566726685,3642
160.88067173957825,3641
161.0109579563141,3640
161.14313435554504,3639
161.27393102645874,3638
161.4034640789032,3637
161.53565430641174,3636
161.66554760932922,3635
161.79601573944092,3634
161.92746114730835,3633
162.0578055381775,3632
162.1883475780487,3631
162.3195662498474,3630
162.4507405757904,3629
162.58256435394287,3628
162.71354389190674,3627
162.84496426582336,3626
162.9780478477478,3625
163.10953307151794,3624
163.24293279647827,3623
163.37487268447876,3622
163.50546169281006,3621
163.63475608825684,3620
163.76558423042297,3619
163.89687395095825,3618
164.02716898918152,3617
164.15897512435913,3616
164.29176545143127,3615
164.42368173599243,3614
164.55476903915405,3613
164.68620038032532,3612
164.81692099571228,3611
164.94792246818542,3610
165.07798743247986,3609
165.20802354812622,3608
165.33924651145935,3607
165.46971559524536,3606
165.60020852088928,3605
165.72980403900146,3604
165.86260080337524,3603
165.9929587841034,3602
166.1240222454071,3601
166.25526881217957,3600
166.38636183738708,3599
166.5149872303009,3598
166.6459605693817,3597
166.77804112434387,3596
166.9071524143219,3595
167.0376079082489,3594
167.16726756095886,3593
167.29242968559265,3592
167.41730737686157,3591
167.5426218509674,3590
167.6687273979187,3589
167.79525756835938,3588
167.92289471626282,3587
168.0495743751526,3586
168.17684650421143,3585
168.30306220054626,3584
168.4297389984131,3583
168.5554714202881,3582
168.6802418231964,3581
168.80627369880676,3580
168.93389129638672,3579
169.05873894691467,3578
169.1844208240509,3577
169.31037044525146,3576
169.43526768684387,3575
169.5594139099121,3574
169.6871099472046,3573
169.8138508796692,3572
169.9405074119568,3571
170.06602239608765,3570
170.19321060180664,3569
170.31819987297058,3568
170.44646453857422,3567
170.5732605457306,3566
170.69963145256042,3565
170.82710218429565,3564
170.95278573036194,3563
171.08039808273315,3562
171.20577931404114,3561
171.3329405784607,3560
171.45766830444336,3559
171.58257842063904,3558
171.71039819717407,3557
171.83794856071472,3556
171.96468091011047,3555
172.0902497768402,3554
172.21898698806763,3553
172.34590697288513,3552
172.47356963157654,3551
172.6027340888977,3550
172.73100900650024,3549
172.85953426361084,3548
172.98803758621216,3547
173.11705660820007,3546
173.24351954460144,3545
173.37538075447083,3544
173.50809478759766,3543
173.63843703269958,3542
173.76944828033447,3541
173.90149068832397,3540
174.03375005722046,3539
174.16477227210999,3538
174.2967357635498,3537
174.42798924446106,3536
174.55916380882263,3535
174.68935132026672,3534
174.82124590873718,3533
174.95325350761414,3532
175.08311247825623,3531
175.2149305343628,3530
175.34753727912903,3529
175.47718787193298,3528
175.6093409061432,3527
175.7409315109253,3526
175.8716902732849,3525
176.00224041938782,3524
176.13431668281555,3523
176.26596474647522,3522
176.3962721824646,3521
176.5275161266327,3520
176.65982747077942,3519
176.7910192012787,3518
176.92236709594727,3517
177.05367040634155,3516
177.1859109401703,3515
177.31565976142883,3514
177.44643139839172,3513
177.57799553871155,3512
177.70948100090027,3511
177.84063816070557,3510
177.9710409641266,3509
178.10056710243225,3508
178.22905683517456,3507
178.3591513633728,3506
178.490216255188,3505
178.62019753456116,3504
178.75064778327942,3503
178.88032960891724,3502
179.01036190986633,3501
179.138765335083,3500
179.26939606666565,3499
179.3999285697937,3498
179.5260455608368,3497
179.6513934135437,3496
179.77575492858887,3495
179.90276980400085,3494
180.0294473171234,3493
180.15417909622192,3492
180.27824997901917,3491
180.40350127220154,3490
180.52941942214966,3489
180.65723204612732,3488
180.78442239761353,3487
180.91282844543457,3486
181.04116201400757,3485
181.16836977005005,3484
181.29335236549377,3483
181.41856408119202,3482
181.54585123062134,3481
181.6697428226471,3480
181.79622101783752,3479
181.92393255233765,3478
182.05044269561768,3477
182.17650699615479,3476
182.30170249938965,3475
182.42861938476562,3474
182.55243754386902,3473
182.6802680492401,3472
182.8053047657013,3471
182.93236684799194,3470
183.0585789680481,3469
183.18529105186462,3468
183.31163716316223,3467
183.43892669677734,3466
183.56736302375793,3465
183.6935088634491,3464
183.82033109664917,3463
183.94804739952087,3462
184.07694697380066,3461
184.2031695842743,3460
184.33104348182678,3459
184.46007990837097,3458
184.58514404296875,3457
184.71145796775818,3456
184.83925890922546,3455
184.9691343307495,3454
185.09590864181519,3453
185.2246253490448,3452
185.3515248298645,3451
185.4785041809082,3450
185.60618329048157,3449
185.73292326927185,3448
185.8598518371582,3447
185.98624730110168,3446
186.1149959564209,3445
186.23860478401184,3444
186.36294603347778,3443
186.48935055732727,3442
186.61702871322632,3441
186.74489378929138,3440
186.87110424041748,3439
187.00025296211243,3438
187.13152480125427,3437
187.26107597351074,3436
187.38830971717834,3435
187.51449537277222,3434
187.64113688468933,3433
187.76719665527344,3432
187.89377903938293,3431
188.021906375885,3430
188.1489896774292,3429
188.27559518814087,3428
188.40042304992676,3427
188.52500796318054,3426
188.65318250656128,3425
188.7832794189453,3424
188.909166097641,3423
189.03578662872314,3422
189.16676211357117,3421
189.29443264007568,3420
189.42031264305115,3419
189.549818277359,3418
189.6775245666504,3417
189.80397605895996,3416
189.9328932762146,3415
190.0589954853058,3414
190.1839578151703,3413
190.30769681930542,3412
190.4368612766266,3411
190.5643813610077,3410
190.69096112251282,3409
190.8163468837738,3408
190.94716548919678,3407
191.0725359916687,3406
191.19782948493958,3405
191.32476830482483,3404
191.4480803012848,3403
191.57211685180664,3402
191.69881105422974,3401
191.8243007659912,3400
191.95031833648682,3399
192.07651376724243,3398
192.20240259170532,3397
192.33066201210022,3396
192.45794868469238,3395
192.5848708152771,3394
192.713942527771,3393
192.84066581726074,3392
192.9658715724945,3391
193.09266018867493,3390
193.219961643219,3389
193.34345412254333,3388
193.46995639801025,3387
193.59474325180054,3386
193.7167809009552,3385
193.8407642841339,3384
193.96541905403137,3383
194.09443831443787,3382
