0.7242953777313232,4897
0.8537733554840088,4896
0.9824881553649902,4895
1.1121625900268555,4894
1.2459371089935303,4893
1.3895282745361328,4892
1.5375926494598389,4891
1.6871685981750488,4890
1.8376073837280273,4889
1.989828109741211,4888
2.144117593765259,4887
2.298973798751831,4886
2.441715955734253,4885
2.5845589637756348,4884
2.7301151752471924,4883
2.8738186359405518,4882
3.0089364051818848,4881
3.1458466053009033,4880
3.2852091789245605,4879
3.4237313270568848,4878
3.567234516143799,4877
3.7100634574890137,4876
3.8497908115386963,4875
3.986721992492676,4874
4.123775959014893,4873
4.259920597076416,4872
4.399268388748169,4871
4.545513868331909,4870
4.691828966140747,4869
4.831726789474487,4868
4.97105073928833,4867
5.112297058105469,4866
5.254124641418457,4865
5.39691424369812,4864
5.533508777618408,4863
5.666763782501221,4862
5.803967714309692,4861
5.942131757736206,4860
6.08227014541626,4859
6.220901012420654,4858
6.3606250286102295,4857
6.500763893127441,4856
6.642815113067627,4855
6.786849021911621,4854
6.92756199836731,4853
7.064774513244629,4852
7.2034196853637695,4851
7.340528249740601,4850
7.477005958557129,4849
7.620529651641846,4848
7.767170667648315,4847
7.914985179901123,4846
8.064595937728882,4845
8.215425491333008,4844
8.369545698165894,4843
8.523800611495972,4842
8.679172992706299,4841
8.831550121307373,4840
8.971535444259644,4839
9.118778467178345,4838
9.265660047531128,4837
9.405175924301147,4836
9.535398483276367,4835
9.665989637374878,4834
9.797391414642334,4833
9.930598735809326,4832
10.064220666885376,4831
10.196194887161255,4830
10.32550573348999,4829
10.454156637191772,4828
10.586599588394165,4827
10.724617004394531,4826
10.865405082702637,4825
11.0088472366333,4824
11.156584024429321,4823
11.306025266647339,4822
11.457110166549683,4821
11.61027216911316,4820
11.764994144439697,4819
11.920487880706787,4818
12.073644161224365,4817
12.214255094528198,4816
12.35795545578003,4815
12.504742860794067,4814
12.646625518798828,4813
12.782978534698486,4812
12.92088270187378,4811
13.061100006103516,4810
13.201132774353027,4809
13.344990253448486,4808
13.486319065093994,4807
13.623544454574585,4806
13.759599447250366,4805
13.895079612731934,4804
14.031506538391113,4803
14.165186405181885,4802
14.300435066223145,4801
14.436615705490112,4800
14.573949337005615,4799
14.714141607284546,4798
14.855397462844849,4797
14.997520208358765,4796
15.134278774261475,4795
15.272085189819336,4794
15.417251825332642,4793
15.56239128112793,4792
15.700737476348877,4791
15.837546586990356,4790
15.976126432418823,4789
16.115053415298462,4788
16.256330728530884,4787
16.400569677352905,4786
16.541884183883667,4785
16.67866086959839,4784
16.814817667007446,4783
16.951409101486206,4782
17.089051008224487,4781
17.229171752929688,4780
17.3745219707489,4779
17.52214813232422,4778
17.670488119125366,4777
17.820546865463257,4776
17.972744464874268,4775
18.126683950424194,4774
18.281153678894043,4773
18.43682289123535,4772
18.580833435058594,4771
18.72176766395569,4770
18.857969284057617,4769
18.99290180206299,4768
19.122388124465942,4767
19.252917528152466,4766
19.384110927581787,4765
19.51387047767639,4764
19.64803647994995,4763
19.781904458999634,4762
19.91255760192871,4761
20.041596174240112,4760
20.172365188598633,4759
20.3076810836792,4758
20.449026823043823,4757
20.584341764450073,4756
20.727577447891235,4755
20.87629723548889,4754
21.02263641357422,4753
21.174097299575806,4752
21.317238330841064,4751
21.467740058898926,4750
21.602179527282715,4749
21.73141050338745,4748
21.864034414291382,4747
22.00004553794861,4746
22.132940530776978,4745
22.265733003616333,4744
22.39656162261963,4743
22.530734300613403,4742
22.66426706314087,4741
22.797656059265137,4740
22.930481672286987,4739
23.067594528198242,4738
23.204219341278076,4737
23.333062648773193,4736
23.464334964752197,4735
23.58841347694397,4734
23.71228265762329,4733
23.836675882339478,4732
23.96130871772766,4731
24.085216760635376,4730
24.209381580352783,4729
24.33354640007019,4728
24.460283041000366,4727
24.59152603149414,4726
24.729469776153564,4725
24.876641273498535,4724
25.024068117141724,4723
25.17173671722412,4722
25.31983256340027,4721
25.46752142906189,4720
25.61552882194519,4719
25.763166189193726,4718
25.907713413238525,4717
26.05063247680664,4716
26.199493646621704,4715
26.348712921142578,4714
26.498059272766113,4713
26.647577047348022,4712
26.796607971191406,4711
26.94535732269287,4710
27.095619201660156,4709
27.24511194229126,4708
27.394407510757446,4707
27.543248653411865,4706
27.693262100219727,4705
27.842844247817993,4704
27.991440296173096,4703
28.14073657989502,4702
28.291139125823975,4701
28.44081687927246,4700
28.58925724029541,4699
28.7386212348938,4698
28.888009548187256,4697
29.03712487220764,4696
29.185374975204468,4695
29.33473300933838,4694
29.48489475250244,4693
29.633917331695557,4692
29.782404899597168,4691
29.931391716003418,4690
30.081700801849365,4689
30.23049759864807,4688
30.379536867141724,4687
30.521708011627197,4686
30.659871339797974,4685
30.79207444190979,4684
30.923009157180786,4683
31.054558992385864,4682
31.18676996231079,4681
31.319729804992676,4680
31.459261894226074,4679
31.59622049331665,4678
31.731666803359985,4677
31.8672194480896,4676
32.00288963317871,4675
32.13813519477844,4674
32.27324938774109,4673
32.409743785858154,4672
32.54456424713135,4671
32.67886829376221,4670
32.81492829322815,4669
32.947564125061035,4668
33.08071732521057,4667
33.21102690696716,4666
33.341699838638306,4665
33.472859621047974,4664
33.60312104225159,4663
33.73373579978943,4662
33.86377787590027,4661
33.99449372291565,4660
34.126346826553345,4659
34.25691771507263,4658
34.38720941543579,4657
34.51895213127136,4656
34.65616726875305,4655
34.79147911071777,4654
34.92672610282898,4653
35.06192398071289,4652
35.19251298904419,4651
35.32248401641846,4650
35.45331311225891,4649
35.5853111743927,4648
35.71842074394226,4647
35.85521721839905,4646
35.9900062084198,4645
36.12200355529785,4644
36.25599908828735,4643
36.390872955322266,4642
36.522892236709595,4641
36.661465644836426,4640
36.80603289604187,4639
36.95306968688965,4638
37.10080885887146,4637
37.24805283546448,4636
37.395721673965454,4635
37.54318451881409,4634
37.69221115112305,4633
37.84033560752869,4632
37.98854446411133,4631
38.13794493675232,4630
38.28683066368103,4629
38.43533182144165,4628
38.583893060684204,4627
38.733503580093384,4626
38.88235592842102,4625
39.03069281578064,4624
39.17963671684265,4623
39.32938051223755,4622
39.47871279716492,4621
39.627418756484985,4620
39.77604532241821,4619
39.92576766014099,4618
40.07463836669922,4617
40.22314238548279,4616
40.37106800079346,4615
40.52067494392395,4614
40.670058488845825,4613
40.81918525695801,4612
40.96598172187805,4611
41.11647319793701,4610
41.26589298248291,4609
41.41487526893616,4608
41.562716007232666,4607
41.71187496185303,4606
41.86142349243164,4605
42.01001453399658,4604
42.154173374176025,4603
42.30220937728882,4602
42.4514479637146,4601
42.596256494522095,4600
42.729724168777466,4599
42.86123561859131,4598
42.99283051490784,4597
43.124024868011475,4596
43.25492024421692,4595
43.392184019088745,4594
43.53336024284363,4593
43.673396825790405,4592
43.80556321144104,4591
43.93969535827637,4590
44.07456398010254,4589
44.20989394187927,4588
44.34463453292847,4587
44.4791145324707,4586
44.61364674568176,4585
44.74911832809448,4584
44.88476300239563,4583
45.02113103866577,4582
45.15251016616821,4581
45.284709215164185,4580
45.41545104980469,4579
45.5447096824646,4578
45.67467927932739,4577
45.80471181869507,4576
45.93476939201355,4575
46.06443405151367,4574
46.195170640945435,4573
46.32551574707031,4572
46.456745862960815,4571
46.58952045440674,4570
46.729191064834595,4569
46.86476421356201,4568
46.99952840805054,4567
47.13616394996643,4566
47.27350854873657,4565
47.40866804122925,4564
47.54007649421692,4563
47.67763662338257,4562
47.812779903411865,4561
47.94828176498413,4560
48.080716609954834,4559
48.21624159812927,4558
48.352397203445435,4557
48.48808240890503,4556
48.61803841590881,4555
48.7465238571167,4554
48.87622380256653,4553
49.00338554382324,4552
49.12862992286682,4551
49.25688934326172,4550
49.39678406715393,4549
49.53996253013611,4548
49.67628502845764,4547
49.80623507499695,4546
49.936094522476196,4545
50.06705164909363,4544
50.19919395446777,4543
50.33282113075256,4542
50.46778154373169,4541
50.604650020599365,4540
50.74233031272888,4539
50.878633975982666,4538
51.014922857284546,4537
51.15285634994507,4536
51.29094910621643,4535
51.42833685874939,4534
51.56602931022644,4533
51.70385146141052,4532
51.84281587600708,4531
51.98506307601929,4530
52.12124514579773,4529
52.261515378952026,4528
52.4013888835907,4527
52.54108214378357,4526
52.67703819274902,4525
52.81559729576111,4524
52.95437788963318,4523
53.09374952316284,4522
53.23349142074585,4521
53.373005867004395,4520
53.513155698776245,4519
53.65276074409485,4518
53.79203724861145,4517
53.93123412132263,4516
54.07088899612427,4515
54.206578969955444,4514
54.34303665161133,4513
54.480101346969604,4512
54.621256589889526,4511
54.75694274902344,4510
54.89143443107605,4509
55.02642250061035,4508
55.16804885864258,4507
55.31437063217163,4506
55.46331787109375,4505
55.616230487823486,4504
55.75936961174011,4503
55.89802289009094,4502
56.035481452941895,4501
56.17363476753235,4500
56.312254190444946,4499
56.45203399658203,4498
56.59279656410217,4497
56.73611664772034,4496
56.87897968292236,4495
57.02215242385864,4494
57.16614365577698,4493
57.30895948410034,4492
57.444714307785034,4491
57.57853174209595,4490
57.7131884098053,4489
57.84671401977539,4488
57.978219747543335,4487
58.111759424209595,4486
58.24539494514465,4485
58.37897610664368,4484
58.511589765548706,4483
58.64415788650513,4482
58.77660369873047,4481
58.91103148460388,4480
59.04576587677002,4479
59.17955565452576,4478
59.311073780059814,4477
59.44329380989075,4476
59.57656216621399,4475
59.713216066360474,4474
59.84452176094055,4473
59.975542068481445,4472
60.10835671424866,4471
60.24028658866882,4470
60.369707345962524,4469
60.496721267700195,4468
60.62708902359009,4467
60.7568895816803,4466
60.88991022109985,4465
61.02153205871582,4464
61.14990544319153,4463
61.27839756011963,4462
61.40723705291748,4461
61.53932476043701,4460
61.6740198135376,4459
61.81137466430664,4458
61.95070672035217,4457
62.09241461753845,4456
62.23564410209656,4455
62.37018418312073,4454
62.501848459243774,4453
62.634263038635254,4452
62.76472759246826,4451
62.8973662853241,4450
63.03155970573425,4449
63.16949415206909,4448
63.30785059928894,4447
63.44332242012024,4446
63.57541298866272,4445
63.70776915550232,4444
63.839001178741455,4443
63.971330642700195,4442
64.10394978523254,4441
64.23727774620056,4440
64.36607313156128,4439
64.493004322052,4438
64.6216185092926,4437
64.75180244445801,4436
64.88467717170715,4435
65.01707172393799,4434
65.14829802513123,4433
65.28076505661011,4432
65.41319036483765,4431
65.54415965080261,4430
65.67495894432068,4429
65.8072464466095,4428
65.94031715393066,4427
66.07808780670166,4426
66.21526050567627,4425
66.35314440727234,4424
66.49499130249023,4423
66.63147139549255,4422
66.76775741577148,4421
66.9039478302002,4420
67.04896879196167,4419
67.18870329856873,4418
67.33127117156982,4417
67.47543692588806,4416
67.61318969726562,4415
67.75320601463318,4414
67.89726948738098,4413
68.03816866874695,4412
68.17090892791748,4411
68.30109906196594,4410
68.43051958084106,4409
68.5591332912445,4408
68.6874508857727,4407
68.81537818908691,4406
68.94637322425842,4405
69.08060693740845,4404
69.21651005744934,4403
69.35261464118958,4402
69.49204087257385,4401
69.6321530342102,4400
69.774090051651,4399
69.91667890548706,4398
70.04753112792969,4397
70.18430829048157,4396
70.32205367088318,4395
70.46299743652344,4394
70.60548496246338,4393
70.7436215877533,4392
70.87746214866638,4391
71.01299381256104,4390
71.14939284324646,4389
71.2870876789093,4388
71.42861485481262,4387
71.56701707839966,4386
71.70161294937134,4385
71.8367772102356,4384
71.9703152179718,4383
72.1054859161377,4382
72.24829936027527,4381
72.39284801483154,4380
72.53862166404724,4379
72.68633151054382,4378
72.83670568466187,4377
72.98912405967712,4376
73.14213252067566,4375
73.29678082466125,4374
73.43921709060669,4373
73.57321405410767,4372
73.7083842754364,4371
73.84155559539795,4370
73.9711971282959,4369
74.10062026977539,4368
74.23122096061707,4367
74.36164402961731,4366
74.49601006507874,4365
74.6289234161377,4364
74.75928115844727,4363
74.88775491714478,4362
75.01590538024902,4361
75.1448872089386,4360
75.27806496620178,4359
75.41283059120178,4358
75.55006766319275,4357
75.68953776359558,4356
75.83006167411804,4355
75.97143959999084,4354
76.11336922645569,4353
76.24728012084961,4352
76.37980651855469,4351
76.51714253425598,4350
76.6545660495758,4349
76.78412199020386,4348
76.91311478614807,4347
77.04479146003723,4346
77.17740058898926,4345
77.31041288375854,4344
77.44542121887207,4343
77.57826852798462,4342
77.70722126960754,4341
77.8354880809784,4340
77.96151375770569,4339
78.08861374855042,4338
78.21985816955566,4337
78.35321235656738,4336
78.49029731750488,4335
78.62870764732361,4334
78.76570868492126,4333
78.90454864501953,4332
79.04794430732727,4331
79.18868803977966,4330
79.32501673698425,4329
79.46690535545349,4328
79.6091423034668,4327
79.74339199066162,4326
79.87619209289551,4325
80.00710582733154,4324
80.13559675216675,4323
80.26578426361084,4322
80.39710426330566,4321
80.52599310874939,4320
80.65203833580017,4319
80.77705478668213,4318
80.90367913246155,4317
81.03244924545288,4316
81.16788864135742,4315
81.3085446357727,4314
81.45068097114563,4313
81.59366846084595,4312
81.74053168296814,4311
81.88870787620544,4310
82.03956294059753,4309
82.18456840515137,4308
82.32188487052917,4307
82.45906829833984,4306
82.59680676460266,4305
82.73521208763123,4304
82.87351369857788,4303
83.01257300376892,4302
83.15317249298096,4301
83.29589438438416,4300
83.43890309333801,4299
83.58108806610107,4298
83.72555422782898,4297
83.86845779418945,4296
84.01114559173584,4295
84.1466658115387,4294
84.27416157722473,4293
84.4029929637909,4292
84.53079319000244,4291
84.65918040275574,4290
84.78652787208557,4289
84.91456770896912,4288
85.04234075546265,4287
85.16943001747131,4286
85.29811000823975,4285
85.42861413955688,4284
85.56677508354187,4283
85.70568704605103,4282
85.84308457374573,4281
85.98033618927002,4280
86.11834263801575,4279
86.25574707984924,4278
86.39349246025085,4277
86.53700280189514,4276
86.6862781047821,4275
86.83420157432556,4274
86.9816997051239,4273
87.12996339797974,4272
87.27912545204163,4271
87.42687606811523,4270
87.57388067245483,4269
87.72228908538818,4268
87.87124371528625,4267
88.01892137527466,4266
88.16640615463257,4265
88.31471538543701,4264
88.46381664276123,4263
88.61296653747559,4262
88.76088309288025,4261
88.90897917747498,4260
89.05812311172485,4259
89.20277667045593,4258
89.34127020835876,4257
89.47852110862732,4256
89.61727905273438,4255
89.75571513175964,4254
89.89234495162964,4253
90.03032207489014,4252
90.16807579994202,4251
90.30728197097778,4250
90.4463243484497,4249
90.58279538154602,4248
90.7210202217102,4247
90.859854221344,4246
90.9938178062439,4245
91.12420320510864,4244
91.25455641746521,4243
91.38637852668762,4242
91.52494525909424,4241
91.66423225402832,4240
91.7990038394928,4239
91.9368908405304,4238
92.07395958900452,4237
92.20790481567383,4236
92.34161162376404,4235
92.47722101211548,4234
92.61252784729004,4233
92.74761891365051,4232
92.8813202381134,4231
93.01633548736572,4230
93.15118479728699,4229
93.28677678108215,4228
93.41740489006042,4227
93.54424166679382,4226
93.67148351669312,4225
93.80153584480286,4224
93.93071746826172,4223
94.05768275260925,4222
94.18652033805847,4221
94.31324744224548,4220
94.44269299507141,4219
94.57304215431213,4218
94.70298361778259,4217
94.83271408081055,4216
94.96110463142395,4215
95.09366726875305,4214
95.23020315170288,4213
95.36631655693054,4212
95.50197410583496,4211
95.63671588897705,4210
95.77186250686646,4209
95.90695548057556,4208
96.04254794120789,4207
96.17749524116516,4206
96.31297492980957,4205
96.44564843177795,4204
96.5766339302063,4203
96.70482540130615,4202
96.83304929733276,4201
96.96483278274536,4200
97.09832811355591,4199
97.23273158073425,4198
97.3666923046112,4197
97.50166296958923,4196
97.63573932647705,4195
97.77080225944519,4194
97.9048376083374,4193
98.04343152046204,4192
98.18565106391907,4191
98.32833743095398,4190
98.4715518951416,4189
98.6144917011261,4188
98.75842332839966,4187
98.90486788749695,4186
99.05003929138184,4185
99.19539189338684,4184
99.34217572212219,4183
99.48957371711731,4182
99.63275074958801,4181
99.77916359901428,4180
99.92727971076965,4179
100.0762345790863,4178
100.22480797767639,4177
100.37393927574158,4176
100.52403974533081,4175
100.67540979385376,4174
100.82663655281067,4173
100.97199440002441,4172
101.12317395210266,4171
101.27582812309265,4170
101.4278564453125,4169
101.5796217918396,4168
101.73301100730896,4167
101.8865761756897,4166
102.04015398025513,4165
102.19414186477661,4164
102.34894227981567,4163
102.50446319580078,4162
102.65164756774902,4161
102.79465365409851,4160
102.93536257743835,4159
103.06582617759705,4158
103.19567060470581,4157
103.3242518901825,4156
103.45418405532837,4155
103.58773756027222,4154
103.72464728355408,4153
103.86027669906616,4152
103.99632239341736,4151
104.13301992416382,4150
104.26990580558777,4149
104.40543746948242,4148
104.53679060935974,4147
104.66860389709473,4146
104.80272626876831,4145
104.93705368041992,4144
105.06467771530151,4143
105.1917130947113,4142
105.32037019729614,4141
105.4488377571106,4140
105.57775712013245,4139
105.70636129379272,4138
105.83349847793579,4137
105.96223783493042,4136
106.09178280830383,4135
106.21996521949768,4134
106.3531379699707,4133
106.49003863334656,4132
106.62462258338928,4131
106.7583076953888,4130
106.88953113555908,4129
107.02431774139404,4128
107.15904879570007,4127
107.29205846786499,4126
107.42366480827332,4125
107.55734753608704,4124
107.69204998016357,4123
107.82583522796631,4122
107.956622838974,4121
108.08774995803833,4120
108.22402548789978,4119
108.35901308059692,4118
108.49236106872559,4117
108.61901450157166,4116
108.74784803390503,4115
108.87791609764099,4114
109.00397729873657,4113
109.13036251068115,4112
109.25939536094666,4111
109.39351773262024,4110
109.52629494667053,4109
109.65684986114502,4108
109.78813815116882,4107
109.92133164405823,4106
110.05337929725647,4105
110.18652653694153,4104
110.3151204586029,4103
110.44596123695374,4102
110.59110999107361,4101
110.73584127426147,4100
110.87965178489685,4099
111.02453327178955,4098
111.1702070236206,4097
111.31373977661133,4096
111.4473729133606,4095
111.5800883769989,4094
111.71498036384583,4093
111.84808278083801,4092
111.98128724098206,4091
112.1140067577362,4090
112.24290299415588,4089
112.37357497215271,4088
112.5079391002655,4087
112.6395378112793,4086
112.76956295967102,4085
112.90174889564514,4084
113.0384156703949,4083
113.16680812835693,4082
113.29620099067688,4081
113.42728424072266,4080
113.55996131896973,4079
113.69671392440796,4078
113.83111071586609,4077
113.96241116523743,4076
114.09105134010315,4075
114.23085427284241,4074
114.35431408882141,4073
114.48202538490295,4072
114.60772705078125,4071
114.73519372940063,4070
114.8589985370636,4069
114.98319554328918,4068
115.10677456855774,4067
115.23328471183777,4066
115.3630142211914,4065
115.49793577194214,4064
115.64094114303589,4063
115.7821364402771,4062
115.91760587692261,4061
116.05216598510742,4060
116.18927240371704,4059
116.32538866996765,4058
116.46283483505249,4057
116.59929060935974,4056
116.73934721946716,4055
116.87963390350342,4054
117.019287109375,4053
117.15971565246582,4052
117.29791259765625,4051
117.43957090377808,4050
117.58106899261475,4049
117.7226459980011,4048
117.86479926109314,4047
118.00668907165527,4046
118.14725589752197,4045
118.28830146789551,4044
118.4305510520935,4043
118.57229685783386,4042
118.71341729164124,4041
118.85412883758545,4040
118.99467849731445,4039
119.1347107887268,4038
119.2744402885437,4037
119.41245770454407,4036
119.5507390499115,4035
119.68995928764343,4034
119.82922267913818,4033
119.96732807159424,4032
120.10586190223694,4031
120.24561595916748,4030
120.38508701324463,4029
120.52406930923462,4028
120.66222524642944,4027
120.80142068862915,4026
120.93797278404236,4025
121.06545209884644,4024
121.19410610198975,4023
121.3232352733612,4022
121.45495200157166,4021
121.58879137039185,4020
121.7196569442749,4019
121.8468964099884,4018
121.97397017478943,4017
122.10194849967957,4016
122.23166537284851,4015
122.3639132976532,4014
122.49909830093384,4013
122.63691306114197,4012
122.77585482597351,4011
122.91649770736694,4010
123.05634498596191,4009
123.18710994720459,4008
123.31847047805786,4007
123.44759559631348,4006
123.5756471157074,4005
123.71119451522827,4004
123.84784841537476,4003
123.9844262599945,4002
124.11592626571655,4001
124.24429440498352,4000
124.37296199798584,3999
124.5031168460846,3998
124.6325044631958,3997
124.7609007358551,3996
124.88906908035278,3995
125.01866912841797,3994
125.14756202697754,3993
125.27756094932556,3992
125.40768885612488,3991
125.54232239723206,3990
125.67334961891174,3989
125.8017966747284,3988
125.92909646034241,3987
126.05637264251709,3986
126.18384337425232,3985
126.3147234916687,3984
126.45049142837524,3983
126.58545398712158,3982
126.72315073013306,3981
126.86185359954834,3980
127.00567626953125,3979
127.15303349494934,3978
127.29543447494507,3977
127.4285569190979,3976
127.56363105773926,3975
127.69950151443481,3974
127.8451886177063,3973
127.98666310310364,3972
128.12166833877563,3971
128.2581205368042,3970
128.394686460495,3969
128.5294644832611,3968
128.6630916595459,3967
128.79976749420166,3966
128.93674635887146,3965
129.07355499267578,3964
129.21441650390625,3963
129.3549370765686,3962
129.49218440055847,3961
129.62578511238098,3960
129.75926089286804,3959
129.89245557785034,3958
130.02660632133484,3957
130.16743230819702,3956
130.31205868721008,3955
130.45639967918396,3954
130.60314512252808,3953
130.75186038017273,3952
130.90079021453857,3951
131.04852843284607,3950
131.2005956172943,3949
131.35408473014832,3948
131.49385523796082,3947
131.6293487548828,3946
131.76750946044922,3945
131.90955638885498,3944
132.04839181900024,3943
132.1899299621582,3942
132.32297277450562,3941
132.45540237426758,3940
132.5857264995575,3939
132.7150297164917,3938
132.8457477092743,3937
132.97827696800232,3936
133.10898160934448,3935
133.23725128173828,3934
133.36503767967224,3933
133.49134612083435,3932
133.6181652545929,3931
133.7502465248108,3930
133.88425755500793,3929
134.01960110664368,3928
134.15573382377625,3927
134.29433345794678,3926
134.434800863266,3925
134.57662510871887,3924
134.71630334854126,3923
134.8478033542633,3922
134.98176670074463,3921
135.1186442375183,3920
135.25478339195251,3919
135.39063429832458,3918
135.52390456199646,3917
135.65125823020935,3916
135.7800886631012,3915
135.908935546875,3914
136.03781390190125,3913
136.16824007034302,3912
136.30085563659668,3911
136.43158793449402,3910
136.55924534797668,3909
136.68671131134033,3908
136.81415438652039,3907
136.9425070285797,3906
137.07443714141846,3905
137.20734786987305,3904
137.34306025505066,3903
137.4793722629547,3902
137.61590385437012,3901
137.75658750534058,3900
137.89772987365723,3899
138.03914165496826,3898
138.1723394393921,3897
138.30728459358215,3896
138.44349026679993,3895
138.57763719558716,3894
138.71212005615234,3893
138.84408140182495,3892
138.96732783317566,3891
139.09340238571167,3890
139.22285079956055,3889
139.35585737228394,3888
139.48694825172424,3887
139.61849737167358,3886
139.74748706817627,3885
139.87461042404175,3884
140.00162434577942,3883
140.12853169441223,3882
140.25607013702393,3881
140.3868727684021,3880
140.5199477672577,3879
140.6546151638031,3878
140.79168343544006,3877
140.93017745018005,3876
141.06867694854736,3875
141.21049308776855,3874
141.35095143318176,3873
141.4825143814087,3872
141.61672353744507,3871
141.7525360584259,3870
141.89762210845947,3869
142.03487420082092,3868
142.167715549469,3867
142.30218195915222,3866
142.43850755691528,3865
142.57203555107117,3864
142.7106750011444,3863
142.8515317440033,3862
142.98952674865723,3861
143.12389874458313,3860
143.25898098945618,3859
143.39192914962769,3858
143.52519845962524,3857
143.6657316684723,3856
143.80903029441833,3855
143.95335578918457,3854
144.0999572277069,3853
144.24672412872314,3852
144.39656448364258,3851
144.5475993156433,3850
144.69908666610718,3849
144.85295486450195,3848
144.9970405101776,3847
145.1367371082306,3846
145.28299403190613,3845
145.42829155921936,3844
145.57244086265564,3843
145.70800042152405,3842
145.84115648269653,3841
145.97481989860535,3840
146.11005520820618,3839
146.24907660484314,3838
146.3911578655243,3837
146.5298216342926,3836
146.66459679603577,3835
146.79734086990356,3834
146.93207502365112,3833
147.06579446792603,3832
147.2033338546753,3831
147.34155797958374,3830
147.4759600162506,3829
147.61214232444763,3828
147.74709606170654,3827
147.88358068466187,3826
148.02256560325623,3825
148.1637670993805,3824
148.30081725120544,3823
148.42970728874207,3822
148.56037616729736,3821
148.69533395767212,3820
148.8300497531891,3819
148.96302556991577,3818
149.09579610824585,3817
149.22787380218506,3816
149.36034893989563,3815
149.4934103488922,3814
149.62711000442505,3813
149.75919222831726,3812
149.88710927963257,3811
150.01346135139465,3810
150.14640545845032,3809
150.27600121498108,3808
150.40112853050232,3807
150.5277225971222,3806
150.65294432640076,3805
150.7782700061798,3804
150.90384149551392,3803
151.02926540374756,3802
151.15498805046082,3801
151.2808976173401,3800
151.4086263179779,3799
151.53919458389282,3798
151.67559361457825,3797
151.81150126457214,3796
151.94729781150818,3795
152.08272576332092,3794
152.2190272808075,3793
152.35549592971802,3792
152.49249005317688,3791
152.6279685497284,3790
152.76151537895203,3789
152.89719462394714,3788
153.03282141685486,3787
153.16926884651184,3786
153.3057985305786,3785
153.4431858062744,3784
153.57985663414001,3783
153.71555590629578,3782
153.85217714309692,3781
153.9891803264618,3780
154.12625408172607,3779
154.2634825706482,3778
154.39793992042542,3777
154.53060674667358,3776
154.6649124622345,3775
154.8005669116974,3774
154.93724274635315,3773
155.07328391075134,3772
155.2115340232849,3771
155.35487747192383,3770
155.49657893180847,3769
155.6367893218994,3768
155.77332592010498,3767
155.9070966243744,3766
156.03947138786316,3765
156.17295289039612,3764
156.3070433139801,3763
156.44082593917847,3762
156.5782790184021,3761
156.71485877037048,3760
156.8481605052948,3759
156.98188495635986,3758
157.11758279800415,3757
157.25389623641968,3756
157.3911247253418,3755
157.52884912490845,3754
157.66864800453186,3753
157.806494474411,3752
157.9478793144226,3751
158.09032320976257,3750
158.222749710083,3749
158.35342597961426,3748
158.4856472015381,3747
158.61803483963013,3746
158.750390291214,3745
158.88177514076233,3744
159.0154209136963,3743
159.1465334892273,3742
159.27502059936523,3741
159.405202627182,3740
159.5343358516693,3739
159.66500687599182,3738
159.79590964317322,3737
159.92623615264893,3736
160.05538249015808,3735
160.185555934906,3734
160.3153657913208,3733
160.44651770591736,3732
160.57635760307312,3731
160.7126772403717,3730
160.84998559951782,3729
160.9846556186676,3728
161.11972212791443,3727
161.25653719902039,3726
161.39041018486023,3725
161.52490854263306,3724
161.65956664085388,3723
161.794429063797,3722
161.92888975143433,3721
162.06631469726562,3720
162.20119190216064,3719
162.33587861061096,3718
162.47060918807983,3717
162.6058931350708,3716
162.74687600135803,3715
162.88792300224304,3714
163.0342836380005,3713
163.1809356212616,3712
163.3283932209015,3711
163.46895289421082,3710
163.60607266426086,3709
163.74246883392334,3708
163.87961554527283,3707
164.01612615585327,3706
164.15358781814575,3705
164.29060554504395,3704
164.42685461044312,3703
164.56369543075562,3702
164.7010314464569,3701
164.84033799171448,3700
164.976336479187,3699
165.11285853385925,3698
165.2510323524475,3697
165.38731813430786,3696
165.52418422698975,3695
165.66062664985657,3694
165.7974820137024,3693
165.93496966362,3692
166.07177591323853,3691
166.20787811279297,3690
166.3446409702301,3689
166.48226761817932,3688
166.6191234588623,3687
166.75577330589294,3686
166.8926818370819,3685
167.02978324890137,3684
167.16708993911743,3683
167.30328583717346,3682
167.4403944015503,3681
167.5785686969757,3680
167.71747827529907,3679
167.85137748718262,3678
167.98205828666687,3677
168.10957884788513,3676
168.23881006240845,3675
168.36616563796997,3674
168.49505519866943,3673
168.62570095062256,3672
168.75592160224915,3671
168.88753175735474,3670
169.01655101776123,3669
169.15016746520996,3668
169.28435492515564,3667
169.4195020198822,3666
169.55443000793457,3665
169.68787574768066,3664
169.8211555480957,3663
169.9531807899475,3662
170.08260345458984,3661
170.20951223373413,3660
170.3387303352356,3659
170.46630716323853,3658
170.59289956092834,3657
170.7201497554779,3656
170.84751415252686,3655
170.97420859336853,3654
171.10444045066833,3653
171.2367422580719,3652
171.36946439743042,3651
171.5032820701599,3650
171.63622641563416,3649
171.77164578437805,3648
171.9072003364563,3647
172.04355025291443,3646
172.18042850494385,3645
172.31642365455627,3644
172.45433473587036,3643
172.59240126609802,3642
172.73065662384033,3641
172.86738777160645,3640
173.00677847862244,3639
173.14732718467712,3638
173.28845882415771,3637
173.42972540855408,3636
173.57088780403137,3635
173.71392011642456,3634
173.85689759254456,3633
173.98681831359863,3632
174.1151373386383,3631
174.24259901046753,3630
174.37014198303223,3629
174.49642062187195,3628
174.62532711029053,3627
174.75784635543823,3626
174.89255785942078,3625
175.02243566513062,3624
175.1538417339325,3623
175.28414964675903,3622
175.41428685188293,3621
175.54722952842712,3620
175.68114519119263,3619
175.81465244293213,3618
175.95064687728882,3617
176.08737230300903,3616
176.22294855117798,3615
176.36097264289856,3614
176.5058560371399,3613
176.6526861190796,3612
176.79901671409607,3611
176.94567203521729,3610
177.0938422679901,3609
177.24122738838196,3608
177.38755178451538,3607
177.5338351726532,3606
177.67518043518066,3605
177.81303024291992,3604
177.94830441474915,3603
178.0838303565979,3602
178.22104930877686,3601
178.35898280143738,3600
178.496479511261,3599
178.6333954334259,3598
178.77008843421936,3597
178.9085021018982,3596
179.0439350605011,3595
179.1739137172699,3594
179.30528926849365,3593
179.43963432312012,3592
179.5766785144806,3591
179.71042847633362,3590
179.83824491500854,3589
179.96677923202515,3588
180.09637093544006,3587
180.22809505462646,3586
180.3563632965088,3585
180.48328375816345,3584
180.61032509803772,3583
180.73960781097412,3582
180.87230324745178,3581
181.00778317451477,3580
181.14547061920166,3579
181.28614044189453,3578
181.41653275489807,3577
181.54911732673645,3576
181.68317484855652,3575
181.81568598747253,3574
181.950434923172,3573
182.08359789848328,3572
182.21752858161926,3571
182.35001611709595,3570
182.48274445533752,3569
182.6159691810608,3568
182.74904417991638,3567
182.88020038604736,3566
183.0115306377411,3565
183.14429569244385,3564
183.27410912513733,3563
183.40334939956665,3562
183.53406834602356,3561
183.66801953315735,3560
183.798894405365,3559
183.92833495140076,3558
184.06003856658936,3557
184.19082307815552,3556
184.3211076259613,3555
184.4506516456604,3554
184.57927227020264,3553
184.7085301876068,3552
184.8374650478363,3551
184.97056245803833,3550
185.10624957084656,3549
185.24150395393372,3548
185.37835121154785,3547
185.51357173919678,3546
185.64961862564087,3545
185.78521513938904,3544
185.9212682247162,3543
186.05498695373535,3542
186.18605732917786,3541
186.31752514839172,3540
186.44677352905273,3539
186.57502555847168,3538
186.70537042617798,3537
186.83198857307434,3536
186.95740032196045,3535
187.08297657966614,3534
187.2077512741089,3533
187.33880376815796,3532
187.47033405303955,3531
187.60362362861633,3530
187.738055229187,3529
187.87218022346497,3528
188.0176181793213,3527
188.1555416584015,3526
188.28823113441467,3525
188.41999077796936,3524
188.5531051158905,3523
188.69069123268127,3522
188.83404731750488,3521
188.97785472869873,3520
189.12263870239258,3519
189.26167631149292,3518
189.39605808258057,3517
189.53098845481873,3516
189.66782402992249,3515
189.80526685714722,3514
189.94194078445435,3513
190.0796937942505,3512
190.2167387008667,3511
190.35531330108643,3510
190.49446773529053,3509
190.63364219665527,3508
190.77839970588684,3507
190.9215805530548,3506
191.05936765670776,3505
191.19616889953613,3504
191.33526635169983,3503
191.47315406799316,3502
191.6163682937622,3501
191.76396369934082,3500
191.9146614074707,3499
192.06834387779236,3498
192.22320461273193,3497
192.3789963722229,3496
192.5202934741974,3495
192.66174054145813,3494
192.7925477027893,3493
192.91908740997314,3492
193.04527187347412,3491
193.17837166786194,3490
193.31222867965698,3489
193.44055914878845,3488
193.5688407421112,3487
193.6997218132019,3486
193.829087972641,3485
193.95584225654602,3484
194.08360290527344,3483
194.2133195400238,3482
194.34323072433472,3481
194.4742841720581,3480
194.60637855529785,3479
194.73634815216064,3478
194.863290309906,3477
194.98855686187744,3476
195.11576652526855,3475
195.2422173023224,3474
195.37100052833557,3473
195.50311827659607,3472
195.63638639450073,3471
195.7712745666504,3470
195.90814018249512,3469
196.04634475708008,3468
196.18589282035828,3467
196.32539701461792,3466
196.45815992355347,3465
196.5865216255188,3464
196.71551179885864,3463
196.84679436683655,3462
196.97600626945496,3461
197.10695600509644,3460
197.2333083152771,3459
197.3613839149475,3458
197.4904522895813,3457
197.6193790435791,3456
197.75126838684082,3455
197.88193273544312,3454
198.01027846336365,3453
198.13756322860718,3452
198.26466369628906,3451
198.39106631278992,3450
198.51782727241516,3449
198.64961004257202,3448
198.78401160240173,3447
198.9200406074524,3446
199.05760550498962,3445
199.19557929039001,3444
199.33572959899902,3443
199.47762513160706,3442
199.62001132965088,3441
199.75269269943237,3440
199.8847804069519,3439
200.03200221061707,3438
200.17841458320618,3437
200.32308411598206,3436
200.46512699127197,3435
200.59907817840576,3434
200.7304871082306,3433
200.85810232162476,3432
200.98553562164307,3431
201.11662936210632,3430
201.24807691574097,3429
201.37853336334229,3428
201.50446796417236,3427
201.63005113601685,3426
201.75818467140198,3425
201.88887977600098,3424
202.0212733745575,3423
202.15313506126404,3422
202.2939577102661,3421
202.43938422203064,3420
202.57943987846375,3419
202.71672224998474,3418
202.85479950904846,3417
202.99370193481445,3416
203.1292200088501,3415
203.2607226371765,3414
203.39648699760437,3413
203.52888894081116,3412
203.66952085494995,3411
203.8006591796875,3410
203.92395043373108,3409
204.04948210716248,3408
204.17517828941345,3407
204.3017497062683,3406
204.43062567710876,3405
204.55761575698853,3404
204.68157625198364,3403
204.80458188056946,3402
204.92998147010803,3401
205.05598640441895,3400
205.19205784797668,3399
205.3334035873413,3398
205.47718787193298,3397
205.6215522289276,3396
205.7681269645691,3395
205.9148416519165,3394
206.05932068824768,3393
206.21023058891296,3392
206.360857963562,3391
206.51345872879028,3390
206.6499891281128,3389
206.79228115081787,3388
206.93600821495056,3387
207.07940530776978,3386
207.21765780448914,3385
207.34950876235962,3384
207.48297786712646,3383
207.6173448562622,3382
752.2083768844604,3381
