0.02944326400756836,22962
0.0545039176940918,22961
0.07928705215454102,22960
0.10334610939025879,22959
0.1270291805267334,22958
0.15001296997070312,22957
0.1729872226715088,22956
0.19679999351501465,22955
0.22117114067077637,22954
0.24488496780395508,22953
0.2689352035522461,22952
0.2922341823577881,22951
0.3170650005340576,22950
0.34081006050109863,22949
0.364551305770874,22948
0.3885519504547119,22947
0.41251420974731445,22946
0.4371190071105957,22945
0.4604952335357666,22944
0.48513102531433105,22943
0.5104231834411621,22942
0.5394120216369629,22941
0.5647649765014648,22940
0.5907399654388428,22939
0.6156580448150635,22938
0.6399421691894531,22937
0.6643059253692627,22936
0.6883382797241211,22935
0.7121360301971436,22934
0.7356679439544678,22933
0.7597360610961914,22932
0.783980131149292,22931
0.8093421459197998,22930
0.8336091041564941,22929
0.8583660125732422,22928
0.8834311962127686,22927
0.9087481498718262,22926
0.9341611862182617,22925
0.9594030380249023,22924
0.9838809967041016,22923
1.0081911087036133,22922
1.0323970317840576,22921
1.057307243347168,22920
1.0815951824188232,22919
1.1083271503448486,22918
1.132920265197754,22917
1.1589901447296143,22916
1.1844239234924316,22915
1.209712266921997,22914
1.2352831363677979,22913
1.2597520351409912,22912
1.284257173538208,22911
1.3080792427062988,22910
1.3334159851074219,22909
1.358349084854126,22908
1.3840351104736328,22907
1.407994270324707,22906
1.4317512512207031,22905
1.4572770595550537,22904
1.4847660064697266,22903
1.5104000568389893,22902
1.5362792015075684,22901
1.5617341995239258,22900
1.588958978652954,22899
1.614640235900879,22898
1.6404211521148682,22897
1.6663811206817627,22896
1.6920180320739746,22895
1.7172541618347168,22894
1.7440671920776367,22893
1.7708492279052734,22892
1.7962901592254639,22891
1.8220291137695312,22890
1.8474221229553223,22889
1.8736813068389893,22888
1.8986210823059082,22887
1.924065113067627,22886
1.948249101638794,22885
1.9725661277770996,22884
1.996455192565918,22883
2.0216071605682373,22882
2.0465352535247803,22881
2.070554256439209,22880
2.096259117126465,22879
2.121170997619629,22878
2.144829034805298,22877
2.16904616355896,22876
2.1929211616516113,22875
2.2176430225372314,22874
2.2416751384735107,22873
2.2687082290649414,22872
2.299849033355713,22871
2.3376922607421875,22870
2.374213218688965,22869
2.4161462783813477,22868
2.4514639377593994,22867
2.482628107070923,22866
2.5151350498199463,22865
2.548668146133423,22864
2.5849921703338623,22863
2.6157100200653076,22862
2.651569128036499,22861
2.6828763484954834,22860
2.71347713470459,22859
2.740880250930786,22858
2.7704010009765625,22857
2.797447919845581,22856
2.8260040283203125,22855
2.8548800945281982,22854
2.882991075515747,22853
2.911534070968628,22852
2.9387221336364746,22851
2.966872215270996,22850
2.9964442253112793,22849
3.024296998977661,22848
3.053093194961548,22847
3.081991195678711,22846
3.11159610748291,22845
3.138148069381714,22844
3.1654982566833496,22843
3.1935360431671143,22842
3.220304250717163,22841
3.2480483055114746,22840
3.2755610942840576,22839
3.3031742572784424,22838
3.330331325531006,22837
3.3572821617126465,22836
3.3860890865325928,22835
3.4132962226867676,22834
3.440222978591919,22833
3.468224048614502,22832
3.4962010383605957,22831
3.523332118988037,22830
3.5506093502044678,22829
3.575521230697632,22828
3.6002209186553955,22827
3.6243481636047363,22826
3.6497809886932373,22825
3.6745033264160156,22824
3.6997182369232178,22823
3.7260820865631104,22822
3.751879930496216,22821
3.776959180831909,22820
3.8025600910186768,22819
3.8276541233062744,22818
3.852445125579834,22817
3.8768560886383057,22816
3.9010202884674072,22815
3.9243483543395996,22814
3.947780132293701,22813
3.9709949493408203,22812
3.9946722984313965,22811
4.018367052078247,22810
4.042265176773071,22809
4.065834045410156,22808
4.090092182159424,22807
4.113785266876221,22806
4.138305187225342,22805
4.161739110946655,22804
4.184873104095459,22803
4.20818829536438,22802
4.232087135314941,22801
4.256540298461914,22800
4.280614137649536,22799
4.304890155792236,22798
4.32856822013855,22797
4.353216171264648,22796
4.37926721572876,22795
4.405468940734863,22794
4.430690050125122,22793
4.455143928527832,22792
4.479326963424683,22791
4.505079030990601,22790
4.529566049575806,22789
4.5549821853637695,22788
4.580574989318848,22787
4.608337163925171,22786
4.633450031280518,22785
4.659111261367798,22784
4.684826135635376,22783
4.713518142700195,22782
4.738507032394409,22781
4.762908935546875,22780
4.787394046783447,22779
4.810716152191162,22778
4.833921194076538,22777
4.857237100601196,22776
4.8801140785217285,22775
4.904957056045532,22774
4.929651975631714,22773
4.953709125518799,22772
4.976824045181274,22771
4.999752044677734,22770
5.023289203643799,22769
5.047276020050049,22768
5.072195053100586,22767
5.096482038497925,22766
5.12077522277832,22765
5.144639015197754,22764
5.169718027114868,22763
5.1942760944366455,22762
5.218671083450317,22761
5.242748260498047,22760
5.266851186752319,22759
5.291629076004028,22758
5.315524101257324,22757
5.340527296066284,22756
5.36478590965271,22755
5.389669179916382,22754
5.414407968521118,22753
5.439860105514526,22752
5.464325189590454,22751
5.4883952140808105,22750
5.512102127075195,22749
5.53625226020813,22748
5.5604331493377686,22747
5.584508180618286,22746
5.607993125915527,22745
5.6318042278289795,22744
5.656537294387817,22743
5.680410146713257,22742
5.70460319519043,22741
5.729108095169067,22740
5.754231214523315,22739
5.779181241989136,22738
5.8050291538238525,22737
5.830986022949219,22736
5.85699200630188,22735
5.8823981285095215,22734
5.908897161483765,22733
5.962022304534912,22732
5.992870330810547,22731
6.020605087280273,22730
6.04770827293396,22729
6.075760126113892,22728
6.1044921875,22727
6.1326940059661865,22726
6.163396120071411,22725
6.204395055770874,22724
6.2374982833862305,22723
6.264197111129761,22722
6.294590950012207,22721
6.326064109802246,22720
6.356535196304321,22719
6.3891441822052,22718
6.421420097351074,22717
6.453198194503784,22716
6.486055374145508,22715
6.5190510749816895,22714
6.553857088088989,22713
6.582639217376709,22712
6.608902215957642,22711
6.634078025817871,22710
6.658903121948242,22709
6.682405233383179,22708
6.705952167510986,22707
6.729100227355957,22706
6.752796173095703,22705
6.779665231704712,22704
6.803450107574463,22703
6.836339950561523,22702
6.859911918640137,22701
6.88398814201355,22700
6.9095072746276855,22699
6.935245037078857,22698
6.95943808555603,22697
6.9841039180755615,22696
7.007400989532471,22695
7.030360221862793,22694
7.053751230239868,22693
7.076613187789917,22692
7.105585336685181,22691
7.1291022300720215,22690
7.152087211608887,22689
7.176059246063232,22688
7.200955152511597,22687
7.224553108215332,22686
7.248972177505493,22685
7.273576021194458,22684
7.297080039978027,22683
7.322256326675415,22682
7.346864223480225,22681
7.371904134750366,22680
7.39528226852417,22679
7.418596267700195,22678
7.442670106887817,22677
7.46718692779541,22676
7.495065212249756,22675
7.519334316253662,22674
7.5443971157073975,22673
7.56818413734436,22672
7.590967178344727,22671
7.613537073135376,22670
7.636486291885376,22669
7.659316062927246,22668
7.682200193405151,22667
7.705012083053589,22666
7.731476068496704,22665
7.7543861865997314,22664
7.777261257171631,22663
7.800155162811279,22662
7.823162317276001,22661
7.846196174621582,22660
7.869595289230347,22659
7.892776012420654,22658
7.9159440994262695,22657
7.9393322467803955,22656
7.986408948898315,22655
8.009942054748535,22654
8.034051179885864,22653
8.058959245681763,22652
8.083372116088867,22651
8.108696222305298,22650
8.13424015045166,22649
8.157993078231812,22648
8.190081119537354,22647
8.223597049713135,22646
8.25374698638916,22645
8.278823375701904,22644
8.303930282592773,22643
8.328392028808594,22642
8.352802038192749,22641
8.377157211303711,22640
8.400838136672974,22639
8.424468994140625,22638
8.460272312164307,22637
8.486654043197632,22636
8.510362148284912,22635
8.533649206161499,22634
8.556904077529907,22633
8.606610298156738,22632
8.630282163619995,22631
8.654795169830322,22630
8.67839527130127,22629
8.702003955841064,22628
8.726269960403442,22627
8.750087261199951,22626
8.77363109588623,22625
8.797145128250122,22624
8.82086706161499,22623
8.844588041305542,22622
8.868651151657104,22621
8.892348289489746,22620
8.91616415977478,22619
8.941431045532227,22618
8.965790033340454,22617
8.99086308479309,22616
9.015728235244751,22615
9.039837121963501,22614
9.064483165740967,22613
9.088850259780884,22612
9.11257815361023,22611
9.13572096824646,22610
9.15880823135376,22609
9.182149171829224,22608
9.205799341201782,22607
9.229012966156006,22606
9.252907037734985,22605
9.277279138565063,22604
9.303593158721924,22603
9.329529285430908,22602
9.354384183883667,22601
9.379866123199463,22600
9.405279159545898,22599
9.430384159088135,22598
9.457157135009766,22597
9.482612133026123,22596
9.507996320724487,22595
9.53327226638794,22594
9.563774108886719,22593
9.589521169662476,22592
9.614953994750977,22591
9.65672516822815,22590
9.680256128311157,22589
9.705716133117676,22588
9.731743097305298,22587
9.757312059402466,22586
9.78209114074707,22585
9.806435108184814,22584
9.831891059875488,22583
9.85732913017273,22582
9.882688045501709,22581
9.9082932472229,22580
9.933569192886353,22579
9.959151268005371,22578
9.985438108444214,22577
10.010414123535156,22576
