0.5087993144989014,4897
0.5894193649291992,4896
0.6687033176422119,4895
0.7496316432952881,4894
0.8306646347045898,4893
0.9098010063171387,4892
0.9896895885467529,4891
1.0685806274414062,4890
1.1477575302124023,4889
1.2316789627075195,4888
1.3188796043395996,4887
1.4021108150482178,4886
1.4816062450408936,4885
1.5612053871154785,4884
1.6407504081726074,4883
1.7198607921600342,4882
1.7991652488708496,4881
1.878086805343628,4880
1.9569661617279053,4879
2.0359530448913574,4878
2.114772081375122,4877
2.1967995166778564,4876
2.279456377029419,4875
2.3621881008148193,4874
2.4417226314544678,4873
2.5208351612091064,4872
2.601263999938965,4871
2.681635856628418,4870
2.7606067657470703,4869
2.8396902084350586,4868
2.9190876483917236,4867
2.9981234073638916,4866
3.0837368965148926,4865
3.168778657913208,4864
3.250697612762451,4863
3.3303890228271484,4862
3.4100775718688965,4861
3.48964524269104,4860
3.5691168308258057,4859
3.648768663406372,4858
3.7283055782318115,4857
3.8086588382720947,4856
3.887929677963257,4855
3.967651844024658,4854
4.0470850467681885,4853
4.126603126525879,4852
4.207101583480835,4851
4.286978721618652,4850
4.366312026977539,4849
4.445898771286011,4848
4.525916337966919,4847
4.610753774642944,4846
4.689725637435913,4845
4.768772125244141,4844
4.847718954086304,4843
4.92671799659729,4842
5.005830764770508,4841
5.0847930908203125,4840
5.163950204849243,4839
5.244876146316528,4838
5.325770616531372,4837
5.405109643936157,4836
5.484418630599976,4835
5.565063953399658,4834
5.6549859046936035,4833
5.737081527709961,4832
5.817086696624756,4831
5.896414279937744,4830
5.975892066955566,4829
6.055184364318848,4828
6.134525775909424,4827
6.214299440383911,4826
6.293524503707886,4825
6.372602701187134,4824
6.451779365539551,4823
6.530693769454956,4822
6.609676361083984,4821
6.688780784606934,4820
6.768054246902466,4819
6.847054958343506,4818
6.925848722457886,4817
7.004795074462891,4816
7.083534002304077,4815
7.162560701370239,4814
7.241472244262695,4813
7.323612451553345,4812
7.402981281280518,4811
7.482043981552124,4810
7.560901165008545,4809
7.639637470245361,4808
7.718324184417725,4807
7.79728889465332,4806
7.8761138916015625,4805
7.955003499984741,4804
8.034016609191895,4803
8.112884521484375,4802
8.191854000091553,4801
8.271062850952148,4800
8.3501558303833,4799
8.429317712783813,4798
8.508312702178955,4797
8.587071895599365,4796
8.665947437286377,4795
8.74485158920288,4794
8.82423186302185,4793
8.903229475021362,4792
8.982296705245972,4791
9.061309576034546,4790
9.140371084213257,4789
9.219454765319824,4788
9.300852060317993,4787
9.380569458007812,4786
9.460017681121826,4785
9.540066957473755,4784
9.619159936904907,4783
9.705626726150513,4782
9.786186456680298,4781
9.865119934082031,4780
9.944159269332886,4779
10.02321743965149,4778
10.102035999298096,4777
10.181014776229858,4776
10.260162115097046,4775
10.3392972946167,4774
10.418385028839111,4773
10.497327089309692,4772
10.576113939285278,4771
10.656650304794312,4770
10.7469322681427,4769
10.82847809791565,4768
10.907532930374146,4767
10.986859798431396,4766
11.065797567367554,4765
11.144969463348389,4764
11.225650548934937,4763
11.306441068649292,4762
11.386801719665527,4761
11.465792179107666,4760
11.544835805892944,4759
11.62363076210022,4758
11.702468395233154,4757
11.781326055526733,4756
11.860264301300049,4755
11.939146757125854,4754
12.018126010894775,4753
12.096791982650757,4752
12.175672054290771,4751
12.254665613174438,4750
12.340312957763672,4749
12.421688318252563,4748
12.501007795333862,4747
12.580192565917969,4746
12.662931203842163,4745
12.742185354232788,4744
12.821200132369995,4743
12.900333166122437,4742
12.97927451133728,4741
13.058371543884277,4740
13.137228727340698,4739
13.216380834579468,4738
13.295679569244385,4737
13.38439655303955,4736
13.465964317321777,4735
13.545165538787842,4734
13.624385595321655,4733
13.703481674194336,4732
13.782641649246216,4731
13.861753225326538,4730
13.940585613250732,4729
14.019603490829468,4728
14.098363637924194,4727
14.177320718765259,4726
14.25655746459961,4725
14.33559274673462,4724
14.41536831855774,4723
14.494956731796265,4722
14.574488878250122,4721
14.65358591079712,4720
14.732683658599854,4719
14.812272548675537,4718
14.891332149505615,4717
14.970945835113525,4716
15.05075454711914,4715
15.129932403564453,4714
15.20918321609497,4713
15.288975477218628,4712
15.371479272842407,4711
15.45118260383606,4710
15.530214548110962,4709
15.609093427658081,4708
15.697091341018677,4707
15.786092281341553,4706
15.866260766983032,4705
15.945849418640137,4704
16.02784562110901,4703
16.10715627670288,4702
16.186338424682617,4701
16.265575408935547,4700
16.344704627990723,4699
16.42406129837036,4698
16.503018379211426,4697
16.581977605819702,4696
16.66081714630127,4695
16.739586353302002,4694
16.818568229675293,4693
16.897281169891357,4692
16.976274013519287,4691
17.055036783218384,4690
17.13387155532837,4689
17.212862730026245,4688
17.29198956489563,4687
17.372875452041626,4686
17.452588081359863,4685
17.531670808792114,4684
17.61066722869873,4683
17.689470052719116,4682
17.76816964149475,4681
17.847063064575195,4680
17.931884288787842,4679
18.011234998703003,4678
18.090030193328857,4677
18.16912841796875,4676
18.24824619293213,4675
18.327717542648315,4674
18.406856775283813,4673
18.485689878463745,4672
18.564836263656616,4671
18.6436288356781,4670
18.72259497642517,4669
18.801616191864014,4668
18.88080143928528,4667
18.959548234939575,4666
19.038774490356445,4665
19.117432832717896,4664
19.196303367614746,4663
19.275341749191284,4662
19.35421347618103,4661
19.436646223068237,4660
19.51620101928711,4659
19.595086812973022,4658
19.673821449279785,4657
19.752389907836914,4656
19.83123803138733,4655
19.9101345539093,4654
19.989014148712158,4653
20.067721128463745,4652
20.146562576293945,4651
20.225334644317627,4650
20.304373741149902,4649
20.38334345817566,4648
20.462409019470215,4647
20.5412917137146,4646
20.6200053691864,4645
20.69963526725769,4644
20.780214309692383,4643
20.859398126602173,4642
20.941046953201294,4641
21.022319078445435,4640
21.101400136947632,4639
21.180970668792725,4638
21.26056146621704,4637
21.34023380279541,4636
21.422669649124146,4635
21.5023775100708,4634
21.58165955543518,4633
21.660645961761475,4632
21.747464179992676,4631
21.833519220352173,4630
21.91304039955139,4629
21.992259740829468,4628
22.071444749832153,4627
22.150758266448975,4626
22.229944467544556,4625
22.309887886047363,4624
22.39007806777954,4623
22.46954607963562,4622
22.548607349395752,4621
22.62869167327881,4620
22.709588527679443,4619
22.788803100585938,4618
22.86839008331299,4617
22.947521686553955,4616
23.026764631271362,4615
23.105674266815186,4614
23.185805320739746,4613
23.264922618865967,4612
23.344107389450073,4611
23.432052612304688,4610
23.513558864593506,4609
23.603158712387085,4608
23.684284448623657,4607
23.763129949569702,4606
23.842616081237793,4605
23.92151165008545,4604
24.000269651412964,4603
24.079499006271362,4602
24.158388137817383,4601
24.23775053024292,4600
24.31796169281006,4599
24.400161504745483,4598
24.489375591278076,4597
24.570454120635986,4596
24.649996519088745,4595
24.729140996932983,4594
24.808855056762695,4593
24.890002965927124,4592
24.972175359725952,4591
25.054314136505127,4590
25.13637614250183,4589
25.21618390083313,4588
25.295701026916504,4587
25.374897718429565,4586
25.45618224143982,4585
25.53611922264099,4584
25.615598917007446,4583
25.694937705993652,4582
25.783987283706665,4581
25.865497827529907,4580
25.94465160369873,4579
26.02365279197693,4578
26.102301120758057,4577
26.181323528289795,4576
26.26035213470459,4575
26.340007781982422,4574
26.419225931167603,4573
26.497960805892944,4572
26.57688570022583,4571
26.65562868118286,4570
26.734249114990234,4569
26.81307864189148,4568
26.891844749450684,4567
26.97060775756836,4566
27.04946541786194,4565
27.128092288970947,4564
27.20696759223938,4563
27.28583812713623,4562
27.364893674850464,4561
27.44434380531311,4560
27.526139736175537,4559
27.604820251464844,4558
27.68350601196289,4557
27.762027502059937,4556
27.84134864807129,4555
27.920178174972534,4554
27.998878240585327,4553
28.077523708343506,4552
28.156096696853638,4551
28.234880924224854,4550
28.313786506652832,4549
28.392955541610718,4548
28.471877336502075,4547
28.550618886947632,4546
28.629178524017334,4545
28.70791482925415,4544
28.786638498306274,4543
28.86583399772644,4542
28.94455575942993,4541
29.02367091178894,4540
29.102469205856323,4539
29.181478023529053,4538
29.26051139831543,4537
29.339465379714966,4536
29.419312715530396,4535
29.500104427337646,4534
29.579529523849487,4533
29.658353090286255,4532
29.736963510513306,4531
29.815876960754395,4530
29.894572734832764,4529
29.973750352859497,4528
30.05270504951477,4527
30.13128089904785,4526
30.210174322128296,4525
30.28896975517273,4524
30.36795973777771,4523
30.446932315826416,4522
30.525807857513428,4521
30.604437589645386,4520
30.682979345321655,4519
30.763654232025146,4518
30.84505009651184,4517
30.923896551132202,4516
31.003017902374268,4515
31.087767362594604,4514
31.16679096221924,4513
31.24566960334778,4512
31.324634790420532,4511
31.403595685958862,4510
31.482508420944214,4509
31.56383967399597,4508
31.643017530441284,4507
31.72191572189331,4506
31.804251670837402,4505
31.883620023727417,4504
31.962365865707397,4503
32.041163206100464,4502
32.11972761154175,4501
32.19837689399719,4500
32.27717661857605,4499
32.355971813201904,4498
32.435160398483276,4497
32.51380205154419,4496
32.59230828285217,4495
32.673774003982544,4494
32.75476288795471,4493
32.844629526138306,4492
32.92589521408081,4491
33.004891872406006,4490
33.08421540260315,4489
33.16310143470764,4488
33.24208474159241,4487
33.32105350494385,4486
33.40007710456848,4485
33.4788281917572,4484
33.560585021972656,4483
33.639890909194946,4482
33.718642234802246,4481
33.79733085632324,4480
33.876370906829834,4479
33.95508337020874,4478
34.034350872039795,4477
34.113181591033936,4476
34.19176530838013,4475
34.270617723464966,4474
34.350019216537476,4473
34.431132078170776,4472
34.51554274559021,4471
34.59463834762573,4470
34.67335820198059,4469
34.751912117004395,4468
34.83085894584656,4467
34.90956354141235,4466
34.988335847854614,4465
35.066866397857666,4464
35.1452853679657,4463
35.22394585609436,4462
35.302692890167236,4461
35.3815655708313,4460
35.46154189109802,4459
35.54738259315491,4458
35.62729048728943,4457
35.70623230934143,4456
35.78909182548523,4455
35.87685585021973,4454
35.956430196762085,4453
36.035724401474,4452
36.114490032196045,4451
36.19385838508606,4450
36.27281904220581,4449
36.351863622665405,4448
36.43083953857422,4447
36.50953555107117,4446
36.58807563781738,4445
36.66656494140625,4444
36.74508619308472,4443
36.82373023033142,4442
36.90240216255188,4441
36.981083393096924,4440
37.05978298187256,4439
37.138261556625366,4438
37.21684241294861,4437
37.295512437820435,4436
37.37451910972595,4435
37.45322632789612,4434
37.532052516937256,4433
37.61370229721069,4432
37.69224572181702,4431
37.77071261405945,4430
37.849501848220825,4429
37.92801904678345,4428
38.00688695907593,4427
38.0856032371521,4426
38.16440534591675,4425
38.24338436126709,4424
38.322230100631714,4423
38.401209354400635,4422
38.47970700263977,4421
38.558263063430786,4420
38.63666844367981,4419
38.715232372283936,4418
38.7937171459198,4417
38.872376441955566,4416
38.95157599449158,4415
39.03070831298828,4414
39.10945391654968,4413
39.18841481208801,4412
39.267234563827515,4411
39.34732246398926,4410
39.42680621147156,4409
39.50593328475952,4408
39.586490869522095,4407
39.66598415374756,4406
39.744532108306885,4405
39.82302141189575,4404
39.90166211128235,4403
39.98047375679016,4402
40.05908393859863,4401
40.137545108795166,4400
40.21626091003418,4399
40.29509711265564,4398
40.37414002418518,4397
40.45287013053894,4396
40.531742811203,4395
40.61044383049011,4394
40.68917441368103,4393
40.76772618293762,4392
40.84719467163086,4391
40.92605137825012,4390
41.00518798828125,4389
41.08386158943176,4388
41.16242241859436,4387
41.24254393577576,4386
41.32184076309204,4385
41.40103101730347,4384
41.47972130775452,4383
41.55860614776611,4382
41.64052939414978,4381
41.71932005882263,4380
41.79795718193054,4379
41.876657009124756,4378
41.95519495010376,4377
42.033904790878296,4376
42.11233901977539,4375
42.19077134132385,4374
42.26929688453674,4373
42.34835696220398,4372
42.42738151550293,4371
42.506113052368164,4370
42.58447289466858,4369
42.66388487815857,4368
42.74512434005737,4367
42.825929403305054,4366
42.90519738197327,4365
42.9837007522583,4364
43.071489095687866,4363
43.153382778167725,4362
43.23214769363403,4361
43.31112480163574,4360
43.39022135734558,4359
43.46893334388733,4358
43.5475378036499,4357
43.62804675102234,4356
43.70727252960205,4355
43.78579878807068,4354
43.87438631057739,4353
43.9558801651001,4352
44.034743547439575,4351
44.11363124847412,4350
44.1921443939209,4349
44.2709276676178,4348
44.35048484802246,4347
44.42966890335083,4346
44.508890867233276,4345
44.587475538253784,4344
44.665931940078735,4343
44.744372844696045,4342
44.82295513153076,4341
44.901724338531494,4340
44.98060584068298,4339
45.05935740470886,4338
45.13788723945618,4337
45.21673274040222,4336
45.295320987701416,4335
45.37442231178284,4334
45.45323181152344,4333
45.53801703453064,4332
45.61859464645386,4331
45.69990253448486,4330
45.78134274482727,4329
45.8662474155426,4328
45.955225229263306,4327
46.03802514076233,4326
46.11687445640564,4325
46.19562244415283,4324
46.27422022819519,4323
46.352927923202515,4322
46.43176198005676,4321
46.51037263870239,4320
46.59673357009888,4319
46.67671346664429,4318
46.755226850509644,4317
46.83387064933777,4316
46.912755250930786,4315
46.991424560546875,4314
47.069844245910645,4313
47.14839148521423,4312
47.227248430252075,4311
47.305729389190674,4310
47.38463068008423,4309
47.46327018737793,4308
47.541868448257446,4307
47.620121002197266,4306
47.701590061187744,4305
47.78012275695801,4304
47.85872292518616,4303
47.93736028671265,4302
48.015928506851196,4301
48.09438633918762,4300
48.17272710800171,4299
48.25131177902222,4298
48.329957246780396,4297
48.40890455245972,4296
48.48776125907898,4295
48.56630229949951,4294
48.64496445655823,4293
48.72375464439392,4292
48.80259847640991,4291
48.88169622421265,4290
48.96049976348877,4289
49.039088010787964,4288
49.11749291419983,4287
49.1958703994751,4286
49.27432107925415,4285
49.35300898551941,4284
49.431867361068726,4283
49.51068711280823,4282
49.58904790878296,4281
49.668503284454346,4280
49.74870538711548,4279
49.827030181884766,4278
49.90567708015442,4277
49.98450422286987,4276
50.06299161911011,4275
50.141146421432495,4274
50.219571352005005,4273
50.297948598861694,4272
50.3769805431366,4271
50.45548892021179,4270
50.53402829170227,4269
50.6122932434082,4268
50.69045162200928,4267
50.76857900619507,4266
50.84709358215332,4265
50.92552375793457,4264
51.00405311584473,4263
51.082449197769165,4262
51.16061186790466,4261
51.23901319503784,4260
51.317370653152466,4259
51.3963418006897,4258
51.47466683387756,4257
51.55315065383911,4256
51.631502866744995,4255
51.712499141693115,4254
51.79205250740051,4253
51.87113356590271,4252
51.94968223571777,4251
52.02831029891968,4250
52.112682819366455,4249
52.191969871520996,4248
52.27069973945618,4247
52.349806785583496,4246
52.42839336395264,4245
52.506787061691284,4244
52.58485460281372,4243
52.66299819946289,4242
52.74604940414429,4241
52.824793577194214,4240
52.90346384048462,4239
52.9818480014801,4238
53.060075521469116,4237
53.13806390762329,4236
53.21652793884277,4235
53.294994831085205,4234
53.373889684677124,4233
53.45361042022705,4232
53.53207588195801,4231
53.61019992828369,4230
53.68852400779724,4229
53.771042823791504,4228
53.85064363479614,4227
53.9308021068573,4226
54.00917863845825,4225
54.08732008934021,4224
54.1654007434845,4223
54.244521379470825,4222
54.322871923446655,4221
54.40277314186096,4220
54.48183345794678,4219
54.56126952171326,4218
54.63958811759949,4217
54.71783661842346,4216
54.796024322509766,4215
54.87896752357483,4214
54.963961601257324,4213
55.04333806037903,4212
55.12159299850464,4211
55.19998645782471,4210
55.2786762714386,4209
55.357295513153076,4208
55.43586206436157,4207
55.514429330825806,4206
55.59255933761597,4205
55.67073321342468,4204
55.75116324424744,4203
55.82987403869629,4202
55.9114134311676,4201
56.00118327140808,4200
56.081640005111694,4199
56.159963607788086,4198
56.23995018005371,4197
56.31837701797485,4196
56.39721989631653,4195
56.475661754608154,4194
56.55414795875549,4193
56.63995623588562,4192
56.719014406204224,4191
56.79725980758667,4190
56.87579083442688,4189
56.9541335105896,4188
57.03279685974121,4187
57.11133623123169,4186
57.18971252441406,4185
57.2681941986084,4184
57.346712589263916,4183
57.42579627037048,4182
57.50460076332092,4181
57.583242416381836,4180
57.66924166679382,4179
57.74965238571167,4178
57.829066038131714,4177
57.90780305862427,4176
57.9862163066864,4175
58.06440615653992,4174
58.14247918128967,4173
58.22074890136719,4172
58.29904365539551,4171
58.377628803253174,4170
58.45596528053284,4169
58.53449821472168,4168
58.61253094673157,4167
58.69082546234131,4166
58.768818855285645,4165
58.84697365760803,4164
58.925212383270264,4163
59.00331783294678,4162
59.08158802986145,4161
59.15955352783203,4160
59.23793435096741,4159
59.32097625732422,4158
59.40129089355469,4157
59.48078942298889,4156
59.559887170791626,4155
59.638033390045166,4154
59.71605968475342,4153
59.7968385219574,4152
59.87569832801819,4151
59.95413875579834,4150
60.032373666763306,4149
60.11047601699829,4148
60.188429832458496,4147
60.26660203933716,4146
60.34492611885071,4145
60.423471450805664,4144
60.50193905830383,4143
60.58002591133118,4142
60.658015727996826,4141
60.73601031303406,4140
60.82024574279785,4139
60.90039658546448,4138
60.97896146774292,4137
61.05729389190674,4136
61.13526749610901,4135
61.213484048843384,4134
61.292003870010376,4133
61.37054204940796,4132
61.44905138015747,4131
61.5273814201355,4130
61.60569429397583,4129
61.68831825256348,4128
61.767667055130005,4127
61.849958419799805,4126
61.92886781692505,4125
62.007136821746826,4124
62.08532667160034,4123
62.163317918777466,4122
62.24168848991394,4121
62.31978964805603,4120
62.398494243621826,4119
62.47679543495178,4118
62.55488991737366,4117
62.63286542892456,4116
62.71226525306702,4115
62.79166316986084,4114
62.870055198669434,4113
62.94841122627258,4112
63.02649140357971,4111
63.112483739852905,4110
63.19451904296875,4109
63.27306914329529,4108
63.35148525238037,4107
63.4303240776062,4106
63.508896827697754,4105
63.5868821144104,4104
63.66494274139404,4103
63.74283957481384,4102
63.82281017303467,4101
63.90164232254028,4100
63.979755878448486,4099
64.05840516090393,4098
64.13668823242188,4097
64.21517753601074,4096
64.2936098575592,4095
64.3727798461914,4094
64.451486825943,4093
64.53039050102234,4092
64.60886287689209,4091
64.6876654624939,4090
64.76587247848511,4089
64.84420561790466,4088
64.92499303817749,4087
65.00395941734314,4086
65.08219981193542,4085
65.16028141975403,4084
65.23875403404236,4083
65.31703233718872,4082
65.39608645439148,4081
65.47442507743835,4080
65.55277800559998,4079
65.63081860542297,4078
65.70884227752686,4077
65.7870523929596,4076
65.86862301826477,4075
65.95539546012878,4074
66.04386019706726,4073
66.1238853931427,4072
66.20239114761353,4071
66.28070616722107,4070
66.35919070243835,4069
66.4378342628479,4068
66.51600980758667,4067
66.59416890144348,4066
66.67230916023254,4065
66.75026297569275,4064
66.82828330993652,4063
66.90646743774414,4062
66.98462462425232,4061
67.06278920173645,4060
67.14088678359985,4059
67.21902537345886,4058
67.29719948768616,4057
67.37572169303894,4056
67.45409512519836,4055
67.53233671188354,4054
67.610280752182,4053
67.69552946090698,4052
67.77463555335999,4051
67.85270810127258,4050
67.93403840065002,4049
68.012531042099,4048
68.09066009521484,4047
68.16865825653076,4046
68.24714803695679,4045
68.32520318031311,4044
68.40395164489746,4043
68.48223805427551,4042
68.56045484542847,4041
68.63846516609192,4040
68.72334432601929,4039
68.80808162689209,4038
68.89154863357544,4037
68.97310781478882,4036
69.054678440094,4035
69.13384199142456,4034
69.21295833587646,4033
69.29318118095398,4032
69.37357807159424,4031
69.45267748832703,4030
69.53210687637329,4029
69.61097550392151,4028
69.68901991844177,4027
69.76741695404053,4026
69.84544086456299,4025
69.92701983451843,4024
70.00581479072571,4023
70.08396649360657,4022
70.16201066970825,4021
70.24014210700989,4020
70.31830739974976,4019
70.39703178405762,4018
70.47541189193726,4017
70.55356526374817,4016
70.6315221786499,4015
70.70953512191772,4014
70.78764581680298,4013
70.8656497001648,4012
70.94392275810242,4011
71.02249693870544,4010
71.10079884529114,4009
71.17908048629761,4008
71.25904393196106,4007
71.33743977546692,4006
71.4169385433197,4005
71.49582052230835,4004
71.57539510726929,4003
71.65453028678894,4002
71.73290657997131,4001
71.81107640266418,4000
71.88939762115479,3999
71.97061419487,3998
72.04904580116272,3997
72.12707209587097,3996
72.20522832870483,3995
72.28342962265015,3994
72.361900806427,3993
72.44087719917297,3992
72.5191867351532,3991
72.59729266166687,3990
72.67555046081543,3989
72.75649619102478,3988
72.83511805534363,3987
72.91349673271179,3986
72.99178719520569,3985
73.06986737251282,3984
73.14797973632812,3983
73.22659683227539,3982
73.30493092536926,3981
73.38392663002014,3980
73.46271109580994,3979
73.54176759719849,3978
73.6203064918518,3977
73.69870114326477,3976
73.77711939811707,3975
73.8551721572876,3974
73.93477416038513,3973
74.01535511016846,3972
74.09378242492676,3971
74.17180275917053,3970
74.25020360946655,3969
74.32839441299438,3968
74.40846395492554,3967
74.48676824569702,3966
74.56560683250427,3965
74.64369416236877,3964
74.72167110443115,3963
74.79958605766296,3962
74.87750124931335,3961
74.95615768432617,3960
75.03446316719055,3959
75.11252880096436,3958
75.19053840637207,3957
75.26856851577759,3956
75.34661078453064,3955
75.4255485534668,3954
75.50395965576172,3953
75.58202576637268,3952
75.66018676757812,3951
75.73811173439026,3950
75.82000017166138,3949
75.89902329444885,3948
75.98226141929626,3947
76.06970453262329,3946
76.15568780899048,3945
76.23472261428833,3944
76.31321001052856,3943
76.39224791526794,3942
76.47043704986572,3941
76.54946732521057,3940
76.62757706642151,3939
76.70580506324768,3938
76.78376388549805,3937
76.8616361618042,3936
76.93999814987183,3935
77.0284218788147,3934
77.10912442207336,3933
77.18763160705566,3932
77.26615643501282,3931
77.34414482116699,3930
77.422926902771,3929
77.50093054771423,3928
77.5791404247284,3927
77.657301902771,3926
77.73529362678528,3925
77.81303358078003,3924
77.89131307601929,3923
77.97071862220764,3922
78.05073571205139,3921
78.1286392211914,3920
78.20695209503174,3919
78.28503894805908,3918
78.36398839950562,3917
78.4435408115387,3916
78.52264142036438,3915
78.6013491153717,3914
78.68057942390442,3913
78.76561689376831,3912
78.84443759918213,3911
78.92292714118958,3910
79.0011203289032,3909
79.07914686203003,3908
79.1573133468628,3907
79.23561882972717,3906
79.31369972229004,3905
79.39216017723083,3904
79.47028636932373,3903
79.54935455322266,3902
79.62732934951782,3901
79.70521020889282,3900
79.79002475738525,3899
79.86916255950928,3898
79.94784235954285,3897
80.02990627288818,3896
80.10869002342224,3895
80.18657493591309,3894
80.26458716392517,3893
80.34262657165527,3892
80.42183589935303,3891
80.5000479221344,3890
80.57827687263489,3889
80.65613555908203,3888
80.73395490646362,3887
80.8117322921753,3886
80.88972020149231,3885
80.96803545951843,3884
81.04626774787903,3883
81.12423181533813,3882
81.20212841033936,3881
81.28014659881592,3880
81.35821723937988,3879
81.43668222427368,3878
81.51458239555359,3877
81.59306597709656,3876
81.67099905014038,3875
81.75030827522278,3874
81.83124327659607,3873
81.91246294975281,3872
81.99368906021118,3871
82.0750834941864,3870
82.15337038040161,3869
82.23161101341248,3868
82.3096284866333,3867
82.38798332214355,3866
82.4670820236206,3865
82.54544067382812,3864
82.62349724769592,3863
82.70148086547852,3862
82.78281545639038,3861
82.8610827922821,3860
82.94018507003784,3859
83.01859760284424,3858
83.09689903259277,3857
83.17510843276978,3856
83.2536404132843,3855
83.33300542831421,3854
83.41245365142822,3853
83.49098443984985,3852
83.57403683662415,3851
83.66016364097595,3850
83.7388391494751,3849
83.81701993942261,3848
83.89489841461182,3847
83.97291302680969,3846
84.0529088973999,3845
84.13176560401917,3844
84.20988440513611,3843
84.28786706924438,3842
84.36636662483215,3841
84.44502091407776,3840
84.52307176589966,3839
84.60100555419922,3838
84.67862248420715,3837
84.7562153339386,3836
84.8338897228241,3835
84.91168665885925,3834
84.9900050163269,3833
85.0679440498352,3832
85.14571809768677,3831
85.22348928451538,3830
85.30137610435486,3829
85.37950539588928,3828
85.45755195617676,3827
85.53565764427185,3826
85.61354207992554,3825
85.69176769256592,3824
85.77546834945679,3823
85.8538658618927,3822
85.93219590187073,3821
86.01007390022278,3820
86.09197521209717,3819
86.18050718307495,3818
86.26172113418579,3817
86.34022545814514,3816
86.41923189163208,3815
86.49807262420654,3814
86.57662200927734,3813
86.65450310707092,3812
86.73253631591797,3811
86.8102924823761,3810
86.88818883895874,3809
86.96609401702881,3808
87.0467221736908,3807
87.1252110004425,3806
87.20306348800659,3805
87.28099989891052,3804
87.35900497436523,3803
87.43742227554321,3802
87.51530075073242,3801
87.59305119514465,3800
87.67070174217224,3799
87.74847078323364,3798
87.82616305351257,3797
87.90383863449097,3796
87.9817943572998,3795
88.06993174552917,3794
88.15358281135559,3793
88.23198342323303,3792
88.31015396118164,3791
88.38847184181213,3790
88.4667272567749,3789
88.54525351524353,3788
88.62313747406006,3787
88.70123100280762,3786
88.77905416488647,3785
88.85679769515991,3784
88.93492412567139,3783
89.01281666755676,3782
89.09053897857666,3781
89.1684422492981,3780
89.24617505073547,3779
89.32417559623718,3778
89.40235471725464,3777
89.48056483268738,3776
89.55900835990906,3775
89.63696789741516,3774
89.71460199356079,3773
89.79854369163513,3772
89.8805558681488,3771
89.95974540710449,3770
