0.7102842330932617,4897
0.8379886150360107,4896
0.9633843898773193,4895
1.0894412994384766,4894
1.2147338390350342,4893
1.3400540351867676,4892
1.4665043354034424,4891
1.591562032699585,4890
1.7154080867767334,4889
1.8434607982635498,4888
1.969939947128296,4887
2.0967516899108887,4886
2.223473310470581,4885
2.34924578666687,4884
2.475684881210327,4883
2.6011250019073486,4882
2.728461742401123,4881
2.8539631366729736,4880
2.9804859161376953,4879
3.10605788230896,4878
3.2320663928985596,4877
3.358083486557007,4876
3.4836666584014893,4875
3.6107444763183594,4874
3.7364425659179688,4873
3.8630709648132324,4872
3.9885964393615723,4871
4.115063190460205,4870
4.238922595977783,4869
4.364261865615845,4868
4.488688945770264,4867
4.609748125076294,4866
4.734619379043579,4865
4.858397006988525,4864
4.985819101333618,4863
5.114083766937256,4862
5.243435859680176,4861
5.373424291610718,4860
5.503149032592773,4859
5.6330578327178955,4858
5.760503768920898,4857
5.885426759719849,4856
6.013190746307373,4855
6.138836622238159,4854
6.264731168746948,4853
6.388836622238159,4852
6.514902353286743,4851
6.638389348983765,4850
6.760778903961182,4849
6.8854429721832275,4848
7.006553649902344,4847
7.134820938110352,4846
7.259614706039429,4845
7.384375333786011,4844
7.50601053237915,4843
7.631234645843506,4842
7.756897926330566,4841
7.881894111633301,4840
8.009485960006714,4839
8.137020349502563,4838
8.26501750946045,4837
8.390103816986084,4836
8.516294479370117,4835
8.644994735717773,4834
8.768911123275757,4833
8.895789623260498,4832
9.021912097930908,4831
9.145036220550537,4830
9.26927375793457,4829
9.397048711776733,4828
9.525732040405273,4827
9.65329623222351,4826
9.777268648147583,4825
9.904934406280518,4824
