0.749640703201294,4897
0.887549877166748,4896
1.0238587856292725,4895
1.1609423160552979,4894
1.2989559173583984,4893
1.4369938373565674,4892
1.5780029296875,4891
1.7166037559509277,4890
1.8571045398712158,4889
1.9977989196777344,4888
2.1395390033721924,4887
2.2798829078674316,4886
2.419257164001465,4885
2.5576388835906982,4884
2.696831464767456,4883
2.8361504077911377,4882
2.9776456356048584,4881
3.1213815212249756,4880
3.2611923217773438,4879
3.397348642349243,4878
3.535207986831665,4877
3.672755718231201,4876
3.8152716159820557,4875
3.960951328277588,4874
4.109922170639038,4873
4.261173486709595,4872
4.414031267166138,4871
4.5700554847717285,4870
4.72809910774231,4869
4.874555826187134,4868
5.01131010055542,4867
5.150696516036987,4866
5.290858507156372,4865
5.430629730224609,4864
5.5709545612335205,4863
5.710533857345581,4862
5.85107159614563,4861
5.990817070007324,4860
6.130268335342407,4859
6.2701637744903564,4858
6.410507440567017,4857
6.555468320846558,4856
6.699291467666626,4855
6.8451988697052,4854
6.98756217956543,4853
7.123723268508911,4852
7.259930610656738,4851
7.396497964859009,4850
7.534153699874878,4849
7.67007303237915,4848
7.806145906448364,4847
7.942956209182739,4846
8.079024314880371,4845
8.214457511901855,4844
8.350339651107788,4843
8.487905263900757,4842
8.624099493026733,4841
8.760183334350586,4840
8.895952463150024,4839
9.032467603683472,4838
9.168657064437866,4837
9.305147409439087,4836
9.444578886032104,4835
9.582241535186768,4834
9.718178510665894,4833
9.853704690933228,4832
9.987679243087769,4831
10.124029397964478,4830
10.259634971618652,4829
10.40032148361206,4828
10.53650450706482,4827
10.669576168060303,4826
10.80295705795288,4825
10.936459302902222,4824
11.070998191833496,4823
11.207715272903442,4822
11.343369483947754,4821
11.481033086776733,4820
11.61764407157898,4819
11.754496574401855,4818
11.88747787475586,4817
12.020628452301025,4816
12.154213666915894,4815
12.287841558456421,4814
12.421215534210205,4813
12.557647228240967,4812
12.697216272354126,4811
12.838146686553955,4810
12.97062635421753,4809
13.103752851486206,4808
13.238267183303833,4807
13.369933366775513,4806
13.502153158187866,4805
13.636777877807617,4804
13.77665114402771,4803
13.91271448135376,4802
14.05353569984436,4801
14.194199562072754,4800
14.32762885093689,4799
14.458505153656006,4798
14.58954644203186,4797
14.72269606590271,4796
14.854235887527466,4795
14.986841678619385,4794
15.126180410385132,4793
15.265868902206421,4792
15.399458885192871,4791
15.532521486282349,4790
15.682371139526367,4789
15.811393737792969,4788
15.938140869140625,4787
16.06577491760254,4786
16.19230318069458,4785
16.320549488067627,4784
16.451768398284912,4783
16.594598531723022,4782
16.740936756134033,4781
16.888312578201294,4780
17.035754203796387,4779
17.184740781784058,4778
17.33587098121643,4777
17.488500118255615,4776
17.640466690063477,4775
17.79429817199707,4774
17.94967746734619,4773
18.105106115341187,4772
18.26026749610901,4771
18.418058156967163,4770
18.57709288597107,4769
18.717921495437622,4768
18.85755443572998,4767
18.998596906661987,4766
19.139209270477295,4765
19.27977728843689,4764
19.420405387878418,4763
19.56164312362671,4762
19.702296018600464,4761
19.842800855636597,4760
19.980327129364014,4759
20.125359773635864,4758
20.276228666305542,4757
20.431570291519165,4756
20.583000898361206,4755
20.73432159423828,4754
20.88469958305359,4753
21.035013675689697,4752
21.186495304107666,4751
21.337740659713745,4750
21.488678455352783,4749
21.63834500312805,4748
21.78482413291931,4747
21.92581796646118,4746
22.06712532043457,4745
22.206753492355347,4744
22.3407084941864,4743
22.474519729614258,4742
22.608290672302246,4741
22.741065740585327,4740
22.873939514160156,4739
23.010247945785522,4738
23.152305841445923,4737
23.29112458229065,4736
23.42637825012207,4735
23.56428050994873,4734
23.70229172706604,4733
23.83915686607361,4732
23.97758460044861,4731
24.110997438430786,4730
24.2411949634552,4729
24.37230944633484,4728
24.505386114120483,4727
24.6403386592865,4726
24.772802114486694,4725
24.90512251853943,4724
25.036924839019775,4723
25.174396514892578,4722
25.311837673187256,4721
25.44928479194641,4720
25.58693766593933,4719
25.721763372421265,4718
25.852853775024414,4717
25.98389744758606,4716
26.11412811279297,4715
26.245349168777466,4714
26.375762939453125,4713
26.5079185962677,4712
26.641844987869263,4711
26.778602123260498,4710
26.91398787498474,4709
27.0509934425354,4708
27.18946099281311,4707
27.32798957824707,4706
27.467591524124146,4705
27.611990928649902,4704
27.75313925743103,4703
27.894533395767212,4702
28.036722898483276,4701
28.180683135986328,4700
28.331941604614258,4699
28.483974933624268,4698
28.639978885650635,4697
28.797625064849854,4696
28.95448088645935,4695
29.111387491226196,4694
29.25838589668274,4693
29.397963523864746,4692
29.536340713500977,4691
29.6735577583313,4690
29.81169629096985,4689
29.957181930541992,4688
30.10384511947632,4687
30.252471923828125,4686
30.400530099868774,4685
30.53981924057007,4684
30.679973363876343,4683
30.82088327407837,4682
30.960673809051514,4681
31.10013198852539,4680
31.236764430999756,4679
31.37357211112976,4678
31.513500213623047,4677
31.650511264801025,4676
31.789827585220337,4675
31.929580211639404,4674
32.06945466995239,4673
32.20680046081543,4672
32.35222673416138,4671
32.50056433677673,4670
32.64707350730896,4669
32.79330086708069,4668
32.93866944313049,4667
33.08190941810608,4666
33.22066688537598,4665
33.3567259311676,4664
33.49367928504944,4663
33.63060140609741,4662
33.76518106460571,4661
33.894938945770264,4660
34.02532768249512,4659
34.15858578681946,4658
34.294201612472534,4657
34.430787563323975,4656
34.56881904602051,4655
34.70661783218384,4654
34.84489965438843,4653
34.983224391937256,4652
35.121490478515625,4651
35.26111841201782,4650
35.40309405326843,4649
35.546107053756714,4648
35.68894147872925,4647
35.83384084701538,4646
35.978435754776,4645
36.126397371292114,4644
36.27409029006958,4643
36.420284271240234,4642
36.567100286483765,4641
36.704099893569946,4640
36.83678960800171,4639
36.968560457229614,4638
37.09987258911133,4637
37.236140966415405,4636
37.36996340751648,4635
37.504159927368164,4634
37.63871502876282,4633
37.77141213417053,4632
37.901766538619995,4631
38.03373050689697,4630
38.16365313529968,4629
38.296334981918335,4628
38.42949295043945,4627
38.563835859298706,4626
38.69821000099182,4625
38.83317542076111,4624
38.972432136535645,4623
39.11116313934326,4622
39.248286962509155,4621
39.38688087463379,4620
39.52549624443054,4619
39.66043519973755,4618
39.789133071899414,4617
39.919984579086304,4616
40.05013704299927,4615
40.1725549697876,4614
40.30114221572876,4613
40.43682360649109,4612
40.57427620887756,4611
40.711228370666504,4610
40.84703850746155,4609
40.98392581939697,4608
41.122023582458496,4607
41.26009011268616,4606
41.3986930847168,4605
41.53947710990906,4604
41.680046796798706,4603
41.81928014755249,4602
41.97062945365906,4601
42.11547541618347,4600
42.25447678565979,4599
42.39319372177124,4598
42.5336594581604,4597
42.67401885986328,4596
42.8145318031311,4595
42.95528268814087,4594
43.09204840660095,4593
43.22340941429138,4592
43.358436584472656,4591
43.50827479362488,4590
43.65805768966675,4589
43.80664944648743,4588
43.95374393463135,4587
44.0984308719635,4586
44.234689474105835,4585
44.37099003791809,4584
44.509655237197876,4583
44.64709424972534,4582
44.78559970855713,4581
44.92352533340454,4580
45.05967092514038,4579
45.1953661441803,4578
45.337868213653564,4577
45.48508358001709,4576
45.629897356033325,4575
45.77452540397644,4574
45.918720722198486,4573
46.06127166748047,4572
46.2010977268219,4571
46.3380024433136,4570
46.47440505027771,4569
46.61345982551575,4568
46.74918723106384,4567
46.88568043708801,4566
47.02285623550415,4565
47.16117548942566,4564
47.305065631866455,4563
47.45079588890076,4562
47.59725213050842,4561
47.74334478378296,4560
47.89149618148804,4559
48.04036831855774,4558
48.188143253326416,4557
48.33732581138611,4556
48.4888436794281,4555
48.64024567604065,4554
48.7869131565094,4553
48.92963647842407,4552
49.07316279411316,4551
49.21652269363403,4550
49.35982823371887,4549
49.50586557388306,4548
49.650991916656494,4547
49.795653104782104,4546
49.94049096107483,4545
50.08060050010681,4544
50.211843729019165,4543
50.34690022468567,4542
50.49055552482605,4541
50.63100838661194,4540
50.76805233955383,4539
50.901150703430176,4538
51.030823707580566,4537
51.16470193862915,4536
51.29439401626587,4535
51.42541456222534,4534
51.55834221839905,4533
51.69032573699951,4532
51.82182836532593,4531
51.953612089157104,4530
52.09090280532837,4529
52.22845005989075,4528
52.36468768119812,4527
52.50279664993286,4526
52.638856649398804,4525
52.77308106422424,4524
52.903955698013306,4523
53.03372383117676,4522
53.164255142211914,4521
53.294803619384766,4520
53.42341184616089,4519
53.55369424819946,4518
53.683608293533325,4517
53.81797814369202,4516
53.95372176170349,4515
54.09183359146118,4514
54.22883462905884,4513
54.36724376678467,4512
54.5066773891449,4511
54.64578199386597,4510
54.79405760765076,4509
54.94203019142151,4508
55.091331243515015,4507
55.239004135131836,4506
55.38837766647339,4505
55.53876852989197,4504
55.68984580039978,4503
55.84076404571533,4502
55.99201250076294,4501
56.143553495407104,4500
56.29583144187927,4499
56.44771146774292,4498
56.5997519493103,4497
56.736104011535645,4496
56.87231254577637,4495
57.0160346031189,4494
57.15830421447754,4493
57.2976291179657,4492
57.43143582344055,4491
57.568538427352905,4490
57.70354962348938,4489
57.83955645561218,4488
57.977110385894775,4487
58.11390233039856,4486
58.25038814544678,4485
58.38604021072388,4484
58.53135848045349,4483
58.67621064186096,4482
58.81976914405823,4481
58.96354699134827,4480
59.106940269470215,4479
59.24861550331116,4478
59.38599395751953,4477
59.520711183547974,4476
59.655539989471436,4475
59.79079031944275,4474
59.924524545669556,4473
60.05881357192993,4472
60.19434666633606,4471
60.326985597610474,4470
60.463380098342896,4469
60.59910297393799,4468
60.73466205596924,4467
60.87052536010742,4466
61.00678586959839,4465
61.14396023750305,4464
61.28264236450195,4463
61.42029905319214,4462
61.55979371070862,4461
61.6989951133728,4460
61.83936285972595,4459
61.98006629943848,4458
62.121864318847656,4457
62.266297817230225,4456
62.41231822967529,4455
62.559470415115356,4454
62.70892381668091,4453
62.854554653167725,4452
62.99190926551819,4451
63.12337040901184,4450
63.25850558280945,4449
63.39695596694946,4448
63.53320288658142,4447
63.664504289627075,4446
63.79442310333252,4445
63.925944089889526,4444
64.05605483055115,4443
64.18796920776367,4442
64.32021021842957,4441
64.45242953300476,4440
64.58522415161133,4439
64.71906447410583,4438
64.85769867897034,4437
64.99647736549377,4436
65.133624792099,4435
65.27112436294556,4434
65.40804672241211,4433
65.54322290420532,4432
65.67370510101318,4431
65.80353498458862,4430
65.9342565536499,4429
66.06410074234009,4428
66.1924843788147,4427
66.3224630355835,4426
66.45272088050842,4425
66.58797597885132,4424
66.72183752059937,4423
66.85991978645325,4422
67.0037293434143,4421
67.13828301429749,4420
67.27604913711548,4419
67.41399788856506,4418
67.55360388755798,4417
67.69323062896729,4416
67.83253479003906,4415
67.97301316261292,4414
68.11416101455688,4413
68.25387811660767,4412
68.41195774078369,4411
68.55196404457092,4410
68.69242691993713,4409
68.83279323577881,4408
68.97285962104797,4407
69.10530495643616,4406
69.23455595970154,4405
69.36259937286377,4404
69.49199914932251,4403
69.62183403968811,4402
69.75348138809204,4401
69.89113259315491,4400
70.02872157096863,4399
70.167165517807,4398
70.30542278289795,4397
70.44568133354187,4396
70.5843517780304,4395
70.7223732471466,4394
70.8610246181488,4393
70.99862790107727,4392
71.13609337806702,4391
71.27308964729309,4390
71.41033363342285,4389
71.56083989143372,4388
71.694664478302,4387
71.8290183544159,4386
71.96373295783997,4385
72.09554266929626,4384
72.22933053970337,4383
72.36358380317688,4382
72.4989562034607,4381
72.63289093971252,4380
72.76864004135132,4379
72.90727043151855,4378
73.05685758590698,4377
73.20588970184326,4376
73.3550853729248,4375
73.50563216209412,4374
73.65556263923645,4373
73.8046612739563,4372
73.95355892181396,4371
74.10307097434998,4370
74.25311541557312,4369
74.40211749076843,4368
74.55112385749817,4367
74.70070171356201,4366
74.85024166107178,4365
74.99882793426514,4364
75.14656949043274,4363
75.28538537025452,4362
75.42405271530151,4361
75.56344294548035,4360
75.70853781700134,4359
75.8479106426239,4358
75.98768973350525,4357
76.12629961967468,4356
76.26437759399414,4355
76.40296077728271,4354
76.54441475868225,4353
76.68241214752197,4352
76.82036876678467,4351
76.95902252197266,4350
77.09811472892761,4349
77.23430180549622,4348
77.37101531028748,4347
77.51198530197144,4346
77.65294861793518,4345
77.79087018966675,4344
77.92895841598511,4343
78.06686544418335,4342
78.20509243011475,4341
78.3425645828247,4340
78.47325611114502,4339
78.60531544685364,4338
78.7359082698822,4337
78.86674094200134,4336
79.00039315223694,4335
79.13408708572388,4334
79.27002668380737,4333
79.40545296669006,4332
79.54000782966614,4331
79.67495512962341,4330
79.80939865112305,4329
79.94140243530273,4328
80.0755569934845,4327
80.20954823493958,4326
80.34500312805176,4325
80.48548722267151,4324
80.6207184791565,4323
80.755117893219,4322
80.88663840293884,4321
81.01990866661072,4320
81.15480732917786,4319
81.28893828392029,4318
81.42687797546387,4317
81.56630110740662,4316
81.70421195030212,4315
81.84207367897034,4314
81.98067808151245,4313
82.11736416816711,4312
82.25421357154846,4311
82.39250135421753,4310
82.53259921073914,4309
82.67201948165894,4308
82.81059288978577,4307
82.94888949394226,4306
83.08681464195251,4305
83.2250702381134,4304
83.362619638443,4303
83.5005955696106,4302
83.63900470733643,4301
83.78010487556458,4300
83.91744589805603,4299
84.05518460273743,4298
84.19346189498901,4297
84.3320939540863,4296
84.47772765159607,4295
84.62378406524658,4294
84.77305936813354,4293
84.92323732376099,4292
85.07274532318115,4291
85.22171926498413,4290
85.37151503562927,4289
85.52302980422974,4288
85.67185091972351,4287
85.82051587104797,4286
85.97000050544739,4285
86.11972212791443,4284
86.26844882965088,4283
86.41686964035034,4282
86.56837821006775,4281
86.71827578544617,4280
86.8601381778717,4279
86.99810266494751,4278
87.13671112060547,4277
87.27481985092163,4276
87.41048288345337,4275
87.54954648017883,4274
87.68846917152405,4273
87.82721590995789,4272
87.9647946357727,4271
88.10244584083557,4270
88.24065399169922,4269
88.37974333763123,4268
88.51841306686401,4267
88.65632748603821,4266
88.79394459724426,4265
88.93210220336914,4264
89.07012748718262,4263
89.21168422698975,4262
89.34962320327759,4261
89.48824214935303,4260
89.62555074691772,4259
89.76226663589478,4258
89.89932227134705,4257
90.0322847366333,4256
90.16261339187622,4255
90.29309797286987,4254
90.42586708068848,4253
90.55791139602661,4252
90.6947557926178,4251
90.83264207839966,4250
90.96986675262451,4249
91.10485124588013,4248
91.24141716957092,4247
91.3792622089386,4246
91.51679968833923,4245
91.65263652801514,4244
91.7888720035553,4243
91.92650008201599,4242
92.06311464309692,4241
92.1979033946991,4240
92.3331892490387,4239
92.46540689468384,4238
92.59847617149353,4237
92.7305109500885,4236
92.86052632331848,4235
92.99176406860352,4234
93.121661901474,4233
93.25021886825562,4232
93.38045501708984,4231
93.51495146751404,4230
93.65013813972473,4229
93.78121328353882,4228
93.9128212928772,4227
94.05280041694641,4226
94.19164752960205,4225
94.32577896118164,4224
94.46373081207275,4223
94.60376143455505,4222
94.74126744270325,4221
94.87167119979858,4220
95.01312279701233,4219
95.14188170433044,4218
95.27081823348999,4217
95.39919185638428,4216
95.52875804901123,4215
95.65733814239502,4214
95.78622770309448,4213
95.91344261169434,4212
96.03983211517334,4211
96.16882300376892,4210
96.29956340789795,4209
96.43203973770142,4208
96.57054042816162,4207
96.71285200119019,4206
96.86012387275696,4205
96.99930548667908,4204
97.13470840454102,4203
97.2721438407898,4202
97.41074991226196,4201
97.54947686195374,4200
97.68713545799255,4199
97.82533192634583,4198
97.96393013000488,4197
98.10217642784119,4196
98.24033331871033,4195
98.3825294971466,4194
98.53155970573425,4193
98.68084216117859,4192
98.82922267913818,4191
98.97823882102966,4190
99.12748694419861,4189
99.27613282203674,4188
99.42427587509155,4187
99.57426118850708,4186
99.72299838066101,4185
99.87109518051147,4184
100.01975679397583,4183
100.16796112060547,4182
100.3165590763092,4181
100.4675145149231,4180
100.61717367172241,4179
100.76475787162781,4178
100.91202044487,4177
101.06004118919373,4176
101.20766496658325,4175
101.3550124168396,4174
101.50343608856201,4173
101.64436459541321,4172
101.78274869918823,4171
101.92041015625,4170
102.05292272567749,4169
102.18510031700134,4168
102.31410360336304,4167
102.44508457183838,4166
102.58068299293518,4165
102.71670293807983,4164
102.85219597816467,4163
102.98575401306152,4162
103.11661338806152,4161
103.24799370765686,4160
103.3803219795227,4159
103.51359272003174,4158
103.64613318443298,4157
103.78210687637329,4156
103.92013263702393,4155
104.05686807632446,4154
104.1919195652008,4153
104.32911157608032,4152
104.463054895401,4151
104.59592008590698,4150
104.72928977012634,4149
104.86316466331482,4148
104.99660205841064,4147
105.13018584251404,4146
105.26367139816284,4145
105.39448118209839,4144
105.52551174163818,4143
105.65597128868103,4142
105.78605914115906,4141
105.91893911361694,4140
106.05295825004578,4139
106.18435978889465,4138
106.31277227401733,4137
106.44160771369934,4136
106.5735182762146,4135
106.70576763153076,4134
106.84060478210449,4133
106.97706389427185,4132
107.11440563201904,4131
107.25429320335388,4130
107.39855408668518,4129
107.53580832481384,4128
107.66878962516785,4127
107.8042950630188,4126
107.93962287902832,4125
108.07517957687378,4124
108.21079230308533,4123
108.34893107414246,4122
108.48766303062439,4121
108.62532782554626,4120
108.7630615234375,4119
108.90122056007385,4118
109.04002928733826,4117
109.17837834358215,4116
109.32097434997559,4115
109.4647057056427,4114
109.6100492477417,4113
109.75238800048828,4112
109.89463376998901,4111
110.03859853744507,4110
110.18255710601807,4109
110.3254599571228,4108
110.47103714942932,4107
110.61581802368164,4106
110.760085105896,4105
110.90286803245544,4104
111.04593276977539,4103
111.18961811065674,4102
111.33375430107117,4101
111.47826409339905,4100
111.6208872795105,4099
111.76472449302673,4098
111.90899729728699,4097
112.05204010009766,4096
112.19299840927124,4095
112.3350932598114,4094
112.47873067855835,4093
112.62196493148804,4092
112.76488852500916,4091
112.90777015686035,4090
113.051442861557,4089
113.19420289993286,4088
113.33784294128418,4087
113.48051428794861,4086
113.61829137802124,4085
113.7495379447937,4084
113.88092231750488,4083
114.01202917098999,4082
114.14322423934937,4081
114.27351450920105,4080
114.40630602836609,4079
114.5431067943573,4078
114.67794704437256,4077
114.8112781047821,4076
114.94301700592041,4075
115.07538104057312,4074
115.20828413963318,4073
115.34143304824829,4072
115.47359228134155,4071
115.60948610305786,4070
115.7478563785553,4069
115.88538360595703,4068
116.02038240432739,4067
116.15190482139587,4066
116.2847421169281,4065
116.41780972480774,4064
116.55257797241211,4063
116.6852023601532,4062
116.81753754615784,4061
116.95062804222107,4060
117.08080816268921,4059
117.21335506439209,4058
117.34251594543457,4057
117.47288012504578,4056
117.60283350944519,4055
117.73365020751953,4054
117.86504411697388,4053
117.99785304069519,4052
118.13124895095825,4051
118.26687455177307,4050
118.40275478363037,4049
118.5382924079895,4048
118.67117595672607,4047
118.79985499382019,4046
118.92829465866089,4045
119.05801725387573,4044
119.18686556816101,4043
119.31574892997742,4042
119.44561576843262,4041
119.5798556804657,4040
119.71548986434937,4039
119.85255908966064,4038
119.98802256584167,4037
120.12407112121582,4036
120.2653739452362,4035
120.41488456726074,4034
120.56057453155518,4033
120.7019534111023,4032
120.84487724304199,4031
120.98859071731567,4030
121.13210916519165,4029
121.26660919189453,4028
121.39804077148438,4027
121.53363108634949,4026
121.66694259643555,4025
121.80180478096008,4024
121.93719696998596,4023
122.06393957138062,4022
122.19262766838074,4021
122.3212616443634,4020
122.45019102096558,4019
122.58044958114624,4018
122.71321654319763,4017
122.8465211391449,4016
122.98042511940002,4015
123.11711168289185,4014
123.25801825523376,4013
123.4062705039978,4012
123.55565810203552,4011
123.70353531837463,4010
123.85206627845764,4009
124.00048351287842,4008
124.14377903938293,4007
124.28361296653748,4006
124.422189950943,4005
124.56120491027832,4004
124.69944214820862,4003
124.8380377292633,4002
124.97663283348083,4001
125.11538553237915,4000
125.25376152992249,3999
125.39277219772339,3998
125.53193545341492,3997
125.67036652565002,3996
125.80931520462036,3995
125.94951033592224,3994
126.08855175971985,3993
126.22806906700134,3992
126.3683648109436,3991
126.50419497489929,3990
126.64044976234436,3989
126.7761824131012,3988
126.91096615791321,3987
127.04723048210144,3986
127.18413591384888,3985
127.32120871543884,3984
127.46087670326233,3983
127.60768437385559,3982
127.7518618106842,3981
127.89535093307495,3980
128.0391502380371,3979
128.1815321445465,3978
128.31944370269775,3977
128.45388317108154,3976
128.58757758140564,3975
128.71759295463562,3974
128.8463912010193,3973
128.97482109069824,3972
129.10413599014282,3971
129.2380452156067,3970
129.37274384498596,3969
129.5091633796692,3968
129.64559388160706,3967
129.78266382217407,3966
129.92066764831543,3965
130.05864214897156,3964
130.19818544387817,3963
130.3394000530243,3962
130.48395991325378,3961
130.62528538703918,3960
130.7677342891693,3959
130.91159009933472,3958
131.0584511756897,3957
131.2005307674408,3956
131.34444308280945,3955
131.4894552230835,3954
131.62137627601624,3953
131.75184535980225,3952
131.87996459007263,3951
132.00862431526184,3950
132.1373643875122,3949
132.27122473716736,3948
132.40890526771545,3947
132.54886031150818,3946
132.6821916103363,3945
132.8122103214264,3944
132.94344401359558,3943
133.0759470462799,3942
133.2093470096588,3941
133.33884119987488,3940
133.46913528442383,3939
133.59876251220703,3938
133.72901892662048,3937
133.85743117332458,3936
133.98867678642273,3935
134.11954259872437,3934
134.251366853714,3933
134.38392853736877,3932
134.51705265045166,3931
134.65885281562805,3930
134.80086851119995,3929
134.94488835334778,3928
135.08862352371216,3927
135.2308382987976,3926
135.3704764842987,3925
135.50631284713745,3924
135.64005255699158,3923
135.7744858264923,3922
135.90803909301758,3921
136.0421793460846,3920
136.17685747146606,3919
136.3121635913849,3918
136.4535915851593,3917
136.59764218330383,3916
136.73890805244446,3915
136.88105249404907,3914
137.0277717113495,3913
137.17426013946533,3912
137.32113194465637,3911
137.46953177452087,3910
137.61975979804993,3909
137.76889562606812,3908
137.9188849925995,3907
138.07055234909058,3906
138.2228763103485,3905
138.3747799396515,3904
138.52844977378845,3903
138.68270254135132,3902
138.83661079406738,3901
138.990660905838,3900
139.14621305465698,3899
139.3039631843567,3898
139.4463186264038,3897
139.584086894989,3896
139.7286307811737,3895
139.8771481513977,3894
140.023912191391,3893
140.1715099811554,3892
140.31280994415283,3891
140.44712924957275,3890
140.5762255191803,3889
140.70617389678955,3888
140.83490920066833,3887
140.96541571617126,3886
141.09564781188965,3885
141.22564673423767,3884
141.35657024383545,3883
141.48938941955566,3882
141.62515449523926,3881
141.76031923294067,3880
141.8940396308899,3879
142.02927541732788,3878
142.1641960144043,3877
142.2960386276245,3876
142.42459869384766,3875
142.55450963974,3874
142.68569803237915,3873
142.81328105926514,3872
142.9415192604065,3871
143.0706593990326,3870
143.20203471183777,3869
143.3358736038208,3868
143.47012662887573,3867
143.606586933136,3866
143.74337220191956,3865
143.87986183166504,3864
144.0173201560974,3863
144.1562156677246,3862
144.2955470085144,3861
144.43480491638184,3860
144.57540607452393,3859
144.71653151512146,3858
144.85854768753052,3857
145.0006024837494,3856
145.1431267261505,3855
145.2879285812378,3854
145.43345260620117,3853
145.57919049263,3852
145.72310996055603,3851
145.85586738586426,3850
145.9891197681427,3849
146.12600469589233,3848
146.26104140281677,3847
146.39547395706177,3846
146.52386474609375,3845
146.651917219162,3844
146.77647018432617,3843
146.90477991104126,3842
147.03852701187134,3841
147.17091417312622,3840
147.30019998550415,3839
147.42883372306824,3838
147.563232421875,3837
147.69795536994934,3836
147.83247828483582,3835
147.96677112579346,3834
148.09999084472656,3833
148.23272466659546,3832
148.36131882667542,3831
148.49948930740356,3830
148.6249716281891,3829
148.75017523765564,3828
148.87583661079407,3827
149.0015115737915,3826
149.1273317337036,3825
149.25676703453064,3824
149.38773226737976,3823
149.5202875137329,3822
149.6522433757782,3821
149.78841376304626,3820
149.9325966835022,3819
150.08026242256165,3818
150.22805833816528,3817
150.37957310676575,3816
150.53080868721008,3815
150.67918968200684,3814
150.82930302619934,3813
150.98043847084045,3812
151.1333577632904,3811
151.28602957725525,3810
151.43846821784973,3809
151.5936074256897,3808
151.7482566833496,3807
151.89798212051392,3806
152.0525243282318,3805
152.19002032279968,3804
152.32708549499512,3803
152.4709370136261,3802
152.61613154411316,3801
152.76005363464355,3800
152.89417171478271,3799
153.0287845134735,3798
153.16470885276794,3797
153.3012523651123,3796
153.4391930103302,3795
153.5765769481659,3794
153.71369647979736,3793
153.8495590686798,3792
153.99243354797363,3791
154.13668060302734,3790
154.2804970741272,3789
154.42472100257874,3788
154.56972742080688,3787
154.71094870567322,3786
154.84919571876526,3785
154.98409628868103,3784
155.11894249916077,3783
155.25445675849915,3782
155.38840436935425,3781
155.5175724029541,3780
155.6471288204193,3779
155.7778720855713,3778
155.91123056411743,3777
156.04522156715393,3776
156.18089628219604,3775
156.31689143180847,3774
156.4535048007965,3773
156.59193420410156,3772
156.729740858078,3771
156.8671519756317,3770
157.00419068336487,3769
157.1437644958496,3768
157.2840814590454,3767
157.42529773712158,3766
157.56746459007263,3765
157.70983934402466,3764
157.8558132648468,3763
157.997309923172,3762
158.1387996673584,3761
158.2810709476471,3760
158.4152946472168,3759
158.54520678520203,3758
158.6781039237976,3757
158.81352639198303,3756
158.94688296318054,3755
159.0767216682434,3754
159.20410466194153,3753
159.33243322372437,3752
159.46063566207886,3751
159.59223556518555,3750
159.72277784347534,3749
159.85390663146973,3748
159.9850718975067,3747
160.11606669425964,3746
160.2514340877533,3745
160.38934874534607,3744
160.52551651000977,3743
160.6599359512329,3742
160.79433822631836,3741
160.9247269630432,3740
161.05371046066284,3739
161.18213510513306,3738
161.3101487159729,3737
161.4424183368683,3736
161.57522130012512,3735
161.7092273235321,3734
161.8448362350464,3733
161.9865095615387,3732
162.13152170181274,3731
162.27586340904236,3730
162.42052936553955,3729
162.56753516197205,3728
162.714209318161,3727
162.86200094223022,3726
163.0101957321167,3725
163.15895557403564,3724
163.3095452785492,3723
163.4594566822052,3722
163.6105215549469,3721
163.76265478134155,3720
163.9155752658844,3719
164.06842041015625,3718
164.2214822769165,3717
164.3759617805481,3716
164.5321910381317,3715
164.68699526786804,3714
164.842289686203,3713
164.98620319366455,3712
165.12378978729248,3711
165.2661075592041,3710
165.40977668762207,3709
165.55556631088257,3708
165.69116711616516,3707
165.82512164115906,3706
165.96114134788513,3705
166.09611773490906,3704
166.23484110832214,3703
166.37196159362793,3702
166.51031947135925,3701
166.6478409767151,3700
166.78945112228394,3699
166.9347779750824,3698
167.07581210136414,3697
167.21220302581787,3696
167.3476595878601,3695
167.48264980316162,3694
167.61337232589722,3693
167.74180674552917,3692
167.87029647827148,3691
167.99969482421875,3690
168.1277585029602,3689
168.2558877468109,3688
168.38440227508545,3687
168.51559710502625,3686
168.64898538589478,3685
168.7830686569214,3684
168.9180929660797,3683
169.05326104164124,3682
169.18972039222717,3681
169.32633924484253,3680
169.46734714508057,3679
169.60655450820923,3678
169.74460458755493,3677
169.8832893371582,3676
170.0226879119873,3675
170.16230082511902,3674
170.30339908599854,3673
170.44730472564697,3672
170.59050130844116,3671
170.73325729370117,3670
170.876380443573,3669
171.01950979232788,3668
171.1500105857849,3667
171.28002858161926,3666
171.40974259376526,3665
171.54838347434998,3664
171.6883008480072,3663
171.82637548446655,3662
171.958482503891,3661
172.09729743003845,3660
172.23624300956726,3659
172.37159657478333,3658
172.50788640975952,3657
172.64599585533142,3656
172.78473234176636,3655
172.92348456382751,3654
173.05623054504395,3653
173.18651914596558,3652
173.31559705734253,3651
173.44708108901978,3650
173.57913064956665,3649
173.70555782318115,3648
173.83505487442017,3647
173.9649806022644,3646
174.0927324295044,3645
174.21949648857117,3644
174.34639167785645,3643
174.47401642799377,3642
174.60240364074707,3641
174.7302258014679,3640
174.86051607131958,3639
174.99753284454346,3638
175.1335892677307,3637
175.27955317497253,3636
175.41920375823975,3635
175.55413460731506,3634
175.68794083595276,3633
175.8212275505066,3632
175.95431542396545,3631
176.08784890174866,3630
176.2220721244812,3629
176.3555564880371,3628
176.48946285247803,3627
176.62796330451965,3626
176.77055072784424,3625
176.9164514541626,3624
177.0638632774353,3623
177.21160316467285,3622
177.3607141971588,3621
177.5106339454651,3620
177.65828895568848,3619
177.806391954422,3618
177.95489311218262,3617
178.10331201553345,3616
178.24921917915344,3615
178.39684748649597,3614
178.54659223556519,3613
178.69556784629822,3612
178.84261083602905,3611
178.99031519889832,3610
179.1388759613037,3609
179.28774118423462,3608
179.43538522720337,3607
179.58323860168457,3606
179.73072409629822,3605
179.87921261787415,3604
180.02698516845703,3603
180.17434000968933,3602
180.32196235656738,3601
180.46997737884521,3600
180.60666513442993,3599
180.74153757095337,3598
180.87752413749695,3597
181.0133626461029,3596
181.14989614486694,3595
181.28577423095703,3594
181.4214038848877,3593
181.55781149864197,3592
181.69356560707092,3591
181.82919645309448,3590
181.96465158462524,3589
182.09849977493286,3588
182.23425197601318,3587
182.36838293075562,3586
182.50067949295044,3585
182.6366229057312,3584
182.77197337150574,3583
182.90643191337585,3582
183.03693318367004,3581
183.1688687801361,3580
183.30083227157593,3579
183.4331934452057,3578
183.5645945072174,3577
183.69610333442688,3576
183.8275125026703,3575
183.9591772556305,3574
184.09123849868774,3573
184.22458958625793,3572
184.35652875900269,3571
184.49164199829102,3570
184.62608551979065,3569
184.76021552085876,3568
184.89043426513672,3567
185.020836353302,3566
185.1504099369049,3565
185.2805814743042,3564
185.41040182113647,3563
185.5418336391449,3562
185.67361402511597,3561
185.80700039863586,3560
185.93695259094238,3559
186.06864643096924,3558
186.19979524612427,3557
186.33321142196655,3556
186.4704179763794,3555
186.60568475723267,3554
186.74356651306152,3553
186.88253092765808,3552
187.01827573776245,3551
187.15363836288452,3550
187.29014658927917,3549
187.4271810054779,3548
187.56619596481323,3547
187.70322370529175,3546
187.8410189151764,3545
187.9781539440155,3544
188.11553072929382,3543
188.2528305053711,3542
188.39090299606323,3541
188.53482580184937,3540
188.68227553367615,3539
188.8299424648285,3538
188.9772891998291,3537
189.1246998310089,3536
189.2731318473816,3535
189.4216067790985,3534
189.56940746307373,3533
189.71699452400208,3532
189.8653485774994,3531
190.01367592811584,3530
190.1609923839569,3529
190.3087112903595,3528
190.45919728279114,3527
190.6087989807129,3526
190.7560956478119,3525
190.902982711792,3524
191.05084490776062,3523
191.1995406150818,3522
191.34717440605164,3521
191.49529504776,3520
191.64238715171814,3519
191.78975415229797,3518
191.93717551231384,3517
192.08458471298218,3516
192.22741866111755,3515
192.362966299057,3514
192.50051879882812,3513
192.63674664497375,3512
192.77234268188477,3511
192.90773248672485,3510
193.04337430000305,3509
193.1789813041687,3508
193.31424975395203,3507
193.45006275177002,3506
193.58681273460388,3505
193.7225239276886,3504
193.85838770866394,3503
193.99417233467102,3502
194.13042497634888,3501
194.26389360427856,3500
194.40059185028076,3499
194.53844332695007,3498
194.67272520065308,3497
194.80344796180725,3496
194.9353404045105,3495
195.06730318069458,3494
195.1991491317749,3493
195.3299322128296,3492
195.46056294441223,3491
195.59256052970886,3490
195.72293639183044,3489
195.85412287712097,3488
195.98548245429993,3487
196.12078285217285,3486
196.2572364807129,3485
196.3920738697052,3484
196.52785682678223,3483
196.6605076789856,3482
196.79076504707336,3481
196.92278170585632,3480
197.05446314811707,3479
197.18309330940247,3478
197.31467175483704,3477
197.44640851020813,3476
197.57990837097168,3475
197.71083855628967,3474
197.84115052223206,3473
197.9756317138672,3472
198.11469888687134,3471
198.2509868144989,3470
198.379168510437,3469
198.50953340530396,3468
198.6412227153778,3467
198.77028036117554,3466
198.89881682395935,3465
199.030757188797,3464
199.16808795928955,3463
199.30174279212952,3462
199.43623185157776,3461
199.5697717666626,3460
199.70236444473267,3459
199.8363001346588,3458
199.97041296958923,3457
200.1029634475708,3456
200.23175573349,3455
200.36166644096375,3454
200.49653577804565,3453
200.62651920318604,3452
200.75919365882874,3451
200.89867520332336,3450
201.04356908798218,3449
201.18118977546692,3448
201.3169891834259,3447
201.45293354988098,3446
201.59034323692322,3445
201.72627067565918,3444
201.86222505569458,3443
201.99580574035645,3442
202.1307349205017,3441
202.26714086532593,3440
202.40906286239624,3439
202.55191040039062,3438
202.6840991973877,3437
202.81677389144897,3436
202.9491891860962,3435
203.08150219917297,3434
203.2140555381775,3433
203.34618830680847,3432
203.4746823310852,3431
203.60269021987915,3430
203.731999874115,3429
203.86391758918762,3428
204.00053071975708,3427
204.1363422870636,3426
204.27277421951294,3425
204.40935111045837,3424
204.54665160179138,3423
204.68321084976196,3422
204.82038927078247,3421
204.9564127922058,3420
205.09291625022888,3419
205.23147892951965,3418
205.36984133720398,3417
205.50763773918152,3416
205.64518117904663,3415
205.78289484977722,3414
205.9216709136963,3413
206.05937266349792,3412
206.19780921936035,3411
206.3359248638153,3410
206.47367787361145,3409
206.61394715309143,3408
206.75156116485596,3407
206.88784074783325,3406
207.0238881111145,3405
207.16325187683105,3404
207.29854536056519,3403
207.43220734596252,3402
207.56912779808044,3401
207.70638060569763,3400
207.84530925750732,3399
207.98499393463135,3398
208.12112760543823,3397
208.25475907325745,3396
208.38879227638245,3395
208.5235595703125,3394
208.66150450706482,3393
208.80451345443726,3392
208.9499659538269,3391
209.0959346294403,3390
209.23475098609924,3389
209.37554144859314,3388
209.52068972587585,3387
209.65485882759094,3386
209.78430795669556,3385
209.91463375091553,3384
210.04956150054932,3383
210.18344807624817,3382
423.7697229385376,3381
