0.01744222640991211,22962
0.0345151424407959,22961
0.048501014709472656,22960
0.062108755111694336,22959
0.07555127143859863,22958
0.08887839317321777,22957
0.10175108909606934,22956
0.11501812934875488,22955
0.1283411979675293,22954
0.14173460006713867,22953
0.15500378608703613,22952
0.16871929168701172,22951
0.18242883682250977,22950
0.19594192504882812,22949
0.2096395492553711,22948
0.22315478324890137,22947
0.2362823486328125,22946
0.24977850914001465,22945
0.26305627822875977,22944
0.27613186836242676,22943
0.2895963191986084,22942
0.3045930862426758,22941
0.3178110122680664,22940
0.3322739601135254,22939
0.34569478034973145,22938
0.3587164878845215,22937
0.372086763381958,22936
0.3856840133666992,22935
0.39873480796813965,22934
0.4122617244720459,22933
0.4254610538482666,22932
0.4384031295776367,22931
0.4516584873199463,22930
0.46494030952453613,22929
0.4778878688812256,22928
0.4913153648376465,22927
0.5044958591461182,22926
0.5174295902252197,22925
0.5309462547302246,22924
0.5461115837097168,22923
0.561129093170166,22922
0.5772116184234619,22921
0.5911989212036133,22920
0.6048083305358887,22919
0.6179351806640625,22918
0.6315398216247559,22917
0.644932746887207,22916
0.6581137180328369,22915
0.6736204624176025,22914
0.687260627746582,22913
0.700538158416748,22912
0.7138638496398926,22911
0.727048397064209,22910
0.7404162883758545,22909
0.753626823425293,22908
0.7670726776123047,22907
0.7804062366485596,22906
0.7939369678497314,22905
0.8073301315307617,22904
0.8204259872436523,22903
0.8336255550384521,22902
0.8487188816070557,22901
0.8628919124603271,22900
0.8785912990570068,22899
0.8924317359924316,22898
0.9060947895050049,22897
0.9190292358398438,22896
0.9326958656311035,22895
0.9460756778717041,22894
0.9591958522796631,22893
0.9725236892700195,22892
0.985898494720459,22891
0.9988486766815186,22890
1.012423038482666,22889
1.0256767272949219,22888
1.0386831760406494,22887
1.0520100593566895,22886
1.0652832984924316,22885
1.0781610012054443,22884
1.091468334197998,22883
1.1046366691589355,22882
1.1175706386566162,22881
1.1310479640960693,22880
1.145826816558838,22879
1.159773588180542,22878
1.1736466884613037,22877
1.1869385242462158,22876
1.1999945640563965,22875
1.2132432460784912,22874
1.226646900177002,22873
1.2432804107666016,22872
1.2585258483886719,22871
1.2723219394683838,22870
1.2860305309295654,22869
1.2991447448730469,22868
1.3125460147857666,22867
1.3256480693817139,22866
1.3389277458190918,22865
1.3522381782531738,22864
1.3654789924621582,22863
1.3789379596710205,22862
1.392587423324585,22861
1.406052827835083,22860
1.4190640449523926,22859
1.432680368423462,22858
1.4461908340454102,22857
1.4591071605682373,22856
1.4724514484405518,22855
1.4856433868408203,22854
1.499166488647461,22853
1.5127284526824951,22852
1.5261166095733643,22851
1.5398859977722168,22850
1.5532310009002686,22849
1.5664784908294678,22848
1.579526424407959,22847
1.5927088260650635,22846
1.606013536453247,22845
1.6188678741455078,22844
1.632124900817871,22843
1.6451971530914307,22842
1.658125400543213,22841
1.6712703704833984,22840
1.6844210624694824,22839
1.6975221633911133,22838
1.711670160293579,22837
1.7254667282104492,22836
1.7389602661132812,22835
1.7524805068969727,22834
1.7659449577331543,22833
1.7789306640625,22832
1.7922132015228271,22831
1.8053820133209229,22830
1.8184349536895752,22829
1.8316822052001953,22828
1.844904899597168,22827
1.8576982021331787,22826
1.8711204528808594,22825
1.8845336437225342,22824
1.897503137588501,22823
1.9106464385986328,22822
1.9239163398742676,22821
1.9372098445892334,22820
1.950667142868042,22819
1.9639568328857422,22818
1.9775078296661377,22817
1.9909443855285645,22816
2.004446268081665,22815
2.017381429672241,22814
2.0307672023773193,22813
2.0438554286956787,22812
2.0568692684173584,22811
2.070059061050415,22810
2.08322811126709,22809
2.0960450172424316,22808
2.109315872192383,22807
2.1221654415130615,22806
2.135676860809326,22805
2.1489274501800537,22804
2.161789894104004,22803
2.175076484680176,22802
2.188378095626831,22801
2.2011733055114746,22800
2.2144432067871094,22799
2.227567672729492,22798
2.2409608364105225,22797
2.254229784011841,22796
2.267477035522461,22795
2.2802984714508057,22794
2.293506622314453,22793
2.306640386581421,22792
2.319554090499878,22791
2.333030939102173,22790
2.3463985919952393,22789
2.359248161315918,22788
2.3725860118865967,22787
2.3858444690704346,22786
2.398822069168091,22785
2.4120521545410156,22784
2.4252450466156006,22783
2.440098524093628,22782
2.4533326625823975,22781
2.4664456844329834,22780
2.4794201850891113,22779
2.4926562309265137,22778
2.506068706512451,22777
2.5190060138702393,22776
2.5326290130615234,22775
2.546419620513916,22774
2.559441566467285,22773
2.5731306076049805,22772
2.5866949558258057,22771
2.5997776985168457,22770
2.613246440887451,22769
2.626549482345581,22768
2.6394741535186768,22767
2.652602434158325,22766
2.6659226417541504,22765
2.678912878036499,22764
2.692213296890259,22763
2.7053587436676025,22762
2.7185745239257812,22761
2.732118844985962,22760
2.74570894241333,22759
2.758837938308716,22758
2.772252321243286,22757
2.7854971885681152,22756
2.798419952392578,22755
2.8117258548736572,22754
2.824847459793091,22753
2.8376474380493164,22752
2.8509926795959473,22751
2.8640499114990234,22750
2.8772132396698,22749
2.8903346061706543,22748
2.903489112854004,22747
2.916461944580078,22746
2.9296698570251465,22745
2.9432079792022705,22744
2.9565820693969727,22743
2.969874858856201,22742
2.983153820037842,22741
2.9962656497955322,22740
3.0098817348480225,22739
3.022930860519409,22738
3.0359349250793457,22737
3.0492191314697266,22736
3.0621023178100586,22735
3.0753352642059326,22734
3.0888454914093018,22733
3.1154778003692627,22732
3.128875970840454,22731
3.1421449184417725,22730
3.1562888622283936,22729
3.169951915740967,22728
3.1834805011749268,22727
3.196659803390503,22726
3.2099995613098145,22725
3.227168083190918,22724
3.24007511138916,22723
3.25349760055542,22722
3.2668542861938477,22721
3.2797176837921143,22720
3.293029308319092,22719
3.3063039779663086,22718
3.319261312484741,22717
3.33276104927063,22716
3.346069097518921,22715
3.3591854572296143,22714
3.3725645542144775,22713
3.3858635425567627,22712
3.398895740509033,22711
3.4121198654174805,22710
3.425260066986084,22709
3.4380924701690674,22708
3.4513752460479736,22707
3.464556932449341,22706
3.4777839183807373,22705
3.492689371109009,22704
3.5060083866119385,22703
3.5251195430755615,22702
3.538280487060547,22701
3.5529496669769287,22700
3.5663106441497803,22699
3.5793886184692383,22698
3.5926339626312256,22697
3.6058337688446045,22696
3.618680715560913,22695
3.631929636001587,22694
3.6450393199920654,22693
3.6580164432525635,22692
3.6732077598571777,22691
3.6864917278289795,22690
3.6995177268981934,22689
3.7128498554229736,22688
3.7262072563171387,22687
3.7395129203796387,22686
3.7527918815612793,22685
3.766068458557129,22684
3.7796778678894043,22683
3.7930996417999268,22682
3.806471109390259,22681
3.8193933963775635,22680
3.832524061203003,22679
3.845679759979248,22678
3.8586041927337646,22677
3.8718101978302,22676
3.8873178958892822,22675
3.900393009185791,22674
3.914482831954956,22673
3.9277656078338623,22672
3.9411704540252686,22671
3.9544410705566406,22670
3.9679031372070312,22669
3.9810521602630615,22668
3.994300365447998,22667
4.007434129714966,22666
4.022101163864136,22665
4.035503387451172,22664
4.049515724182129,22663
4.062454700469971,22662
4.075883865356445,22661
4.088949680328369,22660
4.101836442947388,22659
4.115122079849243,22658
4.12850022315979,22657
4.141621828079224,22656
4.168010473251343,22655
4.181093692779541,22654
4.194404125213623,22653
4.207631826400757,22652
4.22049617767334,22651
4.233678102493286,22650
4.246777534484863,22649
4.259634733200073,22648
4.272879362106323,22647
4.286175727844238,22646
4.2990641593933105,22645
4.312307357788086,22644
4.325415134429932,22643
4.338604211807251,22642
4.351832866668701,22641
4.364971876144409,22640
4.37846565246582,22639
4.391951322555542,22638
4.411874294281006,22637
4.426976680755615,22636
4.44060754776001,22635
4.454078435897827,22634
4.467206239700317,22633
4.493573427200317,22632
4.506746530532837,22631
4.519700527191162,22630
4.533919811248779,22629
4.547944784164429,22628
4.560927867889404,22627
4.574224472045898,22626
4.587578058242798,22625
4.600473880767822,22624
4.613637685775757,22623
4.6267030239105225,22622
4.639599084854126,22621
4.652705192565918,22620
4.666043996810913,22619
4.679072856903076,22618
4.692357063293457,22617
4.705538749694824,22616
4.7186572551727295,22615
4.732264757156372,22614
4.745518445968628,22613
4.75843358039856,22612
4.771860122680664,22611
4.785150527954102,22610
4.7982659339904785,22609
4.8115599155426025,22608
4.824682712554932,22607
4.837544918060303,22606
4.850829601287842,22605
4.864051580429077,22604
4.877047538757324,22603
4.890279054641724,22602
4.903379917144775,22601
4.916326284408569,22600
4.929637432098389,22599
4.942790746688843,22598
4.956061840057373,22597
4.969736337661743,22596
4.983006238937378,22595
4.996525764465332,22594
5.012248754501343,22593
5.025385856628418,22592
5.038331747055054,22591
5.060286045074463,22590
5.073440790176392,22589
5.086559534072876,22588
5.099524259567261,22587
5.112639427185059,22586
5.125843048095703,22585
5.138986349105835,22584
5.1522533893585205,22583
5.1653971672058105,22582
5.17843770980835,22581
5.191636085510254,22580
5.204890966415405,22579
5.217851161956787,22578
5.231013774871826,22577
5.244072914123535,22576
5.257082939147949,22575
5.282925605773926,22574
5.296224355697632,22573
5.309524297714233,22572
5.322509765625,22571
5.336120128631592,22570
5.3494884967803955,22569
5.36249303817749,22568
5.375834226608276,22567
5.389057636260986,22566
5.402209758758545,22565
5.4153759479522705,22564
5.428569793701172,22563
5.441439151763916,22562
5.454733371734619,22561
5.467848539352417,22560
5.480774402618408,22559
5.493899822235107,22558
5.5072855949401855,22557
5.520167112350464,22556
5.547344923019409,22555
5.560545444488525,22554
5.575077772140503,22553
5.588850021362305,22552
5.602018117904663,22551
5.615402698516846,22550
5.628694295883179,22549
5.641541242599487,22548
5.6547980308532715,22547
5.668036222457886,22546
5.680968284606934,22545
5.694179058074951,22544
5.707549810409546,22543
5.720451354980469,22542
5.733957290649414,22541
5.747154235839844,22540
5.760073661804199,22539
5.773416996002197,22538
5.795235872268677,22537
5.808372735977173,22536
5.8213207721710205,22535
5.837961673736572,22534
5.8512351512908936,22533
5.864495277404785,22532
5.877474784851074,22531
5.890848875045776,22530
5.904017210006714,22529
5.91696572303772,22528
5.9322264194488525,22527
5.958649635314941,22526
5.9720213413238525,22525
5.986245155334473,22524
5.999227046966553,22523
6.012507438659668,22522
6.025606632232666,22521
6.0385260581970215,22520
6.051752328872681,22519
6.065122127532959,22518
6.078117609024048,22517
6.091519355773926,22516
6.104612350463867,22515
6.1175971031188965,22514
6.131067276000977,22513
6.144455909729004,22512
6.1575400829315186,22511
6.171305179595947,22510
6.19815993309021,22509
6.224894046783447,22508
6.238206148147583,22507
6.252426862716675,22506
6.265644311904907,22505
6.278655052185059,22504
6.291760206222534,22503
6.304886341094971,22502
6.317845106124878,22501
6.331522703170776,22500
6.3448326587677,22499
6.35793924331665,22498
6.3712317943573,22497
6.384575366973877,22496
6.397463798522949,22495
6.410712957382202,22494
6.423924207687378,22493
6.436888933181763,22492
6.450031995773315,22491
6.462952613830566,22490
6.476077079772949,22489
6.489355802536011,22488
6.502246141433716,22487
6.515579700469971,22486
6.528855323791504,22485
6.542072534561157,22484
6.555515289306641,22483
6.574716806411743,22482
6.588209390640259,22481
6.602019309997559,22480
6.615191459655762,22479
6.628441572189331,22478
6.6412975788116455,22477
6.654509782791138,22476
6.667795181274414,22475
6.680820941925049,22474
6.6940813064575195,22473
6.707309007644653,22472
6.7205822467803955,22471
6.74613094329834,22470
6.759405851364136,22469
6.774215936660767,22468
6.78773832321167,22467
6.80092453956604,22466
6.814192771911621,22465
6.827439069747925,22464
6.840337038040161,22463
6.85363507270813,22462
6.866853713989258,22461
6.8909008502960205,22460
6.904306173324585,22459
6.918126583099365,22458
6.931676626205444,22457
6.945031642913818,22456
6.963674545288086,22455
6.976992130279541,22454
6.990233898162842,22453
7.003164291381836,22452
7.016389846801758,22451
7.029540777206421,22450
7.04248309135437,22449
7.055891513824463,22448
7.069134473800659,22447
7.082082033157349,22446
7.095216751098633,22445
7.108541011810303,22444
7.1214869022369385,22443
7.136677265167236,22442
7.149964094161987,22441
7.163938045501709,22440
7.177125453948975,22439
7.190418243408203,22438
7.203289985656738,22437
7.216543674468994,22436
7.2298619747161865,22435
7.2428178787231445,22434
7.256078243255615,22433
7.2692718505859375,22432
7.28206205368042,22431
7.295337438583374,22430
7.308401107788086,22429
7.321317672729492,22428
7.3347084522247314,22427
7.348002910614014,22426
7.360896348953247,22425
7.374609470367432,22424
7.388011693954468,22423
7.405503988265991,22422
7.418776988983154,22421
7.432948589324951,22420
7.4462010860443115,22419
7.459300756454468,22418
7.472353219985962,22417
7.485543966293335,22416
7.498356580734253,22415
7.511599063873291,22414
7.524723529815674,22413
7.537941932678223,22412
7.551516771316528,22411
7.564975738525391,22410
7.578141212463379,22409
7.591405630111694,22408
7.604439735412598,22407
7.617947578430176,22406
7.631180286407471,22405
7.644403457641602,22404
7.657682418823242,22403
7.671022415161133,22402
7.683983564376831,22401
7.6973793506622314,22400
7.710544109344482,22399
7.723453760147095,22398
7.736998558044434,22397
7.750229120254517,22396
7.763085603713989,22395
7.776487827301025,22394
7.789625644683838,22393
7.802570104598999,22392
7.815847635269165,22391
7.839538097381592,22390
7.853032827377319,22389
7.867090225219727,22388
7.880012035369873,22387
7.893371343612671,22386
7.906492233276367,22385
7.931055068969727,22384
7.9445250034332275,22383
7.958505868911743,22382
7.972306728363037,22381
7.985806465148926,22380
7.998939275741577,22379
8.012371063232422,22378
8.025463581085205,22377
8.038381099700928,22376
8.051978588104248,22375
8.06523609161377,22374
8.078043699264526,22373
8.091302394866943,22372
8.104439735412598,22371
8.117341995239258,22370
8.130831241607666,22369
8.144191980361938,22368
8.157196760177612,22367
8.17051386833191,22366
8.183499336242676,22365
8.196790218353271,22364
8.209954738616943,22363
8.222964525222778,22362
8.236231327056885,22361
8.249449253082275,22360
8.262293338775635,22359
8.292119979858398,22358
8.305218935012817,22357
8.318113327026367,22356
8.33152174949646,22355
8.352056741714478,22354
8.365124225616455,22353
8.378359317779541,22352
8.391536474227905,22351
8.404733180999756,22350
8.41759729385376,22349
8.430826187133789,22348
8.443684339523315,22347
8.45688533782959,22346
8.470104455947876,22345
8.483065843582153,22344
8.496170997619629,22343
8.514158487319946,22342
8.527541399002075,22341
8.541735887527466,22340
8.555145263671875,22339
8.568676471710205,22338
8.581995487213135,22337
8.595264673233032,22336
8.608626365661621,22335
8.621697425842285,22334
8.634928703308105,22333
8.64814281463623,22332
8.661358833312988,22331
8.684820890426636,22330
8.698119401931763,22329
8.712193727493286,22328
8.725499629974365,22327
8.738980293273926,22326
8.752331495285034,22325
8.765501499176025,22324
8.778602361679077,22323
8.791921377182007,22322
8.805063486099243,22321
8.818034887313843,22320
8.831161260604858,22319
8.844472408294678,22318
8.857630014419556,22317
8.87092137336731,22316
8.883903980255127,22315
8.897294521331787,22314
8.91042709350586,22313
8.923357725143433,22312
8.937016487121582,22311
8.950251340866089,22310
8.963215827941895,22309
8.976577758789062,22308
8.989936351776123,22307
9.002959728240967,22306
9.016345739364624,22305
9.029489517211914,22304
9.042313814163208,22303
9.055680513381958,22302
9.068784475326538,22301
9.081693649291992,22300
9.095065832138062,22299
9.108333110809326,22298
9.121357440948486,22297
9.134862422943115,22296
9.148112535476685,22295
9.161345720291138,22294
9.175005912780762,22293
9.188778400421143,22292
9.201889991760254,22291
9.215358018875122,22290
9.228509902954102,22289
9.2414231300354,22288
9.254690170288086,22287
9.267894268035889,22286
9.28073000907898,22285
9.294116258621216,22284
9.320153713226318,22283
9.333808898925781,22282
9.347957611083984,22281
9.360944986343384,22280
9.374288558959961,22279
9.400726318359375,22278
9.414232730865479,22277
9.428278923034668,22276
9.441256523132324,22275
9.454587697982788,22274
9.467724323272705,22273
9.488607406616211,22272
9.50184178352356,22271
9.515914678573608,22270
9.529214859008789,22269
9.542634725570679,22268
9.556295156478882,22267
9.569571256637573,22266
9.582513809204102,22265
9.595776081085205,22264
9.609074592590332,22263
9.622059106826782,22262
9.635473489761353,22261
9.64875864982605,22260
9.661695718765259,22259
9.674898147583008,22258
9.68798279762268,22257
9.701303958892822,22256
9.714432954788208,22255
9.72759461402893,22254
9.740839958190918,22253
9.754081010818481,22252
9.767369985580444,22251
9.780927419662476,22250
9.794100761413574,22249
9.807560682296753,22248
9.820576190948486,22247
9.833771228790283,22246
9.846878051757812,22245
9.859815835952759,22244
9.873069286346436,22243
9.886387348175049,22242
9.899482727050781,22241
9.912785291671753,22240
9.925898313522339,22239
9.939176797866821,22238
9.95256519317627,22237
9.968210220336914,22236
9.981600999832153,22235
9.995728969573975,22234
10.008981466293335,22233
10.021916627883911,22232
10.03520393371582,22231
10.048409461975098,22230
10.061244249343872,22229
10.074610233306885,22228
10.087686777114868,22227
10.100595235824585,22226
10.113890171051025,22225
10.127025842666626,22224
10.140269756317139,22223
10.15364408493042,22222
10.166650533676147,22221
10.179689884185791,22220
10.192927360534668,22219
10.206319093704224,22218
10.21933889389038,22217
10.232512950897217,22216
10.245624780654907,22215
10.258620977401733,22214
10.271770715713501,22213
10.28490924835205,22212
10.297935724258423,22211
10.311089038848877,22210
10.323918581008911,22209
10.337541818618774,22208
10.350747346878052,22207
10.363680839538574,22206
10.377259969711304,22205
10.390798330307007,22204
10.409234046936035,22203
10.422221899032593,22202
10.435450315475464,22201
10.448633909225464,22200
10.461498737335205,22199
10.47473692893982,22198
10.48781681060791,22197
10.500716209411621,22196
10.513965129852295,22195
10.52717137336731,22194
10.540355920791626,22193
10.55420708656311,22192
10.575108528137207,22191
10.588443756103516,22190
10.615555763244629,22189
10.628903150558472,22188
10.642117023468018,22187
10.655381441116333,22186
10.668636560440063,22185
10.681718826293945,22184
10.694914817810059,22183
10.708098411560059,22182
10.721577167510986,22181
10.73540186882019,22180
10.748735904693604,22179
10.761789560317993,22178
10.775065898895264,22177
10.788467645645142,22176
10.801546335220337,22175
10.814774751663208,22174
10.841158628463745,22173
10.854295253753662,22172
10.867443561553955,22171
10.88126015663147,22170
10.894726037979126,22169
10.908224821090698,22168
10.921068906784058,22167
10.934691190719604,22166
10.947930812835693,22165
10.961015224456787,22164
10.974712610244751,22163
10.988319873809814,22162
11.001526117324829,22161
11.014787673950195,22160
11.02790880203247,22159
11.041193962097168,22158
11.054399490356445,22157
11.06762409210205,22156
11.080595254898071,22155
11.093770980834961,22154
11.106874465942383,22153
11.119887828826904,22152
11.133389234542847,22151
11.14664626121521,22150
11.159573078155518,22149
11.172997236251831,22148
11.186166524887085,22147
11.199102878570557,22146
11.212438106536865,22145
11.225589752197266,22144
11.238523483276367,22143
11.251780033111572,22142
11.264742374420166,22141
11.277825355529785,22140
11.290998697280884,22139
11.303938627243042,22138
11.317054271697998,22137
11.330470085144043,22136
11.343491315841675,22135
11.356724262237549,22134
11.370014667510986,22133
11.383120059967041,22132
11.396372318267822,22131
11.409626483917236,22130
11.4225754737854,22129
11.440317869186401,22128
11.459903717041016,22127
11.479483604431152,22126
11.494604349136353,22125
11.50770878791809,22124
11.547533512115479,22123
11.560765504837036,22122
11.575437307357788,22121
11.58903956413269,22120
11.602291345596313,22119
11.622443675994873,22118
11.63582730293274,22117
11.64910101890564,22116
11.662107706069946,22115
11.675434112548828,22114
11.68870210647583,22113
11.711413860321045,22112
11.724635601043701,22111
11.73912763595581,22110
11.752466917037964,22109
11.765686511993408,22108
11.778935670852661,22107
11.792210578918457,22106
11.805272102355957,22105
11.831507921218872,22104
11.84436821937561,22103
11.857841968536377,22102
11.87103271484375,22101
11.883959531784058,22100
11.902841329574585,22099
11.915979623794556,22098
11.929306745529175,22097
11.942543745040894,22096
11.956240892410278,22095
11.96958041191101,22094
12.019392967224121,22093
12.032648801803589,22092
12.046694993972778,22091
12.059821605682373,22090
12.073046922683716,22089
12.086118221282959,22088
12.09917402267456,22087
12.112287282943726,22086
12.125470638275146,22085
12.138714790344238,22084
12.151963949203491,22083
12.165496826171875,22082
12.183943748474121,22081
12.197757244110107,22080
12.212149620056152,22079
12.225441455841064,22078
12.238425970077515,22077
12.251718282699585,22076
12.264898300170898,22075
12.27809762954712,22074
12.293161869049072,22073
12.306503295898438,22072
12.320326805114746,22071
12.333866119384766,22070
12.347149848937988,22069
12.360256910324097,22068
12.37375521659851,22067
12.387077569961548,22066
12.400150299072266,22065
12.415579080581665,22064
12.428833723068237,22063
12.446789741516113,22062
12.459987878799438,22061
12.474432706832886,22060
12.487708330154419,22059
12.500793695449829,22058
12.51391339302063,22057
12.527096033096313,22056
12.540392875671387,22055
12.554109334945679,22054
12.569617986679077,22053
12.582906246185303,22052
12.596295595169067,22051
12.609716892242432,22050
12.622759819030762,22049
12.636065006256104,22048
12.649238586425781,22047
12.664088249206543,22046
12.677585363388062,22045
12.691757678985596,22044
12.704752922058105,22043
12.718133211135864,22042
12.73169755935669,22041
12.744850873947144,22040
12.758016586303711,22039
12.771860837936401,22038
12.785440683364868,22037
12.798779487609863,22036
12.812065601348877,22035
12.82502555847168,22034
12.838282823562622,22033
12.851467609405518,22032
12.864502191543579,22031
12.877978563308716,22030
12.89111876487732,22029
12.904033899307251,22028
12.917307138442993,22027
12.930761814117432,22026
12.943755865097046,22025
12.957234621047974,22024
12.970427513122559,22023
12.983716487884521,22022
12.997048139572144,22021
13.010429620742798,22020
13.023449182510376,22019
13.036821126937866,22018
13.06307315826416,22017
13.076455354690552,22016
13.090680599212646,22015
13.103638648986816,22014
13.116956233978271,22013
13.130385875701904,22012
13.14366888999939,22011
13.156850099563599,22010
13.17014765739441,22009
13.183342695236206,22008
13.196728706359863,22007
13.221303701400757,22006
13.234496593475342,22005
13.247642040252686,22004
13.260775327682495,22003
13.273987531661987,22002
13.287459135055542,22001
13.300620317459106,22000
13.31399154663086,21999
13.327083826065063,21998
13.340376853942871,21997
13.353707313537598,21996
13.36720895767212,21995
13.380750894546509,21994
13.394270420074463,21993
13.407793283462524,21992
13.420828104019165,21991
13.447378873825073,21990
13.46029806137085,21989
13.473611116409302,21988
13.486834287643433,21987
13.499862670898438,21986
13.513200998306274,21985
13.526327133178711,21984
13.539563417434692,21983
13.55339789390564,21982
13.56670880317688,21981
13.579806089401245,21980
13.593273162841797,21979
13.60642957687378,21978
13.61936902999878,21977
13.632740497589111,21976
13.645926237106323,21975
13.658883094787598,21974
13.672218322753906,21973
13.68533444404602,21972
13.698731422424316,21971
13.711937427520752,21970
13.724950313568115,21969
13.738840818405151,21968
13.7521390914917,21967
13.765070676803589,21966
13.778607606887817,21965
13.791876554489136,21964
13.810517072677612,21963
13.823434591293335,21962
13.837698936462402,21961
13.850937128067017,21960
13.86383605003357,21959
13.877109050750732,21958
13.890458822250366,21957
13.903401136398315,21956
13.916726350784302,21955
13.929953336715698,21954
13.943129777908325,21953
13.956510543823242,21952
13.977438926696777,21951
13.991228103637695,21950
14.005530595779419,21949
14.018717050552368,21948
14.032058238983154,21947
14.044916868209839,21946
14.058165073394775,21945
14.071464538574219,21944
14.084421873092651,21943
14.09754991531372,21942
14.110839128494263,21941
14.123770952224731,21940
14.137317180633545,21939
14.150591850280762,21938
14.163610458374023,21937
14.177011966705322,21936
14.203227519989014,21935
14.228570222854614,21934
14.241575717926025,21933
14.254782915115356,21932
14.27083134651184,21931
14.283838748931885,21930
14.297054767608643,21929
14.310422658920288,21928
14.336988925933838,21927
14.350300312042236,21926
14.363322257995605,21925
14.376696348190308,21924
14.390015602111816,21923
14.403072834014893,21922
14.43429160118103,21921
14.447422742843628,21920
14.460342645645142,21919
14.473750591278076,21918
14.486849784851074,21917
14.499737024307251,21916
14.513078689575195,21915
14.526249170303345,21914
14.539403915405273,21913
14.553205013275146,21912
14.566589832305908,21911
14.580275058746338,21910
14.593584299087524,21909
14.607081651687622,21908
14.620171546936035,21907
14.63353943824768,21906
14.64668083190918,21905
14.659715175628662,21904
14.673086166381836,21903
14.68629789352417,21902
14.69916296005249,21901
14.71247410774231,21900
14.725686073303223,21899
14.739100694656372,21898
14.752405881881714,21897
14.765345335006714,21896
14.77877950668335,21895
14.792200803756714,21894
14.805136680603027,21893
14.818397045135498,21892
14.831663131713867,21891
14.84461784362793,21890
14.85774564743042,21889
14.870969772338867,21888
14.883934497833252,21887
14.897128343582153,21886
14.910412073135376,21885
14.92347526550293,21884
14.937028408050537,21883
14.950328350067139,21882
14.963350296020508,21881
14.976714372634888,21880
14.9909348487854,21879
15.004185438156128,21878
15.022049188613892,21877
15.037154912948608,21876
15.06330680847168,21875
15.076846837997437,21874
15.090719938278198,21873
15.10394287109375,21872
15.117281675338745,21871
15.14393138885498,21870
15.1573326587677,21869
15.171093702316284,21868
15.185173034667969,21867
15.198895454406738,21866
15.212226390838623,21865
15.22512149810791,21864
15.238501787185669,21863
15.251708984375,21862
15.26476001739502,21861
15.278027296066284,21860
15.291163444519043,21859
15.304025888442993,21858
15.317375183105469,21857
15.330713748931885,21856
15.34375524520874,21855
15.357091665267944,21854
15.379965782165527,21853
15.393318176269531,21852
15.408264875411987,21851
15.421641826629639,21850
15.43598198890686,21849
15.449172735214233,21848
15.462098836898804,21847
15.4752938747406,21846
15.488516569137573,21845
15.501347303390503,21844
15.51461672782898,21843
15.527693271636963,21842
15.541060209274292,21841
15.554731845855713,21840
15.581055402755737,21839
15.594395875930786,21838
15.607652187347412,21837
15.620612382888794,21836
15.633853435516357,21835
15.647106409072876,21834
15.660020351409912,21833
15.673308849334717,21832
15.686403274536133,21831
15.699581384658813,21830
15.71283769607544,21829
15.725717544555664,21828
15.739156246185303,21827
15.752467632293701,21826
15.765348434448242,21825
15.779265642166138,21824
15.792624235153198,21823
15.83276653289795,21822
15.84693431854248,21821
15.859899997711182,21820
15.87324857711792,21819
15.886537313461304,21818
15.89950966835022,21817
15.912750005722046,21816
15.925670385360718,21815
15.939140319824219,21814
15.952627182006836,21813
15.967002868652344,21812
15.988773345947266,21811
16.001964330673218,21810
16.045081853866577,21809
16.059130668640137,21808
16.073012113571167,21807
16.086647510528564,21806
16.101035833358765,21805
16.11716914176941,21804
16.133574724197388,21803
16.168472051620483,21802
16.200867414474487,21801
16.215986013412476,21800
16.232410192489624,21799
16.24752950668335,21798
16.263128757476807,21797
16.279719352722168,21796
16.29447078704834,21795
16.308233499526978,21794
16.322216749191284,21793
16.33655571937561,21792
16.351508140563965,21791
16.365556955337524,21790
16.380143642425537,21789
16.39439845085144,21788
16.408942937850952,21787
16.429767608642578,21786
16.446561574935913,21785
16.481289386749268,21784
16.497337341308594,21783
16.51352024078369,21782
16.529035568237305,21781
16.544524669647217,21780
16.55909752845764,21779
16.574341535568237,21778
16.589168548583984,21777
16.60298180580139,21776
16.61847496032715,21775
16.63190269470215,21774
16.64502716064453,21773
16.659043550491333,21772
16.674914598464966,21771
16.689801692962646,21770
16.70419955253601,21769
16.73321533203125,21768
16.761726140975952,21767
16.77971911430359,21766
16.79620933532715,21765
16.811043739318848,21764
16.82542133331299,21763
16.839834928512573,21762
16.85418152809143,21761
16.870375394821167,21760
16.8841769695282,21759
16.904486656188965,21758
16.917847156524658,21757
16.931387901306152,21756
16.94526743888855,21755
16.961601972579956,21754
16.97636651992798,21753
16.991968154907227,21752
17.02269434928894,21751
17.037521362304688,21750
17.054479598999023,21749
17.069440364837646,21748
17.083612203598022,21747
17.098102569580078,21746
17.112279176712036,21745
17.128928422927856,21744
17.143100261688232,21743
17.157426118850708,21742
17.17164945602417,21741
17.18530011177063,21740
17.199461221694946,21739
17.212979793548584,21738
17.239587783813477,21737
17.253167152404785,21736
17.268173217773438,21735
17.28205680847168,21734
17.301355600357056,21733
17.31464433670044,21732
17.327911853790283,21731
17.341995239257812,21730
17.356263875961304,21729
17.370832681655884,21728
17.387063026428223,21727
17.401782512664795,21726
17.415853023529053,21725
17.429450035095215,21724
17.44301176071167,21723
17.457375049591064,21722
17.47103190422058,21721
17.484866857528687,21720
17.498450994491577,21719
17.51207661628723,21718
17.52512240409851,21717
17.53864049911499,21716
17.552515268325806,21715
17.565742015838623,21714
17.57971954345703,21713
17.593228101730347,21712
17.606563329696655,21711
17.619750499725342,21710
17.64590573310852,21709
17.675264835357666,21708
17.694262742996216,21707
17.71330428123474,21706
17.731759071350098,21705
17.749680280685425,21704
17.767479419708252,21703
17.78446364402771,21702
17.82882285118103,21701
17.8450129032135,21700
17.867876052856445,21699
17.885183095932007,21698
17.9029643535614,21697
17.920456647872925,21696
17.958603620529175,21695
17.976264238357544,21694
17.996317863464355,21693
18.0129873752594,21692
18.02970576286316,21691
18.05928945541382,21690
18.078316926956177,21689
18.09550404548645,21688
18.112374305725098,21687
18.12840247154236,21686
18.1460964679718,21685
18.161617040634155,21684
18.17793560028076,21683
18.19454050064087,21682
18.227242469787598,21681
18.243136644363403,21680
18.26026439666748,21679
18.27721381187439,21678
18.293741703033447,21677
18.311049461364746,21676
18.327356815338135,21675
18.342909812927246,21674
18.35896110534668,21673
18.37618660926819,21672
18.393680810928345,21671
18.41063928604126,21670
18.427438735961914,21669
18.445303678512573,21668
18.46271777153015,21667
18.482041597366333,21666
18.497764587402344,21665
18.51421284675598,21664
18.53031325340271,21663
18.547235250473022,21662
18.562474012374878,21661
18.57823944091797,21660
18.594710111618042,21659
18.627273321151733,21658
18.642420291900635,21657
18.65929675102234,21656
18.67521023750305,21655
18.69117259979248,21654
18.71287751197815,21653
18.73202872276306,21652
18.76521110534668,21651
18.805076122283936,21650
18.822275638580322,21649
18.838805437088013,21648
18.858838081359863,21647
18.892221927642822,21646
18.908608436584473,21645
18.931812286376953,21644
18.956475257873535,21643
18.979565620422363,21642
19.006279230117798,21641
19.02425265312195,21640
19.063726663589478,21639
19.08244013786316,21638
19.099899291992188,21637
19.12565517425537,21636
19.14041495323181,21635
19.15582275390625,21634
19.170661211013794,21633
19.206051349639893,21632
19.23322892189026,21631
19.256405353546143,21630
19.273618459701538,21629
19.290300130844116,21628
19.307201147079468,21627
19.32523822784424,21626
19.352808952331543,21625
19.37302851676941,21624
19.389694929122925,21623
19.40713381767273,21622
19.42261528968811,21621
19.43816089630127,21620
19.455234050750732,21619
19.47071886062622,21618
19.48952007293701,21617
19.50520968437195,21616
19.520785570144653,21615
19.536903142929077,21614
19.553546667099,21613
19.568482875823975,21612
19.58260440826416,21611
19.59697985649109,21610
19.610515832901,21609
19.6354923248291,21608
19.659564971923828,21607
19.68322205543518,21606
19.71075415611267,21605
19.725711822509766,21604
19.74079918861389,21603
19.754297971725464,21602
19.768874883651733,21601
19.782570362091064,21600
19.796299695968628,21599
19.809931993484497,21598
19.823179244995117,21597
19.850258588790894,21596
19.863597631454468,21595
19.878169775009155,21594
19.891618728637695,21593
19.905052661895752,21592
19.918797731399536,21591
19.95335292816162,21590
19.98495101928711,21589
19.999258518218994,21588
20.01325511932373,21587
20.027854919433594,21586
20.043833017349243,21585
20.076586961746216,21584
20.09105396270752,21583
20.115143299102783,21582
20.12905716896057,21581
20.14281940460205,21580
20.156471252441406,21579
20.16986346244812,21578
20.197211027145386,21577
20.210931301116943,21576
20.225441932678223,21575
20.23980402946472,21574
20.255053281784058,21573
20.26892328262329,21572
20.282865047454834,21571
20.296581268310547,21570
20.31216812133789,21569
20.397180795669556,21568
20.412139177322388,21567
20.427404165267944,21566
20.44250202178955,21565
20.457958221435547,21564
20.49096155166626,21563
20.50628089904785,21562
20.522217512130737,21561
20.537692546844482,21560
20.552574396133423,21559
20.58346915245056,21558
20.598687171936035,21557
20.613953113555908,21556
20.648080587387085,21555
20.669574737548828,21554
20.68578577041626,21553
20.70046639442444,21552
20.715373039245605,21551
20.730645656585693,21550
20.777368545532227,21549
20.79256558418274,21548
20.809079885482788,21547
20.823636770248413,21546
20.838770151138306,21545
20.853216886520386,21544
20.868114471435547,21543
20.88319754600525,21542
20.897340536117554,21541
20.912466764450073,21540
20.92790961265564,21539
20.943364143371582,21538
20.95891046524048,21537
20.974790573120117,21536
20.990264654159546,21535
21.005043029785156,21534
21.020761489868164,21533
21.035868883132935,21532
21.057225465774536,21531
21.07332158088684,21530
21.089555501937866,21529
21.104830503463745,21528
21.120041370391846,21527
21.140700340270996,21526
21.156842708587646,21525
21.17314314842224,21524
21.19413471221924,21523
21.211063146591187,21522
21.236711978912354,21521
21.253194093704224,21520
21.27041530609131,21519
21.28653120994568,21518
21.30199646949768,21517
21.33439564704895,21516
21.350642204284668,21515
21.38260006904602,21514
21.39842939376831,21513
21.414318799972534,21512
21.430418014526367,21511
21.445802927017212,21510
21.461669206619263,21509
21.477855920791626,21508
21.494266033172607,21507
21.51017427444458,21506
21.547971487045288,21505
21.57012128829956,21504
21.585721492767334,21503
21.60215187072754,21502
21.617839336395264,21501
21.634040355682373,21500
21.650553941726685,21499
21.66700553894043,21498
21.68196702003479,21497
21.697930812835693,21496
21.713831901550293,21495
21.729442358016968,21494
21.74503779411316,21493
21.760618448257446,21492
21.776436805725098,21491
21.792644023895264,21490
21.808226108551025,21489
21.82326054573059,21488
21.838943004608154,21487
21.854910135269165,21486
21.870707273483276,21485
21.886308431625366,21484
21.917004346847534,21483
21.93338131904602,21482
21.94967484474182,21481
21.96503782272339,21480
21.980421781539917,21479
21.99635338783264,21478
22.01135802268982,21477
22.040503978729248,21476
22.05490231513977,21475
22.06924319267273,21474
22.083384037017822,21473
22.097301483154297,21472
22.111082792282104,21471
22.124382495880127,21470
22.139728546142578,21469
22.154475688934326,21468
22.169244289398193,21467
22.183545112609863,21466
22.197667837142944,21465
22.21194839477539,21464
22.225602626800537,21463
22.240229845046997,21462
22.25476598739624,21461
22.269014358520508,21460
22.283435821533203,21459
22.297507286071777,21458
22.312484979629517,21457
22.327752828598022,21456
22.343509912490845,21455
22.358311891555786,21454
22.372051239013672,21453
22.38562560081482,21452
22.399776697158813,21451
22.414800882339478,21450
22.43024182319641,21449
22.443912982940674,21448
22.458823680877686,21447
22.47341299057007,21446
22.48751735687256,21445
22.51526713371277,21444
22.52920699119568,21443
22.542969226837158,21442
22.557507276535034,21441
22.586483001708984,21440
22.600849151611328,21439
22.62695026397705,21438
22.64171552658081,21437
22.657069206237793,21436
22.67300248146057,21435
22.6866192817688,21434
22.70046591758728,21433
22.7199923992157,21432
22.735048532485962,21431
22.756388187408447,21430
22.770317554473877,21429
22.78495454788208,21428
22.799776554107666,21427
22.813661098480225,21426
22.82699227333069,21425
22.840699195861816,21424
22.856598615646362,21423
22.87089443206787,21422
22.88510251045227,21421
22.9005126953125,21420
22.916326761245728,21419
22.93155574798584,21418
22.94539475440979,21417
22.95956039428711,21416
22.974275827407837,21415
22.988809823989868,21414
23.002771377563477,21413
23.01719331741333,21412
23.03113555908203,21411
23.045424699783325,21410
23.072853565216064,21409
23.0866801738739,21408
23.109875202178955,21407
23.123631238937378,21406
23.143311262130737,21405
23.157078742980957,21404
23.17179226875305,21403
23.186397314071655,21402
23.19995403289795,21401
23.213460683822632,21400
23.22663712501526,21399
23.240012407302856,21398
23.253941535949707,21397
23.26724338531494,21396
23.2810218334198,21395
23.309362649917603,21394
23.32301640510559,21393
23.338212490081787,21392
23.35335111618042,21391
23.368411540985107,21390
23.38318133354187,21389
23.397772312164307,21388
23.41311478614807,21387
23.427515506744385,21386
23.442344903945923,21385
23.456502199172974,21384
23.47049379348755,21383
23.48428249359131,21382
23.49779748916626,21381
23.512075662612915,21380
23.5264413356781,21379
23.55692410469055,21378
23.572907209396362,21377
23.58858609199524,21376
23.60969877243042,21375
23.62399196624756,21374
23.638526678085327,21373
23.652437925338745,21372
23.66697072982788,21371
23.681350469589233,21370
23.695743799209595,21369
23.71018362045288,21368
23.723987817764282,21367
23.737925052642822,21366
23.752696990966797,21365
23.76669216156006,21364
23.7816801071167,21363
23.79595923423767,21362
23.809844970703125,21361
23.824379682540894,21360
23.838109493255615,21359
23.851562976837158,21358
23.86538052558899,21357
23.892910480499268,21356
23.906683206558228,21355
23.921523809432983,21354
23.936194896697998,21353
23.949975967407227,21352
23.963613986968994,21351
23.977739095687866,21350
23.991535186767578,21349
24.004947900772095,21348
24.030354022979736,21347
24.044522047042847,21346
24.059972763061523,21345
24.07568860054016,21344
24.090938806533813,21343
24.10569405555725,21342
24.12068819999695,21341
24.15156579017639,21340
24.166500568389893,21339
24.18232226371765,21338
24.19838857650757,21337
24.213370084762573,21336
24.227688789367676,21335
24.243093729019165,21334
24.25865912437439,21333
24.27559995651245,21332
24.290103912353516,21331
24.304432153701782,21330
24.318210124969482,21329
24.332266807556152,21328
24.34932279586792,21327
24.363965272903442,21326
24.380616903305054,21325
24.39439558982849,21324
24.407598733901978,21323
24.42173457145691,21322
24.435510635375977,21321
24.449077606201172,21320
24.463011741638184,21319
24.477361917495728,21318
24.49130129814148,21317
24.50461483001709,21316
24.519152641296387,21315
24.533429384231567,21314
24.547029972076416,21313
24.561131954193115,21312
24.582062482833862,21311
24.596385955810547,21310
24.611345529556274,21309
24.625719785690308,21308
24.639495849609375,21307
24.653291702270508,21306
24.671423196792603,21305
24.685397148132324,21304
24.699792861938477,21303
24.713359832763672,21302
24.72664451599121,21301
24.74073576927185,21300
24.754419565200806,21299
24.76758360862732,21298
24.78156566619873,21297
24.795218229293823,21296
24.809504508972168,21295
24.837374925613403,21294
24.851593494415283,21293
24.866126775741577,21292
24.88163185119629,21291
24.895787715911865,21290
24.90972137451172,21289
24.92326521873474,21288
24.937126636505127,21287
24.95161747932434,21286
24.96576237678528,21285
24.97992515563965,21284
24.994136810302734,21283
25.007817029953003,21282
25.02159810066223,21281
25.035282373428345,21280
25.04928159713745,21279
25.079115867614746,21278
25.092884302139282,21277
25.106271743774414,21276
25.119606494903564,21275
25.13317561149597,21274
25.14629554748535,21273
25.159543991088867,21272
25.17303705215454,21271
25.186192274093628,21270
25.213029623031616,21269
25.22639298439026,21268
25.240429401397705,21267
25.253947734832764,21266
25.26731824874878,21265
25.280743837356567,21264
25.29407262802124,21263
25.307042121887207,21262
25.320555210113525,21261
25.333981037139893,21260
25.347028970718384,21259
25.360393285751343,21258
25.374181270599365,21257
25.38731622695923,21256
25.400673151016235,21255
25.413941621780396,21254
25.4269437789917,21253
25.45124578475952,21252
25.46420907974243,21251
25.477527379989624,21250
25.49074649810791,21249
25.517169952392578,21248
25.530529260635376,21247
25.543615341186523,21246
25.557664394378662,21245
25.571980953216553,21244
25.585336923599243,21243
25.59870719909668,21242
25.612093210220337,21241
25.625258445739746,21240
25.65192174911499,21239
25.67864990234375,21238
25.691987991333008,21237
25.710296392440796,21236
25.723358154296875,21235
25.73694658279419,21234
25.75025701522827,21233
25.763290882110596,21232
25.776804447174072,21231
25.790186166763306,21230
25.80313992500305,21229
25.81647491455078,21228
25.829604387283325,21227
25.85588049888611,21226
25.86944270133972,21225
25.882806301116943,21224
25.896214962005615,21223
25.90934181213379,21222
25.928879261016846,21221
25.942265272140503,21220
25.955866813659668,21219
25.969308376312256,21218
25.982540607452393,21217
25.995863437652588,21216
26.022032976150513,21215
26.035355806350708,21214
26.04825758934021,21213
26.06175708770752,21212
26.07513427734375,21211
26.088215112686157,21210
26.101433038711548,21209
26.129170656204224,21208
26.142916917800903,21207
26.157074213027954,21206
26.170969486236572,21205
26.184244632720947,21204
26.197706937789917,21203
26.211071014404297,21202
26.224077463150024,21201
26.237504959106445,21200
26.250654458999634,21199
26.26370644569397,21198
26.277041912078857,21197
26.29080891609192,21196
26.317678928375244,21195
26.33113718032837,21194
26.344135999679565,21193
26.35825777053833,21192
26.371863842010498,21191
26.38500690460205,21190
26.398448705673218,21189
26.411678314208984,21188
26.42465305328369,21187
26.438072681427002,21186
26.451273679733276,21185
26.464215993881226,21184
26.477522373199463,21183
26.49076795578003,21182
26.50371551513672,21181
26.51712203025818,21180
26.5305233001709,21179
26.543572425842285,21178
26.55696439743042,21177
26.575682878494263,21176
26.58902406692505,21175
26.602311372756958,21174
26.615497589111328,21173
26.628520250320435,21172
26.64183473587036,21171
26.655131101608276,21170
26.668203592300415,21169
26.68180513381958,21168
26.6950421333313,21167
26.708152532577515,21166
26.7215838432312,21165
26.73525309562683,21164
26.748270511627197,21163
26.761651754379272,21162
26.775140047073364,21161
26.7882297039032,21160
26.80166530609131,21159
26.826472759246826,21158
26.839890003204346,21157
26.854078769683838,21156
26.866998195648193,21155
26.88038182258606,21154
26.893589973449707,21153
26.90739607810974,21152
26.920748472213745,21151
26.93429446220398,21150
26.947367668151855,21149
26.960756063461304,21148
26.97420358657837,21147
27.00193738937378,21146
27.015450477600098,21145
27.028788566589355,21144
27.042405605316162,21143
27.072245597839355,21142
27.099663496017456,21141
27.113969326019287,21140
27.127209663391113,21139
27.154359340667725,21138
27.169564485549927,21137
27.18367314338684,21136
27.19706392288208,21135
27.223348140716553,21134
27.24640417098999,21133
27.259645462036133,21132
27.27291226387024,21131
27.285820484161377,21130
27.299116134643555,21129
27.314481258392334,21128
27.33549690246582,21127
27.34980297088623,21126
27.363174200057983,21125
27.37666082382202,21124
27.390050411224365,21123
27.403009176254272,21122
27.416420698165894,21121
27.441770553588867,21120
27.474655389785767,21119
27.48777937889099,21118
27.50100612640381,21117
27.526854276657104,21116
27.54061770439148,21115
27.55487871170044,21114
27.567980527877808,21113
27.581532955169678,21112
27.59494638442993,21111
27.607887029647827,21110
27.62119436264038,21109
27.634627103805542,21108
27.647517442703247,21107
27.662118196487427,21106
27.676480054855347,21105
27.691153526306152,21104
27.70565962791443,21103
27.7192542552948,21102
27.73277735710144,21101
27.745922803878784,21100
27.7591495513916,21099
27.77250838279724,21098
27.78553080558777,21097
27.798866510391235,21096
27.811960697174072,21095
27.825013399124146,21094
27.83820390701294,21093
27.851375341415405,21092
27.864296674728394,21091
27.877655506134033,21090
27.890750885009766,21089
27.903835773468018,21088
27.916998863220215,21087
27.93038535118103,21086
27.951237440109253,21085
27.974315404891968,21084
27.98783230781555,21083
28.002238512039185,21082
28.015623092651367,21081
28.028759956359863,21080
28.05533003807068,21079
28.068641662597656,21078
28.082794666290283,21077
28.0960795879364,21076
28.10925555229187,21075
28.122255563735962,21074
28.13582468032837,21073
28.148938179016113,21072
28.162185668945312,21071
28.17554473876953,21070
28.20211410522461,21069
28.21545124053955,21068
28.22853922843933,21067
28.24184560775757,21066
28.268234491348267,21065
28.294665575027466,21064
28.30983543395996,21063
28.32490873336792,21062
28.339026927947998,21061
28.352548837661743,21060
28.365667819976807,21059
28.3791241645813,21058
28.392460346221924,21057
28.40545129776001,21056
28.418691396713257,21055
28.431790590286255,21054
28.444926023483276,21053
28.458069324493408,21052
28.47121834754944,21051
28.48425531387329,21050
28.49739670753479,21049
28.510504484176636,21048
28.523590564727783,21047
28.536996126174927,21046
28.550532817840576,21045
28.563636541366577,21044
28.58426809310913,21043
28.612499952316284,21042
28.639025449752808,21041
28.652563333511353,21040
28.666783332824707,21039
28.699869394302368,21038
28.714183568954468,21037
28.7411892414093,21036
28.754831075668335,21035
28.768836736679077,21034
28.782400608062744,21033
28.795942306518555,21032
28.80946445465088,21031
28.82270050048828,21030
28.835989952087402,21029
28.84911298751831,21028
28.862637758255005,21027
28.876062393188477,21026
28.906694173812866,21025
28.92005705833435,21024
28.955718994140625,21023
28.968756675720215,21022
28.982167959213257,21021
28.99552083015442,21020
29.008495330810547,21019
29.021908283233643,21018
29.048319339752197,21017
29.062201023101807,21016
29.076407432556152,21015
29.089906454086304,21014
29.116413116455078,21013
29.129863023757935,21012
29.149474143981934,21011
29.162697553634644,21010
29.176235914230347,21009
29.18937039375305,21008
29.202616214752197,21007
29.215747356414795,21006
29.2286856174469,21005
29.24202799797058,21004
29.255263805389404,21003
29.2686185836792,21002
29.29538106918335,21001
29.308331727981567,21000
29.321697473526,20999
29.33509087562561,20998
29.34809947013855,20997
29.361648321151733,20996
29.3750262260437,20995
29.388153314590454,20994
29.40149474143982,20993
29.414738416671753,20992
29.42762017250061,20991
29.44093632698059,20990
29.465080738067627,20989
29.478583574295044,20988
29.492743730545044,20987
29.51899766921997,20986
29.532570838928223,20985
29.546510219573975,20984
29.559885501861572,20983
29.573657274246216,20982
29.586710453033447,20981
29.6000554561615,20980
29.61322259902954,20979
29.63085627555847,20978
29.644092798233032,20977
29.658282041549683,20976
29.672045946121216,20975
29.68518352508545,20974
29.698506355285645,20973
29.71179223060608,20972
29.724709272384644,20971
29.73818874359131,20970
29.751460313796997,20969
29.764614582061768,20968
29.778114795684814,20967
29.791449308395386,20966
29.804403066635132,20965
29.817745208740234,20964
29.830848455429077,20963
29.843846559524536,20962
29.857223987579346,20961
29.87037682533264,20960
29.883554697036743,20959
29.897003412246704,20958
29.91012406349182,20957
29.924928903579712,20956
29.938682317733765,20955
29.95301389694214,20954
29.9796941280365,20953
30.006163835525513,20952
30.019371032714844,20951
30.0334575176239,20950
30.04646921157837,20949
30.059935808181763,20948
30.092912197113037,20947
30.106962203979492,20946
30.120237350463867,20945
30.133716106414795,20944
30.158284187316895,20943
30.17160153388977,20942
30.18487310409546,20941
30.19818902015686,20940
30.211374282836914,20939
30.224461555480957,20938
30.237627506256104,20937
30.250809907913208,20936
30.265573740005493,20935
30.28289222717285,20934
30.29617214202881,20933
30.309126377105713,20932
30.322354793548584,20931
30.335701942443848,20930
30.348845720291138,20929
30.362034797668457,20928
30.375529050827026,20927
30.399946689605713,20926
30.41330862045288,20925
30.427201509475708,20924
30.440483570098877,20923
30.46667718887329,20922
30.479883670806885,20921
30.50651717185974,20920
30.519736528396606,20919
30.54650568962097,20918
30.559810400009155,20917
30.574225902557373,20916
30.58739399909973,20915
30.600771188735962,20914
30.613924980163574,20913
30.626994371414185,20912
30.64025068283081,20911
30.653478145599365,20910
30.666558504104614,20909
30.679858207702637,20908
30.69312357902527,20907
30.7061550617218,20906
30.732943058013916,20905
30.746289014816284,20904
30.760406494140625,20903
30.773844718933105,20902
30.79798650741577,20901
30.811418056488037,20900
30.82545518875122,20899
30.838687658309937,20898
30.85193419456482,20897
30.87301540374756,20896
30.886043310165405,20895
30.89945912361145,20894
30.91282629966736,20893
30.92578625679016,20892
30.939225435256958,20891
30.95259690284729,20890
30.96561288833618,20889
30.986086130142212,20888
30.99943780899048,20887
31.017816066741943,20886
31.031203746795654,20885
31.04503893852234,20884
31.058407306671143,20883
31.07176971435547,20882
31.08468508720398,20881
31.124172925949097,20880
31.137810230255127,20879
31.15195631980896,20878
31.17272925376892,20877
31.18584942817688,20876
31.210621118545532,20875
31.233230113983154,20874
31.246063470840454,20873
31.25927233695984,20872
31.272409200668335,20871
31.28536581993103,20870
31.300559520721436,20869
31.31418013572693,20868
31.3326256275177,20867
31.345684051513672,20866
31.359931230545044,20865
31.373303174972534,20864
31.395556688308716,20863
31.40884804725647,20862
31.423113107681274,20861
31.43631339073181,20860
31.449354887008667,20859
31.46265149116516,20858
31.47603416442871,20857
31.48956847190857,20856
31.502886533737183,20855
31.516125679016113,20854
31.529127836227417,20853
31.542437314987183,20852
31.555687189102173,20851
31.56911301612854,20850
31.58251190185547,20849
31.601476669311523,20848
31.61651921272278,20847
31.629472255706787,20846
31.64357089996338,20845
31.65678882598877,20844
31.669748067855835,20843
31.682894229888916,20842
31.69622254371643,20841
31.71151614189148,20840
31.7394118309021,20839
31.75297498703003,20838
31.766885995864868,20837
31.815454721450806,20836
31.828837156295776,20835
31.843098878860474,20834
31.85649800300598,20833
31.869488954544067,20832
31.882675647735596,20831
31.89592957496643,20830
31.908862352371216,20829
31.922145128250122,20828
31.9352605342865,20827
31.948378801345825,20826
31.96166443824768,20825
31.97500777244568,20824
31.988285064697266,20823
32.00164175033569,20822
32.014829874038696,20821
32.027958154678345,20820
32.041159868240356,20819
32.067665815353394,20818
32.08085632324219,20817
32.10742521286011,20816
32.12059450149536,20815
32.13393449783325,20814
32.14773106575012,20813
32.16124200820923,20812
32.1747944355011,20811
32.187833070755005,20810
32.2011284828186,20809
32.21434211730957,20808
32.227463483810425,20807
32.24062967300415,20806
32.25388550758362,20805
32.26684617996216,20804
32.280038356781006,20803
32.29320287704468,20802
32.30620861053467,20801
32.319339752197266,20800
32.33265209197998,20799
32.345754861831665,20798
32.358975648880005,20797
32.38577890396118,20796
32.39894342422485,20795
32.412105321884155,20794
32.42583346366882,20793
32.43938112258911,20792
32.45282530784607,20791
32.465821981430054,20790
32.479023456573486,20789
32.4922878742218,20788
32.5053346157074,20787
32.51846241950989,20786
32.53160619735718,20785
32.57180428504944,20784
32.58500266075134,20783
32.599183082580566,20782
32.61245775222778,20781
32.638691902160645,20780
32.65187692642212,20779
32.66515111923218,20778
32.67846155166626,20777
32.691601514816284,20776
32.7045955657959,20775
32.71796703338623,20774
32.73142671585083,20773
32.74467206001282,20772
32.75809907913208,20771
32.77136254310608,20770
32.78450584411621,20769
32.79789137840271,20768
32.848045110702515,20767
32.86158299446106,20766
32.87515187263489,20765
32.88851475715637,20764
32.90212345123291,20763
32.915446043014526,20762
32.92858052253723,20761
32.94251251220703,20760
32.95596122741699,20759
32.96950173377991,20758
32.98296618461609,20757
32.996400594711304,20756
33.00930380821228,20755
33.022966384887695,20754
33.036619424819946,20753
33.049927711486816,20752
33.076810121536255,20751
33.089898347854614,20750
33.10413479804993,20749
33.11745524406433,20748
33.13074088096619,20747
33.152183532714844,20746
33.16520166397095,20745
33.193641662597656,20744
33.20660400390625,20743
33.22582244873047,20742
33.239006757736206,20741
33.253296852111816,20740
33.26631569862366,20739
33.27954435348511,20738
33.292827129364014,20737
33.30620074272156,20736
33.319739818573,20735
33.33338904380798,20734
33.34652614593506,20733
33.35984230041504,20732
33.37317180633545,20731
33.386377811431885,20730
33.399576902389526,20729
33.412856578826904,20728
33.42572999000549,20727
33.43907117843628,20726
33.45217227935791,20725
33.46533441543579,20724
33.47843360900879,20723
33.49165153503418,20722
33.504751205444336,20721
33.518043994903564,20720
33.531357288360596,20719
33.5446994304657,20718
33.55790400505066,20717
33.57157588005066,20716
33.58475399017334,20715
33.59801530838013,20714
33.611180543899536,20713
33.62431049346924,20712
33.63755178451538,20711
33.650696754455566,20710
33.66380763053894,20709
33.67711091041565,20708
33.68999123573303,20707
33.703460693359375,20706
33.71662354469299,20705
33.72977924346924,20704
33.753957986831665,20703
33.76752042770386,20702
33.781057357788086,20701
33.794575929641724,20700
33.80770492553711,20699
33.83487010002136,20698
33.84820508956909,20697
33.862361907958984,20696
33.88932943344116,20695
33.90257525444031,20694
33.928722858428955,20693
33.94228768348694,20692
33.958784341812134,20691
33.97374510765076,20690
34.00423789024353,20689
34.01889157295227,20688
34.03458333015442,20687
34.05539655685425,20686
34.07103109359741,20685
34.08600664138794,20684
34.11228847503662,20683
34.12730264663696,20682
34.14204978942871,20681
34.15672206878662,20680
34.17312479019165,20679
34.18745756149292,20678
34.20318412780762,20677
34.21784162521362,20676
34.24607753753662,20675
34.26026225090027,20674
34.27476477622986,20673
34.289114475250244,20672
34.30363917350769,20671
34.31819772720337,20670
34.332895040512085,20669
34.34664297103882,20668
34.36104726791382,20667
34.389392375946045,20666
34.40424847602844,20665
34.419559717178345,20664
34.43439078330994,20663
34.46329069137573,20662
34.47770595550537,20661
34.50781869888306,20660
34.522518157958984,20659
34.53818893432617,20658
34.553080320358276,20657
34.567506313323975,20656
34.5978901386261,20655
34.61278796195984,20654
34.6272611618042,20653
34.64280843734741,20652
34.65784049034119,20651
34.6728093624115,20650
34.68695664405823,20649
34.701356649398804,20648
34.7155327796936,20647
34.73038864135742,20646
34.76021194458008,20645
34.774927616119385,20644
34.78938698768616,20643
34.80472779273987,20642
34.81966590881348,20641
34.83437991142273,20640
34.84884786605835,20639
34.863529920578,20638
34.878446102142334,20637
34.89345860481262,20636
34.90794515609741,20635
34.92253613471985,20634
34.937389612197876,20633
34.95255661010742,20632
34.966979026794434,20631
34.98180651664734,20630
35.026175022125244,20629
35.04171657562256,20628
35.05767250061035,20627
35.07282209396362,20626
35.087339639663696,20625
35.1022207736969,20624
35.11714148521423,20623
35.13235545158386,20622
35.14682698249817,20621
35.161216497421265,20620
35.17634844779968,20619
35.191017389297485,20618
35.22586512565613,20617
35.24057674407959,20616
35.25643754005432,20615
35.286086082458496,20614
35.30069065093994,20613
35.31650400161743,20612
35.33147406578064,20611
35.346190214157104,20610
35.36075949668884,20609
35.37589502334595,20608
35.39077711105347,20607
35.40558338165283,20606
35.42008113861084,20605
35.44849514961243,20604
35.464927196502686,20603
35.48351073265076,20602
35.504608154296875,20601
35.51870274543762,20600
35.54074549674988,20599
35.554707288742065,20598
35.56938409805298,20597
35.58333373069763,20596
35.59724426269531,20595
35.61053681373596,20594
35.62449240684509,20593
35.63827991485596,20592
35.65217590332031,20591
35.66573429107666,20590
35.67978596687317,20589
35.69357252120972,20588
35.70711874961853,20587
35.72050499916077,20586
35.73411679267883,20585
35.747161626815796,20584
35.7607524394989,20583
35.77409815788269,20582
35.78722405433655,20581
35.80061745643616,20580
35.81440210342407,20579
35.82905149459839,20578
35.8560254573822,20577
35.869237661361694,20576
35.88337182998657,20575
35.89711356163025,20574
35.91010594367981,20573
35.92367720603943,20572
35.937294483184814,20571
35.95089817047119,20570
35.96516275405884,20569
35.97884702682495,20568
35.99204397201538,20567
36.00550293922424,20566
36.034419298172,20565
36.04845905303955,20564
36.06916880607605,20563
36.0833044052124,20562
36.097405433654785,20561
36.110599994659424,20560
36.12458348274231,20559
36.145084381103516,20558
36.158711433410645,20557
36.17219257354736,20556
36.18618822097778,20555
36.19976186752319,20554
36.21309423446655,20553
36.2263445854187,20552
36.23959803581238,20551
36.25291681289673,20550
36.266308546066284,20549
36.27972602844238,20548
36.306153535842896,20547
36.31954312324524,20546
36.33393979072571,20545
36.34724259376526,20544
36.360600233078,20543
36.3739492893219,20542
36.387316942214966,20541
36.40061831474304,20540
36.41387891769409,20539
36.427000761032104,20538
36.44042110443115,20537
36.45362949371338,20536
36.46658229827881,20535
36.47989630699158,20534
36.50607776641846,20533
36.519404888153076,20532
36.53302073478699,20531
36.555036783218384,20530
36.568209648132324,20529
36.58186149597168,20528
36.595682859420776,20527
36.609572887420654,20526
36.62303829193115,20525
36.636505126953125,20524
36.6494824886322,20523
36.67621850967407,20522
36.68932223320007,20521
36.71601939201355,20520
36.74282622337341,20519
36.75741910934448,20518
36.775073766708374,20517
36.80983018875122,20516
36.828901290893555,20515
36.84583115577698,20514
36.86051392555237,20513
36.87538242340088,20512
36.88931846618652,20511
36.92491698265076,20510
36.953168630599976,20509
36.96672081947327,20508
36.981311559677124,20507
37.004677295684814,20506
37.01807761192322,20505
37.03104853630066,20504
37.04449391365051,20503
37.05785632133484,20502
37.0728657245636,20501
37.08595323562622,20500
37.10024547576904,20499
37.11360287666321,20498
37.12658333778381,20497
37.14018130302429,20496
37.15352153778076,20495
37.16646385192871,20494
37.17986559867859,20493
37.193174600601196,20492
37.20656967163086,20491
37.219863414764404,20490
37.24615812301636,20489
37.25943994522095,20488
37.28658676147461,20487
37.29988670349121,20486
37.328031063079834,20485
37.34185791015625,20484
37.36916184425354,20483
37.38257193565369,20482
37.396337032318115,20481
37.40937399864197,20480
37.42306137084961,20479
37.43638825416565,20478
37.44930982589722,20477
37.46270513534546,20476
37.47606658935547,20475
37.48908972740173,20474
37.5023136138916,20473
37.51553463935852,20472
37.543309926986694,20471
37.55712294578552,20470
37.57081174850464,20469
37.58721423149109,20468
37.603076696395874,20467
37.618011713027954,20466
37.632171630859375,20465
37.666884660720825,20464
37.68189191818237,20463
37.709489583969116,20462
37.72458791732788,20461
37.73953056335449,20460
37.753562927246094,20459
37.767744064331055,20458
37.781846046447754,20457
37.79583954811096,20456
37.80961227416992,20455
37.823577642440796,20454
37.83752989768982,20453
37.85069561004639,20452
37.8640832901001,20451
37.87762379646301,20450
37.904449701309204,20449
37.93144726753235,20448
37.94529581069946,20447
37.95998477935791,20446
37.97408890724182,20445
37.98724007606506,20444
38.000646352767944,20443
38.01429319381714,20442
38.027326345443726,20441
38.04099750518799,20440
38.05464005470276,20439
38.068382263183594,20438
38.083210706710815,20437
38.09740996360779,20436
38.11121892929077,20435
38.14706230163574,20434
38.16201090812683,20433
38.17673373222351,20432
38.206289768218994,20431
38.22147583961487,20430
38.23634743690491,20429
38.25033926963806,20428
38.26443648338318,20427
38.27804780006409,20426
38.29101586341858,20425
38.30451679229736,20424
38.31774830818176,20423
38.330989599227905,20422
38.344505071640015,20421
38.371044397354126,20420
38.38490438461304,20419
38.39912700653076,20418
38.433321714401245,20417
38.44699764251709,20416
38.46054673194885,20415
38.47415065765381,20414
38.48718070983887,20413
38.50058078765869,20412
38.52712821960449,20411
38.540852546691895,20410
38.55412030220032,20409
38.567922830581665,20408
38.58229207992554,20407
38.59595084190369,20406
38.609081983566284,20405
38.65061688423157,20404
38.66662096977234,20403
38.680362939834595,20402
38.69375681877136,20401
38.706774950027466,20400
38.720669984817505,20399
38.73440933227539,20398
38.74857258796692,20397
38.76204204559326,20396
38.77547883987427,20395
38.78856587409973,20394
38.80202841758728,20393
38.81534218788147,20392
38.84205961227417,20391
38.85753560066223,20390
38.871554136276245,20389
38.88623070716858,20388
38.900569438934326,20387
38.914833545684814,20386
38.92854595184326,20385
38.947221994400024,20384
38.961731910705566,20383
38.975836992263794,20382
38.98980760574341,20381
39.00506114959717,20380
39.02120780944824,20379
39.04968619346619,20378
39.07687067985535,20377
39.09067106246948,20376
39.10502338409424,20375
39.12268352508545,20374
39.137563705444336,20373
39.15110421180725,20372
39.16875910758972,20371
39.18585968017578,20370
39.1990065574646,20369
39.22590374946594,20368
39.238975048065186,20367
39.25214433670044,20366
39.266247034072876,20365
39.29282736778259,20364
39.30603361129761,20363
39.31917762756348,20362
39.33331298828125,20361
39.346599102020264,20360
39.35957312583923,20359
39.37908744812012,20358
39.392226219177246,20357
39.406643867492676,20356
39.41969561576843,20355
39.43270945549011,20354
39.45782661437988,20353
39.470683574676514,20352
39.504379987716675,20351
39.53043842315674,20350
39.543402671813965,20349
39.55632972717285,20348
39.56922960281372,20347
39.582640171051025,20346
39.596296072006226,20345
39.609753131866455,20344
39.623321294784546,20343
39.636759519577026,20342
39.65009570121765,20341
39.66336989402771,20340
39.6769163608551,20339
39.70353031158447,20338
39.71724057197571,20337
39.73685622215271,20336
39.75027537345886,20335
39.76344585418701,20334
39.802523136138916,20333
39.816486120224,20332
39.82944893836975,20331
39.855610609054565,20330
39.86876654624939,20329
39.88185262680054,20328
39.894750118255615,20327
39.907610177993774,20326
39.93399429321289,20325
39.94724249839783,20324
39.96124768257141,20323
39.974937438964844,20322
39.988243103027344,20321
40.001893043518066,20320
40.01557230949402,20319
40.02896189689636,20318
40.042574882507324,20317
40.056118965148926,20316
40.069186210632324,20315
40.082130908966064,20314
40.10085201263428,20313
40.11370873451233,20312
40.127103090286255,20311
40.140809774398804,20310
40.154348850250244,20309
40.16748094558716,20308
40.18092155456543,20307
40.20763397216797,20306
40.22103691101074,20305
40.23491334915161,20304
40.24781656265259,20303
40.26078152656555,20302
40.286916732788086,20301
40.31916165351868,20300
40.33226227760315,20299
40.3453164100647,20298
40.35819983482361,20297
40.371121883392334,20296
40.39710998535156,20295
40.40999889373779,20294
40.42291331291199,20293
40.43659782409668,20292
40.449702739715576,20291
40.46258568763733,20290
40.475486755371094,20289
40.48839998245239,20288
40.501209020614624,20287
40.52767086029053,20286
40.54134726524353,20285
40.555304765701294,20284
40.56862759590149,20283
40.58225440979004,20282
40.59562921524048,20281
40.62193441390991,20280
40.635236501693726,20279
40.64896202087402,20278
40.662195444107056,20277
40.68439984321594,20276
40.69727277755737,20275
40.72331714630127,20274
40.736656665802,20273
40.76275157928467,20272
40.775721073150635,20271
40.78857374191284,20270
40.802321910858154,20269
40.81570625305176,20268
40.82866430282593,20267
40.8546884059906,20266
40.867549896240234,20265
40.88456988334656,20264
40.89744806289673,20263
40.910303831100464,20262
40.924010038375854,20261
40.94395184516907,20260
40.957218647003174,20259
40.97113561630249,20258
40.997109174728394,20257
41.01019740104675,20256
41.02401518821716,20255
41.036948442459106,20254
41.0700044631958,20253
41.09308218955994,20252
41.10596179962158,20251
41.11883020401001,20250
41.1320698261261,20249
41.145148515701294,20248
41.15812063217163,20247
41.18797063827515,20246
41.20084619522095,20245
41.21372032165527,20244
41.22656321525574,20243
41.23940467834473,20242
41.25226926803589,20241
41.26511001586914,20240
41.27798414230347,20239
41.29669713973999,20238
41.32254123687744,20237
41.337668895721436,20236
41.35060167312622,20235
41.36352753639221,20234
41.37919807434082,20233
41.39233613014221,20232
41.40615653991699,20231
41.432085275650024,20230
41.445311307907104,20229
41.45910382270813,20228
41.47210454940796,20227
41.485026597976685,20226
41.5087194442749,20225
41.5216064453125,20224
41.534695625305176,20223
41.54766869544983,20222
41.56231665611267,20221
41.57530236244202,20220
41.59012770652771,20219
41.609792947769165,20218
41.622722148895264,20217
41.63563108444214,20216
41.64850950241089,20215
41.66145062446594,20214
41.67437291145325,20213
41.69558930397034,20212
41.70864391326904,20211
41.72763204574585,20210
41.741249084472656,20209
41.75518870353699,20208
41.768367528915405,20207
41.78150463104248,20206
41.79468631744385,20205
41.80761909484863,20204
41.83960509300232,20203
41.85357713699341,20202
41.866519927978516,20201
41.87946963310242,20200
41.90551233291626,20199
41.91861820220947,20198
41.93932843208313,20197
41.95249032974243,20196
41.9664421081543,20195
41.97939705848694,20194
41.992289781570435,20193
42.01819324493408,20192
42.03880834579468,20191
42.05157923698425,20190
42.06444978713989,20189
42.07735776901245,20188
42.09015607833862,20187
42.103068113327026,20186
42.11586236953735,20185
42.12876343727112,20184
42.14192533493042,20183
42.15486812591553,20182
42.18091654777527,20181
42.193788051605225,20180
42.2066855430603,20179
42.22031378746033,20178
42.23353385925293,20177
42.25954055786133,20176
42.272692918777466,20175
42.28640818595886,20174
42.29954123497009,20173
42.32116484642029,20172
42.334285259246826,20171
42.347304821014404,20170
42.37908387184143,20169
42.39212226867676,20168
42.41814184188843,20167
42.431039333343506,20166
42.444791078567505,20165
42.4577374458313,20164
42.47063064575195,20163
42.49561023712158,20162
42.509227991104126,20161
42.529417276382446,20160
42.55667781829834,20159
42.5705463886261,20158
42.58588695526123,20157
42.599743604660034,20156
42.61333775520325,20155
42.626760959625244,20154
42.640307664871216,20153
42.65367603302002,20152
42.668994188308716,20151
42.68723964691162,20150
42.700217485427856,20149
42.71333193778992,20148
42.726834774017334,20147
42.74056148529053,20146
42.78135895729065,20145
42.795934438705444,20144
42.822986364364624,20143
42.83674502372742,20142
42.85109901428223,20141
42.867533922195435,20140
42.88116502761841,20139
42.89480376243591,20138
42.90850830078125,20137
42.921725273132324,20136
42.935065269470215,20135
42.96117424964905,20134
42.974111557006836,20133
42.98756742477417,20132
43.0006902217865,20131
43.013607025146484,20130
43.02654027938843,20129
43.039395570755005,20128
43.052292823791504,20127
43.065165996551514,20126
43.07813596725464,20125
43.091050148010254,20124
43.1168646812439,20123
43.130106687545776,20122
43.1440064907074,20121
43.15717029571533,20120
43.17013072967529,20119
43.1831579208374,20118
43.196157932281494,20117
43.208956718444824,20116
43.22186517715454,20115
43.23473119735718,20114
43.247872829437256,20113
43.26915717124939,20112
43.29661965370178,20111
43.31031036376953,20110
43.33892869949341,20109
43.394232511520386,20108
43.408019065856934,20107
43.422417879104614,20106
43.43595337867737,20105
43.44966673851013,20104
43.48198628425598,20103
43.49527335166931,20102
43.508641958236694,20101
43.54922842979431,20100
43.56255078315735,20099
43.57645893096924,20098
43.59018301963806,20097
43.60345411300659,20096
43.6164448261261,20095
43.62976050376892,20094
43.655805587768555,20093
43.669251918792725,20092
43.68364143371582,20091
43.69725513458252,20090
43.71547770500183,20089
43.74303984642029,20088
43.756086349487305,20087
43.769957542419434,20086
43.782920122146606,20085
43.795918703079224,20084
43.80939435958862,20083
43.82287263870239,20082
43.83584260940552,20081
43.84907865524292,20080
43.86229372024536,20079
43.87567710876465,20078
43.88900089263916,20077
43.90260624885559,20076
43.91593956947327,20075
43.92939257621765,20074
43.94311761856079,20073
43.9568088054657,20072
43.983675479888916,20071
43.99721693992615,20070
44.01169276237488,20069
44.025431394577026,20068
44.0387818813324,20067
44.06579113006592,20066
44.07897996902466,20065
44.09286332130432,20064
44.105841398239136,20063
44.118821144104004,20062
44.132014751434326,20061
44.145010471343994,20060
44.17091608047485,20059
44.18403244018555,20058
44.19778513908386,20057
44.21069025993347,20056
44.223679065704346,20055
44.23655939102173,20054
44.249422788619995,20053
44.29448080062866,20052
44.30736541748047,20051
44.32026815414429,20050
44.33337450027466,20049
44.34635281562805,20048
44.359296560287476,20047
44.37214159965515,20046
44.385090351104736,20045
44.410945653915405,20044
44.423842430114746,20043
44.436760902404785,20042
44.45437955856323,20041
44.46719670295715,20040
44.48100185394287,20039
44.493927001953125,20038
44.5068154335022,20037
44.51968050003052,20036
44.54575324058533,20035
44.558642864227295,20034
44.57169580459595,20033
44.61222434043884,20032
44.62780022621155,20031
44.640941858291626,20030
44.65469026565552,20029
44.667778968811035,20028
44.68085241317749,20027
44.69366121292114,20026
44.706626176834106,20025
44.719738483428955,20024
44.73318362236023,20023
44.74622678756714,20022
44.75930094718933,20021
44.7722532749176,20020
44.785240650177,20019
44.79824161529541,20018
44.81114149093628,20017
44.85029911994934,20016
44.868897676467896,20015
44.907832860946655,20014
44.92159867286682,20013
44.94240069389343,20012
44.9556188583374,20011
44.96849346160889,20010
44.98140072822571,20009
44.995609521865845,20008
45.0086944103241,20007
45.03466582298279,20006
45.0475857257843,20005
45.06051826477051,20004
45.073373317718506,20003
45.08618664741516,20002
45.106165647506714,20001
45.11900973320007,20000
45.13307523727417,19999
45.16673469543457,19998
45.18064570426941,19997
45.193536043167114,19996
45.20644807815552,19995
45.21931028366089,19994
45.23219275474548,19993
45.24499988555908,19992
45.257922410964966,19991
45.27068042755127,19990
45.28354215621948,19989
45.29635286331177,19988
45.30917811393738,19987
45.32207703590393,19986
45.33543372154236,19985
45.34843564033508,19984
45.3613977432251,19983
45.374213457107544,19982
45.387089014053345,19981
45.41290283203125,19980
45.42601037025452,19979
45.4398136138916,19978
45.45269465446472,19977
45.46566033363342,19976
45.478508949279785,19975
45.49135708808899,19974
45.50419640541077,19973
45.51702570915222,19972
45.52981352806091,19971
45.543060064315796,19970
45.555994510650635,19969
45.582417249679565,19968
45.59583568572998,19967
45.617687940597534,19966
45.63058543205261,19965
45.64346933364868,19964
45.65642070770264,19963
45.669249057769775,19962
45.68222784996033,19961
45.69509291648865,19960
45.708000898361206,19959
45.74798774719238,19958
45.77382683753967,19957
45.78674340248108,19956
45.82638740539551,19955
45.8394889831543,19954
45.85324001312256,19953
45.86617875099182,19952
45.88347911834717,19951
45.896750926971436,19950
45.92149114608765,19949
45.94782733917236,19948
45.960901975631714,19947
45.9876344203949,19946
46.00049829483032,19945
46.01345705986023,19944
46.026355028152466,19943
46.03917860984802,19942
46.05616736412048,19941
46.06904363632202,19940
46.08194375038147,19939
46.09480309486389,19938
46.10769295692444,19937
46.12050771713257,19936
46.14332938194275,19935
46.15659523010254,19934
46.1704044342041,19933
46.18332815170288,19932
46.19650077819824,19931
46.209723234176636,19930
46.23563575744629,19929
46.25049829483032,19928
46.26385140419006,19927
46.29446625709534,19926
46.30776572227478,19925
46.32181239128113,19924
46.33504557609558,19923
46.37425780296326,19922
46.40081262588501,19921
46.419902086257935,19920
46.43299102783203,19919
46.44604849815369,19918
46.45897722244263,19917
46.47186493873596,19916
46.48480677604675,19915
46.51710534095764,19914
46.540069341659546,19913
46.55292630195618,19912
46.56696629524231,19911
46.5799126625061,19910
46.59371542930603,19909
46.614649057388306,19908
46.64047455787659,19907
46.67444586753845,19906
46.68736243247986,19905
46.701239347457886,19904
46.73859238624573,19903
46.75164341926575,19902
46.764792919158936,19901
46.77877187728882,19900
46.79193639755249,19899
46.80506372451782,19898
46.81801700592041,19897
46.83087468147278,19896
46.84369993209839,19895
46.85663175582886,19894
46.877360582351685,19893
46.944231271743774,19892
46.95728397369385,19891
46.97110915184021,19890
46.98419523239136,19889
46.997161865234375,19888
47.009963035583496,19887
47.02290725708008,19886
47.04865646362305,19885
47.06170892715454,19884
47.075544118881226,19883
47.088494300842285,19882
47.101452350616455,19881
47.12676525115967,19880
47.14493465423584,19879
47.15778303146362,19878
47.17157745361328,19877
47.18450903892517,19876
47.19745898246765,19875
47.21027326583862,19874
47.223137617111206,19873
47.235926151275635,19872
47.248807191848755,19871
47.26159334182739,19870
47.274463415145874,19869
47.300673723220825,19868
47.313772678375244,19867
47.334994316101074,19866
47.34817624092102,19865
47.36207628250122,19864
47.375035762786865,19863
47.400864362716675,19862
47.41381883621216,19861
47.42682766914368,19860
47.439724922180176,19859
47.4526207447052,19858
47.4655601978302,19857
47.47844362258911,19856
47.49137020111084,19855
47.50424313545227,19854
47.517136096954346,19853
47.55647683143616,19852
47.5693941116333,19851
47.583707332611084,19850
47.610647678375244,19849
47.62377595901489,19848
47.637611865997314,19847
47.650511026382446,19846
47.663453340530396,19845
47.676289081573486,19844
47.68918204307556,19843
47.70212459564209,19842
47.728577613830566,19841
47.74271249771118,19840
47.75660943984985,19839
47.770079612731934,19838
47.783530712127686,19837
47.79703736305237,19836
47.81032109260559,19835
47.82368755340576,19834
47.837034940719604,19833
47.859888792037964,19832
47.87313890457153,19831
47.88650941848755,19830
47.91322183609009,19829
47.92725849151611,19828
47.942479848861694,19827
47.95591950416565,19826
47.96900033950806,19825
47.982022285461426,19824
47.99493980407715,19823
48.01423239707947,19822
48.02715277671814,19821
48.04004383087158,19820
48.05298042297363,19819
48.06606864929199,19818
48.085350036621094,19817
48.09809470176697,19816
48.11195349693298,19815
48.124884843826294,19814
48.15098690986633,19813
48.16384983062744,19812
48.177037477493286,19811
48.216938972473145,19810
48.229697704315186,19809
48.24259543418884,19808
48.25549244880676,19807
48.29123520851135,19806
48.30522012710571,19805
48.31827139854431,19804
48.33142638206482,19803
48.344443798065186,19802
48.35746431350708,19801
48.37030386924744,19800
48.404184341430664,19799
48.417354345321655,19798
48.43120193481445,19797
48.45713186264038,19796
48.470192432403564,19795
48.48398017883301,19794
48.49688148498535,19793
48.517441511154175,19792
48.54540395736694,19791
48.558284521102905,19790
48.58150005340576,19789
48.6213002204895,19788
48.634164571762085,19787
48.64986300468445,19786
48.663288831710815,19785
48.677319288253784,19784
48.690288066864014,19783
48.70328688621521,19782
48.71642708778381,19781
48.729530334472656,19780
48.74288272857666,19779
48.7576642036438,19778
48.783695220947266,19777
48.79658889770508,19776
48.810381174087524,19775
48.83305025100708,19774
48.84602236747742,19773
48.858896255493164,19772
48.871936082839966,19771
48.897862911224365,19770
48.91080284118652,19769
48.923898458480835,19768
48.93720006942749,19767
48.95011305809021,19766
48.96321082115173,19765
48.989091873168945,19764
49.00203466415405,19763
49.01495623588562,19762
49.02852773666382,19761
49.04151225090027,19760
49.08093190193176,19759
49.09497380256653,19758
49.107945680618286,19757
49.12087965011597,19756
49.14691996574402,19755
49.160017013549805,19754
49.186317920684814,19753
49.199371099472046,19752
49.21231698989868,19751
49.238133907318115,19750
49.25131273269653,19749
49.27835464477539,19748
49.29147720336914,19747
49.305200815200806,19746
49.31832027435303,19745
49.33152365684509,19744
49.344746589660645,19743
49.357739210128784,19742
49.37055850028992,19741
49.3834273815155,19740
49.396225929260254,19739
49.40913939476013,19738
49.42196869850159,19737
49.43483233451843,19736
49.447612047195435,19735
49.46052002906799,19734
49.47334909439087,19733
49.48615384101868,19732
49.498995542526245,19731
49.51182246208191,19730
49.53796935081482,19729
49.55081868171692,19728
49.563788652420044,19727
49.57736325263977,19726
49.591089963912964,19725
49.60453510284424,19724
49.61741590499878,19723
49.63029742240906,19722
49.64342284202576,19721
49.671308517456055,19720
49.68451404571533,19719
49.69840908050537,19718
49.711740255355835,19717
49.724857330322266,19716
49.75705623626709,19715
49.7707884311676,19714
49.797088384628296,19713
49.81005120277405,19712
49.835935831069946,19711
49.84918212890625,19710
49.86314272880554,19709
49.876166105270386,19708
49.889312505722046,19707
49.902135133743286,19706
49.91500496864319,19705
49.92782735824585,19704
49.94115376472473,19703
49.980467319488525,19702
49.99431300163269,19701
50.00719904899597,19700
