0.02915477752685547,22962
0.05542778968811035,22961
0.08099675178527832,22960
0.10681986808776855,22959
0.1309518814086914,22958
0.15360474586486816,22957
0.1760869026184082,22956
0.19858098030090332,22955
0.22104883193969727,22954
0.24328184127807617,22953
0.26561570167541504,22952
0.28768277168273926,22951
0.3098769187927246,22950
0.3334519863128662,22949
0.357083797454834,22948
0.3810439109802246,22947
0.4071369171142578,22946
0.43350982666015625,22945
0.45935988426208496,22944
0.48421287536621094,22943
0.5082957744598389,22942
0.5354678630828857,22941
0.5599608421325684,22940
0.5838308334350586,22939
0.6072230339050293,22938
0.6297557353973389,22937
0.6523377895355225,22936
0.6758227348327637,22935
0.6989338397979736,22934
0.7221419811248779,22933
0.7455868721008301,22932
0.7681527137756348,22931
0.7906157970428467,22930
0.812943696975708,22929
0.8365707397460938,22928
0.8604958057403564,22927
0.8834218978881836,22926
0.9063479900360107,22925
0.9289748668670654,22924
0.9517779350280762,22923
0.9753298759460449,22922
0.9991989135742188,22921
1.0229089260101318,22920
1.0465199947357178,22919
1.0697448253631592,22918
1.093125820159912,22917
1.1161410808563232,22916
1.138993740081787,22915
1.1618149280548096,22914
1.184532880783081,22913
1.2094666957855225,22912
1.2327988147735596,22911
1.2555630207061768,22910
1.278106689453125,22909
1.3007616996765137,22908
1.3234999179840088,22907
1.346679925918579,22906
1.368727684020996,22905
1.3909788131713867,22904
1.4131760597229004,22903
1.435370922088623,22902
1.4580187797546387,22901
1.480468988418579,22900
1.502727746963501,22899
1.5250778198242188,22898
1.54721999168396,22897
1.5694868564605713,22896
1.5927088260650635,22895
1.614804983139038,22894
1.6372787952423096,22893
1.6596007347106934,22892
1.6817128658294678,22891
1.7039408683776855,22890
1.7265939712524414,22889
1.749013900756836,22888
1.7722790241241455,22887
1.7956857681274414,22886
1.8182158470153809,22885
1.840484857559204,22884
1.8634166717529297,22883
1.8860747814178467,22882
1.9087369441986084,22881
1.9323220252990723,22880
1.9554548263549805,22879
1.9783198833465576,22878
2.0018999576568604,22877
2.0246829986572266,22876
2.0479249954223633,22875
2.0718326568603516,22874
2.0953409671783447,22873
2.119715690612793,22872
2.1450259685516357,22871
2.168921709060669,22870
2.1913399696350098,22869
2.2133889198303223,22868
2.2353389263153076,22867
2.257856845855713,22866
2.2800498008728027,22865
2.3025758266448975,22864
2.325272798538208,22863
2.347698926925659,22862
2.369905948638916,22861
2.3920559883117676,22860
2.4141929149627686,22859
2.4366347789764404,22858
2.4590840339660645,22857
2.4813668727874756,22856
2.504035711288452,22855
2.5266637802124023,22854
2.548945903778076,22853
2.571025848388672,22852
2.5941638946533203,22851
2.616773843765259,22850
2.6393966674804688,22849
2.662118911743164,22848
2.6854047775268555,22847
2.7088658809661865,22846
2.731743812561035,22845
2.755234718322754,22844
2.778653860092163,22843
2.8014228343963623,22842
2.824004888534546,22841
2.8465688228607178,22840
2.8686327934265137,22839
2.8906428813934326,22838
2.912923812866211,22837
2.9352829456329346,22836
2.9572999477386475,22835
2.979719877243042,22834
3.0022857189178467,22833
3.0247397422790527,22832
3.0467958450317383,22831
3.0692169666290283,22830
3.0916097164154053,22829
3.114130973815918,22828
3.1367149353027344,22827
3.159158945083618,22826
3.1816020011901855,22825
3.207106828689575,22824
3.2305848598480225,22823
3.253408908843994,22822
3.277514934539795,22821
3.3011717796325684,22820
3.3248980045318604,22819
3.34848690032959,22818
3.371171712875366,22817
3.3937909603118896,22816
3.4162118434906006,22815
3.439603805541992,22814
3.461760997772217,22813
3.4840688705444336,22812
3.506126642227173,22811
3.526420831680298,22810
3.5452609062194824,22809
3.563769817352295,22808
3.5823607444763184,22807
3.600801944732666,22806
3.6196820735931396,22805
3.6390798091888428,22804
3.6601808071136475,22803
3.682835817337036,22802
3.7053780555725098,22801
3.72832989692688,22800
3.7510006427764893,22799
3.7734320163726807,22798
3.7961978912353516,22797
3.818894863128662,22796
3.8413350582122803,22795
3.864163637161255,22794
3.8868508338928223,22793
3.910179853439331,22792
3.9335808753967285,22791
3.956620931625366,22790
3.9794669151306152,22789
4.002711057662964,22788
4.02629280090332,22787
4.049293041229248,22786
4.072762727737427,22785
4.095279693603516,22784
4.117408990859985,22783
4.1436378955841064,22782
4.165953874588013,22781
4.188462734222412,22780
4.212370872497559,22779
4.235360860824585,22778
4.258356809616089,22777
4.280476808547974,22776
4.302434682846069,22775
4.324512958526611,22774
4.347736835479736,22773
4.371093988418579,22772
4.393572807312012,22771
4.415756940841675,22770
4.437806844711304,22769
4.460320949554443,22768
4.48275089263916,22767
4.50561785697937,22766
4.529348850250244,22765
4.55333399772644,22764
4.576113939285278,22763
4.598834753036499,22762
4.622078895568848,22761
4.6453728675842285,22760
4.669175863265991,22759
4.693035840988159,22758
4.716543912887573,22757
4.73938775062561,22756
4.761949777603149,22755
4.784387826919556,22754
4.806610822677612,22753
4.8295018672943115,22752
4.85168194770813,22751
4.87424898147583,22750
4.89633584022522,22749
4.918514966964722,22748
4.940631628036499,22747
4.962703704833984,22746
4.984731912612915,22745
5.006714820861816,22744
5.028709888458252,22743
5.050779819488525,22742
5.072777986526489,22741
5.096362829208374,22740
5.118572950363159,22739
5.140742778778076,22738
5.1643757820129395,22737
5.18813681602478,22736
5.211911916732788,22735
5.234452962875366,22734
5.2567527294158936,22733
5.3018858432769775,22732
5.324513912200928,22731
5.347198963165283,22730
5.369691848754883,22729
5.393002986907959,22728
5.416661977767944,22727
5.439595937728882,22726
5.46216082572937,22725
5.491354703903198,22724
5.513680696487427,22723
5.536027908325195,22722
5.5583977699279785,22721
5.580622673034668,22720
5.602715730667114,22719
5.624728679656982,22718
5.647157907485962,22717
5.669390678405762,22716
5.691437005996704,22715
5.713481903076172,22714
5.735451698303223,22713
5.757206916809082,22712
5.779381990432739,22711
5.801480770111084,22710
5.823417663574219,22709
5.845664978027344,22708
5.868396997451782,22707
5.8913609981536865,22706
5.913691759109497,22705
5.9389307498931885,22704
5.961406946182251,22703
5.993762731552124,22702
6.016991853713989,22701
6.0396857261657715,22700
6.062097787857056,22699
6.084895849227905,22698
6.1074628829956055,22697
6.130189657211304,22696
6.152798891067505,22695
6.176147937774658,22694
6.200279712677002,22693
6.22304892539978,22692
6.248500823974609,22691
6.27116584777832,22690
6.293466806411743,22689
6.316308975219727,22688
6.338820695877075,22687
6.361276865005493,22686
6.383347988128662,22685
6.405429840087891,22684
6.4275126457214355,22683
6.449527025222778,22682
6.4715189933776855,22681
6.493772029876709,22680
6.515854835510254,22679
6.537840843200684,22678
6.560496807098389,22677
6.583687782287598,22676
6.61090087890625,22675
6.63384485244751,22674
6.657711744308472,22673
6.680496692657471,22672
6.702685832977295,22671
6.7260658740997314,22670
6.748719692230225,22669
6.771194696426392,22668
6.794360637664795,22667
6.816852807998657,22666
6.84172797203064,22665
6.864855766296387,22664
6.8873748779296875,22663
6.910107851028442,22662
6.933201789855957,22661
6.955593824386597,22660
6.977883815765381,22659
7.000329971313477,22658
7.022899866104126,22657
7.0454487800598145,22656
7.0896759033203125,22655
7.111651659011841,22654
7.133351802825928,22653
7.155259847640991,22652
7.177289962768555,22651
7.2009196281433105,22650
7.223493814468384,22649
7.245798826217651,22648
7.268850803375244,22647
7.291764974594116,22646
7.314567804336548,22645
7.337249040603638,22644
7.359519958496094,22643
7.3817548751831055,22642
7.404106855392456,22641
7.426307678222656,22640
7.448662042617798,22639
7.470810890197754,22638
7.50428581237793,22637
7.529592752456665,22636
7.552365064620972,22635
7.575653791427612,22634
7.598366975784302,22633
7.6445488929748535,22632
7.666942834854126,22631
7.6889307498931885,22630
7.711207866668701,22629
7.733434677124023,22628
7.755434989929199,22627
7.7774248123168945,22626
7.799479961395264,22625
7.82128381729126,22624
7.843043804168701,22623
7.864987850189209,22622
7.887949705123901,22621
7.910934925079346,22620
7.933632850646973,22619
7.9557130336761475,22618
7.977943658828735,22617
8.000712871551514,22616
8.023871898651123,22615
8.046276807785034,22614
8.068813800811768,22613
8.091206789016724,22612
8.113678693771362,22611
8.13625979423523,22610
8.159188985824585,22609
8.181843996047974,22608
8.204445838928223,22607
8.226852893829346,22606
8.249496698379517,22605
8.27428388595581,22604
8.297486782073975,22603
8.320086002349854,22602
8.342383861541748,22601
8.364790916442871,22600
8.386816024780273,22599
8.409188747406006,22598
8.431611776351929,22597
8.45413589477539,22596
8.477308750152588,22595
8.499987840652466,22594
8.526383876800537,22593
8.549418926239014,22592
8.571629762649536,22591
8.60849380493164,22590
8.630987882614136,22589
8.653067827224731,22588
8.676118850708008,22587
8.69887089729309,22586
8.72232174873352,22585
8.746203899383545,22584
8.76998782157898,22583
8.793720722198486,22582
8.816922903060913,22581
8.840458869934082,22580
8.863415002822876,22579
8.885957717895508,22578
8.908768892288208,22577
8.93143606185913,22576
8.953980922698975,22575
8.997392892837524,22574
9.017443656921387,22573
9.037837028503418,22572
9.056850910186768,22571
9.076926946640015,22570
9.09754490852356,22569
9.117381811141968,22568
9.137933015823364,22567
9.159817934036255,22566
9.179548740386963,22565
9.20122480392456,22564
9.224100828170776,22563
9.245423793792725,22562
9.26820683479309,22561
9.291387796401978,22560
9.314490795135498,22559
9.337912797927856,22558
9.360565900802612,22557
9.383111953735352,22556
9.428717851638794,22555
9.450900793075562,22554
9.473158836364746,22553
9.495483875274658,22552
9.518608808517456,22551
9.542207956314087,22550
9.564884901046753,22549
9.587467908859253,22548
9.611000776290894,22547
9.634151935577393,22546
9.656637907028198,22545
9.680547714233398,22544
9.704163789749146,22543
9.727742910385132,22542
9.750194787979126,22541
9.772946834564209,22540
9.795528888702393,22539
9.817940950393677,22538
9.85517692565918,22537
9.877595901489258,22536
9.899974822998047,22535
9.927974939346313,22534
9.950487613677979,22533
9.972839832305908,22532
9.99537205696106,22531
10.01746678352356,22530
10.040099859237671,22529
10.062703847885132,22528
10.087926864624023,22527
10.13512396812439,22526
10.157611846923828,22525
10.180781841278076,22524
10.20466685295105,22523
10.227445840835571,22522
10.249715805053711,22521
10.273205995559692,22520
10.295809984207153,22519
10.319716691970825,22518
10.342755794525146,22517
10.365197658538818,22516
10.387529850006104,22515
10.409865856170654,22514
10.432180881500244,22513
10.45454478263855,22512
10.476595878601074,22511
10.49901795387268,22510
10.544010877609253,22509
10.589399814605713,22508
10.6125648021698,22507
10.635902881622314,22506
10.659245014190674,22505
10.682652950286865,22504
10.704760789871216,22503
10.726842880249023,22502
10.749064922332764,22501
10.771143913269043,22500
10.79344892501831,22499
10.81688380241394,22498
10.839458703994751,22497
10.862068891525269,22496
10.884857654571533,22495
10.908153772354126,22494
10.930924892425537,22493
10.953958749771118,22492
10.976111888885498,22491
10.999561786651611,22490
11.022697925567627,22489
11.045538663864136,22488
11.068514823913574,22487
11.091070890426636,22486
11.113732814788818,22485
11.136386632919312,22484
11.159440755844116,22483
11.192669868469238,22482
11.215409755706787,22481
11.23862886428833,22480
11.262197017669678,22479
11.285461902618408,22478
11.30804181098938,22477
11.330474853515625,22476
11.352935791015625,22475
11.375403881072998,22474
11.397916793823242,22473
11.420008897781372,22472
11.442970752716064,22471
11.485087871551514,22470
11.507725715637207,22469
11.531092882156372,22468
11.553918838500977,22467
11.576395034790039,22466
11.599241971969604,22465
11.623096704483032,22464
11.646731853485107,22463
11.66945481300354,22462
11.692675828933716,22461
11.734015941619873,22460
11.756258726119995,22459
11.77834701538086,22458
11.801063776016235,22457
11.824557781219482,22456
11.856258630752563,22455
11.878979682922363,22454
11.901494026184082,22453
11.924970865249634,22452
11.948887825012207,22451
11.97275185585022,22450
11.996368885040283,22449
12.019560813903809,22448
12.041685819625854,22447
12.0638108253479,22446
12.086970806121826,22445
12.109619855880737,22444
12.131929874420166,22443
12.157152891159058,22442
12.179479837417603,22441
12.201910018920898,22440
12.225536823272705,22439
12.247821807861328,22438
12.270728826522827,22437
12.294206857681274,22436
12.317876815795898,22435
12.340804815292358,22434
12.363026857376099,22433
12.385190725326538,22432
12.407482862472534,22431
12.430785894393921,22430
12.453315734863281,22429
12.47567892074585,22428
12.49790096282959,22427
12.521952867507935,22426
12.545262813568115,22425
12.568809986114502,22424
12.592806816101074,22423
12.623421907424927,22422
12.647042751312256,22421
12.670628786087036,22420
12.693837642669678,22419
12.71620774269104,22418
12.738400936126709,22417
12.760425806045532,22416
12.782671689987183,22415
12.806092977523804,22414
12.828973770141602,22413
12.851149082183838,22412
12.874229907989502,22411
12.896700859069824,22410
12.919410943984985,22409
12.942022800445557,22408
12.964763879776001,22407
12.98731803894043,22406
13.010252952575684,22405
13.033296823501587,22404
13.056269645690918,22403
13.078981876373291,22402
13.10181975364685,22401
13.124484777450562,22400
13.147125959396362,22399
13.169798851013184,22398
13.191921949386597,22397
13.215725660324097,22396
13.23842191696167,22395
13.261161804199219,22394
13.283820867538452,22393
13.30588984489441,22392
13.32800579071045,22391
13.369560718536377,22390
13.392379760742188,22389
13.415218830108643,22388
13.438064813613892,22387
13.461018800735474,22386
13.483981847763062,22385
13.524964809417725,22384
13.547499895095825,22383
13.57017183303833,22382
13.592521905899048,22381
13.615129709243774,22380
13.638307809829712,22379
13.660919904708862,22378
13.683143854141235,22377
13.70558476448059,22376
13.728222846984863,22375
13.750959873199463,22374
13.774179697036743,22373
13.797988891601562,22372
13.821624755859375,22371
13.844841957092285,22370
13.867552995681763,22369
13.890179634094238,22368
13.912314891815186,22367
13.934600830078125,22366
13.956897974014282,22365
13.978519678115845,22364
13.999604940414429,22363
14.019212007522583,22362
14.0392587184906,22361
14.060600757598877,22360
14.081021785736084,22359
14.12438678741455,22358
14.143671989440918,22357
14.162893772125244,22356
14.181798934936523,22355
14.212422847747803,22354
14.235230922698975,22353
14.257648706436157,22352
14.279985904693604,22351
14.302451848983765,22350
14.324898719787598,22349
14.348172903060913,22348
14.371027946472168,22347
14.39326286315918,22346
14.41679573059082,22345
14.439992666244507,22344
14.463513851165771,22343
14.494279861450195,22342
14.517138957977295,22341
14.539544820785522,22340
14.562086820602417,22339
14.585333824157715,22338
14.608815670013428,22337
14.632566928863525,22336
14.656270742416382,22335
14.679640769958496,22334
14.701923847198486,22333
14.724021911621094,22332
14.74643087387085,22331
14.784891843795776,22330
14.806575775146484,22329
14.828277826309204,22328
14.850030660629272,22327
14.872605800628662,22326
14.89769172668457,22325
14.924026727676392,22324
14.949913740158081,22323
14.974796056747437,22322
15.00013279914856,22321
15.02390193939209,22320
15.046389818191528,22319
15.068994760513306,22318
15.091401815414429,22317
15.11383867263794,22316
15.137746810913086,22315
15.160606861114502,22314
15.183332681655884,22313
15.207409858703613,22312
15.229894876480103,22311
15.25277066230774,22310
15.27592396736145,22309
15.298701047897339,22308
15.321937799453735,22307
15.34434199333191,22306
15.368002653121948,22305
15.391234636306763,22304
15.413733720779419,22303
15.436152696609497,22302
15.458683729171753,22301
15.481177806854248,22300
15.503034830093384,22299
15.525027751922607,22298
15.546901941299438,22297
15.568619012832642,22296
15.590990781784058,22295
15.612711906433105,22294
15.634440898895264,22293
15.65706491470337,22292
15.679581880569458,22291
15.701932907104492,22290
15.72421669960022,22289
15.746427774429321,22288
15.769010782241821,22287
15.791363716125488,22286
15.813591718673706,22285
15.836367845535278,22284
15.881203889846802,22283
15.903875827789307,22282
15.926577806472778,22281
15.948974847793579,22280
15.971645832061768,22279
16.01666784286499,22278
16.039657831192017,22277
16.062335968017578,22276
16.084476947784424,22275
16.107896089553833,22274
16.131266832351685,22273
16.16713786125183,22272
16.189106941223145,22271
16.211108684539795,22270
16.232945919036865,22269
16.255268812179565,22268
16.27840781211853,22267
16.300516843795776,22266
16.322653770446777,22265
16.345759868621826,22264
16.369276762008667,22263
16.391380786895752,22262
16.413708925247192,22261
16.436105966567993,22260
16.458338737487793,22259
16.48136281967163,22258
16.50460696220398,22257
16.52731966972351,22256
16.550108909606934,22255
16.573059797286987,22254
16.596493005752563,22253
16.61928701400757,22252
16.641705989837646,22251
16.663991928100586,22250
16.686523914337158,22249
16.70902180671692,22248
16.731565713882446,22247
16.75411295890808,22246
16.777577877044678,22245
16.801134824752808,22244
16.8245108127594,22243
16.84898090362549,22242
16.87330985069275,22241
16.897512912750244,22240
16.92129874229431,22239
16.94491982460022,22238
16.96898579597473,22237
16.996611833572388,22236
17.020946741104126,22235
17.045519828796387,22234
17.069816827774048,22233
17.094958782196045,22232
17.119739770889282,22231
17.144530773162842,22230
17.170182704925537,22229
17.194891929626465,22228
17.220664739608765,22227
17.244683027267456,22226
17.26729393005371,22225
17.29028296470642,22224
17.31357479095459,22223
17.3368079662323,22222
17.359556674957275,22221
17.382033824920654,22220
17.40454077720642,22219
17.42705464363098,22218
17.449659824371338,22217
17.472482681274414,22216
17.49541974067688,22215
17.51864790916443,22214
17.543534755706787,22213
17.567874670028687,22212
17.591442823410034,22211
17.61518383026123,22210
17.638625860214233,22209
17.662487030029297,22208
17.686084747314453,22207
17.709948778152466,22206
17.734680652618408,22205
17.761695861816406,22204
17.79551672935486,22203
17.820510864257812,22202
17.84494185447693,22201
17.87063980102539,22200
17.89575695991516,22199
17.92023491859436,22198
17.94314479827881,22197
17.96562671661377,22196
17.988781690597534,22195
18.011754989624023,22194
18.034217834472656,22193
18.057434797286987,22192
18.093118906021118,22191
18.11622977256775,22190
18.16282081604004,22189
18.186114072799683,22188
18.21194076538086,22187
18.238699913024902,22186
18.266063690185547,22185
18.293455839157104,22184
18.31966280937195,22183
18.34642791748047,22182
18.37182378768921,22181
18.39639973640442,22180
18.419822692871094,22179
18.44251799583435,22178
18.466237783432007,22177
18.488698720932007,22176
18.511555671691895,22175
18.53476095199585,22174
18.579954862594604,22173
18.603210926055908,22172
18.626364946365356,22171
18.648897886276245,22170
18.67170286178589,22169
18.69437289237976,22168
18.71748399734497,22167
18.741333961486816,22166
18.764322757720947,22165
18.788013696670532,22164
18.81158971786499,22163
18.836665868759155,22162
18.86169171333313,22161
18.88484501838684,22160
18.907856702804565,22159
18.93058681488037,22158
18.953609943389893,22157
18.976276874542236,22156
18.999149084091187,22155
19.02174162864685,22154
19.044525623321533,22153
19.06704878807068,22152
19.0897216796875,22151
19.110378980636597,22150
19.129994869232178,22149
19.151654720306396,22148
19.17458200454712,22147
19.19740080833435,22146
19.221176862716675,22145
19.24478268623352,22144
19.267969846725464,22143
19.29063868522644,22142
19.313264846801758,22141
19.336041927337646,22140
19.358328819274902,22139
19.381026029586792,22138
19.40422773361206,22137
19.426942825317383,22136
19.45139479637146,22135
19.475313901901245,22134
19.498125791549683,22133
19.521167755126953,22132
19.543927907943726,22131
19.56671690940857,22130
19.589210748672485,22129
19.619241952896118,22128
19.65325164794922,22127
19.68613076210022,22126
19.71036386489868,22125
19.732812881469727,22124
19.800870895385742,22123
19.823805809020996,22122
19.847365856170654,22121
19.87129807472229,22120
19.893625736236572,22119
19.927659034729004,22118
19.950620889663696,22117
19.972949981689453,22116
19.99566674232483,22115
20.019129753112793,22114
