0.7047920227050781,4897
0.8305764198303223,4896
0.9565939903259277,4895
1.082160472869873,4894
1.2067527770996094,4893
1.3330581188201904,4892
1.4592390060424805,4891
1.5844266414642334,4890
1.7113001346588135,4889
1.8379695415496826,4888
1.9641225337982178,4887
2.0898125171661377,4886
2.2168493270874023,4885
2.341994285583496,4884
2.469165802001953,4883
2.596440553665161,4882
2.7222039699554443,4881
2.8483800888061523,4880
2.9741482734680176,4879
3.101381301879883,4878
3.2265565395355225,4877
3.351907730102539,4876
3.4791853427886963,4875
3.6047415733337402,4874
3.73122501373291,4873
3.8575963973999023,4872
3.9845213890075684,4871
4.109728097915649,4870
4.235613584518433,4869
4.362980365753174,4868
4.488161325454712,4867
4.614595413208008,4866
4.739852666854858,4865
4.865613222122192,4864
4.992122173309326,4863
5.118435621261597,4862
5.244959831237793,4861
5.370451927185059,4860
5.4980552196502686,4859
5.624157905578613,4858
5.7501537799835205,4857
5.874767065048218,4856
5.999781847000122,4855
6.1278979778289795,4854
6.257179021835327,4853
6.387022972106934,4852
6.515836000442505,4851
6.645051002502441,4850
6.774111032485962,4849
6.902738571166992,4848
7.032394170761108,4847
7.161390066146851,4846
7.290814399719238,4845
7.419668197631836,4844
7.5487120151519775,4843
7.678426027297974,4842
7.8070855140686035,4841
7.936685085296631,4840
8.0652174949646,4839
8.194414138793945,4838
8.323526620864868,4837
8.452494859695435,4836
8.582041501998901,4835
8.711297273635864,4834
8.841580152511597,4833
8.97155475616455,4832
9.100466251373291,4831
9.229860067367554,4830
9.359937191009521,4829
9.489600419998169,4828
9.618322372436523,4827
9.747764110565186,4826
9.877484560012817,4825
10.006818294525146,4824
10.136000394821167,4823
10.265669107437134,4822
10.395068168640137,4821
10.523810625076294,4820
10.653300523757935,4819
10.783034086227417,4818
10.91201376914978,4817
11.041354179382324,4816
11.171116828918457,4815
11.300307035446167,4814
11.429433107376099,4813
11.559167623519897,4812
11.688765525817871,4811
11.81562066078186,4810
11.940287113189697,4809
12.066008567810059,4808
12.191150665283203,4807
12.31578254699707,4806
12.442055463790894,4805
12.568458795547485,4804
12.693641662597656,4803
12.819952011108398,4802
12.945967435836792,4801
13.072263240814209,4800
13.197432279586792,4799
13.324361562728882,4798
13.450129508972168,4797
13.57521104812622,4796
13.701799154281616,4795
13.82771897315979,4794
13.953901290893555,4793
14.079054594039917,4792
14.205922842025757,4791
14.333834171295166,4790
14.458993434906006,4789
14.585327863693237,4788
14.711353540420532,4787
14.837512731552124,4786
14.96292757987976,4785
15.0901939868927,4784
15.215408086776733,4783
15.340387105941772,4782
15.4673433303833,4781
15.593252420425415,4780
15.7194983959198,4779
15.845578908920288,4778
15.972839832305908,4777
16.098384141921997,4776
16.224083423614502,4775
16.350459814071655,4774
16.475924968719482,4773
16.602681398391724,4772
16.72791862487793,4771
16.85410451889038,4770
16.979674816131592,4769
17.105120182037354,4768
17.231714487075806,4767
17.356645107269287,4766
17.482540607452393,4765
17.607908248901367,4764
17.733421087265015,4763
17.859822988510132,4762
17.983269453048706,4761
18.10927152633667,4760
18.233279705047607,4759
18.3574538230896,4758
18.47886633872986,4757
18.60113000869751,4756
18.728769540786743,4755
18.855929851531982,4754
18.982232809066772,4753
19.10763931274414,4752
19.235574960708618,4751
19.36223292350769,4750
19.48930048942566,4749
19.6132652759552,4748
19.737791061401367,4747
19.86179494857788,4746
19.983846187591553,4745
20.107738256454468,4744
20.230169534683228,4743
20.356356382369995,4742
20.484757661819458,4741
20.6116840839386,4740
20.736067295074463,4739
20.863447904586792,4738
20.991511583328247,4737
21.118818998336792,4736
21.24365496635437,4735
21.368746042251587,4734
21.493850469589233,4733
21.61668610572815,4732
21.740580558776855,4731
21.868295192718506,4730
21.995487451553345,4729
22.121548414230347,4728
22.247215032577515,4727
22.375446796417236,4726
22.5020809173584,4725
22.6292564868927,4724
22.75515604019165,4723
22.879462718963623,4722
23.003206968307495,4721
23.127447366714478,4720
23.251956701278687,4719
23.37891674041748,4718
23.506871700286865,4717
23.635054349899292,4716
23.761700868606567,4715
23.889902591705322,4714
24.017409801483154,4713
24.145820379257202,4712
24.27234387397766,4711
24.39714479446411,4710
24.52368927001953,4709
24.649085760116577,4708
24.77291226387024,4707
24.90090775489807,4706
25.030190229415894,4705
25.16077423095703,4704
25.28731083869934,4703
25.414742946624756,4702
25.54355263710022,4701
25.67144274711609,4700
25.797067165374756,4699
25.92289447784424,4698
26.049636363983154,4697
26.17384958267212,4696
26.295745611190796,4695
26.4239981174469,4694
26.5536630153656,4693
26.68237018585205,4692
26.810324907302856,4691
26.93733286857605,4690
27.066077947616577,4689
27.193195343017578,4688
27.318584442138672,4687
27.4459171295166,4686
27.57164454460144,4685
27.696765184402466,4684
27.820707321166992,4683
27.94446611404419,4682
28.070024967193604,4681
28.198390245437622,4680
28.32711410522461,4679
28.454902410507202,4678
28.580930709838867,4677
28.7093825340271,4676
28.835875511169434,4675
28.962409019470215,4674
29.086548566818237,4673
29.210999488830566,4672
29.33648133277893,4671
29.45942521095276,4670
29.583280563354492,4669
29.711342334747314,4668
29.838757276535034,4667
29.966455459594727,4666
30.093626022338867,4665
30.221593618392944,4664
30.351229906082153,4663
30.475382328033447,4662
30.60005021095276,4661
30.724580764770508,4660
30.84897756576538,4659
30.97080898284912,4658
31.097157955169678,4657
31.224948167800903,4656
31.347145795822144,4655
31.467276096343994,4654
31.585956573486328,4653
31.705747604370117,4652
31.828962326049805,4651
31.950072765350342,4650
32.07034349441528,4649
32.19485521316528,4648
32.317267417907715,4647
32.43833875656128,4646
32.56239104270935,4645
32.686259269714355,4644
32.81038427352905,4643
32.93175768852234,4642
33.05557584762573,4641
33.17625308036804,4640
33.30288815498352,4639
33.426167488098145,4638
33.54880380630493,4637
33.67055559158325,4636
33.79505395889282,4635
33.91978073120117,4634
34.043148040771484,4633
34.16640567779541,4632
34.289273500442505,4631
34.40979886054993,4630
34.5299289226532,4629
34.65300488471985,4628
34.775827407836914,4627
34.8967010974884,4626
35.019829511642456,4625
35.142332553863525,4624
35.26148796081543,4623
35.384275913238525,4622
35.50717544555664,4621
35.62798309326172,4620
35.75045394897461,4619
35.87341022491455,4618
35.9960503578186,4617
36.1150484085083,4616
36.237831354141235,4615
36.360209941864014,4614
36.480666160583496,4613
36.60322046279907,4612
36.72662043571472,4611
36.849167346954346,4610
36.968913316726685,4609
37.09216856956482,4608
37.21379351615906,4607
37.333067655563354,4606
37.456464529037476,4605
37.57938098907471,4604
37.70262837409973,4603
37.82310438156128,4602
37.94721961021423,4601
38.06792736053467,4600
38.18785786628723,4599
38.31144165992737,4598
38.43342971801758,4597
38.55662703514099,4596
38.67756748199463,4595
38.80187916755676,4594
38.922006368637085,4593
39.041890144348145,4592
39.16496562957764,4591
39.2849018573761,4590
39.40793061256409,4589
39.52874493598938,4588
39.65044355392456,4587
39.772316694259644,4586
39.892853021621704,4585
40.01580500602722,4584
40.13670635223389,4583
40.261051416397095,4582
40.38355469703674,4581
40.50687003135681,4580
40.633158683776855,4579
40.75959658622742,4578
40.887478828430176,4577
41.01499891281128,4576
41.14325547218323,4575
41.27117967605591,4574
41.39599657058716,4573
41.52051019668579,4572
41.64560151100159,4571
41.76889371871948,4570
41.89224052429199,4569
42.01468753814697,4568
42.139455795288086,4567
42.26640295982361,4566
42.39315462112427,4565
42.51951479911804,4564
42.646820306777954,4563
42.77026867866516,4562
42.8946053981781,4561
43.02108454704285,4560
43.14384198188782,4559
43.267632484436035,4558
43.391047954559326,4557
43.51480674743652,4556
43.641180753707886,4555
43.77009987831116,4554
43.897719621658325,4553
44.02503681182861,4552
44.152422189712524,4551
44.27601766586304,4550
44.40180015563965,4549
44.527318477630615,4548
44.651660442352295,4547
44.77408814430237,4546
44.89565110206604,4545
45.021066188812256,4544
45.14854192733765,4543
45.275920391082764,4542
45.40292716026306,4541
45.53103542327881,4540
45.658684730529785,4539
45.782400131225586,4538
45.9083788394928,4537
46.03465294837952,4536
46.15942716598511,4535
46.283483028411865,4534
46.40868639945984,4533
46.53716826438904,4532
46.665520906448364,4531
46.79239010810852,4530
46.92043209075928,4529
47.04927444458008,4528
47.174973249435425,4527
47.29950213432312,4526
47.425726652145386,4525
47.552127838134766,4524
47.67422866821289,4523
47.7983922958374,4522
47.92471385002136,4521
48.05147337913513,4520
48.18048095703125,4519
48.30735635757446,4518
48.43669033050537,4517
48.56474947929382,4516
48.68528771400452,4515
48.81272292137146,4514
48.93857932090759,4513
49.0632004737854,4512
49.185731649398804,4511
49.31136178970337,4510
49.4384503364563,4509
49.56517219543457,4508
49.69122624397278,4507
49.82001304626465,4506
49.94880723953247,4505
50.07482957839966,4504
50.199137926101685,4503
50.326324224472046,4502
50.45146989822388,4501
50.57380676269531,4500
50.69830679893494,4499
50.82326817512512,4498
50.94909739494324,4497
51.07822036743164,4496
51.205665588378906,4495
51.333977699279785,4494
51.462278604507446,4493
51.58495306968689,4492
51.7119996547699,4491
51.835566997528076,4490
51.95890831947327,4489
52.08142924308777,4488
52.20473289489746,4487
52.33228898048401,4486
52.460652351379395,4485
52.58796715736389,4484
52.71577429771423,4483
52.84332013130188,4482
52.967859745025635,4481
53.090834856033325,4480
53.21553897857666,4479
53.3399817943573,4478
53.46106433868408,4477
53.58306646347046,4476
53.70677185058594,4475
53.83116292953491,4474
53.96010613441467,4473
54.086302757263184,4472
54.21360898017883,4471
54.339709520339966,4470
54.46104836463928,4469
54.58340930938721,4468
54.707393169403076,4467
54.82883644104004,4466
54.951611280441284,4465
55.074604988098145,4464
55.19856858253479,4463
55.325613021850586,4462
55.4540650844574,4461
55.57964611053467,4460
55.70347356796265,4459
55.82865595817566,4458
55.953754901885986,4457
56.077829360961914,4456
56.201942920684814,4455
56.328179121017456,4454
56.45395588874817,4453
56.579262018203735,4452
56.70570945739746,4451
56.83520007133484,4450
56.9590699672699,4449
57.08255052566528,4448
57.20519232749939,4447
57.32678985595703,4446
57.44962453842163,4445
57.57331395149231,4444
57.695966482162476,4443
57.816277742385864,4442
57.94039821624756,4441
58.06263875961304,4440
58.18720197677612,4439
58.31555509567261,4438
58.44461393356323,4437
58.57362413406372,4436
58.70172643661499,4435
58.83093500137329,4434
58.960357666015625,4433
59.088603258132935,4432
59.217493534088135,4431
59.34665894508362,4430
59.47571635246277,4429
59.60412788391113,4428
59.732829093933105,4427
59.862502098083496,4426
59.991581201553345,4425
60.119869232177734,4424
60.24931764602661,4423
60.378549337387085,4422
60.50748014450073,4421
60.63595771789551,4420
60.765100717544556,4419
60.89449429512024,4418
61.022871017456055,4417
61.15149545669556,4416
61.2808940410614,4415
61.41034293174744,4414
61.539260149002075,4413
61.66766619682312,4412
61.79723930358887,4411
61.92653751373291,4410
62.054900884628296,4409
62.18405294418335,4408
62.313435792922974,4407
62.44276547431946,4406
62.571492195129395,4405
62.69973587989807,4404
62.82898139953613,4403
62.95695233345032,4402
63.08544111251831,4401
63.21395015716553,4400
63.34239196777344,4399
63.47090768814087,4398
63.5991575717926,4397
63.72730207443237,4396
63.85552501678467,4395
63.98393988609314,4394
64.11145853996277,4393
64.23699998855591,4392
64.36114025115967,4391
64.48571228981018,4390
64.60858988761902,4389
64.73193645477295,4388
64.85510039329529,4387
64.9784529209137,4386
65.10238766670227,4385
65.22547459602356,4384
65.34959483146667,4383
65.4720230102539,4382
65.59489512443542,4381
65.71789288520813,4380
65.84099864959717,4379
65.96617555618286,4378
66.08964157104492,4377
66.21261024475098,4376
66.33569145202637,4375
66.45872402191162,4374
66.58268213272095,4373
66.70788502693176,4372
66.8325788974762,4371
66.9578652381897,4370
67.0817174911499,4369
67.20538592338562,4368
67.33034586906433,4367
67.45612144470215,4366
67.5802628993988,4365
67.70506811141968,4364
67.83118152618408,4363
67.95592498779297,4362
68.08143067359924,4361
68.2059600353241,4360
68.33194708824158,4359
68.45648455619812,4358
68.58086657524109,4357
68.7072811126709,4356
68.83266687393188,4355
68.95847487449646,4354
69.08260989189148,4353
69.20862936973572,4352
69.33445715904236,4351
69.45871710777283,4350
69.58532047271729,4349
69.71099543571472,4348
69.83639430999756,4347
69.9622585773468,4346
70.0881838798523,4345
70.21347737312317,4344
70.33782863616943,4343
70.46610951423645,4342
70.59531903266907,4341
70.7233533859253,4340
70.8524477481842,4339
70.98150730133057,4338
71.11105608940125,4337
71.23902606964111,4336
71.36783504486084,4335
71.49751615524292,4334
71.62611770629883,4333
71.75475215911865,4332
71.88409280776978,4331
72.01326775550842,4330
72.14247465133667,4329
72.27052450180054,4328
72.40008282661438,4327
72.52942943572998,4326
72.65783071517944,4325
72.78682136535645,4324
72.91602158546448,4323
73.04534792900085,4322
73.17405986785889,4321
73.30231022834778,4320
73.4323627948761,4319
73.56086611747742,4318
73.68884801864624,4317
73.81793928146362,4316
73.9468948841095,4315
74.07570672035217,4314
74.20391726493835,4313
74.33286118507385,4312
74.46196436882019,4311
74.58983516693115,4310
74.71813035011292,4309
74.84599113464355,4308
74.97386074066162,4307
75.10189747810364,4306
75.2299816608429,4305
75.35827088356018,4304
75.4863338470459,4303
75.61421012878418,4302
75.74185967445374,4301
75.86889266967773,4300
75.99640083312988,4299
76.12401390075684,4298
76.2520809173584,4297
76.37931823730469,4296
76.50310158729553,4295
76.62623715400696,4294
76.74935579299927,4293
76.87266850471497,4292
76.99562644958496,4291
77.12066698074341,4290
77.24439287185669,4289
77.36740517616272,4288
77.49053621292114,4287
77.61406445503235,4286
77.73822069168091,4285
77.86111497879028,4284
77.9843487739563,4283
78.1071994304657,4282
78.23033857345581,4281
78.35331296920776,4280
78.47669672966003,4279
78.60144972801208,4278
78.72773385047913,4277
78.85169172286987,4276
78.97845602035522,4275
79.10442543029785,4274
79.22923874855042,4273
79.35459303855896,4272
79.4795753955841,4271
79.60588026046753,4270
79.7300329208374,4269
79.85462832450867,4268
79.98118877410889,4267
80.10566663742065,4266
80.23090672492981,4265
80.35646462440491,4264
80.48303771018982,4263
80.6077389717102,4262
80.7326307296753,4261
80.85918259620667,4260
80.9844765663147,4259
81.1097981929779,4258
81.23563694953918,4257
81.36174178123474,4256
81.4871711730957,4255
81.6117753982544,4254
81.73859143257141,4253
81.86397004127502,4252
81.98906016349792,4251
82.11470556259155,4250
82.24064564704895,4249
82.36620569229126,4248
82.4909553527832,4247
82.61720848083496,4246
82.73999309539795,4245
82.86454916000366,4244
82.99055695533752,4243
83.11559295654297,4242
83.23989772796631,4241
83.36228203773499,4240
83.487619638443,4239
83.61501383781433,4238
83.74110078811646,4237
83.86611342430115,4236
83.99393558502197,4235
84.11961913108826,4234
84.24608540534973,4233
84.36942744255066,4232
84.49532175064087,4231
84.62147450447083,4230
84.74473023414612,4229
84.86871838569641,4228
84.99289894104004,4227
85.11829018592834,4226
85.24360871315002,4225
85.37041091918945,4224
85.49725794792175,4223
85.62401962280273,4222
85.74894499778748,4221
85.87528085708618,4220
86.00032424926758,4219
86.1244306564331,4218
86.24901843070984,4217
86.37217426300049,4216
86.49481105804443,4215
86.61903667449951,4214
86.74416160583496,4213
86.86983680725098,4212
86.99447274208069,4211
87.12169742584229,4210
87.24614524841309,4209
87.37054133415222,4208
87.49292373657227,4207
87.6154055595398,4206
87.7387182712555,4205
87.86081409454346,4204
87.9818639755249,4203
88.10495209693909,4202
88.22892546653748,4201
88.35360312461853,4200
88.47747898101807,4199
88.60285186767578,4198
88.72782278060913,4197
88.85188603401184,4196
88.97422289848328,4195
89.09714484214783,4194
89.21975684165955,4193
89.3406023979187,4192
89.46034359931946,4191
89.58384156227112,4190
89.7078046798706,4189
89.83385133743286,4188
89.95882058143616,4187
90.08469319343567,4186
90.21015119552612,4185
90.33723330497742,4184
90.45959520339966,4183
90.58479762077332,4182
90.71020817756653,4181
90.8347852230072,4180
90.95703601837158,4179
91.08229756355286,4178
91.21011018753052,4177
91.33692932128906,4176
91.46455359458923,4175
91.59308910369873,4174
91.72114300727844,4173
91.84676790237427,4172
91.96956896781921,4171
92.09573268890381,4170
92.2206928730011,4169
92.34268116950989,4168
92.46663165092468,4167
92.59143662452698,4166
92.7180814743042,4165
92.84530735015869,4164
92.97224307060242,4163
93.10103607177734,4162
93.22880387306213,4161
93.35453367233276,4160
93.47878837585449,4159
93.60414838790894,4158
93.72966456413269,4157
93.85037970542908,4156
93.974689245224,4155
94.10000920295715,4154
94.22528195381165,4153
94.35131335258484,4152
94.47936296463013,4151
94.60749888420105,4150
94.73576378822327,4149
94.85979580879211,4148
94.98516702651978,4147
95.11174297332764,4146
95.23392081260681,4145
95.35780692100525,4144
95.48240160942078,4143
95.6090567111969,4142
95.73633289337158,4141
95.86297488212585,4140
95.99152874946594,4139
96.11995434761047,4138
96.2461314201355,4137
96.3701593875885,4136
96.4962956905365,4135
96.62138152122498,4134
96.74279141426086,4133
96.86587262153625,4132
96.99102759361267,4131
97.1165919303894,4130
97.24460458755493,4129
97.37133622169495,4128
97.49949622154236,4127
97.62638473510742,4126
97.75083756446838,4125
97.87345147132874,4124
97.9978837966919,4123
98.1212055683136,4122
98.24339199066162,4121
98.36525797843933,4120
98.48846387863159,4119
98.6139760017395,4118
98.73971939086914,4117
98.86663389205933,4116
98.9936146736145,4115
99.12065601348877,4114
99.24339842796326,4113
99.36510348320007,4112
99.4902024269104,4111
99.61253666877747,4110
99.73447227478027,4109
99.85497260093689,4108
99.97531533241272,4107
