0.716099739074707,4897
0.8597187995910645,4896
0.9952807426452637,4895
1.1306896209716797,4894
1.266765832901001,4893
1.403630018234253,4892
1.5416648387908936,4891
1.6789953708648682,4890
1.8171970844268799,4889
1.9572901725769043,4888
2.1015372276306152,4887
2.2543978691101074,4886
2.4097893238067627,4885
2.566751003265381,4884
2.712738513946533,4883
2.851360321044922,4882
2.9905505180358887,4881
3.131992816925049,4880
3.2704193592071533,4879
3.4086225032806396,4878
3.54734206199646,4877
3.6863088607788086,4876
3.8248393535614014,4875
3.9622397422790527,4874
4.100661754608154,4873
4.23973274230957,4872
4.3786866664886475,4871
4.517120838165283,4870
4.656161546707153,4869
4.796236991882324,4868
4.935289621353149,4867
5.070111036300659,4866
5.215293645858765,4865
5.358918905258179,4864
5.491384506225586,4863
5.6250550746917725,4862
5.759481191635132,4861
5.894124507904053,4860
6.0281431674957275,4859
6.162342548370361,4858
6.296325206756592,4857
6.430416107177734,4856
6.568671226501465,4855
6.712698221206665,4854
6.862367391586304,4853
7.0115790367126465,4852
7.159516096115112,4851
7.30806827545166,4850
7.456997394561768,4849
7.595572233200073,4848
7.734090566635132,4847
7.8723227977752686,4846
8.010241508483887,4845
8.147440195083618,4844
8.284971714019775,4843
8.422830581665039,4842
8.560012102127075,4841
8.697446823120117,4840
8.835291862487793,4839
8.972575187683105,4838
9.110105037689209,4837
9.248683214187622,4836
9.386885643005371,4835
9.52543306350708,4834
9.664403676986694,4833
9.806365966796875,4832
9.945217609405518,4831
10.083502769470215,4830
10.222635269165039,4829
10.361506462097168,4828
10.496891021728516,4827
10.635026931762695,4826
10.774206161499023,4825
10.91341519355774,4824
11.052083969116211,4823
11.19109845161438,4822
11.328727006912231,4821
11.469138860702515,4820
11.608488321304321,4819
11.748321771621704,4818
11.883750915527344,4817
12.017834186553955,4816
12.151320934295654,4815
12.284039735794067,4814
12.418710947036743,4813
12.553754091262817,4812
12.691085577011108,4811
12.82914137840271,4810
12.963143825531006,4809
13.101266384124756,4808
13.237218379974365,4807
13.379388570785522,4806
13.517549753189087,4805
13.653173685073853,4804
13.791158676147461,4803
13.929539680480957,4802
14.06899094581604,4801
14.211237907409668,4800
14.349345922470093,4799
14.487400770187378,4798
14.62620997428894,4797
14.764758348464966,4796
14.90237307548523,4795
15.040001630783081,4794
15.178692102432251,4793
15.317349433898926,4792
15.453947305679321,4791
15.589934825897217,4790
15.72797155380249,4789
15.867277145385742,4788
16.005748748779297,4787
16.14419174194336,4786
16.283392906188965,4785
16.422663688659668,4784
16.56013798713684,4783
16.697661638259888,4782
16.835376739501953,4781
16.974329471588135,4780
17.112464666366577,4779
17.252561569213867,4778
17.389962434768677,4777
17.528736352920532,4776
17.66664719581604,4775
17.804604291915894,4774
17.949193239212036,4773
18.095697164535522,4772
18.243873596191406,4771
18.393036127090454,4770
18.541639804840088,4769
18.689987897872925,4768
18.839296102523804,4767
18.98113989830017,4766
19.118721961975098,4765
19.25551462173462,4764
19.39274835586548,4763
19.53006911277771,4762
19.66675877571106,4761
19.804598093032837,4760
19.941689014434814,4759
20.07901620864868,4758
20.215748071670532,4757
20.35283398628235,4756
20.489290952682495,4755
20.62567901611328,4754
20.76460289955139,4753
20.902664184570312,4752
21.0411376953125,4751
21.17974615097046,4750
21.322394132614136,4749
21.461100816726685,4748
21.598966598510742,4747
21.737789392471313,4746
21.876275539398193,4745
22.01505732536316,4744
22.15312647819519,4743
22.29093360900879,4742
22.429458379745483,4741
22.567461013793945,4740
22.704755544662476,4739
22.84283137321472,4738
22.982094526290894,4737
23.123709440231323,4736
23.256393671035767,4735
23.389915227890015,4734
23.531622171401978,4733
23.67241644859314,4732
23.80867838859558,4731
23.945180892944336,4730
24.08536958694458,4729
24.225244760513306,4728
24.35881280899048,4727
24.494630575180054,4726
24.631138563156128,4725
24.76824641227722,4724
24.9032940864563,4723
25.033146858215332,4722
25.164730072021484,4721
25.297056436538696,4720
25.426368951797485,4719
25.555357217788696,4718
25.688109159469604,4717
25.824150800704956,4716
25.955533266067505,4715
26.086021900177002,4714
26.216597318649292,4713
26.349267721176147,4712
26.481523275375366,4711
26.613811016082764,4710
26.745782375335693,4709
26.879596710205078,4708
27.017496347427368,4707
27.152556896209717,4706
27.28742265701294,4705
27.416126489639282,4704
27.5453097820282,4703
27.6735897064209,4702
27.802030563354492,4701
27.930818557739258,4700
28.059622526168823,4699
28.187944650650024,4698
28.31871795654297,4697
28.449349880218506,4696
28.582446575164795,4695
28.720751762390137,4694
28.858843088150024,4693
28.997264623641968,4692
29.13435983657837,4691
29.27076554298401,4690
29.409160375595093,4689
29.546279668807983,4688
29.681071996688843,4687
29.818024158477783,4686
29.959913969039917,4685
30.107717752456665,4684
30.245301008224487,4683
30.38238501548767,4682
30.516947984695435,4681
30.653252363204956,4680
30.790412425994873,4679
30.927940368652344,4678
31.065064430236816,4677
31.202569246292114,4676
31.339436531066895,4675
31.477099418640137,4674
31.618003845214844,4673
31.766452312469482,4672
31.9157772064209,4671
32.064502477645874,4670
32.21295094490051,4669
32.362529039382935,4668
32.512399196624756,4667
32.66006875038147,4666
32.808268785476685,4665
32.957980155944824,4664
33.11024284362793,4663
33.258639097213745,4662
33.40677833557129,4661
33.556140661239624,4660
33.70553684234619,4659
33.853954553604126,4658
34.0028874874115,4657
34.14455842971802,4656
34.282798051834106,4655
34.42028594017029,4654
34.55816698074341,4653
34.69680094718933,4652
34.82963585853577,4651
34.96223592758179,4650
35.09812784194946,4649
35.23598670959473,4648
35.3716676235199,4647
35.50633668899536,4646
35.63924193382263,4645
35.77480959892273,4644
35.910913705825806,4643
36.046438217163086,4642
36.179280281066895,4641
36.311888217926025,4640
36.44635200500488,4639
36.57890033721924,4638
36.7099232673645,4637
36.841299533843994,4636
36.97372603416443,4635
37.10510301589966,4634
37.237887144088745,4633
37.370967388153076,4632
37.50483727455139,4631
37.63874053955078,4630
37.77188992500305,4629
37.90558433532715,4628
38.041874408721924,4627
38.178754806518555,4626
38.31602668762207,4625
38.45322608947754,4624
38.583784103393555,4623
38.71301031112671,4622
38.84396004676819,4621
38.97391080856323,4620
39.10699462890625,4619
39.23959231376648,4618
39.369834184646606,4617
39.49882173538208,4616
39.62714624404907,4615
39.757089614868164,4614
39.89149856567383,4613
40.02756452560425,4612
40.171136140823364,4611
40.31970715522766,4610
40.470715284347534,4609
40.62061333656311,4608
40.76606106758118,4607
40.90381646156311,4606
41.04201698303223,4605
41.18031406402588,4604
41.31775712966919,4603
41.45598769187927,4602
41.59309673309326,4601
41.73028326034546,4600
41.86761522293091,4599
42.00506901741028,4598
42.14210867881775,4597
42.279513120651245,4596
42.41680145263672,4595
42.55676794052124,4594
42.69806385040283,4593
42.84013509750366,4592
42.98305344581604,4591
43.1295485496521,4590
43.27381634712219,4589
43.41611409187317,4588
43.559611797332764,4587
43.70344424247742,4586
43.84611654281616,4585
43.989027976989746,4584
44.13288235664368,4583
44.276710748672485,4582
44.419535636901855,4581
44.56253790855408,4580
44.706350326538086,4579
44.85050582885742,4578
44.993239641189575,4577
45.136494874954224,4576
45.279881954193115,4575
45.423858880996704,4574
45.56585764884949,4573
45.701894998550415,4572
45.83603620529175,4571
45.97070598602295,4570
46.10478973388672,4569
46.23860502243042,4568
46.372573137283325,4567
46.507208824157715,4566
46.641589641571045,4565
46.77510333061218,4564
46.90904188156128,4563
47.042476654052734,4562
47.17488622665405,4561
47.30779528617859,4560
47.44421911239624,4559
47.581231117248535,4558
47.71579360961914,4557
47.850422382354736,4556
47.98513221740723,4555
48.119874477386475,4554
48.251065254211426,4553
48.38250136375427,4552
48.5130877494812,4551
48.64409923553467,4550
48.775399923324585,4549
48.906070947647095,4548
49.03621196746826,4547
49.16822147369385,4546
49.29946231842041,4545
49.4316771030426,4544
49.56880331039429,4543
49.705082178115845,4542
49.84373378753662,4541
49.97986102104187,4540
50.11533713340759,4539
50.25219535827637,4538
50.39061450958252,4537
50.52417755126953,4536
50.66066575050354,4535
50.798434019088745,4534
50.93553447723389,4533
51.065887451171875,4532
51.19534945487976,4531
51.323686361312866,4530
51.455485582351685,4529
51.58711099624634,4528
51.71669030189514,4527
51.84912633895874,4526
51.98430562019348,4525
52.11708331108093,4524
52.25041222572327,4523
52.38709998130798,4522
52.52226519584656,4521
52.65113592147827,4520
52.778258085250854,4519
52.906365633010864,4518
53.03651666641235,4517
53.16455006599426,4516
53.29481387138367,4515
53.42839765548706,4514
53.562947273254395,4513
53.69867467880249,4512
53.83701300621033,4511
53.98318672180176,4510
54.11781978607178,4509
54.2541766166687,4508
54.39163899421692,4507
54.5292227268219,4506
54.66734862327576,4505
54.805511236190796,4504
54.935993671417236,4503
55.063979387283325,4502
55.193413496017456,4501
55.32674551010132,4500
55.462719202041626,4499
55.60016989707947,4498
55.738625049591064,4497
55.87682485580444,4496
56.01667380332947,4495
56.155627727508545,4494
56.29451537132263,4493
56.43364357948303,4492
56.581284046173096,4491
56.730262756347656,4490
56.87826323509216,4489
57.027246952056885,4488
57.176568031311035,4487
57.325321435928345,4486
57.47384691238403,4485
57.62239694595337,4484
57.77138161659241,4483
57.9205379486084,4482
58.06847333908081,4481
58.21577453613281,4480
58.365498542785645,4479
58.50506043434143,4478
58.643683195114136,4477
58.78359031677246,4476
58.923189878463745,4475
59.06232523918152,4474
59.20103621482849,4473
59.34047269821167,4472
59.48116755485535,4471
59.62026762962341,4470
59.75929260253906,4469
59.89899015426636,4468
60.03893446922302,4467
60.17820477485657,4466
60.31722545623779,4465
60.456276178359985,4464
60.59366989135742,4463
60.72869396209717,4462
60.856918811798096,4461
60.98650097846985,4460
61.11603879928589,4459
61.24768137931824,4458
61.37899875640869,4457
61.511375188827515,4456
61.64292669296265,4455
61.7777636051178,4454
61.91396617889404,4453
62.05112814903259,4452
62.187392234802246,4451
62.32323908805847,4450
62.45744442939758,4449
62.58720254898071,4448
62.715604066848755,4447
62.84483242034912,4446
62.97340178489685,4445
63.10526156425476,4444
63.23526906967163,4443
63.365004777908325,4442
63.4988477230072,4441
63.63304090499878,4440
63.768094301223755,4439
63.90402126312256,4438
64.03997421264648,4437
64.17683959007263,4436
64.313729763031,4435
64.4519681930542,4434
64.5890839099884,4433
64.72911405563354,4432
64.8693630695343,4431
65.01047897338867,4430
65.15186166763306,4429
65.29340696334839,4428
65.43366956710815,4427
65.57472109794617,4426
65.71794605255127,4425
65.84999871253967,4424
65.98106479644775,4423
66.11476016044617,4422
66.24409651756287,4421
66.37450170516968,4420
66.51005744934082,4419
66.64880609512329,4418
66.78854990005493,4417
66.92287087440491,4416
67.05944395065308,4415
67.19839453697205,4414
67.33624625205994,4413
67.47389054298401,4412
67.60970902442932,4411
67.74466466903687,4410
67.88179540634155,4409
68.01574778556824,4408
68.15346217155457,4407
68.29138803482056,4406
68.42928409576416,4405
68.56651711463928,4404
68.70673131942749,4403
68.85227417945862,4402
68.99680995941162,4401
69.14073538780212,4400
69.28472709655762,4399
69.4278712272644,4398
69.56857228279114,4397
69.70402097702026,4396
69.8385181427002,4395
69.97408270835876,4394
70.10926628112793,4393
70.24390625953674,4392
70.37808275222778,4391
70.51059174537659,4390
70.65124726295471,4389
70.79384994506836,4388
70.93697452545166,4387
71.08097290992737,4386
71.22640347480774,4385
71.37071371078491,4384
71.5169186592102,4383
71.66366720199585,4382
71.81213235855103,4381
71.96109127998352,4380
72.10949230194092,4379
72.25733923912048,4378
72.39803504943848,4377
72.53986048698425,4376
72.6808614730835,4375
72.8227105140686,4374
72.96626019477844,4373
73.111989736557,4372
73.25676941871643,4371
73.40201807022095,4370
73.53388595581055,4369
73.66691780090332,4368
73.804940700531,4367
73.94450950622559,4366
74.08370542526245,4365
74.22232055664062,4364
74.35704374313354,4363
74.4884603023529,4362
74.61742734909058,4361
74.74872422218323,4360
74.87657475471497,4359
75.0065610408783,4358
75.13660478591919,4357
75.26663827896118,4356
75.3961226940155,4355
75.52505683898926,4354
75.65989208221436,4353
75.79523849487305,4352
75.92909383773804,4351
76.06326699256897,4350
76.19667053222656,4349
76.32800650596619,4348
76.45652985572815,4347
76.58418273925781,4346
76.71294093132019,4345
76.8417739868164,4344
76.97043919563293,4343
77.09914922714233,4342
77.22753596305847,4341
77.36091041564941,4340
77.49596309661865,4339
77.6309905052185,4338
77.766921043396,4337
77.90441584587097,4336
78.04279232025146,4335
78.18102979660034,4334
78.3171980381012,4333
78.45592713356018,4332
78.59606385231018,4331
78.73363661766052,4330
78.87178134918213,4329
79.01562881469727,4328
79.1642062664032,4327
79.30628371238708,4326
79.44859981536865,4325
79.59114408493042,4324
79.73497676849365,4323
79.87160062789917,4322
80.00160956382751,4321
80.13516306877136,4320
80.27436518669128,4319
80.40921449661255,4318
80.55100560188293,4317
80.69695281982422,4316
80.832102060318,4315
80.9677963256836,4314
81.1043815612793,4313
81.24134969711304,4312
81.38001251220703,4311
81.5179831981659,4310
81.65638828277588,4309
81.79330086708069,4308
81.93646931648254,4307
82.0820107460022,4306
82.22712469100952,4305
82.37210774421692,4304
82.51748442649841,4303
82.66087770462036,4302
82.80127167701721,4301
82.93787741661072,4300
83.07647061347961,4299
83.21332716941833,4298
83.34851670265198,4297
83.48336577415466,4296
83.61988544464111,4295
83.75589990615845,4294
83.89494585990906,4293
84.0286111831665,4292
84.1636426448822,4291
84.2995400428772,4290
84.4352216720581,4289
84.5719108581543,4288
84.70900559425354,4287
84.84709811210632,4286
84.98475480079651,4285
85.13495826721191,4284
85.286936044693,4283
85.43716931343079,4282
85.58604025840759,4281
85.73904943466187,4280
85.89182829856873,4279
86.04505896568298,4278
86.19981241226196,4277
86.35523438453674,4276
86.51074194908142,4275
86.66488790512085,4274
86.80263328552246,4273
86.94000673294067,4272
87.08291482925415,4271
87.22679996490479,4270
87.3715705871582,4269
87.50654482841492,4268
87.64159870147705,4267
87.7779893875122,4266
87.91283679008484,4265
88.04976963996887,4264
88.18812561035156,4263
88.32545065879822,4262
88.46358108520508,4261
88.60181736946106,4260
88.73783159255981,4259
88.87323808670044,4258
89.00836420059204,4257
89.14282488822937,4256
89.27675676345825,4255
89.40816354751587,4254
89.53693413734436,4253
89.66505980491638,4252
89.80003762245178,4251
89.9363145828247,4250
90.07144260406494,4249
90.20686984062195,4248
90.34242749214172,4247
90.48586440086365,4246
90.62631487846375,4245
90.77065682411194,4244
90.91598987579346,4243
91.0627191066742,4242
91.21002149581909,4241
91.35692000389099,4240
91.50520968437195,4239
91.65568685531616,4238
91.8061740398407,4237
91.95632195472717,4236
92.10733032226562,4235
92.25910234451294,4234
92.41188979148865,4233
92.56441187858582,4232
92.71817898750305,4231
92.87289619445801,4230
93.02999663352966,4229
93.18449068069458,4228
93.34040927886963,4227
93.48945760726929,4226
93.62069177627563,4225
93.750741481781,4224
93.88583493232727,4223
94.02220892906189,4222
94.15718412399292,4221
94.28606343269348,4220
94.4144504070282,4219
94.5439190864563,4218
94.68112111091614,4217
94.8188591003418,4216
94.95728635787964,4215
95.09598422050476,4214
95.23370265960693,4213
95.3733720779419,4212
95.5189962387085,4211
95.66436648368835,4210
95.80559992790222,4209
95.94905233383179,4208
96.09259009361267,4207
96.23433232307434,4206
96.37112402915955,4205
96.50590014457703,4204
96.64066362380981,4203
96.7772696018219,4202
96.9129548072815,4201
97.04746508598328,4200
97.18262982368469,4199
97.3209056854248,4198
97.46326208114624,4197
97.60629773139954,4196
97.75059294700623,4195
97.89526534080505,4194
98.03400707244873,4193
98.16987419128418,4192
98.30572533607483,4191
98.44231247901917,4190
98.57947039604187,4189
98.7172679901123,4188
98.85604929924011,4187
98.99451851844788,4186
99.1403739452362,4185
99.29310464859009,4184
99.44496941566467,4183
99.59827899932861,4182
99.75190544128418,4181
99.90721035003662,4180
100.06415176391602,4179
100.21005988121033,4178
100.34740042686462,4177
100.48651885986328,4176
100.63264727592468,4175
100.77483415603638,4174
100.91444206237793,4173
101.04879903793335,4172
101.18566846847534,4171
101.32162284851074,4170
101.45772933959961,4169
101.59533309936523,4168
101.73354649543762,4167
101.87170124053955,4166
102.00758767127991,4165
102.1502275466919,4164
102.29522895812988,4163
102.4406430721283,4162
102.58493757247925,4161
102.72244548797607,4160
102.85577273368835,4159
102.98774194717407,4158
103.11899375915527,4157
103.24697136878967,4156
103.37650465965271,4155
103.50499963760376,4154
103.63343572616577,4153
103.76062226295471,4152
103.89661908149719,4151
104.03630113601685,4150
104.1792345046997,4149
104.32252526283264,4148
104.46608424186707,4147
104.61213779449463,4146
104.75871300697327,4145
104.90543055534363,4144
105.05213642120361,4143
105.20082879066467,4142
105.35115718841553,4141
105.49974036216736,4140
105.64960289001465,4139
105.79951000213623,4138
105.9481635093689,4137
106.10035514831543,4136
106.25227785110474,4135
106.40533208847046,4134
106.5602023601532,4133
106.71443200111389,4132
106.86903023719788,4131
107.02472615242004,4130
107.17222142219543,4129
107.31010007858276,4128
107.44796109199524,4127
107.58683347702026,4126
107.72177648544312,4125
107.85413336753845,4124
107.98161101341248,4123
108.11028742790222,4122
108.23954892158508,4121
108.3687596321106,4120
108.49854111671448,4119
108.62752366065979,4118
108.76779222488403,4117
108.90374445915222,4116
109.04585599899292,4115
109.19031071662903,4114
109.3342227935791,4113
109.47833752632141,4112
109.62149620056152,4111
109.76295757293701,4110
109.9017288684845,4109
110.0367386341095,4108
110.17097568511963,4107
110.30616450309753,4106
110.4404399394989,4105
110.57473278045654,4104
110.70860195159912,4103
110.84319019317627,4102
110.97997736930847,4101
111.12027072906494,4100
111.26357221603394,4099
111.40785026550293,4098
111.55352926254272,4097
111.70035815238953,4096
111.84660339355469,4095
111.99433279037476,4094
112.13666033744812,4093
112.27446413040161,4092
112.41236925125122,4091
112.55107235908508,4090
112.69113636016846,4089
112.8315680027008,4088
112.97179579734802,4087
113.11554646492004,4086
113.26470255851746,4085
113.42158603668213,4084
113.57606053352356,4083
113.7320613861084,4082
113.8790717124939,4081
114.01686453819275,4080
114.15373134613037,4079
114.29083514213562,4078
114.42863607406616,4077
114.56656408309937,4076
114.70374917984009,4075
114.8407289981842,4074
114.9787244796753,4073
115.11601519584656,4072
115.25281929969788,4071
115.39009356498718,4070
115.52783393859863,4069
115.66601753234863,4068
115.80340528488159,4067
115.94033408164978,4066
116.0753664970398,4065
116.20968866348267,4064
116.35478615760803,4063
116.49552011489868,4062
116.62860178947449,4061
116.756032705307,4060
116.88307404518127,4059
117.00977396965027,4058
117.13639974594116,4057
117.26388907432556,4056
117.39105749130249,4055
117.5175940990448,4054
117.64616775512695,4053
117.7819721698761,4052
117.93341398239136,4051
118.08206629753113,4050
118.22988700866699,4049
118.38260579109192,4048
118.53183484077454,4047
118.67996978759766,4046
118.82782983779907,4045
118.97644805908203,4044
119.12551283836365,4043
119.27344417572021,4042
119.42120933532715,4041
119.56975483894348,4040
119.71880006790161,4039
119.86754369735718,4038
120.01539373397827,4037
120.16297554969788,4036
120.31098461151123,4035
120.45867609977722,4034
120.60699129104614,4033
120.75509715080261,4032
120.9028651714325,4031
121.05143141746521,4030
121.1965880393982,4029
121.341961145401,4028
121.48840403556824,4027
121.63043475151062,4026
121.76616621017456,4025
121.90188908576965,4024
122.03777194023132,4023
122.17311477661133,4022
122.3091676235199,4021
122.4444100856781,4020
122.57984781265259,4019
122.71446800231934,4018
122.86440634727478,4017
123.01592993736267,4016
123.16474413871765,4015
123.31266522407532,4014
123.45778441429138,4013
123.59535837173462,4012
123.73320579528809,4011
123.87010216712952,4010
124.00710558891296,4009
124.14377903938293,4008
124.28125190734863,4007
124.4187445640564,4006
124.55541920661926,4005
124.69228911399841,4004
124.830251455307,4003
124.96838068962097,4002
125.10563731193542,4001
125.24252939224243,4000
125.37977933883667,3999
125.51762437820435,3998
125.65520858764648,3997
125.79344058036804,3996
125.93314623832703,3995
126.07070565223694,3994
126.20232105255127,3993
126.33014440536499,3992
126.45928359031677,3991
126.59058809280396,3990
126.72255730628967,3989
126.85397934913635,3988
126.98538088798523,3987
127.11687421798706,3986
127.24863958358765,3985
127.37775421142578,3984
127.50902819633484,3983
127.63966608047485,3982
127.77967357635498,3981
127.9153835773468,3980
128.04555201530457,3979
128.18179988861084,3978
128.31698942184448,3977
128.45305275917053,3976
128.58608722686768,3975
128.71691727638245,3974
128.85371375083923,3973
128.98420596122742,3972
129.11236333847046,3971
129.24451279640198,3970
129.37850737571716,3969
129.5150945186615,3968
129.6504511833191,3967
129.78861021995544,3966
129.92872381210327,3965
130.07043290138245,3964
130.21115565299988,3963
130.3513548374176,3962
130.4919307231903,3961
130.6381721496582,3960
130.77104020118713,3959
130.90322160720825,3958
131.0356686115265,3957
131.16594982147217,3956
131.29852604866028,3955
131.4305944442749,3954
131.5633282661438,3953
131.6953649520874,3952
131.8289725780487,3951
131.96534037590027,3950
132.10952425003052,3949
132.25651955604553,3948
132.4031467437744,3947
132.55015802383423,3946
132.69588994979858,3945
132.8422122001648,3944
132.9882082939148,3943
133.1366662979126,3942
133.28244590759277,3941
133.4286127090454,3940
133.57462668418884,3939
133.7205457687378,3938
133.86579871177673,3937
134.0115270614624,3936
134.158611536026,3935
134.30566215515137,3934
134.4536418914795,3933
134.6015477180481,3932
134.7483150959015,3931
134.8952522277832,3930
135.03974676132202,3929
135.1761929988861,3928
135.31234502792358,3927
135.44781756401062,3926
135.58366918563843,3925
135.71998023986816,3924
135.8561565876007,3923
135.99203515052795,3922
136.12734866142273,3921
136.2640507221222,3920
136.3981671333313,3919
136.53413939476013,3918
136.6704933643341,3917
136.80737209320068,3916
136.9453375339508,3915
137.0820505619049,3914
137.21880888938904,3913
137.35608291625977,3912
137.49599719047546,3911
137.62777709960938,3910
137.7567596435547,3909
137.88731789588928,3908
138.01933217048645,3907
138.15130996704102,3906
138.28262329101562,3905
138.41374850273132,3904
138.5451488494873,3903
138.6756374835968,3902
138.80359077453613,3901
138.9355869293213,3900
139.07246947288513,3899
139.20682907104492,3898
139.34174036979675,3897
139.47441291809082,3896
139.6086287498474,3895
139.74219059944153,3894
139.87667798995972,3893
140.00953912734985,3892
140.13867855072021,3891
140.26906156539917,3890
140.4004578590393,3889
140.53116464614868,3888
140.66172862052917,3887
140.79273581504822,3886
140.92400908470154,3885
141.05568170547485,3884
141.18409180641174,3883
141.31047773361206,3882
141.43886971473694,3881
141.56756925582886,3880
141.69549202919006,3879
141.82552099227905,3878
141.9595718383789,3877
142.09576153755188,3876
142.2250361442566,3875
142.35539722442627,3874
142.48659133911133,3873
142.61723852157593,3872
142.74948692321777,3871
142.88147497177124,3870
143.01706528663635,3869
143.14978694915771,3868
143.28308033943176,3867
143.41665959358215,3866
143.55416345596313,3865
143.69332242012024,3864
143.83966612815857,3863
143.98528861999512,3862
144.1312336921692,3861
144.27692937850952,3860
144.42252588272095,3859
144.57368159294128,3858
144.71325588226318,3857
144.85716032981873,3856
145.0021402835846,3855
145.14751958847046,3854
145.29258847236633,3853
145.43960547447205,3852
145.5883390903473,3851
145.73521423339844,3850
145.88146686553955,3849
146.02824449539185,3848
146.17543768882751,3847
146.32282495498657,3846
146.4662947654724,3845
146.6114673614502,3844
146.75682163238525,3843
146.89467310905457,3842
147.03174948692322,3841
147.16878843307495,3840
147.30629014968872,3839
147.44300889968872,3838
147.58000779151917,3837
147.71667551994324,3836
147.85341000556946,3835
147.99074363708496,3834
148.12907028198242,3833
148.26492595672607,3832
148.3998920917511,3831
148.53687953948975,3830
148.67373180389404,3829
148.81021666526794,3828
148.94639015197754,3827
149.08362126350403,3826
149.22121691703796,3825
149.35171556472778,3824
149.48184943199158,3823
149.61751580238342,3822
149.7547903060913,3821
149.89112782478333,3820
150.02743482589722,3819
150.1624174118042,3818
150.29779028892517,3817
150.43132090568542,3816
150.56212949752808,3815
150.6890585422516,3814
150.81718492507935,3813
150.947340965271,3812
151.07846879959106,3811
151.2108108997345,3810
151.3408191204071,3809
151.4674551486969,3808
151.59365820884705,3807
151.7227680683136,3806
151.8521807193756,3805
151.98518323898315,3804
152.12060499191284,3803
152.25755620002747,3802
152.39539647102356,3801
152.53475975990295,3800
152.66923832893372,3799
152.79909682273865,3798
152.9277424812317,3797
153.06026101112366,3796
153.19018721580505,3795
153.32341170310974,3794
153.45695996284485,3793
153.59015774726868,3792
153.7219967842102,3791
153.8565092086792,3790
153.99134945869446,3789
154.124107837677,3788
154.25846028327942,3787
154.3927083015442,3786
154.52554631233215,3785
154.65809607505798,3784
154.79040098190308,3783
154.92286348342896,3782
155.0551836490631,3781
155.18617129325867,3780
155.31733679771423,3779
155.44973635673523,3778
155.58056378364563,3777
155.71014189720154,3776
155.84147596359253,3775
155.97644758224487,3774
156.11255836486816,3773
156.24377822875977,3772
156.37413954734802,3771
156.50268054008484,3770
156.64072108268738,3769
156.78206491470337,3768
156.9241578578949,3767
157.06662130355835,3766
157.2050642967224,3765
157.33662390708923,3764
157.46771430969238,3763
157.60237002372742,3762
157.7351176738739,3761
157.8670449256897,3760
157.99962496757507,3759
158.1311092376709,3758
158.2638692855835,3757
158.39680647850037,3756
158.52869486808777,3755
158.65631747245789,3754
158.78447771072388,3753
158.91468834877014,3752
159.04843711853027,3751
159.18459272384644,3750
159.31345677375793,3749
159.44143176078796,3748
159.56895303726196,3747
159.70056533813477,3746
159.83862018585205,3745
159.97512125968933,3744
160.11075592041016,3743
160.24533414840698,3742
160.37371826171875,3741
160.50151109695435,3740
160.6304051876068,3739
160.7584400177002,3738
160.88790321350098,3737
161.01995253562927,3736
161.15099120140076,3735
161.2790069580078,3734
161.40825247764587,3733
161.5370843410492,3732
161.6675055027008,3731
161.7944347858429,3730
161.92173027992249,3729
162.05262398719788,3728
162.1870903968811,3727
162.32513856887817,3726
162.46029591560364,3725
162.58921146392822,3724
162.71567630767822,3723
162.84493899345398,3722
162.98138070106506,3721
163.11934280395508,3720
163.25580501556396,3719
163.38876748085022,3718
163.52180314064026,3717
163.65395045280457,3716
163.78334379196167,3715
163.91038608551025,3714
164.03546857833862,3713
164.16370749473572,3712
164.2917239665985,3711
164.41956973075867,3710
164.54584670066833,3709
164.67582297325134,3708
164.80842971801758,3707
164.946528673172,3706
165.0885317325592,3705
165.23526859283447,3704
165.38442659378052,3703
165.52526116371155,3702
165.66395115852356,3701
165.81162977218628,3700
165.95470547676086,3699
166.09821581840515,3698
166.24118995666504,3697
166.38010048866272,3696
166.50932240486145,3695
166.63868713378906,3694
166.7684292793274,3693
166.89568066596985,3692
167.02259063720703,3691
167.15022897720337,3690
167.28176164627075,3689
167.41534113883972,3688
167.552387714386,3687
167.69266414642334,3686
167.82584857940674,3685
167.9637143611908,3684
168.10708618164062,3683
168.2547950744629,3682
168.39871072769165,3681
168.53387570381165,3680
168.6694631576538,3679
168.80539655685425,3678
168.9447774887085,3677
169.0806918144226,3676
169.21345019340515,3675
169.34722471237183,3674
169.48271870613098,3673
169.62105202674866,3672
169.7565712928772,3671
169.89486265182495,3670
170.03501772880554,3669
170.17021989822388,3668
170.2992217540741,3667
170.42914724349976,3666
170.55890703201294,3665
170.69011807441711,3664
170.82075357437134,3663
170.95126628875732,3662
171.09022784233093,3661
171.22745966911316,3660
171.36259388923645,3659
171.4935405254364,3658
171.62651753425598,3657
171.76191329956055,3656
171.88877964019775,3655
172.0158133506775,3654
172.14203572273254,3653
172.26631951332092,3652
172.3908452987671,3651
172.51499938964844,3650
172.64051413536072,3649
172.76702117919922,3648
172.89480924606323,3647
173.02606511116028,3646
173.16209530830383,3645
173.30562448501587,3644
173.4494400024414,3643
173.592529296875,3642
173.73425674438477,3641
173.87542128562927,3640
174.0146894454956,3639
174.14961910247803,3638
174.2830774784088,3637
174.41707301139832,3636
174.55060195922852,3635
174.68440508842468,3634
174.8184974193573,3633
174.95216870307922,3632
175.09238719940186,3631
175.23374772071838,3630
175.37708401679993,3629
175.51990699768066,3628
175.66372156143188,3627
175.80872774124146,3626
175.9549219608307,3625
176.10113835334778,3624
176.24780774116516,3623
176.39405965805054,3622
176.53857040405273,3621
176.68717670440674,3620
176.8368833065033,3619
176.98639035224915,3618
177.138165473938,3617
177.2890386581421,3616
177.44204998016357,3615
177.59318375587463,3614
177.7454354763031,3613
177.89286351203918,3612
178.02834367752075,3611
178.16385555267334,3610
178.29612708091736,3609
178.42929339408875,3608
178.56260514259338,3607
178.69659876823425,3606
178.83122992515564,3605
178.9629008769989,3604
179.09083247184753,3603
179.21936345100403,3602
179.34924578666687,3601
179.47815799713135,3600
179.60899329185486,3599
179.73807430267334,3598
179.8650417327881,3597
179.99426221847534,3596
180.12057971954346,3595
180.24931573867798,3594
180.38067936897278,3593
180.5120813846588,3592
180.64323377609253,3591
180.7729926109314,3590
180.90937900543213,3589
181.04567956924438,3588
181.1802282333374,3587
181.31386995315552,3586
181.44498014450073,3585
181.57454562187195,3584
181.70238661766052,3583
181.82974410057068,3582
181.9563286304474,3581
182.08346724510193,3580
182.21064519882202,3579
182.3379831314087,3578
182.46459197998047,3577
182.5948028564453,3576
182.72800207138062,3575
182.86262154579163,3574
182.99728274345398,3573
183.13464617729187,3572
183.26878786087036,3571
183.40430188179016,3570
183.54077768325806,3569
183.67744636535645,3568
183.81500816345215,3567
183.9562497138977,3566
184.09487915039062,3565
184.23407793045044,3564
184.37438035011292,3563
184.51599168777466,3562
184.66741013526917,3561
184.8143379688263,3560
184.96754431724548,3559
185.1209855079651,3558
185.269686460495,3557
185.40539693832397,3556
185.54118585586548,3555
185.68652725219727,3554
185.8331356048584,3553
185.9786732196808,3552
186.12465715408325,3551
186.26556730270386,3550
186.40318298339844,3549
186.53417658805847,3548
186.6693856716156,3547
186.80310034751892,3546
186.9381184577942,3545
187.0744071006775,3544
187.21060752868652,3543
187.34655785560608,3542
187.4808647632599,3541
187.6242446899414,3540
187.76749873161316,3539
187.91049766540527,3538
188.05332207679749,3537
188.1951196193695,3536
188.33529448509216,3535
188.47266006469727,3534
188.6060163974762,3533
188.7393834590912,3532
188.87283372879028,3531
189.00484013557434,3530
189.13700914382935,3529
189.269629240036,3528
189.40332961082458,3527
189.54296922683716,3526
189.68304443359375,3525
189.8244047164917,3524
189.96628403663635,3523
190.10849475860596,3522
190.24305653572083,3521
190.37883257865906,3520
190.51566982269287,3519
190.6525595188141,3518
190.79002285003662,3517
190.9280333518982,3516
191.0670018196106,3515
191.20618391036987,3514
191.3449671268463,3513
191.4833469390869,3512
191.62363409996033,3511
191.76645922660828,3510
191.9092893600464,3509
192.05254483222961,3508
192.18742513656616,3507
192.31843829154968,3506
192.45108580589294,3505
192.5881326198578,3504
192.72251558303833,3503
192.8534255027771,3502
192.97971940040588,3501
193.11074233055115,3500
193.23796105384827,3499
193.3667802810669,3498
193.49583792686462,3497
193.62490010261536,3496
193.75400066375732,3495
193.88149547576904,3494
194.01664662361145,3493
194.15120553970337,3492
194.28548789024353,3491
194.41955995559692,3490
194.55334854125977,3489
194.68579053878784,3488
194.8159167766571,3487
194.94328260421753,3486
195.0706663131714,3485
195.1987762451172,3484
195.32551264762878,3483
195.45276975631714,3482
195.58056831359863,3481
195.7113118171692,3480
195.84464287757874,3479
195.9786093235016,3478
196.11253309249878,3477
196.24632620811462,3476
196.38101601600647,3475
196.51353192329407,3474
196.64738035202026,3473
196.78301429748535,3472
196.924907207489,3471
197.06790971755981,3470
197.20537781715393,3469
197.34255361557007,3468
197.48179697990417,3467
197.63210463523865,3466
197.78394079208374,3465
197.936683177948,3464
198.08994245529175,3463
198.23517608642578,3462
198.37401366233826,3461
198.50242853164673,3460
198.63040709495544,3459
198.76422929763794,3458
198.897691488266,3457
199.02998852729797,3456
199.15696120262146,3455
199.28429436683655,3454
199.4152228832245,3453
199.53864192962646,3452
199.6652889251709,3451
199.79480624198914,3450
199.927663564682,3449
200.06277680397034,3448
200.19219517707825,3447
200.3245620727539,3446
200.456640958786,3445
200.59131050109863,3444
200.73307156562805,3443
200.87331247329712,3442
201.01233315467834,3441
201.14662194252014,3440
201.27654886245728,3439
201.3996148109436,3438
201.52418327331543,3437
201.6498646736145,3436
201.77569389343262,3435
201.90334057807922,3434
202.03122663497925,3433
202.1631531715393,3432
202.29452633857727,3431
202.4288763999939,3430
202.5637276172638,3429
202.69884634017944,3428
202.83227157592773,3427
202.96682906150818,3426
203.10701727867126,3425
203.2489049434662,3424
203.39562129974365,3423
203.54655838012695,3422
203.68982815742493,3421
203.82726216316223,3420
203.9655361175537,3419
204.1138517856598,3418
204.26615834236145,3417
204.41866254806519,3416
204.5664873123169,3415
204.70760679244995,3414
204.83743596076965,3413
204.9663281440735,3412
205.09745240211487,3411
205.23251700401306,3410
205.3640604019165,3409
205.4929220676422,3408
205.6190493106842,3407
205.75048565864563,3406
205.87740850448608,3405
206.00292444229126,3404
206.12974572181702,3403
206.26018929481506,3402
206.39155411720276,3401
206.52645301818848,3400
206.67042779922485,3399
206.8101785182953,3398
206.94390749931335,3397
207.08103466033936,3396
207.22362732887268,3395
207.35647702217102,3394
207.4864628314972,3393
207.61528277397156,3392
207.7412292957306,3391
207.86830163002014,3390
207.99480605125427,3389
208.12246656417847,3388
208.2492003440857,3387
208.38517093658447,3386
208.5131847858429,3385
208.6436767578125,3384
208.77916264533997,3383
208.91927766799927,3382
704.787017583847,3381
