0.7206008434295654,4897
0.8534145355224609,4896
0.9855492115020752,4895
1.1172888278961182,4894
1.2490365505218506,4893
1.3809888362884521,4892
1.5123746395111084,4891
1.6442766189575195,4890
1.776839256286621,4889
1.9076259136199951,4888
2.0420844554901123,4887
2.1769518852233887,4886
2.3100500106811523,4885
2.4381279945373535,4884
2.5739810466766357,4883
2.7007734775543213,4882
2.826284885406494,4881
2.9536757469177246,4880
3.081033945083618,4879
3.208766222000122,4878
3.3358068466186523,4877
3.4634997844696045,4876
3.5909030437469482,4875
3.7185635566711426,4874
3.8484842777252197,4873
3.983151912689209,4872
4.127582788467407,4871
4.2745959758758545,4870
4.422506809234619,4869
4.5706377029418945,4868
4.719626426696777,4867
4.869961977005005,4866
5.017768859863281,4865
5.165589094161987,4864
5.314584493637085,4863
5.463073253631592,4862
5.610671281814575,4861
5.7585954666137695,4860
5.907226800918579,4859
6.056415557861328,4858
6.204017639160156,4857
6.352009534835815,4856
6.501348257064819,4855
6.650336265563965,4854
6.797855615615845,4853
6.945727586746216,4852
7.094825029373169,4851
7.243289232254028,4850
7.391118764877319,4849
7.538390159606934,4848
7.686899423599243,4847
7.831494569778442,4846
7.979164123535156,4845
8.12756085395813,4844
8.27548360824585,4843
8.424452781677246,4842
8.57281231880188,4841
8.72077465057373,4840
8.869349956512451,4839
9.018268585205078,4838
9.16673755645752,4837
9.314405679702759,4836
9.461578607559204,4835
9.608964204788208,4834
9.756257772445679,4833
9.8980553150177,4832
10.035115003585815,4831
10.167179584503174,4830
10.297471284866333,4829
10.42756199836731,4828
10.557738780975342,4827
10.689872980117798,4826
10.829017639160156,4825
10.96637225151062,4824
11.097625017166138,4823
11.231143712997437,4822
11.364326238632202,4821
11.497183799743652,4820
11.630591869354248,4819
11.764083623886108,4818
11.897388458251953,4817
12.030593156814575,4816
12.165345907211304,4815
12.299568891525269,4814
12.430497884750366,4813
12.562061071395874,4812
12.692075252532959,4811
12.822678804397583,4810
12.952104330062866,4809
13.080274105072021,4808
13.210619449615479,4807
13.34101915359497,4806
13.471127271652222,4805
13.601258516311646,4804
13.729677438735962,4803
13.860990285873413,4802
13.997665643692017,4801
14.133465051651001,4800
14.26908826828003,4799
14.40330457687378,4798
14.536239385604858,4797
14.667799949645996,4796
14.800511837005615,4795
14.932395219802856,4794
15.067566633224487,4793
15.205362319946289,4792
15.339765071868896,4791
15.472658395767212,4790
15.606835126876831,4789
15.744316577911377,4788
15.881511449813843,4787
16.015366077423096,4786
16.150327920913696,4785
16.287083625793457,4784
16.42483687400818,4783
16.55956792831421,4782
16.693766832351685,4781
16.832276582717896,4780
16.975454807281494,4779
17.121206760406494,4778
17.257684469223022,4777
17.39476776123047,4776
17.53189444541931,4775
17.668100357055664,4774
17.804088830947876,4773
17.940994024276733,4772
18.07621121406555,4771
18.21086835861206,4770
18.345510482788086,4769
18.491770029067993,4768
18.631528854370117,4767
18.76448917388916,4766
18.89736771583557,4765
19.03017282485962,4764
19.16365647315979,4763
19.296838998794556,4762
19.42987871170044,4761
19.562057495117188,4760
19.695202827453613,4759
19.833166360855103,4758
19.977449893951416,4757
20.12515115737915,4756
20.27304172515869,4755
20.421533584594727,4754
20.56944227218628,4753
20.71695065498352,4752
20.864513158798218,4751
21.012573719024658,4750
21.159531593322754,4749
21.303813695907593,4748
21.440526723861694,4747
21.577080965042114,4746
21.713590145111084,4745
21.850051403045654,4744
21.9860680103302,4743
22.122105360031128,4742
22.258325815200806,4741
22.394104719161987,4740
22.52923560142517,4739
22.66533064842224,4738
22.800991535186768,4737
22.937718868255615,4736
23.073481559753418,4735
23.209545373916626,4734
23.34308409690857,4733
23.478426456451416,4732
23.61609196662903,4731
23.756125926971436,4730
23.89279055595398,4729
24.02979612350464,4728
24.166755199432373,4727
24.304088592529297,4726
24.440582752227783,4725
24.57714009284973,4724
24.714625358581543,4723
24.85157036781311,4722
24.987778186798096,4721
25.123703479766846,4720
25.2561674118042,4719
25.387338638305664,4718
25.518337726593018,4717
25.654766082763672,4716
25.791515111923218,4715
25.9301495552063,4714
26.068612575531006,4713
26.204926013946533,4712
26.33817720413208,4711
26.474311351776123,4710
26.610635995864868,4709
26.7456157207489,4708
26.879560947418213,4707
27.016241550445557,4706
27.15222191810608,4705
27.28812575340271,4704
27.41759204864502,4703
27.550623893737793,4702
27.681185007095337,4701
27.809166431427002,4700
27.93756675720215,4699
28.06778621673584,4698
28.201701879501343,4697
28.332717180252075,4696
28.462499141693115,4695
28.59260869026184,4694
28.72251534461975,4693
28.852880239486694,4692
28.98392152786255,4691
29.115312576293945,4690
29.249997854232788,4689
29.38448977470398,4688
29.518950700759888,4687
29.653237104415894,4686
29.78702974319458,4685
29.923520803451538,4684
30.060361623764038,4683
30.19650888442993,4682
30.332590341567993,4681
30.469727993011475,4680
30.608036994934082,4679
30.744762897491455,4678
30.881433486938477,4677
31.018486499786377,4676
31.158406496047974,4675
31.301140308380127,4674
31.448320627212524,4673
31.59569001197815,4672
31.744091033935547,4671
31.892938137054443,4670
32.04076337814331,4669
32.1877760887146,4668
32.33518123626709,4667
32.48204946517944,4666
32.6244158744812,4665
32.76214814186096,4664
32.899226665496826,4663
33.03682208061218,4662
33.17399048805237,4661
33.310293674468994,4660
33.4446496963501,4659
33.579954624176025,4658
33.71608901023865,4657
33.852224349975586,4656
33.99000144004822,4655
34.12662363052368,4654
34.2627739906311,4653
34.399758100509644,4652
34.535802364349365,4651
34.672669887542725,4650
34.809813261032104,4649
34.94774341583252,4648
35.08525228500366,4647
35.22302174568176,4646
35.36136484146118,4645
35.49930715560913,4644
35.63684058189392,4643
35.774271726608276,4642
35.91212201118469,4641
36.050384521484375,4640
36.18794322013855,4639
36.32346534729004,4638
36.457494497299194,4637
36.59295582771301,4636
36.72290849685669,4635
36.85468101501465,4634
36.9860053062439,4633
37.11455464363098,4632
37.242377519607544,4631
37.36972236633301,4630
37.49748420715332,4629
37.629382848739624,4628
37.763673067092896,4627
37.9009268283844,4626
38.038947105407715,4625
38.178953647613525,4624
38.32119941711426,4623
38.45888543128967,4622
38.58869552612305,4621
38.7206392288208,4620
38.85440969467163,4619
38.988372564315796,4618
39.11776566505432,4617
39.24702072143555,4616
39.377476930618286,4615
39.50934410095215,4614
39.640153646469116,4613
39.77106332778931,4612
39.902600049972534,4611
40.03556728363037,4610
40.16869235038757,4609
40.301990270614624,4608
40.43542408943176,4607
40.56941318511963,4606
40.70346975326538,4605
40.83656191825867,4604
40.97016358375549,4603
41.10418105125427,4602
41.243852615356445,4601
41.37659955024719,4600
41.50967788696289,4599
41.64319896697998,4598
41.776739835739136,4597
41.910476207733154,4596
42.04330897331238,4595
42.176076889038086,4594
42.30988836288452,4593
42.44332814216614,4592
42.57483506202698,4591
42.7068555355072,4590
42.84079051017761,4589
42.97355103492737,4588
43.104196071624756,4587
43.237221002578735,4586
43.371609926223755,4585
43.50755190849304,4584
43.64198851585388,4583
43.77700757980347,4582
43.90473794937134,4581
44.03467559814453,4580
44.16445446014404,4579
44.29254722595215,4578
44.421013832092285,4577
44.5509352684021,4576
44.68362641334534,4575
44.81661057472229,4574
44.95095753669739,4573
45.087082862854004,4572
45.215511083602905,4571
45.345253705978394,4570
45.47484254837036,4569
45.60270094871521,4568
45.730860471725464,4567
45.86216688156128,4566
45.996652126312256,4565
46.13058686256409,4564
46.26948928833008,4563
46.408297061920166,4562
46.54267978668213,4561
46.670193672180176,4560
46.798643589019775,4559
46.926419258117676,4558
47.05336022377014,4557
47.1826229095459,4556
47.31522488594055,4555
47.45854139328003,4554
47.596861839294434,4553
47.73764133453369,4552
47.876073360443115,4551
48.004303216934204,4550
48.131935358047485,4549
48.259326219558716,4548
48.38482713699341,4547
48.511775970458984,4546
48.64587903022766,4545
48.78229284286499,4544
48.921457052230835,4543
49.065141916275024,4542
49.21190786361694,4541
49.35707902908325,4540
49.49292039871216,4539
49.6318039894104,4538
49.77312636375427,4537
49.91142988204956,4536
50.05124855041504,4535
50.19797873497009,4534
50.34108924865723,4533
50.47458028793335,4532
50.60939574241638,4531
50.7452507019043,4530
50.87517476081848,4529
51.00287127494812,4528
51.13110828399658,4527
51.25988841056824,4526
51.39410448074341,4525
51.531678676605225,4524
51.67312955856323,4523
51.8192400932312,4522
51.96087384223938,4521
52.106884717941284,4520
52.240676403045654,4519
52.36825251579285,4518
52.49693417549133,4517
52.625038862228394,4516
52.75155830383301,4515
52.87844634056091,4514
53.01040697097778,4513
53.14533281326294,4512
53.27871894836426,4511
53.41479182243347,4510
53.54420518875122,4509
53.671658754348755,4508
53.79868793487549,4507
53.92536950111389,4506
54.05177092552185,4505
54.180325746536255,4504
54.31270480155945,4503
54.44777274131775,4502
54.58450937271118,4501
54.726743936538696,4500
54.862534046173096,4499
54.994706869125366,4498
55.126118659973145,4497
55.25296926498413,4496
55.37741661071777,4495
55.505045652389526,4494
55.6355345249176,4493
55.76840853691101,4492
55.899497270584106,4491
56.039514780044556,4490
56.17467784881592,4489
56.307714223861694,4488
56.44278001785278,4487
56.577733516693115,4486
56.71136260032654,4485
56.847697257995605,4484
56.989741563797,4483
57.13709497451782,4482
57.282480239868164,4481
57.431880712509155,4480
57.57744026184082,4479
57.71761083602905,4478
57.85952115058899,4477
57.991756439208984,4476
58.11863899230957,4475
58.24652695655823,4474
58.378437519073486,4473
58.521950244903564,4472
58.6597466468811,4471
58.795045614242554,4470
58.92770266532898,4469
59.05629324913025,4468
59.18499779701233,4467
59.31024670600891,4466
59.43588185310364,4465
59.5640172958374,4464
59.69509792327881,4463
59.82940697669983,4462
59.961371183395386,4461
60.0989453792572,4460
60.237553119659424,4459
60.37088084220886,4458
60.50417613983154,4457
60.63680720329285,4456
60.76485586166382,4455
60.8907949924469,4454
61.01946425437927,4453
61.1525776386261,4452
61.28303670883179,4451
61.41776084899902,4450
61.54832696914673,4449
61.679864168167114,4448
61.81342077255249,4447
61.9481315612793,4446
62.082024812698364,4445
62.21606659889221,4444
62.35509753227234,4443
62.5002543926239,4442
62.644837617874146,4441
62.7917046546936,4440
62.938629150390625,4439
63.07746076583862,4438
63.2190945148468,4437
63.3612117767334,4436
63.50026726722717,4435
63.637866497039795,4434
63.770607709884644,4433
63.90984487533569,4432
64.05117726325989,4431
64.19174289703369,4430
64.33145904541016,4429
64.46450066566467,4428
64.59627199172974,4427
64.72218441963196,4426
64.84903454780579,4425
64.97526669502258,4424
65.10641407966614,4423
65.24111413955688,4422
65.37371134757996,4421
65.51032638549805,4420
65.64925074577332,4419
65.78160262107849,4418
65.91435313224792,4417
66.04896354675293,4416
66.17749428749084,4415
66.30337238311768,4414
66.43157625198364,4413
66.56396460533142,4412
66.69537544250488,4411
66.822261095047,4410
66.94944381713867,4409
67.08059930801392,4408
67.21338748931885,4407
67.34671425819397,4406
67.48135781288147,4405
67.61637878417969,4404
67.75273513793945,4403
67.88770318031311,4402
68.03450155258179,4401
68.1747477054596,4400
68.30943822860718,4399
68.44488859176636,4398
68.58088541030884,4397
68.71727538108826,4396
68.85404562950134,4395
68.98281073570251,4394
69.10845065116882,4393
69.23245167732239,4392
69.35907745361328,4391
69.49246454238892,4390
69.62824487686157,4389
69.7642560005188,4388
69.90025043487549,4387
70.03707337379456,4386
70.17294430732727,4385
70.30852437019348,4384
70.44439578056335,4383
70.58084011077881,4382
70.71724224090576,4381
70.85288000106812,4380
70.98804092407227,4379
71.12092709541321,4378
71.27037072181702,4377
71.40494775772095,4376
71.53653359413147,4375
71.66822910308838,4374
71.80080676078796,4373
71.93348526954651,4372
72.06554913520813,4371
72.19752717018127,4370
72.32942247390747,4369
72.46265745162964,4368
72.59912705421448,4367
72.7420403957367,4366
72.88829517364502,4365
73.03557872772217,4364
73.18325281143188,4363
73.3298397064209,4362
73.47630453109741,4361
73.62338829040527,4360
73.77095794677734,4359
73.91788291931152,4358
74.06438660621643,4357
74.21129822731018,4356
74.35858106613159,4355
74.50231385231018,4354
74.64736747741699,4353
74.78923392295837,4352
74.92545318603516,4351
75.06116724014282,4350
75.19698429107666,4349
75.33285403251648,4348
75.4686050415039,4347
75.60494947433472,4346
75.74069690704346,4345
75.87639832496643,4344
76.01292037963867,4343
76.14970850944519,4342
76.28589248657227,4341
76.42213296890259,4340
76.55867195129395,4339
76.6957893371582,4338
76.83219695091248,4337
76.96826910972595,4336
77.10486006736755,4335
77.24473762512207,4334
77.38114881515503,4333
77.51665496826172,4332
77.65207076072693,4331
77.78818130493164,4330
77.92529010772705,4329
78.06140899658203,4328
78.19148445129395,4327
78.3200318813324,4326
78.44888663291931,4325
78.57921099662781,4324
78.7107675075531,4323
78.84470224380493,4322
78.97851896286011,4321
79.11341214179993,4320
79.24567675590515,4319
79.37776374816895,4318
79.50555157661438,4317
79.63531613349915,4316
79.76353478431702,4315
79.89416456222534,4314
80.02677965164185,4313
80.16123938560486,4312
80.2914206981659,4311
80.42353320121765,4310
80.55514907836914,4309
80.68314218521118,4308
80.81461811065674,4307
80.94750332832336,4306
81.08335041999817,4305
81.21956944465637,4304
81.35492753982544,4303
81.49036264419556,4302
81.62599849700928,4301
81.76198220252991,4300
81.89888167381287,4299
82.03480935096741,4298
82.17166328430176,4297
82.30947661399841,4296
82.44724225997925,4295
82.58437943458557,4294
82.72076058387756,4293
82.85542607307434,4292
82.99130010604858,4291
83.12722039222717,4290
83.26301789283752,4289
83.39857196807861,4288
83.53628516197205,4287
83.67257356643677,4286
83.80814909934998,4285
83.94542264938354,4284
84.08317446708679,4283
84.22525477409363,4282
84.37092685699463,4281
84.5170967578888,4280
84.66441488265991,4279
84.80920147895813,4278
84.95406532287598,4277
85.10029983520508,4276
85.24740648269653,4275
85.3949601650238,4274
85.5420434474945,4273
85.6884925365448,4272
85.83480453491211,4271
85.98243045806885,4270
86.13006258010864,4269
86.2762041091919,4268
86.4166612625122,4267
86.55270075798035,4266
86.68886208534241,4265
86.82473301887512,4264
86.95973587036133,4263
87.09494924545288,4262
87.23096752166748,4261
87.3665063381195,4260
87.50199580192566,4259
87.63739371299744,4258
87.77353048324585,4257
87.90995836257935,4256
88.04524660110474,4255
88.18122267723083,4254
88.31675434112549,4253
88.45315456390381,4252
88.58966183662415,4251
88.72671055793762,4250
88.86423826217651,4249
89.00021457672119,4248
89.13658952713013,4247
89.27226829528809,4246
89.40752124786377,4245
89.54329442977905,4244
89.6770088672638,4243
89.8054404258728,4242
89.93233442306519,4241
90.06027245521545,4240
90.19024729728699,4239
90.32775163650513,4238
90.46631336212158,4237
90.60320591926575,4236
90.7356469631195,4235
90.86834120750427,4234
91.0002429485321,4233
91.13309907913208,4232
91.26458239555359,4231
91.39690589904785,4230
91.52993488311768,4229
91.6627254486084,4228
91.79565954208374,4227
91.92734265327454,4226
92.06072115898132,4225
92.1916241645813,4224
92.31972408294678,4223
92.44706559181213,4222
92.57468867301941,4221
92.70310473442078,4220
92.83081483840942,4219
92.95743250846863,4218
93.08591556549072,4217
93.21754026412964,4216
93.35101056098938,4215
93.4840202331543,4214
93.62003827095032,4213
93.74852085113525,4212
93.87718772888184,4211
94.00603365898132,4210
94.13362550735474,4209
94.26103210449219,4208
94.3901686668396,4207
94.52298188209534,4206
94.65813684463501,4205
94.79269433021545,4204
94.92652630805969,4203
95.05378103256226,4202
95.18325638771057,4201
95.31408929824829,4200
95.44240498542786,4199
95.56929898262024,4198
95.69650316238403,4197
95.82837843894958,4196
95.96320056915283,4195
96.09574389457703,4194
96.22756886482239,4193
96.35372138023376,4192
96.48597741127014,4191
96.62166690826416,4190
96.74861407279968,4189
96.87566423416138,4188
97.00548148155212,4187
97.13910150527954,4186
97.27109408378601,4185
97.40590357780457,4184
97.5384750366211,4183
97.66659188270569,4182
97.79556202888489,4181
97.92410731315613,4180
98.05302786827087,4179
98.18599081039429,4178
98.3248438835144,4177
98.46856546401978,4176
98.60888743400574,4175
98.75200963020325,4174
98.89323616027832,4173
99.02757859230042,4172
99.16282272338867,4171
99.2981128692627,4170
99.43090534210205,4169
99.56594800949097,4168
99.70609498023987,4167
99.84996366500854,4166
99.98789262771606,4165
100.13096308708191,4164
100.27137923240662,4163
100.40609836578369,4162
100.54178142547607,4161
100.67680597305298,4160
100.80999612808228,4159
100.94027066230774,4158
101.07145738601685,4157
101.2062406539917,4156
101.33905553817749,4155
101.47478556632996,4154
101.60609793663025,4153
101.73423719406128,4152
101.86335229873657,4151
101.99119281768799,4150
102.11802101135254,4149
102.24706649780273,4148
102.37851595878601,4147
102.51316428184509,4146
102.64486074447632,4145
102.78008151054382,4144
102.90977478027344,4143
103.03828382492065,4142
103.16754245758057,4141
103.29542684555054,4140
103.42193937301636,4139
103.550302028656,4138
103.6824598312378,4137
103.81860041618347,4136
103.95159554481506,4135
104.0891227722168,4134
104.2192018032074,4133
104.34937763214111,4132
104.48051404953003,4131
104.6056740283966,4130
104.73100852966309,4129
104.86082315444946,4128
104.99181008338928,4127
105.12926292419434,4126
105.26358819007874,4125
105.39854192733765,4124
105.52512526512146,4123
105.6516056060791,4122
105.7782940864563,4121
105.90610480308533,4120
106.03666257858276,4119
106.17209672927856,4118
106.31313729286194,4117
106.46016430854797,4116
106.60375046730042,4115
106.75294709205627,4114
106.88762784004211,4113
107.01530432701111,4112
107.14427542686462,4111
107.27217698097229,4110
107.39921355247498,4109
107.5280179977417,4108
107.65954542160034,4107
107.79381823539734,4106
107.92746138572693,4105
108.06343841552734,4104
108.1914553642273,4103
108.32152342796326,4102
108.4541757106781,4101
108.58459877967834,4100
108.71402883529663,4099
108.8460202217102,4098
108.98233103752136,4097
109.12213969230652,4096
109.25877022743225,4095
109.39762830734253,4094
109.52985048294067,4093
109.66171526908875,4092
109.79457807540894,4091
109.92467379570007,4090
110.05411148071289,4089
110.1839599609375,4088
110.32081079483032,4087
110.46138095855713,4086
110.59768843650818,4085
110.73666644096375,4084
110.86903309822083,4083
111.0012059211731,4082
111.1334638595581,4081
111.26414132118225,4080
111.39355134963989,4079
111.52545976638794,4078
111.65871953964233,4077
111.7943160533905,4076
111.92714881896973,4075
112.06319975852966,4074
112.19429636001587,4073
112.32244873046875,4072
112.4519271850586,4071
112.58041477203369,4070
112.70694875717163,4069
112.83533525466919,4068
112.96707487106323,4067
113.10131120681763,4066
113.2344114780426,4065
113.37075185775757,4064
113.50071740150452,4063
113.62907600402832,4062
113.75853109359741,4061
113.88632583618164,4060
114.01298999786377,4059
114.14058136940002,4058
114.27212309837341,4057
114.40654373168945,4056
114.53989911079407,4055
114.67401576042175,4054
114.8019666671753,4053
114.92726635932922,4052
115.05514812469482,4051
115.18110275268555,4050
115.30755829811096,4049
115.43690705299377,4048
115.57395815849304,4047
115.71552443504333,4046
115.85381698608398,4045
115.98854160308838,4044
116.12071537971497,4043
116.24620413780212,4042
116.3729305267334,4041
116.49893355369568,4040
116.62505602836609,4039
116.7552101612091,4038
116.88908386230469,4037
117.02832913398743,4036
117.17127704620361,4035
117.30682587623596,4034
117.44333267211914,4033
117.58062863349915,4032
117.71854019165039,4031
117.85696697235107,4030
117.99709367752075,4029
118.13790345191956,4028
118.27252650260925,4027
118.3996012210846,4026
118.53194522857666,4025
118.66775560379028,4024
118.80215954780579,4023
118.93655037879944,4022
119.07088971138,4021
119.21304440498352,4020
119.36110734939575,4019
119.50801157951355,4018
119.65461993217468,4017
119.79824924468994,4016
119.94597125053406,4015
120.09342122077942,4014
120.22635817527771,4013
120.36114120483398,4012
120.49601292610168,4011
120.63133955001831,4010
120.76578664779663,4009
120.90194010734558,4008
121.03720021247864,4007
121.17360806465149,4006
121.30860495567322,4005
121.44361662864685,4004
121.57775163650513,4003
121.71239066123962,4002
121.84556078910828,4001
121.97355365753174,4000
122.1015567779541,3999
122.23016428947449,3998
122.35780715942383,3997
122.49100184440613,3996
122.62329173088074,3995
122.75517058372498,3994
122.88589143753052,3993
123.02031469345093,3992
123.1546573638916,3991
123.28871130943298,3990
123.42183423042297,3989
123.55562257766724,3988
123.68948340415955,3987
123.8300244808197,3986
123.9722638130188,3985
124.11479210853577,3984
124.25889611244202,3983
124.4032998085022,3982
124.5492594242096,3981
124.69670295715332,3980
124.84331679344177,3979
124.99078702926636,3978
125.13936018943787,3977
125.28524899482727,3976
125.43532919883728,3975
125.58603358268738,3974
125.7383828163147,3973
125.89042687416077,3972
126.03760647773743,3971
126.17324709892273,3970
126.30738306045532,3969
126.44104552268982,3968
126.56818079948425,3967
126.70067811012268,3966
126.83542585372925,3965
126.9656925201416,3964
127.09347033500671,3963
127.22238397598267,3962
127.35095548629761,3961
127.47941136360168,3960
127.61076068878174,3959
127.74532842636108,3958
127.87978148460388,3957
128.01488828659058,3956
128.15096187591553,3955
128.28744626045227,3954
128.4241065979004,3953
128.56306910514832,3952
128.7051682472229,3951
128.84754467010498,3950
128.98927235603333,3949
129.12929964065552,3948
129.26657032966614,3947
129.40009784698486,3946
129.53374314308167,3945
129.66790795326233,3944
129.8011703491211,3943
129.93481349945068,3942
130.06883454322815,3941
130.21063876152039,3940
130.35017800331116,3939
130.4919912815094,3938
130.6362361907959,3937
130.7823600769043,3936
130.92668509483337,3935
131.06227493286133,3934
131.1987018585205,3933
131.33647847175598,3932
131.47516560554504,3931
131.6135013103485,3930
131.75283026695251,3929
131.89333605766296,3928
132.03449273109436,3927
132.19144892692566,3926
132.3309223651886,3925
132.4673833847046,3924
132.60380625724792,3923
132.74170398712158,3922
132.8828046321869,3921
133.01990056037903,3920
133.16075134277344,3919
133.2992296218872,3918
133.4314522743225,3917
133.56607103347778,3916
133.70029163360596,3915
133.8372344970703,3914
133.97352957725525,3913
134.10919070243835,3912
134.24543166160583,3911
134.3882851600647,3910
134.53039979934692,3909
134.67033910751343,3908
134.8089017868042,3907
134.94738674163818,3906
135.0829508304596,3905
135.2166712284088,3904
135.35016918182373,3903
135.478444814682,3902
135.60233449935913,3901
135.72882103919983,3900
135.8565673828125,3899
135.98725175857544,3898
136.1187937259674,3897
136.2514443397522,3896
136.38466954231262,3895
136.5180160999298,3894
136.6647777557373,3893
136.81142282485962,3892
136.9582667350769,3891
137.106351852417,3890
137.25533318519592,3889
137.40497660636902,3888
137.55587005615234,3887
137.7066149711609,3886
137.85792899131775,3885
138.00989866256714,3884
138.15505027770996,3883
138.29062008857727,3882
138.43068504333496,3881
138.57422924041748,3880
138.71682620048523,3879
138.85167908668518,3878
138.98500967025757,3877
139.11921048164368,3876
139.25485801696777,3875
139.39083576202393,3874
139.52658867835999,3873
139.66146063804626,3872
139.80028438568115,3871
139.942688703537,3870
140.0826437473297,3869
140.21406388282776,3868
140.34386134147644,3867
140.47208619117737,3866
140.59868955612183,3865
140.72311425209045,3864
140.84826016426086,3863
140.97395133972168,3862
141.10052943229675,3861
141.2314703464508,3860
141.37288165092468,3859
141.5141146183014,3858
141.6575744152069,3857
141.80200147628784,3856
141.94667649269104,3855
142.09208917617798,3854
142.23942160606384,3853
142.38781666755676,3852
142.53613829612732,3851
142.68506574630737,3850
142.83554005622864,3849
142.98707032203674,3848
143.13898634910583,3847
143.2911558151245,3846
143.44451546669006,3845
143.5990219116211,3844
143.75088810920715,3843
143.88672924041748,3842
144.02467441558838,3841
144.16858339309692,3840
144.3119068145752,3839
144.44996738433838,3838
144.58236408233643,3837
144.71738862991333,3836
144.84816932678223,3835
144.9763479232788,3834
145.10413765907288,3833
145.23221492767334,3832
145.36109733581543,3831
145.49402499198914,3830
145.62654423713684,3829
145.7577679157257,3828
145.88819098472595,3827
146.0219850540161,3826
146.15549659729004,3825
146.28896141052246,3824
146.42233896255493,3823
146.55538511276245,3822
146.6892740726471,3821
146.82333612442017,3820
146.96274542808533,3819
147.1039800643921,3818
147.24629759788513,3817
147.38951778411865,3816
147.53293633460999,3815
147.678231716156,3814
147.82422518730164,3813
147.97056078910828,3812
148.11801409721375,3811
148.26560425758362,3810
148.4144036769867,3809
148.56378626823425,3808
148.7132649421692,3807
148.86121368408203,3806
149.0127501487732,3805
149.16420316696167,3804
149.3161747455597,3803
149.45399475097656,3802
149.5811562538147,3801
149.71271562576294,3800
149.84537196159363,3799
149.97671604156494,3798
150.1021523475647,3797
150.22885584831238,3796
150.35496926307678,3795
150.48334789276123,3794
150.61655259132385,3793
150.7528359889984,3792
150.88694739341736,3791
151.02919960021973,3790
151.1718373298645,3789
151.31135368347168,3788
151.4496967792511,3787
151.5885853767395,3786
151.72471380233765,3785
151.858478307724,3784
151.9912133216858,3783
152.12484002113342,3782
152.25781655311584,3781
152.3920977115631,3780
152.5277988910675,3779
152.66811275482178,3778
152.80935287475586,3777
152.95262575149536,3776
153.09749126434326,3775
153.24184322357178,3774
153.38722825050354,3773
153.53382539749146,3772
153.68189668655396,3771
153.82991671562195,3770
153.9780867099762,3769
154.1190493106842,3768
154.25803303718567,3767
154.397114276886,3766
154.53619861602783,3765
154.67642283439636,3764
154.81705164909363,3763
154.94502925872803,3762
155.07288765907288,3761
155.21249151229858,3760
155.35609579086304,3759
155.49624228477478,3758
155.62863087654114,3757
155.7632393836975,3756
155.89738249778748,3755
156.0339834690094,3754
156.1695899963379,3753
156.30526566505432,3752
156.44083905220032,3751
156.5811951160431,3750
156.7240810394287,3749
156.8653428554535,3748
157.00533270835876,3747
157.14318752288818,3746
157.27749013900757,3745
157.41075158119202,3744
157.54438948631287,3743
157.67725896835327,3742
157.81085896492004,3741
157.9450078010559,3740
158.08584451675415,3739
158.2269480228424,3738
158.36900424957275,3737
158.51157307624817,3736
158.64483880996704,3735
158.77891659736633,3734
158.91380214691162,3733
159.04911136627197,3732
159.185804605484,3731
159.3227128982544,3730
159.4600386619568,3729
159.598388671875,3728
159.75031304359436,3727
159.90146470069885,3726
160.05341267585754,3725
160.20198845863342,3724
160.3374137878418,3723
160.47503900527954,3722
160.6183066368103,3721
160.75975513458252,3720
160.89446663856506,3719
161.0268096923828,3718
161.16012120246887,3717
161.29397869110107,3716
161.42926597595215,3715
161.56230449676514,3714
161.69659423828125,3713
161.83274173736572,3712
161.9726438522339,3711
162.11226177215576,3710
162.25171375274658,3709
162.39061093330383,3708
162.52700805664062,3707
162.65948009490967,3706
162.79153394699097,3705
162.9242115020752,3704
163.0519368648529,3703
163.17663311958313,3702
163.30149602890015,3701
163.42927050590515,3700
163.5591127872467,3699
163.68981003761292,3698
163.82066464424133,3697
163.9521701335907,3696
164.08501887321472,3695
164.2193329334259,3694
164.3553740978241,3693
164.49161314964294,3692
164.64007115364075,3691
164.7866988182068,3690
164.92480325698853,3689
165.07384204864502,3688
165.22561240196228,3687
165.37069058418274,3686
165.51679158210754,3685
165.64423632621765,3684
165.7745122909546,3683
165.90286540985107,3682
166.0284662246704,3681
166.15519070625305,3680
166.28486442565918,3679
166.41479182243347,3678
166.54312324523926,3677
166.66867017745972,3676
166.79728364944458,3675
166.92513465881348,3674
167.05544257164001,3673
167.18389296531677,3672
167.31218433380127,3671
167.4401650428772,3670
167.5718650817871,3669
167.69302797317505,3668
167.82345414161682,3667
167.94068670272827,3666
168.05829429626465,3665
168.17731833457947,3664
168.295978307724,3663
168.4150869846344,3662
168.53399753570557,3661
168.65494918823242,3660
168.77913069725037,3659
168.9068260192871,3658
169.0395896434784,3657
169.1748480796814,3656
169.32051968574524,3655
169.466655254364,3654
169.61255407333374,3653
169.75779819488525,3652
169.90246772766113,3651
170.04808044433594,3650
170.19315266609192,3649
170.33799505233765,3648
170.4837827682495,3647
170.62854743003845,3646
170.7729992866516,3645
170.91865968704224,3644
171.06346535682678,3643
171.20775365829468,3642
171.3519687652588,3641
171.4966914653778,3640
171.6401436328888,3639
171.7842402458191,3638
171.92865872383118,3637
172.07321691513062,3636
172.21721482276917,3635
172.36128997802734,3634
172.5051920413971,3633
172.64883708953857,3632
172.79294061660767,3631
172.93825507164001,3630
173.0842101573944,3629
173.23039937019348,3628
173.37595224380493,3627
173.52027487754822,3626
173.6662118434906,3625
173.80908823013306,3624
173.95320987701416,3623
174.09831857681274,3622
174.24319338798523,3621
174.38880157470703,3620
174.53564739227295,3619
174.68089318275452,3618
174.81909823417664,3617
174.9532434940338,3616
175.08569955825806,3615
175.21450233459473,3614
175.3422145843506,3613
175.47002172470093,3612
175.59832572937012,3611
175.73535680770874,3610
175.87226271629333,3609
176.00441002845764,3608
176.13775491714478,3607
176.26822113990784,3606
176.4006485939026,3605
176.53255248069763,3604
176.66367745399475,3603
176.79524850845337,3602
176.9271695613861,3601
177.05930185317993,3600
177.18998074531555,3599
177.31700897216797,3598
177.4478313922882,3597
177.57629704475403,3596
177.70381045341492,3595
177.83116173744202,3594
177.95837020874023,3593
178.08633494377136,3592
178.21409511566162,3591
178.3414421081543,3590
178.46912026405334,3589
178.5960066318512,3588
178.7237377166748,3587
178.85267901420593,3586
178.9830448627472,3585
179.1156153678894,3584
179.24844884872437,3583
179.37897777557373,3582
179.50834560394287,3581
179.63881134986877,3580
179.76410245895386,3579
179.89210176467896,3578
180.02246236801147,3577
180.15286231040955,3576
180.28316116333008,3575
180.41513586044312,3574
180.54697918891907,3573
180.67843413352966,3572
180.81277441978455,3571
180.9452908039093,3570
181.08306622505188,3569
181.22440767288208,3568
181.37047362327576,3567
181.51509761810303,3566
181.6603705883026,3565
181.8044834136963,3564
181.94993829727173,3563
182.09376668930054,3562
182.23897862434387,3561
182.38404440879822,3560
182.52853178977966,3559
182.6731722354889,3558
182.81674814224243,3557
182.96121907234192,3556
183.10495519638062,3555
183.2486298084259,3554
183.39256739616394,3553
183.53693103790283,3552
183.6811819076538,3551
183.82493448257446,3550
183.968731880188,3549
184.10884523391724,3548
184.2522509098053,3547
184.3972361087799,3546
184.5433487892151,3545
184.68887734413147,3544
184.83313632011414,3543
184.97882890701294,3542
185.12495875358582,3541
185.27079939842224,3540
185.4156060218811,3539
185.56058073043823,3538
185.70696830749512,3537
185.85279726982117,3536
185.99811792373657,3535
186.14312648773193,3534
186.28873205184937,3533
186.43464469909668,3532
186.58035278320312,3531
186.72490096092224,3530
186.85962295532227,3529
186.9939329624176,3528
187.126695394516,3527
187.2550163269043,3526
187.38265371322632,3525
187.51039052009583,3524
187.63956880569458,3523
187.7775273323059,3522
187.91122150421143,3521
188.04500460624695,3520
188.17788672447205,3519
188.3094780445099,3518
188.44171810150146,3517
188.57319450378418,3516
188.70438623428345,3515
188.8361999988556,3514
188.96809244155884,3513
189.1005187034607,3512
189.22966933250427,3511
189.35611963272095,3510
189.48544335365295,3509
189.61359357833862,3508
189.7405276298523,3507
189.86759638786316,3506
189.9949381351471,3505
190.1227262020111,3504
190.24988842010498,3503
190.37664556503296,3502
190.50403833389282,3501
190.63201665878296,3500
190.7601912021637,3499
190.8938398361206,3498
191.02739191055298,3497
191.16123723983765,3496
191.2965223789215,3495
191.4299819469452,3494
191.56262302398682,3493
191.69594860076904,3492
191.83075976371765,3491
191.96383476257324,3490
192.0980248451233,3489
192.2300522327423,3488
192.36175537109375,3487
192.49423384666443,3486
192.6285858154297,3485
192.7576208114624,3484
192.88464975357056,3483
193.01230239868164,3482
193.13706803321838,3481
193.26242470741272,3480
193.38865613937378,3479
193.5168900489807,3478
193.6493682861328,3477
193.77875351905823,3476
193.91108870506287,3475
194.03879618644714,3474
194.16544461250305,3473
194.29338216781616,3472
194.42360043525696,3471
194.55254101753235,3470
194.67984533309937,3469
194.809241771698,3468
194.937566280365,3467
195.07062244415283,3466
195.19482326507568,3465
195.32046747207642,3464
195.44816851615906,3463
195.57764649391174,3462
195.70750975608826,3461
195.83800649642944,3460
195.96771550178528,3459
196.09828805923462,3458
196.22972989082336,3457
196.3644585609436,3456
196.50745844841003,3455
196.65235996246338,3454
196.79810619354248,3453
196.943665266037,3452
197.08885860443115,3451
197.2336390018463,3450
197.37934494018555,3449
197.52443742752075,3448
197.66987872123718,3447
197.8151924610138,3446
197.95951294898987,3445
198.10480117797852,3444
198.25061893463135,3443
198.38754177093506,3442
198.52286076545715,3441
198.65848755836487,3440
198.79414319992065,3439
198.92995285987854,3438
199.06465649604797,3437
199.19930267333984,3436
199.33477783203125,3435
199.47024011611938,3434
199.60561752319336,3433
199.73948979377747,3432
199.87308549880981,3431
200.0088951587677,3430
200.1445755958557,3429
200.27944922447205,3428
200.41556239128113,3427
200.55143785476685,3426
200.6875729560852,3425
200.82286667823792,3424
200.9579882621765,3423
201.09307193756104,3422
201.22867822647095,3421
201.36476016044617,3420
201.49994492530823,3419
201.63493824005127,3418
201.77008724212646,3417
201.90275049209595,3416
202.0393135547638,3415
202.165180683136,3414
202.2913429737091,3413
202.41981315612793,3412
202.54802131652832,3411
202.67930436134338,3410
202.80901193618774,3409
202.9353187084198,3408
203.0603587627411,3407
203.18656969070435,3406
203.31306409835815,3405
203.44211506843567,3404
203.57374620437622,3403
203.7079360485077,3402
203.8447232246399,3401
203.98426628112793,3400
204.12358331680298,3399
204.26452684402466,3398
204.39217567443848,3397
204.51953029632568,3396
204.64695858955383,3395
204.77223205566406,3394
204.89958357810974,3393
205.02761340141296,3392
205.15523290634155,3391
205.28405594825745,3390
205.41273951530457,3389
205.54241967201233,3388
205.67121767997742,3387
205.80199909210205,3386
205.93223786354065,3385
206.06296038627625,3384
206.19354486465454,3383
206.32409000396729,3382
575.7396838665009,3381
