0.49924755096435547,4897
0.575333833694458,4896
0.6494052410125732,4895
0.7233486175537109,4894
0.7974240779876709,4893
0.8714075088500977,4892
0.9455342292785645,4891
1.0197062492370605,4890
1.0939288139343262,4889
1.1699252128601074,4888
1.2437756061553955,4887
1.317805290222168,4886
1.396712064743042,4885
1.4731316566467285,4884
1.5473248958587646,4883
1.6214816570281982,4882
1.695497989654541,4881
1.7695143222808838,4880
1.8433926105499268,4879
1.9176230430603027,4878
1.9920446872711182,4877
2.066110610961914,4876
2.1415295600891113,4875
2.2237625122070312,4874
2.30051326751709,4873
2.374967098236084,4872
2.4490792751312256,4871
2.5229835510253906,4870
2.5970427989959717,4869
2.67077898979187,4868
2.7448835372924805,4867
2.8190295696258545,4866
2.8932690620422363,4865
2.968424081802368,4864
3.0432770252227783,4863
3.118312120437622,4862
3.1957123279571533,4861
3.277776002883911,4860
3.3547685146331787,4859
3.4314863681793213,4858
3.5090887546539307,4857
3.585361957550049,4856
3.6598751544952393,4855
3.7343833446502686,4854
3.808363676071167,4853
3.8826704025268555,4852
3.95704984664917,4851
4.031541585922241,4850
4.105858087539673,4849
4.182452440261841,4848
4.256485462188721,4847
4.330753564834595,4846
4.405552625656128,4845
4.479922771453857,4844
4.5540101528167725,4843
4.6337151527404785,4842
4.708069562911987,4841
4.782062292098999,4840
4.856043338775635,4839
4.931452035903931,4838
5.015897989273071,4837
5.093728542327881,4836
5.170187473297119,4835
5.244724988937378,4834
5.318987846374512,4833
5.395746231079102,4832
5.470508098602295,4831
5.5445311069488525,4830
5.618634462356567,4829
5.692444801330566,4828
5.766464710235596,4827
5.840655326843262,4826
5.914889574050903,4825
5.989392518997192,4824
6.063420057296753,4823
6.138257265090942,4822
6.213505983352661,4821
6.287545442581177,4820
6.362112045288086,4819
6.438729524612427,4818
6.513515472412109,4817
6.587921619415283,4816
6.661815881729126,4815
6.736057996749878,4814
6.810457468032837,4813
6.884653329849243,4812
6.958850145339966,4811
7.033138036727905,4810
7.107464075088501,4809
7.183133602142334,4808
7.257485389709473,4807
7.331478834152222,4806
7.410685777664185,4805
7.495506286621094,4804
7.571868658065796,4803
7.647153377532959,4802
7.722334623336792,4801
7.797689199447632,4800
7.873061656951904,4799
7.94842267036438,4798
8.02390742301941,4797
8.099272012710571,4796
8.175641298294067,4795
8.250295877456665,4794
8.32429552078247,4793
8.398629426956177,4792
8.472933530807495,4791
8.547143697738647,4790
8.621600151062012,4789
8.69558572769165,4788
8.769654512405396,4787
8.843612432479858,4786
8.917973756790161,4785
8.991989135742188,4784
9.066448450088501,4783
9.140583276748657,4782
9.216147899627686,4781
9.290064573287964,4780
9.364550113677979,4779
9.439692258834839,4778
9.513837337493896,4777
9.587966442108154,4776
9.662019729614258,4775
9.740063190460205,4774
9.815690755844116,4773
9.889890670776367,4772
9.964528322219849,4771
10.03900694847107,4770
10.116709470748901,4769
10.192793607711792,4768
10.267036437988281,4767
10.341179847717285,4766
10.416385412216187,4765
10.490539312362671,4764
10.564990282058716,4763
10.638937950134277,4762
10.712810039520264,4761
10.787015199661255,4760
10.864409923553467,4759
10.939275741577148,4758
11.013777494430542,4757
11.087828159332275,4756
11.162834405899048,4755
11.237446784973145,4754
11.311247825622559,4753
11.385886192321777,4752
11.460397243499756,4751
11.534582614898682,4750
11.608617067337036,4749
11.682600498199463,4748
11.756728410720825,4747
11.830578327178955,4746
11.904618740081787,4745
11.978768110275269,4744
12.053122282028198,4743
12.12710189819336,4742
12.202749967575073,4741
12.276857137680054,4740
12.350738763809204,4739
12.425025939941406,4738
12.499083518981934,4737
12.573281526565552,4736
12.64721941947937,4735
12.720945358276367,4734
12.794845581054688,4733
12.869322061538696,4732
12.943731546401978,4731
13.017937660217285,4730
13.092224597930908,4729
13.167270421981812,4728
13.245885848999023,4727
13.326395511627197,4726
13.401549100875854,4725
13.476233959197998,4724
13.552875995635986,4723
13.62766408920288,4722
13.702455520629883,4721
13.777616024017334,4720
13.851533889770508,4719
13.925699234008789,4718
14.000185489654541,4717
14.074491500854492,4716
14.149332761764526,4715
14.22549843788147,4714
14.303328275680542,4713
14.38055944442749,4712
14.454900741577148,4711
14.528740406036377,4710
14.604050874710083,4709
14.67923617362976,4708
14.753764152526855,4707
14.827555418014526,4706
14.901618957519531,4705
14.975761651992798,4704
15.057668447494507,4703
15.14063835144043,4702
15.217782258987427,4701
15.292151927947998,4700
15.366438150405884,4699
15.44130253791809,4698
15.515395402908325,4697
15.59054684638977,4696
15.665295839309692,4695
15.739787578582764,4694
15.814388751983643,4693
15.890380620956421,4692
15.966443300247192,4691
16.040709257125854,4690
16.11487054824829,4689
16.19126582145691,4688
16.26808524131775,4687
16.342992782592773,4686
16.41822624206543,4685
16.492583513259888,4684
16.56728482246399,4683
16.64118242263794,4682
16.71507215499878,4681
16.78918433189392,4680
16.86301064491272,4679
16.936774253845215,4678
17.011316776275635,4677
17.08541989326477,4676
17.159486532211304,4675
17.23470401763916,4674
17.308486938476562,4673
17.383032083511353,4672
17.459783792495728,4671
17.5343496799469,4670
17.608431816101074,4669
17.682193279266357,4668
17.7560772895813,4667
17.830142974853516,4666
17.904311418533325,4665
17.984103202819824,4664
18.058197021484375,4663
18.13211488723755,4662
18.207919120788574,4661
18.282148361206055,4660
18.355849742889404,4659
18.4310781955719,4658
18.51522207260132,4657
18.592920064926147,4656
18.668071508407593,4655
18.742573976516724,4654
18.816831350326538,4653
18.890689849853516,4652
18.96484351158142,4651
19.03940773010254,4650
19.113757371902466,4649
19.18883180618286,4648
19.263225317001343,4647
19.336982011795044,4646
19.411898136138916,4645
19.486790895462036,4644
19.56073236465454,4643
19.634727716445923,4642
19.708570957183838,4641
19.782546520233154,4640
19.857573986053467,4639
19.93234896659851,4638
20.007009983062744,4637
20.08119797706604,4636
20.155113697052002,4635
20.2303524017334,4634
20.304272174835205,4633
20.3793888092041,4632
20.454355239868164,4631
20.531567811965942,4630
20.60648536682129,4629
20.680383682250977,4628
20.754905223846436,4627
20.829200506210327,4626
20.903279542922974,4625
20.977630138397217,4624
21.051706314086914,4623
21.125789403915405,4622
21.200871229171753,4621
21.27484679222107,4620
21.348674535751343,4619
21.423970937728882,4618
21.49804711341858,4617
21.572264432907104,4616
21.64598560333252,4615
21.71974515914917,4614
21.793617725372314,4613
21.867385625839233,4612
21.941208600997925,4611
22.016212463378906,4610
22.098750114440918,4609
22.175827741622925,4608
22.251314401626587,4607
22.32565450668335,4606
22.400192737579346,4605
22.474143505096436,4604
22.548274993896484,4603
22.62219500541687,4602
22.696070909500122,4601
22.770249366760254,4600
22.84427785873413,4599
22.918886423110962,4598
22.99315047264099,4597
23.067134141921997,4596
23.141313076019287,4595
23.216667652130127,4594
23.290452003479004,4593
23.364473819732666,4592
23.439191341400146,4591
23.514696836471558,4590
23.58993649482727,4589
23.66387915611267,4588
23.73758625984192,4587
23.811296701431274,4586
23.885011911392212,4585
23.958759546279907,4584
24.033142805099487,4583
24.107231855392456,4582
24.18164300918579,4581
24.25699496269226,4580
24.334317207336426,4579
24.41233777999878,4578
24.486525058746338,4577
24.56103801727295,4576
24.636531829833984,4575
24.71105647087097,4574
24.784868717193604,4573
24.85914921760559,4572
24.933260917663574,4571
25.00745153427124,4570
25.08482336997986,4569
25.16833209991455,4568
25.244744539260864,4567
25.31868004798889,4566
25.399043798446655,4565
25.474523067474365,4564
25.55041241645813,4563
25.62719702720642,4562
25.703856468200684,4561
25.78103232383728,4560
25.856276750564575,4559
25.93181085586548,4558
26.007379055023193,4557
26.08246088027954,4556
26.15731382369995,4555
26.23308777809143,4554
26.306992053985596,4553
26.381133556365967,4552
26.455188989639282,4551
26.528961658477783,4550
26.602938652038574,4549
26.67651081085205,4548
26.750514268875122,4547
26.824223041534424,4546
26.898099899291992,4545
26.97178840637207,4544
27.045921325683594,4543
27.119792699813843,4542
27.194053173065186,4541
27.268325328826904,4540
27.342202186584473,4539
27.41649889945984,4538
27.490442752838135,4537
27.564428329467773,4536
27.638059854507446,4535
27.711612701416016,4534
27.78536343574524,4533
27.859215259552002,4532
27.933102130889893,4531
28.0068838596344,4530
28.080660343170166,4529
28.15449333190918,4528
28.230184078216553,4527
28.303945064544678,4526
28.378302574157715,4525
28.452574014663696,4524
28.529295206069946,4523
28.60400104522705,4522
28.67788815498352,4521
28.751476526260376,4520
28.825119972229004,4519
28.899038553237915,4518
28.972710847854614,4517
29.046799898147583,4516
29.120680809020996,4515
29.19466543197632,4514
29.26874876022339,4513
29.342429399490356,4512
29.416670560836792,4511
29.492940664291382,4510
29.5767765045166,4509
29.65254521369934,4508
29.726232767105103,4507
29.800172328948975,4506
29.87414002418518,4505
29.94778347015381,4504
30.02164363861084,4503
30.09549570083618,4502
30.169507026672363,4501
30.244651556015015,4500
30.318273305892944,4499
30.393421411514282,4498
30.46738028526306,4497
30.541365146636963,4496
30.615277528762817,4495
30.69004249572754,4494
30.765217542648315,4493
30.838761806488037,4492
30.91260814666748,4491
30.986217975616455,4490
31.060296535491943,4489
31.139352083206177,4488
31.21426224708557,4487
31.288637399673462,4486
31.362793922424316,4485
31.43742084503174,4484
31.511372804641724,4483
31.586233854293823,4482
31.660879373550415,4481
31.734556198120117,4480
31.808253526687622,4479
31.88224959373474,4478
31.95592713356018,4477
32.029889822006226,4476
32.1038031578064,4475
32.17731237411499,4474
32.252599000930786,4473
32.32620167732239,4472
32.400158166885376,4471
32.47405290603638,4470
32.54818153381348,4469
32.62199592590332,4468
32.69578146934509,4467
32.76929950714111,4466
32.8428111076355,4465
32.9171679019928,4464
32.99177408218384,4463
33.066596031188965,4462
33.14048886299133,4461
33.215580701828,4460
33.28981399536133,4459
33.36364793777466,4458
33.43818211555481,4457
33.51245474815369,4456
33.588565826416016,4455
33.662253618240356,4454
33.735777616500854,4453
33.80934023857117,4452
33.88307309150696,4451
33.956520318984985,4450
34.030664682388306,4449
34.10492920875549,4448
34.17862892150879,4447
34.25401568412781,4446
34.3277223110199,4445
34.402891635894775,4444
34.47785925865173,4443
34.55304980278015,4442
34.628265142440796,4441
34.70649170875549,4440
34.78697371482849,4439
34.8615198135376,4438
34.93551826477051,4437
35.00932717323303,4436
35.08324098587036,4435
35.16106390953064,4434
35.24580788612366,4433
35.32125186920166,4432
35.39841628074646,4431
35.47629761695862,4430
35.55074453353882,4429
35.625449419021606,4428
35.69913578033447,4427
35.77517914772034,4426
35.85179400444031,4425
35.9268741607666,4424
36.00131320953369,4423
36.07621240615845,4422
36.15088510513306,4421
36.22605276107788,4420
36.3000545501709,4419
36.37360167503357,4418
36.45218634605408,4417
36.52734160423279,4416
36.60196614265442,4415
36.67624044418335,4414
36.75023031234741,4413
36.82406425476074,4412
36.897762298583984,4411
36.971290826797485,4410
37.04508376121521,4409
37.118650913238525,4408
37.19199872016907,4407
37.26706624031067,4406
37.34060525894165,4405
37.41471457481384,4404
37.48821043968201,4403
37.56197547912598,4402
37.63549017906189,4401
37.70891499519348,4400
37.78224992752075,4399
37.855847120285034,4398
37.929391622543335,4397
38.002607583999634,4396
38.07638359069824,4395
38.149970293045044,4394
38.2255334854126,4393
38.30100893974304,4392
38.37502837181091,4391
38.44870138168335,4390
38.5222384929657,4389
38.596012592315674,4388
38.66929006576538,4387
38.7427031993866,4386
38.816364765167236,4385
38.88982963562012,4384
38.963096380233765,4383
39.03661847114563,4382
39.110451221466064,4381
39.183762550354004,4380
39.25856637954712,4379
39.33206653594971,4378
39.40615725517273,4377
39.479594230651855,4376
39.55552315711975,4375
39.62946009635925,4374
39.702937841415405,4373
39.776264905929565,4372
39.85000777244568,4371
39.923710346221924,4370
39.996997117996216,4369
40.07115936279297,4368
40.14828968048096,4367
40.222681283950806,4366
40.296926498413086,4365
40.37062430381775,4364
40.444766998291016,4363
40.5184850692749,4362
40.60191988945007,4361
40.67838501930237,4360
40.75228476524353,4359
40.82597088813782,4358
40.903725147247314,4357
40.97793698310852,4356
41.05186724662781,4355
41.125576972961426,4354
41.199039459228516,4353
41.27449703216553,4352
41.34818625450134,4351
41.422943353652954,4350
41.49650597572327,4349
41.570497274398804,4348
41.64386796951294,4347
41.71730875968933,4346
41.79087686538696,4345
41.86455249786377,4344
41.93814206123352,4343
42.01163172721863,4342
42.08551812171936,4341
42.15929675102234,4340
42.23338770866394,4339
42.30715799331665,4338
42.38089299201965,4337
42.45443892478943,4336
42.5279643535614,4335
42.60178279876709,4334
42.675309896469116,4333
42.74872326850891,4332
42.82223153114319,4331
42.89632439613342,4330
42.96992754936218,4329
43.04381084442139,4328
43.117351055145264,4327
43.19092392921448,4326
43.26615381240845,4325
43.3400194644928,4324
43.41427254676819,4323
43.487714529037476,4322
43.56356596946716,4321
43.63762593269348,4320
43.71079611778259,4319
43.784404039382935,4318
43.85786437988281,4317
43.93139171600342,4316
44.005067586898804,4315
44.07989168167114,4314
44.15376615524292,4313
44.22768592834473,4312
44.30253505706787,4311
44.376418113708496,4310
44.450263023376465,4309
44.523791551589966,4308
44.5987434387207,4307
44.67410445213318,4306
44.74807691574097,4305
44.82174730300903,4304
44.895670652389526,4303
44.969160079956055,4302
45.04316234588623,4301
45.11710596084595,4300
45.19107174873352,4299
45.27372694015503,4298
45.34931969642639,4297
45.42433500289917,4296
45.49876141548157,4295
45.57299613952637,4294
45.646485567092896,4293
45.71989679336548,4292
45.793479681015015,4291
45.86729884147644,4290
45.94261336326599,4289
46.01924419403076,4288
46.0935697555542,4287
46.167555809020996,4286
46.24171328544617,4285
46.31590962409973,4284
46.390833616256714,4283
46.46873664855957,4282
46.547629594802856,4281
46.62154698371887,4280
46.69527459144592,4279
46.76931095123291,4278
46.843106269836426,4277
46.917014360427856,4276
46.99102163314819,4275
47.06583213806152,4274
47.14006304740906,4273
47.214088678359985,4272
47.289326429367065,4271
47.3634397983551,4270
47.43796372413635,4269
47.51624917984009,4268
47.59333300590515,4267
47.66793131828308,4266
47.74274563789368,4265
47.817524671554565,4264
47.89146065711975,4263
47.964982986450195,4262
48.03874468803406,4261
48.11263608932495,4260
48.18634843826294,4259
48.26174855232239,4258
48.33549213409424,4257
48.40964889526367,4256
48.48327279090881,4255
48.55758595466614,4254
48.632431745529175,4253
48.70691967010498,4252
48.78051209449768,4251
48.85384488105774,4250
48.92758870124817,4249
49.008624792099,4248
49.086925983428955,4247
49.16187572479248,4246
49.23670172691345,4245
49.311909675598145,4244
49.386412143707275,4243
49.46043252944946,4242
49.534005641937256,4241
49.60944151878357,4240
49.684043884277344,4239
49.75817942619324,4238
49.832879066467285,4237
49.90863084793091,4236
49.98226451873779,4235
50.056081771850586,4234
50.129857540130615,4233
50.203601598739624,4232
50.278512716293335,4231
50.352226972579956,4230
50.42856574058533,4229
50.50267791748047,4228
50.577484369277954,4227
50.65268874168396,4226
50.72628426551819,4225
50.800233364105225,4224
50.87383532524109,4223
50.947221517562866,4222
51.02086067199707,4221
51.09480333328247,4220
51.16823649406433,4219
51.24204468727112,4218
51.316760540008545,4217
51.391244411468506,4216
51.46496653556824,4215
51.538662910461426,4214
51.61763048171997,4213
51.699336767196655,4212
51.774407625198364,4211
51.84997224807739,4210
51.92676639556885,4209
52.00325560569763,4208
52.07870888710022,4207
52.15778660774231,4206
52.23204588890076,4205
52.307212352752686,4204
52.38109254837036,4203
52.454784870147705,4202
52.52841544151306,4201
52.602580547332764,4200
52.67570924758911,4199
52.74895739555359,4198
52.82316756248474,4197
52.89708948135376,4196
52.97044801712036,4195
53.044188499450684,4194
53.11799502372742,4193
53.191712617874146,4192
53.266703844070435,4191
53.340670108795166,4190
53.415674448013306,4189
53.48931074142456,4188
53.56493544578552,4187
53.640557527542114,4186
53.7139208316803,4185
53.787309408187866,4184
53.86137795448303,4183
53.935102701187134,4182
54.00912308692932,4181
54.083030223846436,4180
54.15671157836914,4179
54.230297565460205,4178
54.304962158203125,4177
54.378517389297485,4176
54.452264070510864,4175
54.5256564617157,4174
54.59961295127869,4173
54.673471212387085,4172
54.74718260765076,4171
54.820921659469604,4170
54.89439630508423,4169
54.96757769584656,4168
55.04121446609497,4167
55.1177659034729,4166
55.19158697128296,4165
55.2666289806366,4164
55.350260734558105,4163
55.42780423164368,4162
55.50166034698486,4161
55.57566547393799,4160
55.649420499801636,4159
55.722668409347534,4158
55.79583477973938,4157
55.86990547180176,4156
55.94337344169617,4155
56.01668691635132,4154
56.09037232398987,4153
56.16401267051697,4152
56.23883557319641,4151
56.314553022384644,4150
56.389164447784424,4149
56.462682008743286,4148
56.536248207092285,4147
56.61000084877014,4146
56.683239459991455,4145
56.75661253929138,4144
56.830004930496216,4143
56.903748512268066,4142
56.97710561752319,4141
57.05047154426575,4140
57.124236822128296,4139
57.197574853897095,4138
57.271729946136475,4137
57.345792055130005,4136
57.42011308670044,4135
57.49352717399597,4134
57.57635307312012,4133
57.651362657547,4132
57.72472929954529,4131
57.7980535030365,4130
57.87188363075256,4129
57.94523549079895,4128
58.01827049255371,4127
58.091681241989136,4126
58.16547775268555,4125
58.23941493034363,4124
58.314208030700684,4123
58.387818574905396,4122
58.461262226104736,4121
58.53460717201233,4120
58.616034746170044,4119
58.690502882003784,4118
58.76413679122925,4117
58.83737635612488,4116
58.91114091873169,4115
58.98469924926758,4114
59.05867147445679,4113
59.13269519805908,4112
59.20603346824646,4111
59.27993321418762,4110
59.35377526283264,4109
59.42776298522949,4108
59.5019109249115,4107
59.58191394805908,4106
59.65853500366211,4105
59.73475742340088,4104
59.811012506484985,4103
59.887474060058594,4102
59.96371650695801,4101
60.03990626335144,4100
60.116199016571045,4099
60.190993547439575,4098
60.26510214805603,4097
60.33976483345032,4096
60.414342403411865,4095
60.4879252910614,4094
60.56241416931152,4093
60.636181116104126,4092
60.70935583114624,4091
60.78292226791382,4090
60.85620641708374,4089
60.92958211898804,4088
61.003095388412476,4087
61.07684254646301,4086
61.15052819252014,4085
61.22369146347046,4084
61.29814958572388,4083
61.37241554260254,4082
61.44669032096863,4081
61.519967794418335,4080
61.594191551208496,4079
61.67007493972778,4078
61.74403929710388,4077
61.81778621673584,4076
61.89171862602234,4075
61.96489644050598,4074
62.03798484802246,4073
62.11237859725952,4072
62.18587112426758,4071
62.259599924087524,4070
62.33428168296814,4069
62.408607482910156,4068
62.48253273963928,4067
62.55615282058716,4066
62.630606174468994,4065
62.71262502670288,4064
62.78770136833191,4063
62.861430644989014,4062
62.93507099151611,4061
63.0103714466095,4060
63.08536243438721,4059
63.15920329093933,4058
63.233088970184326,4057
63.307915449142456,4056
63.38239574432373,4055
63.45617485046387,4054
63.52943444252014,4053
63.60601496696472,4052
63.67993879318237,4051
63.753124713897705,4050
63.826690435409546,4049
63.90055012702942,4048
63.97418546676636,4047
64.04757785797119,4046
64.12242221832275,4045
64.196035861969,4044
64.2694022655487,4043
64.34463882446289,4042
64.41849088668823,4041
64.4920563697815,4040
64.565762758255,4039
64.63963866233826,4038
64.71300029754639,4037
64.78620266914368,4036
64.86034560203552,4035
64.93371653556824,4034
65.00745511054993,4033
65.08103775978088,4032
65.15489792823792,4031
65.22836422920227,4030
65.30238819122314,4029
65.38389134407043,4028
65.46306657791138,4027
65.53741240501404,4026
65.6133120059967,4025
65.68775033950806,4024
65.76227235794067,4023
65.83728384971619,4022
65.91224074363708,4021
65.98623085021973,4020
66.0594573020935,4019
66.13439798355103,4018
66.2079803943634,4017
66.28172969818115,4016
66.3577663898468,4015
66.43186831474304,4014
66.50554919242859,4013
66.57919073104858,4012
66.65262365341187,4011
66.72640776634216,4010
66.79989910125732,4009
66.87361335754395,4008
66.9468080997467,4007
67.02002763748169,4006
67.09363126754761,4005
67.16740655899048,4004
67.24056601524353,4003
67.314457654953,4002
67.38927221298218,4001
67.46322417259216,4000
67.53682160377502,3999
67.61041617393494,3998
67.68351578712463,3997
67.75684475898743,3996
67.83055138587952,3995
67.90457057952881,3994
67.9777979850769,3993
68.05085349082947,3992
68.12462902069092,3991
68.19808650016785,3990
68.2717936038971,3989
68.34634804725647,3988
68.41994881629944,3987
68.49313879013062,3986
68.5665488243103,3985
68.64647483825684,3984
68.72045850753784,3983
68.79369139671326,3982
68.8675754070282,3981
68.94089365005493,3980
69.01412606239319,3979
69.08755397796631,3978
69.1611750125885,3977
69.23455500602722,3976
69.30763912200928,3975
69.38281035423279,3974
69.45805215835571,3973
69.53233742713928,3972
69.6063723564148,3971
69.68842601776123,3970
69.76494193077087,3969
69.84064030647278,3968
69.91720843315125,3967
69.99322938919067,3966
70.06943655014038,3965
70.14768600463867,3964
70.22150325775146,3963
70.29465746879578,3962
70.37065291404724,3961
70.44532346725464,3960
70.51859736442566,3959
70.5921642780304,3958
70.66542744636536,3957
70.73862957954407,3956
70.8121497631073,3955
70.88771796226501,3954
70.96249341964722,3953
71.03580141067505,3952
71.11026954650879,3951
71.18380069732666,3950
71.2569625377655,3949
71.33104252815247,3948
71.40583872795105,3947
71.47994208335876,3946
71.55318284034729,3945
71.62674975395203,3944
71.69998478889465,3943
71.77322435379028,3942
71.84708285331726,3941
71.92050838470459,3940
71.9932689666748,3939
72.06690454483032,3938
72.14127731323242,3937
72.21444964408875,3936
72.28784251213074,3935
72.36290645599365,3934
72.43642067909241,3933
72.50950860977173,3932
72.58323097229004,3931
72.65681529045105,3930
72.7328565120697,3929
72.80618023872375,3928
72.87968182563782,3927
72.95311379432678,3926
73.02617955207825,3925
73.09966683387756,3924
73.17352366447449,3923
73.24690508842468,3922
73.32025194168091,3921
73.3958306312561,3920
73.46970582008362,3919
73.54327702522278,3918
73.61923742294312,3917
73.69577622413635,3916
73.77664518356323,3915
73.8507673740387,3914
73.92417883872986,3913
73.99736428260803,3912
74.07063102722168,3911
74.14569282531738,3910
74.22012090682983,3909
74.29440760612488,3908
74.3702380657196,3907
74.44405937194824,3906
74.51754522323608,3905
74.59130430221558,3904
74.66509771347046,3903
74.73847818374634,3902
74.81188416481018,3901
74.8856213092804,3900
74.95873856544495,3899
75.03208637237549,3898
75.10572457313538,3897
75.17946600914001,3896
75.25279688835144,3895
75.32580208778381,3894
75.40382981300354,3893
75.48729276657104,3892
75.56446385383606,3891
75.6401674747467,3890
75.71410703659058,3889
75.78817319869995,3888
75.8620138168335,3887
75.93549084663391,3886
76.01202416419983,3885
76.08744239807129,3884
76.16149711608887,3883
76.23476386070251,3882
76.3085834980011,3881
76.38459253311157,3880
76.45813870429993,3879
76.53150653839111,3878
76.60528135299683,3877
76.67870926856995,3876
76.75189256668091,3875
76.82488584518433,3874
76.89858746528625,3873
76.97149682044983,3872
77.0448043346405,3871
77.11835598945618,3870
77.19148278236389,3869
77.26511240005493,3868
77.33902049064636,3867
77.41441082954407,3866
77.48801279067993,3865
77.56159949302673,3864
77.63519644737244,3863
77.70815944671631,3862
77.78113198280334,3861
77.85495233535767,3860
77.92844343185425,3859
78.00167536735535,3858
78.0749340057373,3857
78.14857792854309,3856
78.22188830375671,3855
78.29508304595947,3854
78.36963033676147,3853
78.44323444366455,3852
78.5166003704071,3851
78.59038043022156,3850
78.66438794136047,3849
78.73750853538513,3848
78.81099247932434,3847
78.88434338569641,3846
78.95721888542175,3845
79.03040933609009,3844
79.10444855690002,3843
79.1777753829956,3842
79.25094413757324,3841
79.32405662536621,3840
79.3990707397461,3839
79.47299098968506,3838
79.54671025276184,3837
79.62022805213928,3836
79.70062851905823,3835
79.77532291412354,3834
79.84946084022522,3833
79.92352604866028,3832
79.9968044757843,3831
80.07042407989502,3830
80.14531111717224,3829
80.22025322914124,3828
80.29344582557678,3827
80.36778521537781,3826
80.443776845932,3825
80.51913666725159,3824
80.59314036369324,3823
80.66660451889038,3822
80.74520254135132,3821
80.8192400932312,3820
80.89288449287415,3819
80.96590423583984,3818
81.03933119773865,3817
81.11364674568176,3816
81.18809676170349,3815
81.26163983345032,3814
81.33485293388367,3813
81.41056871414185,3812
81.48415780067444,3811
81.55749750137329,3810
81.6308364868164,3809
81.70378756523132,3808
81.77674126625061,3807
81.85010719299316,3806
81.92365574836731,3805
81.9965136051178,3804
82.0725200176239,3803
82.15377449989319,3802
82.22871613502502,3801
82.30226683616638,3800
82.37725853919983,3799
82.45089960098267,3798
82.524165391922,3797
82.59752082824707,3796
82.6707136631012,3795
82.74403405189514,3794
82.81719732284546,3793
82.89124798774719,3792
82.96450877189636,3791
83.03806853294373,3790
83.11182618141174,3789
83.18561005592346,3788
83.2588677406311,3787
83.33202648162842,3786
83.40706992149353,3785
83.48053336143494,3784
83.55373191833496,3783
83.62962198257446,3782
83.70347857475281,3781
83.77928018569946,3780
83.85275650024414,3779
83.92593932151794,3778
83.99890613555908,3777
84.07178401947021,3776
84.14672780036926,3775
84.22130751609802,3774
84.29443287849426,3773
84.36846804618835,3772
84.44253134727478,3771
84.51597619056702,3770
84.5894787311554,3769
84.66369104385376,3768
84.73838233947754,3767
84.8222405910492,3766
84.90076184272766,3765
84.97694659233093,3764
85.05295038223267,3763
85.13059091567993,3762
85.20615863800049,3761
85.27959966659546,3760
85.35298275947571,3759
85.42898488044739,3758
85.50863981246948,3757
85.58875226974487,3756
85.66259932518005,3755
85.73588228225708,3754
85.81424713134766,3753
85.88799405097961,3752
85.96100521087646,3751
86.03450751304626,3750
86.10833859443665,3749
86.1817615032196,3748
86.25520920753479,3747
86.32806754112244,3746
86.40359139442444,3745
86.47693538665771,3744
86.55087089538574,3743
86.62557363510132,3742
86.69905114173889,3741
86.77237892150879,3740
86.84569931030273,3739
86.91911125183105,3738
86.99159622192383,3737
87.06492829322815,3736
87.1400465965271,3735
87.21473479270935,3734
87.28889155387878,3733
87.36348915100098,3732
87.43946647644043,3731
87.51356267929077,3730
87.58780145645142,3729
87.66211009025574,3728
87.73616886138916,3727
87.81031394004822,3726
87.88482522964478,3725
87.95933890342712,3724
88.03346943855286,3723
88.10751271247864,3722
88.1821403503418,3721
88.2568781375885,3720
88.33113384246826,3719
88.40657305717468,3718
88.49494075775146,3717
88.5719165802002,3716
88.64709901809692,3715
88.72430872917175,3714
88.80721592903137,3713
88.8906102180481,3712
88.97361040115356,3711
89.05694961547852,3710
89.13971400260925,3709
89.22048878669739,3708
89.30152297019958,3707
89.38343548774719,3706
89.46719884872437,3705
89.5440764427185,3704
89.6190721988678,3703
89.69987559318542,3702
89.78138732910156,3701
89.86139369010925,3700
89.93660807609558,3699
90.01330947875977,3698
90.08876061439514,3697
90.16366457939148,3696
90.23826789855957,3695
90.31237006187439,3694
90.39461827278137,3693
90.47799015045166,3692
90.56060695648193,3691
90.64435577392578,3690
90.72856307029724,3689
90.81302881240845,3688
90.8928484916687,3687
90.96785163879395,3686
91.04615759849548,3685
91.12874913215637,3684
91.21045207977295,3683
91.29119491577148,3682
91.36705946922302,3681
91.44328284263611,3680
91.51737666130066,3679
91.59202671051025,3678
91.66674733161926,3677
91.74088883399963,3676
91.8226683139801,3675
91.89864730834961,3674
91.97288537025452,3673
92.0469560623169,3672
92.12132573127747,3671
92.19615340232849,3670
92.27048206329346,3669
92.34484648704529,3668
92.42109155654907,3667
92.49540257453918,3666
92.56989574432373,3665
92.64929986000061,3664
92.73330211639404,3663
92.8182315826416,3662
92.90191578865051,3661
92.98612713813782,3660
93.0667290687561,3659
93.14277386665344,3658
93.21751141548157,3657
93.29232931137085,3656
93.36699533462524,3655
93.44923806190491,3654
93.53167700767517,3653
93.61478734016418,3652
93.69859290122986,3651
93.78133702278137,3650
93.86236953735352,3649
93.93741989135742,3648
94.01533031463623,3647
94.0980851650238,3646
94.18140363693237,3645
94.264319896698,3644
94.34033274650574,3643
94.41708898544312,3642
94.49190068244934,3641
94.56654691696167,3640
94.6416347026825,3639
94.72259664535522,3638
94.80507636070251,3637
94.88043451309204,3636
94.95447134971619,3635
95.03500747680664,3634
95.11183977127075,3633
95.18826198577881,3632
95.26322507858276,3631
95.34613275527954,3630
95.43208146095276,3629
95.51732683181763,3628
95.60674834251404,3627
95.69153666496277,3626
95.76721405982971,3625
95.85329461097717,3624
95.92976903915405,3623
96.0040214061737,3622
96.07797622680664,3621
96.15348172187805,3620
96.22802352905273,3619
96.30194973945618,3618
96.3758819103241,3617
96.45143795013428,3616
96.52553915977478,3615
96.60001754760742,3614
96.67433762550354,3613
96.74815702438354,3612
96.82227039337158,3611
96.89674305915833,3610
96.97063493728638,3609
97.04440379142761,3608
97.12840986251831,3607
97.21560406684875,3606
97.30048370361328,3605
97.3774483203888,3604
97.45423293113708,3603
97.52958559989929,3602
97.61338329315186,3601
97.69954085350037,3600
97.78567242622375,3599
97.87161612510681,3598
97.94876861572266,3597
98.02372407913208,3596
98.10629940032959,3595
98.19077253341675,3594
98.27543044090271,3593
98.35969471931458,3592
98.44520282745361,3591
98.52943730354309,3590
98.61391997337341,3589
98.6919174194336,3588
98.76655697822571,3587
98.84076690673828,3586
98.91495823860168,3585
98.98878884315491,3584
99.06249737739563,3583
99.13689637184143,3582
99.21107149124146,3581
99.28845119476318,3580
99.37119507789612,3579
99.4556941986084,3578
99.54005599021912,3577
99.6240177154541,3576
99.70860147476196,3575
99.79263973236084,3574
99.87695026397705,3573
99.96109414100647,3572
100.04536175727844,3571
100.13128972053528,3570
100.21761775016785,3569
100.30054378509521,3568
100.3759400844574,3567
100.45204091072083,3566
100.52626204490662,3565
100.60068726539612,3564
100.6747875213623,3563
100.75609421730042,3562
100.84038734436035,3561
100.92716264724731,3560
101.01184391975403,3559
101.09179019927979,3558
101.16711926460266,3557
101.2413682937622,3556
101.31528687477112,3555
101.39401030540466,3554
101.47811675071716,3553
101.56341099739075,3552
101.64889764785767,3551
101.734445810318,3550
101.82196021080017,3549
101.9091911315918,3548
101.99507212638855,3547
102.08074307441711,3546
102.16707825660706,3545
102.2509994506836,3544
102.32638216018677,3543
102.40118956565857,3542
102.47653436660767,3541
102.55126547813416,3540
102.63480877876282,3539
102.72007656097412,3538
102.80478572845459,3537
102.8897135257721,3536
102.96812438964844,3535
103.04514932632446,3534
103.12209415435791,3533
103.19918537139893,3532
103.27444458007812,3531
103.34832310676575,3530
103.43279266357422,3529
103.51804184913635,3528
103.5964982509613,3527
103.67441368103027,3526
103.7491466999054,3525
103.82326054573059,3524
103.89723777770996,3523
103.97117066383362,3522
104.04505848884583,3521
104.11884713172913,3520
104.19325709342957,3519
104.26715135574341,3518
104.34119725227356,3517
104.41701221466064,3516
104.49148631095886,3515
104.56543517112732,3514
104.63957667350769,3513
104.71335458755493,3512
104.78706407546997,3511
104.86098074913025,3510
104.93474769592285,3509
105.0084216594696,3508
105.08230590820312,3507
105.15620183944702,3506
105.22996306419373,3505
105.30348229408264,3504
105.37777638435364,3503
105.45356559753418,3502
105.52723503112793,3501
105.60316300392151,3500
105.6861925125122,3499
105.76265454292297,3498
105.83862590789795,3497
105.91453075408936,3496
105.98922300338745,3495
106.06654644012451,3494
106.1425895690918,3493
106.2165277004242,3492
106.2903368473053,3491
106.36509656906128,3490
106.4402105808258,3489
106.51392364501953,3488
106.58795666694641,3487
106.66162347793579,3486
106.73531866073608,3485
106.80911636352539,3484
106.89120888710022,3483
106.97072124481201,3482
107.04564070701599,3481
107.12023711204529,3480
107.19582533836365,3479
107.2698905467987,3478
107.34335851669312,3477
107.41797804832458,3476
107.49253940582275,3475
107.56684064865112,3474
107.64048218727112,3473
107.7147102355957,3472
107.78852486610413,3471
107.86262559890747,3470
107.93637681007385,3469
108.00983810424805,3468
108.08332514762878,3467
108.15719819068909,3466
108.23098587989807,3465
108.3056652545929,3464
108.37962746620178,3463
108.4549343585968,3462
108.52875590324402,3461
108.60293507575989,3460
108.6768753528595,3459
108.75032258033752,3458
108.82381319999695,3457
108.8978796005249,3456
108.9727692604065,3455
109.05616641044617,3454
109.13203406333923,3453
109.20618796348572,3452
109.28039503097534,3451
109.3538568019867,3450
109.4286801815033,3449
109.50314664840698,3448
109.57698082923889,3447
109.65069437026978,3446
109.72447347640991,3445
109.79799818992615,3444
109.87304782867432,3443
109.94691276550293,3442
110.02067232131958,3441
110.0945143699646,3440
110.16887760162354,3439
110.24258303642273,3438
110.31637120246887,3437
110.39030432701111,3436
110.46643137931824,3435
110.54081845283508,3434
110.61474132537842,3433
110.68896675109863,3432
110.76263213157654,3431
110.83600950241089,3430
110.91016793251038,3429
110.98355555534363,3428
111.05702042579651,3427
111.13074374198914,3426
111.20513916015625,3425
111.27893900871277,3424
111.3523805141449,3423
111.42695260047913,3422
111.50194883346558,3421
111.57588219642639,3420
111.64961051940918,3419
111.72376704216003,3418
111.79729509353638,3417
111.8714714050293,3416
111.94553446769714,3415
112.01933574676514,3414
112.09324860572815,3413
112.16729164123535,3412
112.24136996269226,3411
112.3151969909668,3410
112.3891499042511,3409
112.46424007415771,3408
112.53829789161682,3407
112.61213970184326,3406
112.68637776374817,3405
112.76033210754395,3404
112.83429527282715,3403
112.91475939750671,3402
112.98968696594238,3401
113.06357645988464,3400
113.13760471343994,3399
113.21187472343445,3398
113.28644227981567,3397
113.36038184165955,3396
113.435387134552,3395
113.510094165802,3394
113.58447980880737,3393
113.6594409942627,3392
113.73524832725525,3391
113.80937218666077,3390
113.88419795036316,3389
113.96559619903564,3388
114.04097104072571,3387
114.11542868614197,3386
114.18989992141724,3385
114.26386880874634,3384
114.3376259803772,3383
114.4128909111023,3382
