0.7264730930328369,4897
0.8660101890563965,4896
1.0106780529022217,4895
1.1620855331420898,4894
1.314199686050415,4893
1.4659695625305176,4892
1.6165273189544678,4891
1.7682526111602783,4890
1.9196269512176514,4889
2.0704848766326904,4888
2.220818281173706,4887
2.3717288970947266,4886
2.5230743885040283,4885
2.6753220558166504,4884
2.8258283138275146,4883
2.9739990234375,4882
3.123880624771118,4881
3.274904489517212,4880
3.4252262115478516,4879
3.5763132572174072,4878
3.7291295528411865,4877
3.879390001296997,4876
4.030020236968994,4875
4.18181300163269,4874
4.327545642852783,4873
4.466933727264404,4872
4.606849431991577,4871
4.743629693984985,4870
4.875677585601807,4869
5.007602214813232,4868
5.139847040176392,4867
5.278920888900757,4866
5.418886423110962,4865
5.553427457809448,4864
5.692541122436523,4863
5.832895040512085,4862
5.973177194595337,4861
6.112537145614624,4860
6.252765893936157,4859
6.393444776535034,4858
6.533213138580322,4857
6.675371408462524,4856
6.817236423492432,4855
6.957796812057495,4854
7.097457647323608,4853
7.236733675003052,4852
7.376685619354248,4851
7.51703143119812,4850
7.656444072723389,4849
7.797513008117676,4848
7.936182737350464,4847
8.074614763259888,4846
8.21245265007019,4845
8.352889776229858,4844
8.494396924972534,4843
8.635590076446533,4842
8.7774076461792,4841
8.917983531951904,4840
9.056529998779297,4839
9.18747854232788,4838
9.318521976470947,4837
9.45226788520813,4836
9.589900732040405,4835
9.729020118713379,4834
9.86499834060669,4833
9.99914836883545,4832
10.135999202728271,4831
10.275945901870728,4830
10.41933012008667,4829
10.565104722976685,4828
10.715209245681763,4827
10.8640775680542,4826
11.013617515563965,4825
11.16315484046936,4824
11.312689781188965,4823
11.461543083190918,4822
11.610338687896729,4821
11.765801668167114,4820
11.917001724243164,4819
12.067429780960083,4818
12.21836519241333,4817
12.36977744102478,4816
12.519737005233765,4815
12.670963048934937,4814
12.822012424468994,4813
12.973358154296875,4812
13.120685577392578,4811
13.269490242004395,4810
13.420971632003784,4809
13.571573972702026,4808
13.722951412200928,4807
13.871177196502686,4806
14.009829044342041,4805
14.148154020309448,4804
14.285715818405151,4803
14.423786163330078,4802
14.562694549560547,4801
14.70179033279419,4800
14.839732646942139,4799
14.977441787719727,4798
15.117046356201172,4797
15.256939888000488,4796
15.397373676300049,4795
15.551380634307861,4794
15.699348449707031,4793
15.840876817703247,4792
15.993921041488647,4791
16.140676736831665,4790
16.28222393989563,4789
16.416215658187866,4788
16.550214767456055,4787
16.68747091293335,4786
16.81882929801941,4785
16.949397802352905,4784
17.084601640701294,4783
17.22013759613037,4782
17.353606462478638,4781
17.48448348045349,4780
17.61805248260498,4779
17.753182649612427,4778
17.888340711593628,4777
18.02077841758728,4776
18.152774333953857,4775
18.28713083267212,4774
18.422417879104614,4773
18.551926374435425,4772
18.682767868041992,4771
18.811543941497803,4770
18.939796686172485,4769
19.06762719154358,4768
19.19651961326599,4767
19.32530117034912,4766
19.45342183113098,4765
19.583255767822266,4764
19.717535734176636,4763
19.855178117752075,4762
19.992969274520874,4761
20.131306409835815,4760
20.270049810409546,4759
20.408769130706787,4758
20.54704451560974,4757
20.686529397964478,4756
20.824389457702637,4755
20.96339774131775,4754
21.10154700279236,4753
21.240336656570435,4752
21.378549098968506,4751
21.516683340072632,4750
21.65430974960327,4749
21.79314112663269,4748
21.930824518203735,4747
22.06827139854431,4746
22.205185413360596,4745
22.342464447021484,4744
22.48002600669861,4743
22.61679697036743,4742
22.752766132354736,4741
22.889440059661865,4740
23.030948877334595,4739
23.17184543609619,4738
23.310842514038086,4737
23.448246955871582,4736
23.585755825042725,4735
23.725509881973267,4734
23.8638334274292,4733
24.00162982940674,4732
24.13934874534607,4731
24.27749228477478,4730
24.414443254470825,4729
24.563294410705566,4728
24.702409982681274,4727
24.833795309066772,4726
24.962523460388184,4725
25.091102838516235,4724
25.21936845779419,4723
25.348519563674927,4722
25.477374792099,4721
25.605732679367065,4720
25.735431671142578,4719
25.86678981781006,4718
26.002482891082764,4717
26.140597105026245,4716
26.278910398483276,4715
26.417821645736694,4714
26.55672550201416,4713
26.700726985931396,4712
26.839404582977295,4711
26.978155374526978,4710
27.118013381958008,4709
27.258814096450806,4708
27.39732837677002,4707
27.53603196144104,4706
27.675774097442627,4705
27.814003229141235,4704
27.9520103931427,4703
28.08865261077881,4702
28.22694182395935,4701
28.36480140686035,4700
28.503700733184814,4699
28.642101526260376,4698
28.78227686882019,4697
28.920910358428955,4696
29.05945920944214,4695
29.199020624160767,4694
29.338448524475098,4693
29.475332975387573,4692
29.612483739852905,4691
29.752061128616333,4690
29.890396118164062,4689
30.02854347229004,4688
30.170140266418457,4687
30.30781364440918,4686
30.44660997390747,4685
30.584273099899292,4684
30.72342586517334,4683
30.869580507278442,4682
31.0149245262146,4681
31.1559476852417,4680
31.294076919555664,4679
31.43327236175537,4678
31.57196044921875,4677
31.713241577148438,4676
31.851011276245117,4675
31.989657640457153,4674
32.12835192680359,4673
32.26530838012695,4672
32.40288996696472,4671
32.54060077667236,4670
32.68015742301941,4669
32.81878113746643,4668
32.95577645301819,4667
33.09050416946411,4666
33.227555990219116,4665
33.36546277999878,4664
33.506173849105835,4663
33.643616914749146,4662
33.78194975852966,4661
33.91974210739136,4660
34.056642055511475,4659
34.19362139701843,4658
34.331729888916016,4657
34.46961498260498,4656
34.60703206062317,4655
34.746668100357056,4654
34.885584115982056,4653
35.022544384002686,4652
35.161762952804565,4651
35.30100464820862,4650
35.44070911407471,4649
35.57983469963074,4648
35.7198600769043,4647
35.8571720123291,4646
35.99593186378479,4645
36.12878966331482,4644
36.25928854942322,4643
36.397643089294434,4642
36.53770875930786,4641
36.672322511672974,4640
36.80755281448364,4639
36.94429898262024,4638
37.08229184150696,4637
37.22057509422302,4636
37.35542416572571,4635
37.4942090511322,4634
37.633201599121094,4633
37.77310514450073,4632
37.91174650192261,4631
38.0471715927124,4630
38.18615365028381,4629
38.32483530044556,4628
38.46679401397705,4627
38.60533046722412,4626
38.74412178993225,4625
38.88173222541809,4624
39.01926612854004,4623
39.15703368186951,4622
39.29577994346619,4621
39.433279037475586,4620
39.57033824920654,4619
39.70896506309509,4618
39.847004890441895,4617
39.98496866226196,4616
40.122665882110596,4615
40.26092743873596,4614
40.39954471588135,4613
40.53742265701294,4612
40.676405906677246,4611
40.81456160545349,4610
40.953044414520264,4609
41.09150290489197,4608
41.22948122024536,4607
41.36822772026062,4606
41.506614685058594,4605
41.645045042037964,4604
41.79263925552368,4603
41.93119502067566,4602
42.06894254684448,4601
42.2056667804718,4600
42.3433518409729,4599
42.478532552719116,4598
42.60804009437561,4597
42.739370822906494,4596
42.87281680107117,4595
43.00697374343872,4594
43.13956546783447,4593
43.27546405792236,4592
43.4104700088501,4591
43.54573059082031,4590
43.679619550704956,4589
43.81571865081787,4588
43.952346086502075,4587
44.08962106704712,4586
44.22614932060242,4585
44.36319828033447,4584
44.499452114105225,4583
44.63664174079895,4582
44.775498151779175,4581
44.915425539016724,4580
45.05235528945923,4579
45.185505867004395,4578
45.31710433959961,4577
45.44809317588806,4576
45.57994031906128,4575
45.713629961013794,4574
45.84576439857483,4573
45.97809052467346,4572
46.109829902648926,4571
46.241902112960815,4570
46.377798080444336,4569
46.51744532585144,4568
46.65567660331726,4567
46.79344892501831,4566
46.92783212661743,4565
47.057289361953735,4564
47.190078020095825,4563
47.323182106018066,4562
47.455342054367065,4561
47.58409571647644,4560
47.71483850479126,4559
47.84461450576782,4558
47.97755813598633,4557
48.115745306015015,4556
48.25733017921448,4555
48.39317440986633,4554
48.523263692855835,4553
48.6548011302948,4552
48.787368059158325,4551
48.91811656951904,4550
49.048585414886475,4549
49.184261322021484,4548
49.32330322265625,4547
49.458497524261475,4546
49.59238028526306,4545
49.72724390029907,4544
49.86101508140564,4543
49.99518823623657,4542
50.12954235076904,4541
50.26365518569946,4540
50.39734745025635,4539
50.53030824661255,4538
50.670788526535034,4537
50.80862593650818,4536
50.93878531455994,4535
51.0690484046936,4534
51.19843888282776,4533
51.32759189605713,4532
51.45729732513428,4531
51.58683896064758,4530
51.71721601486206,4529
51.84663915634155,4528
51.97864651679993,4527
52.11494302749634,4526
52.25632119178772,4525
52.39679527282715,4524
52.53832674026489,4523
52.675336837768555,4522
52.81029725074768,4521
52.94720983505249,4520
53.086641788482666,4519
53.22773766517639,4518
53.36444926261902,4517
53.49981069564819,4516
53.6348512172699,4515
53.77541470527649,4514
53.9199161529541,4513
54.06608319282532,4512
54.21468210220337,4511
54.36594319343567,4510
54.51831412315369,4509
54.671152114868164,4508
54.808523178100586,4507
54.94411110877991,4506
55.08008575439453,4505
55.22250294685364,4504
55.369465589523315,4503
55.5174605846405,4502
55.661659717559814,4501
55.799140214920044,4500
55.93539118766785,4499
56.07117795944214,4498
56.20852851867676,4497
56.34543442726135,4496
56.48078799247742,4495
56.61546063423157,4494
56.75899863243103,4493
56.895729780197144,4492
57.03737473487854,4491
57.17860126495361,4490
57.31572651863098,4489
57.44704818725586,4488
57.575127363204956,4487
57.70738482475281,4486
57.841362714767456,4485
57.97516846656799,4484
58.112454891204834,4483
58.251919746398926,4482
58.393492698669434,4481
58.536022663116455,4480
58.66998744010925,4479
58.80120325088501,4478
58.93629026412964,4477
59.06932711601257,4476
59.20285987854004,4475
59.334662437438965,4474
59.46362090110779,4473
59.59449005126953,4472
59.72880983352661,4471
59.86249232292175,4470
59.99534797668457,4469
60.12604522705078,4468
60.25457286834717,4467
60.38316774368286,4466
60.511871099472046,4465
60.64321732521057,4464
60.778255224227905,4463
60.91428804397583,4462
61.05334520339966,4461
61.193923234939575,4460
61.33500790596008,4459
61.479188442230225,4458
61.614564418792725,4457
61.74733352661133,4456
61.88182067871094,4455
62.01340651512146,4454
62.14696407318115,4453
62.277005672454834,4452
62.40636467933655,4451
62.53682065010071,4450
62.668164014816284,4449
62.80278134346008,4448
62.93309259414673,4447
63.06234574317932,4446
63.19116163253784,4445
63.3200204372406,4444
63.45549440383911,4443
63.5948646068573,4442
63.74208927154541,4441
63.890392780303955,4440
64.04029583930969,4439
64.19127202033997,4438
64.34437775611877,4437
64.49990653991699,4436
64.64325428009033,4435
64.78225374221802,4434
64.92595434188843,4433
65.0662693977356,4432
65.21055054664612,4431
65.34506225585938,4430
65.48155188560486,4429
65.61930012702942,4428
65.75784134864807,4427
65.90419888496399,4426
66.04336261749268,4425
66.17856693267822,4424
66.31359934806824,4423
66.44804382324219,4422
66.58593368530273,4421
66.72980999946594,4420
66.87462830543518,4419
67.02070641517639,4418
67.16944909095764,4417
67.31982374191284,4416
67.47168612480164,4415
67.62472796440125,4414
67.7658486366272,4413
67.90582990646362,4412
68.04989385604858,4411
68.18901944160461,4410
68.3243727684021,4409
68.46160078048706,4408
68.5987594127655,4407
68.73953628540039,4406
68.88159608840942,4405
69.0193681716919,4404
69.14770603179932,4403
69.27618026733398,4402
69.40463614463806,4401
69.5358681678772,4400
69.67100763320923,4399
69.80665850639343,4398
69.94468331336975,4397
70.08428072929382,4396
70.22545576095581,4395
70.36767792701721,4394
70.5046591758728,4393
70.63766932487488,4392
70.77697348594666,4391
70.91481304168701,4390
71.05028915405273,4389
71.18601369857788,4388
71.32135438919067,4387
71.45464181900024,4386
71.58480596542358,4385
71.71723484992981,4384
71.84956359863281,4383
71.98091530799866,4382
72.10998225212097,4381
72.24753785133362,4380
72.37912774085999,4379
72.50636029243469,4378
72.63379907608032,4377
72.76280045509338,4376
72.8897979259491,4375
73.01645922660828,4374
73.14404010772705,4373
73.27230310440063,4372
73.40072274208069,4371
73.53088784217834,4370
73.66419768333435,4369
73.80358219146729,4368
73.94199275970459,4367
74.07912540435791,4366
74.21687030792236,4365
74.35440230369568,4364
74.49274158477783,4363
74.63036036491394,4362
74.76858162879944,4361
74.90708494186401,4360
75.04310083389282,4359
75.18023633956909,4358
75.31772327423096,4357
75.45243859291077,4356
75.58808732032776,4355
75.72883296012878,4354
75.87310528755188,4353
76.0116810798645,4352
76.15745139122009,4351
76.30127954483032,4350
76.43804955482483,4349
76.57489585876465,4348
76.71220874786377,4347
76.8468370437622,4346
76.98337531089783,4345
77.12585401535034,4344
77.26808166503906,4343
77.410404920578,4342
77.5567638874054,4341
77.69477248191833,4340
77.83001947402954,4339
77.96483087539673,4338
78.0985460281372,4337
78.2329912185669,4336
78.37166929244995,4335
78.51546859741211,4334
78.65413212776184,4333
78.7996153831482,4332
78.93577218055725,4331
79.06492376327515,4330
79.19602465629578,4329
79.32495427131653,4328
79.45309472084045,4327
79.58391952514648,4326
79.71969103813171,4325
79.85327887535095,4324
79.98823952674866,4323
80.12409377098083,4322
80.25395393371582,4321
80.38441014289856,4320
80.5152587890625,4319
80.64362931251526,4318
80.77485799789429,4317
80.90936326980591,4316
81.04504036903381,4315
81.17930150032043,4314
81.31950521469116,4313
81.45176887512207,4312
81.58212494850159,4311
81.71315240859985,4310
81.84225296974182,4309
81.9718062877655,4308
82.10330200195312,4307
82.23825120925903,4306
82.37157368659973,4305
82.50952363014221,4304
82.64378952980042,4303
82.77294301986694,4302
82.90192556381226,4301
83.0301787853241,4300
83.15744996070862,4299
83.28557276725769,4298
83.41810178756714,4297
83.54947304725647,4296
83.68351221084595,4295
83.81846857070923,4294
83.94684100151062,4293
84.07616376876831,4292
84.20770788192749,4291
84.33472847938538,4290
84.46185803413391,4289
84.59304594993591,4288
84.72941637039185,4287
84.86678433418274,4286
85.0070276260376,4285
85.14532160758972,4284
85.28092932701111,4283
85.4178249835968,4282
85.55189657211304,4281
85.68570590019226,4280
85.82159090042114,4279
85.96340727806091,4278
86.10383772850037,4277
86.24417781829834,4276
86.3881938457489,4275
86.52468729019165,4274
86.66071557998657,4273
86.80215692520142,4272
86.93556499481201,4271
87.06948494911194,4270
87.20854473114014,4269
87.3512442111969,4268
87.49168586730957,4267
87.63436317443848,4266
87.77668261528015,4265
87.91131019592285,4264
88.04716300964355,4263
88.18211650848389,4262
88.31481695175171,4261
88.44897794723511,4260
88.58813762664795,4259
88.73236060142517,4258
88.86869287490845,4257
89.01129221916199,4256
89.14951133728027,4255
89.28396916389465,4254
89.41940307617188,4253
89.55320858955383,4252
89.6862518787384,4251
89.82227349281311,4250
89.96446108818054,4249
90.1088478565216,4248
90.24963164329529,4247
90.38630509376526,4246
90.51659440994263,4245
90.64732766151428,4244
90.77818655967712,4243
90.90613150596619,4242
91.03487634658813,4241
91.16676712036133,4240
91.30226182937622,4239
91.43358135223389,4238
91.56951308250427,4237
91.7065908908844,4236
91.83626699447632,4235
91.96701717376709,4234
92.09702634811401,4233
92.22517156600952,4232
92.35522270202637,4231
92.48932909965515,4230
92.62923455238342,4229
92.76434516906738,4228
92.90148973464966,4227
93.03137040138245,4226
93.16156792640686,4225
93.29191303253174,4224
93.42070579528809,4223
93.54895281791687,4222
93.68036890029907,4221
93.81478118896484,4220
93.9482011795044,4219
94.08469533920288,4218
94.21936869621277,4217
94.34898805618286,4216
94.47981286048889,4215
94.6098198890686,4214
94.73923182487488,4213
94.86857104301453,4212
95.00181341171265,4211
95.1370165348053,4210
95.27084684371948,4209
95.40836024284363,4208
95.54079675674438,4207
95.67219948768616,4206
95.80436277389526,4205
95.93436622619629,4204
96.06231379508972,4203
96.19319248199463,4202
96.3250412940979,4201
96.45850253105164,4200
96.59279465675354,4199
96.72854423522949,4198
96.85717415809631,4197
96.98816108703613,4196
97.12510466575623,4195
97.25787925720215,4194
97.38666725158691,4193
97.51841235160828,4192
97.653644323349,4191
97.78841209411621,4190
97.9247236251831,4189
98.06073117256165,4188
98.195467710495,4187
98.33207154273987,4186
98.46882891654968,4185
98.60360741615295,4184
98.73972654342651,4183
98.88002943992615,4182
99.02560138702393,4181
99.1633358001709,4180
99.30806684494019,4179
99.44983506202698,4178
99.58511090278625,4177
99.72163128852844,4176
99.85149836540222,4175
99.98001337051392,4174
100.10849523544312,4173
100.24028825759888,4172
100.37688517570496,4171
100.50732111930847,4170
100.63691663742065,4169
100.76755380630493,4168
100.89768862724304,4167
101.03033137321472,4166
101.16515731811523,4165
101.3014566898346,4164
101.43810391426086,4163
101.57297086715698,4162
101.71407008171082,4161
101.85215902328491,4160
101.97841024398804,4159
102.10522603988647,4158
102.23405933380127,4157
102.35910487174988,4156
102.4830870628357,4155
102.6085262298584,4154
102.73793268203735,4153
102.86908507347107,4152
103.00370812416077,4151
103.14370608329773,4150
103.28626370429993,4149
103.42493343353271,4148
103.5629951953888,4147
103.70187568664551,4146
103.84079360961914,4145
103.98023104667664,4144
104.12001991271973,4143
104.26202988624573,4142
104.40453481674194,4141
104.5474739074707,4140
104.6906967163086,4139
104.83269119262695,4138
104.97508692741394,4137
105.11802840232849,4136
105.26025176048279,4135
105.39903092384338,4134
105.54033064842224,4133
105.68447494506836,4132
105.82688641548157,4131
105.96866464614868,4130
106.10969829559326,4129
106.24997138977051,4128
106.38970375061035,4127
106.5289375782013,4126
106.66952157020569,4125
106.80979561805725,4124
106.94965028762817,4123
107.08839273452759,4122
107.22823810577393,4121
107.36870121955872,4120
107.5095362663269,4119
107.64885520935059,4118
107.78940105438232,4117
107.92604565620422,4116
108.06031465530396,4115
108.19725823402405,4114
108.33301377296448,4113
108.47315049171448,4112
108.60512399673462,4111
108.73479080200195,4110
108.86259198188782,4109
108.99001288414001,4108
109.12099361419678,4107
109.25527596473694,4106
109.39073133468628,4105
109.52795433998108,4104
109.666832447052,4103
109.81007742881775,4102
109.95137763023376,4101
110.08205795288086,4100
110.21210145950317,4099
110.3419508934021,4098
110.47277593612671,4097
110.60921001434326,4096
110.74372959136963,4095
110.88340616226196,4094
111.01629114151001,4093
111.14504528045654,4092
111.27339315414429,4091
111.40180897712708,4090
111.53115034103394,4089
111.6601812839508,4088
111.79022192955017,4087
111.91804838180542,4086
112.04638862609863,4085
112.17617917060852,4084
112.30398774147034,4083
112.43668866157532,4082
112.56931233406067,4081
112.70019149780273,4080
112.82852816581726,4079
112.95755076408386,4078
113.08579659461975,4077
113.21625018119812,4076
113.3499026298523,4075
113.48600244522095,4074
113.62404203414917,4073
113.76415824890137,4072
113.90556073188782,4071
114.04753971099854,4070
114.18448209762573,4069
114.31627917289734,4068
114.44780778884888,4067
114.58814001083374,4066
114.72718024253845,4065
114.86883878707886,4064
115.00566148757935,4063
115.13948249816895,4062
115.27627611160278,4061
115.4138514995575,4060
115.55143141746521,4059
115.69377708435059,4058
115.83355498313904,4057
115.96715354919434,4056
116.10027122497559,4055
116.2341570854187,4054
116.36873459815979,4053
116.50832438468933,4052
116.65257382392883,4051
116.81522274017334,4050
116.96337604522705,4049
117.11391854286194,4048
117.26529312133789,4047
117.41777396202087,4046
117.5716495513916,4045
117.72096276283264,4044
117.86177587509155,4043
118.00837445259094,4042
118.15539193153381,4041
118.30339026451111,4040
118.44623589515686,4039
118.581228017807,4038
118.71712303161621,4037
118.8544533252716,4036
118.99110341072083,4035
119.13057923316956,4034
119.27169013023376,4033
119.41023349761963,4032
119.54424953460693,4031
119.67964029312134,4030
119.81348967552185,4029
119.9513533115387,4028
120.0871434211731,4027
120.22214126586914,4026
120.35894703865051,4025
120.49733138084412,4024
120.63730025291443,4023
120.77966213226318,4022
120.92133140563965,4021
121.0534975528717,4020
121.18629288673401,4019
121.3214864730835,4018
121.45218992233276,4017
121.57963705062866,4016
121.70981168746948,4015
121.84094262123108,4014
121.97159576416016,4013
122.10484194755554,4012
122.23711681365967,4011
122.36845874786377,4010
122.49573707580566,4009
122.62251615524292,4008
122.75120997428894,4007
122.88109421730042,4006
123.01385164260864,4005
123.14812207221985,4004
123.28432416915894,4003
123.42214703559875,4002
123.56116056442261,4001
123.70252847671509,4000
123.83887505531311,3999
123.97003722190857,3998
124.106276512146,3997
124.24156165122986,3996
124.36933159828186,3995
124.49839901924133,3994
124.62880277633667,3993
124.76095366477966,3992
124.89429378509521,3991
125.0277202129364,3990
125.15817523002625,3989
125.28627562522888,3988
125.4146728515625,3987
125.54291296005249,3986
125.67462539672852,3985
125.80889868736267,3984
125.94402122497559,3983
126.08111262321472,3982
126.2194356918335,3981
126.3547010421753,3980
126.49295425415039,3979
126.63620615005493,3978
126.77228355407715,3977
126.90956997871399,3976
127.04507541656494,3975
127.17518544197083,3974
127.30275988578796,3973
127.43160605430603,3972
127.56092953681946,3971
127.69295501708984,3970
127.82570266723633,3969
127.9568510055542,3968
128.0838851928711,3967
128.21927762031555,3966
128.34431338310242,3965
128.46909165382385,3964
128.59637117385864,3963
128.7275333404541,3962
128.85937666893005,3961
128.99265217781067,3960
129.12667155265808,3959
129.26170134544373,3958
129.39809155464172,3957
129.53416776657104,3956
129.67220544815063,3955
129.81654167175293,3954
129.96016669273376,3953
130.09323143959045,3952
130.2292718887329,3951
130.3659279346466,3950
130.50158596038818,3949
130.6422779560089,3948
130.7849144935608,3947
130.92238879203796,3946
131.05582189559937,3945
131.189923286438,3944
131.32355523109436,3943
131.45967626571655,3942
131.60081720352173,3941
131.74976658821106,3940
131.89677333831787,3939
132.04571223258972,3938
132.19482159614563,3937
132.34597301483154,3936
132.49977779388428,3935
132.65343070030212,3934
132.7962818145752,3933
132.9321208000183,3932
133.06776571273804,3931
133.20466661453247,3930
133.34058809280396,3929
133.476708650589,3928
133.6127154827118,3927
133.74971318244934,3926
133.8850803375244,3925
134.02084875106812,3924
134.15632891654968,3923
134.29181432724,3922
134.42536664009094,3921
134.566575050354,3920
134.70685839653015,3919
134.8386194705963,3918
134.9669885635376,3917
135.09276914596558,3916
135.21891522407532,3915
135.34532856941223,3914
135.4719524383545,3913
135.59911632537842,3912
135.72692131996155,3911
135.8548493385315,3910
135.98523235321045,3909
136.12182450294495,3908
136.25859546661377,3907
136.39484524726868,3906
136.5292341709137,3905
136.66516518592834,3904
136.80336618423462,3903
136.93937730789185,3902
137.0756072998047,3901
137.2126202583313,3900
137.35325264930725,3899
137.48960161209106,3898
137.62582111358643,3897
137.7631754875183,3896
137.899644613266,3895
138.03669953346252,3894
138.17283582687378,3893
138.30910325050354,3892
138.44530868530273,3891
138.58230757713318,3890
138.71968150138855,3889
138.85483241081238,3888
138.99272179603577,3887
139.13093042373657,3886
139.2681610584259,3885
139.4052951335907,3884
139.54304814338684,3883
139.6795482635498,3882
139.81593322753906,3881
139.95168256759644,3880
140.08802962303162,3879
140.22522926330566,3878
140.36401677131653,3877
140.49979996681213,3876
140.6358082294464,3875
140.7740023136139,3874
140.9106743335724,3873
141.05348205566406,3872
141.18958926200867,3871
141.3261604309082,3870
141.46331191062927,3869
141.59870719909668,3868
141.73366832733154,3867
141.86829257011414,3866
142.00474381446838,3865
142.1415605545044,3864
142.2775523662567,3863
142.41323947906494,3862
142.55017614364624,3861
142.68861532211304,3860
142.82540130615234,3859
142.9614531993866,3858
143.10212111473083,3857
143.23882579803467,3856
143.3759744167328,3855
143.51568913459778,3854
143.65132403373718,3853
143.78865361213684,3852
143.92518877983093,3851
144.06076383590698,3850
144.1968343257904,3849
144.33221888542175,3848
144.46791434288025,3847
144.60434103012085,3846
144.7414631843567,3845
144.8780198097229,3844
145.01349544525146,3843
145.14919686317444,3842
145.2851734161377,3841
145.42148613929749,3840
145.55730080604553,3839
145.69432592391968,3838
145.8287959098816,3837
145.96370816230774,3836
146.09846782684326,3835
146.2312786579132,3834
146.36003589630127,3833
146.49325466156006,3832
146.625497341156,3831
146.7620792388916,3830
146.89793133735657,3829
147.03118443489075,3828
147.16827750205994,3827
147.300297498703,3826
147.4361011981964,3825
147.5724332332611,3824
147.70942974090576,3823
147.84515500068665,3822
147.9810597896576,3821
148.11837029457092,3820
148.25521755218506,3819
148.3914041519165,3818
148.5274384021759,3817
148.66641688346863,3816
148.80415797233582,3815
148.93951106071472,3814
149.07516431808472,3813
149.21116185188293,3812
149.34756636619568,3811
149.48346614837646,3810
149.6192409992218,3809
149.75648307800293,3808
149.89272165298462,3807
150.02854323387146,3806
150.16448998451233,3805
150.3008155822754,3804
150.43766474723816,3803
150.57381868362427,3802
150.7108907699585,3801
150.84672045707703,3800
150.98353791236877,3799
151.11976718902588,3798
151.2557191848755,3797
151.39214420318604,3796
151.52933406829834,3795
151.6667206287384,3794
151.80613112449646,3793
151.94281578063965,3792
152.07959508895874,3791
152.21531581878662,3790
152.3479814529419,3789
152.47718501091003,3788
152.6059947013855,3787
152.7351312637329,3786
152.86312532424927,3785
152.9934983253479,3784
153.12795162200928,3783
153.26042127609253,3782
153.3953893184662,3781
153.53061294555664,3780
153.66593217849731,3779
153.8018982410431,3778
153.9344024658203,3777
154.06972789764404,3776
154.20503783226013,3775
154.3388431072235,3774
154.46847224235535,3773
154.60579872131348,3772
154.73532223701477,3771
154.8610394001007,3770
154.9872567653656,3769
155.11405420303345,3768
155.2403700351715,3767
155.36651968955994,3766
155.49280834197998,3765
155.61925339698792,3764
155.74661588668823,3763
155.87585473060608,3762
156.0082037448883,3761
156.14531207084656,3760
156.2809820175171,3759
156.41648840904236,3758
156.55211639404297,3757
156.68816995620728,3756
156.82353234291077,3755
156.95950865745544,3754
157.09467792510986,3753
157.22985911369324,3752
157.36274480819702,3751
157.4981813430786,3750
157.63366293907166,3749
157.77112126350403,3748
157.90739512443542,3747
158.04358744621277,3746
158.1813886165619,3745
158.31883358955383,3744
158.45195746421814,3743
158.58807015419006,3742
158.72557258605957,3741
158.85937809944153,3740
158.9936876296997,3739
159.1313772201538,3738
159.2740523815155,3737
159.41659498214722,3736
159.55355310440063,3735
159.6912808418274,3734
159.82784152030945,3733
159.9644331932068,3732
160.10206747055054,3731
160.23910403251648,3730
160.38252544403076,3729
160.5294919013977,3728
160.67797183990479,3727
160.82526087760925,3726
160.9739954471588,3725
161.12230801582336,3724
161.26372981071472,3723
161.40061974525452,3722
161.536554813385,3721
161.67397594451904,3720
161.81103801727295,3719
161.94816398620605,3718
162.08058071136475,3717
162.21306824684143,3716
162.351304769516,3715
162.48476910591125,3714
162.61765217781067,3713
162.7506411075592,3712
162.8828558921814,3711
163.0151286125183,3710
163.14679861068726,3709
163.27840280532837,3708
163.41490650177002,3707
163.55205392837524,3706
163.68666100502014,3705
163.81723976135254,3704
163.94922971725464,3703
164.08189797401428,3702
164.2113494873047,3701
164.33960580825806,3700
164.46887636184692,3699
164.5994791984558,3698
164.73040413856506,3697
164.85769939422607,3696
164.98463487625122,3695
165.11261105537415,3694
165.24624824523926,3693
165.38267064094543,3692
165.52079916000366,3691
165.6609330177307,3690
165.79524326324463,3689
165.92531275749207,3688
166.05686473846436,3687
166.18840408325195,3686
166.32046675682068,3685
166.45468163490295,3684
166.59158778190613,3683
166.72440838813782,3682
166.85722494125366,3681
166.98972487449646,3680
167.12235379219055,3679
167.25958490371704,3678
167.3977153301239,3677
167.53903079032898,3676
167.67753887176514,3675
167.81792974472046,3674
167.95842957496643,3673
168.09917306900024,3672
168.24001049995422,3671
168.38040804862976,3670
168.52149057388306,3669
168.65969038009644,3668
168.7987244129181,3667
168.93585324287415,3666
169.07414197921753,3665
169.2128779888153,3664
169.35114932060242,3663
169.49004006385803,3662
169.6288640499115,3661
169.76897025108337,3660
169.90784311294556,3659
170.04749393463135,3658
170.18661189079285,3657
170.32548069953918,3656
170.46092820167542,3655
170.5950903892517,3654
170.7329065799713,3653
170.8690528869629,3652
171.00836372375488,3651
171.1482481956482,3650
171.28436160087585,3649
171.41899466514587,3648
171.55189752578735,3647
171.68796467781067,3646
171.829683303833,3645
171.97408819198608,3644
172.1197874546051,3643
172.2671356201172,3642
172.41771125793457,3641
172.57004237174988,3640
172.72354412078857,3639
172.85701656341553,3638
172.98420071601868,3637
173.11219811439514,3636
173.2400667667389,3635
173.37289547920227,3634
173.50958967208862,3633
173.64624428749084,3632
173.78351831436157,3631
173.91301774978638,3630
174.043710231781,3629
174.17377829551697,3628
174.30332899093628,3627
174.43464922904968,3626
174.56649827957153,3625
174.6981556415558,3624
174.82613134384155,3623
174.95436000823975,3622
175.08680844306946,3621
175.2174472808838,3620
175.35047149658203,3619
175.481342792511,3618
175.60914707183838,3617
175.73786211013794,3616
175.8651430606842,3615
175.99262619018555,3614
176.12494564056396,3613
176.25865721702576,3612
176.3950846195221,3611
176.53411889076233,3610
176.6738395690918,3609
176.81352400779724,3608
176.95515179634094,3607
177.08929061889648,3606
177.21947169303894,3605
177.34954833984375,3604
177.4841651916504,3603
177.62138271331787,3602
177.75490069389343,3601
177.88552951812744,3600
178.018048286438,3599
178.14703559875488,3598
178.27519845962524,3597
178.4029643535614,3596
178.5327172279358,3595
178.66375303268433,3594
178.7935779094696,3593
178.9257025718689,3592
179.05807876586914,3591
179.1833975315094,3590
179.3085377216339,3589
179.43587398529053,3588
179.566912651062,3587
179.69634103775024,3586
179.82767915725708,3585
179.96107816696167,3584
180.09616613388062,3583
180.23246002197266,3582
180.37082314491272,3581
180.5089566707611,3580
180.64817833900452,3579
180.78227710723877,3578
180.91234588623047,3577
181.04633855819702,3576
181.17477416992188,3575
181.3007071018219,3574
181.42930030822754,3573
181.55438709259033,3572
181.67816829681396,3571
181.80392694473267,3570
181.92953252792358,3569
182.05624914169312,3568
182.1857192516327,3567
182.31539177894592,3566
182.4485960006714,3565
182.58276391029358,3564
182.71793961524963,3563
182.85177564620972,3562
182.990003824234,3561
183.13391852378845,3560
183.27543544769287,3559
183.421452999115,3558
183.56929349899292,3557
183.72109723091125,3556
183.87340927124023,3555
184.02656745910645,3554
184.18081331253052,3553
184.32098126411438,3552
184.46424221992493,3551
184.6106743812561,3550
184.75714993476868,3549
184.90368366241455,3548
185.04665088653564,3547
185.18047308921814,3546
185.31501150131226,3545
185.45163321495056,3544
185.58865523338318,3543
185.7292342185974,3542
185.8701319694519,3541
186.00963306427002,3540
186.14454317092896,3539
186.27927708625793,3538
186.41260647773743,3537
186.54628920555115,3536
186.68724274635315,3535
186.83077764511108,3534
186.97547125816345,3533
187.12160110473633,3532
187.2696225643158,3531
187.41993021965027,3530
187.57065272331238,3529
187.72370839118958,3528
187.87701725959778,3527
188.0151002407074,3526
188.14692521095276,3525
188.2832362651825,3524
188.4193742275238,3523
188.55428552627563,3522
188.68123579025269,3521
188.8083393573761,3520
188.93724608421326,3519
189.06679010391235,3518
189.19750714302063,3517
189.33055019378662,3516
189.46188950538635,3515
189.59092020988464,3514
189.71909713745117,3513
189.84697771072388,3512
189.9743151664734,3511
190.10450863838196,3510
190.237779378891,3509
190.3762810230255,3508
190.51258969306946,3507
190.64982748031616,3506
190.7890830039978,3505
190.92933654785156,3504
191.07090497016907,3503
191.20395803451538,3502
191.3352084159851,3501
191.47144389152527,3500
191.60789108276367,3499
191.74232029914856,3498
191.8691370487213,3497
191.9966106414795,3496
192.12658739089966,3495
192.25611090660095,3494
192.38617396354675,3493
192.51979064941406,3492
192.649023771286,3491
192.77734756469727,3490
192.90343856811523,3489
193.03024291992188,3488
193.1570463180542,3487
193.2889702320099,3486
193.42127919197083,3485
193.55541920661926,3484
193.69184684753418,3483
193.82763242721558,3482
193.9708490371704,3481
194.11850261688232,3480
194.2724449634552,3479
194.4156517982483,3478
194.55177354812622,3477
194.69640588760376,3476
194.84006214141846,3475
194.97713971138,3474
195.1103072166443,3473
195.24560284614563,3472
195.3821303844452,3471
195.519357919693,3470
195.66079330444336,3469
195.8017704486847,3468
195.9381926059723,3467
196.07202863693237,3466
196.20576429367065,3465
196.33864188194275,3464
196.47466802597046,3463
196.61662483215332,3462
196.76188039779663,3461
196.90693926811218,3460
197.0533311367035,3459
197.20222997665405,3458
197.3528151512146,3457
197.50396728515625,3456
197.65630221366882,3455
197.81116318702698,3454
197.94971108436584,3453
198.08547043800354,3452
198.22087597846985,3451
198.3565809726715,3450
198.49298405647278,3449
198.62901949882507,3448
198.76519656181335,3447
198.90092515945435,3446
199.0370695590973,3445
199.17324542999268,3444
199.3055624961853,3443
199.4410161972046,3442
199.5707995891571,3441
199.70240759849548,3440
199.83689522743225,3439
199.9630606174469,3438
200.08896207809448,3437
200.21551203727722,3436
200.34165239334106,3435
200.46772480010986,3434
200.59308767318726,3433
200.71981930732727,3432
200.8463454246521,3431
200.97335243225098,3430
201.1017084121704,3429
201.23599791526794,3428
201.37256693840027,3427
201.50888109207153,3426
201.6449282169342,3425
201.7809283733368,3424
201.92081832885742,3423
202.05750560760498,3422
202.19303011894226,3421
202.32873129844666,3420
202.46420216560364,3419
202.60055446624756,3418
202.7357153892517,3417
202.8714611530304,3416
203.00690913200378,3415
203.14201593399048,3414
203.27759671211243,3413
203.41346383094788,3412
203.54947662353516,3411
203.6847949028015,3410
203.8194329738617,3409
203.95524048805237,3408
204.09035658836365,3407
204.2256236076355,3406
204.35982036590576,3405
204.49271321296692,3404
204.62779712677002,3403
204.763897895813,3402
204.89915895462036,3401
205.03496956825256,3400
205.17185235023499,3399
205.30860114097595,3398
205.44481444358826,3397
205.57945656776428,3396
205.71545004844666,3395
205.85210132598877,3394
205.98498010635376,3393
206.11822700500488,3392
206.25313782691956,3391
206.38691687583923,3390
206.5163450241089,3389
206.64476466178894,3388
206.776526927948,3387
206.9159300327301,3386
207.05389785766602,3385
207.18853116035461,3384
207.32513976097107,3383
207.45762944221497,3382
239.99135279655457,3381
