0.722322940826416,4897
0.8474183082580566,4896
0.9751462936401367,4895
1.1055903434753418,4894
1.2309966087341309,4893
1.3577804565429688,4892
1.485316276550293,4891
1.6159584522247314,4890
1.7456507682800293,4889
1.8750364780426025,4888
2.0064501762390137,4887
2.1342270374298096,4886
2.2609193325042725,4885
2.391918182373047,4884
2.519157886505127,4883
2.6442174911499023,4882
2.7702343463897705,4881
2.9003422260284424,4880
3.030362606048584,4879
3.1597859859466553,4878
3.2910711765289307,4877
3.4205052852630615,4876
3.549894332885742,4875
3.6805198192596436,4874
3.8123879432678223,4873
3.937845468521118,4872
4.062324047088623,4871
4.190176963806152,4870
4.316389322280884,4869
4.446626663208008,4868
4.57764196395874,4867
4.708235025405884,4866
4.838022947311401,4865
4.965381145477295,4864
5.095480918884277,4863
5.223097324371338,4862
5.3491668701171875,4861
5.476258754730225,4860
5.602696895599365,4859
5.730048179626465,4858
5.860995769500732,4857
5.990535259246826,4856
6.120433807373047,4855
6.25089168548584,4854
6.379053115844727,4853
6.507132291793823,4852
6.63297438621521,4851
6.75761079788208,4850
6.882423400878906,4849
7.0086376667022705,4848
7.137164115905762,4847
7.267198801040649,4846
7.396420240402222,4845
7.526040077209473,4844
7.652609825134277,4843
7.777466058731079,4842
7.90387225151062,4841
8.029783725738525,4840
8.15390419960022,4839
8.277958393096924,4838
8.406140327453613,4837
8.5343177318573,4836
8.664153575897217,4835
8.7916579246521,4834
8.917835474014282,4833
9.046303987503052,4832
9.172460794448853,4831
9.30025029182434,4830
9.426866054534912,4829
9.556612491607666,4828
9.685647964477539,4827
9.812795877456665,4826
9.944230079650879,4825
10.06908917427063,4824
10.191647052764893,4823
10.313874244689941,4822
10.439643621444702,4821
10.564480543136597,4820
10.692196130752563,4819
10.817743062973022,4818
10.945213794708252,4817
11.07326340675354,4816
11.19983720779419,4815
11.329267501831055,4814
11.460788011550903,4813
11.593510627746582,4812
11.723988771438599,4811
11.855216026306152,4810
11.987157583236694,4809
12.118216276168823,4808
12.248637676239014,4807
12.380080223083496,4806
12.51160192489624,4805
12.643127679824829,4804
12.774641990661621,4803
12.909072875976562,4802
13.040616035461426,4801
13.171504259109497,4800
13.303441286087036,4799
13.435089111328125,4798
13.565407752990723,4797
13.697149515151978,4796
13.829133033752441,4795
13.960139751434326,4794
14.091544389724731,4793
14.22309160232544,4792
14.354694843292236,4791
14.485108375549316,4790
14.616777658462524,4789
14.748634576797485,4788
14.879380464553833,4787
15.010905027389526,4786
15.14246678352356,4785
15.273833513259888,4784
15.404481172561646,4783
15.536205530166626,4782
15.670262336730957,4781
15.8033447265625,4780
15.934266567230225,4779
16.066047430038452,4778
16.196941375732422,4777
16.32771611213684,4776
16.458627223968506,4775
16.592005014419556,4774
16.722991943359375,4773
16.853193998336792,4772
16.984278202056885,4771
17.11462640762329,4770
17.2451012134552,4769
17.376434326171875,4768
17.504492044448853,4767
17.630679845809937,4766
17.757434844970703,4765
17.884759187698364,4764
18.0107479095459,4763
18.13981056213379,4762
18.26956844329834,4761
18.395986318588257,4760
18.52247643470764,4759
18.648910760879517,4758
18.77600646018982,4757
18.90223240852356,4756
19.02865743637085,4755
19.155078411102295,4754
19.282750606536865,4753
19.40835976600647,4752
19.535459518432617,4751
19.6616153717041,4750
19.789222240447998,4749
19.918166875839233,4748
20.045658349990845,4747
20.172956943511963,4746
20.299350261688232,4745
20.426369428634644,4744
20.552542686462402,4743
20.680737018585205,4742
20.806731462478638,4741
20.9343204498291,4740
21.060322523117065,4739
21.187547206878662,4738
21.314416646957397,4737
21.43997812271118,4736
21.56650471687317,4735
21.6921169757843,4734
21.819272994995117,4733
21.944986820220947,4732
22.072608709335327,4731
22.200073719024658,4730
22.32691788673401,4729
22.455023527145386,4728
22.583704233169556,4727
22.710898637771606,4726
22.838056087493896,4725
22.96800684928894,4724
23.09498119354248,4723
23.22303581237793,4722
23.352925539016724,4721
23.48093056678772,4720
23.609469890594482,4719
23.741129159927368,4718
23.871978998184204,4717
24.002328634262085,4716
24.133944749832153,4715
24.264999389648438,4714
24.395992755889893,4713
24.526448011398315,4712
24.660382986068726,4711
24.791133403778076,4710
24.92154026031494,4709
25.053288221359253,4708
25.184497356414795,4707
25.315008401870728,4706
25.44587278366089,4705
25.577238082885742,4704
25.708290338516235,4703
25.838716745376587,4702
25.969833374023438,4701
26.101094245910645,4700
26.23354196548462,4699
26.366427183151245,4698
26.4976749420166,4697
26.628265380859375,4696
26.75840425491333,4695
26.889674425125122,4694
27.020301342010498,4693
27.15190315246582,4692
27.28228735923767,4691
27.413193941116333,4690
27.543876886367798,4689
27.674377918243408,4688
27.80461812019348,4687
27.93519926071167,4686
28.06497025489807,4685
28.195032119750977,4684
28.32623839378357,4683
28.4561550617218,4682
28.58593463897705,4681
28.71629309654236,4680
28.84883761405945,4679
28.97854518890381,4678
29.10854196548462,4677
29.239734411239624,4676
29.36898922920227,4675
29.498745918273926,4674
29.62777876853943,4673
29.75411319732666,4672
29.880902528762817,4671
30.006995916366577,4670
30.132676601409912,4669
30.259005784988403,4668
30.38462734222412,4667
30.51068615913391,4666
30.63667869567871,4665
30.76299214363098,4664
30.890300035476685,4663
31.0168879032135,4662
31.14420247077942,4661
31.270118951797485,4660
31.396854400634766,4659
31.52383542060852,4658
31.649750471115112,4657
31.776428937911987,4656
31.902076959609985,4655
32.02910280227661,4654
32.15650153160095,4653
32.283995151519775,4652
32.410475969314575,4651
32.53704905509949,4650
32.663548707962036,4649
32.789647340774536,4648
32.91687369346619,4647
33.04275465011597,4646
33.16979742050171,4645
33.29570150375366,4644
33.42236089706421,4643
33.54840874671936,4642
33.67610812187195,4641
33.80299425125122,4640
33.93091893196106,4639
34.061224937438965,4638
34.187872648239136,4637
34.31619906425476,4636
34.44442868232727,4635
34.572206258773804,4634
34.699469327926636,4633
34.82784581184387,4632
34.95523929595947,4631
35.083176136016846,4630
35.21183443069458,4629
35.33937954902649,4628
35.46734595298767,4627
35.5948531627655,4626
35.72323656082153,4625
35.84859895706177,4624
35.97497749328613,4623
36.10433840751648,4622
36.23056173324585,4621
36.357250690460205,4620
36.48315191268921,4619
36.61117601394653,4618
36.73916792869568,4617
36.872100830078125,4616
37.00475740432739,4615
37.13241171836853,4614
37.261099338531494,4613
37.39026117324829,4612
37.51747488975525,4611
37.64467811584473,4610
37.77222657203674,4609
37.90251970291138,4608
38.030428647994995,4607
38.1566162109375,4606
38.282578468322754,4605
38.40808033943176,4604
38.53508019447327,4603
38.66493082046509,4602
38.792973041534424,4601
38.92129039764404,4600
39.04872012138367,4599
39.17762899398804,4598
39.30397081375122,4597
39.429341077804565,4596
39.55712866783142,4595
39.68169856071472,4594
39.80472207069397,4593
39.93123269081116,4592
40.059887647628784,4591
40.18774127960205,4590
40.31446957588196,4589
40.44426441192627,4588
40.57152199745178,4587
40.69922876358032,4586
40.82815718650818,4585
40.952635049819946,4584
41.07855725288391,4583
41.20647168159485,4582
41.33138990402222,4581
41.4572811126709,4580
41.5846049785614,4579
41.71398329734802,4578
41.84241223335266,4577
41.97045159339905,4576
42.09956359863281,4575
42.22622108459473,4574
42.35438942909241,4573
42.480379819869995,4572
42.60690689086914,4571
42.73397088050842,4570
42.857423067092896,4569
42.98399639129639,4568
43.109562158584595,4567
43.23735427856445,4566
43.36647009849548,4565
43.493056535720825,4564
43.62256121635437,4563
43.74892282485962,4562
43.8775417804718,4561
44.0028133392334,4560
44.130889654159546,4559
44.257657051086426,4558
44.38267779350281,4557
44.507566690444946,4556
44.632134437561035,4555
44.760984659194946,4554
44.891791343688965,4553
45.02017140388489,4552
45.150123834609985,4551
45.27927780151367,4550
45.407691955566406,4549
45.53517746925354,4548
45.66397261619568,4547
45.79035186767578,4546
45.91574215888977,4545
46.04247760772705,4544
46.1675910949707,4543
46.29564547538757,4542
46.42774271965027,4541
46.557639360427856,4540
46.687151193618774,4539
46.817394733428955,4538
46.9483904838562,4537
47.07616138458252,4536
47.20653676986694,4535
47.334561586380005,4534
47.4613299369812,4533
47.584604263305664,4532
47.71177554130554,4531
47.840574979782104,4530
47.96954536437988,4529
48.09942102432251,4528
48.232229709625244,4527
48.362494468688965,4526
48.489436864852905,4525
48.61665201187134,4524
48.744622230529785,4523
48.869879484176636,4522
48.995349407196045,4521
49.12165665626526,4520
49.24868392944336,4519
49.37790632247925,4518
49.507580518722534,4517
49.63783240318298,4516
49.76726675033569,4515
49.89612340927124,4514
50.02178621292114,4513
50.14910268783569,4512
50.27460956573486,4511
50.40026521682739,4510
50.52566146850586,4509
50.65068769454956,4508
50.779699087142944,4507
50.908538579940796,4506
51.03814721107483,4505
51.167729139328,4504
51.297624349594116,4503
51.423774003982544,4502
51.548415184020996,4501
51.678507566452026,4500
51.80340123176575,4499
51.92583894729614,4498
52.05106449127197,4497
52.17842936515808,4496
52.3093147277832,4495
52.43781328201294,4494
52.56808066368103,4493
52.698468923568726,4492
52.8260612487793,4491
52.95261812210083,4490
53.08252787590027,4489
53.209272384643555,4488
53.33571982383728,4487
53.45911121368408,4486
53.58486843109131,4485
53.71082782745361,4484
53.839263916015625,4483
53.97161364555359,4482
54.099921464920044,4481
54.22960090637207,4480
54.35817766189575,4479
54.48644685745239,4478
54.611916065216064,4477
54.737980365753174,4476
54.864293575286865,4475
54.986621379852295,4474
55.112213373184204,4473
55.23841834068298,4472
55.36859059333801,4471
55.498889207839966,4470
55.626497983932495,4469
55.7561297416687,4468
55.88197994232178,4467
56.00899124145508,4466
56.13553237915039,4465
56.26107883453369,4464
56.3848659992218,4463
56.50874376296997,4462
56.6359806060791,4461
56.76549458503723,4460
56.89639687538147,4459
57.02544450759888,4458
57.15447378158569,4457
57.28205156326294,4456
57.408231258392334,4455
57.5353307723999,4454
57.661205768585205,4453
57.787423849105835,4452
57.9153618812561,4451
58.04175424575806,4450
58.17174577713013,4449
58.30181550979614,4448
58.432623624801636,4447
58.564536571502686,4446
58.69120407104492,4445
58.8195858001709,4444
58.945263385772705,4443
59.071558237075806,4442
59.197484493255615,4441
59.32297730445862,4440
59.452820777893066,4439
59.58208513259888,4438
59.71141219139099,4437
59.84080457687378,4436
59.96671175956726,4435
60.096328258514404,4434
60.22314739227295,4433
60.34782433509827,4432
60.4740252494812,4431
60.59971809387207,4430
60.72586488723755,4429
60.85454440116882,4428
60.983121395111084,4427
61.10970067977905,4426
61.235400676727295,4425
61.36216115951538,4424
61.488444566726685,4423
61.614272594451904,4422
61.74074196815491,4421
61.86705923080444,4420
61.9933557510376,4419
62.11970496177673,4418
62.249796628952026,4417
62.375200033187866,4416
62.49764323234558,4415
62.623502254486084,4414
62.74715065956116,4413
62.87220001220703,4412
63.0004563331604,4411
63.12339377403259,4410
63.244975566864014,4409
63.36909532546997,4408
63.4913330078125,4407
63.61780142784119,4406
63.746641874313354,4405
63.87653994560242,4404
64.00653100013733,4403
64.13598132133484,4402
64.2671365737915,4401
64.39731764793396,4400
64.52886128425598,4399
64.6614773273468,4398
64.79335498809814,4397
64.92355608940125,4396
65.05572462081909,4395
65.18578290939331,4394
65.31681513786316,4393
65.44625473022461,4392
65.576908826828,4391
65.7095239162445,4390
65.83924794197083,4389
65.96879363059998,4388
66.09790968894958,4387
66.22845888137817,4386
66.35731101036072,4385
66.4868278503418,4384
66.61621141433716,4383
66.74500727653503,4382
66.87691450119019,4381
67.00845003128052,4380
67.14118313789368,4379
67.26969170570374,4378
67.3990535736084,4377
67.52833199501038,4376
67.65818619728088,4375
67.78795051574707,4374
67.91712188720703,4373
68.04691076278687,4372
68.17600631713867,4371
68.30550622940063,4370
68.43502902984619,4369
68.56562089920044,4368
68.69558477401733,4367
68.82566285133362,4366
68.95641160011292,4365
69.0857527256012,4364
69.2160062789917,4363
69.34637546539307,4362
69.4769995212555,4361
69.60529136657715,4360
69.73209500312805,4359
69.85932064056396,4358
69.98500967025757,4357
70.11158227920532,4356
70.23898935317993,4355
70.36423420906067,4354
70.49235939979553,4353
70.61958861351013,4352
70.74855351448059,4351
70.87649202346802,4350
71.00631189346313,4349
71.13503837585449,4348
71.26308870315552,4347
71.39007329940796,4346
71.51698350906372,4345
71.64286541938782,4344
71.76903319358826,4343
71.89628481864929,4342
72.0229868888855,4341
72.15342330932617,4340
72.28258967399597,4339
72.41042113304138,4338
72.53605365753174,4337
72.66315841674805,4336
72.78879475593567,4335
72.91433310508728,4334
73.0405056476593,4333
73.1666886806488,4332
73.29158902168274,4331
73.41726875305176,4330
73.54443836212158,4329
73.66751885414124,4328
73.79266452789307,4327
73.91881656646729,4326
74.04449033737183,4325
74.17060089111328,4324
74.29663944244385,4323
74.42287039756775,4322
74.54611015319824,4321
74.67343974113464,4320
74.80021214485168,4319
74.92575359344482,4318
75.05159139633179,4317
75.17998576164246,4316
75.30673289299011,4315
75.43319797515869,4314
75.56041026115417,4313
75.68798232078552,4312
75.81547331809998,4311
75.94474816322327,4310
76.07555961608887,4309
76.20499920845032,4308
76.33461999893188,4307
76.46402907371521,4306
76.59312534332275,4305
76.72316074371338,4304
76.85255455970764,4303
76.9815981388092,4302
77.1116271018982,4301
77.24151015281677,4300
77.3708016872406,4299
77.49980139732361,4298
77.62848687171936,4297
77.75831604003906,4296
77.88966512680054,4295
78.0191535949707,4294
78.14760112762451,4293
78.2768657207489,4292
78.40804886817932,4291
78.5393397808075,4290
78.66912031173706,4289
78.79783391952515,4288
78.92813491821289,4287
79.05678606033325,4286
79.18608903884888,4285
79.31545925140381,4284
79.44401550292969,4283
79.57335948944092,4282
79.70393800735474,4281
79.83347678184509,4280
79.96222114562988,4279
80.09118843078613,4278
80.22180676460266,4277
80.3512213230133,4276
80.48354268074036,4275
80.61318230628967,4274
80.74356293678284,4273
80.87281131744385,4272
81.00170159339905,4271
81.13245248794556,4270
81.26229619979858,4269
81.39181923866272,4268
81.52159786224365,4267
81.65202307701111,4266
81.78210043907166,4265
81.91069960594177,4264
82.03943967819214,4263
82.16794157028198,4262
82.29359483718872,4261
82.4196138381958,4260
82.54640030860901,4259
82.67174339294434,4258
82.79712867736816,4257
82.92371487617493,4256
83.0500762462616,4255
83.17724943161011,4254
83.3030161857605,4253
83.43178343772888,4252
83.55887818336487,4251
83.68528866767883,4250
83.811940908432,4249
83.93707489967346,4248
84.06217384338379,4247
84.18880653381348,4246
84.31650829315186,4245
84.44368147850037,4244
84.57115006446838,4243
84.69665384292603,4242
84.82170605659485,4241
84.94803762435913,4240
85.07394099235535,4239
85.20006680488586,4238
85.3257224559784,4237
85.45210146903992,4236
85.57687497138977,4235
85.70436334609985,4234
85.83038663864136,4233
85.95878601074219,4232
86.08722352981567,4231
86.21450901031494,4230
86.34174823760986,4229
86.46668601036072,4228
86.59378004074097,4227
86.7211000919342,4226
86.84749031066895,4225
86.97450685501099,4224
87.10199475288391,4223
87.22920680046082,4222
87.35477471351624,4221
87.48162269592285,4220
87.60900688171387,4219
87.7351884841919,4218
87.86201858520508,4217
87.99043560028076,4216
88.11998796463013,4215
88.24560260772705,4214
88.37557053565979,4213
88.50140118598938,4212
88.62593817710876,4211
88.75309085845947,4210
88.87717247009277,4209
89.00390553474426,4208
89.13028764724731,4207
89.25969696044922,4206
89.38693380355835,4205
89.5149986743927,4204
89.64145708084106,4203
89.76612949371338,4202
89.89282774925232,4201
90.0161862373352,4200
90.14221382141113,4199
90.26783657073975,4198
90.39095568656921,4197
90.51531314849854,4196
90.63989543914795,4195
90.76716899871826,4194
90.89438128471375,4193
91.02053880691528,4192
91.14694595336914,4191
91.27442765235901,4190
91.4019865989685,4189
91.52804374694824,4188
91.65747022628784,4187
91.78485298156738,4186
91.91133260726929,4185
92.03524398803711,4184
92.16102123260498,4183
92.28975248336792,4182
92.41761207580566,4181
92.54778003692627,4180
92.67597007751465,4179
92.80538725852966,4178
92.93411087989807,4177
93.05995345115662,4176
93.18780446052551,4175
93.31358003616333,4174
93.43796920776367,4173
93.5648295879364,4172
93.69041848182678,4171
93.81422543525696,4170
93.93971037864685,4169
94.06713080406189,4168
94.19644093513489,4167
94.32602000236511,4166
94.45203638076782,4165
94.58104753494263,4164
94.70720434188843,4163
94.83238863945007,4162
94.95943260192871,4161
95.08322358131409,4160
95.20879888534546,4159
95.33464288711548,4158
95.45930242538452,4157
95.58245325088501,4156
95.70746874809265,4155
95.83653450012207,4154
95.96659445762634,4153
96.09325695037842,4152
96.22235369682312,4151
96.3485598564148,4150
96.47695016860962,4149
96.6034688949585,4148
96.73050117492676,4147
96.85515999794006,4146
96.98065757751465,4145
97.10928225517273,4144
97.23479652404785,4143
97.36264395713806,4142
97.49228048324585,4141
97.62168264389038,4140
97.75124001502991,4139
97.8806209564209,4138
98.01214122772217,4137
98.14052510261536,4136
98.26236844062805,4135
98.39032077789307,4134
98.5174572467804,4133
98.64272332191467,4132
98.76633524894714,4131
98.89283561706543,4130
99.02118992805481,4129
99.15004372596741,4128
99.27797675132751,4127
99.40718865394592,4126
99.53521728515625,4125
99.66132831573486,4124
99.78760004043579,4123
99.91451859474182,4122
100.03776264190674,4121
100.1623477935791,4120
100.28907513618469,4119
100.41649651527405,4118
100.5474066734314,4117
100.67385530471802,4116
100.79872155189514,4115
100.92525434494019,4114
101.05277991294861,4113
101.18126487731934,4112
101.30818295478821,4111
101.43628072738647,4110
101.56231594085693,4109
101.68724608421326,4108
101.81581616401672,4107
101.94332647323608,4106
102.06596207618713,4105
102.18668460845947,4104
102.3127543926239,4103
102.43486189842224,4102
102.55738139152527,4101
102.6780858039856,4100
102.79881429672241,4099
102.92445683479309,4098
103.04420971870422,4097
103.16752195358276,4096
103.29644703865051,4095
103.42565941810608,4094
103.5545072555542,4093
103.68343257904053,4092
103.81362652778625,4091
103.9430205821991,4090
104.07222771644592,4089
104.20094132423401,4088
104.33225917816162,4087
104.46164560317993,4086
104.59056973457336,4085
104.72169065475464,4084
104.85424017906189,4083
104.98280549049377,4082
105.11134076118469,4081
105.24020171165466,4080
105.36946177482605,4079
105.49858283996582,4078
105.62694597244263,4077
105.75614881515503,4076
105.88476276397705,4075
106.01311349868774,4074
106.14239621162415,4073
106.2715470790863,4072
106.40070223808289,4071
106.52902007102966,4070
106.65854978561401,4069
106.78845572471619,4068
106.91722774505615,4067
107.04620671272278,4066
107.17551875114441,4065
107.30575609207153,4064
107.4342520236969,4063
107.56565880775452,4062
107.69422316551208,4061
107.82295060157776,4060
107.95158672332764,4059
108.08163022994995,4058
108.21056485176086,4057
108.33905363082886,4056
108.46877074241638,4055
108.59867334365845,4054
108.73095726966858,4053
108.86249446868896,4052
108.99033856391907,4051
109.11933135986328,4050
109.24409890174866,4049
109.37299966812134,4048
109.50183820724487,4047
109.63053798675537,4046
109.7564206123352,4045
109.88350319862366,4044
110.00899124145508,4043
110.13388204574585,4042
110.26303911209106,4041
110.39159393310547,4040
110.52019238471985,4039
110.64840936660767,4038
110.77806639671326,4037
110.90551805496216,4036
111.03139734268188,4035
111.15875911712646,4034
111.2838716506958,4033
111.41266870498657,4032
111.54058837890625,4031
111.66922664642334,4030
111.79360032081604,4029
111.91849160194397,4028
112.04260349273682,4027
112.16908407211304,4026
112.2961208820343,4025
112.42209124565125,4024
112.55055212974548,4023
112.67566323280334,4022
112.80296969413757,4021
112.92810583114624,4020
113.05129837989807,4019
113.17569327354431,4018
113.29991579055786,4017
113.42029666900635,4016
113.54291987419128,4015
113.66644477844238,4014
113.78800177574158,4013
113.91304445266724,4012
114.03435444831848,4011
114.15919327735901,4010
114.28215408325195,4009
114.40904712677002,4008
114.53319144248962,4007
114.65728402137756,4006
114.78135323524475,4005
114.90369939804077,4004
115.02476263046265,4003
115.14739656448364,4002
115.26802897453308,4001
115.39074182510376,4000
115.51632642745972,3999
115.6383969783783,3998
115.76307106018066,3997
115.88766384124756,3996
116.01099920272827,3995
116.13246893882751,3994
116.25633811950684,3993
116.37746834754944,3992
116.49941396713257,3991
116.62266087532043,3990
116.7443778514862,3989
116.865562915802,3988
116.98537158966064,3987
117.10964632034302,3986
117.23304724693298,3985
117.3523519039154,3984
117.47462606430054,3983
117.59746742248535,3982
117.71815061569214,3981
117.83884024620056,3980
117.96030831336975,3979
118.079354763031,3978
118.19853329658508,3977
118.32325911521912,3976
118.44300889968872,3975
118.56449580192566,3974
118.68704581260681,3973
118.81342959403992,3972
118.93277335166931,3971
119.05420136451721,3970
119.17811155319214,3969
119.29806971549988,3968
119.42093992233276,3967
119.54411625862122,3966
119.6683464050293,3965
119.78749442100525,3964
119.90962266921997,3963
120.03240275382996,3962
120.15464663505554,3961
120.2774600982666,3960
120.4011332988739,3959
120.5260157585144,3958
120.64788556098938,3957
120.77425003051758,3956
120.89534997940063,3955
121.01566481590271,3954
121.14153456687927,3953
121.26444005966187,3952
121.3887369632721,3951
121.51218914985657,3950
121.63848447799683,3949
121.757315158844,3948
121.8788115978241,3947
122.00241899490356,3946
122.12475156784058,3945
122.24811458587646,3944
122.37243032455444,3943
122.49734330177307,3942
122.61897778511047,3941
122.74379205703735,3940
122.86464381217957,3939
122.98616528511047,3938
123.10731267929077,3937
123.22776198387146,3936
123.34992265701294,3935
123.47288227081299,3934
123.59837603569031,3933
123.72127366065979,3932
123.84344530105591,3931
123.96537351608276,3930
124.0851149559021,3929
124.209059715271,3928
124.32977628707886,3927
124.45394611358643,3926
124.57202935218811,3925
124.69336175918579,3924
124.81247019767761,3923
124.9318778514862,3922
125.05349683761597,3921
125.1721625328064,3920
125.29213666915894,3919
125.41070079803467,3918
125.53400564193726,3917
125.65444207191467,3916
125.77278304100037,3915
125.892648935318,3914
126.01160430908203,3913
126.13144326210022,3912
126.24874067306519,3911
126.371262550354,3910
126.49212908744812,3909
126.61425995826721,3908
126.73663663864136,3907
126.85761666297913,3906
126.97623252868652,3905
127.09832906723022,3904
127.22299003601074,3903
127.3439428806305,3902
127.46518301963806,3901
127.58962631225586,3900
127.70969033241272,3899
127.82827568054199,3898
127.94982957839966,3897
128.07137942314148,3896
128.19280886650085,3895
128.31313037872314,3894
128.4355547428131,3893
128.55483770370483,3892
128.67334699630737,3891
128.7943766117096,3890
128.91559290885925,3889
129.0360448360443,3888
129.15586709976196,3887
129.27973198890686,3886
129.40027022361755,3885
129.52214121818542,3884
129.64732599258423,3883
129.77061891555786,3882
129.89086627960205,3881
130.0118534564972,3880
130.13777565956116,3879
130.2591574192047,3878
130.3824338912964,3877
130.50558948516846,3876
130.62812066078186,3875
130.7484610080719,3874
130.87361216545105,3873
130.99804496765137,3872
131.11917853355408,3871
131.2423596382141,3870
131.36676740646362,3869
131.49127292633057,3868
131.61510705947876,3867
131.7386155128479,3866
131.85895037651062,3865
131.97816276550293,3864
132.1019892692566,3863
132.22540426254272,3862
132.34791111946106,3861
132.46999335289001,3860
132.59414267539978,3859
132.71420526504517,3858
132.83412075042725,3857
132.95797967910767,3856
133.07830905914307,3855
133.20077061653137,3854
133.32353591918945,3853
133.44695925712585,3852
133.56706738471985,3851
133.6875355243683,3850
133.81008005142212,3849
133.92954063415527,3848
134.05268669128418,3847
134.17237091064453,3846
134.2962453365326,3845
134.42044472694397,3844
134.54318237304688,3843
134.66548418998718,3842
134.78571128845215,3841
134.90764784812927,3840
135.02637362480164,3839
135.14665055274963,3838
135.26907348632812,3837
135.38741040229797,3836
135.5089294910431,3835
135.6275351047516,3834
135.7459213733673,3833
135.86508107185364,3832
135.9851415157318,3831
136.1049449443817,3830
136.22656559944153,3829
136.34886622428894,3828
136.47087693214417,3827
136.5919270515442,3826
136.7113392353058,3825
136.8284730911255,3824
136.94781875610352,3823
137.06736278533936,3822
137.18931221961975,3821
137.30644130706787,3820
137.42439675331116,3819
137.54646253585815,3818
137.6665117740631,3817
137.7850377559662,3816
137.90582299232483,3815
138.03317213058472,3814
138.15789532661438,3813
138.28504705429077,3812
138.41325736045837,3811
138.5378053188324,3810
138.66420006752014,3809
138.79246950149536,3808
138.91711568832397,3807
139.0411250591278,3806
139.16630840301514,3805
139.29297351837158,3804
139.42107677459717,3803
139.54988074302673,3802
139.67927408218384,3801
139.80782628059387,3800
139.9359495639801,3799
140.06480836868286,3798
140.19478702545166,3797
140.32568645477295,3796
140.4548168182373,3795
140.5838429927826,3794
140.71320414543152,3793
140.8416347503662,3792
140.96959614753723,3791
141.09899282455444,3790
141.22771644592285,3789
141.35846281051636,3788
141.48734140396118,3787
141.6163249015808,3786
141.74779772758484,3785
141.87801003456116,3784
142.00686073303223,3783
142.13623595237732,3782
142.26535725593567,3781
142.39693021774292,3780
142.52588391304016,3779
142.65537405014038,3778
142.78637790679932,3777
142.91484713554382,3776
143.04498982429504,3775
143.17346811294556,3774
143.30236840248108,3773
143.4314227104187,3772
143.5607831478119,3771
143.68985986709595,3770
143.81813883781433,3769
143.9474811553955,3768
144.07690858840942,3767
144.20516395568848,3766
144.33438730239868,3765
144.46359157562256,3764
144.59566259384155,3763
144.7240490913391,3762
144.85254883766174,3761
144.98267912864685,3760
145.1116967201233,3759
145.24035239219666,3758
145.36919021606445,3757
145.4937722682953,3756
145.6194670200348,3755
145.74638485908508,3754
145.87172079086304,3753
145.99669766426086,3752
146.12082314491272,3751
146.2466676235199,3750
146.37077498435974,3749
146.49533987045288,3748
146.61926341056824,3747
146.74551248550415,3746
146.87063217163086,3745
146.99466490745544,3744
147.1208393573761,3743
147.24739050865173,3742
147.37368202209473,3741
147.50041270256042,3740
147.62666416168213,3739
147.7507996559143,3738
147.8771722316742,3737
148.00277161598206,3736
148.12843799591064,3735
148.25428557395935,3734
148.3783576488495,3733
148.50167036056519,3732
148.62525463104248,3731
148.7485659122467,3730
148.87189245224,3729
148.99564290046692,3728
149.11961126327515,3727
149.2470817565918,3726
149.37456822395325,3725
149.50167608261108,3724
149.62970662117004,3723
149.7554280757904,3722
149.87969851493835,3721
150.00456714630127,3720
150.13057398796082,3719
150.2553572654724,3718
150.38001370429993,3717
150.50564908981323,3716
150.63183641433716,3715
150.75883650779724,3714
150.88402819633484,3713
151.0111153125763,3712
151.13598465919495,3711
151.2619547843933,3710
151.3878996372223,3709
151.5147054195404,3708
151.63990926742554,3707
151.7624273300171,3706
151.8892982006073,3705
152.01677775382996,3704
152.1415238380432,3703
152.26613807678223,3702
152.39131331443787,3701
152.51655197143555,3700
152.6429419517517,3699
152.76950359344482,3698
152.8977153301239,3697
153.02469396591187,3696
153.15068006515503,3695
153.27741408348083,3694
153.40405344963074,3693
153.5318398475647,3692
153.65945100784302,3691
153.7853488922119,3690
153.907559633255,3689
154.0325517654419,3688
154.1590440273285,3687
154.28813910484314,3686
154.41688418388367,3685
154.54541540145874,3684
154.67513513565063,3683
154.80522513389587,3682
154.9333622455597,3681
155.06310772895813,3680
155.19153761863708,3679
155.31745028495789,3678
155.44248509407043,3677
155.56876397132874,3676
155.6932020187378,3675
155.82141089439392,3674
155.95139002799988,3673
156.07907342910767,3672
156.20602703094482,3671
156.3316171169281,3670
156.46204090118408,3669
156.58780336380005,3668
156.71473383903503,3667
156.84160566329956,3666
156.96440243721008,3665
157.09077763557434,3664
157.21523118019104,3663
157.33860635757446,3662
157.46300387382507,3661
157.58711576461792,3660
157.71453619003296,3659
157.84173369407654,3658
157.96682333946228,3657
158.0956687927246,3656
158.22142267227173,3655
158.3451144695282,3654
158.47201538085938,3653
158.59383296966553,3652
158.71753072738647,3651
158.84136199951172,3650
158.96296191215515,3649
159.08340072631836,3648
159.20874547958374,3647
159.33627605438232,3646
159.4635124206543,3645
159.58895778656006,3644
159.71365189552307,3643
159.84089303016663,3642
159.9660942554474,3641
160.08929824829102,3640
160.2156641483307,3639
160.33575797080994,3638
160.46240305900574,3637
160.5873203277588,3636
160.711763381958,3635
160.83516001701355,3634
160.9609055519104,3633
161.090261220932,3632
161.21979641914368,3631
161.34763622283936,3630
161.47236847877502,3629
161.5997200012207,3628
161.7276041507721,3627
161.8520631790161,3626
161.97829461097717,3625
162.10446190834045,3624
162.2303967475891,3623
162.3568778038025,3622
162.4824116230011,3621
162.60989427566528,3620
162.73334383964539,3619
162.8598563671112,3618
162.99069094657898,3617
163.11619091033936,3616
163.24509716033936,3615
163.37208795547485,3614
163.4987473487854,3613
163.62710118293762,3612
163.7544493675232,3611
163.88404726982117,3610
164.01033782958984,3609
164.13469290733337,3608
164.2606451511383,3607
164.38692164421082,3606
164.51107215881348,3605
164.63344478607178,3604
164.75947046279907,3603
164.884352684021,3602
165.01121401786804,3601
165.14047002792358,3600
165.26780438423157,3599
165.39730978012085,3598
165.52383017539978,3597
165.65001130104065,3596
165.78105926513672,3595
165.90245723724365,3594
166.0285484790802,3593
166.15461945533752,3592
166.2796676158905,3591
166.40320920944214,3590
166.52628445625305,3589
166.65363097190857,3588
166.78104662895203,3587
166.9076828956604,3586
167.0356662273407,3585
167.1646146774292,3584
167.29337286949158,3583
167.4203908443451,3582
167.5496654510498,3581
167.67527413368225,3580
167.80064916610718,3579
167.92632055282593,3578
168.05105257034302,3577
168.17802810668945,3576
168.30152654647827,3575
168.42692971229553,3574
168.55510640144348,3573
168.68366026878357,3572
168.81095814704895,3571
168.93810081481934,3570
169.067200422287,3569
169.194730758667,3568
169.3214750289917,3567
169.44528675079346,3566
169.57204961776733,3565
169.69967222213745,3564
169.82182335853577,3563
169.94273948669434,3562
170.06421184539795,3561
170.18808364868164,3560
170.3141450881958,3559
170.44310212135315,3558
170.56957697868347,3557
170.69694328308105,3556
170.8235194683075,3555
170.9506959915161,3554
171.07659077644348,3553
171.20056915283203,3552
171.32508277893066,3551
171.44900751113892,3550
171.57043647766113,3549
171.691712141037,3548
171.81473469734192,3547
171.9373209476471,3546
172.06150650978088,3545
172.18769550323486,3544
172.31332564353943,3543
172.44306063652039,3542
172.57003211975098,3541
172.698881149292,3540
172.82598066329956,3539
172.9507167339325,3538
173.07823634147644,3537
173.20414328575134,3536
173.3302445411682,3535
173.45357990264893,3534
173.5788013935089,3533
173.7047300338745,3532
173.83188796043396,3531
173.9619538784027,3530
174.09040212631226,3529
174.21846222877502,3528
174.34935784339905,3527
174.47758793830872,3526
174.6043004989624,3525
174.7271945476532,3524
174.85257053375244,3523
174.9790277481079,3522
175.10360383987427,3521
175.22791624069214,3520
175.3523519039154,3519
175.47981023788452,3518
175.60754799842834,3517
175.7346487045288,3516
175.86263585090637,3515
175.9918134212494,3514
176.11915183067322,3513
176.24547815322876,3512
176.37059450149536,3511
176.49745750427246,3510
176.6243953704834,3509
176.75015664100647,3508
176.87569093704224,3507
176.99862813949585,3506
177.12276649475098,3505
177.2507026195526,3504
177.37894296646118,3503
177.50773358345032,3502
177.6346755027771,3501
177.76325368881226,3500
177.89463186264038,3499
178.02140974998474,3498
178.1456892490387,3497
178.2716679573059,3496
178.39836502075195,3495
178.5213725566864,3494
178.64463782310486,3493
178.77028489112854,3492
178.89461517333984,3491
179.02124333381653,3490
179.14996147155762,3489
179.2794988155365,3488
179.4083743095398,3487
179.53591227531433,3486
179.66410422325134,3485
179.7921702861786,3484
179.9176881313324,3483
180.0448968410492,3482
180.17050790786743,3481
180.295725107193,3480
180.41838121414185,3479
180.54439520835876,3478
180.67039561271667,3477
180.79873156547546,3476
180.926029920578,3475
181.05267214775085,3474
181.18203592300415,3473
181.3084168434143,3472
181.4349603652954,3471
181.5560257434845,3470
181.68025732040405,3469
181.80513525009155,3468
181.92643022537231,3467
182.04849243164062,3466
182.16958093643188,3465
182.29192185401917,3464
182.41953468322754,3463
182.5485715866089,3462
182.6748263835907,3461
182.80379343032837,3460
182.93147087097168,3459
183.05847144126892,3458
183.18081903457642,3457
183.30204343795776,3456
183.42833614349365,3455
183.55414724349976,3454
183.67537117004395,3453
183.794992685318,3452
183.92018604278564,3451
184.0432620048523,3450
184.16947865486145,3449
184.29745841026306,3448
184.42479515075684,3447
184.5538468360901,3446
184.6830472946167,3445
184.81279134750366,3444
184.93811297416687,3443
185.06598567962646,3442
185.19245767593384,3441
185.3163788318634,3440
185.44009065628052,3439
185.56306314468384,3438
185.68511867523193,3437
185.81054878234863,3436
185.93883991241455,3435
186.0674557685852,3434
186.1955804824829,3433
186.32293844223022,3432
186.44939064979553,3431
186.57390022277832,3430
186.6976294517517,3429
186.82398533821106,3428
186.94883155822754,3427
187.07685351371765,3426
187.20444917678833,3425
187.33283138275146,3424
187.45811009407043,3423
187.58609080314636,3422
187.71076202392578,3421
187.83358931541443,3420
187.95615005493164,3419
188.07884335517883,3418
188.2016704082489,3417
188.32221174240112,3416
188.44672226905823,3415
188.5693655014038,3414
188.68897819519043,3413
188.81166887283325,3412
188.94133162498474,3411
189.0704381465912,3410
189.19865679740906,3409
189.32971596717834,3408
189.45931267738342,3407
189.58945107460022,3406
189.71997618675232,3405
189.84921050071716,3404
189.9776782989502,3403
190.1066336631775,3402
190.23453545570374,3401
190.36643600463867,3400
190.49473690986633,3399
190.62262177467346,3398
190.7513554096222,3397
190.88292336463928,3396
191.0109043121338,3395
191.13956904411316,3394
191.2676203250885,3393
191.3966383934021,3392
191.52518224716187,3391
191.6554365158081,3390
191.7833435535431,3389
191.91399669647217,3388
192.04252815246582,3387
192.1699697971344,3386
192.29721069335938,3385
192.42726826667786,3384
192.55755805969238,3383
192.68733954429626,3382
