0.7328701019287109,4897
0.8726634979248047,4896
1.010300636291504,4895
1.146979570388794,4894
1.2869131565093994,4893
1.4261338710784912,4892
1.5635337829589844,4891
1.6953678131103516,4890
1.831672191619873,4889
1.9668147563934326,4888
2.1102843284606934,4887
2.249197244644165,4886
2.390465259552002,4885
2.5320615768432617,4884
2.6726720333099365,4883
2.806126594543457,4882
2.943904399871826,4881
3.0831851959228516,4880
3.221017837524414,4879
3.3584275245666504,4878
3.4953718185424805,4877
3.6337156295776367,4876
3.7703380584716797,4875
3.9079959392547607,4874
4.041522264480591,4873
4.172450542449951,4872
4.303956031799316,4871
4.43406343460083,4870
4.56434440612793,4869
4.696608543395996,4868
4.832430839538574,4867
4.966980695724487,4866
5.098926067352295,4865
5.231252908706665,4864
5.362378120422363,4863
5.494471073150635,4862
5.630826234817505,4861
5.766331911087036,4860
5.9026710987091064,4859
6.036409378051758,4858
6.173485517501831,4857
6.305944204330444,4856
6.441828489303589,4855
6.580146551132202,4854
6.719550848007202,4853
6.859317064285278,4852
6.999598026275635,4851
7.1382739543914795,4850
7.277436256408691,4849
7.416958808898926,4848
7.555773973464966,4847
7.7011988162994385,4846
7.849154710769653,4845
7.999566555023193,4844
8.14900517463684,4843
8.298095464706421,4842
8.447819471359253,4841
8.598162412643433,4840
8.747173070907593,4839
8.896490097045898,4838
9.046084880828857,4837
9.195034742355347,4836
9.344398975372314,4835
9.48450756072998,4834
9.623506546020508,4833
9.7624990940094,4832
9.901420831680298,4831
10.039972305297852,4830
10.178752660751343,4829
10.316775560379028,4828
10.455224990844727,4827
10.59328007698059,4826
10.733048439025879,4825
10.87122654914856,4824
11.008562326431274,4823
11.14410400390625,4822
11.282112836837769,4821
11.420083284378052,4820
11.558320760726929,4819
11.697540998458862,4818
11.839323997497559,4817
11.978900909423828,4816
12.12658977508545,4815
12.266752004623413,4814
12.40643572807312,4813
12.546785354614258,4812
12.686531066894531,4811
12.825995445251465,4810
12.966386795043945,4809
13.10695767402649,4808
13.237932920455933,4807
13.368289709091187,4806
13.500809907913208,4805
13.634347915649414,4804
13.769684076309204,4803
13.903509616851807,4802
14.034127712249756,4801
14.164406299591064,4800
14.293580293655396,4799
14.424492359161377,4798
14.558931827545166,4797
14.695963859558105,4796
14.835417032241821,4795
14.976706504821777,4794
15.119205474853516,4793
15.263945817947388,4792
15.397835731506348,4791
15.533611536026001,4790
15.665358304977417,4789
15.797601461410522,4788
15.930518627166748,4787
16.06034231185913,4786
16.191488027572632,4785
16.323485374450684,4784
16.45707893371582,4783
16.589590549468994,4782
16.72208881378174,4781
16.85500717163086,4780
16.992315530776978,4779
17.126621961593628,4778
17.261680603027344,4777
17.397322416305542,4776
17.53287625312805,4775
17.66778016090393,4774
17.80274271965027,4773
17.93773579597473,4772
18.073185205459595,4771
18.207783699035645,4770
18.342392683029175,4769
18.477192163467407,4768
18.61292338371277,4767
18.74769401550293,4766
18.882230043411255,4765
19.01759910583496,4764
19.151609420776367,4763
19.285933256149292,4762
19.420679092407227,4761
19.5532968044281,4760
19.686933517456055,4759
19.823840379714966,4758
19.965271711349487,4757
20.1009521484375,4756
20.236034154891968,4755
20.370442390441895,4754
20.505176305770874,4753
20.639713287353516,4752
20.77422857284546,4751
20.905855894088745,4750
21.036665439605713,4749
21.16861081123352,4748
21.3019437789917,4747
21.43817973136902,4746
21.566860914230347,4745
21.695828676223755,4744
21.826875686645508,4743
21.955505847930908,4742
22.085907220840454,4741
22.21425986289978,4740
22.342697858810425,4739
22.47112774848938,4738
22.601794004440308,4737
22.7354474067688,4736
22.874755144119263,4735
23.013877630233765,4734
23.153531789779663,4733
23.292543172836304,4732
23.4313383102417,4731
23.570228099822998,4730
23.70983576774597,4729
23.849881410598755,4728
23.988977432250977,4727
24.12797212600708,4726
24.268018007278442,4725
24.40797472000122,4724
24.546740770339966,4723
24.682997941970825,4722
24.820601224899292,4721
24.956382036209106,4720
25.095359325408936,4719
25.234017610549927,4718
25.372530460357666,4717
25.514641046524048,4716
25.659432411193848,4715
25.800959825515747,4714
25.9428071975708,4713
26.08294177055359,4712
26.21844244003296,4711
26.353498697280884,4710
26.490898370742798,4709
26.62654447555542,4708
26.762260675430298,4707
26.899675846099854,4706
27.047516107559204,4705
27.190327644348145,4704
27.335110664367676,4703
27.482083797454834,4702
27.6310293674469,4701
27.7809636592865,4700
27.930766820907593,4699
28.07903289794922,4698
28.22168278694153,4697
28.364382028579712,4696
28.507628202438354,4695
28.65221118927002,4694
28.79765796661377,4693
28.932867288589478,4692
29.06378412246704,4691
29.196764707565308,4690
29.3315269947052,4689
29.46623182296753,4688
29.60090684890747,4687
29.73393702507019,4686
29.87005305290222,4685
30.005483388900757,4684
30.141005992889404,4683
30.275822401046753,4682
30.414217233657837,4681
30.555405139923096,4680
30.693262815475464,4679
30.828689575195312,4678
30.96731162071228,4677
31.105836391448975,4676
31.243680715560913,4675
31.381632328033447,4674
31.52018427848816,4673
31.65810203552246,4672
31.795109033584595,4671
31.92654514312744,4670
32.058417320251465,4669
32.192596673965454,4668
32.3286919593811,4667
32.463664531707764,4666
32.5961799621582,4665
32.72866654396057,4664
32.85929203033447,4663
32.99120759963989,4662
33.12564969062805,4661
33.26135754585266,4660
33.39845156669617,4659
33.533318519592285,4658
33.66786241531372,4657
33.80382704734802,4656
33.94167876243591,4655
34.0760555267334,4654
34.2075514793396,4653
34.34434914588928,4652
34.481507301330566,4651
34.62007474899292,4650
34.75805616378784,4649
34.895485162734985,4648
35.03263473510742,4647
35.178749322891235,4646
35.32432818412781,4645
35.4685378074646,4644
35.61291861534119,4643
35.75306248664856,4642
35.89306354522705,4641
36.02820563316345,4640
36.16341829299927,4639
36.30055832862854,4638
36.435951948165894,4637
36.571022748947144,4636
36.707019329071045,4635
36.84836935997009,4634
36.99206757545471,4633
37.13583588600159,4632
37.2806978225708,4631
37.42761516571045,4630
37.57565236091614,4629
37.72283959388733,4628
37.871437072753906,4627
38.0211968421936,4626
38.1717791557312,4625
38.32243204116821,4624
38.474722146987915,4623
38.628437757492065,4622
38.781623125076294,4621
38.934640884399414,4620
39.09059524536133,4619
39.24686241149902,4618
39.40263080596924,4617
39.558717250823975,4616
39.69881772994995,4615
39.83323907852173,4614
39.96330428123474,4613
40.09293174743652,4612
40.223233461380005,4611
40.35878658294678,4610
40.49662923812866,4609
40.63555431365967,4608
40.76660943031311,4607
40.89643859863281,4606
41.02688193321228,4605
41.159688234329224,4604
41.29462480545044,4603
41.42949962615967,4602
41.559205532073975,4601
41.68892049789429,4600
41.82218909263611,4599
41.9529070854187,4598
42.08853554725647,4597
42.22276949882507,4596
42.354389667510986,4595
42.48457407951355,4594
42.62092852592468,4593
42.75702381134033,4592
42.89297342300415,4591
43.02823209762573,4590
43.162190437316895,4589
43.29416298866272,4588
43.42307162284851,4587
43.551823139190674,4586
43.68150568008423,4585
43.809961795806885,4584
43.938416719436646,4583
44.067957162857056,4582
44.19875955581665,4581
44.33326268196106,4580
44.46800398826599,4579
44.603679895401,4578
44.74018120765686,4577
44.87716579437256,4576
45.01489734649658,4575
45.153806924819946,4574
45.29452848434448,4573
45.436925172805786,4572
45.57891821861267,4571
45.717848777770996,4570
45.858439207077026,4569
46.002031564712524,4568
46.14336919784546,4567
46.283859729766846,4566
46.42855262756348,4565
46.58007049560547,4564
46.723880767822266,4563
46.854692220687866,4562
46.98544716835022,4561
47.11640477180481,4560
47.24763870239258,4559
47.383129596710205,4558
47.51404571533203,4557
47.646546840667725,4556
47.78014922142029,4555
47.90914964675903,4554
48.04617381095886,4553
48.17340540885925,4552
48.29852604866028,4551
48.42645788192749,4550
48.55472755432129,4549
48.68321228027344,4548
48.81084752082825,4547
48.93941926956177,4546
49.07284355163574,4545
49.20618796348572,4544
49.34121799468994,4543
49.48209762573242,4542
49.62505865097046,4541
49.765722036361694,4540
49.90193295478821,4539
50.03660750389099,4538
50.172428131103516,4537
50.308112382888794,4536
50.44330358505249,4535
50.57778191566467,4534
50.71064496040344,4533
50.85273313522339,4532
50.99665904045105,4531
51.14042663574219,4530
51.28476166725159,4529
51.43128681182861,4528
51.578728914260864,4527
51.725951194763184,4526
51.87709331512451,4525
52.02652859687805,4524
52.17707705497742,4523
52.326979875564575,4522
52.47837257385254,4521
52.630829095840454,4520
52.78358316421509,4519
52.93605971336365,4518
53.08971285820007,4517
53.2450749874115,4516
53.399595499038696,4515
53.554495334625244,4514
53.7102313041687,4513
53.86010265350342,4512
53.99771547317505,4511
54.13898777961731,4510
54.28658390045166,4509
54.43489623069763,4508
54.58192539215088,4507
54.72702360153198,4506
54.87015652656555,4505
55.00414156913757,4504
55.13248682022095,4503
55.2624146938324,4502
55.39155101776123,4501
55.52191090583801,4500
55.652705669403076,4499
55.78186345100403,4498
55.91054368019104,4497
56.043949604034424,4496
56.17918372154236,4495
56.31455659866333,4494
56.45091414451599,4493
56.58621621131897,4492
56.72029638290405,4491
56.85314464569092,4490
56.98296117782593,4489
57.114633321762085,4488
57.24376463890076,4487
57.37390732765198,4486
57.504597425460815,4485
57.634270906448364,4484
57.76519989967346,4483
57.899731159210205,4482
58.034952878952026,4481
58.170398235321045,4480
58.30639123916626,4479
58.443466663360596,4478
58.58160638809204,4477
58.72062921524048,4476
58.858259201049805,4475
58.999165296554565,4474
59.141111850738525,4473
59.2824182510376,4472
59.424275636672974,4471
59.56747388839722,4470
59.708592653274536,4469
59.85133218765259,4468
59.994378089904785,4467
60.13910913467407,4466
60.284329891204834,4465
60.422523021698,4464
60.55314254760742,4463
60.687584400177,4462
60.825374364852905,4461
60.96440768241882,4460
61.10660457611084,4459
61.24351453781128,4458
61.377859592437744,4457
61.51481032371521,4456
61.64982771873474,4455
61.79022717475891,4454
61.927663803100586,4453
62.06566834449768,4452
62.203450202941895,4451
62.342631340026855,4450
62.488030433654785,4449
62.63271617889404,4448
62.777249574661255,4447
62.92196440696716,4446
63.06584334373474,4445
63.207188844680786,4444
63.34351444244385,4443
63.47859311103821,4442
63.613499879837036,4441
63.750242948532104,4440
63.88483500480652,4439
64.01956343650818,4438
64.1551764011383,4437
64.294180393219,4436
64.43683314323425,4435
64.58029413223267,4434
64.72562336921692,4433
64.87146496772766,4432
65.01710224151611,4431
65.16358470916748,4430
65.31137299537659,4429
65.45914387702942,4428
65.60854864120483,4427
65.75408291816711,4426
65.90389084815979,4425
66.05480813980103,4424
66.20688199996948,4423
66.35776019096375,4422
66.51026582717896,4421
66.65872240066528,4420
66.80118417739868,4419
66.9450466632843,4418
67.08873891830444,4417
67.22764229774475,4416
67.35829162597656,4415
67.48920726776123,4414
67.62567973136902,4413
67.76132297515869,4412
67.89433598518372,4411
68.0223240852356,4410
68.1526358127594,4409
68.28219079971313,4408
68.41200280189514,4407
68.54264712333679,4406
68.67422866821289,4405
68.80699181556702,4404
68.9389226436615,4403
69.07748699188232,4402
69.21296572685242,4401
69.3489625453949,4400
69.48428797721863,4399
69.61858201026917,4398
69.7505931854248,4397
69.87966585159302,4396
70.00842547416687,4395
70.1370038986206,4394
70.26505589485168,4393
70.39302563667297,4392
70.52205443382263,4391
70.65041327476501,4390
70.78208827972412,4389
70.91628789901733,4388
71.05194807052612,4387
71.18802666664124,4386
71.32470488548279,4385
71.46158123016357,4384
71.60049271583557,4383
71.73949337005615,4382
71.88216662406921,4381
72.02191042900085,4380
72.18495225906372,4379
72.33031868934631,4378
72.472975730896,4377
72.61437749862671,4376
72.75651049613953,4375
72.89983177185059,4374
73.04042768478394,4373
73.18234610557556,4372
73.32769680023193,4371
73.46252417564392,4370
73.59380435943604,4369
73.72980284690857,4368
73.86526274681091,4367
73.99888944625854,4366
74.12650728225708,4365
74.25566983222961,4364
74.38514065742493,4363
74.51420879364014,4362
74.64414262771606,4361
74.7759428024292,4360
74.91731905937195,4359
75.05376386642456,4358
75.19702506065369,4357
75.34306240081787,4356
75.48867082595825,4355
75.63026714324951,4354
75.77472853660583,4353
75.9183828830719,4352
76.05984044075012,4351
76.19611072540283,4350
76.33172559738159,4349
76.46821141242981,4348
76.60410213470459,4347
76.73935508728027,4346
76.87495875358582,4345
77.01037120819092,4344
77.1517128944397,4343
77.29529595375061,4342
77.43908619880676,4341
77.5833351612091,4340
77.72880506515503,4339
77.87492227554321,4338
78.02159404754639,4337
78.16896772384644,4336
78.31187701225281,4335
78.4499249458313,4334
78.58843564987183,4333
78.72735500335693,4332
78.86794400215149,4331
79.0095853805542,4330
79.15134358406067,4329
79.29371094703674,4328
79.44069695472717,4327
79.59977984428406,4326
79.75562167167664,4325
79.9122908115387,4324
80.05696415901184,4323
80.19523501396179,4322
80.3328104019165,4321
80.47083783149719,4320
80.60768938064575,4319
80.74502348899841,4318
80.88324117660522,4317
81.0213680267334,4316
81.16015553474426,4315
81.29830360412598,4314
81.43642401695251,4313
81.57478785514832,4312
81.71426320075989,4311
81.85596942901611,4310
81.9943277835846,4309
82.13306736946106,4308
82.27005076408386,4307
82.40933799743652,4306
82.55725383758545,4305
82.69096970558167,4304
82.82422876358032,4303
82.95238208770752,4302
83.07971620559692,4301
83.20701360702515,4300
83.33489918708801,4299
83.46322321891785,4298
83.5906765460968,4297
83.71892142295837,4296
83.84944152832031,4295
83.99168395996094,4294
84.14161729812622,4293
84.29008150100708,4292
84.4401433467865,4291
84.58937454223633,4290
84.73776602745056,4289
84.88589382171631,4288
85.03465914726257,4287
85.18459701538086,4286
85.33339428901672,4285
85.48183703422546,4284
85.62886142730713,4283
85.77657890319824,4282
85.9250123500824,4281
86.07323884963989,4280
86.222243309021,4279
86.37221455574036,4278
86.52142453193665,4277
86.67028760910034,4276
86.82048654556274,4275
86.97091960906982,4274
87.12221550941467,4273
87.2706515789032,4272
87.41988754272461,4271
87.5696656703949,4270
87.71825289726257,4269
87.8609709739685,4268
87.9976851940155,4267
88.13519191741943,4266
88.27170395851135,4265
88.40887951850891,4264
88.54566407203674,4263
88.68212914466858,4262
88.81908130645752,4261
88.95591187477112,4260
89.10646796226501,4259
89.25419688224792,4258
89.40128016471863,4257
89.54861283302307,4256
89.68963479995728,4255
89.82614660263062,4254
89.96285319328308,4253
90.09938907623291,4252
90.23737645149231,4251
90.3742024898529,4250
90.51279473304749,4249
90.65122628211975,4248
90.78588390350342,4247
90.92313766479492,4246
91.06167221069336,4245
91.19975209236145,4244
91.33811354637146,4243
91.47577691078186,4242
91.61377263069153,4241
91.75288653373718,4240
91.89381861686707,4239
92.03491115570068,4238
92.1730055809021,4237
92.31167912483215,4236
92.44266176223755,4235
92.57265281677246,4234
92.70272779464722,4233
92.83535122871399,4232
92.96858382225037,4231
93.10055136680603,4230
93.23261308670044,4229
93.36608219146729,4228
93.50226163864136,4227
93.64112782478333,4226
93.77971816062927,4225
93.91847395896912,4224
94.05805397033691,4223
94.19655799865723,4222
94.33262062072754,4221
94.47089457511902,4220
94.60914134979248,4219
94.74671387672424,4218
94.88415765762329,4217
95.02394032478333,4216
95.16247963905334,4215
95.30064105987549,4214
95.43814492225647,4213
95.57584476470947,4212
95.71802616119385,4211
95.86312985420227,4210
96.01115393638611,4209
96.15952205657959,4208
96.30869102478027,4207
96.45747518539429,4206
96.60581803321838,4205
96.75449299812317,4204
96.90299773216248,4203
97.04174900054932,4202
97.17825293540955,4201
97.31482148170471,4200
97.45183539390564,4199
97.58937788009644,4198
97.72616815567017,4197
97.86253499984741,4196
97.99970030784607,4195
98.14383864402771,4194
98.29324197769165,4193
98.44133639335632,4192
98.58987092971802,4191
98.73894023895264,4190
98.88774800300598,4189
99.03578901290894,4188
99.18371176719666,4187
99.33232641220093,4186
99.48042702674866,4185
99.62818813323975,4184
99.77617907524109,4183
99.92207336425781,4182
100.07053565979004,4181
100.2181544303894,4180
100.36676454544067,4179
100.51393532752991,4178
100.66155886650085,4177
100.8065857887268,4176
100.9519522190094,4175
101.09821772575378,4174
101.24590563774109,4173
101.39283490180969,4172
101.53691697120667,4171
101.67363500595093,4170
101.8125946521759,4169
101.94401478767395,4168
102.08273506164551,4167
102.21379137039185,4166
102.34468150138855,4165
102.47991871833801,4164
102.61891222000122,4163
102.75265526771545,4162
102.88927292823792,4161
103.0260899066925,4160
103.16588163375854,4159
103.30360722541809,4158
103.44163393974304,4157
103.58036804199219,4156
103.71910858154297,4155
103.85744047164917,4154
103.99787998199463,4153
104.13653326034546,4152
104.27501964569092,4151
104.41274118423462,4150
104.55013513565063,4149
104.68868398666382,4148
104.82727146148682,4147
104.96507954597473,4146
105.10296678543091,4145
105.23983097076416,4144
105.37869453430176,4143
105.51646780967712,4142
105.65426325798035,4141
105.79112815856934,4140
105.92725968360901,4139
106.06542944908142,4138
106.20271110534668,4137
106.33804655075073,4136
106.47023797035217,4135
106.61085104942322,4134
106.74950981140137,4133
106.8867506980896,4132
107.02160501480103,4131
107.15885305404663,4130
107.29701662063599,4129
107.43427300453186,4128
107.57174611091614,4127
107.70775938034058,4126
107.84597897529602,4125
107.98319673538208,4124
108.11773562431335,4123
108.25357508659363,4122
108.39476251602173,4121
108.53981590270996,4120
108.67967963218689,4119
108.81773376464844,4118
108.95594835281372,4117
109.09350228309631,4116
109.23105382919312,4115
109.36805009841919,4114
109.50610709190369,4113
109.6445152759552,4112
109.78181076049805,4111
109.91934704780579,4110
110.06157302856445,4109
110.20782327651978,4108
110.35566353797913,4107
110.50356078147888,4106
110.65183687210083,4105
110.7981321811676,4104
110.9406054019928,4103
111.07739996910095,4102
111.2134199142456,4101
111.35051655769348,4100
111.48704242706299,4099
111.62335920333862,4098
111.76031541824341,4097
111.89882445335388,4096
112.03482413291931,4095
112.18008589744568,4094
112.32663154602051,4093
112.4736316204071,4092
112.62111401557922,4091
112.76779818534851,4090
112.91469311714172,4089
113.05978989601135,4088
113.19731187820435,4087
113.33560490608215,4086
113.47361207008362,4085
113.61205387115479,4084
113.75055432319641,4083
113.8886821269989,4082
114.02645564079285,4081
114.16504311561584,4080
114.30359530448914,4079
114.44428968429565,4078
114.58241057395935,4077
114.72002124786377,4076
114.85852336883545,4075
114.99722743034363,4074
115.13522696495056,4073
115.27371644973755,4072
115.41280174255371,4071
115.54943466186523,4070
115.68014645576477,4069
115.80967497825623,4068
115.9457139968872,4067
116.08290982246399,4066
116.21877551078796,4065
116.35481667518616,4064
116.4898099899292,4063
116.62673282623291,4062
116.76765537261963,4061
116.90490961074829,4060
117.04680442810059,4059
117.1849753856659,4058
117.32287573814392,4057
117.46191310882568,4056
117.60309410095215,4055
117.74143600463867,4054
117.87643504142761,4053
118.01127886772156,4052
118.14618873596191,4051
118.28532600402832,4050
118.42919731140137,4049
118.57471776008606,4048
118.72250056266785,4047
118.87247514724731,4046
119.02479982376099,4045
119.17852640151978,4044
119.32964825630188,4043
119.4671676158905,4042
119.60476756095886,4041
119.74271178245544,4040
119.87951683998108,4039
120.01630568504333,4038
120.15423059463501,4037
120.2845470905304,4036
120.41457867622375,4035
120.54467415809631,4034
120.67779016494751,4033
120.81456971168518,4032
120.94748878479004,4031
121.08256077766418,4030
121.21486473083496,4029
121.34963345527649,4028
121.48217058181763,4027
121.61692023277283,4026
121.75581908226013,4025
121.9059636592865,4024
122.0426824092865,4023
122.18155241012573,4022
122.3275215625763,4021
122.4658350944519,4020
122.60829186439514,4019
122.74406290054321,4018
122.88158798217773,4017
123.01883792877197,4016
123.15113377571106,4015
123.28217506408691,4014
123.419992685318,4013
123.55705904960632,4012
123.69270920753479,4011
123.82466793060303,4010
123.95969271659851,4009
124.09513139724731,4008
124.23296999931335,4007
124.36633491516113,4006
124.50210738182068,4005
124.63853812217712,4004
124.77741861343384,4003
124.90736818313599,4002
125.03744316101074,4001
125.16741156578064,4000
125.29507446289062,3999
125.42248725891113,3998
125.5507287979126,3997
125.67864918708801,3996
125.8037941455841,3995
125.93155193328857,3994
126.06254029273987,3993
126.20028138160706,3992
126.33730483055115,3991
126.47583675384521,3990
126.61304688453674,3989
126.75087022781372,3988
126.88735842704773,3987
127.02369594573975,3986
127.16154146194458,3985
127.29978895187378,3984
127.43718433380127,3983
127.57390427589417,3982
127.71083617210388,3981
127.8484103679657,3980
127.98578524589539,3979
128.12256050109863,3978
128.25930500030518,3977
128.3966052532196,3976
128.5338156223297,3975
128.67079901695251,3974
128.80752325057983,3973
128.94359683990479,3972
129.07725620269775,3971
129.21156120300293,3970
129.3463249206543,3969
129.48270869255066,3968
129.62012553215027,3967
129.7556185722351,3966
129.8976354598999,3965
130.03979969024658,3964
130.18227100372314,3963
130.32330226898193,3962
130.4597520828247,3961
130.59342765808105,3960
130.72490978240967,3959
130.85914158821106,3958
130.9935975074768,3957
131.12749004364014,3956
131.2604215145111,3955
131.39414501190186,3954
131.52905893325806,3953
131.66525387763977,3952
131.8045847415924,3951
131.94238591194153,3950
132.09833550453186,3949
132.23821663856506,3948
132.37778210639954,3947
132.51931524276733,3946
132.66233253479004,3945
132.8058156967163,3944
132.94951963424683,3943
133.08301520347595,3942
133.2145550251007,3941
133.34756541252136,3940
133.48062562942505,3939
133.61363053321838,3938
133.7459168434143,3937
133.87492847442627,3936
134.00477743148804,3935
134.1351397037506,3934
134.26564073562622,3933
134.39618492126465,3932
134.53060150146484,3931
134.66551995277405,3930
134.80066561698914,3929
134.93616008758545,3928
135.07225441932678,3927
135.20789003372192,3926
135.3451018333435,3925
135.48156905174255,3924
135.61645531654358,3923
135.752543926239,3922
135.8863959312439,3921
136.0164978504181,3920
136.14972186088562,3919
136.28149676322937,3918
136.41556692123413,3917
136.55000352859497,3916
136.6814923286438,3915
136.8122136592865,3914
136.94462847709656,3913
137.07882261276245,3912
137.21706342697144,3911
137.3541774749756,3910
137.49119114875793,3909
137.62978768348694,3908
137.76831483840942,3907
137.90666031837463,3906
138.0460638999939,3905
138.181574344635,3904
138.31455636024475,3903
138.44988536834717,3902
138.58507752418518,3901
138.7218735218048,3900
138.85767340660095,3899
138.99351239204407,3898
139.1289939880371,3897
139.2732388973236,3896
139.4170379638672,3895
139.56049609184265,3894
139.703608751297,3893
139.84537434577942,3892
139.98473191261292,3891
140.11895942687988,3890
140.2523353099823,3889
140.38709473609924,3888
140.52081561088562,3887
140.6519877910614,3886
140.78602266311646,3885
140.92231440544128,3884
141.06391501426697,3883
141.2068316936493,3882
141.3495855331421,3881
141.49381589889526,3880
141.63949489593506,3879
141.78913378715515,3878
141.93509650230408,3877
142.08238077163696,3876
142.23163866996765,3875
142.38143062591553,3874
142.5308074951172,3873
142.6811923980713,3872
142.82903385162354,3871
142.97086477279663,3870
143.11230039596558,3869
143.25388836860657,3868
143.39719128608704,3867
143.5409619808197,3866
143.67510747909546,3865
143.8046360015869,3864
143.93314480781555,3863
144.06274580955505,3862
144.19291472434998,3861
144.32634592056274,3860
144.46223521232605,3859
144.59850311279297,3858
144.73024988174438,3857
144.86020970344543,3856
144.98933696746826,3855
145.12012434005737,3854
145.25264930725098,3853
145.3820948600769,3852
145.50856685638428,3851
145.63438940048218,3850
145.76268863677979,3849
145.89077401161194,3848
146.019615650177,3847
146.14838981628418,3846
146.27738690376282,3845
146.40503358840942,3844
146.53752422332764,3843
146.67228960990906,3842
146.80642986297607,3841
146.9408257007599,3840
147.08375120162964,3839
147.216463804245,3838
147.34599423408508,3837
147.47357821464539,3836
147.6006519794464,3835
147.72883534431458,3834
147.85690069198608,3833
147.98451399803162,3832
148.11248350143433,3831
148.24371695518494,3830
148.37810587882996,3829
148.51331233978271,3828
148.64877438545227,3827
148.78293323516846,3826
148.91986870765686,3825
149.05758929252625,3824
149.1925971508026,3823
149.32861518859863,3822
149.46926259994507,3821
149.61597228050232,3820
149.75810170173645,3819
149.8977918624878,3818
150.03878593444824,3817
150.18086194992065,3816
150.322922706604,3815
150.46320724487305,3814
150.60547423362732,3813
150.7407739162445,3812
150.87096500396729,3811
151.00521683692932,3810
151.13751244544983,3809
151.2683825492859,3808
151.39698266983032,3807
151.52790236473083,3806
151.65304923057556,3805
151.7789146900177,3804
151.90703892707825,3803
152.03220558166504,3802
152.15918803215027,3801
152.2886826992035,3800
152.4208950996399,3799
152.55529761314392,3798
152.69714784622192,3797
152.84190940856934,3796
152.98647928237915,3795
153.12933683395386,3794
153.27146100997925,3793
153.41280555725098,3792
153.55139541625977,3791
153.68662858009338,3790
153.82026767730713,3789
153.95480346679688,3788
154.08839869499207,3787
154.22241353988647,3786
154.35655879974365,3785
154.49229311943054,3784
154.63385581970215,3783
154.77668738365173,3782
154.91918349266052,3781
155.0625159740448,3780
155.2076005935669,3779
155.3542115688324,3778
155.49655723571777,3777
155.64301443099976,3776
155.79039764404297,3775
155.93865609169006,3774
156.08700799942017,3773
156.23790860176086,3772
156.38752937316895,3771
156.53863072395325,3770
156.6902358531952,3769
156.84121131896973,3768
156.99254751205444,3767
157.1447310447693,3766
157.29656195640564,3765
157.44931507110596,3764
157.59181833267212,3763
157.72748136520386,3762
157.8686547279358,3761
158.00931525230408,3760
158.14500093460083,3759
158.2785885334015,3758
158.408362865448,3757
158.53507280349731,3756
158.6638445854187,3755
158.7908182144165,3754
158.92048120498657,3753
159.0493221282959,3752
159.17760276794434,3751
159.30699491500854,3750
159.43767261505127,3749
159.5730414390564,3748
159.70843029022217,3747
159.84279370307922,3746
159.97777152061462,3745
160.1121699810028,3744
160.24419713020325,3743
160.37465643882751,3742
160.50096106529236,3741
160.62799835205078,3740
160.7552194595337,3739
160.88196516036987,3738
161.00935816764832,3737
161.13724541664124,3736
161.2700662612915,3735
161.40307593345642,3734
161.53635549545288,3733
161.6717460155487,3732
161.80930614471436,3731
161.94589257240295,3730
162.08483958244324,3729
162.2230350971222,3728
162.36232233047485,3727
162.50151252746582,3726
162.6401391029358,3725
162.77903532981873,3724
162.9202663898468,3723
163.0606768131256,3722
163.20232367515564,3721
163.34484577178955,3720
163.49026036262512,3719
163.63345575332642,3718
163.7737946510315,3717
163.90462398529053,3716
164.04001116752625,3715
164.18082737922668,3714
164.3232877254486,3713
164.46299505233765,3712
164.5973608493805,3711
164.73278093338013,3710
164.8668348789215,3709
165.00172305107117,3708
165.13834643363953,3707
165.27494525909424,3706
165.41026854515076,3705
165.54309463500977,3704
165.68682432174683,3703
165.83076405525208,3702
165.9742341041565,3701
166.11677479743958,3700
166.2579939365387,3699
166.39902353286743,3698
166.53573727607727,3697
166.66923904418945,3696
166.80271196365356,3695
166.93616271018982,3694
167.06987977027893,3693
167.202880859375,3692
167.33636140823364,3691
167.47306489944458,3690
167.6134181022644,3689
167.75496625900269,3688
167.89706134796143,3687
168.03939247131348,3686
168.18222856521606,3685
168.32650303840637,3684
168.47091960906982,3683
168.61609888076782,3682
168.76274847984314,3681
168.90967178344727,3680
169.05725073814392,3679
169.20518326759338,3678
169.35395884513855,3677
169.50296115875244,3676
169.64490246772766,3675
169.7849280834198,3674
169.92534065246582,3673
170.06641292572021,3672
170.2079427242279,3671
170.34377598762512,3670
170.4726357460022,3669
170.60158896446228,3668
170.7356538772583,3667
170.8692924976349,3666
171.00053691864014,3665
171.1271162033081,3664
171.256112575531,3663
171.38322567939758,3662
171.51286602020264,3661
171.64448475837708,3660
171.77511024475098,3659
171.9097855091095,3658
172.0423550605774,3657
172.17736220359802,3656
172.31215524673462,3655
172.44623732566833,3654
172.58028030395508,3653
172.71350932121277,3652
172.84387469291687,3651
172.97120928764343,3650
173.09827399253845,3649
173.22596836090088,3648
173.35369038581848,3647
173.48066926002502,3646
173.60848879814148,3645
173.73679399490356,3644
173.86987924575806,3643
174.00365781784058,3642
174.13794326782227,3641
174.27417659759521,3640
174.40980172157288,3639
174.54583501815796,3638
174.6830699443817,3637
174.82176423072815,3636
174.96077299118042,3635
175.1001696586609,3634
175.24038648605347,3633
175.37939500808716,3632
175.52008032798767,3631
175.6599941253662,3630
175.80128860473633,3629
175.94250416755676,3628
176.0824806690216,3627
176.22462821006775,3626
176.36713218688965,3625
176.49910807609558,3624
176.630309343338,3623
176.7659134864807,3622
176.89981079101562,3621
177.0300476551056,3620
177.15601301193237,3619
177.28536415100098,3618
177.41243076324463,3617
177.54069542884827,3616
177.66924238204956,3615
177.80216717720032,3614
177.9351089000702,3613
178.06006598472595,3612
178.19169402122498,3611
178.32358980178833,3610
178.4552502632141,3609
178.58561205863953,3608
178.71471190452576,3607
178.84185123443604,3606
178.9666223526001,3605
179.09237456321716,3604
179.220623254776,3603
179.35355639457703,3602
179.48683977127075,3601
179.61992955207825,3600
179.75319504737854,3599
179.89138054847717,3598
180.0317108631134,3597
180.1737515926361,3596
180.31299209594727,3595
180.45573616027832,3594
180.59947729110718,3593
180.74395298957825,3592
180.8891134262085,3591
181.034343957901,3590
181.1817729473114,3589
181.32836246490479,3588
181.47647213935852,3587
181.62432098388672,3586
181.7734944820404,3585
181.92669486999512,3584
182.07835865020752,3583
182.23042607307434,3582
182.38411211967468,3581
182.53839945793152,3580
182.69265365600586,3579
182.8436586856842,3578
182.98008179664612,3577
183.11640572547913,3576
183.25245428085327,3575
183.38808012008667,3574
183.52375507354736,3573
183.6600751876831,3572
183.79659819602966,3571
183.93243074417114,3570
184.06774306297302,3569
184.20344924926758,3568
184.3398838043213,3567
184.47591829299927,3566
184.61181116104126,3565
184.74471402168274,3564
184.88307857513428,3563
185.02217769622803,3562
185.1508367061615,3561
185.28132581710815,3560
185.4126808643341,3559
185.53965759277344,3558
185.66578221321106,3557
185.79186058044434,3556
185.91776061058044,3555
186.04446530342102,3554
186.1709167957306,3553
186.29705095291138,3552
186.42300176620483,3551
186.5509479045868,3550
186.68038535118103,3549
186.81591629981995,3548
186.95112824440002,3547
187.090430021286,3546
187.22700691223145,3545
187.3627769947052,3544
187.49829578399658,3543
187.63451170921326,3542
187.7709457874298,3541
187.90735507011414,3540
188.04275679588318,3539
188.17823338508606,3538
188.3142693042755,3537
188.45161080360413,3536
188.58741927146912,3535
188.72401332855225,3534
188.86090660095215,3533
188.99845218658447,3532
189.13619232177734,3531
189.27307033538818,3530
189.40768456459045,3529
189.54360365867615,3528
189.6798882484436,3527
189.81551814079285,3526
189.95169615745544,3525
190.0892677307129,3524
190.2234444618225,3523
190.3593053817749,3522
190.49561405181885,3521
190.63158464431763,3520
190.77201199531555,3519
190.91502737998962,3518
191.06121444702148,3517
191.20740866661072,3516
191.3536558151245,3515
191.49978876113892,3514
191.64642906188965,3513
191.794691324234,3512
191.93940544128418,3511
192.0869846343994,3510
192.22345852851868,3509
192.35850524902344,3508
192.49298071861267,3507
192.62717962265015,3506
192.76157021522522,3505
192.89561343193054,3504
193.0298309326172,3503
193.16432166099548,3502
193.30037808418274,3501
193.43705248832703,3500
193.57307386398315,3499
193.70834589004517,3498
193.84343910217285,3497
193.97966814041138,3496
194.11606097221375,3495
194.25264072418213,3494
194.39144468307495,3493
194.52748942375183,3492
194.66383743286133,3491
194.80038142204285,3490
194.93603515625,3489
195.0715959072113,3488
195.2052607536316,3487
195.34172797203064,3486
195.47774457931519,3485
195.61371493339539,3484
195.75045800209045,3483
195.88624143600464,3482
196.02250385284424,3481
196.15754103660583,3480
196.28679060935974,3479
196.41854333877563,3478
196.55587434768677,3477
196.68636441230774,3476
196.81726479530334,3475
196.94949173927307,3474
197.08215808868408,3473
197.21797060966492,3472
197.3495786190033,3471
197.4821949005127,3470
197.61484146118164,3469
197.74875712394714,3468
197.8827555179596,3467
198.01683378219604,3466
198.15047335624695,3465
198.28731966018677,3464
198.42252731323242,3463
198.56146049499512,3462
198.69756078720093,3461
198.83391284942627,3460
198.96950316429138,3459
199.1047441959381,3458
199.24030232429504,3457
199.37641382217407,3456
199.5124068260193,3455
199.6479949951172,3454
199.78317165374756,3453
199.91868948936462,3452
200.05251574516296,3451
200.18662452697754,3450
200.3206284046173,3449
200.45450568199158,3448
200.58888173103333,3447
200.72363209724426,3446
200.85793590545654,3445
200.99159860610962,3444
201.1256561279297,3443
201.26074647903442,3442
201.3959982395172,3441
201.5305573940277,3440
201.66446208953857,3439
201.80170273780823,3438
201.93645811080933,3437
202.07046151161194,3436
202.2031500339508,3435
202.3363914489746,3434
202.47092509269714,3433
202.60289645195007,3432
202.73443365097046,3431
202.8689522743225,3430
203.00764679908752,3429
203.14486289024353,3428
203.2750313282013,3427
203.4015371799469,3426
203.52816915512085,3425
203.65631818771362,3424
203.7880403995514,3423
203.92019271850586,3422
204.0525872707367,3421
204.18477940559387,3420
204.31391644477844,3419
204.44594359397888,3418
204.57507371902466,3417
204.7002956867218,3416
204.82490992546082,3415
204.94901967048645,3414
205.07339668273926,3413
205.1984555721283,3412
205.323344707489,3411
205.4476020336151,3410
205.57276701927185,3409
205.70038485527039,3408
205.82895421981812,3407
205.96224284172058,3406
206.0953950881958,3405
206.2286901473999,3404
206.3625476360321,3403
206.49646949768066,3402
206.62968921661377,3401
206.7633707523346,3400
206.8981111049652,3399
207.0342447757721,3398
207.174818277359,3397
207.3131594657898,3396
207.44917392730713,3395
207.58514213562012,3394
207.72119975090027,3393
207.85670733451843,3392
207.99210119247437,3391
208.1283836364746,3390
208.26564025878906,3389
208.40184617042542,3388
208.53815460205078,3387
208.67484426498413,3386
208.8106129169464,3385
208.94711089134216,3384
209.0829951763153,3383
209.21926426887512,3382
555.0290503501892,3381
