0.7441878318786621,4897
0.8888697624206543,4896
1.0316929817199707,4895
1.174363613128662,4894
1.3173692226409912,4893
1.461435079574585,4892
1.6050209999084473,4891
1.7480404376983643,4890
1.8880515098571777,4889
2.0199453830718994,4888
2.153749704360962,4887
2.2876877784729004,4886
2.4265096187591553,4885
2.5601046085357666,4884
2.6904678344726562,4883
2.8210155963897705,4882
2.9528510570526123,4881
3.090914726257324,4880
3.231055736541748,4879
3.368673086166382,4878
3.513751268386841,4877
3.6598856449127197,4876
3.8060035705566406,4875
3.9510819911956787,4874
4.093400955200195,4873
4.230710983276367,4872
4.367121458053589,4871
4.504492521286011,4870
4.6409924030303955,4869
4.777655124664307,4868
4.916580438613892,4867
5.060614824295044,4866
5.205518007278442,4865
5.352209568023682,4864
5.500988721847534,4863
5.651005268096924,4862
5.801365852355957,4861
5.9528303146362305,4860
6.105455160140991,4859
6.259905576705933,4858
6.413583517074585,4857
6.562811851501465,4856
6.703513860702515,4855
6.84800124168396,4854
6.993270397186279,4853
7.138838529586792,4852
7.274414539337158,4851
7.406782150268555,4850
7.538108825683594,4849
7.671031713485718,4848
7.820357322692871,4847
7.970742225646973,4846
8.111351490020752,4845
8.252171754837036,4844
8.395984649658203,4843
8.537828207015991,4842
8.67513108253479,4841
8.813344955444336,4840
8.95174527168274,4839
9.090628862380981,4838
9.230028867721558,4837
9.370972394943237,4836
9.510684728622437,4835
9.654200315475464,4834
9.800348043441772,4833
9.9467613697052,4832
10.093040466308594,4831
10.236433029174805,4830
10.377400159835815,4829
10.515644073486328,4828
10.652736902236938,4827
10.79008674621582,4826
10.927225589752197,4825
11.061074256896973,4824
11.19087815284729,4823
11.324124574661255,4822
11.460435152053833,4821
11.597697019577026,4820
11.73504376411438,4819
11.88351559638977,4818
12.055007219314575,4817
12.200530529022217,4816
12.35476016998291,4815
12.50972604751587,4814
12.664011716842651,4813
12.818718433380127,4812
12.97565221786499,4811
13.133524894714355,4810
13.290015935897827,4809
13.44811749458313,4808
13.605903625488281,4807
13.746362209320068,4806
13.889129638671875,4805
14.039915561676025,4804
14.189295291900635,4803
14.338127613067627,4802
14.486292362213135,4801
14.631271123886108,4800
14.76828670501709,4799
14.905484437942505,4798
15.043126821517944,4797
15.181731462478638,4796
15.321950435638428,4795
15.461551427841187,4794
15.598397493362427,4793
15.73942756652832,4792
15.876981496810913,4791
16.012674570083618,4790
16.14754295349121,4789
16.28117346763611,4788
16.412237644195557,4787
16.54170560836792,4786
16.67062783241272,4785
16.800904035568237,4784
16.932820081710815,4783
17.06969714164734,4782
17.207117557525635,4781
17.35092568397522,4780
17.496711492538452,4779
17.642725229263306,4778
17.790834188461304,4777
17.940159797668457,4776
18.089354753494263,4775
18.239455223083496,4774
18.39161443710327,4773
18.545143127441406,4772
18.698200941085815,4771
18.85193634033203,4770
19.00740146636963,4769
19.163143396377563,4768
19.319069147109985,4767
19.476008892059326,4766
19.6345272064209,4765
19.792414903640747,4764
19.932389736175537,4763
20.073827028274536,4762
20.220083236694336,4761
20.365008115768433,4760
20.50708842277527,4759
20.638885021209717,4758
20.769837379455566,4757
20.89984679222107,4756
21.031630754470825,4755
21.1650333404541,4754
21.296998262405396,4753
21.42922616004944,4752
21.56597876548767,4751
21.705491542816162,4750
21.85260534286499,4749
21.99677538871765,4748
22.138931274414062,4747
22.277683973312378,4746
22.41477131843567,4745
22.550432920455933,4744
22.688368558883667,4743
22.825864553451538,4742
22.962884187698364,4741
23.10006618499756,4740
23.243590354919434,4739
23.389764547348022,4738
23.536529541015625,4737
23.683733224868774,4736
23.832597494125366,4735
23.982955932617188,4734
24.133176803588867,4733
24.28429388999939,4732
24.437119007110596,4731
24.590673446655273,4730
24.74079203605652,4729
24.89411950111389,4728
25.051274299621582,4727
25.207275867462158,4726
25.353313207626343,4725
25.498950958251953,4724
25.640520095825195,4723
25.772672176361084,4722
25.906753540039062,4721
26.0453360080719,4720
26.181537866592407,4719
26.313486337661743,4718
26.443739652633667,4717
26.57303237915039,4716
26.705358028411865,4715
26.84271001815796,4714
26.98930525779724,4713
27.120999574661255,4712
27.260528564453125,4711
27.407232761383057,4710
27.546921253204346,4709
27.689971685409546,4708
27.824446439743042,4707
27.959415912628174,4706
28.089691400527954,4705
28.2164306640625,4704
28.346322774887085,4703
28.47927975654602,4702
28.609708786010742,4701
28.74071741104126,4700
28.87259817123413,4699
29.011829614639282,4698
29.149659872055054,4697
29.288615942001343,4696
29.429267406463623,4695
29.57541584968567,4694
29.724512577056885,4693
29.863192558288574,4692
30.000052213668823,4691
30.138161659240723,4690
30.276389122009277,4689
30.41491460800171,4688
30.554430961608887,4687
30.69487690925598,4686
30.831443309783936,4685
30.961557388305664,4684
31.09697437286377,4683
31.244041442871094,4682
31.389930725097656,4681
31.528486251831055,4680
31.664352893829346,4679
31.801546812057495,4678
31.93916654586792,4677
32.077534437179565,4676
32.215829610824585,4675
32.35361099243164,4674
32.49677085876465,4673
32.641940116882324,4672
32.78742051124573,4671
32.932759284973145,4670
33.07541847229004,4669
33.213969469070435,4668
33.34976863861084,4667
33.48676800727844,4666
33.6230731010437,4665
33.756563901901245,4664
33.89178466796875,4663
34.03223967552185,4662
34.17574405670166,4661
34.3207004070282,4660
34.46685242652893,4659
34.61484432220459,4658
34.762609243392944,4657
34.91123056411743,4656
35.0614550113678,4655
35.21312379837036,4654
35.364415884017944,4653
35.51618480682373,4652
35.66928005218506,4651
35.823851346969604,4650
35.97807741165161,4649
36.13425159454346,4648
36.29100561141968,4647
36.447346687316895,4646
36.59327268600464,4645
36.725359201431274,4644
36.86234092712402,4643
36.999500036239624,4642
37.134008169174194,4641
37.2636501789093,4640
37.39470601081848,4639
37.52345514297485,4638
37.65474200248718,4637
37.78600764274597,4636
37.91738820075989,4635
38.047704458236694,4634
38.1826958656311,4633
38.31625819206238,4632
38.451430559158325,4631
38.58655118942261,4630
38.72053647041321,4629
38.85192632675171,4628
38.9827196598053,4627
39.111377239227295,4626
39.24075412750244,4625
39.36924171447754,4624
39.497854709625244,4623
39.62696933746338,4622
39.75971579551697,4621
39.8941810131073,4620
40.0295193195343,4619
40.16537928581238,4618
40.302409648895264,4617
40.43935036659241,4616
40.579052686691284,4615
40.72014760971069,4614
40.862058877944946,4613
41.004740715026855,4612
41.14889430999756,4611
41.290754079818726,4610
41.433902740478516,4609
41.578275203704834,4608
41.723286151885986,4607
41.86206245422363,4606
42.00546669960022,4605
42.14180374145508,4604
42.27842998504639,4603
42.41495871543884,4602
42.54484844207764,4601
42.67876672744751,4600
42.8103609085083,4599
42.947649002075195,4598
43.08662796020508,4597
43.225926876068115,4596
43.36306667327881,4595
43.507124185562134,4594
43.65261173248291,4593
43.79796361923218,4592
43.94186520576477,4591
44.083648920059204,4590
44.22340369224548,4589
44.35967755317688,4588
44.49462842941284,4587
44.63038229942322,4586
44.766332149505615,4585
44.902291774749756,4584
45.038310527801514,4583
45.17804169654846,4582
45.32238817214966,4581
45.467824935913086,4580
45.61364531517029,4579
45.76039361953735,4578
45.90890312194824,4577
46.05823755264282,4576
46.20708394050598,4575
46.35735082626343,4574
46.509878635406494,4573
46.66208100318909,4572
46.81438374519348,4571
46.968883752822876,4570
47.124719858169556,4569
47.279327630996704,4568
47.430500507354736,4567
47.587406635284424,4566
47.733604431152344,4565
47.87183451652527,4564
48.009806632995605,4563
48.14856290817261,4562
48.28515291213989,4561
48.41725277900696,4560
48.54942846298218,4559
48.681761741638184,4558
48.81865978240967,4557
48.95483088493347,4556
49.0940055847168,4555
49.23257565498352,4554
49.37146258354187,4553
49.50475764274597,4552
49.64109182357788,4551
49.77437353134155,4550
49.903850078582764,4549
50.04353451728821,4548
50.17181086540222,4547
50.300238370895386,4546
50.42863917350769,4545
50.55724382400513,4544
50.68646216392517,4543
50.81403207778931,4542
50.94189929962158,4541
51.06974649429321,4540
51.197816371917725,4539
51.32866287231445,4538
51.46375012397766,4537
51.600919008255005,4536
51.737093448638916,4535
51.872687339782715,4534
52.009631872177124,4533
52.14715933799744,4532
52.28509831428528,4531
52.424373626708984,4530
52.562755823135376,4529
52.70107698440552,4528
52.840059757232666,4527
52.97953009605408,4526
53.11834716796875,4525
53.256797075271606,4524
53.395530223846436,4523
53.53455853462219,4522
53.6734414100647,4521
53.81126356124878,4520
53.9504017829895,4519
54.09022402763367,4518
54.229756355285645,4517
54.366013050079346,4516
54.503785610198975,4515
54.64328336715698,4514
54.78010821342468,4513
54.915523529052734,4512
55.0541775226593,4511
55.199671268463135,4510
55.342082500457764,4509
55.480053663253784,4508
55.61737656593323,4507
55.755279541015625,4506
55.89365839958191,4505
56.03109645843506,4504
56.168134689331055,4503
56.30347442626953,4502
56.44047236442566,4501
56.572360038757324,4500
56.71131467819214,4499
56.839836835861206,4498
56.97395706176758,4497
57.10157608985901,4496
57.22979378700256,4495
57.35834980010986,4494
57.48671221733093,4493
57.614558935165405,4492
57.74285578727722,4491
57.87239193916321,4490
58.00351142883301,4489
58.13936805725098,4488
58.27771711349487,4487
58.41630148887634,4486
58.55469036102295,4485
58.69270372390747,4484
58.83207607269287,4483
58.973506689071655,4482
59.111377000808716,4481
59.249274492263794,4480
59.38719868659973,4479
59.52573919296265,4478
59.664132595062256,4477
59.801663398742676,4476
59.93948769569397,4475
60.078245878219604,4474
60.217002868652344,4473
60.353864908218384,4472
60.49175715446472,4471
60.630767822265625,4470
60.77039551734924,4469
60.90619897842407,4468
61.043588399887085,4467
61.18047213554382,4466
61.317678689956665,4465
61.45432925224304,4464
61.59171962738037,4463
61.729552268981934,4462
61.86675691604614,4461
62.00668740272522,4460
62.143385887145996,4459
62.28079032897949,4458
62.41766977310181,4457
62.55918884277344,4456
62.702914237976074,4455
62.85042142868042,4454
62.998037576675415,4453
63.145451068878174,4452
63.289433002471924,4451
63.42668604850769,4450
63.56401824951172,4449
63.70095181465149,4448
63.839282274246216,4447
63.97688841819763,4446
64.11474418640137,4445
64.25344777107239,4444
64.39129900932312,4443
64.52852320671082,4442
64.66563653945923,4441
64.80410051345825,4440
64.9426646232605,4439
65.08051204681396,4438
65.2181785106659,4437
65.35382533073425,4436
65.49188804626465,4435
65.63134050369263,4434
65.77154564857483,4433
65.90939354896545,4432
66.04767417907715,4431
66.18535447120667,4430
66.32307529449463,4429
66.46101379394531,4428
66.59986543655396,4427
66.73740530014038,4426
66.8749098777771,4425
67.01320147514343,4424
67.15146255493164,4423
67.28977560997009,4422
67.42852544784546,4421
67.5681083202362,4420
67.70778584480286,4419
67.84684348106384,4418
67.97793579101562,4417
68.10776901245117,4416
68.24249339103699,4415
68.37677693367004,4414
68.51181316375732,4413
68.64949584007263,4412
68.78606534004211,4411
68.92044711112976,4410
69.0541558265686,4409
69.19002151489258,4408
69.3258376121521,4407
69.46291327476501,4406
69.59904146194458,4405
69.7366292476654,4404
69.87371730804443,4403
70.00981712341309,4402
70.14762949943542,4401
70.28892421722412,4400
70.42739152908325,4399
70.56571578979492,4398
70.70298314094543,4397
70.84064602851868,4396
70.97890734672546,4395
71.11706781387329,4394
71.25448989868164,4393
71.39172768592834,4392
71.52927827835083,4391
71.6679801940918,4390
71.80590963363647,4389
71.9490430355072,4388
72.08709192276001,4387
72.22554445266724,4386
72.36355376243591,4385
72.50162506103516,4384
72.63982200622559,4383
72.77785015106201,4382
72.91562676429749,4381
73.05343914031982,4380
73.19130969047546,4379
73.32955980300903,4378
73.4681568145752,4377
73.6063780784607,4376
73.74396896362305,4375
73.88145565986633,4374
74.01631498336792,4373
74.15286135673523,4372
74.28995442390442,4371
74.4219377040863,4370
74.5569167137146,4369
74.69327354431152,4368
74.82901287078857,4367
74.96102046966553,4366
75.09129309654236,4365
75.22256422042847,4364
75.35697078704834,4363
75.49304342269897,4362
75.62805676460266,4361
75.7631287574768,4360
75.89637351036072,4359
76.03197145462036,4358
76.16757869720459,4357
76.30341243743896,4356
76.43958020210266,4355
76.57796835899353,4354
76.71629738807678,4353
76.85419607162476,4352
76.99238896369934,4351
77.13437509536743,4350
77.27157998085022,4349
77.40873122215271,4348
77.54594850540161,4347
77.68434262275696,4346
77.82209777832031,4345
77.95901131629944,4344
78.09651136398315,4343
78.23452615737915,4342
78.37074303627014,4341
78.50870013237,4340
78.64589643478394,4339
78.784250497818,4338
78.91968131065369,4337
79.05373239517212,4336
79.18595004081726,4335
79.32614064216614,4334
79.46524119377136,4333
79.60128402709961,4332
79.73573613166809,4331
79.8716812133789,4330
80.00797200202942,4329
80.1422905921936,4328
80.27773904800415,4327
80.41232705116272,4326
80.54485297203064,4325
80.6759421825409,4324
80.80633616447449,4323
80.93807077407837,4322
81.06799983978271,4321
81.19780421257019,4320
81.32940793037415,4319
81.46524429321289,4318
81.59979224205017,4317
81.73468947410583,4316
81.87368750572205,4315
82.00938940048218,4314
82.14731502532959,4313
82.28295278549194,4312
82.4187421798706,4311
82.55571627616882,4310
82.69218230247498,4309
82.82141876220703,4308
82.95760798454285,4307
83.08536076545715,4306
83.21402049064636,4305
83.34374642372131,4304
83.46788620948792,4303
83.59251761436462,4302
83.71795177459717,4301
83.84364414215088,4300
83.97183513641357,4299
84.10314536094666,4298
84.23890686035156,4297
84.38410973548889,4296
84.53537106513977,4295
84.68754196166992,4294
84.84139227867126,4293
84.98326349258423,4292
85.11996078491211,4291
85.25699853897095,4290
85.39452362060547,4289
85.53158593177795,4288
85.66865062713623,4287
85.8053228855133,4286
85.94332313537598,4285
86.08016419410706,4284
86.21794295310974,4283
86.35509395599365,4282
86.49566841125488,4281
86.63687801361084,4280
86.77933835983276,4279
86.92296361923218,4278
87.06570529937744,4277
87.2079873085022,4276
87.35040783882141,4275
87.4937219619751,4274
87.63649725914001,4273
87.77881336212158,4272
87.91998767852783,4271
88.06067442893982,4270
88.20368933677673,4269
88.34559440612793,4268
88.48812317848206,4267
88.6314697265625,4266
88.77469301223755,4265
88.91713452339172,4264
89.05922508239746,4263
89.20281410217285,4262
89.34570789337158,4261
89.48837184906006,4260
89.63101768493652,4259
89.774080991745,4258
89.90930509567261,4257
90.04272270202637,4256
90.17585444450378,4255
90.30851674079895,4254
90.44128394126892,4253
90.57361364364624,4252
90.70514440536499,4251
90.84083223342896,4250
90.97660255432129,4249
91.1119019985199,4248
91.24780917167664,4247
91.37906002998352,4246
91.51231741905212,4245
91.6448438167572,4244
91.77691674232483,4243
91.90929913520813,4242
92.04771733283997,4241
92.18585276603699,4240
92.3173086643219,4239
92.44695973396301,4238
92.58080554008484,4237
92.71378374099731,4236
92.84699177742004,4235
92.97986149787903,4234
93.11334347724915,4233
93.24731850624084,4232
93.37928557395935,4231
93.50762033462524,4230
93.63598680496216,4229
93.76698517799377,4228
93.89825248718262,4227
94.0292763710022,4226
94.16236400604248,4225
94.29972434043884,4224
94.4359188079834,4223
94.56755805015564,4222
94.69667530059814,4221
94.82536387443542,4220
94.95385122299194,4219
95.08277726173401,4218
95.21189904212952,4217
95.34062814712524,4216
95.47449254989624,4215
95.6089403629303,4214
95.74515223503113,4213
95.8877899646759,4212
96.03312110900879,4211
96.18267822265625,4210
96.33339023590088,4209
96.48573184013367,4208
96.63640522956848,4207
96.78643536567688,4206
96.9377007484436,4205
97.09147334098816,4204
97.23092126846313,4203
97.3680911064148,4202
97.50730276107788,4201
97.64514541625977,4200
97.78412985801697,4199
97.92178320884705,4198
98.06024813652039,4197
98.19831418991089,4196
98.33724164962769,4195
98.4831976890564,4194
98.63197875022888,4193
98.77980732917786,4192
98.92780923843384,4191
99.07644009590149,4190
99.22537469863892,4189
99.37316513061523,4188
99.52127504348755,4187
99.67010545730591,4186
99.81187582015991,4185
99.9519956111908,4184
100.09092688560486,4183
100.23092341423035,4182
100.37142157554626,4181
100.51100754737854,4180
100.65022444725037,4179
100.79063200950623,4178
100.93146014213562,4177
101.07122659683228,4176
101.21116757392883,4175
101.34866571426392,4174
101.4884901046753,4173
101.62078189849854,4172
101.74927091598511,4171
101.87928819656372,4170
102.00962376594543,4169
102.1403284072876,4168
102.27209997177124,4167
102.40479445457458,4166
102.53796911239624,4165
102.67364478111267,4164
102.80898952484131,4163
102.9438111782074,4162
103.07781410217285,4161
103.20978164672852,4160
103.3379054069519,4159
103.46633648872375,4158
103.59492874145508,4157
103.72353744506836,4156
103.85497426986694,4155
103.98602509498596,4154
104.1201901435852,4153
104.25557804107666,4152
104.39161825180054,4151
104.52806258201599,4150
104.66558146476746,4149
104.80441927909851,4148
104.94367718696594,4147
105.08361101150513,4146
105.22440481185913,4145
105.36700797080994,4144
105.50998973846436,4143
105.65138292312622,4142
105.7926676273346,4141
105.93564438819885,4140
106.0682783126831,4139
106.19999885559082,4138
106.33046674728394,4137
106.4623863697052,4136
106.59971165657043,4135
106.73613238334656,4134
106.86782193183899,4133
106.99905180931091,4132
107.13215470314026,4131
107.26552176475525,4130
107.39418125152588,4129
107.52190566062927,4128
107.65137553215027,4127
107.77890467643738,4126
107.90683245658875,4125
108.0373854637146,4124
108.17066311836243,4123
108.30385971069336,4122
108.43854188919067,4121
108.57290363311768,4120
108.70641493797302,4119
108.83863186836243,4118
108.96879315376282,4117
109.09653449058533,4116
109.22368669509888,4115
109.35103964805603,4114
109.47733998298645,4113
109.61287760734558,4112
109.73785519599915,4111
109.8654944896698,4110
109.99684119224548,4109
110.12692832946777,4108
110.25780487060547,4107
110.3909604549408,4106
110.52520823478699,4105
110.6598711013794,4104
110.79551267623901,4103
110.93571829795837,4102
111.08550143241882,4101
111.23793244361877,4100
111.3902792930603,4099
111.54373240470886,4098
111.69902920722961,4097
111.85397815704346,4096
112.0088860988617,4095
112.15131306648254,4094
112.2892496585846,4093
112.43532609939575,4092
112.58267593383789,4091
112.72771525382996,4090
112.875723361969,4089
113.01853919029236,4088
113.15562915802002,4087
113.28954720497131,4086
113.42579698562622,4085
113.56147742271423,4084
113.698903799057,4083
113.83671069145203,4082
113.9749641418457,4081
114.11377191543579,4080
114.25780081748962,4079
114.4019935131073,4078
114.54581928253174,4077
114.68561935424805,4076
114.82428407669067,4075
114.96013355255127,4074
115.09507608413696,4073
115.22953271865845,4072
115.36429381370544,4071
115.49860692024231,4070
115.63337683677673,4069
115.76901268959045,4068
115.90987229347229,4067
116.0523521900177,4066
116.19629144668579,4065
116.34193134307861,4064
116.48379564285278,4063
116.62098097801208,4062
116.75932812690735,4061
116.90993690490723,4060
117.05125308036804,4059
117.19346952438354,4058
117.33603096008301,4057
117.47793507575989,4056
117.61965203285217,4055
117.76208162307739,4054
117.90596294403076,4053
118.05117702484131,4052
118.18211674690247,4051
118.31537914276123,4050
118.45404148101807,4049
118.59209966659546,4048
118.72772216796875,4047
118.86367988586426,4046
118.99155759811401,4045
119.1190915107727,4044
119.24572229385376,4043
119.37597155570984,4042
119.5063099861145,4041
119.6363570690155,4040
119.76530313491821,4039
119.899493932724,4038
120.03354740142822,4037
120.16828346252441,4036
120.30144333839417,4035
120.43375396728516,4034
120.56321048736572,4033
120.69142317771912,4032
120.81840062141418,4031
120.94726705551147,4030
121.07439851760864,4029
121.20086121559143,4028
121.3287205696106,4027
121.45950555801392,4026
121.59348940849304,4025
121.7284996509552,4024
121.86613297462463,4023
122.00254988670349,4022
122.14020133018494,4021
122.2786877155304,4020
122.4208915233612,4019
122.5655415058136,4018
122.71542596817017,4017
122.86740016937256,4016
123.0206823348999,4015
123.17404842376709,4014
123.32733201980591,4013
123.48084306716919,4012
123.63254475593567,4011
123.77872562408447,4010
123.91586351394653,4009
124.05802583694458,4008
124.20314764976501,4007
124.34713816642761,4006
124.48142766952515,4005
124.61663627624512,4004
124.75244903564453,4003
124.88878297805786,4002
125.02571940422058,4001
125.16288304328918,4000
125.30058932304382,3999
125.44151854515076,3998
125.58537578582764,3997
125.7283205986023,3996
125.8721649646759,3995
126.01467990875244,3994
126.15379166603088,3993
126.28875780105591,3992
126.42328310012817,3991
126.55677318572998,3990
126.69207262992859,3989
126.82653331756592,3988
126.96125173568726,3987
127.098299741745,3986
127.24022841453552,3985
127.38277411460876,3984
127.52699756622314,3983
127.67313122749329,3982
127.81945729255676,3981
127.96361351013184,3980
128.10367059707642,3979
128.24344730377197,3978
128.38370084762573,3977
128.5240342617035,3976
128.66461968421936,3975
128.80705213546753,3974
128.94989490509033,3973
129.09289932250977,3972
129.235365152359,3971
129.37979769706726,3970
129.51303386688232,3969
129.64579343795776,3968
129.78234457969666,3967
129.9178638458252,3966
130.05090856552124,3965
130.17859292030334,3964
130.30752444267273,3963
130.4389410018921,3962
130.56920266151428,3961
130.6992416381836,3960
130.82887649536133,3959
130.95970487594604,3958
131.09470653533936,3957
131.22947239875793,3956
131.36378407478333,3955
131.4963150024414,3954
131.62595438957214,3953
131.75380897521973,3952
131.89101552963257,3951
132.01945209503174,3950
132.1476173400879,3949
132.27549743652344,3948
132.40287041664124,3947
132.53461980819702,3946
132.66850543022156,3945
132.80309057235718,3944
132.9383614063263,3943
133.07433700561523,3942
133.21190977096558,3941
133.35103344917297,3940
133.4905309677124,3939
133.63123655319214,3938
133.773761510849,3937
133.91683912277222,3936
134.05668210983276,3935
134.19838070869446,3934
134.34241366386414,3933
134.48364543914795,3932
134.6158926486969,3931
134.7482886314392,3930
134.89037036895752,3929
135.02650117874146,3928
135.15918803215027,3927
135.2862548828125,3926
135.41531491279602,3925
135.54282450675964,3924
135.6721475124359,3923
135.80147671699524,3922
135.9315025806427,3921
136.0622754096985,3920
136.1971845626831,3919
136.3377754688263,3918
136.46924686431885,3917
136.59999585151672,3916
136.72961258888245,3915
136.85332202911377,3914
136.97427678108215,3913
137.09862971305847,3912
137.22411131858826,3911
137.3496196269989,3910
137.47412395477295,3909
137.60235810279846,3908
137.7374107837677,3907
137.8797824382782,3906
138.02263021469116,3905
138.16648316383362,3904
138.3118360042572,3903
138.45795464515686,3902
138.60456800460815,3901
138.75213384628296,3900
138.90157985687256,3899
139.05130767822266,3898
139.20091462135315,3897
139.35118865966797,3896
139.5032057762146,3895
139.65581893920898,3894
139.80828404426575,3893
139.96222138404846,3892
140.11701035499573,3891
140.271653175354,3890
140.41513466835022,3889
140.55253314971924,3888
140.68998956680298,3887
140.82697129249573,3886
140.96381497383118,3885
141.1008973121643,3884
141.23951125144958,3883
141.37594509124756,3882
141.50969791412354,3881
141.6459720134735,3880
141.7831838130951,3879
141.92063307762146,3878
142.05684232711792,3877
142.19350934028625,3876
142.3300759792328,3875
142.465754032135,3874
142.5996401309967,3873
142.74809575080872,3872
142.88047671318054,3871
143.01333785057068,3870
143.14217114448547,3869
143.26871013641357,3868
143.39560842514038,3867
143.52225708961487,3866
143.6486873626709,3865
143.77536392211914,3864
143.9022192955017,3863
144.03139734268188,3862
144.16461515426636,3861
144.3003969192505,3860
144.4366660118103,3859
144.57225251197815,3858
144.70805644989014,3857
144.84506034851074,3856
144.98161721229553,3855
145.11825132369995,3854
145.2546854019165,3853
145.3919746875763,3852
145.53300380706787,3851
145.66890263557434,3850
145.80278944969177,3849
145.93945980072021,3848
146.07683181762695,3847
146.213520526886,3846
146.34964895248413,3845
146.48686027526855,3844
146.62389159202576,3843
146.7610068321228,3842
146.90612649917603,3841
147.04266119003296,3840
147.1807143688202,3839
147.3182988166809,3838
147.4558675289154,3837
147.59400010108948,3836
147.73223114013672,3835
147.86799597740173,3834
148.0044116973877,3833
148.1407766342163,3832
148.27762246131897,3831
148.41485810279846,3830
148.55310201644897,3829
148.68904829025269,3828
148.82637667655945,3827
148.96386623382568,3826
149.10053944587708,3825
149.24377298355103,3824
149.3771243095398,3823
149.51357889175415,3822
149.6496753692627,3821
149.78560137748718,3820
149.92185997962952,3819
150.05859112739563,3818
150.19227981567383,3817
150.3284134864807,3816
150.46517276763916,3815
150.6025767326355,3814
150.7400529384613,3813
150.87732982635498,3812
151.0143120288849,3811
151.15294337272644,3810
151.29083132743835,3809
151.42780423164368,3808
151.564715385437,3807
151.70543098449707,3806
151.84250593185425,3805
151.97894763946533,3804
152.11512088775635,3803
152.25238013267517,3802
152.39011216163635,3801
152.52701592445374,3800
152.66292309761047,3799
152.79928851127625,3798
152.93681478500366,3797
153.0741355419159,3796
153.20987963676453,3795
153.34664702415466,3794
153.48393177986145,3793
153.62077975273132,3792
153.75757694244385,3791
153.8942642211914,3790
154.0295090675354,3789
154.1651566028595,3788
154.30118060112,3787
154.43730878829956,3786
154.56550884246826,3785
154.69648957252502,3784
154.82862877845764,3783
154.96348309516907,3782
155.09839582443237,3781
155.23272609710693,3780
155.36768460273743,3779
155.50161218643188,3778
155.63628602027893,3777
155.77146005630493,3776
155.90686678886414,3775
156.04208731651306,3774
156.17754530906677,3773
156.31323719024658,3772
156.44993424415588,3771
156.58619618415833,3770
156.72267985343933,3769
156.86354088783264,3768
157.00095987319946,3767
157.1368989944458,3766
157.2726137638092,3765
157.40925669670105,3764
157.5460364818573,3763
157.68242049217224,3762
157.8182818889618,3761
157.9553349018097,3760
158.09229111671448,3759
158.22740530967712,3758
158.36378860473633,3757
158.50029039382935,3756
158.63711595535278,3755
158.7731852531433,3754
158.90940284729004,3753
159.04443979263306,3752
159.1797490119934,3751
159.31642603874207,3750
159.45245385169983,3749
159.58852887153625,3748
159.72611021995544,3747
159.86395120620728,3746
160.0004801750183,3745
160.13730263710022,3744
160.27468371391296,3743
160.41274976730347,3742
160.5457057952881,3741
160.67442727088928,3740
160.80400824546814,3739
160.93263459205627,3738
161.06073188781738,3737
161.190447807312,3736
161.32495641708374,3735
161.45756101608276,3734
161.5920968055725,3733
161.72594571113586,3732
161.86061120033264,3731
162.00227332115173,3730
162.13610696792603,3729
162.27124071121216,3728
162.40585851669312,3727
162.53971982002258,3726
162.66960406303406,3725
162.80919218063354,3724
162.93772292137146,3723
163.06353306770325,3722
163.19050431251526,3721
163.31739211082458,3720
163.44374656677246,3719
163.5688440799713,3718
163.69626712799072,3717
163.8236391544342,3716
163.95058250427246,3715
164.0797984600067,3714
164.2139024734497,3713
164.35173654556274,3712
164.48942756652832,3711
164.62681484222412,3710
164.7633192539215,3709
164.90032482147217,3708
165.0375747680664,3707
165.1741054058075,3706
165.31117820739746,3705
165.44720005989075,3704
165.58411192893982,3703
165.72126054763794,3702
165.8583116531372,3701
165.99504804611206,3700
166.1308274269104,3699
166.26783871650696,3698
166.40513586997986,3697
166.5409562587738,3696
166.67457175254822,3695
166.80978655815125,3694
166.94611430168152,3693
167.0792007446289,3692
167.21313381195068,3691
167.35224747657776,3690
167.4955813884735,3689
167.63405346870422,3688
167.76793336868286,3687
167.90308475494385,3686
168.03950452804565,3685
168.1764976978302,3684
168.31338095664978,3683
168.4501564502716,3682
168.58699440956116,3681
168.724139213562,3680
168.86189603805542,3679
169.0029067993164,3678
169.14698886871338,3677
169.29456734657288,3676
169.43493366241455,3675
169.57172966003418,3674
169.70818448066711,3673
169.84447932243347,3672
169.98187685012817,3671
170.11907052993774,3670
170.25516200065613,3669
170.3913712501526,3668
170.52823877334595,3667
170.66467189788818,3666
170.80124282836914,3665
170.93798184394836,3664
171.07502555847168,3663
171.21279454231262,3662
171.34999251365662,3661
171.48686981201172,3660
171.62345170974731,3659
171.76374626159668,3658
171.89631748199463,3657
172.02645707130432,3656
172.1571433544159,3655
172.28787350654602,3654
172.42053174972534,3653
172.55115461349487,3652
172.6819679737091,3651
172.8132312297821,3650
172.94493889808655,3649
173.077294588089,3648
173.20877957344055,3647
173.33896493911743,3646
173.47133111953735,3645
173.60421872138977,3644
173.73614716529846,3643
173.8678822517395,3642
174.00148224830627,3641
174.13223552703857,3640
174.26562905311584,3639
174.397634267807,3638
174.5324366092682,3637
174.66828870773315,3636
174.8026623725891,3635
174.93552684783936,3634
175.07071089744568,3633
175.2047152519226,3632
175.34032893180847,3631
175.47655320167542,3630
175.6087613105774,3629
175.74280333518982,3628
175.88052678108215,3627
176.0160994529724,3626
176.15671372413635,3625
176.2951476573944,3624
176.43010210990906,3623
176.56373500823975,3622
176.69475531578064,3621
176.82904887199402,3620
176.9730987548828,3619
177.11772966384888,3618
177.26412153244019,3617
177.41128158569336,3616
177.56210780143738,3615
177.7125334739685,3614
177.86414098739624,3613
178.00316739082336,3612
178.13874530792236,3611
178.27490544319153,3610
178.41094589233398,3609
178.54719614982605,3608
178.6830756664276,3607
178.81896567344666,3606
178.95539665222168,3605
179.09133529663086,3604
179.22741031646729,3603
179.36381649971008,3602
179.50528359413147,3601
179.64787530899048,3600
179.79088234901428,3599
179.9327793121338,3598
180.07473015785217,3597
180.21695232391357,3596
180.3593146800995,3595
180.50165390968323,3594
180.6434166431427,3593
180.78561544418335,3592
180.92828464508057,3591
181.0618236064911,3590
181.19474983215332,3589
181.32595324516296,3588
181.45874857902527,3587
181.59254240989685,3586
181.72524452209473,3585
181.85820722579956,3584
181.99160718917847,3583
182.12493634223938,3582
182.25820446014404,3581
182.39094829559326,3580
182.52418756484985,3579
182.65764141082764,3578
182.7909996509552,3577
182.92334079742432,3576
183.05344200134277,3575
183.18935084342957,3574
183.32664728164673,3573
183.4568226337433,3572
183.58645939826965,3571
183.71760749816895,3570
183.84953689575195,3569
183.98126125335693,3568
184.1107702255249,3567
184.24068641662598,3566
184.37065815925598,3565
184.5004620552063,3564
184.63085317611694,3563
184.76223635673523,3562
184.90127086639404,3561
185.03842186927795,3560
185.17597651481628,3559
185.3114631175995,3558
185.44716620445251,3557
185.58583736419678,3556
185.71845293045044,3555
185.85316038131714,3554
185.99146223068237,3553
186.12451839447021,3552
186.25222778320312,3551
186.37998700141907,3550
186.51013278961182,3549
186.64147424697876,3548
186.77321815490723,3547
186.9040355682373,3546
187.03861570358276,3545
187.17341136932373,3544
187.30416798591614,3543
187.43048191070557,3542
187.55756855010986,3541
187.68843936920166,3540
187.81950449943542,3539
187.94632840156555,3538
188.07429599761963,3537
188.20585751533508,3536
188.33916807174683,3535
188.47363185882568,3534
188.60901188850403,3533
188.74525499343872,3532
188.8830485343933,3531
189.02217411994934,3530
189.1720380783081,3529
189.30807662010193,3528
189.44475102424622,3527
189.5819537639618,3526
189.71062564849854,3525
189.83664464950562,3524
189.96455073356628,3523
190.09051179885864,3522
190.2171573638916,3521
190.34505558013916,3520
190.47503995895386,3519
190.6121027469635,3518
190.75045442581177,3517
190.8941719532013,3516
191.04101014137268,3515
191.1888451576233,3514
191.3379032611847,3513
191.48502445220947,3512
191.63199949264526,3511
191.78004264831543,3510
191.93106961250305,3509
192.07664728164673,3508
192.21661520004272,3507
192.3563370704651,3506
192.49588537216187,3505
192.63470554351807,3504
192.77362966537476,3503
192.91296577453613,3502
193.05227994918823,3501
193.1925129890442,3500
193.33132457733154,3499
193.47092509269714,3498
193.61091208457947,3497
193.75074887275696,3496
193.89008355140686,3495
194.02650904655457,3494
194.160320520401,3493
194.29556393623352,3492
194.43062567710876,3491
194.56590509414673,3490
194.6992347240448,3489
194.83582949638367,3488
194.97592663764954,3487
195.11906027793884,3486
195.26142716407776,3485
195.40383505821228,3484
195.54442358016968,3483
195.68073868751526,3482
195.81468296051025,3481
195.94901871681213,3480
196.0769500732422,3479
196.20444011688232,3478
196.3322675228119,3477
196.46325039863586,3476
196.59714555740356,3475
196.7315058708191,3474
196.8667492866516,3473
197.00286960601807,3472
197.139750957489,3471
197.27704977989197,3470
197.4151690006256,3469
197.55417323112488,3468
197.69487047195435,3467
197.83647680282593,3466
197.97780895233154,3465
198.1198854446411,3464
198.2633786201477,3463
198.41046595573425,3462
198.5423059463501,3461
198.6721432209015,3460
198.8006341457367,3459
198.92947793006897,3458
199.0597198009491,3457
199.19293975830078,3456
199.3266725540161,3455
199.45591855049133,3454
199.5840983390808,3453
199.7151551246643,3452
199.84506916999817,3451
199.9745008945465,3450
200.10185527801514,3449
200.23119688034058,3448
200.35787653923035,3447
200.48771452903748,3446
200.61629509925842,3445
200.7446985244751,3444
200.8725311756134,3443
201.00449514389038,3442
201.1388053894043,3441
201.2721860408783,3440
201.4059693813324,3439
201.53708052635193,3438
201.66637086868286,3437
201.79338312149048,3436
201.9211597442627,3435
202.0501081943512,3434
202.1828625202179,3433
202.31558203697205,3432
202.45001006126404,3431
202.58683037757874,3430
202.72819900512695,3429
202.87132859230042,3428
203.0152485370636,3427
203.15959978103638,3426
203.304785490036,3425
203.45111775398254,3424
203.59922051429749,3423
203.74270677566528,3422
203.89099168777466,3421
204.04165387153625,3420
204.192218542099,3419
204.34297347068787,3418
204.49498414993286,3417
204.6484727859497,3416
204.80313873291016,3415
204.95645022392273,3414
205.11132287979126,3413
205.24951362609863,3412
205.3866469860077,3411
205.52344417572021,3410
205.66211128234863,3409
205.80202841758728,3408
205.94293904304504,3407
206.0833044052124,3406
206.21590113639832,3405
206.35054087638855,3404
206.48512291908264,3403
206.62052512168884,3402
206.75671005249023,3401
206.8930220603943,3400
207.02792930603027,3399
207.16641092300415,3398
207.30893850326538,3397
207.45071601867676,3396
207.59164237976074,3395
207.72496724128723,3394
207.8566906452179,3393
207.98482823371887,3392
208.1121437549591,3391
208.23893237113953,3390
208.36561465263367,3389
208.4920928478241,3388
208.61919832229614,3387
208.74680852890015,3386
208.87746143341064,3385
209.0106120109558,3384
209.14451551437378,3383
209.27967834472656,3382
274.1241772174835,3381
