0.7360470294952393,4897
0.8857479095458984,4896
1.0356838703155518,4895
1.1842989921569824,4894
1.3241643905639648,4893
1.4624719619750977,4892
1.6007578372955322,4891
1.7381870746612549,4890
1.8757143020629883,4889
2.013465404510498,4888
2.1517601013183594,4887
2.290146589279175,4886
2.4278318881988525,4885
2.5661966800689697,4884
2.705024003982544,4883
2.8432741165161133,4882
2.9782402515411377,4881
3.1169183254241943,4880
3.2543437480926514,4879
3.3909592628479004,4878
3.5263969898223877,4877
3.6607189178466797,4876
3.792646884918213,4875
3.925705909729004,4874
4.058211326599121,4873
4.191180944442749,4872
4.324383735656738,4871
4.456120491027832,4870
4.587565660476685,4869
4.7189695835113525,4868
4.850658655166626,4867
4.98232626914978,4866
5.114317178726196,4865
5.25054407119751,4864
5.387188673019409,4863
5.520517110824585,4862
5.656853199005127,4861
5.792773962020874,4860
5.923966646194458,4859
6.058551549911499,4858
6.192675828933716,4857
6.327171802520752,4856
6.46373724937439,4855
6.600292444229126,4854
6.7294182777404785,4853
6.859180927276611,4852
6.990386724472046,4851
7.121101379394531,4850
7.259769678115845,4849
7.394763708114624,4848
7.529672384262085,4847
7.6641528606414795,4846
7.798452615737915,4845
7.935479640960693,4844
8.078302383422852,4843
8.223122596740723,4842
8.370376110076904,4841
8.518866300582886,4840
8.669892311096191,4839
8.822956085205078,4838
8.971882820129395,4837
9.108765125274658,4836
9.245874404907227,4835
9.38311219215393,4834
9.520701169967651,4833
9.657873392105103,4832
9.794545888900757,4831
9.93213963508606,4830
10.069539785385132,4829
10.206778049468994,4828
10.344191551208496,4827
10.482723236083984,4826
10.624172687530518,4825
10.768683671951294,4824
10.910374641418457,4823
11.05434775352478,4822
11.199374914169312,4821
11.34348750114441,4820
11.487170696258545,4819
11.631154775619507,4818
11.775927782058716,4817
11.920467376708984,4816
12.064658164978027,4815
12.209027528762817,4814
12.353972434997559,4813
12.49817419052124,4812
12.641574621200562,4811
12.782768964767456,4810
12.917863845825195,4809
13.052531957626343,4808
13.186501026153564,4807
13.321045160293579,4806
13.455680131912231,4805
13.589893579483032,4804
13.723999738693237,4803
13.857864141464233,4802
13.991307258605957,4801
14.123647689819336,4800
14.256969451904297,4799
14.396046876907349,4798
14.531723260879517,4797
14.667425394058228,4796
14.802492618560791,4795
14.93732762336731,4794
15.071417331695557,4793
15.206108570098877,4792
15.336860179901123,4791
15.46761417388916,4790
15.599044799804688,4789
15.731059074401855,4788
15.86124587059021,4787
15.991608381271362,4786
16.125338077545166,4785
16.258484363555908,4784
16.390408515930176,4783
16.526321411132812,4782
16.667933702468872,4781
16.80522584915161,4780
16.943880081176758,4779
17.079962015151978,4778
17.21127724647522,4777
17.341766595840454,4776
17.47165036201477,4775
17.603222608566284,4774
17.736088514328003,4773
17.867618560791016,4772
18.003934144973755,4771
18.139859914779663,4770
18.275169610977173,4769
18.40818953514099,4768
18.53771996498108,4767
18.66694211959839,4766
18.793752193450928,4765
18.922891855239868,4764
19.052953243255615,4763
19.184974670410156,4762
19.31926965713501,4761
19.459341049194336,4760
19.605592727661133,4759
19.744946479797363,4758
19.8837411403656,4757
20.023466110229492,4756
20.164267539978027,4755
20.305442810058594,4754
20.447258710861206,4753
20.589792013168335,4752
20.72326970100403,4751
20.852203607559204,4750
20.99061894416809,4749
21.116655588150024,4748
21.2406804561615,4747
21.36720561981201,4746
21.493440628051758,4745
21.622329235076904,4744
21.75511336326599,4743
21.88822078704834,4742
22.021584510803223,4741
22.1548969745636,4740
22.29310703277588,4739
22.43777322769165,4738
22.57413601875305,4737
22.710640907287598,4736
22.847143411636353,4735
22.984652042388916,4734
23.120908737182617,4733
23.25854516029358,4732
23.39578676223755,4731
23.53306555747986,4730
23.670583248138428,4729
23.807162284851074,4728
23.943198919296265,4727
24.078566789627075,4726
24.21476936340332,4725
24.351775646209717,4724
24.48950481414795,4723
24.62814235687256,4722
24.765319108963013,4721
24.907854795455933,4720
25.052425384521484,4719
25.197253942489624,4718
25.341091871261597,4717
25.48143982887268,4716
25.617698192596436,4715
25.752838373184204,4714
25.88763189315796,4713
26.022329807281494,4712
26.15736722946167,4711
26.292564392089844,4710
26.43345355987549,4709
26.576020002365112,4708
26.720362663269043,4707
26.866360664367676,4706
27.01429510116577,4705
27.16209053993225,4704
27.31092119216919,4703
27.460898876190186,4702
27.61266279220581,4701
27.754778385162354,4700
27.89561176300049,4699
28.03781747817993,4698
28.180935382843018,4697
28.32377576828003,4696
28.467437267303467,4695
28.598204135894775,4694
28.72892117500305,4693
28.85793972015381,4692
28.9874370098114,4691
29.123289823532104,4690
29.261691331863403,4689
29.394885063171387,4688
29.52526569366455,4687
29.65718412399292,4686
29.791674613952637,4685
29.92497944831848,4684
30.054774045944214,4683
30.184895992279053,4682
30.314601182937622,4681
30.445517778396606,4680
30.575883150100708,4679
30.705734729766846,4678
30.83688521385193,4677
30.972391366958618,4676
31.10732078552246,4675
31.241656064987183,4674
31.375240564346313,4673
31.50587272644043,4672
31.6332426071167,4671
31.75953245162964,4670
31.888172149658203,4669
32.016241788864136,4668
32.14420962333679,4667
32.27171015739441,4666
32.40522742271423,4665
32.53893995285034,4664
32.6740996837616,4663
32.81009125709534,4662
32.94681239128113,4661
33.08568263053894,4660
33.22341966629028,4659
33.36359763145447,4658
33.504390478134155,4657
33.65412998199463,4656
33.80334115028381,4655
33.95704936981201,4654
34.11250972747803,4653
34.26909422874451,4652
34.42315459251404,4651
34.561057806015015,4650
34.69940423965454,4649
34.83892869949341,4648
34.981157302856445,4647
35.12107563018799,4646
35.265583753585815,4645
35.40286564826965,4644
35.53837847709656,4643
35.67370796203613,4642
35.81068158149719,4641
35.948874711990356,4640
36.08688831329346,4639
36.223318099975586,4638
36.36604285240173,4637
36.51093006134033,4636
36.65515637397766,4635
36.79776692390442,4634
36.939279317855835,4633
37.07638382911682,4632
37.2101948261261,4631
37.344706535339355,4630
37.47978591918945,4629
37.614978313446045,4628
37.75019311904907,4627
37.88765263557434,4626
38.02983021736145,4625
38.1740608215332,4624
38.320072889328,4623
38.46559381484985,4622
38.61181902885437,4621
38.760257720947266,4620
38.90995526313782,4619
39.059221267700195,4618
39.20510649681091,4617
39.34580373764038,4616
39.487558364868164,4615
39.629008531570435,4614
39.771278858184814,4613
39.914849519729614,4612
40.05833721160889,4611
40.19549226760864,4610
40.32572054862976,4609
40.46058917045593,4608
40.596765995025635,4607
40.73194336891174,4606
40.860679626464844,4605
40.99031400680542,4604
41.11989164352417,4603
41.25051021575928,4602
41.38215684890747,4601
41.51606345176697,4600
41.647236347198486,4599
41.782371282577515,4598
41.91764187812805,4597
42.05280590057373,4596
42.18705415725708,4595
42.31929349899292,4594
42.44886565208435,4593
42.57573676109314,4592
42.703935623168945,4591
42.83134698867798,4590
42.959062814712524,4589
43.088212728500366,4588
43.21979355812073,4587
43.35351490974426,4586
43.48835468292236,4585
43.62418460845947,4584
43.76035761833191,4583
43.897953748703,4582
44.03658151626587,4581
44.175544023513794,4580
44.31596398353577,4579
44.45682716369629,4578
44.59863233566284,4577
44.74166655540466,4576
44.88738179206848,4575
45.032954931259155,4574
45.177462100982666,4573
45.31052327156067,4572
45.441362619400024,4571
45.57741093635559,4570
45.71081185340881,4569
45.842660427093506,4568
45.972424268722534,4567
46.10822868347168,4566
46.23853158950806,4565
46.368715047836304,4564
46.499212980270386,4563
46.62993383407593,4562
46.75898599624634,4561
46.893107175827026,4560
47.02873253822327,4559
47.16326689720154,4558
47.29714059829712,4557
47.42990684509277,4556
47.56470584869385,4555
47.6906623840332,4554
47.816460609436035,4553
47.939077615737915,4552
48.061681270599365,4551
48.188798904418945,4550
48.316871881484985,4549
48.447553396224976,4548
48.578895807266235,4547
48.712671756744385,4546
48.8497097492218,4545
48.99574112892151,4544
49.14396357536316,4543
49.2943000793457,4542
49.44547700881958,4541
49.596418142318726,4540
49.748650312423706,4539
49.90289640426636,4538
50.05648946762085,4537
50.21035575866699,4536
50.366302251815796,4535
50.52287697792053,4534
50.66880655288696,4533
50.80635666847229,4532
50.944207191467285,4531
51.08244824409485,4530
51.219611406326294,4529
51.35694432258606,4528
51.494826555252075,4527
51.63330316543579,4526
51.77064251899719,4525
51.90771293640137,4524
52.04498767852783,4523
52.18320441246033,4522
52.321030616760254,4521
52.45845913887024,4520
52.595993757247925,4519
52.73253107070923,4518
52.867894649505615,4517
53.01780295372009,4516
53.16705393791199,4515
53.316436529159546,4514
53.46639609336853,4513
53.61087107658386,4512
53.7594838142395,4511
53.907671213150024,4510
54.05636215209961,4509
54.20425820350647,4508
54.35257053375244,4507
54.496668100357056,4506
54.633586406707764,4505
54.77155113220215,4504
54.908143520355225,4503
55.04530119895935,4502
55.181973934173584,4501
55.318235635757446,4500
55.4548761844635,4499
55.591832876205444,4498
55.72874093055725,4497
55.865907192230225,4496
56.00151300430298,4495
56.13803267478943,4494
56.27497053146362,4493
56.41191482543945,4492
56.54264187812805,4491
56.680853843688965,4490
56.818695306777954,4489
56.951109170913696,4488
57.08189582824707,4487
57.21441578865051,4486
57.34684944152832,4485
57.47930121421814,4484
57.614156007766724,4483
57.75350022315979,4482
57.89201354980469,4481
58.03018116950989,4480
58.16779065132141,4479
58.305338621139526,4478
58.44382643699646,4477
58.58273220062256,4476
58.71966505050659,4475
58.85564875602722,4474
58.99455714225769,4473
59.133246183395386,4472
59.26946806907654,4471
59.406694412231445,4470
59.544410705566406,4469
59.68257451057434,4468
59.820765256881714,4467
59.959940910339355,4466
60.098201274871826,4465
60.23653483390808,4464
60.37466740608215,4463
60.51509404182434,4462
60.6587872505188,4461
60.80819916725159,4460
60.951576709747314,4459
61.08845353126526,4458
61.22551989555359,4457
61.36307907104492,4456
61.50014543533325,4455
61.63700032234192,4454
61.7739360332489,4453
61.91178321838379,4452
62.04816818237305,4451
62.19561409950256,4450
62.343952894210815,4449
62.493257999420166,4448
62.64259743690491,4447
62.79054641723633,4446
62.938639879226685,4445
63.08780384063721,4444
63.237168312072754,4443
63.385186433792114,4442
63.53390860557556,4441
63.68327498435974,4440
63.83232593536377,4439
63.980751752853394,4438
64.12560415267944,4437
64.27331638336182,4436
64.42251348495483,4435
64.57066011428833,4434
64.71895694732666,4433
64.86800456047058,4432
65.01767659187317,4431
65.16619062423706,4430
65.31424760818481,4429
65.46248745918274,4428
65.61090326309204,4427
65.75918388366699,4426
65.90788674354553,4425
66.04462599754333,4424
66.18180298805237,4423
66.31882047653198,4422
66.450603723526,4421
66.5805094242096,4420
66.71037411689758,4419
66.84129691123962,4418
66.97859263420105,4417
67.11652278900146,4416
67.2545382976532,4415
67.39199686050415,4414
67.52862119674683,4413
67.66551756858826,4412
67.80246162414551,4411
67.93970370292664,4410
68.0767080783844,4409
68.21430802345276,4408
68.35308122634888,4407
68.49124693870544,4406
68.62952733039856,4405
68.77150893211365,4404
68.90996885299683,4403
69.04795408248901,4402
69.18611741065979,4401
69.32124638557434,4400
69.45873308181763,4399
69.59679865837097,4398
69.73438048362732,4397
69.8722026348114,4396
70.01006841659546,4395
70.14857769012451,4394
70.28674721717834,4393
70.42040157318115,4392
70.55175399780273,4391
70.68359684944153,4390
70.82122206687927,4389
70.95693707466125,4388
71.09474396705627,4387
71.23295402526855,4386
71.36910915374756,4385
71.50527381896973,4384
71.64690351486206,4383
71.7864933013916,4382
71.92435669898987,4381
72.06213474273682,4380
72.199942111969,4379
72.3390576839447,4378
72.47570705413818,4377
72.6124255657196,4376
72.75034546852112,4375
72.88685536384583,4374
73.02236461639404,4373
73.16021943092346,4372
73.30283737182617,4371
73.44792318344116,4370
73.58573150634766,4369
73.72363495826721,4368
73.86061024665833,4367
73.99731111526489,4366
74.13524293899536,4365
74.27301859855652,4364
74.41050457954407,4363
74.5473198890686,4362
74.68064951896667,4361
74.82818937301636,4360
74.95835137367249,4359
75.08521795272827,4358
75.21254324913025,4357
75.33995842933655,4356
75.46716165542603,4355
75.59361624717712,4354
75.72119641304016,4353
75.84880352020264,4352
75.97532176971436,4351
76.1138961315155,4350
76.25637722015381,4349
76.40505385398865,4348
76.55343532562256,4347
76.70135879516602,4346
76.84972143173218,4345
76.99777460098267,4344
77.14522528648376,4343
77.29348397254944,4342
77.44088196754456,4341
77.58891725540161,4340
77.73645448684692,4339
77.88372039794922,4338
78.03171014785767,4337
78.1783697605133,4336
78.32549262046814,4335
78.47273898124695,4334
78.61972451210022,4333
78.76642417907715,4332
78.91294288635254,4331
79.06017804145813,4330
79.20642566680908,4329
79.35368967056274,4328
79.50061511993408,4327
79.64697623252869,4326
79.78965377807617,4325
79.9242148399353,4324
80.05998682975769,4323
80.19680762290955,4322
80.3332781791687,4321
80.46992993354797,4320
80.60699105262756,4319
80.74406099319458,4318
80.8799877166748,4317
81.02832198143005,4316
81.17688655853271,4315
81.32504367828369,4314
81.47327518463135,4313
81.62081575393677,4312
81.76964521408081,4311
81.91833233833313,4310
82.05716824531555,4309
82.19414186477661,4308
82.33108568191528,4307
82.46913051605225,4306
82.60733652114868,4305
82.74473118782043,4304
82.88173055648804,4303
83.01846241950989,4302
83.15619969367981,4301
83.29357933998108,4300
83.43063020706177,4299
83.56798458099365,4298
83.70611500740051,4297
83.84425759315491,4296
83.98133420944214,4295
84.11866188049316,4294
84.25672769546509,4293
84.39427161216736,4292
84.52394533157349,4291
84.65409684181213,4290
84.78606677055359,4289
84.91846346855164,4288
85.05061149597168,4287
85.18244218826294,4286
85.31248235702515,4285
85.44383955001831,4284
85.58223748207092,4283
85.7197618484497,4282
85.85694646835327,4281
85.99359440803528,4280
86.13075637817383,4279
86.26519346237183,4278
86.40169668197632,4277
86.54014921188354,4276
86.67869997024536,4275
86.81462478637695,4274
86.95142006874084,4273
87.08855128288269,4272
87.2268226146698,4271
87.36436939239502,4270
87.50379347801208,4269
87.64052367210388,4268
87.77838444709778,4267
87.91671657562256,4266
88.05396604537964,4265
88.19840955734253,4264
88.34289836883545,4263
88.49121952056885,4262
88.6381425857544,4261
88.7857494354248,4260
88.92866659164429,4259
89.06520390510559,4258
89.20093584060669,4257
89.3370566368103,4256
89.47362422943115,4255
89.60992217063904,4254
89.74616146087646,4253
89.88151001930237,4252
90.01643466949463,4251
90.16247820854187,4250
90.30933165550232,4249
90.4556953907013,4248
90.60331273078918,4247
90.74525666236877,4246
90.89175248146057,4245
91.03884625434875,4244
91.18474555015564,4243
91.33049821853638,4242
91.47799634933472,4241
91.62647652626038,4240
91.77405500411987,4239
91.92166662216187,4238
92.07017230987549,4237
92.21894192695618,4236
92.36657381057739,4235
92.51464605331421,4234
92.66339111328125,4233
92.81198716163635,4232
92.95995378494263,4231
93.10724401473999,4230
93.25532293319702,4229
93.40412330627441,4228
93.55192613601685,4227
93.69937562942505,4226
93.84762716293335,4225
93.98409104347229,4224
94.11421060562134,4223
94.24408769607544,4222
94.3736617565155,4221
94.50391387939453,4220
94.63502287864685,4219
94.77349829673767,4218
94.91206407546997,4217
95.05004382133484,4216
95.18913269042969,4215
95.32636570930481,4214
95.46314883232117,4213
95.60088324546814,4212
95.73888421058655,4211
95.87699294090271,4210
96.01442551612854,4209
96.14860343933105,4208
96.2862160205841,4207
96.42696142196655,4206
96.56430721282959,4205
96.70186138153076,4204
96.83961868286133,4203
96.97763395309448,4202
97.11468863487244,4201
97.25252056121826,4200
97.3896906375885,4199
97.52747941017151,4198
97.66424012184143,4197
97.80112481117249,4196
97.93937349319458,4195
98.07724213600159,4194
98.21502161026001,4193
98.34931898117065,4192
98.47957730293274,4191
98.61576581001282,4190
98.75548982620239,4189
98.89071750640869,4188
99.02573013305664,4187
99.16273713111877,4186
99.30019640922546,4185
99.43668222427368,4184
99.56623768806458,4183
99.69591212272644,4182
99.82763934135437,4181
99.96614265441895,4180
100.10033845901489,4179
100.22987747192383,4178
100.3660192489624,4177
100.50088167190552,4176
100.63216495513916,4175
100.76706790924072,4174
100.89852786064148,4173
101.03625583648682,4172
101.166921377182,4171
101.29460215568542,4170
101.4219617843628,4169
101.55424737930298,4168
101.6852674484253,4167
101.8156087398529,4166
101.94359707832336,4165
102.0750093460083,4164
102.20478916168213,4163
102.33858966827393,4162
102.47310471534729,4161
102.6012213230133,4160
102.73061084747314,4159
102.85830760002136,4158
102.98006653785706,4157
103.1021375656128,4156
103.22529077529907,4155
103.34915208816528,4154
103.47186875343323,4153
103.59494495391846,4152
103.72109293937683,4151
103.85239291191101,4150
103.98637866973877,4149
104.12197256088257,4148
104.26852416992188,4147
104.41601467132568,4146
104.5639021396637,4145
104.71050095558167,4144
104.8570990562439,4143
105.00410151481628,4142
105.15206098556519,4141
105.29935646057129,4140
105.44597363471985,4139
105.59266829490662,4138
105.7403917312622,4137
105.8883626461029,4136
106.03531813621521,4135
106.18185663223267,4134
106.32921934127808,4133
106.47742772102356,4132
106.62402105331421,4131
106.7697811126709,4130
106.91395354270935,4129
107.06098318099976,4128
107.20794296264648,4127
107.35466527938843,4126
107.50224924087524,4125
107.65019083023071,4124
107.79716038703918,4123
107.94397449493408,4122
108.09166407585144,4121
108.23917269706726,4120
108.38668537139893,4119
108.53362035751343,4118
108.68110179901123,4117
108.8291003704071,4116
108.97599363327026,4115
109.12308263778687,4114
109.2701849937439,4113
109.41807723045349,4112
109.56573462486267,4111
109.70640349388123,4110
109.84193539619446,4109
109.97819352149963,4108
110.11065292358398,4107
110.24029922485352,4106
110.36990976333618,4105
110.50020265579224,4104
110.63588404655457,4103
110.77434062957764,4102
110.90816473960876,4101
111.04338932037354,4100
111.17875576019287,4099
111.31079578399658,4098
111.44452118873596,4097
111.57833313941956,4096
111.7120521068573,4095
111.84588932991028,4094
111.97976160049438,4093
112.11156630516052,4092
112.24071192741394,4091
112.36848211288452,4090
112.5006742477417,4089
112.62994313240051,4088
112.75906419754028,4087
112.88810539245605,4086
113.01698112487793,4085
113.14550709724426,4084
113.2740204334259,4083
113.40290403366089,4082
113.53064012527466,4081
113.65934467315674,4080
113.78952288627625,4079
113.91888284683228,4078
114.05136346817017,4077
114.1844892501831,4076
114.3137538433075,4075
114.4438123703003,4074
114.57500457763672,4073
114.70550680160522,4072
114.83488869667053,4071
114.96734571456909,4070
115.09863662719727,4069
115.23052191734314,4068
115.36610102653503,4067
115.49983835220337,4066
115.6333224773407,4065
115.76681804656982,4064
115.9020984172821,4063
116.03908801078796,4062
116.1810953617096,4061
116.32312393188477,4060
116.47023272514343,4059
116.61848568916321,4058
116.76569485664368,4057
116.9118447303772,4056
117.05866384506226,4055
117.20668363571167,4054
117.35425305366516,4053
117.50072526931763,4052
117.64332675933838,4051
117.78953957557678,4050
117.93714189529419,4049
118.083660364151,4048
118.23011660575867,4047
118.377685546875,4046
118.52571201324463,4045
118.67293953895569,4044
118.81921577453613,4043
118.96609950065613,4042
119.11372399330139,4041
119.26087594032288,4040
119.40731191635132,4039
119.5543909072876,4038
119.7018210887909,4037
119.84872770309448,4036
119.9953498840332,4035
120.14223003387451,4034
120.28990125656128,4033
120.43783640861511,4032
120.58440661430359,4031
120.73072171211243,4030
120.878408908844,4029
121.02608323097229,4028
121.1718373298645,4027
121.31720161437988,4026
121.46417951583862,4025
121.61205124855042,4024
121.75281834602356,4023
121.88815593719482,4022
122.02370691299438,4021
122.15941333770752,4020
122.28959250450134,4019
122.41921710968018,4018
122.54868483543396,4017
122.68219208717346,4016
122.8209581375122,4015
122.9548671245575,4014
123.08697199821472,4013
123.22069311141968,4012
123.35336112976074,4011
123.48645544052124,4010
123.61985445022583,4009
123.75274157524109,4008
123.88566160202026,4007
124.01909399032593,4006
124.1506073474884,4005
124.27930164337158,4004
124.40932130813599,4003
124.54056763648987,4002
124.6705150604248,4001
124.79891037940979,4000
124.92703008651733,3999
125.05527591705322,3998
125.18334364891052,3997
125.31127905845642,3996
125.43937468528748,3995
125.56784915924072,3994
125.6966073513031,3993
125.82488369941711,3992
125.95495867729187,3991
126.08996248245239,3990
126.2250702381134,3989
126.35916066169739,3988
126.49172258377075,3987
126.62598967552185,3986
126.76245737075806,3985
126.89849853515625,3984
127.0330069065094,3983
127.16688108444214,3982
127.30397081375122,3981
127.44101858139038,3980
127.57650899887085,3979
127.70643544197083,3978
127.83491253852844,3977
127.96543788909912,3976
128.09526109695435,3975
128.21981692314148,3974
128.34727573394775,3973
128.48228979110718,3972
128.61462569236755,3971
128.74230647087097,3970
128.87176275253296,3969
129.0043363571167,3968
129.13482475280762,3967
129.26350235939026,3966
129.3954668045044,3965
129.5281641483307,3964
129.66036367416382,3963
129.79323315620422,3962
129.92667245864868,3961
130.07482171058655,3960
130.22215795516968,3959
130.36977076530457,3958
130.518408536911,3957
130.66635370254517,3956
130.81383275985718,3955
130.95805025100708,3954
131.1047146320343,3953
131.2532570362091,3952
131.40003395080566,3951
131.54752159118652,3950
131.69606041908264,3949
131.84348821640015,3948
131.98233366012573,3947
132.12058448791504,3946
132.25932097434998,3945
132.39832973480225,3944
132.53643655776978,3943
132.6751263141632,3942
132.81302452087402,3941
132.9522099494934,3940
133.09066677093506,3939
133.22852039337158,3938
133.3672251701355,3937
133.5040156841278,3936
133.63282752037048,3935
133.76287746429443,3934
133.89466738700867,3933
134.03251194953918,3932
134.16031956672668,3931
134.28988218307495,3930
134.4193193912506,3929
134.55069708824158,3928
134.68649649620056,3927
134.82163214683533,3926
134.9555356502533,3925
135.09288454055786,3924
135.2350332736969,3923
135.38094353675842,3922
135.5287914276123,3921
135.67952179908752,3920
135.82141518592834,3919
135.95885491371155,3918
136.09732031822205,3917
136.23479008674622,3916
136.3723042011261,3915
136.509690284729,3914
136.6479787826538,3913
136.78885507583618,3912
136.930016040802,3911
137.07106757164001,3910
137.21293544769287,3909
137.35379314422607,3908
137.49610042572021,3907
137.63761925697327,3906
137.77834630012512,3905
137.91971564292908,3904
138.06014227867126,3903
138.19187808036804,3902
138.32379794120789,3901
138.45555090904236,3900
138.58774089813232,3899
138.72025561332703,3898
138.85084772109985,3897
138.9793951511383,3896
139.11046934127808,3895
139.24854707717896,3894
139.38784623146057,3893
139.5272490978241,3892
139.66601586341858,3891
139.80544447898865,3890
139.94443798065186,3889
140.0841188430786,3888
140.2235255241394,3887
140.36365485191345,3886
140.50401997566223,3885
140.64275360107422,3884
140.78122568130493,3883
140.91604328155518,3882
141.0518674850464,3881
141.1891462802887,3880
141.326025724411,3879
141.4671823978424,3878
141.60642504692078,3877
141.7412621974945,3876
141.87534999847412,3875
142.00849533081055,3874
142.14643740653992,3873
142.2895073890686,3872
142.43385982513428,3871
142.5747513771057,3870
142.71102452278137,3869
142.84966850280762,3868
142.98950719833374,3867
143.12564420700073,3866
143.254230260849,3865
143.3823709487915,3864
143.5091474056244,3863
143.63861727714539,3862
143.78321266174316,3861
143.93062710762024,3860
144.07844638824463,3859
144.22553896903992,3858
144.36854529380798,3857
144.50326204299927,3856
144.6385099887848,3855
144.7743923664093,3854
144.91048622131348,3853
145.04670214653015,3852
145.18363404273987,3851
145.3202428817749,3850
145.45426678657532,3849
145.58820152282715,3848
145.72551465034485,3847
145.86275458335876,3846
145.9975140094757,3845
146.13780522346497,3844
146.2770516872406,3843
146.41325426101685,3842
146.54762291908264,3841
146.68144488334656,3840
146.81552124023438,3839
146.95357418060303,3838
147.08977484703064,3837
147.22322821617126,3836
147.3576738834381,3835
147.49401330947876,3834
147.63169407844543,3833
147.77025246620178,3832
147.91012716293335,3831
148.04250264167786,3830
148.17373609542847,3829
148.31062769889832,3828
148.45381116867065,3827
148.5908272266388,3826
148.73039197921753,3825
148.8676881790161,3824
149.0009536743164,3823
149.1360218524933,3822
149.27147030830383,3821
149.4059295654297,3820
149.54629182815552,3819
149.68392062187195,3818
149.81983637809753,3817
149.9539954662323,3816
150.08777713775635,3815
150.2217059135437,3814
150.35564637184143,3813
150.4944360256195,3812
150.63702082633972,3811
150.78115963935852,3810
150.92637586593628,3809
151.0743486881256,3808
151.2233600616455,3807
151.37331533432007,3806
151.52459931373596,3805
151.66743302345276,3804
151.8036754131317,3803
151.93352627754211,3802
152.06817960739136,3801
152.20250344276428,3800
152.32983112335205,3799
152.45740723609924,3798
152.5857696533203,3797
152.71787118911743,3796
152.85753464698792,3795
152.99902272224426,3794
153.1380000114441,3793
153.27324056625366,3792
153.40668368339539,3791
153.54083275794983,3790
153.67417216300964,3789
153.80807399749756,3788
153.9490773677826,3787
154.0922453403473,3786
154.2377860546112,3785
154.38381242752075,3784
154.531254529953,3783
154.68168687820435,3782
154.83283758163452,3781
154.9851758480072,3780
155.13429999351501,3779
155.27911520004272,3778
155.41603899002075,3777
155.55211997032166,3776
155.6886260509491,3775
155.8247549533844,3774
155.96134305000305,3773
156.09809064865112,3772
156.22861313819885,3771
156.35724925994873,3770
156.48742413520813,3769
156.62563300132751,3768
156.76218843460083,3767
156.89742136001587,3766
157.02491426467896,3765
157.16275691986084,3764
157.29066348075867,3763
157.42345571517944,3762
157.5558295249939,3761
157.68837594985962,3760
157.82093954086304,3759
157.95305013656616,3758
158.0848982334137,3757
158.21748876571655,3756
158.35068106651306,3755
158.48675537109375,3754
158.6315987110138,3753
158.77784061431885,3752
158.9243767261505,3751
159.07090616226196,3750
159.21710968017578,3749
159.3636119365692,3748
159.50977849960327,3747
159.6555473804474,3746
159.80093502998352,3745
159.94643640518188,3744
160.0918047428131,3743
160.23690533638,3742
160.37903237342834,3741
160.5233073234558,3740
160.6680006980896,3739
160.8059594631195,3738
160.93708109855652,3737
161.07102012634277,3736
161.20486092567444,3735
161.33955907821655,3734
161.47390508651733,3733
161.60912251472473,3732
161.74481463432312,3731
161.88336443901062,3730
162.0313971042633,3729
162.17818236351013,3728
162.32570886611938,3727
162.47343158721924,3726
162.62001180648804,3725
162.76782298088074,3724
162.91564917564392,3723
163.06353545188904,3722
163.21089625358582,3721
163.35814452171326,3720
163.5059769153595,3719
163.65367674827576,3718
163.80092787742615,3717
163.94755387306213,3716
164.09529733657837,3715
164.24303579330444,3714
164.38761401176453,3713
164.52416133880615,3712
164.66040205955505,3711
164.79760885238647,3710
164.93480110168457,3709
165.07117676734924,3708
165.20766830444336,3707
165.34432935714722,3706
165.4789674282074,3705
165.6071436405182,3704
165.73687505722046,3703
165.8716332912445,3702
166.0037326812744,3701
166.13684368133545,3700
166.27014112472534,3699
166.4038770198822,3698
166.53869891166687,3697
166.67740869522095,3696
166.81651949882507,3695
166.95280146598816,3694
167.08939695358276,3693
167.22694993019104,3692
167.36411952972412,3691
167.5001666545868,3690
167.63610243797302,3689
167.77300763130188,3688
167.91077828407288,3687
168.04693627357483,3686
168.18376183509827,3685
168.318128824234,3684
168.45620036125183,3683
168.5946877002716,3682
168.7324345111847,3681
168.8696231842041,3680
169.0070731639862,3679
169.14489078521729,3678
169.28029441833496,3677
169.41646695137024,3676
169.55283284187317,3675
169.68951416015625,3674
169.8268039226532,3673
169.95752263069153,3672
170.0863790512085,3671
170.2213237285614,3670
170.3551173210144,3669
170.4881944656372,3668
170.62219429016113,3667
170.75551176071167,3666
170.89039874076843,3665
171.0330855846405,3664
171.1760823726654,3663
171.32194232940674,3662
171.46781849861145,3661
171.6139862537384,3660
171.7596995830536,3659
171.9055609703064,3658
172.05147337913513,3657
172.19733929634094,3656
172.3428761959076,3655
172.48901319503784,3654
172.63491034507751,3653
172.78034734725952,3652
172.92645072937012,3651
173.07339763641357,3650
173.2200484275818,3649
173.36769890785217,3648
173.51567673683167,3647
173.6621856689453,3646
173.80892205238342,3645
173.9561939239502,3644
174.10404324531555,3643
174.251398563385,3642
174.3982162475586,3641
174.54534554481506,3640
174.69284582138062,3639
174.8290536403656,3638
174.96367239952087,3637
175.09822750091553,3636
175.23338103294373,3635
175.36911416053772,3634
175.50439739227295,3633
175.6391315460205,3632
175.77414464950562,3631
175.90845155715942,3630
176.04331183433533,3629
176.18126702308655,3628
176.32708883285522,3627
176.46689558029175,3626
176.59492325782776,3625
176.73012447357178,3624
176.86796712875366,3623
177.001042842865,3622
177.13804650306702,3621
177.26750373840332,3620
177.40058374404907,3619
177.5301332473755,3618
177.65808391571045,3617
177.78806400299072,3616
177.9209713935852,3615
178.05098962783813,3614
178.1820158958435,3613
178.3101863861084,3612
178.44189763069153,3611
178.5727252960205,3610
178.70493268966675,3609
178.83808708190918,3608
178.96957421302795,3607
179.1040894985199,3606
179.23615884780884,3605
179.36293649673462,3604
179.48904824256897,3603
179.61503076553345,3602
179.74133276939392,3601
179.86815690994263,3600
179.99394941329956,3599
180.12037420272827,3598
180.24636816978455,3597
180.37453055381775,3596
180.505446434021,3595
180.6409661769867,3594
180.77674055099487,3593
180.9132559299469,3592
181.05001664161682,3591
181.1863374710083,3590
181.32121324539185,3589
181.45700883865356,3588
181.5930781364441,3587
181.72656178474426,3586
181.86088466644287,3585
181.99725699424744,3584
182.13296103477478,3583
182.2690396308899,3582
182.40579771995544,3581
182.5392198562622,3580
182.67493534088135,3579
182.81029057502747,3578
182.94223928451538,3577
183.0755627155304,3576
183.21327137947083,3575
183.35527801513672,3574
183.49080610275269,3573
183.62596130371094,3572
183.7606930732727,3571
183.89557766914368,3570
184.0302929878235,3569
184.16547632217407,3568
184.3019654750824,3567
184.44523692131042,3566
184.59210681915283,3565
184.7377529144287,3564
184.8843080997467,3563
185.0310389995575,3562
185.17846846580505,3561
185.3246340751648,3560
185.4699912071228,3559
185.61646175384521,3558
185.76369833946228,3557
185.9024703502655,3556
186.03729343414307,3555
186.17057633399963,3554
186.30061078071594,3553
186.43165016174316,3552
186.56102418899536,3551
186.6920464038849,3550
186.8256311416626,3549
186.9584903717041,3548
187.08923435211182,3547
187.21785616874695,3546
187.3460464477539,3545
187.47449326515198,3544
187.60725712776184,3543
187.7397918701172,3542
187.87251353263855,3541
188.00406503677368,3540
188.13652062416077,3539
188.2675862312317,3538
188.3941466808319,3537
188.51992225646973,3536
188.64756202697754,3535
188.7758002281189,3534
188.90337228775024,3533
189.02860951423645,3532
189.15351629257202,3531
189.27914571762085,3530
189.408873796463,3529
189.5411205291748,3528
189.67452430725098,3527
189.81134152412415,3526
189.94482421875,3525
190.07282280921936,3524
190.20148372650146,3523
190.33160972595215,3522
190.45975041389465,3521
190.58834791183472,3520
190.71796441078186,3519
190.84746146202087,3518
190.97710180282593,3517
191.10784816741943,3516
191.23980522155762,3515
191.3700954914093,3514
191.50017309188843,3513
191.6308650970459,3512
191.764173746109,3511
191.8973422050476,3510
192.03601026535034,3509
192.17481875419617,3508
192.31470155715942,3507
192.45433640480042,3506
192.59284734725952,3505
192.73246240615845,3504
192.86987161636353,3503
193.00598549842834,3502
193.14083313941956,3501
193.2759358882904,3500
193.41122794151306,3499
193.54617714881897,3498
193.68139743804932,3497
193.81602382659912,3496
193.95118236541748,3495
194.087548494339,3494
194.22352743148804,3493
194.36021494865417,3492
194.49764943122864,3491
194.63394403457642,3490
194.76900482177734,3489
194.90096950531006,3488
195.03464674949646,3487
195.16897583007812,3486
195.30498957633972,3485
195.44414258003235,3484
195.57945203781128,3483
195.71145939826965,3482
195.8440728187561,3481
195.97736954689026,3480
196.11426377296448,3479
196.25483083724976,3478
196.39892411231995,3477
196.54537224769592,3476
196.69368696212769,3475
196.8431248664856,3474
196.99356818199158,3473
197.1465277671814,3472
197.28552651405334,3471
197.4126102924347,3470
197.53950428962708,3469
197.66637086868286,3468
197.7936089038849,3467
197.92684888839722,3466
198.06158137321472,3465
198.19605255126953,3464
198.3309862613678,3463
198.466543674469,3462
198.59623265266418,3461
198.72568440437317,3460
198.85418486595154,3459
198.9815754890442,3458
199.11045837402344,3457
199.2404808998108,3456
199.36725640296936,3455
199.4974582195282,3454
199.62838912010193,3453
199.75521087646484,3452
199.8824815750122,3451
200.0104603767395,3450
200.13833045959473,3449
200.27054691314697,3448
200.4009027481079,3447
200.5280237197876,3446
200.6537790298462,3445
200.7802631855011,3444
200.9072151184082,3443
201.0362148284912,3442
201.16799235343933,3441
201.30131125450134,3440
201.4364252090454,3439
201.57330513000488,3438
201.71073055267334,3437
201.8496356010437,3436
201.99074506759644,3435
202.12948727607727,3434
202.26011633872986,3433
202.3895070552826,3432
202.52048683166504,3431
202.6543846130371,3430
202.78425526618958,3429
202.91560220718384,3428
203.04812693595886,3427
203.1737186908722,3426
203.29913854599,3425
203.42803144454956,3424
203.55665636062622,3423
203.68400049209595,3422
203.8135645389557,3421
203.94591569900513,3420
204.07861304283142,3419
204.20770835876465,3418
204.33226943016052,3417
204.45868849754333,3416
204.58507895469666,3415
204.71397852897644,3414
204.84537601470947,3413
204.9786195755005,3412
205.11404156684875,3411
205.24980115890503,3410
205.38678431510925,3409
205.52936387062073,3408
205.67777037620544,3407
205.8296422958374,3406
205.9661943912506,3405
206.10602974891663,3404
206.2496464252472,3403
206.39368534088135,3402
206.53670501708984,3401
206.67720556259155,3400
206.80878400802612,3399
206.94084453582764,3398
207.07535028457642,3397
207.2094690799713,3396
207.34685516357422,3395
207.48748564720154,3394
207.62625288963318,3393
207.76015639305115,3392
207.89184045791626,3391
208.02470541000366,3390
208.15581583976746,3389
208.28595662117004,3388
208.41822004318237,3387
208.55207586288452,3386
208.68765306472778,3385
208.8248085975647,3384
208.96306014060974,3383
209.1015796661377,3382
