0.7319197654724121,4897
0.8794991970062256,4896
1.026648759841919,4895
1.1708946228027344,4894
1.3133037090301514,4893
1.4485266208648682,4892
1.5848898887634277,4891
1.7246513366699219,4890
1.865506649017334,4889
1.9988608360290527,4888
2.132051467895508,4887
2.2661235332489014,4886
2.398128032684326,4885
2.5292696952819824,4884
2.664132595062256,4883
2.803629159927368,4882
2.9381444454193115,4881
3.074667453765869,4880
3.2109899520874023,4879
3.346482515335083,4878
3.4775986671447754,4877
3.6193907260894775,4876
3.749006509780884,4875
3.8789401054382324,4874
4.008739948272705,4873
4.139171600341797,4872
4.270321607589722,4871
4.404515981674194,4870
4.540184497833252,4869
4.675615310668945,4868
4.812220096588135,4867
4.951306581497192,4866
5.100048303604126,4865
5.24999213218689,4864
5.401051759719849,4863
5.551894903182983,4862
5.70413613319397,4861
5.856670618057251,4860
6.007100820541382,4859
6.158163070678711,4858
6.310574054718018,4857
6.458443880081177,4856
6.608837127685547,4855
6.760324001312256,4854
6.912649869918823,4853
7.064203262329102,4852
7.21486496925354,4851
7.363131761550903,4850
7.505208492279053,4849
7.646676301956177,4848
7.7884392738342285,4847
7.9306323528289795,4846
8.071616172790527,4845
8.2129065990448,4844
8.354459762573242,4843
8.49609923362732,4842
8.637575149536133,4841
8.779500007629395,4840
8.920495986938477,4839
9.062186479568481,4838
9.203141927719116,4837
9.344671249389648,4836
9.485207796096802,4835
9.628130674362183,4834
9.76945424079895,4833
9.910808324813843,4832
10.052747011184692,4831
10.194020748138428,4830
10.335313558578491,4829
10.473371267318726,4828
10.612841129302979,4827
10.753785610198975,4826
10.892516851425171,4825
11.033323764801025,4824
11.17190408706665,4823
11.30308198928833,4822
11.435260772705078,4821
11.569783449172974,4820
11.704692125320435,4819
11.839670896530151,4818
11.971839666366577,4817
12.103354215621948,4816
12.234532833099365,4815
12.365317344665527,4814
12.520613670349121,4813
12.658084869384766,4812
12.80028247833252,4811
12.94164752960205,4810
13.084752559661865,4809
13.229570388793945,4808
13.369517803192139,4807
13.502691268920898,4806
13.636205196380615,4805
13.769419193267822,4804
13.902334928512573,4803
14.036280155181885,4802
14.171810388565063,4801
14.305790185928345,4800
14.44289255142212,4799
14.579552173614502,4798
14.716894149780273,4797
14.85477328300476,4796
14.991509199142456,4795
15.1272714138031,4794
15.263074398040771,4793
15.39860486984253,4792
15.534338474273682,4791
15.670091152191162,4790
15.807581186294556,4789
15.943053007125854,4788
16.07928705215454,4787
16.215270042419434,4786
16.35158658027649,4785
16.493065118789673,4784
16.635101556777954,4783
16.77975034713745,4782
16.926116704940796,4781
17.07148289680481,4780
17.21425151824951,4779
17.358306407928467,4778
17.504515886306763,4777
17.650198459625244,4776
17.795352935791016,4775
17.94132947921753,4774
18.0869083404541,4773
18.23298716545105,4772
18.37840986251831,4771
18.52488899230957,4770
18.670390367507935,4769
18.811593055725098,4768
18.953124523162842,4767
19.09524369239807,4766
19.23627471923828,4765
19.376789331436157,4764
19.518420219421387,4763
19.65996479988098,4762
19.800864696502686,4761
19.942917346954346,4760
20.08453917503357,4759
20.22565245628357,4758
20.366535186767578,4757
20.508246421813965,4756
20.650238275527954,4755
20.791810274124146,4754
20.933098793029785,4753
21.07438850402832,4752
21.215927362442017,4751
21.35685443878174,4750
21.497493267059326,4749
21.639302015304565,4748
21.781025409698486,4747
21.920239448547363,4746
22.062872409820557,4745
22.198546648025513,4744
22.330582857131958,4743
22.462002754211426,4742
22.59355664253235,4741
22.72865653038025,4740
22.862212896347046,4739
22.99808621406555,4738
23.136009454727173,4737
23.27406096458435,4736
23.40964961051941,4735
23.540846586227417,4734
23.67128086090088,4733
23.80298089981079,4732
23.933735370635986,4731
24.064515113830566,4730
24.19936728477478,4729
24.336568593978882,4728
24.473825454711914,4727
24.6120126247406,4726
24.751858949661255,4725
24.893005847930908,4724
25.034629106521606,4723
25.17700982093811,4722
25.32093071937561,4721
25.46498942375183,4720
25.610352516174316,4719
25.756447553634644,4718
25.89546799659729,4717
26.028360605239868,4716
26.1618332862854,4715
26.29824137687683,4714
26.434978723526,4713
26.570974349975586,4712
26.70771884918213,4711
26.844433784484863,4710
26.98252272605896,4709
27.120503187179565,4708
27.25866985321045,4707
27.397653341293335,4706
27.545719623565674,4705
27.68552851676941,4704
27.824097633361816,4703
27.959008932113647,4702
28.095990419387817,4701
28.230982065200806,4700
28.36330533027649,4699
28.496192693710327,4698
28.63338851928711,4697
28.771828651428223,4696
28.905357837677002,4695
29.03941011428833,4694
29.17480158805847,4693
29.311147689819336,4692
29.448962688446045,4691
29.587520360946655,4690
29.72715950012207,4689
29.865962266921997,4688
29.997739553451538,4687
30.132829427719116,4686
30.27064824104309,4685
30.41111707687378,4684
30.55091643333435,4683
30.691680669784546,4682
30.832170009613037,4681
30.979482412338257,4680
31.12729239463806,4679
31.274141311645508,4678
31.419013738632202,4677
31.560912609100342,4676
31.699073553085327,4675
31.83621644973755,4674
31.97365951538086,4673
32.11080002784729,4672
32.24859094619751,4671
32.38820552825928,4670
32.532867431640625,4669
32.67818355560303,4668
32.81782674789429,4667
32.95747756958008,4666
33.097755432128906,4665
33.23810410499573,4664
33.37859582901001,4663
33.520798683166504,4662
33.66406798362732,4661
33.808780908584595,4660
33.95570230484009,4659
34.100515365600586,4658
34.247207164764404,4657
34.394779920578,4656
34.53796887397766,4655
34.67160749435425,4654
34.8047308921814,4653
34.93761873245239,4652
35.07130479812622,4651
35.211934089660645,4650
35.34949350357056,4649
35.48353934288025,4648
35.61799907684326,4647
35.75424599647522,4646
35.88910436630249,4645
36.01990985870361,4644
36.148778438568115,4643
36.279733657836914,4642
36.4134202003479,4641
36.54746413230896,4640
36.682393074035645,4639
36.81512260437012,4638
36.95088171958923,4637
37.086435079574585,4636
37.221651554107666,4635
37.36104917526245,4634
37.50147104263306,4633
37.63841652870178,4632
37.77660584449768,4631
37.91688895225525,4630
38.055304288864136,4629
38.18758416175842,4628
38.318729400634766,4627
38.45309662818909,4626
38.589234828948975,4625
38.724446535110474,4624
38.86302089691162,4623
39.00190567970276,4622
39.14190340042114,4621
39.282350063323975,4620
39.42367887496948,4619
39.566283226013184,4618
39.71251964569092,4617
39.861151933670044,4616
40.011019229888916,4615
40.16097664833069,4614
40.31121754646301,4613
40.46206474304199,4612
40.61472034454346,4611
40.753379821777344,4610
40.889729261398315,4609
41.02585458755493,4608
41.16586422920227,4607
41.30434036254883,4606
41.44576048851013,4605
41.581992864608765,4604
41.71610188484192,4603
41.85166621208191,4602
41.98687028884888,4601
42.12253665924072,4600
42.25907778739929,4599
42.39557719230652,4598
42.53509783744812,4597
42.67685270309448,4596
42.819154500961304,4595
42.96070718765259,4594
43.10053563117981,4593
43.23730659484863,4592
43.3697190284729,4591
43.50153994560242,4590
43.63347911834717,4589
43.76371121406555,4588
43.89547681808472,4587
44.02638649940491,4586
44.15969514846802,4585
44.29809784889221,4584
44.4369158744812,4583
44.57595777511597,4582
44.71574378013611,4581
44.856422901153564,4580
44.999542474746704,4579
45.14220976829529,4578
45.285380601882935,4577
45.43056607246399,4576
45.576337575912476,4575
45.72182321548462,4574
45.868903398513794,4573
46.01684617996216,4572
46.16495180130005,4571
46.31277942657471,4570
46.44537281990051,4569
46.577956676483154,4568
46.71435737609863,4567
46.85249662399292,4566
46.98667335510254,4565
47.11633825302124,4564
47.251484870910645,4563
47.38734817504883,4562
47.52310657501221,4561
47.6557981967926,4560
47.78603959083557,4559
47.916807889938354,4558
48.052998781204224,4557
48.18864393234253,4556
48.32424449920654,4555
48.464420318603516,4554
48.60401153564453,4553
48.74085283279419,4552
48.87788224220276,4551
49.01683712005615,4550
49.15495467185974,4549
49.29325079917908,4548
49.432912826538086,4547
49.58012247085571,4546
49.73089265823364,4545
49.87463164329529,4544
50.0127694606781,4543
50.15266227722168,4542
50.29307794570923,4541
50.434351205825806,4540
50.5759015083313,4539
50.71906495094299,4538
50.86194205284119,4537
51.00689482688904,4536
51.156646728515625,4535
51.31084060668945,4534
51.46625232696533,4533
51.62175440788269,4532
51.7776141166687,4531
51.930474281311035,4530
52.070054054260254,4529
52.209388971328735,4528
52.347262144088745,4527
52.482380867004395,4526
52.61627531051636,4525
52.750165939331055,4524
52.88801097869873,4523
53.02329230308533,4522
53.157100200653076,4521
53.29189467430115,4520
53.43160796165466,4519
53.57039976119995,4518
53.70956087112427,4517
53.84824252128601,4516
53.987953424453735,4515
54.12021851539612,4514
54.257107734680176,4513
54.38842701911926,4512
54.51646590232849,4511
54.644781827926636,4510
54.7718460559845,4509
54.90209150314331,4508
55.030534505844116,4507
55.164164781570435,4506
55.298041105270386,4505
55.43176627159119,4504
55.566234827041626,4503
55.700581789016724,4502
55.83692193031311,4501
55.97461557388306,4500
56.1112003326416,4499
56.24745178222656,4498
56.38473987579346,4497
56.52954363822937,4496
56.674991607666016,4495
56.82097125053406,4494
56.96865653991699,4493
57.11783957481384,4492
57.26609969139099,4491
57.41587734222412,4490
57.566837787628174,4489
57.719990730285645,4488
57.87282419204712,4487
58.027289390563965,4486
58.182647705078125,4485
58.33866882324219,4484
58.49482083320618,4483
58.652332067489624,4482
58.8043327331543,4481
58.944196462631226,4480
59.082603216171265,4479
59.220884561538696,4478
59.359307289123535,4477
59.505961418151855,4476
59.65624499320984,4475
59.80192255973816,4474
59.94072437286377,4473
60.079285860061646,4472
60.217543840408325,4471
60.357388734817505,4470
60.49633502960205,4469
60.632290840148926,4468
60.76973867416382,4467
60.90766978263855,4466
61.04661750793457,4465
61.17922592163086,4464
61.31126689910889,4463
61.44538235664368,4462
61.582600831985474,4461
61.7193968296051,4460
61.85524296760559,4459
61.98937749862671,4458
62.12081813812256,4457
62.250304222106934,4456
62.3798668384552,4455
62.50982451438904,4454
62.6393404006958,4453
62.76959848403931,4452
62.90194845199585,4451
63.037206411361694,4450
63.172889709472656,4449
63.309565782547,4448
63.45039248466492,4447
63.59012699127197,4446
63.7307608127594,4445
63.872469425201416,4444
64.01421236991882,4443
64.1565592288971,4442
64.30049300193787,4441
64.44526767730713,4440
64.58993744850159,4439
64.73575806617737,4438
64.88041996955872,4437
65.01296782493591,4436
65.14524936676025,4435
65.27856779098511,4434
65.41436314582825,4433
65.54577469825745,4432
65.68205094337463,4431
65.81378531455994,4430
65.94404458999634,4429
66.07428073883057,4428
66.20480966567993,4427
66.33745193481445,4426
66.47210383415222,4425
66.6037278175354,4424
66.73713326454163,4423
66.87505650520325,4422
67.01355409622192,4421
67.15528059005737,4420
67.29427695274353,4419
67.43568706512451,4418
67.57298374176025,4417
67.70848751068115,4416
67.84514904022217,4415
67.98233795166016,4414
68.1188895702362,4413
68.25595426559448,4412
68.39587378501892,4411
68.54074311256409,4410
68.68641328811646,4409
68.8327968120575,4408
68.98081684112549,4407
69.12959504127502,4406
69.2788918018341,4405
69.42920303344727,4404
69.58018136024475,4403
69.73254919052124,4402
69.88569498062134,4401
70.03958320617676,4400
70.1944625377655,4399
70.34893250465393,4398
70.50473499298096,4397
70.66256761550903,4396
70.82064604759216,4395
70.96196293830872,4394
71.09817552566528,4393
71.24459671974182,4392
71.39125943183899,4391
71.53390979766846,4390
71.66940188407898,4389
71.80783414840698,4388
71.94368648529053,4387
72.08269739151001,4386
72.22213006019592,4385
72.36105418205261,4384
72.49838352203369,4383
72.64240527153015,4382
72.78235363960266,4381
72.91867017745972,4380
73.05403161048889,4379
73.18722915649414,4378
73.31809139251709,4377
73.44769072532654,4376
73.57660436630249,4375
73.70607256889343,4374
73.83448100090027,4373
73.96434092521667,4372
74.0940592288971,4371
74.22779965400696,4370
74.36314749717712,4369
74.49923133850098,4368
74.63657402992249,4367
74.77404594421387,4366
74.91238069534302,4365
75.05380964279175,4364
75.19651389122009,4363
75.3381416797638,4362
75.48101997375488,4361
75.62387657165527,4360
75.76776695251465,4359
75.91241431236267,4358
76.05758953094482,4357
76.19724464416504,4356
76.32989358901978,4355
76.46339511871338,4354
76.60062170028687,4353
76.73700523376465,4352
76.86954760551453,4351
76.99990963935852,4350
77.13050961494446,4349
77.26164746284485,4348
77.3942449092865,4347
77.52740216255188,4346
77.66255593299866,4345
77.79709196090698,4344
77.93553590774536,4343
78.07358169555664,4342
78.2096962928772,4341
78.34569644927979,4340
78.4796130657196,4339
78.61049103736877,4338
78.73860454559326,4337
78.86713743209839,4336
78.99783062934875,4335
79.12607383728027,4334
79.25427865982056,4333
79.38554382324219,4332
79.5258367061615,4331
79.66557741165161,4330
79.80262756347656,4329
79.94037628173828,4328
80.07903003692627,4327
80.2186689376831,4326
80.35868740081787,4325
80.49972009658813,4324
80.64202284812927,4323
80.78544735908508,4322
80.92913103103638,4321
81.07570219039917,4320
81.23073887825012,4319
81.38744688034058,4318
81.54246783256531,4317
81.68226075172424,4316
81.82182741165161,4315
81.96489238739014,4314
82.11050772666931,4313
82.2524745464325,4312
82.38852572441101,4311
82.52625942230225,4310
82.66251754760742,4309
82.80240488052368,4308
82.94172596931458,4307
83.0805869102478,4306
83.22019338607788,4305
83.36664485931396,4304
83.513756275177,4303
83.65867447853088,4302
83.8026282787323,4301
83.94407963752747,4300
84.07695484161377,4299
84.2074384689331,4298
84.33741569519043,4297
84.46819925308228,4296
84.5978615283966,4295
84.72812676429749,4294
84.85871243476868,4293
84.99313855171204,4292
85.12937045097351,4291
85.26626348495483,4290
85.40505766868591,4289
85.54319095611572,4288
85.68284392356873,4287
85.82301878929138,4286
85.96366024017334,4285
86.10443067550659,4284
86.24778127670288,4283
86.39130449295044,4282
86.53471970558167,4281
86.68084049224854,4280
86.82816219329834,4279
86.97082114219666,4278
87.1036729812622,4277
87.23840975761414,4276
87.37885236740112,4275
87.51584482192993,4274
87.64870977401733,4273
87.77860975265503,4272
87.90768647193909,4271
88.0372679233551,4270
88.16932916641235,4269
88.30284261703491,4268
88.4378433227539,4267
88.57033562660217,4266
88.70476174354553,4265
88.8393452167511,4264
88.9736156463623,4263
89.10983157157898,4262
89.2465226650238,4261
89.38082671165466,4260
89.5170202255249,4259
89.65569353103638,4258
89.79490542411804,4257
89.93504071235657,4256
90.06711530685425,4255
90.2002866268158,4254
90.3358952999115,4253
90.47242379188538,4252
90.61017060279846,4251
90.74881958961487,4250
90.88685297966003,4249
91.02693152427673,4248
91.16864967346191,4247
91.31031036376953,4246
91.45241069793701,4245
91.59719848632812,4244
91.74743318557739,4243
91.89803695678711,4242
92.04917764663696,4241
92.20241498947144,4240
92.34641313552856,4239
92.48198819160461,4238
92.61804366111755,4237
92.75988936424255,4236
92.90090703964233,4235
93.03504943847656,4234
93.16858506202698,4233
93.30274295806885,4232
93.43764305114746,4231
93.57318210601807,4230
93.70891380310059,4229
93.8436164855957,4228
93.98350667953491,4227
94.12426018714905,4226
94.26518726348877,4225
94.40553689002991,4224
94.54450058937073,4223
94.67909383773804,4222
94.81177830696106,4221
94.94512367248535,4220
95.07934665679932,4219
95.21173238754272,4218
95.34439969062805,4217
95.47746205329895,4216
95.61335587501526,4215
95.74987196922302,4214
95.88760924339294,4213
96.02539587020874,4212
96.16434144973755,4211
96.30372452735901,4210
96.44358944892883,4209
96.58568143844604,4208
96.72657299041748,4207
96.86824011802673,4206
97.01077699661255,4205
97.1540367603302,4204
97.29977703094482,4203
97.4443678855896,4202
97.5793673992157,4201
97.71088552474976,4200
97.84283518791199,4199
97.98022937774658,4198
98.1143946647644,4197
98.25283861160278,4196
98.39196872711182,4195
98.5283477306366,4194
98.6659324169159,4193
98.80242466926575,4192
98.93485999107361,4191
99.0651707649231,4190
99.19530463218689,4189
99.32802152633667,4188
99.4619505405426,4187
99.59406089782715,4186
99.72533297538757,4185
99.8713231086731,4184
100.01654005050659,4183
100.15925455093384,4182
100.29765939712524,4181
100.43385291099548,4180
100.56977128982544,4179
100.7073609828949,4178
100.84358811378479,4177
100.98049139976501,4176
101.12379813194275,4175
101.2691547870636,4174
101.41544842720032,4173
101.56318092346191,4172
101.7125678062439,4171
101.86280727386475,4170
102.01350927352905,4169
102.16560554504395,4168
102.31943345069885,4167
102.47361922264099,4166
102.6249361038208,4165
102.78138613700867,4164
102.9387559890747,4163
103.09573435783386,4162
103.23516511917114,4161
103.37585258483887,4160
103.51106214523315,4159
103.64119482040405,4158
103.77360153198242,4157
103.90620493888855,4156
104.0394721031189,4155
104.17202162742615,4154
104.30692219734192,4153
104.44225692749023,4152
104.58525967597961,4151
104.73003339767456,4150
104.87543153762817,4149
105.02121472358704,4148
105.1672842502594,4147
105.31205105781555,4146
105.4569981098175,4145
105.6032965183258,4144
105.74825859069824,4143
105.89331936836243,4142
106.03694820404053,4141
106.18055081367493,4140
106.32282376289368,4139
106.46478271484375,4138
106.60724663734436,4137
106.75094246864319,4136
106.89248704910278,4135
107.0361533164978,4134
107.17842435836792,4133
107.32183408737183,4132
107.46449398994446,4131
107.60699224472046,4130
107.7505612373352,4129
107.88719606399536,4128
108.0215699672699,4127
108.15052843093872,4126
108.281574010849,4125
108.41253185272217,4124
108.54351758956909,4123
108.67321109771729,4122
108.80829572677612,4121
108.94433832168579,4120
109.0771837234497,4119
109.21958565711975,4118
109.35896134376526,4117
109.49549293518066,4116
109.63122010231018,4115
109.76869320869446,4114
109.90497422218323,4113
110.04159808158875,4112
110.18124151229858,4111
110.32577610015869,4110
110.47084450721741,4109
110.61734938621521,4108
110.76546859741211,4107
110.91393518447876,4106
111.06283283233643,4105
111.21348524093628,4104
111.3657910823822,4103
111.51762413978577,4102
111.6702766418457,4101
111.82596707344055,4100
111.98117160797119,4099
112.13604617118835,4098
112.2922101020813,4097
112.45023965835571,4096
112.60721039772034,4095
112.75364327430725,4094
112.88541388511658,4093
113.01712489128113,4092
113.14801216125488,4091
113.28217434883118,4090
113.41802549362183,4089
113.54976534843445,4088
113.6821231842041,4087
113.81469631195068,4086
113.95340895652771,4085
114.09070706367493,4084
114.22822618484497,4083
114.36642336845398,4082
114.50607967376709,4081
114.64487767219543,4080
114.78199577331543,4079
114.92343950271606,4078
115.07027196884155,4077
115.21627449989319,4076
115.3612756729126,4075
115.50486588478088,4074
115.64670491218567,4073
115.78457736968994,4072
115.92113971710205,4071
116.05848741531372,4070
116.19550275802612,4069
116.33262372016907,4068
116.46974229812622,4067
116.61135411262512,4066
116.75655150413513,4065
116.90219712257385,4064
117.0488612651825,4063
117.19685792922974,4062
117.33601927757263,4061
117.47425889968872,4060
117.61303925514221,4059
117.7533745765686,4058
117.89493370056152,4057
118.03609156608582,4056
118.17776536941528,4055
118.32104158401489,4054
118.47457647323608,4053
118.63108801841736,4052
118.78726649284363,4051
118.93457365036011,4050
119.07380223274231,4049
119.22005772590637,4048
119.3692033290863,4047
119.51579856872559,4046
119.66558074951172,4045
119.81006479263306,4044
119.94980001449585,4043
120.0851697921753,4042
120.22212743759155,4041
120.35606622695923,4040
120.49428582191467,4039
120.63304305076599,4038
120.77137637138367,4037
120.91034626960754,4036
121.05519342422485,4035
121.19944906234741,4034
121.34331917762756,4033
121.4862334728241,4032
121.62757468223572,4031
121.76620674133301,4030
121.90089869499207,4029
122.03035831451416,4028
122.15946340560913,4027
122.28880667686462,4026
122.41927719116211,4025
122.55063104629517,4024
122.68506360054016,4023
122.8213152885437,4022
122.95804333686829,4021
123.10461974143982,4020
123.25295424461365,4019
123.40354132652283,4018
123.55447816848755,4017
123.7055938243866,4016
123.85833859443665,4015
124.01247668266296,4014
124.16617012023926,4013
124.32040596008301,4012
124.47621536254883,4011
124.63365459442139,4010
124.78988695144653,4009
124.9471788406372,4008
125.09610438346863,4007
125.23569512367249,4006
125.37913632392883,4005
125.52498602867126,4004
125.67171287536621,4003
125.80997061729431,4002
125.94411540031433,4001
126.08101415634155,4000
126.22027921676636,3999
126.35960054397583,3998
126.49837923049927,3997
126.63449740409851,3996
126.76833200454712,3995
126.9044463634491,3994
127.03980469703674,3993
127.17470383644104,3992
127.3087592124939,3991
127.4403293132782,3990
127.56942534446716,3989
127.69833970069885,3988
127.83627915382385,3987
127.97313189506531,3986
128.10958409309387,3985
128.2474091053009,3984
128.39178133010864,3983
128.53704500198364,3982
128.68304085731506,3981
128.8297791481018,3980
128.97867965698242,3979
129.12766218185425,3978
129.2773962020874,3977
129.4280388355255,3976
129.5802526473999,3975
129.7324960231781,3974
129.88520908355713,3973
130.0400834083557,3972
130.19577836990356,3971
130.3508276939392,3970
130.5060522556305,3969
130.6623616218567,3968
130.8185272216797,3967
130.9647672176361,3966
131.1039481163025,3965
131.24251222610474,3964
131.37727332115173,3963
131.50721526145935,3962
131.63818740844727,3961
131.76895785331726,3960
131.8999297618866,3959
132.03636717796326,3958
132.17025589942932,3957
132.30706810951233,3956
132.44267630577087,3955
132.57995867729187,3954
132.71743178367615,3953
132.85571217536926,3952
132.99289464950562,3951
133.12824845314026,3950
133.27738070487976,3949
133.41471767425537,3948
133.5499086380005,3947
133.6855788230896,3946
133.82035374641418,3945
133.95490980148315,3944
134.08996963500977,3943
134.22565150260925,3942
134.36081767082214,3941
134.49670696258545,3940
134.63548302650452,3939
134.7851686477661,3938
134.93508291244507,3937
135.0845639705658,3936
135.2343978881836,3935
135.3850073814392,3934
135.53493905067444,3933
135.68402647972107,3932
135.83364915847778,3931
135.97333979606628,3930
136.11092710494995,3929
136.24825716018677,3928
136.3860626220703,3927
136.52464890480042,3926
136.66210269927979,3925
136.79940056800842,3924
136.93435668945312,3923
137.08245468139648,3922
137.2317774295807,3921
137.380300283432,3920
137.53071904182434,3919
137.6817753314972,3918
137.83054041862488,3917
137.97960352897644,3916
138.12923049926758,3915
138.27967143058777,3914
138.42867469787598,3913
138.57817816734314,3912
138.72862792015076,3911
138.87870359420776,3910
139.02774572372437,3909
139.17774486541748,3908
139.32824873924255,3907
139.47767329216003,3906
139.62680768966675,3905
139.77670288085938,3904
139.92754340171814,3903
140.07718539237976,3902
140.2261779308319,3901
140.37612509727478,3900
140.5233781337738,3899
140.6621172428131,3898
140.7967028617859,3897
140.9283471107483,3896
141.06035900115967,3895
141.19158101081848,3894
141.32319927215576,3893
141.46330618858337,3892
141.60435676574707,3891
141.73867058753967,3890
141.8782021999359,3889
142.0183458328247,3888
142.15801644325256,3887
142.29664611816406,3886
142.43572354316711,3885
142.5710804462433,3884
142.70977115631104,3883
142.84787821769714,3882
142.99036121368408,3881
143.1287386417389,3880
143.2669448852539,3879
143.40562653541565,3878
143.54373502731323,3877
143.68189454078674,3876
143.81987190246582,3875
143.95745658874512,3874
144.09566950798035,3873
144.2344810962677,3872
144.37250661849976,3871
144.5106556415558,3870
144.64967370033264,3869
144.7881133556366,3868
144.92705297470093,3867
145.0662703514099,3866
145.2005274295807,3865
145.33005213737488,3864
145.46154642105103,3863
145.5963306427002,3862
145.732421875,3861
145.8691372871399,3860
146.00455570220947,3859
146.1385898590088,3858
146.27465510368347,3857
146.40441226959229,3856
146.5366952419281,3855
146.67869591712952,3854
146.82914805412292,3853
146.97141361236572,3852
147.11668348312378,3851
147.27060437202454,3850
147.41422033309937,3849
147.5602104663849,3848
147.70212388038635,3847
147.84545969963074,3846
147.9858729839325,3845
148.12207341194153,3844
148.2596459388733,3843
148.40332126617432,3842
148.54694080352783,3841
148.6874978542328,3840
148.82661986351013,3839
148.96842288970947,3838
149.10939526557922,3837
149.25285530090332,3836
149.39430284500122,3835
149.53691792488098,3834
149.67862796783447,3833
149.82365655899048,3832
149.95782923698425,3831
150.09168529510498,3830
150.2252335548401,3829
150.35887241363525,3828
150.49287271499634,3827
150.62705779075623,3826
150.7604320049286,3825
150.89387726783752,3824
151.03077292442322,3823
151.1738362312317,3822
151.32274961471558,3821
151.4711995124817,3820
151.62049388885498,3819
151.76996779441833,3818
151.91868543624878,3817
152.06374669075012,3816
152.20209980010986,3815
152.34054493904114,3814
152.47813296318054,3813
152.6158185005188,3812
152.75372171401978,3811
152.89202070236206,3810
153.02997851371765,3809
153.16718864440918,3808
153.30248403549194,3807
153.43932056427002,3806
153.577476978302,3805
153.71472716331482,3804
153.8521065711975,3803
153.9895417690277,3802
154.126868724823,3801
154.26380562782288,3800
154.40271759033203,3799
154.5428581237793,3798
154.67962765693665,3797
154.81730890274048,3796
154.95480751991272,3795
155.09156918525696,3794
155.2279417514801,3793
155.36497449874878,3792
155.5019359588623,3791
155.63838028907776,3790
155.77477955818176,3789
155.91193103790283,3788
156.0483558177948,3787
156.18522953987122,3786
156.3206434249878,3785
156.4500937461853,3784
156.5834674835205,3783
156.7222638130188,3782
156.86032009124756,3781
156.9962944984436,3780
157.13492965698242,3779
157.27281427383423,3778
157.41018176078796,3777
157.54423904418945,3776
157.6823353767395,3775
157.82001519203186,3774
157.9562578201294,3773
158.08730697631836,3772
158.21827626228333,3771
158.35055875778198,3770
158.47871255874634,3769
158.6054060459137,3768
158.73847723007202,3767
158.87382292747498,3766
159.00683212280273,3765
159.13713598251343,3764
159.26829385757446,3763
159.39964079856873,3762
159.5309703350067,3761
159.6624457836151,3760
159.79434967041016,3759
159.92785096168518,3758
160.06168055534363,3757
160.19328951835632,3756
160.32827162742615,3755
160.46501088142395,3754
160.60364151000977,3753
160.74134349822998,3752
160.87942361831665,3751
161.0168912410736,3750
161.1547589302063,3749
161.291353225708,3748
161.42858362197876,3747
161.56688857078552,3746
161.7066147327423,3745
161.84301018714905,3744
161.98064804077148,3743
162.1186535358429,3742
162.25712490081787,3741
162.40167498588562,3740
162.5446741580963,3739
162.6929416656494,3738
162.84221649169922,3737
162.99018740653992,3736
163.1384997367859,3735
163.28380799293518,3734
163.4230670928955,3733
163.56136107444763,3732
163.69983386993408,3731
163.83877062797546,3730
163.97531533241272,3729
164.11178302764893,3728
164.24997735023499,3727
164.3885726928711,3726
164.5274736881256,3725
164.6665985584259,3724
164.80441570281982,3723
164.9428186416626,3722
165.08152508735657,3721
165.22109818458557,3720
165.36099004745483,3719
165.49932956695557,3718
165.63826966285706,3717
165.77599024772644,3716
165.9149453639984,3715
166.05375409126282,3714
166.1922903060913,3713
166.330952167511,3712
166.46969389915466,3711
166.60790133476257,3710
166.74588894844055,3709
166.8840458393097,3708
167.02046275138855,3707
167.15515685081482,3706
167.29147291183472,3705
167.42874383926392,3704
167.56813716888428,3703
167.70463252067566,3702
167.8338487148285,3701
167.96148872375488,3700
168.08955669403076,3699
168.21801280975342,3698
168.3498821258545,3697
168.48448300361633,3696
168.62159204483032,3695
168.76073956489563,3694
168.90144228935242,3693
169.04444122314453,3692
169.18377089500427,3691
169.31531643867493,3690
169.44980478286743,3689
169.5842535495758,3688
169.71834063529968,3687
169.8531014919281,3686
169.9883427619934,3685
170.12131190299988,3684
170.25200295448303,3683
170.3841540813446,3682
170.51660203933716,3681
170.64837288856506,3680
170.78200149536133,3679
170.91611289978027,3678
171.051096200943,3677
171.18507480621338,3676
171.3184700012207,3675
171.45375204086304,3674
171.5885775089264,3673
171.72278547286987,3672
171.85664653778076,3671
171.99161863327026,3670
172.12636947631836,3669
172.26063013076782,3668
172.39511060714722,3667
172.53035187721252,3666
172.6656494140625,3665
172.80014491081238,3664
172.93427515029907,3663
173.0690779685974,3662
173.2043023109436,3661
173.33887195587158,3660
173.4732701778412,3659
173.60715770721436,3658
173.74080348014832,3657
173.8753068447113,3656
174.00882530212402,3655
174.1408655643463,3654
174.2744903564453,3653
174.40942811965942,3652
174.54591464996338,3651
174.67597246170044,3650
174.80618047714233,3649
174.9375364780426,3648
175.0713357925415,3647
175.20529651641846,3646
175.33921098709106,3645
175.4757478237152,3644
175.60697197914124,3643
175.73898792266846,3642
175.87149119377136,3641
176.00651144981384,3640
176.14485502243042,3639
176.28314423561096,3638
176.4218454360962,3637
176.56098651885986,3636
176.70026421546936,3635
176.8389835357666,3634
176.97727966308594,3633
177.11622762680054,3632
177.2553026676178,3631
177.39327669143677,3630
177.53049635887146,3629
177.66938519477844,3628
177.8080654144287,3627
177.94218277931213,3626
178.07702493667603,3625
178.2135784626007,3624
178.35078310966492,3623
178.48734402656555,3622
178.62486386299133,3621
178.764479637146,3620
178.8996114730835,3619
179.03308725357056,3618
179.16357445716858,3617
179.29220175743103,3616
179.42006826400757,3615
179.54840278625488,3614
179.67730331420898,3613
179.80664229393005,3612
179.93900847434998,3611
180.07293486595154,3610
180.20921111106873,3609
180.34684824943542,3608
180.4852557182312,3607
180.6249988079071,3606
180.7650647163391,3605
180.90841841697693,3604
181.05125164985657,3603
181.19468808174133,3602
181.3397831916809,3601
181.4854030609131,3600
181.6227216720581,3599
181.75517177581787,3598
181.8907916545868,3597
182.02605152130127,3596
182.16155529022217,3595
182.29581904411316,3594
182.42963933944702,3593
182.55995392799377,3592
182.69164562225342,3591
182.82518982887268,3590
182.96121668815613,3589
183.098313331604,3588
183.23171639442444,3587
183.36330795288086,3586
183.49528884887695,3585
183.62789702415466,3584
183.76396226882935,3583
183.90348148345947,3582
184.04586791992188,3581
184.18991422653198,3580
184.3341941833496,3579
184.47897958755493,3578
184.6196949481964,3577
184.75273036956787,3576
184.88500928878784,3575
185.01736283302307,3574
185.14994144439697,3573
185.28299045562744,3572
185.41443872451782,3571
185.54868268966675,3570
185.6841607093811,3569
185.8193097114563,3568
185.95256686210632,3567
186.080792427063,3566
186.21183967590332,3565
186.34350609779358,3564
186.47657561302185,3563
186.60887598991394,3562
186.74092555046082,3561
186.8758614063263,3560
187.01458311080933,3559
187.1531698703766,3558
187.2902045249939,3557
187.42618012428284,3556
187.55903697013855,3555
187.69035720825195,3554
187.82106804847717,3553
187.9515347480774,3552
188.08187985420227,3551
188.21297192573547,3550
188.34715580940247,3549
188.48415541648865,3548
188.62124300003052,3547
188.7595727443695,3546
188.89857816696167,3545
189.0384554862976,3544
189.1797912120819,3543
189.3193702697754,3542
189.45774102210999,3541
189.5970914363861,3540
189.73716354370117,3539
189.87661981582642,3538
190.01675724983215,3537
190.15791988372803,3536
190.30115509033203,3535
190.43806838989258,3534
190.56769633293152,3533
190.6963324546814,3532
190.82460951805115,3531
190.95584964752197,3530
191.0905637741089,3529
191.22149419784546,3528
191.35208177566528,3527
191.48377346992493,3526
191.6143102645874,3525
191.74287915229797,3524
191.87235164642334,3523
192.00116682052612,3522
192.1315062046051,3521
192.26431798934937,3520
192.39267134666443,3519
192.5210349559784,3518
192.6551549434662,3517
192.79147005081177,3516
192.92724537849426,3515
193.06083631515503,3514
193.19852995872498,3513
193.33274483680725,3512
193.4643692970276,3511
193.59295272827148,3510
193.71908807754517,3509
193.84580206871033,3508
193.9729597568512,3507
194.1031641960144,3506
194.23870182037354,3505
194.37890720367432,3504
194.52202463150024,3503
194.66782331466675,3502
194.81432938575745,3501
194.96350502967834,3500
195.11588501930237,3499
195.26977682113647,3498
195.42477297782898,3497
195.5826907157898,3496
195.743168592453,3495
195.902907371521,3494
196.045893907547,3493
196.19098234176636,3492
196.3385145664215,3491
196.4851884841919,3490
196.6217839717865,3489
196.75370073318481,3488
196.89257645606995,3487
197.03347158432007,3486
197.17456793785095,3485
197.32273411750793,3484
197.46709966659546,3483
197.60201263427734,3482
197.73621344566345,3481
197.87305736541748,3480
198.00981640815735,3479
198.14571166038513,3478
198.27810382843018,3477
198.41055464744568,3476
198.5457091331482,3475
198.6835916042328,3474
198.8202142715454,3473
198.95694088935852,3472
199.0929594039917,3471
199.22723937034607,3470
199.35786032676697,3469
199.48827266693115,3468
199.61980199813843,3467
199.7503924369812,3466
199.88104510307312,3465
200.0080554485321,3464
200.14031219482422,3463
200.2738561630249,3462
200.4091353416443,3461
200.54543018341064,3460
200.6826183795929,3459
200.82353711128235,3458
200.96792697906494,3457
201.1127848625183,3456
201.25786519050598,3455
201.40043759346008,3454
201.53899121284485,3453
201.67740035057068,3452
201.81667566299438,3451
201.9557285308838,3450
202.0962426662445,3449
202.23207187652588,3448
202.36566424369812,3447
202.50414538383484,3446
202.64370775222778,3445
202.78660798072815,3444
202.92122626304626,3443
203.0590624809265,3442
203.1962890625,3441
203.33722734451294,3440
203.47785806655884,3439
203.62013936042786,3438
203.76392316818237,3437
203.91366958618164,3436
204.0641074180603,3435
204.20081901550293,3434
204.33529472351074,3433
204.46753907203674,3432
204.59878993034363,3431
204.73001670837402,3430
204.86077618598938,3429
204.99156093597412,3428
205.11916041374207,3427
205.24599194526672,3426
205.37634086608887,3425
205.510404586792,3424
205.64502215385437,3423
205.78116416931152,3422
205.91783690452576,3421
206.0601646900177,3420
206.20404386520386,3419
206.34903240203857,3418
206.4939341545105,3417
206.6373963356018,3416
206.77638339996338,3415
206.91468930244446,3414
207.05337071418762,3413
207.19397449493408,3412
207.3328993320465,3411
207.4727761745453,3410
207.60342144966125,3409
207.7358479499817,3408
207.8695785999298,3407
208.00549149513245,3406
208.142564535141,3405
208.28050589561462,3404
208.4185438156128,3403
208.55732798576355,3402
208.69806599617004,3401
208.8394594192505,3400
208.98058319091797,3399
209.12374806404114,3398
209.26853251457214,3397
209.4134440422058,3396
209.55145812034607,3395
209.6792140007019,3394
209.8175868988037,3393
209.9478600025177,3392
210.07697010040283,3391
210.20414805412292,3390
210.33439588546753,3389
210.4626977443695,3388
210.58682537078857,3387
210.71172499656677,3386
210.83741736412048,3385
210.96573114395142,3384
211.0954716205597,3383
211.22845315933228,3382
494.88801288604736,3381
