0.017578840255737305,930
0.023356914520263672,929
0.02906966209411621,928
0.03473639488220215,927
0.04042339324951172,926
0.04619646072387695,925
0.051845550537109375,924
0.057546377182006836,923
0.06317996978759766,922
0.06885409355163574,921
0.07448911666870117,920
0.08008170127868652,919
0.0857083797454834,918
0.09133291244506836,917
0.09699654579162598,916
0.10269021987915039,915
0.1083979606628418,914
0.11420249938964844,913
0.11983203887939453,912
0.12548589706420898,911
0.13107538223266602,910
0.13670992851257324,909
0.14237666130065918,908
0.14794659614562988,907
0.1535816192626953,906
0.15916943550109863,905
0.16482162475585938,904
0.1705465316772461,903
0.17613601684570312,902
0.18171334266662598,901
0.18729782104492188,900
0.19290804862976074,899
0.19843387603759766,898
0.2040538787841797,897
0.20963835716247559,896
0.21523642539978027,895
0.22079086303710938,894
0.226287841796875,893
0.23188543319702148,892
0.2373490333557129,891
0.24290966987609863,890
0.24837088584899902,889
0.2538740634918213,888
0.25945234298706055,887
0.26493024826049805,886
0.2704813480377197,885
0.2758960723876953,884
0.2814455032348633,883
0.2868940830230713,882
0.29242587089538574,881
0.2978942394256592,880
0.30335378646850586,879
0.3088538646697998,878
0.3142709732055664,877
0.3197672367095947,876
0.3251676559448242,875
0.33058810234069824,874
0.3359994888305664,873
0.34143686294555664,872
0.34690237045288086,871
0.3523130416870117,870
0.35772228240966797,869
0.3630225658416748,868
0.36844921112060547,867
0.37378811836242676,866
0.37921690940856934,865
0.38460659980773926,864
0.39003443717956543,863
0.39542055130004883,862
0.4007143974304199,861
0.4060952663421631,860
0.4113891124725342,859
0.4167940616607666,858
0.42204713821411133,857
0.4273810386657715,856
0.43263721466064453,855
0.437999963760376,854
0.44330525398254395,853
0.44855284690856934,852
0.45389246940612793,851
0.4591224193572998,850
0.46442413330078125,849
0.46962547302246094,848
0.47491884231567383,847
0.48010897636413574,846
0.48541736602783203,845
0.4905827045440674,844
0.4958322048187256,843
0.5010714530944824,842
0.5063157081604004,841
0.5115883350372314,840
0.5168299674987793,839
0.5221152305603027,838
0.5272676944732666,837
0.5325100421905518,836
0.5376529693603516,835
0.5428774356842041,834
0.5479874610900879,833
0.5532209873199463,832
0.558342695236206,831
0.5636084079742432,830
0.5688164234161377,829
0.5740041732788086,828
0.5792181491851807,827
0.5843827724456787,826
0.5895955562591553,825
0.5946691036224365,824
0.5998682975769043,823
0.60495924949646,822
0.6101441383361816,821
0.6153151988983154,820
0.6204679012298584,819
0.6255300045013428,818
0.6306233406066895,817
0.6357247829437256,816
0.6408841609954834,815
0.6459617614746094,814
0.6510965824127197,813
0.656095027923584,812
0.6612451076507568,811
0.6663031578063965,810
0.6714215278625488,809
0.6764583587646484,808
0.6815474033355713,807
0.6865949630737305,806
0.6916947364807129,805
0.6968541145324707,804
0.7019145488739014,803
0.7070174217224121,802
0.7120170593261719,801
0.7171058654785156,800
0.7220804691314697,799
0.7271971702575684,798
0.7321345806121826,797
0.7371373176574707,796
0.742114782333374,795
0.7471163272857666,794
0.752089262008667,793
0.7570910453796387,792
0.7620289325714111,791
0.7670180797576904,790
0.7719337940216064,789
0.7769665718078613,788
0.7818562984466553,787
0.7869300842285156,786
0.7919020652770996,785
0.7969553470611572,784
0.8018956184387207,783
0.8069643974304199,782
0.8118982315063477,781
0.8169448375701904,780
0.8218731880187988,779
0.8268642425537109,778
0.8319201469421387,777
0.8370382785797119,776
0.8420789241790771,775
0.8471474647521973,774
0.8523857593536377,773
0.8576278686523438,772
0.8654708862304688,771
1.4198143482208252,770
