0.01621699333190918,930
0.021495342254638672,929
0.026604175567626953,928
0.031705617904663086,927
0.03682827949523926,926
0.041947364807128906,925
0.047081947326660156,924
0.052306175231933594,923
0.057591915130615234,922
0.06305456161499023,921
0.06847214698791504,920
0.07388520240783691,919
0.07927870750427246,918
0.08471107482910156,917
0.08991622924804688,916
0.09500336647033691,915
0.10006237030029297,914
0.10508918762207031,913
0.11011648178100586,912
0.11524558067321777,911
0.12040543556213379,910
0.12549376487731934,909
0.1305854320526123,908
0.1356048583984375,907
0.14058375358581543,906
0.14568662643432617,905
0.15081191062927246,904
0.15598225593566895,903
0.16123199462890625,902
0.16650390625,901
0.1718606948852539,900
0.17710256576538086,899
0.18210792541503906,898
0.18709135055541992,897
0.19205665588378906,896
0.19701886177062988,895
0.2020261287689209,894
0.20697975158691406,893
0.21200847625732422,892
0.21712470054626465,891
0.2222142219543457,890
0.22722172737121582,889
0.23215889930725098,888
0.23715543746948242,887
0.24222922325134277,886
0.24729537963867188,885
0.25241827964782715,884
0.25760412216186523,883
0.26279759407043457,882
0.26793360710144043,881
0.2729606628417969,880
0.27786946296691895,879
0.282759428024292,878
0.28763723373413086,877
0.29247331619262695,876
0.29729390144348145,875
0.3021249771118164,874
0.3070495128631592,873
0.31198740005493164,872
0.31702256202697754,871
0.322009801864624,870
0.32697558403015137,869
0.3319966793060303,868
0.3370544910430908,867
0.34204554557800293,866
0.34709644317626953,865
0.35212111473083496,864
0.3570594787597656,863
0.362060546875,862
0.3670182228088379,861
0.37189602851867676,860
0.3767056465148926,859
0.3814854621887207,858
0.3862326145172119,857
0.3910236358642578,856
0.3957786560058594,855
0.40049028396606445,854
0.40524768829345703,853
0.4100990295410156,852
0.41507577896118164,851
0.420137882232666,850
0.4250600337982178,849
0.4299747943878174,848
0.4348781108856201,847
0.43977880477905273,846
0.4446232318878174,845
0.44937968254089355,844
0.45407676696777344,843
0.458820104598999,842
0.46364307403564453,841
0.46847105026245117,840
0.4731884002685547,839
0.4778480529785156,838
0.48247647285461426,837
0.4870762825012207,836
0.4916524887084961,835
0.49626636505126953,834
0.5009326934814453,833
0.5057508945465088,832
0.5106320381164551,831
0.5155563354492188,830
0.5204408168792725,829
0.5253267288208008,828
0.5301527976989746,827
0.534879207611084,826
0.5394728183746338,825
0.5440294742584229,824
0.5485856533050537,823
0.5531661510467529,822
0.5578212738037109,821
0.5624942779541016,820
0.5671725273132324,819
0.5718557834625244,818
0.5765602588653564,817
0.5811605453491211,816
0.5857405662536621,815
0.590449333190918,814
0.5952303409576416,813
0.5999948978424072,812
0.6048061847686768,811
0.6095972061157227,810
0.6144306659698486,809
0.6192798614501953,808
0.6240360736846924,807
0.6287662982940674,806
0.6334695816040039,805
0.6381125450134277,804
0.6427211761474609,803
0.6472892761230469,802
0.6518733501434326,801
0.6564452648162842,800
0.6610233783721924,799
0.6655797958374023,798
0.6701955795288086,797
0.6748778820037842,796
0.6797008514404297,795
0.6845588684082031,794
0.6894550323486328,793
0.6942434310913086,792
0.6989996433258057,791
0.7037675380706787,790
0.7084906101226807,789
0.7130999565124512,788
0.7176930904388428,787
0.7222840785980225,786
0.726898193359375,785
0.7315151691436768,784
0.7361986637115479,783
0.7409112453460693,782
0.7456188201904297,781
0.7502667903900146,780
0.7547745704650879,779
0.7592716217041016,778
0.7638096809387207,777
0.7684714794158936,776
0.7732031345367432,775
0.7779586315155029,774
0.782757043838501,773
0.7875676155090332,772
0.7923605442047119,771
0.7971055507659912,770
0.8017275333404541,769
0.8062665462493896,768
0.8107225894927979,767
0.8151843547821045,766
0.8196215629577637,765
0.8240985870361328,764
1.1580870151519775,763
1.3735504150390625,762
