0.012008428573608398,930
0.015759706497192383,929
0.019380569458007812,928
0.02314901351928711,927
0.026845693588256836,926
0.030463457107543945,925
0.034130096435546875,924
0.037654876708984375,923
0.04133033752441406,922
0.04488229751586914,921
0.04842734336853027,920
0.052068471908569336,919
0.055640220642089844,918
0.0591583251953125,917
0.06275177001953125,916
0.06626582145690918,915
0.06977605819702148,914
0.07337188720703125,913
0.07689619064331055,912
0.0803985595703125,911
0.08397865295410156,910
0.08745956420898438,909
0.09092879295349121,908
0.09439420700073242,907
0.09786629676818848,906
0.10133123397827148,905
0.10478973388671875,904
0.1083219051361084,903
0.11180686950683594,902
0.11538267135620117,901
0.11882948875427246,900
0.1223299503326416,899
0.12578940391540527,898
0.1292276382446289,897
0.13272857666015625,896
0.1361703872680664,895
0.13960528373718262,894
0.1430363655090332,893
0.14647531509399414,892
0.14989686012268066,891
0.15331101417541504,890
0.1567363739013672,889
0.16015291213989258,888
0.16356277465820312,887
0.16695833206176758,886
0.17035698890686035,885
0.17385530471801758,884
0.1772465705871582,883
0.18063592910766602,882
0.18401455879211426,881
0.18739080429077148,880
0.1907646656036377,879
0.19413399696350098,878
0.1975100040435791,877
0.2008838653564453,876
0.20434260368347168,875
0.20782852172851562,874
0.21139001846313477,873
0.21494078636169434,872
0.21849703788757324,871
0.22203898429870605,870
0.22557497024536133,869
0.22909998893737793,868
0.23261356353759766,867
0.23612093925476074,866
0.23963069915771484,865
0.24315810203552246,864
0.24659013748168945,863
0.25009608268737793,862
0.2535874843597412,861
0.25707268714904785,860
0.26050710678100586,859
0.2639791965484619,858
0.26744890213012695,857
0.27091503143310547,856
0.27437758445739746,855
0.27783989906311035,854
0.28128743171691895,853
0.28473329544067383,852
0.28817129135131836,851
0.2916138172149658,850
0.29505157470703125,849
0.2984745502471924,848
0.3019216060638428,847
0.3053462505340576,846
0.308762788772583,845
0.31217432022094727,844
0.3155784606933594,843
0.3189809322357178,842
0.32237815856933594,841
0.3257741928100586,840
0.329160213470459,839
0.33254456520080566,838
0.3359243869781494,837
0.33930039405822754,836
0.3426635265350342,835
0.34602999687194824,834
0.34938645362854004,833
0.35274291038513184,832
0.356095552444458,831
0.3594398498535156,830
0.36280226707458496,829
0.3661515712738037,828
0.36951279640197754,827
0.3728644847869873,826
0.37621498107910156,825
0.37955427169799805,824
0.3828854560852051,823
0.38622117042541504,822
0.3895413875579834,821
0.3928697109222412,820
0.3961930274963379,819
0.39952802658081055,818
0.4028658866882324,817
0.4061887264251709,816
0.4095041751861572,815
0.41282176971435547,814
0.4161405563354492,813
0.41945886611938477,812
0.42278289794921875,811
0.4260902404785156,810
0.42933177947998047,809
0.4326331615447998,808
0.43594932556152344,807
0.439119815826416,806
0.44225335121154785,805
0.44539928436279297,804
0.4485938549041748,803
0.45180845260620117,802
0.45502424240112305,801
0.458251953125,800
0.46146130561828613,799
0.46463537216186523,798
0.46791553497314453,797
0.4711759090423584,796
0.47441530227661133,795
0.47760605812072754,794
0.4807281494140625,793
0.48389649391174316,792
0.4870638847351074,791
0.49018001556396484,790
0.4933655261993408,789
0.4965038299560547,788
0.49964165687561035,787
0.5028235912322998,786
0.5059194564819336,785
0.5091009140014648,784
0.512218713760376,783
0.5154170989990234,782
0.5186324119567871,781
0.521740198135376,780
0.524878740310669,779
0.5280513763427734,778
0.5312273502349854,777
0.5344631671905518,776
0.537696123123169,775
0.5408744812011719,774
0.5439398288726807,773
0.547126054763794,772
0.5502328872680664,771
0.5533790588378906,770
0.5564391613006592,769
0.559581995010376,768
0.5626273155212402,767
0.5657117366790771,766
0.568974494934082,765
0.5735740661621094,764
0.6516938209533691,763
1.0124564170837402,762
1.0448453426361084,761
