0.0008139610290527344,1023
0.0014531612396240234,1022
0.002084016799926758,1021
0.0027081966400146484,1020
0.0033288002014160156,1019
0.004006385803222656,1018
0.004633188247680664,1017
0.005262136459350586,1016
0.0058825016021728516,1015
0.00650334358215332,1014
0.0071218013763427734,1013
0.0078125,1012
0.00843954086303711,1011
0.009061336517333984,1010
0.009682655334472656,1009
0.010305166244506836,1008
0.010926246643066406,1007
0.011548519134521484,1006
0.012208223342895508,1005
0.012830734252929688,1004
0.013536453247070312,1003
0.014235496520996094,1002
0.01485896110534668,1001
0.01548147201538086,1000
0.016158580780029297,999
0.01678323745727539,998
0.01740717887878418,997
0.01803112030029297,996
0.018785476684570312,995
0.019869565963745117,994
0.0204923152923584,993
0.02120041847229004,992
0.021827220916748047,991
0.022449016571044922,990
0.023070335388183594,989
0.02395772933959961,988
0.02511906623840332,987
0.0257415771484375,986
0.02636432647705078,985
0.026986122131347656,984
0.02763056755065918,983
0.028280258178710938,982
0.028902530670166016,981
0.029552698135375977,980
0.030232667922973633,979
0.03085803985595703,978
0.03148984909057617,977
0.03278946876525879,976
0.03341484069824219,975
0.034037113189697266,974
0.03466081619262695,973
0.035283565521240234,972
0.03593802452087402,971
0.03656315803527832,970
0.0371861457824707,969
0.03780770301818848,968
0.03843212127685547,967
0.0394129753112793,966
0.04007291793823242,965
0.04218721389770508,964
0.042818307876586914,963
0.04352521896362305,962
0.04418587684631348,961
0.04481649398803711,960
0.04544401168823242,959
0.047162532806396484,958
0.04779052734375,957
0.04880166053771973,956
0.04952192306518555,955
0.05014681816101074,954
0.05167746543884277,953
0.05331873893737793,952
0.053945302963256836,951
0.05457329750061035,950
0.055200815200805664,949
0.05583500862121582,948
0.056463003158569336,947
0.05709195137023926,946
0.05771923065185547,945
0.05855607986450195,944
0.059187889099121094,943
0.0599970817565918,942
0.06062793731689453,941
0.06278324127197266,940
0.06341004371643066,939
0.06412482261657715,938
0.06646156311035156,937
0.06709980964660645,936
0.06776809692382812,935
0.06940817832946777,934
0.07067108154296875,933
0.0713045597076416,932
0.07236957550048828,931
0.07919502258300781,930
0.08079147338867188,929
0.08142447471618652,928
0.08205413818359375,927
0.08338570594787598,926
0.08405280113220215,925
0.0846867561340332,924
0.08728981018066406,923
0.08793091773986816,922
0.09067058563232422,921
0.09184956550598145,920
0.09248661994934082,919
0.09394526481628418,918
0.09457731246948242,917
0.09641361236572266,916
0.09739279747009277,915
0.09824347496032715,914
0.09984898567199707,913
0.10048341751098633,912
0.10111331939697266,911
0.1017458438873291,910
0.10237860679626465,909
0.10427165031433105,908
0.10512685775756836,907
0.10890603065490723,906
0.11004328727722168,905
0.11068010330200195,904
0.11284565925598145,903
0.11408662796020508,902
0.11491870880126953,901
0.1161341667175293,900
0.11676645278930664,899
0.11903834342956543,898
0.1201786994934082,897
0.12124824523925781,896
0.12188291549682617,895
0.1229546070098877,894
0.12359809875488281,893
0.1252913475036621,892
0.1262035369873047,891
0.12683725357055664,890
0.12749862670898438,889
0.12948298454284668,888
0.13011837005615234,887
0.1317601203918457,886
0.13359379768371582,885
0.13422679901123047,884
0.13486075401306152,883
0.13651704788208008,882
0.13844084739685059,881
0.14098739624023438,880
0.1433112621307373,879
0.1439521312713623,878
0.14511823654174805,877
0.14668560028076172,876
0.14893651008605957,875
0.15080976486206055,874
0.15214800834655762,873
0.15362834930419922,872
0.15434741973876953,871
0.1549839973449707,870
0.15562129020690918,869
0.1595151424407959,868
0.16179704666137695,867
0.1640336513519287,866
0.16530299186706543,865
0.16625618934631348,864
0.16688823699951172,863
0.1675245761871338,862
0.17072057723999023,861
0.1713576316833496,860
0.1734461784362793,859
0.1763138771057129,858
0.17824840545654297,857
0.18149638175964355,856
0.18306231498718262,855
0.18731999397277832,854
0.18796181678771973,853
0.18988561630249023,852
0.1914200782775879,851
0.19256877899169922,850
0.19661688804626465,849
0.19917583465576172,848
0.20098614692687988,847
0.20604825019836426,846
0.20879030227661133,845
0.2115764617919922,844
0.21436524391174316,843
0.22229719161987305,842
0.22440338134765625,841
0.22624611854553223,840
0.23083257675170898,839
0.23251008987426758,838
0.23691940307617188,837
0.2385578155517578,836
0.23919343948364258,835
0.2419581413269043,834
0.2432267665863037,833
0.25255274772644043,832
0.25328803062438965,831
0.2604801654815674,830
0.26917457580566406,829
0.2791457176208496,828
0.28521013259887695,827
0.29233884811401367,826
0.2936115264892578,825
0.29593729972839355,824
0.29753708839416504,823
0.3025803565979004,822
0.30373215675354004,821
0.30542802810668945,820
0.31282830238342285,819
0.3222329616546631,818
0.3246016502380371,817
0.326840877532959,816
0.3293497562408447,815
0.33014488220214844,814
0.33396315574645996,813
0.34530162811279297,812
0.35203051567077637,811
0.35394906997680664,810
0.36407899856567383,809
0.36836791038513184,808
0.37628674507141113,807
0.38128185272216797,806
0.38303184509277344,805
0.3961517810821533,804
0.4021189212799072,803
0.4190089702606201,802
0.4567134380340576,801
0.46631693840026855,800
0.4798312187194824,799
0.4991495609283447,798
0.5056407451629639,797
0.5144252777099609,796
0.5225410461425781,795
0.5316116809844971,794
0.5413813591003418,793
0.5448956489562988,792
0.5679662227630615,791
0.5762009620666504,790
0.5769350528717041,789
0.6260097026824951,788
0.629298210144043,787
0.6499342918395996,786
0.6892478466033936,785
0.6975023746490479,784
0.6984767913818359,783
0.7134411334991455,782
0.7861385345458984,781
0.856386661529541,780
0.9206147193908691,779
0.940894603729248,778
0.95278000831604,777
1.1195616722106934,776
1.1771187782287598,775
1.1871404647827148,774
1.254683017730713,773
1.2670938968658447,772
1.2932806015014648,771
1.3819332122802734,770
1.395348072052002,769
1.6088738441467285,768
