0.01680159568786621,930
0.02249598503112793,929
0.02809453010559082,928
0.033684730529785156,927
0.03928065299987793,926
0.04491448402404785,925
0.05053567886352539,924
0.05601310729980469,923
0.061591386795043945,922
0.06725740432739258,921
0.07287406921386719,920
0.07855892181396484,919
0.08414053916931152,918
0.0897831916809082,917
0.0954742431640625,916
0.10110759735107422,915
0.10672283172607422,914
0.11222386360168457,913
0.11774206161499023,912
0.12327337265014648,911
0.12865757942199707,910
0.13411545753479004,909
0.139418363571167,908
0.14490795135498047,907
0.1502840518951416,906
0.1557927131652832,905
0.16119170188903809,904
0.16668987274169922,903
0.1720890998840332,902
0.1776266098022461,901
0.18310117721557617,900
0.1886589527130127,899
0.19410324096679688,898
0.19956421852111816,897
0.2050478458404541,896
0.21047616004943848,895
0.21583771705627441,894
0.22111296653747559,893
0.22641921043395996,892
0.2317945957183838,891
0.23697853088378906,890
0.24231910705566406,889
0.24749374389648438,888
0.2528116703033447,887
0.2580888271331787,886
0.2634284496307373,885
0.26873016357421875,884
0.27413082122802734,883
0.279449462890625,882
0.2848641872406006,881
0.2902543544769287,880
0.29572105407714844,879
0.30107784271240234,878
0.3064587116241455,877
0.31173229217529297,876
0.31705451011657715,875
0.3222382068634033,874
0.3274674415588379,873
0.3326268196105957,872
0.33783626556396484,871
0.34288954734802246,870
0.34810733795166016,869
0.3532390594482422,868
0.3584718704223633,867
0.3636186122894287,866
0.36882758140563965,865
0.3740391731262207,864
0.3792901039123535,863
0.3845822811126709,862
0.3898904323577881,861
0.39517951011657715,860
0.4004628658294678,859
0.405759334564209,858
0.4109764099121094,857
0.4161708354949951,856
0.42123889923095703,855
0.42633533477783203,854
0.4313623905181885,853
0.4364790916442871,852
0.44145870208740234,851
0.4465758800506592,850
0.45165562629699707,849
0.45667409896850586,848
0.46179771423339844,847
0.4667525291442871,846
0.47194695472717285,845
0.47707271575927734,844
0.48226284980773926,843
0.48728036880493164,842
0.4923539161682129,841
0.49747180938720703,840
0.5026495456695557,839
0.5077548027038574,838
0.5127861499786377,837
0.5178594589233398,836
0.5227441787719727,835
0.5277876853942871,834
0.5327324867248535,833
0.5376226902008057,832
0.5425310134887695,831
0.5475049018859863,830
0.5524849891662598,829
0.5573594570159912,828
0.5623657703399658,827
0.5672338008880615,826
0.5722525119781494,825
0.5772435665130615,824
0.5823502540588379,823
0.5873477458953857,822
0.592470645904541,821
0.5975310802459717,820
0.6025748252868652,819
0.6076498031616211,818
0.6125926971435547,817
0.6175520420074463,816
0.6223890781402588,815
0.627293586730957,814
0.632204532623291,813
0.637209415435791,812
0.6422219276428223,811
0.6470694541931152,810
0.6521368026733398,809
0.6570322513580322,808
0.6620628833770752,807
0.6669883728027344,806
0.6720073223114014,805
0.6770033836364746,804
0.6820101737976074,803
0.6871111392974854,802
0.69203782081604,801
0.6971023082733154,800
0.702190637588501,799
0.7072780132293701,798
0.7123851776123047,797
0.7174122333526611,796
0.722398042678833,795
0.7273542881011963,794
0.7323334217071533,793
0.7373371124267578,792
0.7424201965332031,791
0.7474501132965088,790
0.7525153160095215,789
0.7575674057006836,788
0.7626245021820068,787
0.7676949501037598,786
0.7727177143096924,785
0.7777590751647949,784
0.7827837467193604,783
0.7878365516662598,782
0.7928695678710938,781
0.7978849411010742,780
0.8028576374053955,779
0.8079013824462891,778
0.8129184246063232,777
0.8178689479827881,776
0.8228216171264648,775
0.827723503112793,774
0.8326621055603027,773
0.8375394344329834,772
0.842440128326416,771
0.8473074436187744,770
0.8522415161132812,769
0.857088565826416,768
0.8619966506958008,767
0.8668973445892334,766
0.8717753887176514,765
0.8766472339630127,764
1.2229359149932861,763
1.4510841369628906,762
