0.0012359619140625,1023
0.0023539066314697266,1022
0.0034749507904052734,1021
0.004580020904541016,1020
0.005700111389160156,1019
0.006912946701049805,1018
0.008379936218261719,1017
0.009710073471069336,1016
0.011259794235229492,1015
0.012550830841064453,1014
0.01368403434753418,1013
0.01478886604309082,1012
0.015898942947387695,1011
0.017012834548950195,1010
0.0181119441986084,1009
0.019208908081054688,1008
0.02032303810119629,1007
0.0214231014251709,1006
0.022522926330566406,1005
0.02363109588623047,1004
0.024734973907470703,1003
0.02584075927734375,1002
0.026958942413330078,1001
0.028241872787475586,1000
0.029454946517944336,999
0.030740022659301758,998
0.03203988075256348,997
0.03331613540649414,996
0.03484988212585449,995
0.036827802658081055,994
0.03803277015686035,993
0.03931999206542969,992
0.040422916412353516,991
0.04154396057128906,990
0.04267477989196777,989
0.044159889221191406,988
0.04621481895446777,987
0.04731392860412598,986
0.04840898513793945,985
0.04957103729248047,984
0.05071902275085449,983
0.051857948303222656,982
0.05295372009277344,981
0.05404376983642578,980
0.05510401725769043,979
0.056162118911743164,978
0.05722379684448242,977
0.05937504768371582,976
0.0604557991027832,975
0.06155109405517578,974
0.06261610984802246,973
0.0636448860168457,972
0.06464481353759766,971
0.06569600105285645,970
0.06672191619873047,969
0.0677649974822998,968
0.06881189346313477,967
0.07047700881958008,966
0.07154607772827148,965
0.07523989677429199,964
0.07644009590148926,963
0.0777730941772461,962
0.07890987396240234,961
0.08001995086669922,960
0.08112311363220215,959
0.08420491218566895,958
0.08532500267028809,957
0.08702802658081055,956
0.08820772171020508,955
0.0892338752746582,954
0.09163117408752441,953
0.09428095817565918,952
0.09522891044616699,951
0.09614801406860352,950
0.09705686569213867,949
0.09797501564025879,948
0.09890103340148926,947
0.09982109069824219,946
0.10074806213378906,945
0.10195088386535645,944
0.10285687446594238,943
0.10401201248168945,942
0.10492181777954102,941
0.10809016227722168,940
0.10904383659362793,939
0.1103658676147461,938
0.11368083953857422,937
0.11471676826477051,936
0.11592388153076172,935
0.11874890327453613,934
0.12082791328430176,933
0.12190103530883789,932
0.1238551139831543,931
0.1381690502166748,930
0.14123296737670898,929
0.14249396324157715,928
0.14378809928894043,927
0.1465919017791748,926
0.1479790210723877,925
0.1494739055633545,924
0.15476202964782715,923
0.15602493286132812,922
0.161362886428833,921
0.16353511810302734,920
0.16468501091003418,919
0.16741490364074707,918
0.1685800552368164,917
0.17181801795959473,916
0.17354393005371094,915
0.1750640869140625,914
0.17835688591003418,913
0.1796588897705078,912
0.1810438632965088,911
0.18243098258972168,910
0.18372607231140137,909
0.1873469352722168,908
0.1889348030090332,907
0.19645905494689941,906
0.19876694679260254,905
0.1999650001525879,904
0.203948974609375,903
0.20615911483764648,902
0.20774292945861816,901
0.2101738452911377,900
0.21166682243347168,899
0.21602106094360352,898
0.21816301345825195,897
0.2200760841369629,896
0.2212378978729248,895
0.22308778762817383,894
0.22421598434448242,893
0.22749900817871094,892
0.22945499420166016,891
0.23080086708068848,890
0.23205995559692383,889
0.2356879711151123,888
0.23684096336364746,887
0.23977398872375488,886
0.24321198463439941,885
0.24462580680847168,884
0.2459719181060791,883
0.24948406219482422,882
0.2531740665435791,881
0.25768089294433594,880
0.2618749141693115,879
0.2630300521850586,878
0.2651369571685791,877
0.26797008514404297,876
0.2723689079284668,875
0.2759699821472168,874
0.27837276458740234,873
0.28099775314331055,872
0.282268762588501,871
0.2834038734436035,870
0.28457188606262207,869
0.2915799617767334,868
0.2956509590148926,867
0.29956698417663574,866
0.3037900924682617,865
0.30708885192871094,864
0.30940699577331543,863
0.31195998191833496,862
0.3192780017852783,861
0.32052087783813477,860
0.3245108127593994,859
0.3305690288543701,858
0.33431506156921387,857
0.3402590751647949,856
0.3440120220184326,855
0.3524019718170166,854
0.3535609245300293,853
0.35707902908325195,852
0.3598630428314209,851
0.36185789108276367,850
0.3685140609741211,849
0.3729279041290283,848
0.375777006149292,847
0.38306498527526855,846
0.38700199127197266,845
0.391002893447876,844
0.394683837890625,843
0.40599894523620605,842
0.4094409942626953,841
0.4121379852294922,840
0.4188089370727539,839
0.4211859703063965,838
0.42753005027770996,837
0.42989110946655273,836
0.4308149814605713,835
0.4348139762878418,834
0.43665194511413574,833
0.4501187801361084,832
0.45113492012023926,831
0.46161580085754395,830
0.47439002990722656,829
0.488832950592041,828
0.4978649616241455,827
0.508105993270874,826
0.5099771022796631,825
0.5133528709411621,824
0.5156958103179932,823
0.5230939388275146,822
0.5248267650604248,821
0.5273478031158447,820
0.5379419326782227,819
0.5516788959503174,818
0.5551609992980957,817
0.5586380958557129,816
0.5622668266296387,815
0.5633940696716309,814
0.5693178176879883,813
0.5859169960021973,812
0.5959620475769043,811
0.5987999439239502,810
0.614253044128418,809
0.621737003326416,808
0.636605978012085,807
0.6462268829345703,806
0.6499190330505371,805
0.674901008605957,804
0.6858470439910889,803
0.7131497859954834,802
0.7710599899291992,801
0.7878119945526123,800
0.8120119571685791,799
0.8455407619476318,798
0.8551349639892578,797
0.8682589530944824,796
0.8805580139160156,795
0.8937509059906006,794
0.9079248905181885,793
0.9133460521697998,792
0.9472999572753906,791
0.9594910144805908,790
0.9606127738952637,789
1.0313799381256104,788
1.036233901977539,787
1.0660648345947266,786
1.1226489543914795,785
1.135054111480713,784
1.1364378929138184,783
1.160517930984497,782
1.2671079635620117,781
1.3700170516967773,780
1.4635119438171387,779
1.4925320148468018,778
1.5096299648284912,777
1.7571678161621094,776
1.8418381214141846,775
1.856590986251831,774
1.946485996246338,773
1.9641079902648926,772
2.0022709369659424,771
2.135382890701294,770
2.1542577743530273,769
2.467028856277466,768
