0.0008828639984130859,1023
0.00168609619140625,1022
0.002342700958251953,1021
0.002989053726196289,1020
0.0036270618438720703,1019
0.004262685775756836,1018
0.0050656795501708984,1017
0.006178855895996094,1016
0.007144451141357422,1015
0.007811069488525391,1014
0.008466482162475586,1013
0.009161710739135742,1012
0.009797811508178711,1011
0.010432958602905273,1010
0.011343717575073242,1009
0.012376546859741211,1008
0.013086318969726562,1007
0.013726949691772461,1006
0.014364004135131836,1005
0.015001773834228516,1004
0.015666484832763672,1003
0.016300678253173828,1002
0.017017841339111328,1001
0.017640113830566406,1000
0.018260955810546875,999
0.01888132095336914,998
0.019501924514770508,997
0.02012157440185547,996
0.020906686782836914,995
0.021933794021606445,994
0.022574901580810547,993
0.023281097412109375,992
0.02402496337890625,991
0.024697303771972656,990
0.025327205657958984,989
0.02616262435913086,988
0.027669191360473633,987
0.02829718589782715,986
0.028952836990356445,985
0.02957463264465332,984
0.030213117599487305,983
0.030877113342285156,982
0.03151226043701172,981
0.03216195106506348,980
0.032785892486572266,979
0.03340578079223633,978
0.03402566909790039,977
0.03526473045349121,976
0.035884857177734375,975
0.03650474548339844,974
0.03712940216064453,973
0.0377500057220459,972
0.038369178771972656,971
0.03898978233337402,970
0.03961038589477539,969
0.04023146629333496,968
0.040926218032836914,967
0.04190349578857422,966
0.0425257682800293,965
0.04481649398803711,964
0.045439720153808594,963
0.04614830017089844,962
0.04679059982299805,961
0.047490835189819336,960
0.048113346099853516,959
0.04993867874145508,958
0.050591230392456055,957
0.05159139633178711,956
0.052304983139038086,955
0.05292963981628418,954
0.054447174072265625,953
0.05608010292053223,952
0.05670619010925293,951
0.0574343204498291,950
0.05806326866149902,949
0.05868887901306152,948
0.059311866760253906,947
0.0599362850189209,946
0.060568809509277344,945
0.06140422821044922,944
0.06203103065490723,943
0.06283283233642578,942
0.0634610652923584,941
0.06562042236328125,940
0.0662534236907959,939
0.06699991226196289,938
0.0695188045501709,937
0.07014989852905273,936
0.07077836990356445,935
0.07240033149719238,934
0.07365226745605469,933
0.0742802619934082,932
0.07532668113708496,931
0.0833427906036377,930
0.08521890640258789,929
0.08585143089294434,928
0.08648037910461426,927
0.0878300666809082,926
0.08845639228820801,925
0.08913230895996094,924
0.09179496765136719,923
0.0924215316772461,922
0.09610986709594727,921
0.09732842445373535,920
0.09795975685119629,919
0.09940719604492188,918
0.10003542900085449,917
0.10189414024353027,916
0.10286712646484375,915
0.10372400283813477,914
0.1054525375366211,913
0.10608100891113281,912
0.10674262046813965,911
0.10758018493652344,910
0.10825705528259277,909
0.11026620864868164,908
0.11129307746887207,907
0.11514139175415039,906
0.11628031730651855,905
0.1169440746307373,904
0.11914324760437012,903
0.12036991119384766,902
0.1213064193725586,901
0.12250733375549316,900
0.1231381893157959,899
0.125563383102417,898
0.12670493125915527,897
0.12786459922790527,896
0.12856316566467285,895
0.12967967987060547,894
0.1303095817565918,893
0.13199162483215332,892
0.13295984268188477,891
0.1335906982421875,890
0.13421916961669922,889
0.13615846633911133,888
0.13684821128845215,887
0.1385965347290039,886
0.14041829109191895,885
0.14111876487731934,884
0.14175128936767578,883
0.14339232444763184,882
0.1453406810760498,881
0.14775466918945312,880
0.15002012252807617,879
0.1506502628326416,878
0.15181207656860352,877
0.15336990356445312,876
0.15561914443969727,875
0.1574852466583252,874
0.1588153839111328,873
0.1604781150817871,872
0.16144204139709473,871
0.16230487823486328,870
0.16301202774047852,869
0.16703462600708008,868
0.1696155071258545,867
0.17187142372131348,866
0.17347145080566406,865
0.1745452880859375,864
0.17521142959594727,863
0.1758735179901123,862
0.17923498153686523,861
0.17989730834960938,860
0.18210339546203613,859
0.1859269142150879,858
0.18858575820922852,857
0.19211959838867188,856
0.19381999969482422,855
0.19826745986938477,854
0.1988999843597412,853
0.20086216926574707,852
0.20241355895996094,851
0.20354819297790527,850
0.20795178413391113,849
0.2105720043182373,848
0.21233582496643066,847
0.21739554405212402,846
0.2201230525970459,845
0.2229328155517578,844
0.22549009323120117,843
0.23331618309020996,842
0.23535633087158203,841
0.23717856407165527,840
0.24169445037841797,839
0.24332523345947266,838
0.24770212173461914,837
0.24933218955993652,836
0.2499678134918213,835
0.2527477741241455,834
0.254009485244751,833
0.2632918357849121,832
0.2639944553375244,831
0.2710742950439453,830
0.27973294258117676,829
0.28980064392089844,828
0.29629087448120117,827
0.3042416572570801,826
0.3055734634399414,825
0.3079354763031006,824
0.3095865249633789,823
0.31536340713500977,822
0.3165607452392578,821
0.31827259063720703,820
0.3257749080657959,819
0.335155725479126,818
0.3375434875488281,817
0.3397819995880127,816
0.3423302173614502,815
0.34311723709106445,814
0.3469369411468506,813
0.35837650299072266,812
0.3652162551879883,811
0.36711907386779785,810
0.3771817684173584,809
0.38139867782592773,808
0.3892209529876709,807
0.39423584938049316,806
0.39599156379699707,805
0.40912818908691406,804
0.4152092933654785,803
0.4317634105682373,802
0.469318151473999,801
0.47870302200317383,800
0.49211668968200684,799
0.5112512111663818,798
0.5176742076873779,797
0.5264749526977539,796
0.5346946716308594,795
0.543694257736206,794
0.5532968044281006,793
0.5568063259124756,792
0.5797102451324463,791
0.5878570079803467,790
0.5886187553405762,789
0.6375486850738525,788
0.6408131122589111,787
0.6613736152648926,786
0.7017338275909424,785
0.7101495265960693,784
0.7111201286315918,783
0.7262308597564697,782
0.800281286239624,781
0.8705244064331055,780
0.9345207214355469,779
0.9545590877532959,778
0.9668722152709961,777
1.132775068283081,776
1.1908113956451416,775
1.2009496688842773,774
1.2633397579193115,773
1.275482416152954,772
1.301589012145996,771
1.3898885250091553,770
1.4032063484191895,769
1.6156702041625977,768
