0.016840696334838867,930
0.02251577377319336,929
0.028168916702270508,928
0.033586978912353516,927
0.03906130790710449,926
0.04445910453796387,925
0.049776554107666016,924
0.054984331130981445,923
0.060300350189208984,922
0.06559514999389648,921
0.07081937789916992,920
0.07602095603942871,919
0.08118009567260742,918
0.08629345893859863,917
0.09146690368652344,916
0.0966801643371582,915
0.10177779197692871,914
0.10689115524291992,913
0.11224365234375,912
0.11768150329589844,911
0.12311697006225586,910
0.12850236892700195,909
0.1338965892791748,908
0.13926339149475098,907
0.14464473724365234,906
0.15004539489746094,905
0.15560245513916016,904
0.16123008728027344,903
0.16693329811096191,902
0.17270803451538086,901
0.17839884757995605,900
0.1841282844543457,899
0.18977999687194824,898
0.1955258846282959,897
0.20128297805786133,896
0.20665669441223145,895
0.2120063304901123,894
0.2173759937286377,893
0.22295546531677246,892
0.22826528549194336,891
0.23354554176330566,890
0.23885059356689453,889
0.24414825439453125,888
0.24938631057739258,887
0.2546653747558594,886
0.26013684272766113,885
0.26535677909851074,884
0.2706749439239502,883
0.27593326568603516,882
0.2811450958251953,881
0.28635334968566895,880
0.2915470600128174,879
0.29675793647766113,878
0.3019554615020752,877
0.30701613426208496,876
0.3131885528564453,875
0.31856274604797363,874
0.32390356063842773,873
0.32915282249450684,872
0.33406925201416016,871
0.33884239196777344,870
0.3435330390930176,869
0.34819936752319336,868
0.3530116081237793,867
0.3577272891998291,866
0.36245298385620117,865
0.3671584129333496,864
0.3718376159667969,863
0.3764779567718506,862
0.38112401962280273,861
0.38577747344970703,860
0.39046525955200195,859
0.39515185356140137,858
0.40004515647888184,857
0.40516018867492676,856
0.4099695682525635,855
0.4150674343109131,854
0.4203336238861084,853
0.4254779815673828,852
0.43065977096557617,851
0.43584704399108887,850
0.4410412311553955,849
0.4462244510650635,848
0.45137524604797363,847
0.456432580947876,846
0.46152353286743164,845
0.46677279472351074,844
0.47180676460266113,843
0.476834774017334,842
0.4817962646484375,841
0.48677539825439453,840
0.49193668365478516,839
0.4971127510070801,838
0.5020468235015869,837
0.507068395614624,836
0.5121989250183105,835
0.5173342227935791,834
0.5224020481109619,833
0.5274667739868164,832
0.5324101448059082,831
0.5373835563659668,830
0.542391300201416,829
0.547231912612915,828
0.5521752834320068,827
0.557201623916626,826
0.5621840953826904,825
0.5670766830444336,824
0.5721406936645508,823
0.5771241188049316,822
0.5821585655212402,821
0.587139368057251,820
0.5921430587768555,819
0.5970194339752197,818
0.6020059585571289,817
0.6070621013641357,816
0.6120631694793701,815
0.6172661781311035,814
0.6224522590637207,813
0.6275730133056641,812
0.6327328681945801,811
0.6377754211425781,810
0.642941951751709,809
0.6480581760406494,808
0.6528451442718506,807
0.6575689315795898,806
0.6621923446655273,805
0.6667037010192871,804
0.6712338924407959,803
0.6756594181060791,802
0.6800985336303711,801
0.6846144199371338,800
0.689124584197998,799
0.6936206817626953,798
0.6981472969055176,797
0.7026917934417725,796
0.7072834968566895,795
0.7119758129119873,794
0.7167453765869141,793
0.7215375900268555,792
0.7263498306274414,791
0.7311923503875732,790
0.7360787391662598,789
0.7409360408782959,788
0.7457659244537354,787
0.7506122589111328,786
0.7554001808166504,785
0.7601664066314697,784
0.7649743556976318,783
0.7698676586151123,782
0.7745194435119629,781
0.7791502475738525,780
0.7837567329406738,779
0.7881271839141846,778
0.792395830154419,777
0.7966187000274658,776
0.8009922504425049,775
0.8054089546203613,774
0.809746265411377,773
0.8140766620635986,772
0.8184258937835693,771
0.8227698802947998,770
0.8888828754425049,769
0.932377815246582,768
0.9538016319274902,767
1.1554875373840332,766
1.1881325244903564,765
