0.0007648468017578125,1023
0.0014562606811523438,1022
0.0020914077758789062,1021
0.002769947052001953,1020
0.0033910274505615234,1019
0.00400853157043457,1018
0.00462651252746582,1017
0.005242109298706055,1016
0.005858421325683594,1015
0.006600618362426758,1014
0.007244586944580078,1013
0.007862567901611328,1012
0.008479118347167969,1011
0.009093999862670898,1010
0.009709596633911133,1009
0.01040339469909668,1008
0.011022329330444336,1007
0.011638164520263672,1006
0.012254714965820312,1005
0.012871265411376953,1004
0.013487100601196289,1003
0.014103412628173828,1002
0.014773130416870117,1001
0.015392541885375977,1000
0.01603984832763672,999
0.01665520668029785,998
0.01727151870727539,997
0.01788806915283203,996
0.018639802932739258,995
0.019662141799926758,994
0.020278215408325195,993
0.020982980728149414,992
0.02159881591796875,991
0.022216081619262695,990
0.02286553382873535,989
0.02369523048400879,988
0.02481555938720703,987
0.025433778762817383,986
0.026052236557006836,985
0.02668476104736328,984
0.02730417251586914,983
0.02792191505432129,982
0.028540849685668945,981
0.029159069061279297,980
0.029776573181152344,979
0.030397653579711914,978
0.031014204025268555,977
0.03224945068359375,976
0.0328679084777832,975
0.03348588943481445,974
0.034104347229003906,973
0.03472447395324707,972
0.035343170166015625,971
0.03596234321594238,970
0.03657937049865723,969
0.03719782829284668,968
0.03781604766845703,967
0.038781166076660156,966
0.03939962387084961,965
0.04149293899536133,964
0.04211163520812988,963
0.04288673400878906,962
0.04350543022155762,961
0.04412508010864258,960
0.044744014739990234,959
0.0464482307434082,958
0.04718732833862305,957
0.04817795753479004,956
0.0488893985748291,955
0.04950737953186035,954
0.05108070373535156,953
0.05270218849182129,952
0.05332040786743164,951
0.0539402961730957,950
0.054593563079833984,949
0.05521345138549805,948
0.055832624435424805,947
0.056452035903930664,946
0.05707120895385742,945
0.05789494514465332,944
0.0585637092590332,943
0.05936384201049805,942
0.0599822998046875,941
0.06211376190185547,940
0.06276679039001465,939
0.06347179412841797,938
0.06572079658508301,937
0.06638455390930176,936
0.06701469421386719,935
0.06863927841186523,934
0.06989026069641113,933
0.07051992416381836,932
0.07156920433044434,931
0.07833147048950195,930
0.07991862297058105,929
0.08054637908935547,928
0.08117175102233887,927
0.08252096176147461,926
0.08314633369445801,925
0.0837714672088623,924
0.08636236190795898,923
0.08698797225952148,922
0.08970832824707031,921
0.09087491035461426,920
0.09150147438049316,919
0.09294867515563965,918
0.09357333183288574,917
0.09540343284606934,916
0.09637618064880371,915
0.09721851348876953,914
0.09881138801574707,913
0.09943866729736328,912
0.10006594657897949,911
0.1006934642791748,910
0.10132050514221191,909
0.10320019721984863,908
0.10404682159423828,907
0.10780024528503418,906
0.10892629623413086,905
0.10955429077148438,904
0.11173176765441895,903
0.11295795440673828,902
0.11378765106201172,901
0.11500287055969238,900
0.11563277244567871,899
0.11787819862365723,898
0.1190333366394043,897
0.1200857162475586,896
0.12071394920349121,895
0.12177085876464844,894
0.12240338325500488,893
0.12409090995788574,892
0.12499403953552246,891
0.12562108039855957,890
0.1262495517730713,889
0.12819147109985352,888
0.12881898880004883,887
0.13045215606689453,886
0.13227152824401855,885
0.13290095329284668,884
0.1335291862487793,883
0.13517189025878906,882
0.13708710670471191,881
0.13950395584106445,880
0.14177155494689941,879
0.14240455627441406,878
0.14356255531311035,877
0.14511966705322266,876
0.1473703384399414,875
0.14922642707824707,874
0.15054655075073242,873
0.1520085334777832,872
0.15271997451782227,871
0.1533517837524414,870
0.15398120880126953,869
0.1578507423400879,868
0.16013336181640625,867
0.1623392105102539,866
0.16359519958496094,865
0.16453862190246582,864
0.16516804695129395,863
0.16579818725585938,862
0.16895675659179688,861
0.1695864200592041,860
0.17163372039794922,859
0.1744835376739502,858
0.17639613151550293,857
0.17961525917053223,856
0.18141651153564453,855
0.18564844131469727,854
0.18628597259521484,853
0.18819880485534668,852
0.18972229957580566,851
0.1908740997314453,850
0.19466400146484375,849
0.19720983505249023,848
0.198974609375,847
0.20394539833068848,846
0.2066481113433838,845
0.20940113067626953,844
0.21193981170654297,843
0.21979975700378418,842
0.22187185287475586,841
0.2236952781677246,840
0.22821807861328125,839
0.2298579216003418,838
0.23424530029296875,837
0.2358863353729248,836
0.23652434349060059,835
0.2392892837524414,834
0.2405531406402588,833
0.24983739852905273,832
0.2505762577056885,831
0.2576439380645752,830
0.26630616188049316,829
0.2761979103088379,828
0.28220629692077637,827
0.2891371250152588,826
0.2904064655303955,825
0.29270386695861816,824
0.29430723190307617,823
0.29933810234069824,822
0.3004786968231201,821
0.30216503143310547,820
0.30959200859069824,819
0.3189997673034668,818
0.32132983207702637,817
0.32360315322875977,816
0.32608675956726074,815
0.32688093185424805,814
0.3306539058685303,813
0.3419055938720703,812
0.3486137390136719,811
0.35051631927490234,810
0.3606088161468506,809
0.3649752140045166,808
0.37315917015075684,807
0.3781607151031494,806
0.3800346851348877,805
0.39315223693847656,804
0.3991730213165283,803
0.4157907962799072,802
0.45350098609924316,801
0.46302151679992676,800
0.476470947265625,799
0.4956634044647217,798
0.5021042823791504,797
0.5108885765075684,796
0.5189826488494873,795
0.5280036926269531,794
0.5375885963439941,793
0.541109561920166,792
0.5641987323760986,791
0.5723745822906494,790
0.5731055736541748,789
0.6219627857208252,788
0.6253063678741455,787
0.646378755569458,786
0.6857240200042725,785
0.6940176486968994,784
0.6950483322143555,783
0.7099943161010742,782
0.7830393314361572,781
0.8529524803161621,780
0.9169535636901855,779
0.9370231628417969,778
0.9488680362701416,777
1.1154255867004395,776
1.1731019020080566,775
1.1833240985870361,774
1.245436668395996,773
1.2576117515563965,772
1.2836401462554932,771
1.3723399639129639,770
1.3858277797698975,769
1.5998384952545166,768
