0.0007450580596923828,1023
0.0013799667358398438,1022
0.002004861831665039,1021
0.0026292800903320312,1020
0.0032498836517333984,1019
0.00393223762512207,1018
0.004556417465209961,1017
0.005178689956665039,1016
0.005853176116943359,1015
0.0064923763275146484,1014
0.007113933563232422,1013
0.007764101028442383,1012
0.00844120979309082,1011
0.009060382843017578,1010
0.00967860221862793,1009
0.010297060012817383,1008
0.010913610458374023,1007
0.011560678482055664,1006
0.01223611831665039,1005
0.012855052947998047,1004
0.013474464416503906,1003
0.014111518859863281,1002
0.014729738235473633,1001
0.015348672866821289,1000
0.016048192977905273,999
0.01667046546936035,998
0.017292261123657227,997
0.01791214942932129,996
0.01866292953491211,995
0.019694089889526367,994
0.02038288116455078,993
0.02109360694885254,992
0.021716833114624023,991
0.022368431091308594,990
0.022990942001342773,989
0.023860454559326172,988
0.02502274513244629,987
0.025646448135375977,986
0.026268482208251953,985
0.02689385414123535,984
0.02752375602722168,983
0.028199195861816406,982
0.02882528305053711,981
0.0294497013092041,980
0.030071735382080078,979
0.03069591522216797,978
0.03131914138793945,977
0.03262186050415039,976
0.03324723243713379,975
0.033870697021484375,974
0.03449559211730957,973
0.03511810302734375,972
0.035741329193115234,971
0.03641343116760254,970
0.03703665733337402,969
0.03766131401062012,968
0.0382847785949707,967
0.03925776481628418,966
0.039928436279296875,965
0.0420382022857666,964
0.042664289474487305,963
0.04337286949157715,962
0.04402899742126465,961
0.04465365409851074,960
0.04527926445007324,959
0.04699969291687012,958
0.04762530326843262,957
0.0486302375793457,956
0.049349308013916016,955
0.04997539520263672,954
0.051499128341674805,953
0.05317068099975586,952
0.05379533767700195,951
0.05442166328430176,950
0.05504918098449707,949
0.05567574501037598,948
0.056305885314941406,947
0.05693674087524414,946
0.05756521224975586,945
0.05839872360229492,944
0.059029340744018555,943
0.05983781814575195,942
0.06046867370605469,941
0.06262445449829102,940
0.06325364112854004,939
0.06397533416748047,938
0.06619453430175781,937
0.06682205200195312,936
0.06745171546936035,935
0.0691070556640625,934
0.07035613059997559,933
0.07098078727722168,932
0.07203054428100586,931
0.07876157760620117,930
0.08034467697143555,929
0.08097147941589355,928
0.08159613609313965,927
0.08291053771972656,926
0.08353614807128906,925
0.0842580795288086,924
0.08683466911315918,923
0.08745932579040527,922
0.09020638465881348,921
0.09136652946472168,920
0.0920400619506836,919
0.09348058700561523,918
0.09410500526428223,917
0.09595465660095215,916
0.09692668914794922,915
0.09776520729064941,914
0.09935116767883301,913
0.09997868537902832,912
0.10060620307922363,911
0.10123229026794434,910
0.10185718536376953,909
0.10373234748840332,908
0.10457873344421387,907
0.10833358764648438,906
0.10946035385131836,905
0.1101226806640625,904
0.11226320266723633,903
0.11348652839660645,902
0.11431026458740234,901
0.11550569534301758,900
0.11615443229675293,899
0.11840248107910156,898
0.11952519416809082,897
0.12057995796203613,896
0.12120628356933594,895
0.12225794792175293,894
0.12288498878479004,893
0.12456727027893066,892
0.12547016143798828,891
0.12609648704528809,890
0.1267242431640625,889
0.1286940574645996,888
0.12932085990905762,887
0.13094282150268555,886
0.13275980949401855,885
0.13338875770568848,884
0.1340186595916748,883
0.13567733764648438,882
0.13760972023010254,881
0.14002323150634766,880
0.14228558540344238,879
0.1429145336151123,878
0.14407706260681152,877
0.14565777778625488,876
0.14790892601013184,875
0.14976143836975098,874
0.1510767936706543,873
0.15259814262390137,872
0.153306245803833,871
0.15393590927124023,870
0.15456628799438477,869
0.15851950645446777,868
0.16080474853515625,867
0.1630077362060547,866
0.16429901123046875,865
0.16524338722229004,864
0.16587519645690918,863
0.16650724411010742,862
0.16969561576843262,861
0.17032575607299805,860
0.17239880561828613,859
0.17525911331176758,858
0.17719793319702148,857
0.1804361343383789,856
0.1819908618927002,855
0.1862485408782959,854
0.18687891960144043,853
0.18880987167358398,852
0.19053220748901367,851
0.19166994094848633,850
0.19548916816711426,849
0.19803881645202637,848
0.19981884956359863,847
0.2047874927520752,846
0.2074875831604004,845
0.21024656295776367,844
0.2127995491027832,843
0.2206134796142578,842
0.22267961502075195,841
0.22450041770935059,840
0.2290027141571045,839
0.23062872886657715,838
0.23503923416137695,837
0.23667073249816895,836
0.2373335361480713,835
0.24010872840881348,834
0.24136972427368164,833
0.2506742477416992,832
0.25137805938720703,831
0.2585015296936035,830
0.26720190048217773,829
0.2770695686340332,828
0.2830684185028076,827
0.28997302055358887,826
0.2912325859069824,825
0.29355716705322266,824
0.2951498031616211,823
0.3002650737762451,822
0.3014039993286133,821
0.30308103561401367,820
0.3105356693267822,819
0.3199284076690674,818
0.3222517967224121,817
0.32454848289489746,816
0.3270225524902344,815
0.3278086185455322,814
0.33156275749206543,813
0.3429231643676758,812
0.34969472885131836,811
0.3515908718109131,810
0.36153388023376465,809
0.3657076358795166,808
0.37351512908935547,807
0.37845325469970703,806
0.38019871711730957,805
0.39328551292419434,804
0.399202823638916,803
0.4157111644744873,802
0.4531834125518799,801
0.4625229835510254,800
0.47594213485717773,799
0.49515604972839355,798
0.501570463180542,797
0.5102596282958984,796
0.5183596611022949,795
0.5273196697235107,794
0.536862850189209,793
0.5403330326080322,792
0.5631821155548096,791
0.5713095664978027,790
0.5720367431640625,789
0.6206774711608887,788
0.6239674091339111,787
0.6444745063781738,786
0.6834681034088135,785
0.6916615962982178,784
0.6926569938659668,783
0.7075097560882568,782
0.779545783996582,781
0.8494527339935303,780
0.913231611251831,779
0.9332141876220703,778
0.9449896812438965,777
1.1116969585418701,776
1.169546127319336,775
1.1795597076416016,774
1.241941213607788,773
1.254054307937622,772
1.280019998550415,771
1.3682012557983398,770
1.3813631534576416,769
1.5930168628692627,768
