0.0008764266967773438,1023
0.0016911029815673828,1022
0.0024292469024658203,1021
0.0030744075775146484,1020
0.0037064552307128906,1019
0.00434112548828125,1018
0.005059003829956055,1017
0.006104946136474609,1016
0.0069653987884521484,1015
0.007603645324707031,1014
0.008234500885009766,1013
0.008865833282470703,1012
0.009530305862426758,1011
0.010332107543945312,1010
0.010963916778564453,1009
0.011592388153076172,1008
0.012220382690429688,1007
0.012860774993896484,1006
0.01347661018371582,1005
0.014163970947265625,1004
0.014831066131591797,1003
0.015469074249267578,1002
0.016082763671875,1001
0.01704716682434082,1000
0.01808929443359375,999
0.01871657371520996,998
0.019336700439453125,997
0.01995396614074707,996
0.02070140838623047,995
0.02173018455505371,994
0.02241063117980957,993
0.0231170654296875,992
0.023736000061035156,991
0.024356365203857422,990
0.024975061416625977,989
0.02580571174621582,988
0.026983976364135742,987
0.0276029109954834,986
0.028220415115356445,985
0.02886795997619629,984
0.02953815460205078,983
0.03028106689453125,982
0.03090810775756836,981
0.031646728515625,980
0.03226590156555176,979
0.03326988220214844,978
0.034003496170043945,977
0.03526425361633301,976
0.03591418266296387,975
0.03656268119812012,974
0.03718090057373047,973
0.03786182403564453,972
0.038527488708496094,971
0.039148807525634766,970
0.03976798057556152,969
0.04038596153259277,968
0.04100465774536133,967
0.04203295707702637,966
0.04265332221984863,965
0.04475045204162598,964
0.04536867141723633,963
0.046106576919555664,962
0.04681205749511719,961
0.04743242263793945,960
0.0480504035949707,959
0.05001688003540039,958
0.0506594181060791,957
0.05165719985961914,956
0.052387237548828125,955
0.05308866500854492,954
0.05471229553222656,953
0.056414127349853516,952
0.05706310272216797,951
0.057685136795043945,950
0.05835533142089844,949
0.05897712707519531,948
0.059627532958984375,947
0.06024789810180664,946
0.060869693756103516,945
0.061697959899902344,944
0.062351226806640625,943
0.06329202651977539,942
0.06391739845275879,941
0.0660851001739502,940
0.06673550605773926,939
0.06749701499938965,938
0.07009220123291016,937
0.0707254409790039,936
0.07135462760925293,935
0.07297992706298828,934
0.07428812980651855,933
0.07491445541381836,932
0.07596063613891602,931
0.08270716667175293,930
0.08445310592651367,929
0.08509421348571777,928
0.08573508262634277,927
0.08766317367553711,926
0.08846712112426758,925
0.08909845352172852,924
0.09192132949829102,923
0.09254837036132812,922
0.09533214569091797,921
0.09656715393066406,920
0.09719300270080566,919
0.09867238998413086,918
0.0993046760559082,917
0.10196042060852051,916
0.10294222831726074,915
0.10378766059875488,914
0.1053781509399414,913
0.10604071617126465,912
0.10666823387145996,911
0.10729408264160156,910
0.10792160034179688,909
0.10998654365539551,908
0.11083245277404785,907
0.11493754386901855,906
0.1160879135131836,905
0.11690545082092285,904
0.1191096305847168,903
0.12033581733703613,902
0.12115955352783203,901
0.12235879898071289,900
0.12298846244812012,899
0.12526226043701172,898
0.1264798641204834,897
0.12753772735595703,896
0.1281735897064209,895
0.12923097610473633,894
0.13007307052612305,893
0.13175630569458008,892
0.13270950317382812,891
0.1334230899810791,890
0.13408732414245605,889
0.13610005378723145,888
0.13672804832458496,887
0.13838458061218262,886
0.14023280143737793,885
0.14086055755615234,884
0.14148855209350586,883
0.1432943344116211,882
0.14520859718322754,881
0.14792346954345703,880
0.15032315254211426,879
0.1509687900543213,878
0.15215349197387695,877
0.15374302864074707,876
0.15597939491271973,875
0.15783309936523438,874
0.15939044952392578,873
0.16124606132507324,872
0.16205763816833496,871
0.16271066665649414,870
0.16341805458068848,869
0.16748046875,868
0.169844388961792,867
0.17220115661621094,866
0.17354583740234375,865
0.17456340789794922,864
0.17520833015441895,863
0.17585253715515137,862
0.17913508415222168,861
0.17991328239440918,860
0.18253421783447266,859
0.1856231689453125,858
0.1876697540283203,857
0.19118046760559082,856
0.19281864166259766,855
0.19727349281311035,854
0.19799041748046875,853
0.20026922225952148,852
0.2017838954925537,851
0.20298337936401367,850
0.2069249153137207,849
0.21046853065490723,848
0.21227097511291504,847
0.21741628646850586,846
0.22013115882873535,845
0.2228837013244629,844
0.22625184059143066,843
0.2346487045288086,842
0.23669052124023438,841
0.23860621452331543,840
0.24408197402954102,839
0.24575376510620117,838
0.2504284381866455,837
0.25205564498901367,836
0.25290966033935547,835
0.2558481693267822,834
0.25713634490966797,833
0.2674107551574707,832
0.26812052726745605,831
0.27575230598449707,830
0.28524303436279297,829
0.2959744930267334,828
0.3020615577697754,827
0.3100156784057617,826
0.3112766742706299,825
0.31387996673583984,824
0.315509557723999,823
0.32059693336486816,822
0.3217341899871826,821
0.32363271713256836,820
0.3312540054321289,819
0.34090304374694824,818
0.34342193603515625,817
0.34579038619995117,816
0.348560094833374,815
0.349346399307251,814
0.3531808853149414,813
0.36470913887023926,812
0.3714907169342041,811
0.3733861446380615,810
0.3834238052368164,809
0.3876228332519531,808
0.3954925537109375,807
0.40070414543151855,806
0.4024980068206787,805
0.41533637046813965,804
0.42127394676208496,803
0.43781542778015137,802
0.475902795791626,801
0.48529863357543945,800
0.4987313747406006,799
0.5178639888763428,798
0.5243163108825684,797
0.5331528186798096,796
0.5412826538085938,795
0.550499439239502,794
0.5601294040679932,793
0.5636410713195801,792
0.5868287086486816,791
0.5950813293457031,790
0.595808744430542,789
0.6446216106414795,788
0.6478860378265381,787
0.6687743663787842,786
0.7085239887237549,785
0.7168078422546387,784
0.7177739143371582,783
0.732811689376831,782
0.8062005043029785,781
0.87605881690979,780
0.9399533271789551,779
0.960289478302002,778
0.9720451831817627,777
1.1380808353424072,776
1.1961264610290527,775
1.2063994407653809,774
1.2682538032531738,773
1.2803971767425537,772
1.306748390197754,771
1.395240068435669,770
1.408783197402954,769
1.6207427978515625,768
