0.01653432846069336,930
0.022164344787597656,929
0.027777910232543945,928
0.03334450721740723,927
0.03878641128540039,926
0.04425668716430664,925
0.049520015716552734,924
0.0547184944152832,923
0.05988717079162598,922
0.06503176689147949,921
0.07025551795959473,920
0.07541322708129883,919
0.08060479164123535,918
0.08571600914001465,917
0.09087491035461426,916
0.0959787368774414,915
0.10118794441223145,914
0.10654568672180176,913
0.11191511154174805,912
0.11734652519226074,911
0.1227114200592041,910
0.12813925743103027,909
0.13358116149902344,908
0.13894200325012207,907
0.14417076110839844,906
0.14931273460388184,905
0.15441226959228516,904
0.15950894355773926,903
0.16457891464233398,902
0.1696174144744873,901
0.17463994026184082,900
0.1798079013824463,899
0.18484067916870117,898
0.18993449211120605,897
0.19504737854003906,896
0.20032358169555664,895
0.20567822456359863,894
0.21101093292236328,893
0.2163248062133789,892
0.2216348648071289,891
0.22690153121948242,890
0.23208951950073242,889
0.23731470108032227,888
0.2424149513244629,887
0.24741339683532715,886
0.2524688243865967,885
0.25736212730407715,884
0.2623167037963867,883
0.2672708034515381,882
0.2722790241241455,881
0.2771940231323242,880
0.2821183204650879,879
0.28722071647644043,878
0.292360782623291,877
0.29752659797668457,876
0.30274033546447754,875
0.30797481536865234,874
0.3132472038269043,873
0.3184523582458496,872
0.3235588073730469,871
0.3285939693450928,870
0.33368444442749023,869
0.33873438835144043,868
0.3437204360961914,867
0.348583459854126,866
0.35341525077819824,865
0.3582320213317871,864
0.36309313774108887,863
0.36791372299194336,862
0.37279319763183594,861
0.3777928352355957,860
0.382798433303833,859
0.38770389556884766,858
0.392669677734375,857
0.39769792556762695,856
0.40273427963256836,855
0.4077279567718506,854
0.412647008895874,853
0.41764307022094727,852
0.42261362075805664,851
0.42761802673339844,850
0.4325723648071289,849
0.43753647804260254,848
0.4423222541809082,847
0.4470655918121338,846
0.45180177688598633,845
0.45653629302978516,844
0.461395263671875,843
0.4662914276123047,842
0.47120094299316406,841
0.47619104385375977,840
0.48106980323791504,839
0.4859621524810791,838
0.4907844066619873,837
0.49556469917297363,836
0.5004448890686035,835
0.505291223526001,834
0.5101404190063477,833
0.5149855613708496,832
0.5198588371276855,831
0.5247437953948975,830
0.5296115875244141,829
0.5344712734222412,828
0.5391879081726074,827
0.5438940525054932,826
0.5486752986907959,825
0.5533218383789062,824
0.5580887794494629,823
0.5629105567932129,822
0.5676624774932861,821
0.5724523067474365,820
0.5772414207458496,819
0.5818941593170166,818
0.5866034030914307,817
0.5912377834320068,816
0.5959281921386719,815
0.6006984710693359,814
0.6054468154907227,813
0.6101737022399902,812
0.614915132522583,811
0.6196222305297852,810
0.6242668628692627,809
0.628943920135498,808
0.6335747241973877,807
0.6382224559783936,806
0.6429862976074219,805
0.6477258205413818,804
0.6525180339813232,803
0.6573686599731445,802
0.662172794342041,801
0.6666901111602783,800
0.6711280345916748,799
0.6754732131958008,798
0.6798117160797119,797
0.6842460632324219,796
0.6888561248779297,795
0.6937460899353027,794
0.6985881328582764,793
0.7034268379211426,792
0.7082216739654541,791
0.7129764556884766,790
0.71779465675354,789
0.7225103378295898,788
0.7272415161132812,787
0.7318923473358154,786
0.7365927696228027,785
0.7412843704223633,784
0.7459824085235596,783
0.7505278587341309,782
0.7550644874572754,781
0.7595982551574707,780
0.7641239166259766,779
0.7686467170715332,778
0.773104190826416,777
0.7775537967681885,776
0.7821259498596191,775
0.7869040966033936,774
0.7916936874389648,773
0.7964198589324951,772
0.8011140823364258,771
0.8057291507720947,770
0.8103830814361572,769
0.8149924278259277,768
0.8196322917938232,767
0.8241872787475586,766
0.828772783279419,765
0.8334457874298096,764
1.1653666496276855,763
1.3819847106933594,762
