0.01674795150756836,930
0.0225064754486084,929
0.028256654739379883,928
0.033910274505615234,927
0.03955507278442383,926
0.045243263244628906,925
0.050914764404296875,924
0.05657005310058594,923
0.062242984771728516,922
0.06783318519592285,921
0.07340764999389648,920
0.07899904251098633,919
0.0845940113067627,918
0.09042096138000488,917
0.09604668617248535,916
0.10165143013000488,915
0.10724711418151855,914
0.1128389835357666,913
0.11844897270202637,912
0.12403678894042969,911
0.12957048416137695,910
0.13513636589050293,909
0.1406702995300293,908
0.14614152908325195,907
0.15163826942443848,906
0.15716958045959473,905
0.1626296043395996,904
0.1681356430053711,903
0.17370247840881348,902
0.17919325828552246,901
0.18471145629882812,900
0.19023609161376953,899
0.19569706916809082,898
0.20114850997924805,897
0.2066330909729004,896
0.21212291717529297,895
0.21758341789245605,894
0.22304677963256836,893
0.22858667373657227,892
0.23403525352478027,891
0.23952198028564453,890
0.24495935440063477,889
0.2504558563232422,888
0.2559471130371094,887
0.2614126205444336,886
0.26685452461242676,885
0.27229785919189453,884
0.27774882316589355,883
0.283174991607666,882
0.2885706424713135,881
0.29396557807922363,880
0.29930925369262695,879
0.30466198921203613,878
0.3100574016571045,877
0.3154330253601074,876
0.320828914642334,875
0.32621002197265625,874
0.3315854072570801,873
0.33697938919067383,872
0.3423175811767578,871
0.34766697883605957,870
0.35301709175109863,869
0.35835814476013184,868
0.36371517181396484,867
0.36904168128967285,866
0.37438464164733887,865
0.3796682357788086,864
0.38498425483703613,863
0.39028358459472656,862
0.3956127166748047,861
0.4009377956390381,860
0.40623950958251953,859
0.4115619659423828,858
0.4168117046356201,857
0.4220602512359619,856
0.42728209495544434,855
0.4325675964355469,854
0.4378674030303955,853
0.4430961608886719,852
0.4483015537261963,851
0.4535350799560547,850
0.45871829986572266,849
0.4639098644256592,848
0.4691462516784668,847
0.4743194580078125,846
0.47951364517211914,845
0.4846823215484619,844
0.48984265327453613,843
0.49501991271972656,842
0.5002050399780273,841
0.5053548812866211,840
0.5105056762695312,839
0.5156569480895996,838
0.5208179950714111,837
0.5259337425231934,836
0.531073808670044,835
0.536409854888916,834
0.5415294170379639,833
0.5466492176055908,832
0.5517704486846924,831
0.5569276809692383,830
0.562222957611084,829
0.5673410892486572,828
0.5724616050720215,827
0.5775980949401855,826
0.5827124118804932,825
0.5878477096557617,824
0.592918872833252,823
0.5980401039123535,822
0.6031441688537598,821
0.6082344055175781,820
0.6133339405059814,819
0.618401288986206,818
0.6234500408172607,817
0.6285152435302734,816
0.634620189666748,815
0.6397931575775146,814
0.6448848247528076,813
0.6499862670898438,812
0.6550443172454834,811
0.660102367401123,810
0.6651453971862793,809
0.6701838970184326,808
0.67523193359375,807
0.6802678108215332,806
0.685279369354248,805
0.6903183460235596,804
0.6953511238098145,803
0.7003333568572998,802
0.7053167819976807,801
0.7103428840637207,800
0.715296745300293,799
0.7203993797302246,798
0.7254714965820312,797
0.7304844856262207,796
0.7355332374572754,795
0.7405197620391846,794
0.7455036640167236,793
0.7504496574401855,792
0.7553989887237549,791
0.7603874206542969,790
0.7653517723083496,789
0.7703433036804199,788
0.7753758430480957,787
0.7803235054016113,786
0.7853493690490723,785
0.7903251647949219,784
0.7952930927276611,783
0.8002510070800781,782
0.8051619529724121,781
0.8101530075073242,780
0.8151454925537109,779
0.820098876953125,778
0.8250553607940674,777
0.830014705657959,776
0.8349676132202148,775
0.8399016857147217,774
0.8449146747589111,773
0.8499391078948975,772
0.8549692630767822,771
0.8600635528564453,770
0.8652482032775879,769
1.3351030349731445,768
