0.01661086082458496,930
0.022401094436645508,929
0.028072834014892578,928
0.033699750900268555,927
0.03929758071899414,926
0.04493904113769531,925
0.050574302673339844,924
0.0562591552734375,923
0.06186485290527344,922
0.06744647026062012,921
0.07303595542907715,920
0.07865643501281738,919
0.08421707153320312,918
0.08978867530822754,917
0.09539508819580078,916
0.10096502304077148,915
0.10649394989013672,914
0.11203813552856445,913
0.11759805679321289,912
0.12315058708190918,911
0.1287217140197754,910
0.13426542282104492,909
0.13980770111083984,908
0.14536213874816895,907
0.1509418487548828,906
0.15647459030151367,905
0.16202926635742188,904
0.1676318645477295,903
0.17317605018615723,902
0.17873883247375488,901
0.1843099594116211,900
0.18985629081726074,899
0.19537043571472168,898
0.20095252990722656,897
0.20649003982543945,896
0.21202445030212402,895
0.2175617218017578,894
0.22312664985656738,893
0.2286231517791748,892
0.23411297798156738,891
0.23957014083862305,890
0.24504828453063965,889
0.2505462169647217,888
0.25601625442504883,887
0.2614779472351074,886
0.26689982414245605,885
0.2723507881164551,884
0.2778303623199463,883
0.28330111503601074,882
0.2887136936187744,881
0.2941250801086426,880
0.29958200454711914,879
0.3050093650817871,878
0.31041932106018066,877
0.3158071041107178,876
0.3212430477142334,875
0.32664060592651367,874
0.33204126358032227,873
0.33743953704833984,872
0.3428521156311035,871
0.3482377529144287,870
0.3536229133605957,869
0.3590230941772461,868
0.36439085006713867,867
0.3697679042816162,866
0.37515783309936523,865
0.380551815032959,864
0.38593006134033203,863
0.3912687301635742,862
0.3965725898742676,861
0.401897668838501,860
0.40718817710876465,859
0.4124917984008789,858
0.41780734062194824,857
0.42311811447143555,856
0.4284329414367676,855
0.43374133110046387,854
0.4390430450439453,853
0.4443073272705078,852
0.4496169090270996,851
0.45485687255859375,850
0.4601144790649414,849
0.4653639793395996,848
0.4706566333770752,847
0.47594738006591797,846
0.48116493225097656,845
0.48637843132019043,844
0.49159812927246094,843
0.4968235492706299,842
0.5020859241485596,841
0.5072922706604004,840
0.5124940872192383,839
0.5176966190338135,838
0.5228924751281738,837
0.5280702114105225,836
0.5332677364349365,835
0.5383737087249756,834
0.543529748916626,833
0.5487098693847656,832
0.5538661479949951,831
0.5590834617614746,830
0.5642342567443848,829
0.5694022178649902,828
0.5745582580566406,827
0.579681396484375,826
0.5850229263305664,825
0.5902054309844971,824
0.5953159332275391,823
0.6004290580749512,822
0.6055245399475098,821
0.6106135845184326,820
0.6157195568084717,819
0.6208090782165527,818
0.6266922950744629,817
0.6319000720977783,816
0.6369738578796387,815
0.642094612121582,814
0.6471872329711914,813
0.6523025035858154,812
0.6573855876922607,811
0.6624467372894287,810
0.6675035953521729,809
0.6725783348083496,808
0.6776986122131348,807
0.6827609539031982,806
0.6877846717834473,805
0.6928572654724121,804
0.697930097579956,803
0.70318603515625,802
0.7082264423370361,801
0.7132534980773926,800
0.718285322189331,799
0.7233359813690186,798
0.7283740043640137,797
0.7333834171295166,796
0.738358736038208,795
0.7433650493621826,794
0.7484390735626221,793
0.7534739971160889,792
0.75848388671875,791
0.7635042667388916,790
0.7685627937316895,789
0.7735717296600342,788
0.7787055969238281,787
0.7837319374084473,786
0.7887599468231201,785
0.7937712669372559,784
0.798797607421875,783
0.8037502765655518,782
0.8087246417999268,781
0.8137168884277344,780
0.818702220916748,779
0.8238117694854736,778
0.8288419246673584,777
0.8338222503662109,776
0.8388214111328125,775
0.8438167572021484,774
0.8488132953643799,773
0.8537917137145996,772
0.858745813369751,771
0.8637044429779053,770
0.8686716556549072,769
0.8736398220062256,768
0.8786201477050781,767
0.883563756942749,766
0.8885886669158936,765
0.8936188220977783,764
0.8986608982086182,763
1.1843984127044678,762
