0.016911029815673828,930
0.022768259048461914,929
0.02852916717529297,928
0.03421902656555176,927
0.03992772102355957,926
0.045542001724243164,925
0.05123257637023926,924
0.05677008628845215,923
0.062412261962890625,922
0.0679316520690918,921
0.07362651824951172,920
0.07929730415344238,919
0.08491849899291992,918
0.09059643745422363,917
0.09617924690246582,916
0.10181117057800293,915
0.10739874839782715,914
0.11301374435424805,913
0.11863899230957031,912
0.12445282936096191,911
0.13021421432495117,910
0.1358509063720703,909
0.14142870903015137,908
0.14699816703796387,907
0.15257954597473145,906
0.15822172164916992,905
0.1637415885925293,904
0.16931366920471191,903
0.17481446266174316,902
0.18044543266296387,901
0.18596124649047852,900
0.19154739379882812,899
0.1971280574798584,898
0.20266103744506836,897
0.20820879936218262,896
0.21370291709899902,895
0.21922636032104492,894
0.22468948364257812,893
0.23020648956298828,892
0.23575353622436523,891
0.24145102500915527,890
0.2469804286956787,889
0.25249505043029785,888
0.25800466537475586,887
0.26347947120666504,886
0.26892781257629395,885
0.2744467258453369,884
0.27988123893737793,883
0.28540825843811035,882
0.29079365730285645,881
0.29627227783203125,880
0.3016023635864258,879
0.30706310272216797,878
0.3124721050262451,877
0.3178901672363281,876
0.3241422176361084,875
0.32967138290405273,874
0.3351480960845947,873
0.34047365188598633,872
0.34595632553100586,871
0.3513762950897217,870
0.35675573348999023,869
0.3621792793273926,868
0.36751341819763184,867
0.3728806972503662,866
0.37822556495666504,865
0.38356995582580566,864
0.38887739181518555,863
0.39421725273132324,862
0.3995223045349121,861
0.4049203395843506,860
0.410219669342041,859
0.41550254821777344,858
0.4209871292114258,857
0.426311731338501,856
0.43160414695739746,855
0.43683743476867676,854
0.4420909881591797,853
0.4472544193267822,852
0.45250988006591797,851
0.4577488899230957,850
0.462982177734375,849
0.46821069717407227,848
0.47343993186950684,847
0.47867250442504883,846
0.48396897315979004,845
0.48920154571533203,844
0.494384765625,843
0.4995760917663574,842
0.5047357082366943,841
0.5099470615386963,840
0.5150666236877441,839
0.5202922821044922,838
0.5253498554229736,837
0.5307083129882812,836
0.535897970199585,835
0.5411295890808105,834
0.5462832450866699,833
0.5514607429504395,832
0.5566730499267578,831
0.5617873668670654,830
0.566957950592041,829
0.5720374584197998,828
0.5772538185119629,827
0.5823004245758057,826
0.587493896484375,825
0.5925393104553223,824
0.5976393222808838,823
0.6027348041534424,822
0.6078522205352783,821
0.6128683090209961,820
0.61795973777771,819
0.6229872703552246,818
0.6281180381774902,817
0.6331655979156494,816
0.6382288932800293,815
0.6433126926422119,814
0.6484107971191406,813
0.6534864902496338,812
0.6585803031921387,811
0.6636292934417725,810
0.668689489364624,809
0.673785924911499,808
0.6791903972625732,807
0.6843640804290771,806
0.6894087791442871,805
0.6945552825927734,804
0.6995041370391846,803
0.7045717239379883,802
0.7095410823822021,801
0.7145390510559082,800
0.7194874286651611,799
0.7244675159454346,798
0.729426383972168,797
0.7344424724578857,796
0.739325761795044,795
0.744361400604248,794
0.749265193939209,793
0.754302978515625,792
0.7591943740844727,791
0.7642099857330322,790
0.7691607475280762,789
0.7741332054138184,788
0.7791006565093994,787
0.7841122150421143,786
0.789130449295044,785
0.7941782474517822,784
0.7991440296173096,783
0.8042473793029785,782
0.8092150688171387,781
0.8142883777618408,780
0.8193824291229248,779
0.824486494064331,778
0.8295433521270752,777
0.8345837593078613,776
0.839651346206665,775
0.8446981906890869,774
0.8498198986053467,773
0.8548836708068848,772
0.8601217269897461,771
1.061063289642334,770
1.0897879600524902,769
1.0948565006256104,768
1.1430997848510742,767
1.185729742050171,766
