0.01659107208251953,930
0.022548675537109375,929
0.02831411361694336,928
0.03403043746948242,927
0.03979921340942383,926
0.0455930233001709,925
0.05129361152648926,924
0.057151079177856445,923
0.06294655799865723,922
0.06870174407958984,921
0.07438850402832031,920
0.08011627197265625,919
0.08585929870605469,918
0.09150338172912598,917
0.09719538688659668,916
0.10297369956970215,915
0.10856223106384277,914
0.11426568031311035,913
0.1199653148651123,912
0.12564301490783691,911
0.13129901885986328,910
0.13698053359985352,909
0.14258956909179688,908
0.14832043647766113,907
0.1539759635925293,906
0.15959882736206055,905
0.16524648666381836,904
0.17084646224975586,903
0.17644047737121582,902
0.1819922924041748,901
0.1876535415649414,900
0.19328880310058594,899
0.19997215270996094,898
0.20563244819641113,897
0.21126914024353027,896
0.21687102317810059,895
0.22252225875854492,894
0.22809433937072754,893
0.23367738723754883,892
0.23926281929016113,891
0.24477815628051758,890
0.25027942657470703,889
0.25580692291259766,888
0.26135802268981934,887
0.2672269344329834,886
0.2728841304779053,885
0.2784700393676758,884
0.28401660919189453,883
0.2895371913909912,882
0.2951016426086426,881
0.30055689811706543,880
0.3060338497161865,879
0.3115255832672119,878
0.3170356750488281,877
0.3225216865539551,876
0.32798266410827637,875
0.3334670066833496,874
0.3389732837677002,873
0.3445017337799072,872
0.3500368595123291,871
0.3556809425354004,870
0.36112070083618164,869
0.36658549308776855,868
0.3720839023590088,867
0.3775451183319092,866
0.38298583030700684,865
0.38839292526245117,864
0.3937811851501465,863
0.39927148818969727,862
0.4048116207122803,861
0.4103233814239502,860
0.4157536029815674,859
0.4211750030517578,858
0.4265470504760742,857
0.4319443702697754,856
0.4373345375061035,855
0.44274115562438965,854
0.44808125495910645,853
0.45352649688720703,852
0.4588775634765625,851
0.46419596672058105,850
0.4695451259613037,849
0.47487974166870117,848
0.4802210330963135,847
0.48558592796325684,846
0.4908931255340576,845
0.49625444412231445,844
0.5015106201171875,843
0.5067925453186035,842
0.5120947360992432,841
0.5172996520996094,840
0.522310733795166,839
0.5272855758666992,838
0.5321667194366455,837
0.5370309352874756,836
0.5420103073120117,835
0.5469326972961426,834
0.5518105030059814,833
0.556666374206543,832
0.5614523887634277,831
0.5663018226623535,830
0.5711605548858643,829
0.5760881900787354,828
0.5808820724487305,827
0.5857038497924805,826
0.5904748439788818,825
0.5952858924865723,824
0.6001710891723633,823
0.6049826145172119,822
0.6098761558532715,821
0.6147215366363525,820
0.6195542812347412,819
0.6243782043457031,818
0.6291751861572266,817
0.6340069770812988,816
0.6387970447540283,815
0.6436123847961426,814
0.6484339237213135,813
0.6532168388366699,812
0.6580946445465088,811
0.6628401279449463,810
0.667611837387085,809
0.67240309715271,808
0.6771543025970459,807
0.6819784641265869,806
0.6867198944091797,805
0.6915004253387451,804
0.6962618827819824,803
0.7009646892547607,802
0.7057323455810547,801
0.7105212211608887,800
0.7153165340423584,799
0.7200541496276855,798
0.724841833114624,797
0.7296054363250732,796
0.7343094348907471,795
0.7391295433044434,794
0.7438595294952393,793
0.7485227584838867,792
0.7532265186309814,791
0.7578995227813721,790
0.7625980377197266,789
0.7673890590667725,788
0.7720704078674316,787
0.7768635749816895,786
0.7815830707550049,785
0.7862727642059326,784
0.7910308837890625,783
0.7957367897033691,782
0.8003880977630615,781
0.8050615787506104,780
0.8097102642059326,779
0.8144145011901855,778
0.819082498550415,777
0.8238463401794434,776
0.828514814376831,775
0.8332014083862305,774
0.8378288745880127,773
0.8424899578094482,772
0.8472239971160889,771
0.8519513607025146,770
1.0989205837249756,769
1.2131037712097168,768
1.3148469924926758,767
