0.01731586456298828,930
0.0232846736907959,929
0.029140949249267578,928
0.034958839416503906,927
0.04081082344055176,926
0.04672384262084961,925
0.052587032318115234,924
0.05846047401428223,923
0.06432175636291504,922
0.0701603889465332,921
0.07594656944274902,920
0.08161449432373047,919
0.0872800350189209,918
0.09290742874145508,917
0.09859108924865723,916
0.10425996780395508,915
0.10995054244995117,914
0.11565780639648438,913
0.12131571769714355,912
0.12702059745788574,911
0.1326911449432373,910
0.13845300674438477,909
0.14408016204833984,908
0.14971280097961426,907
0.15543842315673828,906
0.1611037254333496,905
0.1667320728302002,904
0.17235565185546875,903
0.178023099899292,902
0.18365979194641113,901
0.18937206268310547,900
0.1949906349182129,899
0.20055842399597168,898
0.20617008209228516,897
0.2117924690246582,896
0.2173776626586914,895
0.22304415702819824,894
0.22863340377807617,893
0.23426580429077148,892
0.23995208740234375,891
0.24565362930297852,890
0.2512853145599365,889
0.2568979263305664,888
0.2624518871307373,887
0.26795148849487305,886
0.27353739738464355,885
0.2790563106536865,884
0.28464746475219727,883
0.29023241996765137,882
0.29573941230773926,881
0.3013317584991455,880
0.3068270683288574,879
0.3123435974121094,878
0.31780481338500977,877
0.32323217391967773,876
0.32866930961608887,875
0.33420681953430176,874
0.33959150314331055,873
0.3450126647949219,872
0.3505115509033203,871
0.3559403419494629,870
0.3613734245300293,869
0.36680102348327637,868
0.37220072746276855,867
0.3776557445526123,866
0.3831639289855957,865
0.3886556625366211,864
0.39404892921447754,863
0.399383544921875,862
0.40480566024780273,861
0.41022348403930664,860
0.41567420959472656,859
0.42109251022338867,858
0.4265000820159912,857
0.4318873882293701,856
0.43724775314331055,855
0.4426121711730957,854
0.44809556007385254,853
0.4534614086151123,852
0.4588327407836914,851
0.4641883373260498,850
0.46953892707824707,849
0.47487378120422363,848
0.48017096519470215,847
0.48557567596435547,846
0.4909324645996094,845
0.4962944984436035,844
0.5015504360198975,843
0.5068681240081787,842
0.5120992660522461,841
0.5174095630645752,840
0.5227274894714355,839
0.528003454208374,838
0.5332887172698975,837
0.5386402606964111,836
0.543992280960083,835
0.5492410659790039,834
0.5545439720153809,833
0.5597448348999023,832
0.5650269985198975,831
0.570288896560669,830
0.5755171775817871,829
0.5807387828826904,828
0.5859415531158447,827
0.591139554977417,826
0.5963025093078613,825
0.6015043258666992,824
0.6066443920135498,823
0.6119091510772705,822
0.6170654296875,821
0.622199296951294,820
0.6274490356445312,819
0.6325757503509521,818
0.6377890110015869,817
0.6429486274719238,816
0.6481378078460693,815
0.6532530784606934,814
0.6584839820861816,813
0.6636550426483154,812
0.6688706874847412,811
0.674030065536499,810
0.6792237758636475,809
0.6843447685241699,808
0.6894869804382324,807
0.6946735382080078,806
0.6997182369232178,805
0.7048909664154053,804
0.7100272178649902,803
0.7151367664337158,802
0.7203059196472168,801
0.7253954410552979,800
0.730515718460083,799
0.7355761528015137,798
0.7407255172729492,797
0.7458906173706055,796
0.7509701251983643,795
0.7560310363769531,794
0.761134147644043,793
0.7662920951843262,792
0.7713735103607178,791
0.7764904499053955,790
0.7816550731658936,789
0.786811351776123,788
0.7917518615722656,787
0.7965238094329834,786
0.801161527633667,785
0.805732250213623,784
0.81105637550354,783
0.8158626556396484,782
0.8206210136413574,781
0.8252954483032227,780
0.8298377990722656,779
0.8344995975494385,778
0.8391408920288086,777
0.8436980247497559,776
0.8483304977416992,775
0.8528985977172852,774
0.8574874401092529,773
0.8621132373809814,772
0.8666725158691406,771
0.871349573135376,770
0.8760228157043457,769
0.8806569576263428,768
0.8855583667755127,767
0.9703831672668457,766
1.165424108505249,765
1.1888453960418701,764
