0.017070770263671875,930
0.023006200790405273,929
0.02882528305053711,928
0.03470635414123535,927
0.040534257888793945,926
0.04649543762207031,925
0.0523526668548584,924
0.058135032653808594,923
0.06394386291503906,922
0.06973648071289062,921
0.07562541961669922,920
0.08129000663757324,919
0.08708977699279785,918
0.09285116195678711,917
0.09863972663879395,916
0.10430431365966797,915
0.11004519462585449,914
0.11696529388427734,913
0.12269926071166992,912
0.12850117683410645,911
0.13421869277954102,910
0.14001178741455078,909
0.14571285247802734,908
0.15149903297424316,907
0.15716838836669922,906
0.1628732681274414,905
0.1685483455657959,904
0.17425775527954102,903
0.17994379997253418,902
0.18566083908081055,901
0.19141411781311035,900
0.1972651481628418,899
0.20293188095092773,898
0.20860671997070312,897
0.2143571376800537,896
0.22005581855773926,895
0.22579002380371094,894
0.23157715797424316,893
0.23723959922790527,892
0.2428886890411377,891
0.24855804443359375,890
0.25420498847961426,889
0.25981926918029785,888
0.2656068801879883,887
0.27129149436950684,886
0.27690553665161133,885
0.2824900150299072,884
0.28813648223876953,883
0.2937130928039551,882
0.2992825508117676,881
0.3047811985015869,880
0.3103508949279785,879
0.3159208297729492,878
0.32147860527038574,877
0.32703518867492676,876
0.33252453804016113,875
0.33818840980529785,874
0.343700647354126,873
0.3492412567138672,872
0.35483765602111816,871
0.3603816032409668,870
0.36597347259521484,869
0.37149620056152344,868
0.37694215774536133,867
0.38242387771606445,866
0.3879728317260742,865
0.39341282844543457,864
0.3988964557647705,863
0.40436720848083496,862
0.40983152389526367,861
0.41523146629333496,860
0.42065858840942383,859
0.42606616020202637,858
0.43151140213012695,857
0.43702149391174316,856
0.4424314498901367,855
0.4478116035461426,854
0.45324206352233887,853
0.4586672782897949,852
0.4640376567840576,851
0.4694662094116211,850
0.4747798442840576,849
0.4801807403564453,848
0.4855332374572754,847
0.4908640384674072,846
0.4961557388305664,845
0.5014817714691162,844
0.5068457126617432,843
0.5122079849243164,842
0.5175871849060059,841
0.5228567123413086,840
0.5281920433044434,839
0.5334682464599609,838
0.5387918949127197,837
0.5440552234649658,836
0.5493850708007812,835
0.5546557903289795,834
0.559945821762085,833
0.565201997756958,832
0.5705060958862305,831
0.5758280754089355,830
0.5810964107513428,829
0.5864028930664062,828
0.5916748046875,827
0.5969152450561523,826
0.6021976470947266,825
0.6074440479278564,824
0.6231367588043213,823
0.6358027458190918,822
0.6432273387908936,821
0.6486530303955078,820
0.6540162563323975,819
0.659623384475708,818
0.6653289794921875,817
0.6711986064910889,816
0.6771187782287598,815
0.6829736232757568,814
0.6888024806976318,813
0.694542407989502,812
0.7003204822540283,811
0.7058959007263184,810
0.7115941047668457,809
0.7172999382019043,808
0.723069429397583,807
0.7287149429321289,806
0.7344167232513428,805
0.7399201393127441,804
0.745110034942627,803
0.7502648830413818,802
0.7554912567138672,801
0.760718584060669,800
0.765911340713501,799
0.7710857391357422,798
0.7762048244476318,797
0.7812638282775879,796
0.786431074142456,795
0.7915732860565186,794
0.796689510345459,793
0.8017520904541016,792
0.8068592548370361,791
0.8119561672210693,790
0.8171656131744385,789
0.822566032409668,788
0.8277018070220947,787
0.8328158855438232,786
0.8379924297332764,785
0.8430778980255127,784
0.848132848739624,783
0.8532295227050781,782
0.8584256172180176,781
0.8634963035583496,780
0.8685543537139893,779
0.8736512660980225,778
0.8787715435028076,777
0.8838586807250977,776
0.8889615535736084,775
0.894059419631958,774
0.8991446495056152,773
0.9042191505432129,772
0.9092957973480225,771
0.9144079685211182,770
0.9195022583007812,769
0.9245865345001221,768
0.9296813011169434,767
0.9348416328430176,766
1.4138588905334473,765
1.5756072998046875,764
