0.016716957092285156,930
0.022233009338378906,929
0.0275576114654541,928
0.0328218936920166,927
0.038034677505493164,926
0.04326319694519043,925
0.04851031303405762,924
0.053787946701049805,923
0.05904245376586914,922
0.06441569328308105,921
0.06964254379272461,920
0.07497644424438477,919
0.08031892776489258,918
0.08556795120239258,917
0.09080696105957031,916
0.09601116180419922,915
0.10132455825805664,914
0.10654091835021973,913
0.11180543899536133,912
0.11710596084594727,911
0.12232565879821777,910
0.1276085376739502,909
0.13289403915405273,908
0.1381394863128662,907
0.14339613914489746,906
0.14869141578674316,905
0.15399694442749023,904
0.15918302536010742,903
0.1643819808959961,902
0.16953110694885254,901
0.17473196983337402,900
0.17998886108398438,899
0.18518376350402832,898
0.1903688907623291,897
0.19559693336486816,896
0.20078349113464355,895
0.20606064796447754,894
0.21132469177246094,893
0.2164595127105713,892
0.22168397903442383,891
0.22689604759216309,890
0.23207736015319824,889
0.23723125457763672,888
0.2424144744873047,887
0.24756813049316406,886
0.25276970863342285,885
0.25798630714416504,884
0.26313257217407227,883
0.2681741714477539,882
0.27328038215637207,881
0.27839064598083496,880
0.28345513343811035,879
0.28856754302978516,878
0.293720006942749,877
0.29885387420654297,876
0.30391383171081543,875
0.3089919090270996,874
0.3140840530395508,873
0.3192317485809326,872
0.32436299324035645,871
0.32946348190307617,870
0.3344852924346924,869
0.3394496440887451,868
0.344498872756958,867
0.34955382347106934,866
0.354600191116333,865
0.35956287384033203,864
0.3645451068878174,863
0.3695981502532959,862
0.3746330738067627,861
0.3797004222869873,860
0.3847174644470215,859
0.38974571228027344,858
0.39474010467529297,857
0.3997218608856201,856
0.40462636947631836,855
0.40949273109436035,854
0.41443347930908203,853
0.41938304901123047,852
0.42430949211120605,851
0.4291508197784424,850
0.4340536594390869,849
0.43892598152160645,848
0.4438631534576416,847
0.4486818313598633,846
0.45362210273742676,845
0.4584922790527344,844
0.4633326530456543,843
0.46824193000793457,842
0.4730994701385498,841
0.4779376983642578,840
0.482846736907959,839
0.48770999908447266,838
0.4925675392150879,837
0.49741554260253906,836
0.502382755279541,835
0.5072681903839111,834
0.512232780456543,833
0.5172467231750488,832
0.5221316814422607,831
0.5270724296569824,830
0.5319907665252686,829
0.5370001792907715,828
0.5419266223907471,827
0.5468363761901855,826
0.5518760681152344,825
0.5568435192108154,824
0.5618185997009277,823
0.5667824745178223,822
0.5717587471008301,821
0.5768022537231445,820
0.5816693305969238,819
0.5866384506225586,818
0.5915412902832031,817
0.596442461013794,816
0.601360559463501,815
0.6063210964202881,814
0.6111845970153809,813
0.6161530017852783,812
0.6210637092590332,811
0.6259708404541016,810
0.6308650970458984,809
0.6357071399688721,808
0.6405892372131348,807
0.6455047130584717,806
0.6502337455749512,805
0.6548740863800049,804
0.6594686508178711,803
0.6639926433563232,802
0.6684246063232422,801
0.673058032989502,800
0.6775016784667969,799
0.6819489002227783,798
0.68638014793396,797
0.6908125877380371,796
0.6952877044677734,795
0.6998012065887451,794
0.7045958042144775,793
0.7093815803527832,792
0.7150030136108398,791
0.7199454307556152,790
0.7247946262359619,789
0.7295773029327393,788
0.7344002723693848,787
0.7391772270202637,786
0.7439544200897217,785
0.7487082481384277,784
0.7535254955291748,783
0.7582619190216064,782
0.7629897594451904,781
0.7677955627441406,780
0.7725808620452881,779
0.7773008346557617,778
0.7821414470672607,777
0.7869248390197754,776
0.7917068004608154,775
0.7964456081390381,774
0.801180362701416,773
0.806020975112915,772
0.810884952545166,771
0.8156132698059082,770
0.8205201625823975,769
0.8253917694091797,768
0.8301758766174316,767
0.834935188293457,766
0.8396680355072021,765
0.8446574211120605,764
0.951641321182251,763
1.3217439651489258,762
1.7019109725952148,761
1.8849854469299316,760
