0.016555070877075195,930
0.021959543228149414,929
0.02718067169189453,928
0.032454729080200195,927
0.0377805233001709,926
0.04307746887207031,925
0.0483546257019043,924
0.05354046821594238,923
0.05868220329284668,922
0.0638279914855957,921
0.06894564628601074,920
0.07416009902954102,919
0.07946348190307617,918
0.08481907844543457,917
0.09019136428833008,916
0.09562492370605469,915
0.10106158256530762,914
0.10633015632629395,913
0.11142873764038086,912
0.11650347709655762,911
0.12160325050354004,910
0.12679672241210938,909
0.1320359706878662,908
0.13723278045654297,907
0.1424729824066162,906
0.14771580696105957,905
0.15285944938659668,904
0.15799260139465332,903
0.16310667991638184,902
0.1682567596435547,901
0.17340922355651855,900
0.17862844467163086,899
0.18387508392333984,898
0.18907713890075684,897
0.1941678524017334,896
0.19920563697814941,895
0.20427417755126953,894
0.2093045711517334,893
0.21428608894348145,892
0.21925616264343262,891
0.22418951988220215,890
0.22910809516906738,889
0.23401522636413574,888
0.23889803886413574,887
0.24380946159362793,886
0.24883818626403809,885
0.25395679473876953,884
0.259096622467041,883
0.2642505168914795,882
0.26937222480773926,881
0.27452969551086426,880
0.27952122688293457,879
0.2844245433807373,878
0.28931570053100586,877
0.2941756248474121,876
0.29903221130371094,875
0.3039255142211914,874
0.3087787628173828,873
0.31362080574035645,872
0.3185126781463623,871
0.3233952522277832,870
0.3282601833343506,869
0.33317112922668457,868
0.3381662368774414,867
0.343198299407959,866
0.34823179244995117,865
0.35326051712036133,864
0.35831189155578613,863
0.3633124828338623,862
0.36826062202453613,861
0.37320733070373535,860
0.37810516357421875,859
0.3829836845397949,858
0.387890100479126,857
0.3927760124206543,856
0.39757561683654785,855
0.40235114097595215,854
0.40709805488586426,853
0.41184449195861816,852
0.4165956974029541,851
0.42142391204833984,850
0.426377534866333,849
0.4313018321990967,848
0.43625450134277344,847
0.4412269592285156,846
0.44622802734375,845
0.45111727714538574,844
0.45589613914489746,843
0.4606187343597412,842
0.46535563468933105,841
0.4700448513031006,840
0.4747469425201416,839
0.47939443588256836,838
0.48405933380126953,837
0.4887101650238037,836
0.4933469295501709,835
0.4980192184448242,834
0.5026905536651611,833
0.5074515342712402,832
0.5123131275177002,831
0.5171947479248047,830
0.5220496654510498,829
0.526890754699707,828
0.5317699909210205,827
0.5365509986877441,826
0.5412130355834961,825
0.5458338260650635,824
0.5504693984985352,823
0.5550756454467773,822
0.5597264766693115,821
0.5643699169158936,820
0.5690042972564697,819
0.5736832618713379,818
0.5782992839813232,817
0.5829012393951416,816
0.587460994720459,815
0.5921444892883301,814
0.596895694732666,813
0.6017038822174072,812
0.606558084487915,811
0.6113815307617188,810
0.616218090057373,809
0.6210677623748779,808
0.6257882118225098,807
0.6304986476898193,806
0.6351916790008545,805
0.6398556232452393,804
0.6444680690765381,803
0.6490726470947266,802
0.6536548137664795,801
0.6582233905792236,800
0.662808895111084,799
0.6674942970275879,798
0.672133207321167,797
0.6768016815185547,796
0.6815211772918701,795
0.686359167098999,794
0.6912751197814941,793
0.6962223052978516,792
0.701138973236084,791
0.7060713768005371,790
0.7109329700469971,789
0.7156524658203125,788
0.7203238010406494,787
0.7250478267669678,786
0.7297508716583252,785
0.7344205379486084,784
0.7390351295471191,783
0.7436661720275879,782
0.7482864856719971,781
0.7529070377349854,780
0.7575106620788574,779
0.7620911598205566,778
0.7667362689971924,777
0.7714314460754395,776
0.7762038707733154,775
0.7809848785400391,774
0.7857561111450195,773
0.7905426025390625,772
0.7952723503112793,771
0.7998840808868408,770
0.8044097423553467,769
0.8089272975921631,768
0.8134152889251709,767
0.8179631233215332,766
0.8225045204162598,765
0.8270180225372314,764
1.1606390476226807,763
1.376648187637329,762
