0.0007507801055908203,1023
0.0013844966888427734,1022
0.0020036697387695312,1021
0.0026226043701171875,1020
0.0032896995544433594,1019
0.003903627395629883,1018
0.004518032073974609,1017
0.005132436752319336,1016
0.005743980407714844,1015
0.0063588619232177734,1014
0.006979942321777344,1013
0.0076220035552978516,1012
0.008237838745117188,1011
0.008854389190673828,1010
0.00946664810180664,1009
0.010080337524414062,1008
0.010696172714233398,1007
0.011358499526977539,1006
0.011974573135375977,1005
0.01259922981262207,1004
0.013211727142333984,1003
0.01382756233215332,1002
0.014442205429077148,1001
0.015062808990478516,1000
0.015680789947509766,999
0.016295909881591797,998
0.01690816879272461,997
0.017524242401123047,996
0.018272876739501953,995
0.019325971603393555,994
0.019943952560424805,993
0.0206451416015625,992
0.021262168884277344,991
0.021878480911254883,990
0.022494077682495117,989
0.023367643356323242,988
0.024488210678100586,987
0.025104761123657227,986
0.025720596313476562,985
0.0263369083404541,984
0.026952743530273438,983
0.027599573135375977,982
0.028215646743774414,981
0.02883124351501465,980
0.029445648193359375,979
0.030061960220336914,978
0.030677080154418945,977
0.03196239471435547,976
0.03258156776428223,975
0.03320026397705078,974
0.03381800651550293,973
0.034435272216796875,972
0.03505587577819824,971
0.0356748104095459,970
0.03629112243652344,969
0.03690767288208008,968
0.03752565383911133,967
0.03848862648010254,966
0.039107561111450195,965
0.04119467735290527,964
0.04181480407714844,963
0.04251384735107422,962
0.04313516616821289,961
0.04375267028808594,960
0.0443723201751709,959
0.04606986045837402,958
0.04668736457824707,957
0.04768013954162598,956
0.04839134216308594,955
0.049008846282958984,954
0.050533294677734375,953
0.05218935012817383,952
0.05280900001525879,951
0.053427696228027344,950
0.05404973030090332,949
0.05466747283935547,948
0.05528759956359863,947
0.055908203125,946
0.05653214454650879,945
0.057356834411621094,944
0.057979583740234375,943
0.058777570724487305,942
0.059403419494628906,941
0.06153512001037598,940
0.06219053268432617,939
0.06291961669921875,938
0.06519126892089844,937
0.06581592559814453,936
0.06644415855407715,935
0.06807208061218262,934
0.06931781768798828,933
0.06994223594665527,932
0.0710000991821289,931
0.07770657539367676,930
0.07931113243103027,929
0.07993745803833008,928
0.08056235313415527,927
0.08187055587768555,926
0.08249425888061523,925
0.08311986923217773,924
0.08569455146789551,923
0.08634734153747559,922
0.0890495777130127,921
0.0902092456817627,920
0.09083318710327148,919
0.09228062629699707,918
0.09290504455566406,917
0.09471511840820312,916
0.09571671485900879,915
0.0965578556060791,914
0.09814143180847168,913
0.09876704216003418,912
0.09942460060119629,911
0.1000509262084961,910
0.10067629814147949,909
0.10254764556884766,908
0.10339212417602539,907
0.10712957382202148,906
0.10825800895690918,905
0.10889077186584473,904
0.11102509498596191,903
0.11224937438964844,902
0.11306929588317871,901
0.11426568031311035,900
0.11489319801330566,899
0.11713624000549316,898
0.11834383010864258,897
0.11940789222717285,896
0.12003517150878906,895
0.1210932731628418,894
0.12172079086303711,893
0.1233971118927002,892
0.12430047988891602,891
0.12492775917053223,890
0.12555217742919922,889
0.127485990524292,888
0.12811565399169922,887
0.12973618507385254,886
0.1315774917602539,885
0.13220810890197754,884
0.13283586502075195,883
0.13446664810180664,882
0.1363813877105713,881
0.1387782096862793,880
0.14104127883911133,879
0.14167261123657227,878
0.14282989501953125,877
0.14437627792358398,876
0.1465902328491211,875
0.14844775199890137,874
0.14975976943969727,873
0.1512279510498047,872
0.15193581581115723,871
0.15256571769714355,870
0.1531968116760254,869
0.15705347061157227,868
0.15930700302124023,867
0.16151118278503418,866
0.16276264190673828,865
0.16370844841003418,864
0.16436433792114258,863
0.1649949550628662,862
0.16815400123596191,861
0.16887497901916504,860
0.1710033416748047,859
0.17383599281311035,858
0.1757493019104004,857
0.17894935607910156,856
0.1805102825164795,855
0.18476009368896484,854
0.18538951873779297,853
0.18729424476623535,852
0.18880558013916016,851
0.18993544578552246,850
0.19370198249816895,849
0.1962294578552246,848
0.197983980178833,847
0.20295000076293945,846
0.20563220977783203,845
0.2083756923675537,844
0.2108907699584961,843
0.21867084503173828,842
0.22070837020874023,841
0.222517728805542,840
0.22702884674072266,839
0.22865986824035645,838
0.23301291465759277,837
0.234635591506958,836
0.23529553413391113,835
0.23803973197937012,834
0.23929905891418457,833
0.24854493141174316,832
0.24924731254577637,831
0.2562727928161621,830
0.2648794651031494,829
0.2747683525085449,828
0.2807614803314209,827
0.28765177726745605,826
0.288912296295166,825
0.2911970615386963,824
0.2927875518798828,823
0.2977757453918457,822
0.29891347885131836,821
0.30059194564819336,820
0.3079047203063965,819
0.31716370582580566,818
0.3194887638092041,817
0.3216884136199951,816
0.3241701126098633,815
0.32495784759521484,814
0.3286912441253662,813
0.3398926258087158,812
0.3465697765350342,811
0.3484628200531006,810
0.3583979606628418,809
0.36255812644958496,808
0.3704805374145508,807
0.37543535232543945,806
0.37717628479003906,805
0.3901376724243164,804
0.3960583209991455,803
0.41252970695495605,802
0.4499084949493408,801
0.4593794345855713,800
0.47283124923706055,799
0.4918851852416992,798
0.4982764720916748,797
0.5069658756256104,796
0.5150301456451416,795
0.5238990783691406,794
0.5334258079528809,793
0.5368969440460205,792
0.5597512722015381,791
0.5678668022155762,790
0.5685911178588867,789
0.6169238090515137,788
0.6201751232147217,787
0.640561580657959,786
0.6793396472930908,785
0.6875009536743164,784
0.6884663105010986,783
0.7034511566162109,782
0.7782063484191895,781
0.8489527702331543,780
0.9131059646606445,779
0.932999849319458,778
0.9448003768920898,777
1.1108694076538086,776
1.1677284240722656,775
1.17779541015625,774
1.2394561767578125,773
1.25154709815979,772
1.2773754596710205,771
1.365044355392456,770
1.3783597946166992,769
1.590071439743042,768
