0.01680469512939453,930
0.022492170333862305,929
0.028026103973388672,928
0.033531904220581055,927
0.03892636299133301,926
0.0442960262298584,925
0.04964637756347656,924
0.05495476722717285,923
0.06034398078918457,922
0.06566762924194336,921
0.07103896141052246,920
0.07637858390808105,919
0.08176159858703613,918
0.08708763122558594,917
0.09251713752746582,916
0.09792423248291016,915
0.10340380668640137,914
0.10880088806152344,913
0.11423230171203613,912
0.11960268020629883,911
0.1250314712524414,910
0.13042831420898438,909
0.13581061363220215,908
0.14106440544128418,907
0.14632797241210938,906
0.15155935287475586,905
0.15684151649475098,904
0.16206145286560059,903
0.16730237007141113,902
0.17249417304992676,901
0.17778682708740234,900
0.18299341201782227,899
0.18828177452087402,898
0.19354844093322754,897
0.19891023635864258,896
0.20418214797973633,895
0.20954680442810059,894
0.2148444652557373,893
0.22021150588989258,892
0.225538969039917,891
0.2308635711669922,890
0.23606491088867188,889
0.24118733406066895,888
0.2463533878326416,887
0.2514224052429199,886
0.25664639472961426,885
0.26172518730163574,884
0.2669494152069092,883
0.2720043659210205,882
0.27723050117492676,881
0.282336950302124,880
0.28752875328063965,879
0.2927374839782715,878
0.29799509048461914,877
0.30318498611450195,876
0.3084275722503662,875
0.31362056732177734,874
0.3188786506652832,873
0.32407259941101074,872
0.3293192386627197,871
0.33448076248168945,870
0.3394968509674072,869
0.34459686279296875,868
0.34958457946777344,867
0.3547394275665283,866
0.35971975326538086,865
0.3648369312286377,864
0.36985135078430176,863
0.3749125003814697,862
0.37992429733276367,861
0.38498616218566895,860
0.3900337219238281,859
0.39511966705322266,858
0.4002656936645508,857
0.40537500381469727,856
0.4106428623199463,855
0.4157860279083252,854
0.4209895133972168,853
0.42616772651672363,852
0.4313476085662842,851
0.4363274574279785,850
0.4413416385650635,849
0.4462625980377197,848
0.4512462615966797,847
0.45618581771850586,846
0.46106791496276855,845
0.46605420112609863,844
0.4708716869354248,843
0.47586798667907715,842
0.48072147369384766,841
0.48568105697631836,840
0.49054479598999023,839
0.4955282211303711,838
0.5006287097930908,837
0.5057113170623779,836
0.510873556137085,835
0.5159499645233154,834
0.5210995674133301,833
0.5261480808258057,832
0.531181812286377,831
0.5361666679382324,830
0.5410482883453369,829
0.5458526611328125,828
0.5506670475006104,827
0.555551290512085,826
0.5603046417236328,825
0.5652151107788086,824
0.5700047016143799,823
0.5748519897460938,822
0.5796046257019043,821
0.5844452381134033,820
0.5893652439117432,819
0.5942437648773193,818
0.5992839336395264,817
0.604276180267334,816
0.6093285083770752,815
0.6143720149993896,814
0.6194906234741211,813
0.6244223117828369,812
0.6293940544128418,811
0.6343808174133301,810
0.6393272876739502,809
0.6443123817443848,808
0.6491687297821045,807
0.6541059017181396,806
0.6589605808258057,805
0.6638991832733154,804
0.6688320636749268,803
0.6737174987792969,802
0.6786580085754395,801
0.6835834980010986,800
0.6885890960693359,799
0.6935911178588867,798
0.6986212730407715,797
0.7036283016204834,796
0.7087187767028809,795
0.7137644290924072,794
0.7187585830688477,793
0.7237496376037598,792
0.7286891937255859,791
0.7336573600769043,790
0.7386131286621094,789
0.743586540222168,788
0.7484269142150879,787
0.7533221244812012,786
0.7581288814544678,785
0.7629942893981934,784
0.7678713798522949,783
0.7728347778320312,782
0.7778558731079102,781
0.7828450202941895,780
0.7877686023712158,779
0.7927262783050537,778
0.7977209091186523,777
0.8026857376098633,776
0.8076174259185791,775
0.8125479221343994,774
0.8174889087677002,773
0.8223991394042969,772
0.8272955417633057,771
0.832118034362793,770
0.8369877338409424,769
0.841832160949707,768
0.8466603755950928,767
0.8514094352722168,766
0.8562114238739014,765
0.8610286712646484,764
1.2111730575561523,763
1.4409337043762207,762
