0.017240524291992188,930
0.0231781005859375,929
0.029056072235107422,928
0.03485274314880371,927
0.04085183143615723,926
0.04685163497924805,925
0.0532529354095459,924
0.05900740623474121,923
0.0647437572479248,922
0.07055449485778809,921
0.07632017135620117,920
0.08211898803710938,919
0.08785843849182129,918
0.09369754791259766,917
0.09948110580444336,916
0.10523080825805664,915
0.11098980903625488,914
0.11669683456420898,913
0.12250733375549316,912
0.12822604179382324,911
0.1340034008026123,910
0.13974857330322266,909
0.14553189277648926,908
0.15131711959838867,907
0.15700793266296387,906
0.162733793258667,905
0.16844820976257324,904
0.1742086410522461,903
0.17988252639770508,902
0.18558239936828613,901
0.19132590293884277,900
0.19704580307006836,899
0.2027745246887207,898
0.20839834213256836,897
0.21419501304626465,896
0.2199547290802002,895
0.22580742835998535,894
0.23154282569885254,893
0.23724746704101562,892
0.24293947219848633,891
0.2485811710357666,890
0.2541937828063965,889
0.2598738670349121,888
0.2654995918273926,887
0.2711222171783447,886
0.27668094635009766,885
0.28226590156555176,884
0.28778624534606934,883
0.2933948040008545,882
0.2989370822906494,881
0.3045163154602051,880
0.3101003170013428,879
0.31566858291625977,878
0.3213214874267578,877
0.32687902450561523,876
0.3324410915374756,875
0.3380293846130371,874
0.34359097480773926,873
0.34916067123413086,872
0.35465192794799805,871
0.3601717948913574,870
0.3656466007232666,869
0.3711552619934082,868
0.3766920566558838,867
0.38216185569763184,866
0.38766932487487793,865
0.3931286334991455,864
0.39858174324035645,863
0.40404224395751953,862
0.4094855785369873,861
0.414996862411499,860
0.42040228843688965,859
0.42583680152893066,858
0.43130970001220703,857
0.43674325942993164,856
0.4422025680541992,855
0.4477527141571045,854
0.45307397842407227,853
0.4584822654724121,852
0.4638364315032959,851
0.4692699909210205,850
0.47461891174316406,849
0.47997426986694336,848
0.4853386878967285,847
0.49066877365112305,846
0.4960191249847412,845
0.5012938976287842,844
0.5065898895263672,843
0.5119421482086182,842
0.5180459022521973,841
0.5235280990600586,840
0.5288515090942383,839
0.5341854095458984,838
0.5395026206970215,837
0.5447466373443604,836
0.550076961517334,835
0.5553398132324219,834
0.560619592666626,833
0.5658187866210938,832
0.5710527896881104,831
0.5763826370239258,830
0.5816185474395752,829
0.5868923664093018,828
0.5920915603637695,827
0.5974557399749756,826
0.6027960777282715,825
0.6080174446105957,824
0.613274097442627,823
0.6185259819030762,822
0.6238231658935547,821
0.6290309429168701,820
0.6343483924865723,819
0.6396164894104004,818
0.6448802947998047,817
0.6501202583312988,816
0.6553173065185547,815
0.6606166362762451,814
0.6658570766448975,813
0.6732525825500488,812
0.6786479949951172,811
0.683906078338623,810
0.689133882522583,809
0.6943905353546143,808
0.6995878219604492,807
0.7048604488372803,806
0.7100751399993896,805
0.7153029441833496,804
0.7204837799072266,803
0.7257399559020996,802
0.7309868335723877,801
0.7362034320831299,800
0.7413735389709473,799
0.746525764465332,798
0.7516863346099854,797
0.7569077014923096,796
0.7620577812194824,795
0.7671959400177002,794
0.7723855972290039,793
0.777503490447998,792
0.7826573848724365,791
0.7878241539001465,790
0.7929575443267822,789
0.7980787754058838,788
0.8032271862030029,787
0.8083937168121338,786
0.8134720325469971,785
0.8185982704162598,784
0.8237030506134033,783
0.828831672668457,782
0.8338603973388672,781
0.8389787673950195,780
0.8441510200500488,779
0.8492534160614014,778
0.8543422222137451,777
0.8594040870666504,776
0.8644864559173584,775
0.869518518447876,774
0.8745894432067871,773
0.8797597885131836,772
0.8848927021026611,771
0.8900842666625977,770
0.8952288627624512,769
0.9003355503082275,768
0.9055116176605225,767
0.9107339382171631,766
0.916029691696167,765
1.3837225437164307,764
