0.026473283767700195,761
0.03268909454345703,760
0.03866147994995117,759
0.04466676712036133,758
0.050577640533447266,757
0.0564272403717041,756
0.062270164489746094,755
0.06808757781982422,754
0.07376527786254883,753
0.07920575141906738,752
0.08464264869689941,751
0.09005093574523926,750
0.09549975395202637,749
0.10126280784606934,748
0.10709571838378906,747
0.1128532886505127,746
0.11871051788330078,745
0.12458229064941406,744
0.13040637969970703,743
0.1362004280090332,742
0.14209198951721191,741
0.14784598350524902,740
0.15360641479492188,739
0.15935683250427246,738
0.16515374183654785,737
0.17093753814697266,736
0.17679286003112793,735
0.1826307773590088,734
0.18841075897216797,733
0.19416522979736328,732
0.20000672340393066,731
0.20579147338867188,730
0.21147394180297852,729
0.21724748611450195,728
0.22300434112548828,727
0.2287611961364746,726
0.23450493812561035,725
0.2402639389038086,724
0.24603939056396484,723
0.2517411708831787,722
0.2574434280395508,721
0.26313304901123047,720
0.2688751220703125,719
0.2745859622955322,718
0.28032469749450684,717
0.2860729694366455,716
0.2917647361755371,715
0.2975120544433594,714
0.3033900260925293,713
0.30912160873413086,712
0.3148500919342041,711
0.3206338882446289,710
0.326371431350708,709
0.3321652412414551,708
0.33782172203063965,707
0.34349679946899414,706
0.34921741485595703,705
0.3548920154571533,704
0.36054444313049316,703
0.3662741184234619,702
0.3720216751098633,701
0.3777041435241699,700
0.3834109306335449,699
0.3890848159790039,698
0.39476633071899414,697
0.4004676342010498,696
0.4061245918273926,695
0.4118201732635498,694
0.41752099990844727,693
0.42323899269104004,692
0.4289262294769287,691
0.43462276458740234,690
0.4403073787689209,689
0.44597387313842773,688
0.45163655281066895,687
0.4572792053222656,686
0.46300411224365234,685
0.46866345405578613,684
0.4752061367034912,683
0.48094820976257324,682
0.48662877082824707,681
0.4922921657562256,680
0.4981191158294678,679
0.5039095878601074,678
0.5096163749694824,677
0.5153093338012695,676
0.5209808349609375,675
0.5266172885894775,674
0.5322301387786865,673
0.5378568172454834,672
0.5434920787811279,671
0.5491204261779785,670
0.5547349452972412,669
0.5603792667388916,668
0.56601881980896,667
0.571648359298706,666
0.5772511959075928,665
0.5828990936279297,664
0.5885062217712402,663
0.5940935611724854,662
0.5997292995452881,661
0.6053581237792969,660
0.6109638214111328,659
0.6165556907653809,658
0.6221628189086914,657
0.627631664276123,656
0.633004903793335,655
0.6395111083984375,654
0.6453075408935547,653
0.6507797241210938,652
0.6560838222503662,651
0.6614224910736084,650
0.6668119430541992,649
0.6721842288970947,648
0.6774933338165283,647
0.6828322410583496,646
0.6881215572357178,645
0.6934032440185547,644
0.6986382007598877,643
0.7038865089416504,642
0.7092025279998779,641
0.7146899700164795,640
0.7201442718505859,639
0.7255120277404785,638
0.7308444976806641,637
0.7362794876098633,636
0.9396660327911377,635
