0.0010819435119628906,1132
0.001983642578125,1131
0.0029783248901367188,1130
0.003856182098388672,1129
0.00473475456237793,1128
0.006101131439208984,1127
0.006974935531616211,1126
0.007854700088500977,1125
0.008754491806030273,1124
0.009627342224121094,1123
0.010508060455322266,1122
0.011403560638427734,1121
0.012275457382202148,1120
0.01319265365600586,1119
0.014061927795410156,1118
0.014932870864868164,1117
0.01581287384033203,1116
0.016711711883544922,1115
0.01758408546447754,1114
0.018462657928466797,1113
0.01942753791809082,1112
0.020299673080444336,1111
0.021176576614379883,1110
0.02204608917236328,1109
0.022920608520507812,1108
0.023793697357177734,1107
0.024695873260498047,1106
0.02559804916381836,1105
0.026470661163330078,1104
0.027368545532226562,1103
0.028243064880371094,1102
0.029526233673095703,1101
0.030400991439819336,1100
0.03128194808959961,1099
0.032867431640625,1098
0.03375124931335449,1097
0.03464078903198242,1096
0.03551530838012695,1095
0.036386728286743164,1094
0.03848528861999512,1093
0.03938555717468262,1092
0.04026031494140625,1091
0.04172658920288086,1090
0.04259610176086426,1089
0.04348182678222656,1088
0.04435586929321289,1087
0.04523158073425293,1086
0.04611563682556152,1085
0.04785895347595215,1084
0.04873776435852051,1083
0.049611806869506836,1082
0.05048322677612305,1081
0.05135822296142578,1080
0.05223250389099121,1079
0.05310630798339844,1078
0.05431199073791504,1077
0.05518817901611328,1076
0.05606985092163086,1075
0.05765795707702637,1074
0.058530569076538086,1073
0.05940699577331543,1072
0.060281991958618164,1071
0.061156272888183594,1070
0.062032222747802734,1069
0.06290841102600098,1068
0.06378030776977539,1067
0.06465888023376465,1066
0.0655355453491211,1065
0.06640768051147461,1064
0.06728458404541016,1063
0.0681614875793457,1062
0.06906652450561523,1061
0.06994295120239258,1060
0.07084774971008301,1059
0.07174873352050781,1058
0.07265853881835938,1057
0.07353425025939941,1056
0.07529473304748535,1055
0.07673048973083496,1054
0.07760739326477051,1053
0.07918858528137207,1052
0.08006906509399414,1051
0.08095955848693848,1050
0.08183646202087402,1049
0.08272194862365723,1048
0.08391547203063965,1047
0.08481216430664062,1046
0.08576750755310059,1045
0.0868527889251709,1044
0.08774113655090332,1043
0.08914756774902344,1042
0.09004974365234375,1041
0.09093785285949707,1040
0.09182167053222656,1039
0.09573030471801758,1038
0.09664392471313477,1037
0.10071206092834473,1036
0.10369539260864258,1035
0.10524916648864746,1034
0.10742545127868652,1033
0.10869455337524414,1032
0.1110372543334961,1031
0.11338305473327637,1030
0.1142728328704834,1029
0.1157386302947998,1028
0.11685514450073242,1027
0.11774110794067383,1026
0.11863374710083008,1025
0.11951684951782227,1024
0.12131476402282715,1023
0.12220191955566406,1022
0.12308573722839355,1021
0.12396526336669922,1020
0.12546062469482422,1019
0.12797784805297852,1018
0.1306920051574707,1017
0.1324481964111328,1016
0.1333332061767578,1015
0.1342480182647705,1014
0.13516902923583984,1013
0.13634419441223145,1012
0.13726401329040527,1011
0.1382296085357666,1010
0.1391468048095703,1009
0.1400611400604248,1008
0.14101457595825195,1007
0.14356279373168945,1006
0.14493298530578613,1005
0.14786195755004883,1004
0.14880704879760742,1003
0.15059995651245117,1002
0.15149164199829102,1001
0.15307378768920898,1000
0.15398693084716797,999
0.1594219207763672,998
0.16030168533325195,997
0.16119146347045898,996
0.16303706169128418,995
0.16392159461975098,994
0.16623187065124512,993
0.16874408721923828,992
0.17017793655395508,991
0.17134857177734375,990
0.17223834991455078,989
0.17517733573913574,988
0.17719364166259766,987
0.17825579643249512,986
0.17914700508117676,985
0.18015289306640625,984
0.18104147911071777,983
0.18214821815490723,982
0.18303585052490234,981
0.18393206596374512,980
0.1848769187927246,979
0.18853044509887695,978
0.18943071365356445,977
0.19085407257080078,976
0.19173932075500488,975
0.19262957572937012,974
0.19351649284362793,973
0.19603562355041504,972
0.19721174240112305,971
0.1985173225402832,970
0.19940519332885742,969
0.20120573043823242,968
0.2021334171295166,967
0.20491719245910645,966
0.20669150352478027,965
0.20759057998657227,964
0.20872926712036133,963
0.20965981483459473,962
0.21055912971496582,961
0.21147537231445312,960
0.21276569366455078,959
0.21365594863891602,958
0.2166144847869873,957
0.21750307083129883,956
0.21917128562927246,955
0.22098684310913086,954
0.2218766212463379,953
0.2232801914215088,952
0.22573471069335938,951
0.22683143615722656,950
0.2277235984802246,949
0.23112964630126953,948
0.23213529586791992,947
0.23332834243774414,946
0.23421764373779297,945
0.23598504066467285,944
0.24100089073181152,943
0.24240446090698242,942
0.24354267120361328,941
0.24486184120178223,940
0.24575304985046387,939
0.24841713905334473,938
0.24988222122192383,937
0.2521843910217285,936
0.25388646125793457,935
0.2556583881378174,934
0.2565474510192871,933
0.2574794292449951,932
0.26294851303100586,931
0.26383423805236816,930
0.2675814628601074,929
0.2693660259246826,928
0.2717857360839844,927
0.2735719680786133,926
0.2777566909790039,925
0.2803506851196289,924
0.2826042175292969,923
0.2837791442871094,922
0.284670352935791,921
0.28621530532836914,920
0.29355549812316895,919
0.29447126388549805,918
0.2983267307281494,917
0.3002188205718994,916
0.30199122428894043,915
0.3029780387878418,914
0.3038802146911621,913
0.3083648681640625,912
0.3147873878479004,911
0.31615757942199707,910
0.3179664611816406,909
0.31929898262023926,908
0.3213489055633545,907
0.3230295181274414,906
0.3266019821166992,905
0.32749032974243164,904
0.3290116786956787,903
0.3304588794708252,902
0.33678317070007324,901
0.3384706974029541,900
0.3408830165863037,899
0.3426332473754883,898
0.3491988182067871,897
0.35008692741394043,896
0.3551640510559082,895
0.3560483455657959,894
0.35693955421447754,893
0.3578362464904785,892
0.36223483085632324,891
0.3640110492706299,890
0.36492919921875,889
0.3667011260986328,888
0.3688533306121826,887
0.3701486587524414,886
0.37172508239746094,885
0.38030099868774414,884
0.3830759525299072,883
0.38396143913269043,882
0.3890097141265869,881
0.38990211486816406,880
0.3907902240753174,879
0.39209508895874023,878
0.3947288990020752,877
0.3956282138824463,876
0.3972039222717285,875
0.39987778663635254,874
0.40191054344177246,873
0.4034130573272705,872
0.40469837188720703,871
0.4085090160369873,870
0.41077494621276855,869
0.4144632816314697,868
0.41614389419555664,867
0.41724538803100586,866
0.4181380271911621,865
0.41982412338256836,864
0.4220249652862549,863
0.4254024028778076,862
0.42648863792419434,861
0.4273843765258789,860
0.4290297031402588,859
0.42992496490478516,858
0.43811988830566406,857
0.4415268898010254,856
0.4433631896972656,855
0.44424915313720703,854
0.44954371452331543,853
0.4510917663574219,852
0.45225024223327637,851
0.4531557559967041,850
0.4545893669128418,849
0.4564175605773926,848
0.4595150947570801,847
0.4616217613220215,846
0.46441173553466797,845
0.4719524383544922,844
0.47319555282592773,843
0.47408580780029297,842
0.4749720096588135,841
0.4779326915740967,840
0.478823184967041,839
0.4864223003387451,838
0.48731088638305664,837
0.4959452152252197,836
0.5031776428222656,835
0.5085186958312988,834
0.5169358253479004,833
0.526151180267334,832
0.5272557735443115,831
0.5281431674957275,830
0.5331799983978271,829
0.5340695381164551,828
0.5362982749938965,827
0.5440268516540527,826
0.5485384464263916,825
0.5522029399871826,824
0.5560393333435059,823
0.5571315288543701,822
0.5583882331848145,821
0.5617129802703857,820
0.5666038990020752,819
0.5708215236663818,818
0.5737152099609375,817
0.5790491104125977,816
0.5934927463531494,815
0.5943894386291504,814
0.5973455905914307,813
0.5988085269927979,812
0.6009893417358398,811
0.6076056957244873,810
0.608574628829956,809
0.6140999794006348,808
0.6189863681793213,807
0.6219851970672607,806
0.6252000331878662,805
0.6296870708465576,804
0.6462295055389404,803
0.647974967956543,802
0.6533584594726562,801
0.6600773334503174,800
0.6675336360931396,799
0.6708862781524658,798
0.6849792003631592,797
0.6874451637268066,796
0.6883649826049805,795
0.7151212692260742,794
0.7172341346740723,793
0.728226900100708,792
0.7309379577636719,791
0.7318575382232666,790
0.7488970756530762,789
0.7506933212280273,788
0.7587909698486328,787
0.7739167213439941,786
0.7803716659545898,785
0.8110628128051758,784
0.8172256946563721,783
0.8181145191192627,782
0.8436808586120605,781
0.8462543487548828,780
0.8556325435638428,779
0.8581938743591309,778
0.8636960983276367,777
0.8720035552978516,776
0.8737924098968506,775
0.8746931552886963,774
0.8779802322387695,773
0.8857929706573486,772
0.8935210704803467,771
0.900104284286499,770
0.9234640598297119,769
0.9375460147857666,768
0.9534237384796143,767
0.9642355442047119,766
0.9710979461669922,765
0.9725542068481445,764
0.9752731323242188,763
0.9767594337463379,762
0.9777100086212158,761
0.9807658195495605,760
0.9918036460876465,759
0.9951064586639404,758
1.0030999183654785,757
1.0039958953857422,756
1.0076038837432861,755
1.0090341567993164,754
1.0162568092346191,753
1.0188121795654297,752
1.0215537548065186,751
1.027212381362915,750
1.0290369987487793,749
1.0472450256347656,748
1.0608127117156982,747
1.0621442794799805,746
1.0632750988006592,745
1.0641710758209229,744
1.0723507404327393,743
1.0741534233093262,742
1.0750458240509033,741
1.0774707794189453,740
1.0907065868377686,739
1.1046695709228516,738
1.1126775741577148,737
1.123215675354004,736
1.124234914779663,735
1.1307485103607178,734
1.1414079666137695,733
1.1665241718292236,732
1.1674308776855469,731
1.1730282306671143,730
1.1782433986663818,729
1.1816127300262451,728
1.2067012786865234,727
1.2082502841949463,726
1.2192656993865967,725
1.2201628684997559,724
1.2618083953857422,723
1.2627034187316895,722
1.264906883239746,721
1.273374080657959,720
1.287318229675293,719
1.2927765846252441,718
1.3367919921875,717
1.3445281982421875,716
1.4322431087493896,715
1.4425132274627686,714
1.4623150825500488,713
1.5039777755737305,712
1.50907301902771,711
1.51753568649292,710
1.5287930965423584,709
1.548093557357788,708
1.5509231090545654,707
1.6326258182525635,706
1.6448981761932373,705
1.6477878093719482,704
1.6698276996612549,703
1.6918118000030518,702
1.7011663913726807,701
1.7031192779541016,700
1.7043371200561523,699
1.7930257320404053,698
1.8011512756347656,697
1.836641550064087,696
1.8837780952453613,695
1.8973989486694336,694
1.9433491230010986,693
2.013378143310547,692
2.081641912460327,691
2.283919095993042,690
2.296044111251831,689
2.378781318664551,688
2.559560775756836,687
2.578644275665283,686
2.613696813583374,685
2.727414608001709,684
2.760622024536133,683
2.76768159866333,682
2.8084211349487305,681
3.4345221519470215,680
3.7130632400512695,679
3.8382506370544434,678
6.298008680343628,677
