0.026495695114135742,761
0.03245186805725098,760
0.0382990837097168,759
0.04432034492492676,758
0.050305843353271484,757
0.056268930435180664,756
0.06226539611816406,755
0.0682373046875,754
0.07416605949401855,753
0.08001303672790527,752
0.0857236385345459,751
0.09134459495544434,750
0.0970005989074707,749
0.10274481773376465,748
0.10843348503112793,747
0.11408638954162598,746
0.11976909637451172,745
0.12545037269592285,744
0.13113093376159668,743
0.1368253231048584,742
0.14261770248413086,741
0.1484355926513672,740
0.154252290725708,739
0.16005825996398926,738
0.16602253913879395,737
0.1718733310699463,736
0.1776275634765625,735
0.1833035945892334,734
0.18890929222106934,733
0.1945040225982666,732
0.20008397102355957,731
0.2056562900543213,730
0.21120834350585938,729
0.21675825119018555,728
0.22232747077941895,727
0.22791743278503418,726
0.23354578018188477,725
0.23933815956115723,724
0.245103120803833,723
0.250868558883667,722
0.25662994384765625,721
0.2624168395996094,720
0.2681763172149658,719
0.2739133834838867,718
0.2794826030731201,717
0.2851395606994629,716
0.29069972038269043,715
0.296400785446167,714
0.3020322322845459,713
0.3076786994934082,712
0.3133432865142822,711
0.31895947456359863,710
0.3245103359222412,709
0.33016324043273926,708
0.3358900547027588,707
0.34160566329956055,706
0.3473803997039795,705
0.35314249992370605,704
0.3589468002319336,703
0.36472606658935547,702
0.37050890922546387,701
0.37630128860473633,700
0.3820657730102539,699
0.38784337043762207,698
0.39360642433166504,697
0.39936375617980957,696
0.40500783920288086,695
0.41057634353637695,694
0.4161715507507324,693
0.4217095375061035,692
0.4273850917816162,691
0.4331190586090088,690
0.43885016441345215,689
0.4445838928222656,688
0.45032572746276855,687
0.4560832977294922,686
0.4619295597076416,685
0.46770310401916504,684
0.473430871963501,683
0.4791872501373291,682
0.48493361473083496,681
0.4906015396118164,680
0.49617815017700195,679
0.5016918182373047,678
0.5071988105773926,677
0.5126991271972656,676
0.5182263851165771,675
0.5238471031188965,674
0.529543399810791,673
0.535290002822876,672
0.5410332679748535,671
0.5468025207519531,670
0.5525844097137451,669
0.5584735870361328,668
0.5642225742340088,667
0.5699779987335205,666
0.5757014751434326,665
0.5813195705413818,664
0.586817741394043,663
0.592278003692627,662
0.5977189540863037,661
0.603290319442749,660
0.6088681221008301,659
0.6144649982452393,658
0.6201293468475342,657
0.6259148120880127,656
0.6317183971405029,655
0.6375710964202881,654
0.6434957981109619,653
0.6494140625,652
0.6553142070770264,651
0.6611816883087158,650
0.6669597625732422,649
0.6726202964782715,648
0.6781954765319824,647
0.6837751865386963,646
0.6894135475158691,645
0.7231173515319824,644
