0.02653956413269043,761
0.032581329345703125,760
0.03857541084289551,759
0.04474520683288574,758
0.05078577995300293,757
0.056879520416259766,756
0.06300544738769531,755
0.06904768943786621,754
0.07500433921813965,753
0.08092832565307617,752
0.08688807487487793,751
0.09267902374267578,750
0.09834861755371094,749
0.10405278205871582,748
0.10970783233642578,747
0.11536264419555664,746
0.12106919288635254,745
0.12691020965576172,744
0.1327834129333496,743
0.13862276077270508,742
0.1444990634918213,741
0.15033650398254395,740
0.15613627433776855,739
0.16193890571594238,738
0.16788458824157715,737
0.17373919486999512,736
0.17955613136291504,735
0.18536972999572754,734
0.19109511375427246,733
0.1967308521270752,732
0.2022993564605713,731
0.20798730850219727,730
0.21382999420166016,729
0.2196955680847168,728
0.22550559043884277,727
0.23132944107055664,726
0.23707032203674316,725
0.2426600456237793,724
0.24828529357910156,723
0.2540407180786133,722
0.2598865032196045,721
0.26563167572021484,720
0.2714192867279053,719
0.2772660255432129,718
0.2830538749694824,717
0.2887575626373291,716
0.2944602966308594,715
0.3002173900604248,714
0.30601048469543457,713
0.31178951263427734,712
0.31762242317199707,711
0.3233613967895508,710
0.32891178131103516,709
0.33443760871887207,708
0.34003424644470215,707
0.3457636833190918,706
0.3515133857727051,705
0.3572678565979004,704
0.3630867004394531,703
0.3688323497772217,702
0.37461256980895996,701
0.3804647922515869,700
0.3862752914428711,699
0.39203882217407227,698
0.3977844715118408,697
0.4035794734954834,696
0.4093031883239746,695
0.4148530960083008,694
0.4203634262084961,693
0.42583274841308594,692
0.43135809898376465,691
0.43689966201782227,690
0.44254589080810547,689
0.44826722145080566,688
0.45395374298095703,687
0.4596977233886719,686
0.4654841423034668,685
0.47136569023132324,684
0.4772050380706787,683
0.48297953605651855,682
0.4887843132019043,681
0.4945363998413086,680
0.500117301940918,679
0.505652666091919,678
0.5111796855926514,677
0.5166618824005127,676
0.5221295356750488,675
0.5275747776031494,674
0.533076286315918,673
0.5386941432952881,672
0.5443413257598877,671
0.550053596496582,670
0.5559051036834717,669
0.561784029006958,668
0.5676188468933105,667
0.573467493057251,666
0.5791900157928467,665
0.5848329067230225,664
0.5904951095581055,663
0.5962448120117188,662
0.6019396781921387,661
0.6075637340545654,660
0.6131539344787598,659
0.6187350749969482,658
0.6242985725402832,657
0.6298813819885254,656
0.6355950832366943,655
0.6413602828979492,654
0.6472799777984619,653
0.6533129215240479,652
0.659294843673706,651
0.665337085723877,650
0.6713829040527344,649
0.677356481552124,648
0.6832623481750488,647
0.6891677379608154,646
0.6951675415039062,645
0.7296113967895508,644
