0.027285337448120117,761
0.03356432914733887,760
0.039769887924194336,759
0.04611635208129883,758
0.052219390869140625,757
0.05834150314331055,756
0.06435084342956543,755
0.07055473327636719,754
0.07676148414611816,753
0.08282709121704102,752
0.08887267112731934,751
0.09494185447692871,750
0.10106492042541504,749
0.10714459419250488,748
0.1143195629119873,747
0.12049984931945801,746
0.12655377388000488,745
0.13264250755310059,744
0.13876605033874512,743
0.14496850967407227,742
0.15094351768493652,741
0.15702009201049805,740
0.16303133964538574,739
0.16904902458190918,738
0.17513084411621094,737
0.18111014366149902,736
0.18715786933898926,735
0.19325971603393555,734
0.19923806190490723,733
0.20535564422607422,732
0.21141290664672852,731
0.2174365520477295,730
0.22353482246398926,729
0.22955751419067383,728
0.23573088645935059,727
0.24189281463623047,726
0.24805235862731934,725
0.2541220188140869,724
0.2601587772369385,723
0.2662227153778076,722
0.27219128608703613,721
0.27927470207214355,720
0.28531503677368164,719
0.29132819175720215,718
0.2973814010620117,717
0.3034191131591797,716
0.3094446659088135,715
0.315457820892334,714
0.32151198387145996,713
0.3275020122528076,712
0.33353257179260254,711
0.3395423889160156,710
0.3455069065093994,709
0.35157108306884766,708
0.35756516456604004,707
0.363553524017334,706
0.36951446533203125,705
0.3755478858947754,704
0.38155341148376465,703
0.38753795623779297,702
0.39348816871643066,701
0.3994426727294922,700
0.4053611755371094,699
0.4113895893096924,698
0.41738295555114746,697
0.4233283996582031,696
0.42929601669311523,695
0.4353008270263672,694
0.4413027763366699,693
0.4473083019256592,692
0.45302557945251465,691
0.4585719108581543,690
0.4641683101654053,689
0.4698021411895752,688
0.4754161834716797,687
0.48104047775268555,686
0.48654985427856445,685
0.4921252727508545,684
0.4976999759674072,683
0.503288745880127,682
0.5089478492736816,681
0.5144190788269043,680
0.5199794769287109,679
0.5255031585693359,678
0.5311315059661865,677
0.5366103649139404,676
0.5421433448791504,675
0.5476946830749512,674
0.5532577037811279,673
0.5588057041168213,672
0.5642862319946289,671
0.5697746276855469,670
0.5753190517425537,669
0.5808422565460205,668
0.5863430500030518,667
0.5918560028076172,666
0.597388505935669,665
0.6028561592102051,664
0.6084365844726562,663
0.6139280796051025,662
0.6194067001342773,661
0.6248865127563477,660
0.6303555965423584,659
0.6359343528747559,658
0.6414425373077393,657
0.6469323635101318,656
0.6524512767791748,655
0.657984733581543,654
0.6634931564331055,653
0.6689407825469971,652
0.6744804382324219,651
0.6800394058227539,650
0.6855783462524414,649
0.6910693645477295,648
0.6965734958648682,647
0.7020196914672852,646
0.7074651718139648,645
0.712979793548584,644
0.7184679508209229,643
0.7239372730255127,642
1.5512583255767822,641
1.5565388202667236,640
1.8174455165863037,639
1.8231806755065918,638
2.6019108295440674,637
2.6606295108795166,636
