0.0010666847229003906,1132
0.0019719600677490234,1131
0.002851724624633789,1130
0.0037729740142822266,1129
0.004678249359130859,1128
0.006045341491699219,1127
0.006932735443115234,1126
0.007890939712524414,1125
0.008792877197265625,1124
0.00967097282409668,1123
0.010548114776611328,1122
0.011420726776123047,1121
0.012348175048828125,1120
0.013224124908447266,1119
0.014097452163696289,1118
0.014974594116210938,1117
0.015903711318969727,1116
0.016808748245239258,1115
0.01771688461303711,1114
0.01859569549560547,1113
0.019569873809814453,1112
0.020481348037719727,1111
0.021360397338867188,1110
0.022237062454223633,1109
0.023117780685424805,1108
0.024030447006225586,1107
0.024914264678955078,1106
0.02580428123474121,1105
0.026684999465942383,1104
0.027559995651245117,1103
0.028473615646362305,1102
0.029730796813964844,1101
0.03061056137084961,1100
0.03148508071899414,1099
0.03303980827331543,1098
0.03391528129577637,1097
0.03479504585266113,1096
0.035674333572387695,1095
0.03655600547790527,1094
0.03863072395324707,1093
0.039520978927612305,1092
0.0404055118560791,1091
0.04187726974487305,1090
0.04275321960449219,1089
0.04363298416137695,1088
0.04451441764831543,1087
0.045392513275146484,1086
0.04627275466918945,1085
0.048032283782958984,1084
0.048917531967163086,1083
0.04979825019836426,1082
0.050673723220825195,1081
0.05155324935913086,1080
0.05246591567993164,1079
0.05334281921386719,1078
0.054613590240478516,1077
0.05549430847167969,1076
0.05637526512145996,1075
0.0579686164855957,1074
0.05884718894958496,1073
0.059760093688964844,1072
0.06064200401306152,1071
0.061521053314208984,1070
0.06240224838256836,1069
0.06328344345092773,1068
0.0641930103302002,1067
0.06507587432861328,1066
0.06595683097839355,1065
0.06686234474182129,1064
0.06777739524841309,1063
0.06865906715393066,1062
0.06956601142883301,1061
0.0704493522644043,1060
0.07133269309997559,1059
0.07221412658691406,1058
0.07309794425964355,1057
0.07398438453674316,1056
0.07577013969421387,1055
0.07721328735351562,1054
0.07809567451477051,1053
0.07969021797180176,1052
0.08057665824890137,1051
0.08145976066589355,1050
0.0823359489440918,1049
0.0832221508026123,1048
0.08439517021179199,1047
0.08527946472167969,1046
0.08624148368835449,1045
0.08731985092163086,1044
0.08824539184570312,1043
0.08961987495422363,1042
0.09050822257995605,1041
0.09139466285705566,1040
0.09228086471557617,1039
0.09619307518005371,1038
0.097076416015625,1037
0.10114479064941406,1036
0.1040341854095459,1035
0.10550642013549805,1034
0.10768413543701172,1033
0.10893654823303223,1032
0.11128902435302734,1031
0.11361193656921387,1030
0.11449217796325684,1029
0.11610889434814453,1028
0.11722230911254883,1027
0.11810922622680664,1026
0.11899518966674805,1025
0.11987972259521484,1024
0.12164998054504395,1023
0.12253594398498535,1022
0.12342953681945801,1021
0.12431740760803223,1020
0.1257917881011963,1019
0.1283426284790039,1018
0.13112163543701172,1017
0.1328885555267334,1016
0.133772611618042,1015
0.13465237617492676,1014
0.13553714752197266,1013
0.13668251037597656,1012
0.13756799697875977,1011
0.138458251953125,1010
0.1393420696258545,1009
0.1402418613433838,1008
0.14112210273742676,1007
0.1436450481414795,1006
0.14494633674621582,1005
0.1478571891784668,1004
0.1487712860107422,1003
0.15053129196166992,1002
0.1514430046081543,1001
0.15302491188049316,1000
0.15391039848327637,999
0.15932869911193848,998
0.16021227836608887,997
0.16109800338745117,996
0.16293692588806152,995
0.16382646560668945,994
0.16629815101623535,993
0.16881799697875977,992
0.17024946212768555,991
0.17142200469970703,990
0.17230725288391113,989
0.17519903182983398,988
0.17721843719482422,987
0.17828154563903809,986
0.17916655540466309,985
0.1801774501800537,984
0.18106627464294434,983
0.18217253684997559,982
0.18306350708007812,981
0.18398165702819824,980
0.18486523628234863,979
0.18828988075256348,978
0.18917441368103027,977
0.1905961036682129,976
0.1914811134338379,975
0.19237399101257324,974
0.19326281547546387,973
0.1958019733428955,972
0.19698643684387207,971
0.1982717514038086,970
0.19916033744812012,969
0.20093512535095215,968
0.20182371139526367,967
0.20453357696533203,966
0.20630693435668945,965
0.20719099044799805,964
0.20832037925720215,963
0.20920872688293457,962
0.21009445190429688,961
0.2109837532043457,960
0.21229243278503418,959
0.2132124900817871,958
0.21612143516540527,957
0.2170119285583496,956
0.21868205070495605,955
0.22048377990722656,954
0.22137141227722168,953
0.22292137145996094,952
0.22538113594055176,951
0.22645258903503418,950
0.22733712196350098,949
0.23073410987854004,948
0.23177266120910645,947
0.23295235633850098,946
0.23384332656860352,945
0.2356128692626953,944
0.24056768417358398,943
0.24197125434875488,942
0.24309420585632324,941
0.24441313743591309,940
0.24530386924743652,939
0.24796414375305176,938
0.24942803382873535,937
0.25173473358154297,936
0.25342464447021484,935
0.25519537925720215,934
0.2561178207397461,933
0.2570071220397949,932
0.2624995708465576,931
0.2633841037750244,930
0.2671027183532715,929
0.26888251304626465,928
0.2713937759399414,927
0.27325940132141113,926
0.2775745391845703,925
0.28017258644104004,924
0.282376766204834,923
0.2835562229156494,922
0.28446125984191895,921
0.2859835624694824,920
0.2932562828063965,919
0.2941420078277588,918
0.2979888916015625,917
0.29985499382019043,916
0.30165672302246094,915
0.30263662338256836,914
0.3035261631011963,913
0.3079197406768799,912
0.31429529190063477,911
0.3156459331512451,910
0.3174262046813965,909
0.3187694549560547,908
0.3208348751068115,907
0.32250380516052246,906
0.32609081268310547,905
0.326979398727417,904
0.32851624488830566,903
0.3299407958984375,902
0.3362267017364502,901
0.3379194736480713,900
0.3403356075286865,899
0.3420298099517822,898
0.34848952293395996,897
0.3493826389312744,896
0.35445070266723633,895
0.35533905029296875,894
0.3562343120574951,893
0.35712623596191406,892
0.36157846450805664,891
0.3633556365966797,890
0.36425018310546875,889
0.36623430252075195,888
0.36836862564086914,887
0.36966753005981445,886
0.3712480068206787,885
0.37980151176452637,884
0.38257384300231934,883
0.38346004486083984,882
0.3883671760559082,881
0.38925933837890625,880
0.39014649391174316,879
0.3914499282836914,878
0.3941221237182617,877
0.3950212001800537,876
0.39660000801086426,875
0.39926671981811523,874
0.40129899978637695,873
0.4027731418609619,872
0.40407538414001465,871
0.40788841247558594,870
0.4101288318634033,869
0.41382336616516113,868
0.4154949188232422,867
0.4165828227996826,866
0.41747474670410156,865
0.41915416717529297,864
0.42128419876098633,863
0.42461323738098145,862
0.4257049560546875,861
0.42659997940063477,860
0.42827725410461426,859
0.4291870594024658,858
0.4372692108154297,857
0.4406559467315674,856
0.44249916076660156,855
0.443392276763916,854
0.4486572742462158,853
0.4500751495361328,852
0.45122694969177246,851
0.45212411880493164,850
0.45355987548828125,849
0.4553825855255127,848
0.45853185653686523,847
0.46063947677612305,846
0.4634709358215332,845
0.4710068702697754,844
0.47225475311279297,843
0.47315073013305664,842
0.47403931617736816,841
0.4770066738128662,840
0.4779016971588135,839
0.4853479862213135,838
0.48624086380004883,837
0.4950087070465088,836
0.5023481845855713,835
0.5076971054077148,834
0.51603102684021,833
0.52518630027771,832
0.5262951850891113,831
0.5271854400634766,830
0.5321927070617676,829
0.5330836772918701,828
0.5352945327758789,827
0.5430564880371094,826
0.5476298332214355,825
0.5513463020324707,824
0.555166482925415,823
0.5563271045684814,822
0.557586669921875,821
0.5610597133636475,820
0.5666429996490479,819
0.5710134506225586,818
0.5739047527313232,817
0.5792007446289062,816
0.5933883190155029,815
0.5942809581756592,814
0.5972888469696045,813
0.5987250804901123,812
0.6008901596069336,811
0.6075994968414307,810
0.6085712909698486,809
0.6141097545623779,808
0.6189837455749512,807
0.6219561100006104,806
0.6250407695770264,805
0.6295294761657715,804
0.6460278034210205,803
0.6477811336517334,802
0.6531612873077393,801
0.6600942611694336,800
0.6675281524658203,799
0.6708939075469971,798
0.6849665641784668,797
0.6874580383300781,796
0.6883864402770996,795
0.7154097557067871,794
0.7175381183624268,793
0.728811502456665,792
0.731414794921875,791
0.7323110103607178,790
0.7492856979370117,789
0.7510747909545898,788
0.7591590881347656,787
0.773655891418457,786
0.7796266078948975,785
0.809255838394165,784
0.8154284954071045,783
0.816321849822998,782
0.8421680927276611,781
0.844731330871582,780
0.8542802333831787,779
0.8568172454833984,778
0.8621647357940674,777
0.8702466487884521,776
0.8720386028289795,775
0.8729896545410156,774
0.8763079643249512,773
0.8843684196472168,772
0.8922162055969238,771
0.8989753723144531,770
0.9226319789886475,769
0.9367027282714844,768
0.9526495933532715,767
0.9634244441986084,766
0.9703648090362549,765
0.9717981815338135,764
0.9744818210601807,763
0.9760177135467529,762
0.9769077301025391,761
0.9799232482910156,760
0.9908695220947266,759
0.9941501617431641,758
1.0022006034851074,757
1.0030980110168457,756
1.0067739486694336,755
1.0080592632293701,754
1.0152840614318848,753
1.0178322792053223,752
1.0206654071807861,751
1.0262994766235352,750
1.0281250476837158,749
1.046217441558838,748
1.059671401977539,747
1.0609595775604248,746
1.0620946884155273,745
1.0629909038543701,744
1.0711572170257568,743
1.0729506015777588,742
1.0738444328308105,741
1.076268196105957,740
1.0895178318023682,739
1.1034362316131592,738
1.1113362312316895,737
1.1219375133514404,736
1.1229548454284668,735
1.1294670104980469,734
1.1400585174560547,733
1.1651861667633057,732
1.1662499904632568,731
1.1718418598175049,730
1.1771318912506104,729
1.1805534362792969,728
1.2054164409637451,727
1.2069668769836426,726
1.2180507183074951,725
1.218975305557251,724
1.260786771774292,723
1.2616891860961914,722
1.2639226913452148,721
1.2723500728607178,720
1.286308765411377,719
1.2917916774749756,718
1.335608720779419,717
1.3432731628417969,716
1.430860996246338,715
1.4409699440002441,714
1.4603049755096436,713
1.5009214878082275,712
1.5059490203857422,711
1.5141887664794922,710
1.5253815650939941,709
1.544654369354248,708
1.5475642681121826,707
1.6289939880371094,706
1.641350507736206,705
1.6442949771881104,704
1.6662368774414062,703
1.6882374286651611,702
1.6974427700042725,701
1.6994006633758545,700
1.7006051540374756,699
1.7887146472930908,698
1.796879768371582,697
1.832120656967163,696
1.8788976669311523,695
1.8925249576568604,694
1.937650203704834,693
2.0074148178100586,692
2.07521653175354,691
2.2776670455932617,690
2.2896807193756104,689
2.3718905448913574,688
2.552039384841919,687
2.5713744163513184,686
2.6062471866607666,685
2.719585418701172,684
2.752549409866333,683
2.759474515914917,682
2.7996575832366943,681
3.4223885536193848,680
3.699962854385376,679
3.823593854904175,678
6.285192251205444,677
