0.02643132209777832,761
0.032462358474731445,760
0.03834843635559082,759
0.044222354888916016,758
0.05000948905944824,757
0.055956363677978516,756
0.061690330505371094,755
0.06741619110107422,754
0.07317066192626953,753
0.07890939712524414,752
0.08469390869140625,751
0.09043550491333008,750
0.09620785713195801,749
0.10198450088500977,748
0.10765552520751953,747
0.11335253715515137,746
0.11904430389404297,745
0.12473011016845703,744
0.1307659149169922,743
0.1366887092590332,742
0.1423473358154297,741
0.14774823188781738,740
0.1533980369567871,739
0.1592090129852295,738
0.16496491432189941,737
0.17076873779296875,736
0.17646050453186035,735
0.18222546577453613,734
0.1879441738128662,733
0.1935896873474121,732
0.19926738739013672,731
0.2049424648284912,730
0.21057748794555664,729
0.2162783145904541,728
0.22183656692504883,727
0.22752809524536133,726
0.23319602012634277,725
0.23883867263793945,724
0.24445033073425293,723
0.25002026557922363,722
0.25557398796081543,721
0.2612287998199463,720
0.26679325103759766,719
0.27235841751098633,718
0.27805519104003906,717
0.2836282253265381,716
0.2894148826599121,715
0.29506492614746094,714
0.300640344619751,713
0.3062891960144043,712
0.31186580657958984,711
0.31742405891418457,710
0.3230874538421631,709
0.32875919342041016,708
0.33433079719543457,707
0.3399362564086914,706
0.34551024436950684,705
0.35111284255981445,704
0.3566737174987793,703
0.36223721504211426,702
0.36785054206848145,701
0.3734579086303711,700
0.3789834976196289,699
0.3845694065093994,698
0.3901033401489258,697
0.39566612243652344,696
0.40124082565307617,695
0.40676140785217285,694
0.4123392105102539,693
0.41792845726013184,692
0.42342495918273926,691
0.4289815425872803,690
0.4345667362213135,689
0.43990254402160645,688
0.4451587200164795,687
0.4504575729370117,686
0.4557468891143799,685
0.460970401763916,684
0.46633291244506836,683
0.4718654155731201,682
0.47740697860717773,681
0.4828794002532959,680
0.4884476661682129,679
0.49399662017822266,678
0.49953722953796387,677
0.5050196647644043,676
0.5105772018432617,675
0.5160815715789795,674
0.5215935707092285,673
0.5271263122558594,672
0.5326120853424072,671
0.5381262302398682,670
0.5435693264007568,669
0.5490567684173584,668
0.5545291900634766,667
0.5600616931915283,666
0.5655045509338379,665
0.5710122585296631,664
0.576486349105835,663
0.5820338726043701,662
0.5874967575073242,661
0.5929992198944092,660
0.5985071659088135,659
0.6040575504302979,658
0.6095848083496094,657
0.6150875091552734,656
0.6205716133117676,655
0.6260988712310791,654
0.6316170692443848,653
0.6370902061462402,652
0.6425626277923584,651
0.6489579677581787,650
0.654543399810791,649
0.6600160598754883,648
0.6654837131500244,647
0.671062707901001,646
0.6765031814575195,645
0.6820080280303955,644
0.6874740123748779,643
0.6929759979248047,642
0.6983990669250488,641
0.7038919925689697,640
0.7093935012817383,639
0.7148880958557129,638
0.7203369140625,637
0.7258098125457764,636
0.7313263416290283,635
0.7369799613952637,634
0.7428083419799805,633
0.7486546039581299,632
2.3693699836730957,631
