0.027183055877685547,761
0.03328204154968262,760
0.039180755615234375,759
0.045217275619506836,758
0.05122971534729004,757
0.05723309516906738,756
0.06331729888916016,755
0.06943440437316895,754
0.07546734809875488,753
0.08146905899047852,752
0.08738160133361816,751
0.09317374229431152,750
0.09897518157958984,749
0.10480213165283203,748
0.1105349063873291,747
0.11628842353820801,746
0.12212467193603516,745
0.12785077095031738,744
0.13359332084655762,743
0.1393413543701172,742
0.1452641487121582,741
0.15118002891540527,740
0.15709328651428223,739
0.16301393508911133,738
0.1691265106201172,737
0.17508578300476074,736
0.18097162246704102,735
0.186737060546875,734
0.19247937202453613,733
0.1981508731842041,732
0.20391511917114258,731
0.20955657958984375,730
0.21521687507629395,729
0.22086572647094727,728
0.22651958465576172,727
0.2321319580078125,726
0.23783588409423828,725
0.2436971664428711,724
0.24958515167236328,723
0.2554912567138672,722
0.2613825798034668,721
0.26728153228759766,720
0.2731795310974121,719
0.2790193557739258,718
0.28465819358825684,717
0.2903628349304199,716
0.29601240158081055,715
0.3016657829284668,714
0.3073112964630127,713
0.3130190372467041,712
0.3186652660369873,711
0.324326753616333,710
0.3299381732940674,709
0.33559656143188477,708
0.3414022922515869,707
0.34732532501220703,706
0.35318684577941895,705
0.35911130905151367,704
0.36498308181762695,703
0.3709123134613037,702
0.37667393684387207,701
0.38245129585266113,700
0.3880434036254883,699
0.39371204376220703,698
0.39926815032958984,697
0.4049415588378906,696
0.41057538986206055,695
0.4161646366119385,694
0.421764612197876,693
0.42741990089416504,692
0.4331343173980713,691
0.43895983695983887,690
0.44481992721557617,689
0.4506387710571289,688
0.4564032554626465,687
0.4621882438659668,686
0.4679999351501465,685
0.4736952781677246,684
0.47930073738098145,683
0.4849119186401367,682
0.4905381202697754,681
0.49614953994750977,680
0.5018570423126221,679
0.5074701309204102,678
0.5130407810211182,677
0.5185801982879639,676
0.5241391658782959,675
0.529829740524292,674
0.5356016159057617,673
0.5414144992828369,672
0.5472760200500488,671
0.5530738830566406,670
0.5588879585266113,669
0.56467604637146,668
0.5702905654907227,667
0.5759000778198242,666
0.5814516544342041,665
0.5869736671447754,664
0.5925064086914062,663
0.5980706214904785,662
0.603614091873169,661
0.6091995239257812,660
0.6147799491882324,659
0.6203491687774658,658
0.6261675357818604,657
0.631981372833252,656
0.6378397941589355,655
0.643632173538208,654
0.6494245529174805,653
0.6552236080169678,652
0.6609718799591064,651
0.6666295528411865,650
0.6722040176391602,649
0.6777527332305908,648
0.683307409286499,647
0.6888909339904785,646
0.694526195526123,645
0.7290723323822021,644
