0.026517868041992188,761
0.032356977462768555,760
0.038004159927368164,759
0.04366469383239746,758
0.04949235916137695,757
0.055533409118652344,756
0.061475515365600586,755
0.06743621826171875,754
0.07320785522460938,753
0.07891488075256348,752
0.0845186710357666,751
0.09006929397583008,750
0.09560036659240723,749
0.10115408897399902,748
0.10682344436645508,747
0.11238551139831543,746
0.11784529685974121,745
0.12343287467956543,744
0.1289072036743164,743
0.13439679145812988,742
0.13988566398620605,741
0.14547252655029297,740
0.1509706974029541,739
0.15646791458129883,738
0.16217041015625,737
0.1678142547607422,736
0.17348289489746094,735
0.17919278144836426,734
0.18489813804626465,733
0.19058465957641602,732
0.19633984565734863,731
0.20213675498962402,730
0.20787692070007324,729
0.21357178688049316,728
0.2192835807800293,727
0.22505497932434082,726
0.23072099685668945,725
0.2363598346710205,724
0.24199485778808594,723
0.24767470359802246,722
0.25336670875549316,721
0.25908780097961426,720
0.265134334564209,719
0.27123117446899414,718
0.2773118019104004,717
0.2833590507507324,716
0.2894420623779297,715
0.29550647735595703,714
0.30159521102905273,713
0.30773496627807617,712
0.31381821632385254,711
0.3198544979095459,710
0.3259592056274414,709
0.332047700881958,708
0.33810853958129883,707
0.3442080020904541,706
0.3503081798553467,705
0.35640907287597656,704
0.3625051975250244,703
0.36863183975219727,702
0.37476134300231934,701
0.38083863258361816,700
0.386951208114624,699
0.39304471015930176,698
0.39916348457336426,697
0.40527772903442383,696
0.4113755226135254,695
0.4174809455871582,694
0.42359256744384766,693
0.4297032356262207,692
0.4358189105987549,691
0.4420347213745117,690
0.44812965393066406,689
0.4541947841644287,688
0.4603722095489502,687
0.466505765914917,686
0.4726073741912842,685
0.4787132740020752,684
0.4848482608795166,683
0.4909687042236328,682
0.4970545768737793,681
0.5031545162200928,680
0.5092756748199463,679
0.5153858661651611,678
0.5214629173278809,677
0.5275628566741943,676
0.5336759090423584,675
0.539780855178833,674
0.545846700668335,673
0.5519380569458008,672
0.5580623149871826,671
0.5641639232635498,670
0.57027268409729,669
0.5763907432556152,668
0.582510232925415,667
0.588616132736206,666
0.5947339534759521,665
0.6008398532867432,664
0.6069345474243164,663
0.6130223274230957,662
0.6191179752349854,661
0.6252520084381104,660
0.631328821182251,659
0.6384575366973877,658
0.6446089744567871,657
0.6507198810577393,656
0.656808614730835,655
0.6630206108093262,654
0.6691503524780273,653
0.675255298614502,652
0.6813857555389404,651
0.6874887943267822,650
0.6935853958129883,649
0.6996669769287109,648
0.7057857513427734,647
0.7118539810180664,646
0.7179479598999023,645
0.7240567207336426,644
0.730191707611084,643
0.7363181114196777,642
0.7424101829528809,641
0.7485523223876953,640
0.7546291351318359,639
0.7607278823852539,638
0.766918420791626,637
0.7731270790100098,636
1.3087403774261475,635
1.3147351741790771,634
1.3206825256347656,633
1.3266794681549072,632
1.3326237201690674,631
1.3471243381500244,630
