0.027321338653564453,761
0.03340482711791992,760
0.039347171783447266,759
0.04525184631347656,758
0.05115556716918945,757
0.05709505081176758,756
0.06297039985656738,755
0.06888723373413086,754
0.07474923133850098,753
0.0806419849395752,752
0.08643221855163574,751
0.09226870536804199,750
0.09809422492980957,749
0.10473394393920898,748
0.11061239242553711,747
0.1164863109588623,746
0.12232518196105957,745
0.12810397148132324,744
0.1338183879852295,743
0.13962578773498535,742
0.14542102813720703,741
0.15123915672302246,740
0.15699005126953125,739
0.16277050971984863,738
0.16862916946411133,737
0.17446517944335938,736
0.18033266067504883,735
0.18613386154174805,734
0.19182848930358887,733
0.19749236106872559,732
0.20318031311035156,731
0.2089827060699463,730
0.21481084823608398,729
0.22053861618041992,728
0.22622895240783691,727
0.23205327987670898,726
0.23776912689208984,725
0.2434084415435791,724
0.24917292594909668,723
0.25490355491638184,722
0.260603666305542,721
0.266315221786499,720
0.27202773094177246,719
0.27767252922058105,718
0.28333258628845215,717
0.2889838218688965,716
0.2946462631225586,715
0.30028629302978516,714
0.3060338497161865,713
0.31171488761901855,712
0.31751465797424316,711
0.3231544494628906,710
0.32886576652526855,709
0.33460021018981934,708
0.34024930000305176,707
0.3458902835845947,706
0.35153985023498535,705
0.3572580814361572,704
0.3629570007324219,703
0.3686528205871582,702
0.37433648109436035,701
0.37998151779174805,700
0.3856391906738281,699
0.39129090309143066,698
0.39690136909484863,697
0.4025402069091797,696
0.4081571102142334,695
0.4138765335083008,694
0.41959714889526367,693
0.4253227710723877,692
0.43101000785827637,691
0.43665099143981934,690
0.44230175018310547,689
0.4480421543121338,688
0.4537999629974365,687
0.45945310592651367,686
0.4651515483856201,685
0.4708535671234131,684
0.47652769088745117,683
0.48214268684387207,682
0.48782968521118164,681
0.49343371391296387,680
0.4990568161010742,679
0.5046288967132568,678
0.510300874710083,677
0.5159599781036377,676
0.5215663909912109,675
0.5272524356842041,674
0.53285813331604,673
0.5385124683380127,672
0.5443987846374512,671
0.5502560138702393,670
0.5561463832855225,669
0.5619630813598633,668
0.5678763389587402,667
0.5735478401184082,666
0.5790200233459473,665
0.5843307971954346,664
0.5896315574645996,663
0.5949118137359619,662
0.6002428531646729,661
0.6055197715759277,660
0.6107585430145264,659
0.6160163879394531,658
0.6213576793670654,657
0.6267151832580566,656
0.6320476531982422,655
0.637378454208374,654
0.6426236629486084,653
0.6479017734527588,652
0.6532268524169922,651
0.6584646701812744,650
0.6640901565551758,649
0.6699364185333252,648
0.6758761405944824,647
0.6817164421081543,646
0.6876082420349121,645
0.6934475898742676,644
0.699338436126709,643
0.7052156925201416,642
0.7111570835113525,641
0.7171425819396973,640
0.7230539321899414,639
0.7288837432861328,638
0.7346854209899902,637
0.7402911186218262,636
0.7457301616668701,635
1.074286937713623,634
