0.027138471603393555,761
0.033586740493774414,760
0.03997492790222168,759
0.046302080154418945,758
0.05265951156616211,757
0.059024810791015625,756
0.06537938117980957,755
0.07167577743530273,754
0.07795929908752441,753
0.0841825008392334,752
0.09038400650024414,751
0.09659910202026367,750
0.10281729698181152,749
0.10899233818054199,748
0.1151740550994873,747
0.12139296531677246,746
0.1275498867034912,745
0.13373637199401855,744
0.13989615440368652,743
0.14606165885925293,742
0.15222835540771484,741
0.15837931632995605,740
0.1645050048828125,739
0.17070293426513672,738
0.17689132690429688,737
0.18303155899047852,736
0.1891937255859375,735
0.19530773162841797,734
0.20144176483154297,733
0.2075972557067871,732
0.21373891830444336,731
0.21987509727478027,730
0.2260572910308838,729
0.23223519325256348,728
0.23837924003601074,727
0.24454522132873535,726
0.25067710876464844,725
0.25682830810546875,724
0.2629077434539795,723
0.269092321395874,722
0.27518153190612793,721
0.28130364418029785,720
0.2874159812927246,719
0.2934916019439697,718
0.299623966217041,717
0.3057236671447754,716
0.3118155002593994,715
0.31790828704833984,714
0.32396364212036133,713
0.33008265495300293,712
0.3361661434173584,711
0.34224915504455566,710
0.3483710289001465,709
0.35447072982788086,708
0.36058640480041504,707
0.3666188716888428,706
0.37277770042419434,705
0.3788487911224365,704
0.3849024772644043,703
0.3909595012664795,702
0.397047758102417,701
0.4031052589416504,700
0.40915346145629883,699
0.415189266204834,698
0.42122673988342285,697
0.4273102283477783,696
0.433377742767334,695
0.4393763542175293,694
0.4454200267791748,693
0.4514305591583252,692
0.4575047492980957,691
0.4635453224182129,690
0.46958303451538086,689
0.47560858726501465,688
0.4815998077392578,687
0.48763513565063477,686
0.49368906021118164,685
0.4997551441192627,684
0.5055785179138184,683
0.5115079879760742,682
0.5172793865203857,681
0.5231032371520996,680
0.5291028022766113,679
0.5350813865661621,678
0.5411064624786377,677
0.5470726490020752,676
0.5530931949615479,675
0.5590991973876953,674
0.5650467872619629,673
0.5710430145263672,672
0.5770385265350342,671
0.5830233097076416,670
0.5890791416168213,669
0.595106840133667,668
0.6010944843292236,667
0.6070942878723145,666
0.6130712032318115,665
0.619105339050293,664
0.6250324249267578,663
0.6310415267944336,662
0.6370518207550049,661
0.6430203914642334,660
0.6490094661712646,659
0.6549537181854248,658
0.6609764099121094,657
0.6669454574584961,656
0.6729004383087158,655
0.6789007186889648,654
0.6848921775817871,653
0.6908955574035645,652
0.6968629360198975,651
0.7028601169586182,650
0.7088334560394287,649
0.7147765159606934,648
0.7207965850830078,647
0.726776123046875,646
0.7327558994293213,645
0.738818883895874,644
0.7447795867919922,643
0.7507402896881104,642
0.7567217350006104,641
0.7627325057983398,640
1.3571178913116455,639
