0.0019009113311767578,1132
0.003715038299560547,1131
0.005501747131347656,1130
0.007867097854614258,1129
0.00991201400756836,1128
0.01263880729675293,1127
0.014329910278320312,1126
0.01603388786315918,1125
0.017681121826171875,1124
0.01931905746459961,1123
0.020966053009033203,1122
0.022608041763305664,1121
0.02425694465637207,1120
0.02591395378112793,1119
0.027551889419555664,1118
0.029135942459106445,1117
0.030689001083374023,1116
0.03226900100708008,1115
0.03383016586303711,1114
0.03540301322937012,1113
0.03725695610046387,1112
0.03888702392578125,1111
0.040605783462524414,1110
0.042298078536987305,1109
0.043916940689086914,1108
0.045538902282714844,1107
0.04719090461730957,1106
0.04877781867980957,1105
0.05034995079040527,1104
0.05199289321899414,1103
0.05362391471862793,1102
0.0559849739074707,1101
0.057675838470458984,1100
0.05931377410888672,1099
0.06210613250732422,1098
0.06365585327148438,1097
0.06520581245422363,1096
0.06674814224243164,1095
0.0683450698852539,1094
0.07261300086975098,1093
0.07449579238891602,1092
0.07622790336608887,1091
0.07889199256896973,1090
0.08045482635498047,1089
0.08207082748413086,1088
0.08374190330505371,1087
0.08552384376525879,1086
0.08719897270202637,1085
0.09059596061706543,1084
0.09217286109924316,1083
0.09383392333984375,1082
0.09555888175964355,1081
0.09718894958496094,1080
0.09874081611633301,1079
0.10029006004333496,1078
0.10261392593383789,1077
0.10430574417114258,1076
0.10606575012207031,1075
0.10894393920898438,1074
0.11051583290100098,1073
0.11207008361816406,1072
0.11362981796264648,1071
0.11520791053771973,1070
0.11677193641662598,1069
0.11844706535339355,1068
0.12015390396118164,1067
0.12191295623779297,1066
0.1236567497253418,1065
0.12534689903259277,1064
0.12697601318359375,1063
0.12859487533569336,1062
0.13018202781677246,1061
0.13176178932189941,1060
0.13336992263793945,1059
0.13506078720092773,1058
0.13680505752563477,1057
0.1384108066558838,1056
0.1416609287261963,1055
0.1442558765411377,1054
0.14583182334899902,1053
0.14870095252990723,1052
0.15027093887329102,1051
0.15199494361877441,1050
0.15369892120361328,1049
0.15548205375671387,1048
0.15768909454345703,1047
0.15933585166931152,1046
0.1615757942199707,1045
0.16334986686706543,1044
0.16517400741577148,1043
0.1679849624633789,1042
0.1701059341430664,1041
0.17219185829162598,1040
0.1740877628326416,1039
0.18211984634399414,1038
0.18384194374084473,1037
0.19252490997314453,1036
0.19820213317871094,1035
0.20117807388305664,1034
0.2056140899658203,1033
0.20807695388793945,1032
0.21269702911376953,1031
0.21711492538452148,1030
0.21880793571472168,1029
0.22155380249023438,1028
0.2238168716430664,1027
0.22557997703552246,1026
0.22726011276245117,1025
0.2288827896118164,1024
0.23212695121765137,1023
0.23382282257080078,1022
0.2355670928955078,1021
0.23724102973937988,1020
0.24022793769836426,1019
0.24510788917541504,1018
0.2502157688140869,1017
0.2535107135772705,1016
0.2551579475402832,1015
0.25694775581359863,1014
0.2586510181427002,1013
0.26073598861694336,1012
0.2623429298400879,1011
0.2639620304107666,1010
0.26551294326782227,1009
0.26706695556640625,1008
0.26883506774902344,1007
0.27389097213745117,1006
0.27636289596557617,1005
0.28188204765319824,1004
0.2835698127746582,1003
0.2867438793182373,1002
0.28863000869750977,1001
0.2917778491973877,1000
0.29372692108154297,999
0.3040030002593994,998
0.3056809902191162,997
0.30735087394714355,996
0.3107268810272217,995
0.3123459815979004,994
0.3163759708404541,993
0.32103991508483887,992
0.32376909255981445,991
0.32590293884277344,990
0.32750511169433594,989
0.33266401290893555,988
0.33622002601623535,987
0.3381919860839844,986
0.33986592292785645,985
0.3418118953704834,984
0.34346485137939453,983
0.34544897079467773,982
0.3470277786254883,981
0.34859299659729004,980
0.3501899242401123,979
0.3563709259033203,978
0.35800790786743164,977
0.3606550693511963,976
0.36232900619506836,975
0.3639369010925293,974
0.36564183235168457,973
0.3702199459075928,972
0.3728020191192627,971
0.37535881996154785,970
0.37703800201416016,969
0.3801860809326172,968
0.3817567825317383,967
0.38677501678466797,966
0.390139102935791,965
0.39182496070861816,964
0.39384007453918457,963
0.395413875579834,962
0.3970019817352295,961
0.3985869884490967,960
0.40081787109375,959
0.40238189697265625,958
0.4077889919281006,957
0.4096219539642334,956
0.41268181800842285,955
0.41581201553344727,954
0.41739392280578613,953
0.42010498046875,952
0.42467808723449707,951
0.4265899658203125,950
0.42816996574401855,949
0.4342648983001709,948
0.4361729621887207,947
0.4382939338684082,946
0.4399409294128418,945
0.4431569576263428,944
0.4519050121307373,943
0.4543039798736572,942
0.45613789558410645,941
0.45824289321899414,940
0.4596068859100342,939
0.46350574493408203,938
0.4656369686126709,937
0.46907687187194824,936
0.4715299606323242,935
0.4742729663848877,934
0.47558093070983887,933
0.4768848419189453,932
0.4849541187286377,931
0.4865550994873047,930
0.4923250675201416,929
0.4949517250061035,928
0.49843287467956543,927
0.5011870861053467,926
0.5075969696044922,925
0.5113530158996582,924
0.5146548748016357,923
0.5163528919219971,922
0.5176491737365723,921
0.52004075050354,920
0.530998945236206,919
0.5323529243469238,918
0.5380849838256836,917
0.5408508777618408,916
0.5434849262237549,915
0.5449247360229492,914
0.5462219715118408,913
0.5528638362884521,912
0.5623631477355957,911
0.5642600059509277,910
0.5668559074401855,909
0.5689799785614014,908
0.5720770359039307,907
0.5746159553527832,906
0.5797269344329834,905
0.580996036529541,904
0.5831079483032227,903
0.5853888988494873,902
0.5946841239929199,901
0.5971591472625732,900
0.6005458831787109,899
0.6032049655914307,898
0.6129069328308105,897
0.6142251491546631,896
0.6219167709350586,895
0.6232118606567383,894
0.6245319843292236,893
0.6259140968322754,892
0.6323609352111816,891
0.6351830959320068,890
0.6365749835968018,889
0.6391310691833496,888
0.6423568725585938,887
0.6442039012908936,886
0.6464529037475586,885
0.6588389873504639,884
0.6628639698028564,883
0.6641478538513184,882
0.6710817813873291,881
0.672353982925415,880
0.6736869812011719,879
0.6755807399749756,878
0.6794238090515137,877
0.6807000637054443,876
0.6829969882965088,875
0.6870410442352295,874
0.6901180744171143,873
0.6923110485076904,872
0.6943349838256836,871
0.6997721195220947,870
0.7033309936523438,869
0.7088899612426758,868
0.711292028427124,867
0.7128779888153076,866
0.7141380310058594,865
0.7165207862854004,864
0.7196149826049805,863
0.7248399257659912,862
0.726449728012085,861
0.7277379035949707,860
0.7301599979400635,859
0.7314417362213135,858
0.7435219287872314,857
0.7485628128051758,856
0.7512600421905518,855
0.7526979446411133,854
0.7604761123657227,853
0.7625110149383545,852
0.7642369270324707,851
0.765510082244873,850
0.7676310539245605,849
0.7706470489501953,848
0.7752737998962402,847
0.7782599925994873,846
0.7823328971862793,845
0.7934870719909668,844
0.7952737808227539,843
0.7965638637542725,842
0.7978427410125732,841
0.8021259307861328,840
0.8034229278564453,839
0.8144590854644775,838
0.81587815284729,837
0.8290359973907471,836
0.8404090404510498,835
0.8492650985717773,834
0.8636877536773682,833
0.8801999092102051,832
0.8821439743041992,831
0.883734941482544,830
0.8921990394592285,829
0.8936429023742676,828
0.8970098495483398,827
0.9086298942565918,826
0.9151437282562256,825
0.9203109741210938,824
0.9257750511169434,823
0.9274108409881592,822
0.929175853729248,821
0.9339900016784668,820
0.9411580562591553,819
0.9473159313201904,818
0.9516170024871826,817
0.9596278667449951,816
0.9809310436248779,815
0.9821979999542236,814
0.9863510131835938,813
0.9883937835693359,812
0.9915680885314941,811
1.0009667873382568,810
1.0024878978729248,809
1.010502815246582,808
1.0175538063049316,807
1.022068977355957,806
1.0267829895019531,805
1.0332400798797607,804
1.0574328899383545,803
1.0599720478057861,802
1.0676779747009277,801
1.0773417949676514,800
1.0878498554229736,799
1.0927579402923584,798
1.113588809967041,797
1.1170568466186523,796
1.118433952331543,795
1.1573140621185303,794
1.1603519916534424,793
1.176429033279419,792
1.180164098739624,791
1.1814749240875244,790
1.2073659896850586,789
1.2101728916168213,788
1.222646951675415,787
1.2437820434570312,786
1.2524490356445312,785
1.2978878021240234,784
1.3078367710113525,783
1.3092830181121826,782
1.3543598651885986,781
1.3595890998840332,780
1.378999948501587,779
1.3841798305511475,778
1.3954029083251953,777
1.4121668338775635,776
1.4156348705291748,775
1.4173870086669922,774
1.4240920543670654,773
1.4395718574523926,772
1.4544570446014404,771
1.4666800498962402,770
1.5078561305999756,769
1.5308940410614014,768
1.5552089214324951,767
1.5712707042694092,766
1.5811350345611572,765
1.5831849575042725,764
1.5869801044464111,763
1.5890569686889648,762
1.5903899669647217,761
1.594655990600586,760
1.611875057220459,759
1.6176209449768066,758
1.6307470798492432,757
1.6322250366210938,756
1.6375160217285156,755
1.6394920349121094,754
1.6498570442199707,753
1.6535840034484863,752
1.6575138568878174,751
1.6655380725860596,750
1.6681468486785889,749
1.6949400901794434,748
1.7141969203948975,747
1.7162668704986572,746
1.7179498672485352,745
1.719294786453247,744
1.731679916381836,743
1.7344491481781006,742
1.7359211444854736,741
1.739556074142456,740
1.759720802307129,739
1.7817490100860596,738
1.7942891120910645,737
1.8108789920806885,736
1.8124749660491943,735
1.822843074798584,734
1.838223934173584,733
1.8756887912750244,732
1.877007007598877,731
1.88553786277771,730
1.8935909271240234,729
1.8985629081726074,728
1.935868740081787,727
1.9381427764892578,726
1.9546489715576172,725
1.9562008380889893,724
2.016623020172119,723
2.0180678367614746,722
2.0214340686798096,721
2.0338118076324463,720
2.0536818504333496,719
2.0616800785064697,718
2.1267571449279785,717
2.1378400325775146,716
2.2668519020080566,715
2.282087802886963,714
2.311081886291504,713
2.370208978652954,712
2.3775248527526855,711
2.3898229598999023,710
2.4059271812438965,709
2.4335639476776123,708
2.437760829925537,707
2.5553348064422607,706
2.57309889793396,705
2.5777180194854736,704
2.609699010848999,703
2.64271879196167,702
2.6558640003204346,701
2.6590898036956787,700
2.6608870029449463,699
2.798503875732422,698
2.812088966369629,697
2.864482879638672,696
2.9333748817443848,695
2.9530720710754395,694
3.0200700759887695,693
3.125854969024658,692
3.227857828140259,691
3.5393388271331787,690
3.5571630001068115,689
3.6793148517608643,688
3.944640874862671,687
3.972476005554199,686
4.0238518714904785,685
4.196630954742432,684
4.245051145553589,683
4.2550578117370605,682
4.315100908279419,681
5.245332956314087,680
5.704041957855225,679
5.895366907119751,678
9.588527917861938,677
