0.027653217315673828,761
0.0339963436126709,760
0.040218353271484375,759
0.0464167594909668,758
0.052483558654785156,757
0.05858421325683594,756
0.06484627723693848,755
0.07107758522033691,754
0.07712221145629883,753
0.08313870429992676,752
0.08922600746154785,751
0.09520292282104492,750
0.10122251510620117,749
0.10739374160766602,748
0.11350512504577637,747
0.11956977844238281,746
0.12565350532531738,745
0.13170599937438965,744
0.13778162002563477,743
0.14372515678405762,742
0.14968490600585938,741
0.15566420555114746,740
0.16170883178710938,739
0.1677389144897461,738
0.17387127876281738,737
0.17992234230041504,736
0.1859424114227295,735
0.19184184074401855,734
0.19781160354614258,733
0.2038118839263916,732
0.20979619026184082,731
0.2158195972442627,730
0.2217576503753662,729
0.22775816917419434,728
0.2337627410888672,727
0.23959994316101074,726
0.24552035331726074,725
0.25146937370300293,724
0.2575066089630127,723
0.263552188873291,722
0.26952600479125977,721
0.2754242420196533,720
0.2813115119934082,719
0.28726863861083984,718
0.29311490058898926,717
0.2992208003997803,716
0.30522775650024414,715
0.31122565269470215,714
0.31713247299194336,713
0.32294225692749023,712
0.32873988151550293,711
0.33461809158325195,710
0.3403794765472412,709
0.34626221656799316,708
0.3522355556488037,707
0.35819578170776367,706
0.36415886878967285,705
0.3700125217437744,704
0.37581610679626465,703
0.3816816806793213,702
0.3876643180847168,701
0.3935890197753906,700
0.39946866035461426,699
0.4053783416748047,698
0.4112873077392578,697
0.41713643074035645,696
0.42298245429992676,695
0.42876315116882324,694
0.43454909324645996,693
0.4403386116027832,692
0.4462454319000244,691
0.45208168029785156,690
0.45803022384643555,689
0.46389079093933105,688
0.46973633766174316,687
0.47553443908691406,686
0.4813854694366455,685
0.4872746467590332,684
0.4929988384246826,683
0.49886560440063477,682
0.5047683715820312,681
0.5106983184814453,680
0.516648530960083,679
0.5224423408508301,678
0.5283033847808838,677
0.5340471267700195,676
0.5398705005645752,675
0.5456817150115967,674
0.5514352321624756,673
0.5573301315307617,672
0.5632319450378418,671
0.5691313743591309,670
0.5749843120574951,669
0.580773115158081,668
0.5865974426269531,667
0.592444658279419,666
0.5982036590576172,665
0.6039412021636963,664
0.609870433807373,663
0.6157410144805908,662
0.6216115951538086,661
0.627521276473999,660
0.6333811283111572,659
0.6391141414642334,658
0.6447896957397461,657
0.6506426334381104,656
0.6564767360687256,655
0.6622381210327148,654
0.6680471897125244,653
0.6739139556884766,652
0.6797702312469482,651
0.6855800151824951,650
0.6913537979125977,649
0.6971447467803955,648
0.7029659748077393,647
0.7088418006896973,646
0.7146778106689453,645
0.7491791248321533,644
