0.027285337448120117,761
0.033319711685180664,760
0.039171695709228516,759
0.04506254196166992,758
0.050995826721191406,757
0.056867361068725586,756
0.06269693374633789,755
0.0684971809387207,754
0.0743558406829834,753
0.0806589126586914,752
0.08680891990661621,751
0.09288430213928223,750
0.09915280342102051,749
0.10520482063293457,748
0.11143708229064941,747
0.11743974685668945,746
0.12359309196472168,745
0.12968134880065918,744
0.13569068908691406,743
0.1419060230255127,742
0.14789676666259766,741
0.15406584739685059,740
0.16006088256835938,739
0.1662614345550537,738
0.17237472534179688,737
0.17858314514160156,736
0.1846308708190918,735
0.19078898429870605,734
0.19771790504455566,733
0.20396995544433594,732
0.20993661880493164,731
0.21602964401245117,730
0.22211909294128418,729
0.22821545600891113,728
0.23418712615966797,727
0.240264892578125,726
0.24621915817260742,725
0.252155065536499,724
0.2581331729888916,723
0.26409125328063965,722
0.270068883895874,721
0.2759678363800049,720
0.2818715572357178,719
0.2878117561340332,718
0.29372406005859375,717
0.2996079921722412,716
0.30548930168151855,715
0.31143784523010254,714
0.3173246383666992,713
0.3232247829437256,712
0.32912516593933105,711
0.3350067138671875,710
0.34084129333496094,709
0.346682071685791,708
0.35254836082458496,707
0.3591773509979248,706
0.3651144504547119,705
0.37102293968200684,704
0.3768017292022705,703
0.38254833221435547,702
0.3883018493652344,701
0.3940396308898926,700
0.39977359771728516,699
0.4054908752441406,698
0.41121912002563477,697
0.41693568229675293,696
0.4226393699645996,695
0.4283730983734131,694
0.4340853691101074,693
0.43973493576049805,692
0.44537901878356934,691
0.451038122177124,690
0.4566500186920166,689
0.4622509479522705,688
0.4678528308868408,687
0.4734776020050049,686
0.4790663719177246,685
0.4846527576446533,684
0.49021434783935547,683
0.49576687812805176,682
0.5012874603271484,681
0.5067994594573975,680
0.5122759342193604,679
0.5177567005157471,678
0.5233900547027588,677
0.5288710594177246,676
0.5344393253326416,675
0.5399832725524902,674
0.5455241203308105,673
0.5510210990905762,672
0.5566260814666748,671
0.5623021125793457,670
0.5678212642669678,669
0.573300838470459,668
0.578728437423706,667
0.584174633026123,666
0.5896155834197998,665
0.5950429439544678,664
0.6004657745361328,663
0.6058952808380127,662
0.6113193035125732,661
0.6167559623718262,660
0.622178316116333,659
0.6276149749755859,658
0.6330366134643555,657
0.6384835243225098,656
0.6438860893249512,655
0.6493308544158936,654
0.6547601222991943,653
0.6601920127868652,652
0.6656010150909424,651
0.6710503101348877,650
0.6764576435089111,649
0.6818454265594482,648
0.6874048709869385,647
0.6930725574493408,646
0.6984796524047852,645
0.7038781642913818,644
0.7092876434326172,643
0.7147440910339355,642
0.7202050685882568,641
0.7260034084320068,640
0.7317500114440918,639
0.7374110221862793,638
0.7432165145874023,637
0.7879438400268555,636
