0.02618861198425293,761
0.03234124183654785,760
0.03836941719055176,759
0.04431748390197754,758
0.05012965202331543,757
0.056017160415649414,756
0.06186389923095703,755
0.06774020195007324,754
0.07368111610412598,753
0.0795443058013916,752
0.08532166481018066,751
0.09114980697631836,750
0.09694838523864746,749
0.10271596908569336,748
0.10828733444213867,747
0.11392593383789062,746
0.11957669258117676,745
0.12510323524475098,744
0.13099288940429688,743
0.13692975044250488,742
0.14293122291564941,741
0.14893317222595215,740
0.15485692024230957,739
0.16077971458435059,738
0.16672682762145996,737
0.17261481285095215,736
0.17850852012634277,735
0.18477654457092285,734
0.19064688682556152,733
0.19646191596984863,732
0.20226573944091797,731
0.20810651779174805,730
0.21389436721801758,729
0.21965765953063965,728
0.2253737449645996,727
0.23108649253845215,726
0.23674702644348145,725
0.2424149513244629,724
0.24805402755737305,723
0.2536942958831787,722
0.2592189311981201,721
0.26473474502563477,720
0.2702295780181885,719
0.2757272720336914,718
0.2811720371246338,717
0.2865419387817383,716
0.2919197082519531,715
0.2973039150238037,714
0.3027608394622803,713
0.30819272994995117,712
0.3135986328125,711
0.31920790672302246,710
0.32471537590026855,709
0.3301208019256592,708
0.33552074432373047,707
0.340909481048584,706
0.34624600410461426,705
0.3515942096710205,704
0.35694384574890137,703
0.36228513717651367,702
0.3676447868347168,701
0.37299394607543945,700
0.37835168838500977,699
0.38372802734375,698
0.3890867233276367,697
0.3944525718688965,696
0.39980316162109375,695
0.40513086318969727,694
0.4106121063232422,693
0.41593241691589355,692
0.4212820529937744,691
0.42668676376342773,690
0.432204008102417,689
0.4378790855407715,688
0.44353318214416504,687
0.449190616607666,686
0.4545707702636719,685
0.4598820209503174,684
0.46517109870910645,683
0.47057199478149414,682
0.4759101867675781,681
0.48119568824768066,680
0.486483097076416,679
0.4918241500854492,678
0.4972038269042969,677
0.5024890899658203,676
0.507939338684082,675
0.5133950710296631,674
0.5197649002075195,673
0.5253140926361084,672
0.5309014320373535,671
0.5365025997161865,670
0.5420887470245361,669
0.5477182865142822,668
0.5533003807067871,667
0.5587563514709473,666
0.564244270324707,665
0.5697195529937744,664
0.5753567218780518,663
0.5811886787414551,662
0.5870299339294434,661
0.592806339263916,660
0.5985918045043945,659
0.6043648719787598,658
0.6101627349853516,657
0.615957498550415,656
0.621809720993042,655
0.6276547908782959,654
0.6335101127624512,653
0.6394181251525879,652
0.6453003883361816,651
0.651179313659668,650
0.657109260559082,649
0.6630566120147705,648
0.6689419746398926,647
0.6748194694519043,646
0.6807379722595215,645
0.6876430511474609,644
0.6935708522796631,643
0.6995038986206055,642
0.705446720123291,641
0.7114346027374268,640
0.7174069881439209,639
0.7233846187591553,638
0.729386568069458,637
0.7353994846343994,636
0.7414700984954834,635
0.7476012706756592,634
