0.026539087295532227,761
0.03261518478393555,760
0.04510855674743652,759
0.051019906997680664,758
0.056849002838134766,757
0.06270647048950195,756
0.06848978996276855,755
0.07418656349182129,754
0.07992053031921387,753
0.08563971519470215,752
0.09144282341003418,751
0.09717917442321777,750
0.10289740562438965,749
0.1085968017578125,748
0.11426854133605957,747
0.11989855766296387,746
0.12552642822265625,745
0.13118648529052734,744
0.13681674003601074,743
0.14249348640441895,742
0.1480998992919922,741
0.15373778343200684,740
0.1594552993774414,739
0.16511917114257812,738
0.1708083152770996,737
0.17644548416137695,736
0.18205833435058594,735
0.18765711784362793,734
0.19328546524047852,733
0.19889140129089355,732
0.20450925827026367,731
0.2101747989654541,730
0.21584677696228027,729
0.2216038703918457,728
0.22721362113952637,727
0.2328178882598877,726
0.23845219612121582,725
0.24403667449951172,724
0.24963593482971191,723
0.25519895553588867,722
0.2608203887939453,721
0.26649904251098633,720
0.2721397876739502,719
0.2777681350708008,718
0.28334736824035645,717
0.28888797760009766,716
0.29447245597839355,715
0.3000826835632324,714
0.30562829971313477,713
0.3111746311187744,712
0.3167600631713867,711
0.3223111629486084,710
0.32884883880615234,709
0.33443570137023926,708
0.34010815620422363,707
0.3456878662109375,706
0.35123419761657715,705
0.3567972183227539,704
0.3624565601348877,703
0.36819028854370117,702
0.3737635612487793,701
0.37931060791015625,700
0.3848707675933838,699
0.3904304504394531,698
0.3960404396057129,697
0.40160083770751953,696
0.4071648120880127,695
0.4126923084259033,694
0.41826701164245605,693
0.42378830909729004,692
0.42931342124938965,691
0.4348316192626953,690
0.4403543472290039,689
0.44588375091552734,688
0.45149874687194824,687
0.45707058906555176,686
0.4626171588897705,685
0.46811842918395996,684
0.4736473560333252,683
0.47915220260620117,682
0.4846615791320801,681
0.490933895111084,680
0.4965662956237793,679
0.5020828247070312,678
0.5075767040252686,677
0.513117790222168,676
0.5187065601348877,675
0.524237871170044,674
0.5297513008117676,673
0.5352754592895508,672
0.5407679080963135,671
0.5462532043457031,670
0.551720380783081,669
0.557274341583252,668
0.5627579689025879,667
0.5682399272918701,666
0.5737690925598145,665
0.579322099685669,664
0.5848100185394287,663
0.590285062789917,662
0.5957748889923096,661
0.6012661457061768,660
0.606712818145752,659
0.612175703048706,658
0.6176388263702393,657
0.6231350898742676,656
0.6286625862121582,655
0.634221076965332,654
0.6397595405578613,653
0.6452274322509766,652
0.6507070064544678,651
0.656158447265625,650
0.6616425514221191,649
0.6671099662780762,648
0.6725659370422363,647
0.6780071258544922,646
0.6834614276885986,645
0.6889181137084961,644
0.6944422721862793,643
0.6999201774597168,642
0.7054462432861328,641
0.711007833480835,640
0.7166695594787598,639
