0.019898414611816406,761
0.024139881134033203,760
0.028220415115356445,759
0.032315969467163086,758
0.036386966705322266,757
0.04045534133911133,756
0.044493675231933594,755
0.048619985580444336,754
0.05263257026672363,753
0.0566868782043457,752
0.0607304573059082,751
0.06478214263916016,750
0.0688323974609375,749
0.07291388511657715,748
0.07691311836242676,747
0.0809030532836914,746
0.08486628532409668,745
0.08882999420166016,744
0.09285640716552734,743
0.09686708450317383,742
0.10083270072937012,741
0.10483217239379883,740
0.10880446434020996,739
0.11276102066040039,738
0.11673474311828613,737
0.1206817626953125,736
0.12463068962097168,735
0.1285867691040039,734
0.13251686096191406,733
0.13645315170288086,732
0.14046955108642578,731
0.14441394805908203,730
0.1483445167541504,729
0.15229153633117676,728
0.15624165534973145,727
0.16017913818359375,726
0.16411709785461426,725
0.16805291175842285,724
0.17197060585021973,723
0.17587566375732422,722
0.1797952651977539,721
0.18373394012451172,720
0.18764925003051758,719
0.19159173965454102,718
0.19551897048950195,717
0.19942378997802734,716
0.20334887504577637,715
0.20723867416381836,714
0.21113324165344238,713
0.21502256393432617,712
0.21891188621520996,711
0.22283291816711426,710
0.22678017616271973,709
0.23067402839660645,708
0.2345752716064453,707
0.23846197128295898,706
0.24235057830810547,705
0.24622583389282227,704
0.25011277198791504,703
0.2540156841278076,702
0.2579061985015869,701
0.26178860664367676,700
0.2656717300415039,699
0.2695615291595459,698
0.2734823226928711,697
0.2773897647857666,696
0.2812685966491699,695
0.28513383865356445,694
0.2890026569366455,693
0.29288721084594727,692
0.2967672348022461,691
0.30064821243286133,690
0.30452418327331543,689
0.3084983825683594,688
0.3123891353607178,687
0.3162517547607422,686
0.3201165199279785,685
0.32405686378479004,684
0.32793498039245605,683
0.33180880546569824,682
0.33566737174987793,681
0.3395264148712158,680
0.34339189529418945,679
0.34723949432373047,678
0.35109925270080566,677
0.35495829582214355,676
0.35881662368774414,675
0.3626737594604492,674
0.3665187358856201,673
0.37038326263427734,672
0.37422800064086914,671
0.37809181213378906,670
0.38194990158081055,669
0.38579320907592773,668
0.38964176177978516,667
0.3934941291809082,666
0.3973569869995117,665
0.4011838436126709,664
0.40502476692199707,663
0.40885424613952637,662
0.4126908779144287,661
0.4165225028991699,660
0.42035436630249023,659
0.424175500869751,658
0.4280130863189697,657
0.43183112144470215,656
0.43565940856933594,655
0.43948984146118164,654
0.4433131217956543,653
0.4471464157104492,652
0.4509742259979248,651
0.45479536056518555,650
0.458629846572876,649
0.4625096321105957,648
0.7788739204406738,647
