0.0011284351348876953,1132
0.002094745635986328,1131
0.0029935836791992188,1130
0.003901958465576172,1129
0.004868507385253906,1128
0.006241321563720703,1127
0.0071201324462890625,1126
0.007996797561645508,1125
0.00893092155456543,1124
0.009810447692871094,1123
0.010689020156860352,1122
0.011567115783691406,1121
0.012444734573364258,1120
0.013389110565185547,1119
0.014270544052124023,1118
0.015149354934692383,1117
0.0160367488861084,1116
0.016919851303100586,1115
0.01779937744140625,1114
0.01867818832397461,1113
0.019667387008666992,1112
0.020549535751342773,1111
0.021464824676513672,1110
0.022342920303344727,1109
0.023223876953125,1108
0.024100303649902344,1107
0.02501368522644043,1106
0.025890588760375977,1105
0.02677130699157715,1104
0.027647972106933594,1103
0.02852797508239746,1102
0.029792070388793945,1101
0.030671119689941406,1100
0.03154897689819336,1099
0.03310203552246094,1098
0.0339810848236084,1097
0.03487801551818848,1096
0.03576850891113281,1095
0.03669381141662598,1094
0.038805484771728516,1093
0.039689064025878906,1092
0.04057168960571289,1091
0.042436838150024414,1090
0.04338264465332031,1089
0.044329166412353516,1088
0.045281410217285156,1087
0.04623556137084961,1086
0.04719233512878418,1085
0.04909062385559082,1084
0.05003833770751953,1083
0.050980329513549805,1082
0.05190443992614746,1081
0.052840471267700195,1080
0.05380082130432129,1079
0.05470633506774902,1078
0.05595278739929199,1077
0.05686020851135254,1076
0.05776548385620117,1075
0.05936861038208008,1074
0.06027340888977051,1073
0.06123542785644531,1072
0.06214094161987305,1071
0.06304454803466797,1070
0.06394624710083008,1069
0.06485271453857422,1068
0.06575751304626465,1067
0.06667113304138184,1066
0.06757545471191406,1065
0.06847739219665527,1064
0.06938362121582031,1063
0.0703282356262207,1062
0.07123494148254395,1061
0.07213878631591797,1060
0.07305049896240234,1059
0.07393670082092285,1058
0.07481908798217773,1057
0.07570171356201172,1056
0.07747530937194824,1055
0.07892537117004395,1054
0.07981252670288086,1053
0.08145594596862793,1052
0.08233809471130371,1051
0.08322381973266602,1050
0.08410763740539551,1049
0.08499956130981445,1048
0.08617401123046875,1047
0.08707571029663086,1046
0.08808016777038574,1045
0.08917737007141113,1044
0.0901029109954834,1043
0.09144258499145508,1042
0.09232950210571289,1041
0.09322261810302734,1040
0.09410834312438965,1039
0.09802508354187012,1038
0.09891033172607422,1037
0.10298800468444824,1036
0.10588431358337402,1035
0.10736560821533203,1034
0.10957765579223633,1033
0.11083316802978516,1032
0.11324667930603027,1031
0.11559486389160156,1030
0.11650967597961426,1029
0.11804080009460449,1028
0.11915850639343262,1027
0.12005400657653809,1026
0.12114477157592773,1025
0.12206149101257324,1024
0.12387967109680176,1023
0.12482047080993652,1022
0.12572574615478516,1021
0.1266310214996338,1020
0.12814950942993164,1019
0.1307697296142578,1018
0.13353371620178223,1017
0.13534116744995117,1016
0.13625597953796387,1015
0.1371781826019287,1014
0.13808655738830566,1013
0.13928699493408203,1012
0.1401958465576172,1011
0.14113092422485352,1010
0.14201712608337402,1009
0.14290237426757812,1008
0.14378762245178223,1007
0.14631915092468262,1006
0.14761614799499512,1005
0.15056991577148438,1004
0.15145373344421387,1003
0.15324187278747559,1002
0.15413737297058105,1001
0.15575575828552246,1000
0.1566481590270996,999
0.1627340316772461,998
0.16365408897399902,997
0.16458535194396973,996
0.16650676727294922,995
0.16741466522216797,994
0.16981005668640137,993
0.17261815071105957,992
0.17414498329162598,991
0.17537379264831543,990
0.17634987831115723,989
0.1794586181640625,988
0.18152427673339844,987
0.18258452415466309,986
0.18348360061645508,985
0.1844956874847412,984
0.1854386329650879,983
0.18656516075134277,982
0.18746662139892578,981
0.1883554458618164,980
0.18927788734436035,979
0.19276928901672363,978
0.19365739822387695,977
0.19507980346679688,976
0.1959679126739502,975
0.19686007499694824,974
0.19774794578552246,973
0.20027995109558105,972
0.20148897171020508,971
0.2027740478515625,970
0.2036736011505127,969
0.20545554161071777,968
0.2063448429107666,967
0.20907902717590332,966
0.21085262298583984,965
0.21174049377441406,964
0.21289920806884766,963
0.21378660202026367,962
0.21467351913452148,961
0.2155604362487793,960
0.2168407440185547,959
0.21773076057434082,958
0.22068500518798828,957
0.22157669067382812,956
0.22324681282043457,955
0.22502374649047852,954
0.22591304779052734,953
0.22731590270996094,952
0.22978639602661133,951
0.2308666706085205,950
0.23175716400146484,949
0.2351667881011963,948
0.23620343208312988,947
0.23740363121032715,946
0.2382967472076416,945
0.24006891250610352,944
0.24503445625305176,943
0.24644112586975098,942
0.24756574630737305,941
0.24892210960388184,940
0.24981164932250977,939
0.2524678707122803,938
0.25396203994750977,937
0.25627875328063965,936
0.25797295570373535,935
0.25980257987976074,934
0.2606973648071289,933
0.26158595085144043,932
0.2670416831970215,931
0.267930269241333,930
0.2716989517211914,929
0.2734799385070801,928
0.27591443061828613,927
0.27770376205444336,926
0.2819788455963135,925
0.2846107482910156,924
0.2868361473083496,923
0.2880229949951172,922
0.28891849517822266,921
0.2904469966888428,920
0.29773783683776855,919
0.2986288070678711,918
0.3024923801422119,917
0.30437755584716797,916
0.30615973472595215,915
0.3071451187133789,914
0.30803894996643066,913
0.3124828338623047,912
0.31901025772094727,911
0.3203766345977783,910
0.3224337100982666,909
0.3237767219543457,908
0.32587337493896484,907
0.32753610610961914,906
0.3311309814453125,905
0.33202505111694336,904
0.3335261344909668,903
0.33496522903442383,902
0.34131932258605957,901
0.3430936336517334,900
0.3455784320831299,899
0.3472766876220703,898
0.353806734085083,897
0.35469985008239746,896
0.3597729206085205,895
0.36071252822875977,894
0.36160731315612793,893
0.36249804496765137,892
0.3669013977050781,891
0.3686823844909668,890
0.3695802688598633,889
0.3713648319244385,888
0.373502254486084,887
0.37480640411376953,886
0.3763885498046875,885
0.3850562572479248,884
0.38785386085510254,883
0.3887791633605957,882
0.39397144317626953,881
0.3948636054992676,880
0.3957686424255371,879
0.39717912673950195,878
0.3998429775238037,877
0.40076780319213867,876
0.4023754596710205,875
0.4051961898803711,874
0.4072892665863037,873
0.40882039070129395,872
0.41010570526123047,871
0.41396260261535645,870
0.41620850563049316,869
0.4200472831726074,868
0.42177248001098633,867
0.422853946685791,866
0.42374634742736816,865
0.4254629611968994,864
0.4277029037475586,863
0.43103480339050293,862
0.4321284294128418,861
0.4330253601074219,860
0.43466877937316895,859
0.4355618953704834,858
0.4436638355255127,857
0.4470498561859131,856
0.44892454147338867,855
0.44981884956359863,854
0.45509958267211914,853
0.456524133682251,852
0.4576911926269531,851
0.45859217643737793,850
0.46002626419067383,849
0.4618542194366455,848
0.464993953704834,847
0.46709370613098145,846
0.46987342834472656,845
0.47740817070007324,844
0.4786498546600342,843
0.4795405864715576,842
0.48043251037597656,841
0.4834015369415283,840
0.48429417610168457,839
0.49181294441223145,838
0.49271273612976074,837
0.5012848377227783,836
0.5085704326629639,835
0.5139904022216797,834
0.5225973129272461,833
0.5318214893341064,832
0.5329382419586182,831
0.5338344573974609,830
0.5388669967651367,829
0.5397646427154541,828
0.542008638381958,827
0.5498964786529541,826
0.5544471740722656,825
0.5581169128417969,824
0.5618712902069092,823
0.5629665851593018,822
0.5642087459564209,821
0.567570686340332,820
0.572472095489502,819
0.5767252445220947,818
0.5797033309936523,817
0.5851056575775146,816
0.5993602275848389,815
0.600255012512207,814
0.6031930446624756,813
0.6046390533447266,812
0.6067755222320557,811
0.6137869358062744,810
0.6147823333740234,809
0.6206836700439453,808
0.6257908344268799,807
0.6289021968841553,806
0.6326324939727783,805
0.6385185718536377,804
0.6558403968811035,803
0.6576731204986572,802
0.6631448268890381,801
0.6699731349945068,800
0.6774346828460693,799
0.681013822555542,798
0.6955170631408691,797
0.6980180740356445,796
0.6989431381225586,795
0.7266066074371338,794
0.7287700176239014,793
0.7398655414581299,792
0.7425355911254883,791
0.7434313297271729,790
0.7607419490814209,789
0.7625315189361572,788
0.7708249092102051,787
0.7852413654327393,786
0.791203498840332,785
0.820859432220459,784
0.82723069190979,783
0.8281283378601074,782
0.8538463115692139,781
0.856395959854126,780
0.8658285140991211,779
0.8683385848999023,778
0.8738222122192383,777
0.8820295333862305,776
0.8838462829589844,775
0.8847746849060059,774
0.8881771564483643,773
0.8960006237030029,772
0.9037253856658936,771
0.9103269577026367,770
0.9343001842498779,769
0.948401927947998,768
0.9643881320953369,767
0.9752261638641357,766
0.9819624423980713,765
0.9833955764770508,764
0.9860794544219971,763
0.987551212310791,762
0.9884459972381592,761
0.9913911819458008,760
1.0020577907562256,759
1.0053396224975586,758
1.0132017135620117,757
1.014099359512329,756
1.0176823139190674,755
1.0189671516418457,754
1.026198148727417,753
1.0287587642669678,752
1.031510591506958,751
1.0371816158294678,750
1.0389723777770996,749
1.0570309162139893,748
1.0704295635223389,747
1.0717732906341553,746
1.0729410648345947,745
1.0738353729248047,744
1.082061767578125,743
1.083847999572754,742
1.0847482681274414,741
1.0872061252593994,740
1.1003508567810059,739
1.1143789291381836,738
1.1226437091827393,737
1.1331069469451904,736
1.1341552734375,735
1.1407880783081055,734
1.151362419128418,733
1.1765174865722656,732
1.177428960800171,731
1.1832163333892822,730
1.1884913444519043,729
1.1918859481811523,728
1.2167835235595703,727
1.2183420658111572,726
1.229353666305542,725
1.2302520275115967,724
1.2718675136566162,723
1.2727694511413574,722
1.2749745845794678,721
1.2835009098052979,720
1.297287940979004,719
1.302647590637207,718
1.3471221923828125,717
1.3548247814178467,716
1.4432041645050049,715
1.4533772468566895,714
1.4727931022644043,713
1.5136442184448242,712
1.5187132358551025,711
1.5272116661071777,710
1.538456678390503,709
1.557602882385254,708
1.560436725616455,707
1.642338514328003,706
1.6547040939331055,705
1.6576271057128906,704
1.6797101497650146,703
1.7018694877624512,702
1.7110998630523682,701
1.7131140232086182,700
1.7143192291259766,699
1.8022565841674805,698
1.8103907108306885,697
1.8456730842590332,696
1.8925220966339111,695
1.906203269958496,694
1.952089548110962,693
2.0216522216796875,692
2.0895252227783203,691
2.2927207946777344,690
2.304701566696167,689
2.3872995376586914,688
2.5686826705932617,687
2.587785243988037,686
2.6231744289398193,685
2.737720012664795,684
2.7707765102386475,683
2.7777233123779297,682
2.8177921772003174,681
3.4424593448638916,680
3.7215068340301514,679
3.845677375793457,678
6.31771445274353,677
