0.026624679565429688,761
0.03287816047668457,760
0.03896641731262207,759
0.045140981674194336,758
0.05117058753967285,757
0.057167768478393555,756
0.06318378448486328,755
0.06904077529907227,754
0.0748295783996582,753
0.08058762550354004,752
0.08635425567626953,751
0.09212994575500488,750
0.09798741340637207,749
0.10395550727844238,748
0.10987281799316406,747
0.11577200889587402,746
0.12171459197998047,745
0.12767314910888672,744
0.13365530967712402,743
0.1395425796508789,742
0.14544296264648438,741
0.15129899978637695,740
0.15701556205749512,739
0.16269612312316895,738
0.16845059394836426,737
0.17418646812438965,736
0.1798391342163086,735
0.18548846244812012,734
0.1911783218383789,733
0.19696831703186035,732
0.20279598236083984,731
0.2086799144744873,730
0.21460819244384766,729
0.22055625915527344,728
0.22652125358581543,727
0.23246455192565918,726
0.23830747604370117,725
0.24402379989624023,724
0.2496471405029297,723
0.2553079128265381,722
0.2609386444091797,721
0.26659464836120605,720
0.2722508907318115,719
0.2779567241668701,718
0.28357911109924316,717
0.2893521785736084,716
0.2951178550720215,715
0.3009676933288574,714
0.306896448135376,713
0.3128080368041992,712
0.3187410831451416,711
0.32466697692871094,710
0.3305363655090332,709
0.33622074127197266,708
0.3418385982513428,707
0.34743428230285645,706
0.3530890941619873,705
0.35872387886047363,704
0.3643021583557129,703
0.36991453170776367,702
0.37552666664123535,701
0.3811817169189453,700
0.38680076599121094,699
0.392500638961792,698
0.3983449935913086,697
0.40421223640441895,696
0.41009068489074707,695
0.41597580909729004,694
0.4218575954437256,693
0.42762064933776855,692
0.4332883358001709,691
0.43885040283203125,690
0.44440770149230957,689
0.44999122619628906,688
0.45557236671447754,687
0.4611833095550537,686
0.4667491912841797,685
0.47235846519470215,684
0.4779632091522217,683
0.48364830017089844,682
0.4894697666168213,681
0.4953010082244873,680
0.5011651515960693,679
0.5070407390594482,678
0.5128638744354248,677
0.5185971260070801,676
0.5242960453033447,675
0.5299978256225586,674
0.5355510711669922,673
0.5411412715911865,672
0.5467033386230469,671
0.5522944927215576,670
0.5578289031982422,669
0.5633633136749268,668
0.5689833164215088,667
0.5746743679046631,666
0.580399751663208,665
0.586139440536499,664
0.5919535160064697,663
0.597740650177002,662
0.6033961772918701,661
0.6090350151062012,660
0.614800214767456,659
0.6205036640167236,658
0.6261439323425293,657
0.6316583156585693,656
0.6370596885681152,655
0.6424710750579834,654
0.647895097732544,653
0.6534097194671631,652
0.6589510440826416,651
0.6645681858062744,650
0.6702108383178711,649
0.6758952140808105,648
0.6816277503967285,647
0.6873290538787842,646
0.6930797100067139,645
0.7273533344268799,644
