0.026598691940307617,761
0.0325927734375,760
0.03847455978393555,759
0.044222354888916016,758
0.05000805854797363,757
0.055773019790649414,756
0.061507225036621094,755
0.06721639633178711,754
0.07297945022583008,753
0.07874512672424316,752
0.0844566822052002,751
0.09012722969055176,750
0.09569501876831055,749
0.10145378112792969,748
0.10715556144714355,747
0.11290836334228516,746
0.11858606338500977,745
0.12431764602661133,744
0.12994790077209473,743
0.13561272621154785,742
0.14127445220947266,741
0.14692020416259766,740
0.15254688262939453,739
0.15817523002624512,738
0.16384410858154297,737
0.1694636344909668,736
0.1750943660736084,735
0.18074369430541992,734
0.18636822700500488,733
0.1919848918914795,732
0.19758319854736328,731
0.20318937301635742,730
0.20879006385803223,729
0.21434378623962402,728
0.22002744674682617,727
0.22580194473266602,726
0.2312450408935547,725
0.2366170883178711,724
0.24204754829406738,723
0.24749517440795898,722
0.25300145149230957,721
0.25855565071105957,720
0.26409411430358887,719
0.26964735984802246,718
0.27515196800231934,717
0.2806546688079834,716
0.28606343269348145,715
0.291431188583374,714
0.29679036140441895,713
0.3022449016571045,712
0.30769872665405273,711
0.31321239471435547,710
0.31887078285217285,709
0.3243448734283447,708
0.32976794242858887,707
0.3351929187774658,706
0.3406643867492676,705
0.3461935520172119,704
0.3516271114349365,703
0.3572070598602295,702
0.3631093502044678,701
0.36890554428100586,700
0.3746976852416992,699
0.38042235374450684,698
0.3861215114593506,697
0.39186692237854004,696
0.3975636959075928,695
0.40327882766723633,694
0.40894532203674316,693
0.41449737548828125,692
0.4200911521911621,691
0.4257631301879883,690
0.431424617767334,689
0.4371044635772705,688
0.4428269863128662,687
0.44849348068237305,686
0.4540112018585205,685
0.4597623348236084,684
0.4655873775482178,683
0.4713280200958252,682
0.4770197868347168,681
0.482649564743042,680
0.48835062980651855,679
0.49404335021972656,678
0.499706506729126,677
0.505422830581665,676
0.5109992027282715,675
0.5164890289306641,674
0.5220961570739746,673
0.5277068614959717,672
0.5333056449890137,671
0.5389602184295654,670
0.5445902347564697,669
0.5501611232757568,668
0.5555448532104492,667
0.5609695911407471,666
0.5664811134338379,665
0.5719842910766602,664
0.5774292945861816,663
0.5828280448913574,662
0.5886454582214355,661
0.5944883823394775,660
0.6002261638641357,659
0.6061060428619385,658
0.6118125915527344,657
0.6177480220794678,656
0.6234266757965088,655
0.6293034553527832,654
0.6350209712982178,653
0.6407632827758789,652
0.6465198993682861,651
0.6522443294525146,650
0.6580171585083008,649
0.6637289524078369,648
0.6696410179138184,647
0.6753678321838379,646
0.6810829639434814,645
0.6867368221282959,644
0.6924569606781006,643
0.6981239318847656,642
0.7038440704345703,641
0.7095012664794922,640
0.7151777744293213,639
0.720935583114624,638
0.7266309261322021,637
0.7323942184448242,636
0.7381141185760498,635
0.7438774108886719,634
1.4454538822174072,633
1.4863605499267578,632
1.5734188556671143,631
2.122959852218628,630
3.354609727859497,629
3.5792152881622314,628
3.584695339202881,627
5.060107469558716,626
