0.0010859966278076172,1132
0.001993417739868164,1131
0.002880573272705078,1130
0.0037660598754882812,1129
0.004690408706665039,1128
0.0060596466064453125,1127
0.006941318511962891,1126
0.007822513580322266,1125
0.008779525756835938,1124
0.009664535522460938,1123
0.010547876358032227,1122
0.011427164077758789,1121
0.012352466583251953,1120
0.013237953186035156,1119
0.01411747932434082,1118
0.015000581741333008,1117
0.015883922576904297,1116
0.016767024993896484,1115
0.017652034759521484,1114
0.01853466033935547,1113
0.019508838653564453,1112
0.020421266555786133,1111
0.02130126953125,1110
0.022177696228027344,1109
0.023058176040649414,1108
0.02393651008605957,1107
0.024844884872436523,1106
0.025725364685058594,1105
0.02660536766052246,1104
0.0274810791015625,1103
0.028395414352416992,1102
0.02965855598449707,1101
0.03054070472717285,1100
0.031418561935424805,1099
0.032976627349853516,1098
0.033852338790893555,1097
0.034737586975097656,1096
0.03562021255493164,1095
0.036507368087768555,1094
0.038639068603515625,1093
0.039548397064208984,1092
0.04046130180358887,1091
0.04194045066833496,1090
0.04282045364379883,1089
0.04370474815368652,1088
0.04459047317504883,1087
0.045472145080566406,1086
0.046357154846191406,1085
0.04812455177307129,1084
0.049072980880737305,1083
0.04996061325073242,1082
0.05084395408630371,1081
0.05172920227050781,1080
0.05261826515197754,1079
0.05350041389465332,1078
0.05472064018249512,1077
0.055603742599487305,1076
0.056490421295166016,1075
0.05806565284729004,1074
0.058951377868652344,1073
0.05989551544189453,1072
0.06078505516052246,1071
0.061676979064941406,1070
0.06256556510925293,1069
0.06345343589782715,1068
0.06434059143066406,1067
0.06522679328918457,1066
0.06611466407775879,1065
0.06699824333190918,1064
0.0678858757019043,1063
0.06877470016479492,1062
0.06965851783752441,1061
0.07054591178894043,1060
0.07143259048461914,1059
0.07231998443603516,1058
0.07320904731750488,1057
0.07409548759460449,1056
0.07595539093017578,1055
0.0774078369140625,1054
0.0782918930053711,1053
0.07988977432250977,1052
0.08084607124328613,1051
0.08176350593566895,1050
0.08267855644226074,1049
0.08356904983520508,1048
0.08474540710449219,1047
0.08563399314880371,1046
0.0866093635559082,1045
0.0876607894897461,1044
0.08859109878540039,1043
0.08993053436279297,1042
0.09082460403442383,1041
0.09171772003173828,1040
0.09260892868041992,1039
0.09658980369567871,1038
0.0975027084350586,1037
0.10162520408630371,1036
0.10453176498413086,1035
0.10601568222045898,1034
0.1082000732421875,1033
0.10946011543273926,1032
0.11182618141174316,1031
0.11416816711425781,1030
0.11505579948425293,1029
0.1165623664855957,1028
0.11768341064453125,1027
0.1185753345489502,1026
0.11946868896484375,1025
0.120361328125,1024
0.12214112281799316,1023
0.12302637100219727,1022
0.12391519546508789,1021
0.12480783462524414,1020
0.12629199028015137,1019
0.12886643409729004,1018
0.131577730178833,1017
0.13335180282592773,1016
0.13424229621887207,1015
0.13512802124023438,1014
0.1360161304473877,1013
0.13717031478881836,1012
0.1380631923675537,1011
0.13895583152770996,1010
0.13985490798950195,1009
0.14074921607971191,1008
0.14163446426391602,1007
0.1442272663116455,1006
0.14553308486938477,1005
0.14846467971801758,1004
0.1493549346923828,1003
0.15109896659851074,1002
0.15198922157287598,1001
0.15355777740478516,1000
0.1544480323791504,999
0.15984153747558594,998
0.16073226928710938,997
0.16165518760681152,996
0.1635303497314453,995
0.16448450088500977,994
0.1667618751525879,993
0.1693258285522461,992
0.17077064514160156,991
0.17194628715515137,990
0.1728808879852295,989
0.17578840255737305,988
0.17784810066223145,987
0.17891407012939453,986
0.17980194091796875,985
0.1808478832244873,984
0.18174147605895996,983
0.18285417556762695,982
0.1837468147277832,981
0.18464159965515137,980
0.18552947044372559,979
0.18899893760681152,978
0.18988776206970215,977
0.19131684303283691,976
0.19220781326293945,975
0.19310712814331055,974
0.19410014152526855,973
0.1967477798461914,972
0.19792842864990234,971
0.1992199420928955,970
0.20011210441589355,969
0.20189452171325684,968
0.20278620719909668,967
0.20551848411560059,966
0.20729994773864746,965
0.20818686485290527,964
0.2093188762664795,963
0.21021127700805664,962
0.21110010147094727,961
0.21199679374694824,960
0.21329641342163086,959
0.21419095993041992,958
0.21710991859436035,957
0.21800541877746582,956
0.21968412399291992,955
0.22147107124328613,954
0.2223644256591797,953
0.22376179695129395,952
0.22626447677612305,951
0.2273406982421875,950
0.22822928428649902,949
0.2316422462463379,948
0.23268604278564453,947
0.23386693000793457,946
0.23476147651672363,945
0.23654603958129883,944
0.2415328025817871,943
0.24294424057006836,942
0.24407076835632324,941
0.24539613723754883,940
0.2462904453277588,939
0.24896645545959473,938
0.2504396438598633,937
0.2527625560760498,936
0.25446105003356934,935
0.25624775886535645,934
0.2571735382080078,933
0.25806689262390137,932
0.2635996341705322,931
0.2645537853240967,930
0.2682933807373047,929
0.27008056640625,928
0.27251529693603516,927
0.27430224418640137,926
0.27852749824523926,925
0.28113532066345215,924
0.28340840339660645,923
0.2845931053161621,922
0.2854888439178467,921
0.2870190143585205,920
0.2943422794342041,919
0.29523396492004395,918
0.29911208152770996,917
0.3009943962097168,916
0.3027796745300293,915
0.30376648902893066,914
0.30466508865356445,913
0.3090991973876953,912
0.3155176639556885,911
0.31691884994506836,910
0.3187553882598877,909
0.320131778717041,908
0.32219982147216797,907
0.32387304306030273,906
0.3274850845336914,905
0.32838010787963867,904
0.3298799991607666,903
0.3313436508178711,902
0.33776068687438965,901
0.3394653797149658,900
0.3419020175933838,899
0.34360647201538086,898
0.3501255512237549,897
0.35102033615112305,896
0.35613465309143066,895
0.35703086853027344,894
0.3579270839691162,893
0.35882139205932617,892
0.36324119567871094,891
0.36503076553344727,890
0.36592578887939453,889
0.3677546977996826,888
0.3699321746826172,887
0.37123584747314453,886
0.372833251953125,885
0.3816101551055908,884
0.3844940662384033,883
0.38538599014282227,882
0.3902547359466553,881
0.3911471366882324,880
0.39203763008117676,879
0.39337921142578125,878
0.39622020721435547,877
0.39711761474609375,876
0.3986930847167969,875
0.4013938903808594,874
0.4034230709075928,873
0.40490126609802246,872
0.4061856269836426,871
0.4100198745727539,870
0.4122745990753174,869
0.4159862995147705,868
0.41766977310180664,867
0.41875195503234863,866
0.4196467399597168,865
0.42133617401123047,864
0.4234619140625,863
0.4268035888671875,862
0.4278988838195801,861
0.4288032054901123,860
0.4304671287536621,859
0.4313623905181885,858
0.4394383430480957,857
0.4428286552429199,856
0.44467926025390625,855
0.44556689262390137,854
0.45085716247558594,853
0.45227813720703125,852
0.4534299373626709,851
0.45432400703430176,850
0.45575952529907227,849
0.45758485794067383,848
0.46067261695861816,847
0.46277499198913574,846
0.46555161476135254,845
0.47323131561279297,844
0.4744751453399658,843
0.47536706924438477,842
0.4762763977050781,841
0.47925710678100586,840
0.4801511764526367,839
0.48770737648010254,838
0.4886305332183838,837
0.4972193241119385,836
0.5045115947723389,835
0.5099024772644043,834
0.5182569026947021,833
0.5274026393890381,832
0.5285141468048096,831
0.5294067859649658,830
0.5344936847686768,829
0.5353884696960449,828
0.5376145839691162,827
0.5453999042510986,826
0.5499413013458252,825
0.5536072254180908,824
0.5573937892913818,823
0.5584819316864014,822
0.5597236156463623,821
0.5630674362182617,820
0.5679643154144287,819
0.5721750259399414,818
0.5752584934234619,817
0.5806236267089844,816
0.5951099395751953,815
0.5960068702697754,814
0.5989460945129395,813
0.6003909111022949,812
0.6025316715240479,811
0.6091384887695312,810
0.610121488571167,809
0.6156258583068848,808
0.6205611228942871,807
0.6235289573669434,806
0.6266252994537354,805
0.631103515625,804
0.647618293762207,803
0.6493704319000244,802
0.6547548770904541,801
0.6614904403686523,800
0.6688764095306396,799
0.672187328338623,798
0.686312198638916,797
0.6888320446014404,796
0.6897773742675781,795
0.7164843082427979,794
0.7185847759246826,793
0.7295918464660645,792
0.7321982383728027,791
0.7330961227416992,790
0.7501704692840576,789
0.7519605159759521,788
0.7601156234741211,787
0.7740373611450195,786
0.779975175857544,785
0.809457540512085,784
0.8155984878540039,783
0.8164970874786377,782
0.8421504497528076,781
0.844689130783081,780
0.8540661334991455,779
0.8566124439239502,778
0.8620076179504395,777
0.8701362609863281,776
0.8719527721405029,775
0.8728790283203125,774
0.8761935234069824,773
0.884070873260498,772
0.8917551040649414,771
0.8983492851257324,770
0.9216725826263428,769
0.9358830451965332,768
0.9517378807067871,767
0.9624965190887451,766
0.9692702293395996,765
0.9706981182098389,764
0.973381757736206,763
0.9748296737670898,762
0.975724458694458,761
0.9786968231201172,760
0.9894957542419434,759
0.9927518367767334,758
1.0008573532104492,757
1.0017502307891846,756
1.0053246021270752,755
1.0066065788269043,754
1.0138983726501465,753
1.0164752006530762,752
1.0192151069641113,751
1.0248005390167236,750
1.02659010887146,749
1.0446805953979492,748
1.0580308437347412,747
1.0593185424804688,746
1.060455322265625,745
1.0613503456115723,744
1.0695350170135498,743
1.0713276863098145,742
1.0722224712371826,741
1.074678659439087,740
1.088066816329956,739
1.102116584777832,738
1.1101009845733643,737
1.1205496788024902,736
1.1215689182281494,735
1.1280629634857178,734
1.1386432647705078,733
1.1637458801269531,732
1.1646456718444824,731
1.170220136642456,730
1.1754610538482666,729
1.1788315773010254,728
1.2040445804595947,727
1.2056019306182861,726
1.2165801525115967,725
1.217479944229126,724
1.2588512897491455,723
1.2597510814666748,722
1.261958122253418,721
1.270416259765625,720
1.28422212600708,719
1.2896783351898193,718
1.3335919380187988,717
1.3412227630615234,716
1.4299366474151611,715
1.4401025772094727,714
1.4594385623931885,713
1.5003471374511719,712
1.5054261684417725,711
1.5136656761169434,710
1.5250322818756104,709
1.5442585945129395,708
1.5470936298370361,707
1.6281499862670898,706
1.6404438018798828,705
1.6433372497558594,704
1.665222406387329,703
1.687324047088623,702
1.69659423828125,701
1.6986052989959717,700
1.6998085975646973,699
1.7882976531982422,698
1.7966845035552979,697
1.8323218822479248,696
1.8792047500610352,695
1.89324951171875,694
1.938767910003662,693
2.0086584091186523,692
2.076629400253296,691
2.2791807651519775,690
2.2912039756774902,689
2.373565912246704,688
2.5549135208129883,687
2.5741279125213623,686
2.6093392372131348,685
2.7232468128204346,684
2.7565293312072754,683
2.7634785175323486,682
2.8039820194244385,681
3.4281153678894043,680
3.705698251724243,679
3.8295540809631348,678
6.2947399616241455,677
