0.0017130374908447266,1132
0.0033190250396728516,1131
0.004878044128417969,1130
0.006554841995239258,1129
0.008897066116333008,1128
0.011508941650390625,1127
0.013150930404663086,1126
0.01477813720703125,1125
0.0164339542388916,1124
0.018184900283813477,1123
0.019989013671875,1122
0.02179098129272461,1121
0.023645877838134766,1120
0.025396108627319336,1119
0.027034997940063477,1118
0.02857804298400879,1117
0.030147075653076172,1116
0.031738996505737305,1115
0.033334970474243164,1114
0.035032033920288086,1113
0.03684401512145996,1112
0.038429975509643555,1111
0.03998422622680664,1110
0.04152703285217285,1109
0.04307413101196289,1108
0.04462313652038574,1107
0.04618692398071289,1106
0.04788517951965332,1105
0.04959416389465332,1104
0.05126190185546875,1103
0.052854061126708984,1102
0.05509305000305176,1101
0.056656837463378906,1100
0.05821490287780762,1099
0.06090712547302246,1098
0.06242799758911133,1097
0.06416797637939453,1096
0.06591200828552246,1095
0.0676119327545166,1094
0.07140707969665527,1093
0.07298684120178223,1092
0.07454586029052734,1091
0.07712888717651367,1090
0.07860708236694336,1089
0.08005094528198242,1088
0.08143901824951172,1087
0.08277511596679688,1086
0.08405208587646484,1085
0.08659505844116211,1084
0.08788895606994629,1083
0.08917617797851562,1082
0.09045195579528809,1081
0.09173703193664551,1080
0.09301900863647461,1079
0.0943291187286377,1078
0.0961160659790039,1077
0.09805703163146973,1076
0.09949493408203125,1075
0.10230803489685059,1074
0.10382318496704102,1073
0.105316162109375,1072
0.10683298110961914,1071
0.10836195945739746,1070
0.10990691184997559,1069
0.11142086982727051,1068
0.11287713050842285,1067
0.11456108093261719,1066
0.11627912521362305,1065
0.11818695068359375,1064
0.11986112594604492,1063
0.12142586708068848,1062
0.1229701042175293,1061
0.12451410293579102,1060
0.12606501579284668,1059
0.12755990028381348,1058
0.12906193733215332,1057
0.13075900077819824,1056
0.13434123992919922,1055
0.13700413703918457,1054
0.13857007026672363,1053
0.14137816429138184,1052
0.142927885055542,1051
0.1444721221923828,1050
0.14601922035217285,1049
0.14763283729553223,1048
0.15018010139465332,1047
0.15196609497070312,1046
0.1540980339050293,1045
0.1558232307434082,1044
0.15747785568237305,1043
0.15982317924499512,1042
0.1613929271697998,1041
0.16295599937438965,1040
0.16460299491882324,1039
0.1728219985961914,1038
0.17472505569458008,1037
0.18260884284973145,1036
0.18794798851013184,1035
0.19073009490966797,1034
0.19513297080993652,1033
0.19781208038330078,1032
0.20293498039245605,1031
0.2076859474182129,1030
0.2094740867614746,1029
0.21220898628234863,1028
0.21424508094787598,1027
0.2158820629119873,1026
0.2175760269165039,1025
0.21923089027404785,1024
0.2225961685180664,1023
0.22438406944274902,1022
0.22606325149536133,1021
0.22768115997314453,1020
0.23029613494873047,1019
0.23491191864013672,1018
0.23998308181762695,1017
0.24345707893371582,1016
0.24506282806396484,1015
0.2466261386871338,1014
0.24818801879882812,1013
0.25019001960754395,1012
0.25174903869628906,1011
0.25332093238830566,1010
0.2548952102661133,1009
0.25646114349365234,1008
0.2580230236053467,1007
0.2625741958618164,1006
0.26489806175231934,1005
0.26996517181396484,1004
0.27152013778686523,1003
0.27456212043762207,1002
0.27605509757995605,1001
0.278486967086792,1000
0.27997708320617676,999
0.28789806365966797,998
0.28927016258239746,997
0.29070210456848145,996
0.29340100288391113,995
0.2946901321411133,994
0.29797983169555664,993
0.3016068935394287,992
0.30374598503112793,991
0.3055429458618164,990
0.3069300651550293,989
0.31128597259521484,988
0.31435704231262207,987
0.31595301628112793,986
0.3172779083251953,985
0.3188300132751465,984
0.32021403312683105,983
0.32193517684936523,982
0.3233458995819092,981
0.32471203804016113,980
0.32608580589294434,979
0.3313279151916504,978
0.3327338695526123,977
0.3348970413208008,976
0.3362560272216797,975
0.33764100074768066,974
0.3390982151031494,973
0.34294986724853516,972
0.3447380065917969,971
0.3467390537261963,970
0.3480949401855469,969
0.35080695152282715,968
0.35216689109802246,967
0.35636091232299805,966
0.35912513732910156,965
0.3604879379272461,964
0.3622121810913086,963
0.3636050224304199,962
0.3650171756744385,961
0.3663780689239502,960
0.36830806732177734,959
0.3697669506072998,958
0.37403297424316406,957
0.3753039836883545,956
0.3776860237121582,955
0.3802180290222168,954
0.3814809322357178,953
0.3834500312805176,952
0.38703322410583496,951
0.3885459899902344,950
0.3898189067840576,949
0.3947169780731201,948
0.39622998237609863,947
0.3980128765106201,946
0.39934587478637695,945
0.4021129608154297,944
0.4095280170440674,943
0.4115920066833496,942
0.41318392753601074,941
0.415057897567749,940
0.41637206077575684,939
0.4201619625091553,938
0.42258787155151367,937
0.42590808868408203,936
0.42829012870788574,935
0.4309079647064209,934
0.43218302726745605,933
0.4334888458251953,932
0.44134998321533203,931
0.44261598587036133,930
0.4480772018432617,929
0.45066189765930176,928
0.4541161060333252,927
0.4568750858306885,926
0.4629220962524414,925
0.46656012535095215,924
0.46988797187805176,923
0.4715890884399414,922
0.47285985946655273,921
0.4750101566314697,920
0.4855990409851074,919
0.48687100410461426,918
0.4926609992980957,917
0.495333194732666,916
0.497913122177124,915
0.4993002414703369,914
0.500694990158081,913
0.5070059299468994,912
0.5166521072387695,911
0.5185978412628174,910
0.5211551189422607,909
0.5231881141662598,908
0.5263650417327881,907
0.5287449359893799,906
0.5340521335601807,905
0.5353260040283203,904
0.537437915802002,903
0.5397372245788574,902
0.5492520332336426,901
0.5520150661468506,900
0.556096076965332,899
0.5586271286010742,898
0.5689840316772461,897
0.5705630779266357,896
0.5801448822021484,895
0.5818419456481934,894
0.5834739208221436,893
0.5851070880889893,892
0.5934562683105469,891
0.5967140197753906,890
0.5984361171722412,889
0.6019980907440186,888
0.6063249111175537,887
0.6089169979095459,886
0.6120500564575195,885
0.6290750503540039,884
0.6347250938415527,883
0.6367471218109131,882
0.6466889381408691,881
0.6485791206359863,880
0.6505169868469238,879
0.6531689167022705,878
0.6587479114532471,877
0.6607511043548584,876
0.663884162902832,875
0.6696410179138184,874
0.6739141941070557,873
0.6768472194671631,872
0.6792910099029541,871
0.6868669986724854,870
0.6918179988861084,869
0.6992990970611572,868
0.7026870250701904,867
0.7047560214996338,866
0.7067399024963379,865
0.7104058265686035,864
0.7145888805389404,863
0.7212889194488525,862
0.7237889766693115,861
0.7255680561065674,860
0.7287008762359619,859
0.7305757999420166,858
0.7468371391296387,857
0.7535760402679443,856
0.7575080394744873,855
0.7595310211181641,854
0.769726037979126,853
0.7724359035491943,852
0.7745909690856934,851
0.7764348983764648,850
0.7793989181518555,849
0.7829010486602783,848
0.7885520458221436,847
0.7923178672790527,846
0.7972490787506104,845
0.8108370304107666,844
0.8130371570587158,843
0.8146440982818604,842
0.8162391185760498,841
0.8213691711425781,840
0.8229200839996338,839
0.8348648548126221,838
0.8361949920654297,837
0.8492281436920166,836
0.8600599765777588,835
0.8682188987731934,834
0.8828921318054199,833
0.8996469974517822,832
0.901604175567627,831
0.9032120704650879,830
0.9123430252075195,829
0.9139540195465088,828
0.917841911315918,827
0.9311208724975586,826
0.9379611015319824,825
0.9433379173278809,824
0.9489011764526367,823
0.9505000114440918,822
0.9523930549621582,821
0.9573590755462646,820
0.9645109176635742,819
0.9719650745391846,818
0.9762430191040039,817
0.9841039180755615,816
1.0079848766326904,815
1.009385108947754,814
1.0136871337890625,813
1.016016960144043,812
1.019752025604248,811
1.0294280052185059,810
1.0309638977050781,809
1.0396192073822021,808
1.047316074371338,807
1.0523829460144043,806
1.0574138164520264,805
1.0639691352844238,804
1.0909371376037598,803
1.0935389995574951,802
1.1013519763946533,801
1.1113238334655762,800
1.1219940185546875,799
1.1269171237945557,798
1.149075984954834,797
1.1529831886291504,796
1.154522180557251,795
1.194021224975586,794
1.1970369815826416,793
1.2127511501312256,792
1.2165369987487793,791
1.2178430557250977,790
1.2440907955169678,789
1.2469031810760498,788
1.259354829788208,787
1.2790889739990234,786
1.2874088287353516,785
1.3299331665039062,784
1.3394100666046143,783
1.3408021926879883,782
1.3807621002197266,781
1.3847460746765137,780
1.3995001316070557,779
1.4034318923950195,778
1.4116239547729492,777
1.4232470989227295,776
1.425800085067749,775
1.4270751476287842,774
1.4317288398742676,773
1.4433670043945312,772
1.4548420906066895,771
1.4653031826019287,770
1.499690055847168,769
1.5200250148773193,768
1.5433759689331055,767
1.5590169429779053,766
1.5687530040740967,765
1.5707619190216064,764
1.5747251510620117,763
1.5767900943756104,762
1.5780580043792725,761
1.582543134689331,760
1.5991129875183105,759
1.6040170192718506,758
1.6163041591644287,757
1.6177449226379395,756
1.624154806137085,755
1.6266272068023682,754
1.6398370265960693,753
1.6443469524383545,752
1.6492538452148438,751
1.6601989269256592,750
1.663532018661499,749
1.6994891166687012,748
1.7265360355377197,747
1.729004144668579,746
1.7311859130859375,745
1.7329421043395996,744
1.7496371269226074,743
1.7530879974365234,742
1.754777193069458,741
1.7595148086547852,740
1.7836830615997314,739
1.8109939098358154,738
1.8265600204467773,737
1.8472588062286377,736
1.8492059707641602,735
1.8623080253601074,734
1.8834900856018066,733
1.9344050884246826,732
1.936171054840088,731
1.947242021560669,730
1.9571740627288818,729
1.9637031555175781,728
2.011017084121704,727
2.01375412940979,726
2.0339789390563965,725
2.035615921020508,724
2.110117197036743,723
2.1116750240325928,722
2.115269184112549,721
2.1282958984375,720
2.148566961288452,719
2.1564888954162598,718
2.2218189239501953,717
2.2336111068725586,716
2.366365909576416,715
2.380774974822998,714
2.408468008041382,713
2.470566987991333,712
2.477750062942505,711
2.489339828491211,710
2.5056519508361816,709
2.5345258712768555,708
2.5388400554656982,707
2.6582369804382324,706
2.675692081451416,705
2.6797659397125244,704
2.7111830711364746,703
2.7435178756713867,702
2.756788969039917,701
2.759571075439453,700
2.761270046234131,699
2.892773151397705,698
2.9047160148620605,697
2.9599008560180664,696
3.0283961296081543,695
3.0476720333099365,694
3.1143369674682617,693
3.222788095474243,692
3.3289432525634766,691
3.6503500938415527,690
3.6701109409332275,689
3.7944860458374023,688
4.059918165206909,687
4.087598085403442,686
4.139876127243042,685
4.31009316444397,684
4.358356952667236,683
4.369104862213135,682
4.426970958709717,681
5.355839014053345,680
5.76129412651062,679
6.0072572231292725,678
10.180065155029297,677
