0.0010781288146972656,1132
0.002050638198852539,1131
0.00299835205078125,1130
0.003950834274291992,1129
0.0048999786376953125,1128
0.006379604339599609,1127
0.007328987121582031,1126
0.00827646255493164,1125
0.009221553802490234,1124
0.010169744491577148,1123
0.011118888854980469,1122
0.012061119079589844,1121
0.013013124465942383,1120
0.013961076736450195,1119
0.014904499053955078,1118
0.01585245132446289,1117
0.016799449920654297,1116
0.017745494842529297,1115
0.01869368553161621,1114
0.01964092254638672,1113
0.020651817321777344,1112
0.021565914154052734,1111
0.022449016571044922,1110
0.02332592010498047,1109
0.02420639991760254,1108
0.025118589401245117,1107
0.02599787712097168,1106
0.026880979537963867,1105
0.027790069580078125,1104
0.028698444366455078,1103
0.029611587524414062,1102
0.030875682830810547,1101
0.03175926208496094,1100
0.032639503479003906,1099
0.03420305252075195,1098
0.035082340240478516,1097
0.035967350006103516,1096
0.03685140609741211,1095
0.0377349853515625,1094
0.03982806205749512,1093
0.04074406623840332,1092
0.04163408279418945,1091
0.04311370849609375,1090
0.04399585723876953,1089
0.04488563537597656,1088
0.045777082443237305,1087
0.04667329788208008,1086
0.0475621223449707,1085
0.04933476448059082,1084
0.05022406578063965,1083
0.05110907554626465,1082
0.05199003219604492,1081
0.05287766456604004,1080
0.05376911163330078,1079
0.05465245246887207,1078
0.055870771408081055,1077
0.056756019592285156,1076
0.05764031410217285,1075
0.059217214584350586,1074
0.06010127067565918,1073
0.060990333557128906,1072
0.06188201904296875,1071
0.06276416778564453,1070
0.06365251541137695,1069
0.06454062461853027,1068
0.06542730331420898,1067
0.0663144588470459,1066
0.06720113754272461,1065
0.0680854320526123,1064
0.06897449493408203,1063
0.06986522674560547,1062
0.07075047492980957,1061
0.0716392993927002,1060
0.07252907752990723,1059
0.07344579696655273,1058
0.07433581352233887,1057
0.0752248764038086,1056
0.07700681686401367,1055
0.07845878601074219,1054
0.07934427261352539,1053
0.08094406127929688,1052
0.08183884620666504,1051
0.08272886276245117,1050
0.08361411094665527,1049
0.08450627326965332,1048
0.08568525314331055,1047
0.08657455444335938,1046
0.08754158020019531,1045
0.0886235237121582,1044
0.08956027030944824,1043
0.09090590476989746,1042
0.09180355072021484,1041
0.09269952774047852,1040
0.09359455108642578,1039
0.09758782386779785,1038
0.0984799861907959,1037
0.1026155948638916,1036
0.10555005073547363,1035
0.10704350471496582,1034
0.10928511619567871,1033
0.11054873466491699,1032
0.11292433738708496,1031
0.11531376838684082,1030
0.11620688438415527,1029
0.11769318580627441,1028
0.1188201904296875,1027
0.119720458984375,1026
0.1206214427947998,1025
0.12154841423034668,1024
0.12334609031677246,1023
0.12424063682556152,1022
0.12516999244689941,1021
0.1260669231414795,1020
0.12756061553955078,1019
0.13011598587036133,1018
0.13285207748413086,1017
0.1346440315246582,1016
0.13554120063781738,1015
0.13646960258483887,1014
0.1373744010925293,1013
0.13852810859680176,1012
0.13942360877990723,1011
0.14031481742858887,1010
0.14127159118652344,1009
0.1422255039215088,1008
0.14317917823791504,1007
0.14574337005615234,1006
0.14705348014831543,1005
0.14999771118164062,1004
0.15093016624450684,1003
0.15273237228393555,1002
0.15369033813476562,1001
0.15523123741149902,1000
0.15617156028747559,999
0.16167330741882324,998
0.16256380081176758,997
0.16345834732055664,996
0.16534948348999023,995
0.1662449836730957,994
0.16852664947509766,993
0.17139148712158203,992
0.1728653907775879,991
0.17407631874084473,990
0.17496728897094727,989
0.1779487133026123,988
0.17998290061950684,987
0.18108344078063965,986
0.18197345733642578,985
0.18298840522766113,984
0.1838831901550293,983
0.1849989891052246,982
0.1859273910522461,981
0.18682336807250977,980
0.1877143383026123,979
0.19116926193237305,978
0.1920614242553711,977
0.193526029586792,976
0.19444489479064941,975
0.19540166854858398,974
0.19629764556884766,973
0.19884681701660156,972
0.2000267505645752,971
0.2013227939605713,970
0.20221924781799316,969
0.20400404930114746,968
0.20490050315856934,967
0.2076399326324463,966
0.20943331718444824,965
0.2103271484375,964
0.21146059036254883,963
0.21235418319702148,962
0.21328067779541016,961
0.21417808532714844,960
0.21546125411987305,959
0.21635746955871582,958
0.21938657760620117,957
0.2202904224395752,956
0.22198009490966797,955
0.2237684726715088,954
0.2246701717376709,953
0.22609734535217285,952
0.22858309745788574,951
0.22969937324523926,950
0.23059725761413574,949
0.23401951789855957,948
0.2350327968597412,947
0.23621630668640137,946
0.23711705207824707,945
0.23890089988708496,944
0.24389219284057617,943
0.24531149864196777,942
0.24647212028503418,941
0.24779796600341797,940
0.24869680404663086,939
0.25140929222106934,938
0.252885103225708,937
0.255218505859375,936
0.2569248676300049,935
0.25871777534484863,934
0.25961780548095703,933
0.2605164051055908,932
0.2661283016204834,931
0.26702189445495605,930
0.2707784175872803,929
0.2725677490234375,928
0.2750089168548584,927
0.2768125534057617,926
0.28110170364379883,925
0.2837183475494385,924
0.28594279289245605,923
0.2871284484863281,922
0.2880287170410156,921
0.2895684242248535,920
0.2968630790710449,919
0.2977588176727295,918
0.3016386032104492,917
0.30351948738098145,916
0.3053145408630371,915
0.3063013553619385,914
0.30719971656799316,913
0.3116133213043213,912
0.31806445121765137,911
0.3194255828857422,910
0.3212254047393799,909
0.3225703239440918,908
0.32463622093200684,907
0.32631468772888184,906
0.3298969268798828,905
0.33078980445861816,904
0.332303524017334,903
0.33376216888427734,902
0.3401017189025879,901
0.3418102264404297,900
0.34424281120300293,899
0.3460114002227783,898
0.3525381088256836,897
0.353466272354126,896
0.35857605934143066,895
0.35947132110595703,894
0.3603706359863281,893
0.3612821102142334,892
0.36574316024780273,891
0.3675379753112793,890
0.3684384822845459,889
0.3702363967895508,888
0.37259602546691895,887
0.37390804290771484,886
0.3755009174346924,885
0.38406896591186523,884
0.38692665100097656,883
0.3878819942474365,882
0.39273810386657715,881
0.3936433792114258,880
0.39453935623168945,879
0.39585041999816895,878
0.3985023498535156,877
0.3994021415710449,876
0.4009854793548584,875
0.4036717414855957,874
0.4057135581970215,873
0.4071919918060303,872
0.40848350524902344,871
0.4123079776763916,870
0.4145693778991699,869
0.418287992477417,868
0.4199650287628174,867
0.4210822582244873,866
0.4219801425933838,865
0.42366456985473633,864
0.4258248805999756,863
0.4291689395904541,862
0.43025994300842285,861
0.43115735054016113,860
0.4328022003173828,859
0.43370509147644043,858
0.44185853004455566,857
0.4452657699584961,856
0.44711947441101074,855
0.44801926612854004,854
0.45336103439331055,853
0.4548060894012451,852
0.4559640884399414,851
0.4568631649017334,850
0.4583170413970947,849
0.4601569175720215,848
0.46327638626098633,847
0.46539759635925293,846
0.46819639205932617,845
0.47573161125183105,844
0.4769868850708008,843
0.4778916835784912,842
0.4787914752960205,841
0.4817826747894287,840
0.48268795013427734,839
0.49022698402404785,838
0.49112367630004883,837
0.4997713565826416,836
0.5071203708648682,835
0.5124993324279785,834
0.5208697319030762,833
0.5300769805908203,832
0.531195878982544,831
0.5320980548858643,830
0.5372157096862793,829
0.5381138324737549,828
0.5403399467468262,827
0.5481505393981934,826
0.5527002811431885,825
0.5564019680023193,824
0.5601816177368164,823
0.5612814426422119,822
0.5625369548797607,821
0.565880298614502,820
0.5711853504180908,819
0.575383186340332,818
0.5782837867736816,817
0.5835998058319092,816
0.597942590713501,815
0.5988445281982422,814
0.6018033027648926,813
0.6032850742340088,812
0.6054410934448242,811
0.612036943435669,810
0.6130151748657227,809
0.6185517311096191,808
0.6235170364379883,807
0.6265230178833008,806
0.6296370029449463,805
0.6341698169708252,804
0.6508374214172363,803
0.6526205539703369,802
0.6580698490142822,801
0.6648354530334473,800
0.672274112701416,799
0.6755781173706055,798
0.6897060871124268,797
0.6921586990356445,796
0.6930646896362305,795
0.7198708057403564,794
0.7220141887664795,793
0.7330620288848877,792
0.7357730865478516,791
0.7366998195648193,790
0.7538127899169922,789
0.7556369304656982,788
0.7638442516326904,787
0.7780880928039551,786
0.7839906215667725,785
0.8134255409240723,784
0.8196823596954346,783
0.820575475692749,782
0.846440315246582,781
0.8489871025085449,780
0.8584072589874268,779
0.8609936237335205,778
0.8663835525512695,777
0.8745102882385254,776
0.87630295753479,775
0.8772027492523193,774
0.8804953098297119,773
0.8883242607116699,772
0.8960525989532471,771
0.9026391506195068,770
0.9259939193725586,769
0.9401321411132812,768
0.9560456275939941,767
0.966874361038208,766
0.9738450050354004,765
0.9752769470214844,764
0.9779684543609619,763
0.9794211387634277,762
0.9803194999694824,761
0.9833054542541504,760
0.9940762519836426,759
0.9973659515380859,758
1.0052595138549805,757
1.0061583518981934,756
1.009744644165039,755
1.0110368728637695,754
1.0182926654815674,753
1.0208659172058105,752
1.0236155986785889,751
1.0292141437530518,750
1.0310113430023193,749
1.0491864681243896,748
1.0627050399780273,747
1.0639920234680176,746
1.0651638507843018,745
1.0660676956176758,744
1.0743165016174316,743
1.076124906539917,742
1.0770297050476074,741
1.0794594287872314,740
1.0926899909973145,739
1.1068077087402344,738
1.1147794723510742,737
1.1252012252807617,736
1.1262221336364746,735
1.132725477218628,734
1.1433660984039307,733
1.168863296508789,732
1.1697931289672852,731
1.1756041049957275,730
1.1808316707611084,729
1.1842162609100342,728
1.2092092037200928,727
1.2107701301574707,726
1.221914291381836,725
1.2228164672851562,724
1.2643065452575684,723
1.2652184963226318,722
1.2674314975738525,721
1.2759292125701904,720
1.2897381782531738,719
1.2951648235321045,718
1.3392455577850342,717
1.3469030857086182,716
1.435377836227417,715
1.4456441402435303,714
1.4653453826904297,713
1.5062165260314941,712
1.5112695693969727,711
1.5195910930633545,710
1.5308194160461426,709
1.549955129623413,708
1.5528028011322021,707
1.634002923965454,706
1.646345615386963,705
1.6492481231689453,704
1.6715338230133057,703
1.6937222480773926,702
1.702967643737793,701
1.7049298286437988,700
1.7061452865600586,699
1.7943499088287354,698
1.8025009632110596,697
1.838083028793335,696
1.885045051574707,695
1.8988423347473145,694
1.944115161895752,693
2.0144598484039307,692
2.0826621055603027,691
2.2864558696746826,690
2.298506021499634,689
2.3810887336730957,688
2.5632777214050293,687
2.582636594772339,686
2.6178219318389893,685
2.73205304145813,684
2.7652745246887207,683
2.7726101875305176,682
2.8127756118774414,681
3.4390063285827637,680
3.717195749282837,679
3.8417396545410156,678
6.312715530395508,677
