0.13822531700134277,4447
0.16221237182617188,4446
0.18563413619995117,4445
0.2091505527496338,4444
0.23226451873779297,4443
0.2554283142089844,4442
0.2784912586212158,4441
0.30152034759521484,4440
0.3248283863067627,4439
0.34827351570129395,4438
0.3713517189025879,4437
0.3946647644042969,4436
0.4177393913269043,4435
0.4412367343902588,4434
0.4644653797149658,4433
0.48766613006591797,4432
0.5105865001678467,4431
0.5338361263275146,4430
0.5570647716522217,4429
0.5800294876098633,4428
0.6034042835235596,4427
0.6268219947814941,4426
0.6501085758209229,4425
0.6741070747375488,4424
0.6972784996032715,4423
0.7203130722045898,4422
0.7433815002441406,4421
0.7666201591491699,4420
0.7899594306945801,4419
0.8130948543548584,4418
0.8364408016204834,4417
0.8598244190216064,4416
0.8837747573852539,4415
0.9074535369873047,4414
0.9310686588287354,4413
0.9547145366668701,4412
0.9782674312591553,4411
1.0016553401947021,4410
1.024961233139038,4409
1.0486974716186523,4408
1.0719404220581055,4407
1.0950467586517334,4406
1.1181151866912842,4405
1.1412148475646973,4404
1.1646835803985596,4403
1.1878483295440674,4402
1.212191104888916,4401
1.2368967533111572,4400
1.2614004611968994,4399
1.2852144241333008,4398
1.3084261417388916,4397
1.3314588069915771,4396
1.3549447059631348,4395
1.3803997039794922,4394
1.4033236503601074,4393
1.426743507385254,4392
1.450526475906372,4391
1.4736113548278809,4390
1.4967041015625,4389
1.519885778427124,4388
1.544248342514038,4387
1.5677928924560547,4386
1.5909981727600098,4385
1.6141541004180908,4384
1.6373984813690186,4383
1.6605908870697021,4382
1.6837565898895264,4381
1.7067794799804688,4380
1.7296452522277832,4379
1.7530770301818848,4378
1.7762494087219238,4377
1.7991998195648193,4376
1.8225922584533691,4375
1.846104621887207,4374
1.8707935810089111,4373
1.8949320316314697,4372
1.9186594486236572,4371
1.9422168731689453,4370
1.9656987190246582,4369
1.9891815185546875,4368
2.0126664638519287,4367
2.0359439849853516,4366
2.0595345497131348,4365
2.0828001499176025,4364
2.1059000492095947,4363
2.128939151763916,4362
2.1521363258361816,4361
2.1753132343292236,4360
2.1983072757720947,4359
2.221303701400757,4358
2.2444028854370117,4357
2.2676641941070557,4356
2.2906341552734375,4355
2.3143234252929688,4354
2.337615728378296,4353
2.360666275024414,4352
2.3839850425720215,4351
2.4069814682006836,4350
2.430105209350586,4349
2.4532053470611572,4348
2.476288080215454,4347
2.499375581741333,4346
2.5222158432006836,4345
2.5451483726501465,4344
2.568202018737793,4343
2.5911874771118164,4342
2.6144165992736816,4341
2.6373825073242188,4340
2.6607112884521484,4339
2.683690071105957,4338
2.706557273864746,4337
2.7293758392333984,4336
2.7524712085723877,4335
2.775641918182373,4334
2.7986016273498535,4333
2.821796417236328,4332
2.844914436340332,4331
2.8680648803710938,4330
2.8914670944213867,4329
2.9147727489471436,4328
2.9375879764556885,4327
2.9606549739837646,4326
2.9836175441741943,4325
3.0067431926727295,4324
3.0297999382019043,4323
3.052548885345459,4322
3.0755133628845215,4321
3.098670721054077,4320
3.121314287185669,4319
3.144129991531372,4318
3.168887138366699,4317
3.1935718059539795,4316
3.2178900241851807,4315
3.2417328357696533,4314
3.26570987701416,4313
3.289773464202881,4312
3.313706636428833,4311
3.3374059200286865,4310
3.3602488040924072,4309
3.3834147453308105,4308
3.4060604572296143,4307
3.4290571212768555,4306
3.452220916748047,4305
3.4755985736846924,4304
3.499040365219116,4303
3.5221378803253174,4302
3.5452873706817627,4301
3.568721055984497,4300
3.5927062034606934,4299
3.6160457134246826,4298
3.6391706466674805,4297
3.6621224880218506,4296
3.685590982437134,4295
3.708899736404419,4294
3.732081890106201,4293
3.755392551422119,4292
3.7789838314056396,4291
3.802299976348877,4290
3.825495958328247,4289
3.8493270874023438,4288
3.8732872009277344,4287
3.897752285003662,4286
3.9208569526672363,4285
3.9436872005462646,4284
3.966726303100586,4283
3.991569757461548,4282
4.014565467834473,4281
4.037249803543091,4280
4.060120582580566,4279
4.08301854133606,4278
4.105815410614014,4277
4.128856658935547,4276
4.151793956756592,4275
4.175328493118286,4274
4.199225664138794,4273
4.223635196685791,4272
4.247324228286743,4271
4.27039098739624,4270
4.293402194976807,4269
4.316335201263428,4268
4.339567184448242,4267
4.362732172012329,4266
4.386748790740967,4265
4.409974098205566,4264
4.433143615722656,4263
4.455979108810425,4262
4.479788303375244,4261
4.502980947494507,4260
4.526148080825806,4259
4.549238920211792,4258
4.572709321975708,4257
4.596102237701416,4256
4.619255065917969,4255
4.642242431640625,4254
4.665017366409302,4253
4.687978982925415,4252
4.710694789886475,4251
4.733434200286865,4250
4.75632905960083,4249
4.779165983200073,4248
4.801991701126099,4247
4.82515287399292,4246
4.848115682601929,4245
4.871222496032715,4244
4.894497394561768,4243
4.917896032333374,4242
4.940824270248413,4241
4.963655710220337,4240
4.986692667007446,4239
5.00931715965271,4238
5.032358646392822,4237
5.055281162261963,4236
5.078181982040405,4235
5.101133584976196,4234
5.123902082443237,4233
5.146740674972534,4232
5.169498443603516,4231
5.192485094070435,4230
5.215267658233643,4229
5.238097906112671,4228
5.260840654373169,4227
5.283830881118774,4226
5.306640625,4225
5.329377174377441,4224
5.352295637130737,4223
5.375327110290527,4222
5.398269414901733,4221
5.421003103256226,4220
5.443884611129761,4219
5.46677827835083,4218
5.489736557006836,4217
5.512672424316406,4216
5.535439491271973,4215
5.55840539932251,4214
5.581316709518433,4213
5.604213237762451,4212
5.628278732299805,4211
5.652401924133301,4210
5.6754114627838135,4209
5.698265552520752,4208
5.721205711364746,4207
5.744109153747559,4206
5.766830682754517,4205
5.789836168289185,4204
5.812620162963867,4203
5.835390567779541,4202
5.858452320098877,4201
5.881650686264038,4200
5.90592885017395,4199
5.929797172546387,4198
5.953645706176758,4197
5.977500677108765,4196
6.001291513442993,4195
6.024969816207886,4194
6.048736810684204,4193
6.07244348526001,4192
6.096241474151611,4191
6.119663715362549,4190
6.144107818603516,4189
6.168975830078125,4188
6.193029880523682,4187
6.216279745101929,4186
6.238850116729736,4185
6.2619853019714355,4184
6.286385774612427,4183
6.310698509216309,4182
6.334978818893433,4181
6.3592352867126465,4180
6.383260488510132,4179
6.407328367233276,4178
6.431158065795898,4177
6.454135894775391,4176
6.477399826049805,4175
6.5007617473602295,4174
6.524026155471802,4173
6.547007083892822,4172
6.569711685180664,4171
6.592886209487915,4170
6.615853548049927,4169
6.638348340988159,4168
6.661230802536011,4167
6.684864044189453,4166
6.708572626113892,4165
6.731688499450684,4164
6.75473165512085,4163
6.777594089508057,4162
6.800473690032959,4161
6.8233277797698975,4160
6.8460516929626465,4159
6.868675231933594,4158
6.891828536987305,4157
6.914560317993164,4156
6.937240362167358,4155
6.95973539352417,4154
6.982379913330078,4153
7.005149841308594,4152
7.027710437774658,4151
7.050411224365234,4150
7.073107957839966,4149
7.096632719039917,4148
7.1196818351745605,4147
7.1426331996917725,4146
7.165195941925049,4145
7.187762022018433,4144
7.210361480712891,4143
7.2331016063690186,4142
7.255852222442627,4141
7.278487205505371,4140
7.301339626312256,4139
7.324226379394531,4138
7.346839189529419,4137
7.369417667388916,4136
7.392172336578369,4135
7.414741516113281,4134
7.437302350997925,4133
7.459913969039917,4132
7.482287645339966,4131
7.505093574523926,4130
7.527766942977905,4129
7.550300359725952,4128
7.572999954223633,4127
7.595618009567261,4126
7.61876916885376,4125
7.641352415084839,4124
7.664069414138794,4123
7.686577320098877,4122
7.709379434585571,4121
7.731972694396973,4120
7.754362344741821,4119
7.776869058609009,4118
7.799791574478149,4117
7.822680711746216,4116
7.845598459243774,4115
7.868193626403809,4114
7.891148567199707,4113
7.914785385131836,4112
7.938910961151123,4111
7.96159815788269,4110
7.984200477600098,4109
8.007003784179688,4108
8.029635190963745,4107
8.052261352539062,4106
8.07519793510437,4105
8.097691774368286,4104
8.120647192001343,4103
8.143247127532959,4102
8.16652226448059,4101
8.189358711242676,4100
8.212090492248535,4099
8.234594583511353,4098
8.257148504257202,4097
8.279812574386597,4096
8.302387237548828,4095
8.32499361038208,4094
8.347649812698364,4093
8.370208978652954,4092
8.392929077148438,4091
8.41771388053894,4090
8.440735340118408,4089
8.463416576385498,4088
8.486074686050415,4087
8.508957386016846,4086
8.531534433364868,4085
8.554149866104126,4084
8.57676911354065,4083
8.599345445632935,4082
8.622219324111938,4081
8.645659446716309,4080
8.669822454452515,4079
8.693472146987915,4078
8.717270374298096,4077
8.740968227386475,4076
8.764647960662842,4075
8.787654876708984,4074
8.810112476348877,4073
8.832959175109863,4072
8.855630159378052,4071
8.878077507019043,4070
8.900957822799683,4069
8.923715829849243,4068
8.946216821670532,4067
8.968692779541016,4066
8.991364240646362,4065
9.013902187347412,4064
9.036588907241821,4063
9.060409307479858,4062
9.08344316482544,4061
9.106091737747192,4060
9.128683090209961,4059
9.151204347610474,4058
9.173774719238281,4057
9.196481704711914,4056
9.219351053237915,4055
9.242241859436035,4054
9.265250444412231,4053
9.287847518920898,4052
9.310492038726807,4051
9.333060264587402,4050
9.355756521224976,4049
9.37853217124939,4048
9.40105128288269,4047
9.423600435256958,4046
9.446201086044312,4045
9.469077348709106,4044
9.491850137710571,4043
9.514589309692383,4042
9.537262439727783,4041
9.560752153396606,4040
9.584556102752686,4039
9.608298301696777,4038
9.631994009017944,4037
9.65553617477417,4036
9.679272174835205,4035
9.701930522918701,4034
9.724451541900635,4033
9.747031688690186,4032
9.769462585449219,4031
9.792190790176392,4030
9.814675092697144,4029
9.837864875793457,4028
9.861377477645874,4027
9.885107040405273,4026
9.908600091934204,4025
9.93212342262268,4024
9.956183671951294,4023
9.979063034057617,4022
10.001607179641724,4021
10.024250984191895,4020
10.047263860702515,4019
10.069820642471313,4018
10.092236995697021,4017
10.114946842193604,4016
10.137299060821533,4015
10.159760236740112,4014
10.18248963356018,4013
10.205106496810913,4012
10.227880954742432,4011
10.250414609909058,4010
10.273071765899658,4009
10.295543909072876,4008
10.317936658859253,4007
10.340564250946045,4006
10.363142013549805,4005
10.385566234588623,4004
10.408032894134521,4003
10.43064284324646,4002
10.45320725440979,4001
10.475597143173218,4000
10.49824857711792,3999
10.520813465118408,3998
10.543895959854126,3997
10.56643557548523,3996
10.58908486366272,3995
10.611459493637085,3994
10.634108781814575,3993
10.656493902206421,3992
10.679078817367554,3991
10.701557397842407,3990
10.723888635635376,3989
10.746335744857788,3988
10.768829345703125,3987
10.791352987289429,3986
10.813892602920532,3985
10.83644413948059,3984
10.859193325042725,3983
10.882092237472534,3982
10.905209064483643,3981
10.92796778678894,3980
10.951133489608765,3979
10.973605394363403,3978
10.996462106704712,3977
11.018970489501953,3976
11.041388273239136,3975
11.064001560211182,3974
11.08676528930664,3973
11.1092689037323,3972
11.131621837615967,3971
11.154192924499512,3970
11.17725920677185,3969
11.200176239013672,3968
11.222529411315918,3967
11.245296716690063,3966
11.268213748931885,3965
11.290973424911499,3964
11.313530445098877,3963
11.336251497268677,3962
11.359289407730103,3961
