0.004379987716674805,7609
0.008434057235717773,7608
0.01232767105102539,7607
0.01617121696472168,7606
0.02002573013305664,7605
0.023865461349487305,7604
0.027890682220458984,7603
0.03175091743469238,7602
0.035605669021606445,7601
0.039418697357177734,7600
0.04323744773864746,7599
0.04706239700317383,7598
0.050908565521240234,7597
0.05471682548522949,7596
0.05852556228637695,7595
0.06234574317932129,7594
0.0661625862121582,7593
0.06997799873352051,7592
0.07377910614013672,7591
0.07758426666259766,7590
0.08140325546264648,7589
0.08526468276977539,7588
0.08908677101135254,7587
0.0928952693939209,7586
0.09673690795898438,7585
0.1005716323852539,7584
0.10439300537109375,7583
0.1082160472869873,7582
0.11202049255371094,7581
0.11588573455810547,7580
0.1197056770324707,7579
0.12352371215820312,7578
0.1273362636566162,7577
0.1311502456665039,7576
0.13495635986328125,7575
0.13877534866333008,7574
0.14268279075622559,7573
0.1465013027191162,7572
0.15030932426452637,7571
0.15414118766784668,7570
0.15796685218811035,7569
0.16178131103515625,7568
0.16559791564941406,7567
0.16940021514892578,7566
0.1732025146484375,7565
0.17702054977416992,7564
0.1808326244354248,7563
0.1849353313446045,7562
0.18883872032165527,7561
0.19272279739379883,7560
0.19657611846923828,7559
0.2003955841064453,7558
0.20427584648132324,7557
0.2080860137939453,7556
0.21190667152404785,7555
0.21640515327453613,7554
0.22410273551940918,7553
0.22791194915771484,7552
0.23171615600585938,7551
0.2355356216430664,7550
0.2393510341644287,7549
0.24317145347595215,7548
0.2469925880432129,7547
0.25079798698425293,7546
0.25461626052856445,7545
0.25842761993408203,7544
0.26236605644226074,7543
0.2661721706390381,7542
0.271862268447876,7541
0.27568912506103516,7540
0.27950572967529297,7539
0.28331995010375977,7538
0.2871265411376953,7537
0.29096126556396484,7536
0.29483628273010254,7535
0.29868435859680176,7534
0.302509069442749,7533
0.3063161373138428,7532
0.3101236820220947,7531
0.31394529342651367,7530
0.317793607711792,7529
0.32161426544189453,7528
0.32543325424194336,7527
0.3293454647064209,7526
0.33316755294799805,7525
0.33710384368896484,7524
0.3409688472747803,7523
0.3448200225830078,7522
0.34879016876220703,7521
0.3528454303741455,7520
0.35677337646484375,7519
0.3606414794921875,7518
0.36455321311950684,7517
0.36839890480041504,7516
0.37227439880371094,7515
0.37612295150756836,7514
0.37996745109558105,7513
0.3840634822845459,7512
0.387953519821167,7511
0.3918302059173584,7510
0.39571595191955566,7509
0.3995654582977295,7508
0.4034459590911865,7507
0.4072904586791992,7506
0.4111335277557373,7505
0.4149811267852783,7504
0.4188222885131836,7503
0.4226970672607422,7502
0.4265730381011963,7501
0.4304184913635254,7500
0.43431901931762695,7499
0.4383373260498047,7498
0.44224023818969727,7497
0.44611573219299316,7496
0.4499654769897461,7495
0.45381593704223633,7494
0.4576563835144043,7493
0.4614992141723633,7492
0.4653468132019043,7491
0.46921515464782715,7490
0.47305846214294434,7489
0.4769325256347656,7488
0.48087573051452637,7487
0.4848136901855469,7486
0.4886598587036133,7485
0.4925346374511719,7484
0.49640941619873047,7483
0.500281572341919,7482
0.5041565895080566,7481
0.5080389976501465,7480
0.511885404586792,7479
0.5157351493835449,7478
0.5195894241333008,7477
0.523446798324585,7476
0.5277998447418213,7475
0.5316505432128906,7474
0.5355267524719238,7473
0.5393774509429932,7472
0.5432236194610596,7471
0.5470659732818604,7470
0.552992582321167,7469
0.5602645874023438,7468
0.5641252994537354,7467
0.5679693222045898,7466
0.572523832321167,7465
0.57637619972229,7464
0.5802197456359863,7463
0.5843396186828613,7462
0.5882267951965332,7461
0.5946154594421387,7460
0.5985100269317627,7459
0.6023621559143066,7458
0.6062674522399902,7457
0.6101205348968506,7456
0.6139583587646484,7455
0.6178019046783447,7454
0.6253135204315186,7453
0.6291689872741699,7452
0.6330225467681885,7451
0.6368765830993652,7450
0.6407535076141357,7449
0.6447286605834961,7448
0.6524782180786133,7447
0.6563310623168945,7446
0.6602151393890381,7445
0.6640706062316895,7444
0.6680018901824951,7443
0.6718661785125732,7442
0.6757411956787109,7441
0.6795878410339355,7440
0.6834335327148438,7439
0.6872813701629639,7438
0.6911237239837646,7437
0.6949753761291504,7436
0.6988170146942139,7435
0.702667236328125,7434
0.7104172706604004,7433
0.7142744064331055,7432
0.7181391716003418,7431
0.7219915390014648,7430
0.7258448600769043,7429
0.7296905517578125,7428
0.7335448265075684,7427
0.7374019622802734,7426
0.7452707290649414,7425
0.7491245269775391,7424
0.7529752254486084,7423
0.7569217681884766,7422
0.7607846260070801,7421
0.7658445835113525,7420
0.7707204818725586,7419
0.7757937908172607,7418
0.7803676128387451,7417
0.7850742340087891,7416
0.7896931171417236,7415
0.7982580661773682,7414
0.8023126125335693,7413
0.8063197135925293,7412
0.810333251953125,7411
0.8143179416656494,7410
0.8183038234710693,7409
0.8227837085723877,7408
0.8274836540222168,7407
0.8313405513763428,7406
0.8352081775665283,7405
0.8390665054321289,7404
0.8429582118988037,7403
0.8468203544616699,7402
0.8507661819458008,7401
0.8546829223632812,7400
0.8585476875305176,7399
0.8624112606048584,7398
0.8662705421447754,7397
0.8701326847076416,7396
0.8794963359832764,7395
0.8833494186401367,7394
0.887209415435791,7393
0.8910949230194092,7392
0.8949666023254395,7391
0.8988299369812012,7390
0.9026868343353271,7389
0.9065420627593994,7388
0.9104020595550537,7387
0.9142894744873047,7386
0.9181482791900635,7385
0.9220092296600342,7384
0.9258983135223389,7383
0.9297587871551514,7382
0.9364566802978516,7381
0.940305233001709,7380
0.9441511631011963,7379
0.948030948638916,7378
0.951890230178833,7377
0.9557559490203857,7376
0.9596819877624512,7375
0.9635322093963623,7374
0.9673733711242676,7373
0.9713113307952881,7372
0.9751555919647217,7371
0.9790630340576172,7370
0.9832479953765869,7369
0.9871761798858643,7368
0.9910626411437988,7367
0.9949328899383545,7366
0.9988105297088623,7365
1.0026609897613525,7364
1.0065069198608398,7363
1.0103521347045898,7362
1.0142297744750977,7361
1.018118143081665,7360
1.0219638347625732,7359
1.0259590148925781,7358
1.0324978828430176,7357
1.0364272594451904,7356
1.044154405593872,7355
1.0480189323425293,7354
1.051877498626709,7353
1.0557281970977783,7352
1.0640032291412354,7351
1.0687968730926514,7350
1.073387622833252,7349
1.077296495437622,7348
1.081153392791748,7347
1.0849971771240234,7346
1.0926775932312012,7345
1.0965244770050049,7344
1.1004395484924316,7343
1.1063461303710938,7342
1.110210657119751,7341
1.1167430877685547,7340
1.1209008693695068,7339
1.1248764991760254,7338
1.1288254261016846,7337
1.1327502727508545,7336
1.1366748809814453,7335
1.1405649185180664,7334
1.144453763961792,7333
1.1483948230743408,7332
1.1557362079620361,7331
1.1595933437347412,7330
1.163444995880127,7329
1.1673598289489746,7328
1.171247959136963,7327
1.1751153469085693,7326
1.1790235042572021,7325
1.1831235885620117,7324
1.18703293800354,7323
1.1909253597259521,7322
1.195995807647705,7321
1.1998817920684814,7320
1.20379638671875,7319
1.2076518535614014,7318
1.211501121520996,7317
1.2153480052947998,7316
1.219254732131958,7315
1.223172664642334,7314
1.2270383834838867,7313
1.2308969497680664,7312
1.234745740890503,7311
1.2385916709899902,7310
1.2424407005310059,7309
1.2462925910949707,7308
1.253981590270996,7307
1.2617018222808838,7306
1.265638828277588,7305
1.2694947719573975,7304
1.273345708847046,7303
1.2772002220153809,7302
1.2810468673706055,7301
1.2883045673370361,7300
1.292163372039795,7299
1.2960233688354492,7298
1.299880027770996,7297
1.303736686706543,7296
1.3075895309448242,7295
1.3114469051361084,7294
1.3165249824523926,7293
1.3204081058502197,7292
1.3242969512939453,7291
1.3281517028808594,7290
1.332007884979248,7289
1.3358571529388428,7288
1.3397018909454346,7287
1.3440945148468018,7286
1.3479535579681396,7285
1.3518104553222656,7284
1.3557028770446777,7283
1.359555721282959,7282
1.3634130954742432,7281
1.3711187839508057,7280
1.3749794960021973,7279
1.3821547031402588,7278
1.386073350906372,7277
1.389995813369751,7276
1.396587610244751,7275
1.4004526138305664,7274
1.4043097496032715,7273
1.408165454864502,7272
1.4120242595672607,7271
1.4158763885498047,7270
1.419762134552002,7269
1.429476022720337,7268
1.4333992004394531,7267
1.438157558441162,7266
1.4420709609985352,7265
1.4459795951843262,7264
1.4498400688171387,7263
1.4537343978881836,7262
1.4576547145843506,7261
1.461514949798584,7260
1.4653730392456055,7259
1.469315528869629,7258
1.4732046127319336,7257
1.4770655632019043,7256
1.4809281826019287,7255
1.4848203659057617,7254
1.4886856079101562,7253
1.4926023483276367,7252
1.501805067062378,7251
1.5056610107421875,7250
1.5095844268798828,7249
1.518960952758789,7248
1.5228235721588135,7247
1.5268332958221436,7246
1.5307514667510986,7245
1.5346565246582031,7244
1.5385205745697021,7243
1.542382001876831,7242
1.5462570190429688,7241
1.5580847263336182,7240
1.561955451965332,7239
1.5733084678649902,7238
1.5771708488464355,7237
1.5810542106628418,7236
1.5879545211791992,7235
1.59185791015625,7234
1.5957341194152832,7233
1.599597454071045,7232
1.6034464836120605,7231
1.607367992401123,7230
1.6112256050109863,7229
1.6150848865509033,7228
1.6251189708709717,7227
1.6290273666381836,7226
1.633171796798706,7225
1.6370837688446045,7224
1.644580364227295,7223
1.6484870910644531,7222
1.6524419784545898,7221
1.6574337482452393,7220
1.6613054275512695,7219
1.6663286685943604,7218
1.6701939105987549,7217
1.6740589141845703,7216
1.6843969821929932,7215
1.6882812976837158,7214
1.6921970844268799,7213
1.6961162090301514,7212
1.7000305652618408,7211
1.7040026187896729,7210
1.709059476852417,7209
1.712977647781372,7208
1.7169079780578613,7207
1.7207999229431152,7206
1.7269699573516846,7205
1.7327439785003662,7204
1.7366819381713867,7203
1.7406032085418701,7202
1.7445247173309326,7201
1.7484285831451416,7200
1.7523200511932373,7199
1.7561874389648438,7198
1.7638740539550781,7197
1.7703983783721924,7196
1.7743659019470215,7195
1.778306007385254,7194
1.782463550567627,7193
1.786449670791626,7192
1.790389060974121,7191
1.794276475906372,7190
1.7997996807098389,7189
1.8036670684814453,7188
1.807525634765625,7187
1.8114051818847656,7186
1.8153340816497803,7185
1.819190263748169,7184
1.8230464458465576,7183
1.8269023895263672,7182
1.8307852745056152,7181
1.8347594738006592,7180
1.8386220932006836,7179
1.8425147533416748,7178
1.846384048461914,7177
1.8502817153930664,7176
1.8541879653930664,7175
1.8580715656280518,7174
1.8619277477264404,7173
1.8669672012329102,7172
1.8708279132843018,7171
1.878580093383789,7170
1.8912866115570068,7169
1.8951468467712402,7168
1.8990027904510498,7167
1.9028594493865967,7166
1.9067120552062988,7165
1.912905216217041,7164
1.9167730808258057,7163
1.9206647872924805,7162
1.9245257377624512,7161
1.9283909797668457,7160
1.9322643280029297,7159
1.9361577033996582,7158
1.940375566482544,7157
1.9443426132202148,7156
1.948293924331665,7155
1.9522318840026855,7154
1.956129550933838,7153
1.96000075340271,7152
1.9638688564300537,7151
1.9677386283874512,7150
1.971632957458496,7149
1.9754986763000488,7148
1.979356288909912,7147
1.9834518432617188,7146
1.9893763065338135,7145
1.9971346855163574,7144
2.0010039806365967,7143
2.0048916339874268,7142
2.0087461471557617,7141
2.0125975608825684,7140
2.0164501667022705,7139
2.020303726196289,7138
2.024153470993042,7137
2.0281834602355957,7136
2.035959482192993,7135
2.039902687072754,7134
2.04376482963562,7133
2.047624111175537,7132
2.0514841079711914,7131
2.055331230163574,7130
2.059250593185425,7129
2.067017078399658,7128
2.0709125995635986,7127
2.0747904777526855,7126
2.078702211380005,7125
2.0825588703155518,7124
2.0864171981811523,7123
2.090275287628174,7122
2.0941333770751953,7121
2.097986936569214,7120
2.101844310760498,7119
2.1057260036468506,7118
2.1095855236053467,7117
2.113497257232666,7116
2.1173815727233887,7115
2.1212692260742188,7114
2.1251344680786133,7113
2.1307685375213623,7112
2.1346330642700195,7111
2.1385340690612793,7110
2.1425905227661133,7109
2.1466686725616455,7108
2.1545324325561523,7107
2.158457040786743,7106
2.1681153774261475,7105
2.172171115875244,7104
2.1760613918304443,7103
2.184131145477295,7102
2.1902873516082764,7101
2.194185733795166,7100
2.1980724334716797,7099
2.201944589614868,7098
2.2058064937591553,7097
2.21764874458313,7096
2.2215147018432617,7095
2.2253904342651367,7094
2.229257345199585,7093
2.233135461807251,7092
2.237013578414917,7091
2.240950584411621,7090
2.244880199432373,7089
2.248755931854248,7088
2.2537343502044678,7087
2.25761079788208,7086
2.261476755142212,7085
2.2653448581695557,7084
2.2692084312438965,7083
2.2730746269226074,7082
2.276935338973999,7081
2.2807958126068115,7080
2.2846524715423584,7079
2.2924745082855225,7078
2.2965641021728516,7077
2.3044466972351074,7076
2.314835786819458,7075
2.3225908279418945,7074
2.3264989852905273,7073
2.330369472503662,7072
2.3342394828796387,7071
2.338103771209717,7070
2.3522348403930664,7069
2.3561105728149414,7068
2.3600077629089355,7067
2.3678197860717773,7066
2.3755459785461426,7065
2.3794209957122803,7064
2.383526563644409,7063
2.387442111968994,7062
2.3913331031799316,7061
2.3952114582061768,7060
2.3991050720214844,7059
2.40297532081604,7058
2.4068315029144287,7057
2.4147439002990723,7056
2.4186275005340576,7055
2.422649383544922,7054
2.4286906719207764,7053
2.436507225036621,7052
2.4404244422912598,7051
2.4482016563415527,7050
2.4522440433502197,7049
2.4561917781829834,7048
2.4601171016693115,7047
2.466594696044922,7046
2.4705066680908203,7045
2.4743871688842773,7044
2.4782731533050537,7043
2.482140064239502,7042
2.493077516555786,7041
2.505136251449585,7040
2.509021043777466,7039
2.5129306316375732,7038
2.5168087482452393,7037
2.5206897258758545,7036
2.524564266204834,7035
2.530951499938965,7034
2.5350372791290283,7033
2.5389387607574463,7032
2.5428287982940674,7031
2.546741485595703,7030
2.5528934001922607,7029
2.556844472885132,7028
2.560730457305908,7027
2.5697696208953857,7026
2.5766940116882324,7025
2.5847084522247314,7024
2.588639974594116,7023
2.5925257205963135,7022
2.5964114665985107,7021
2.6003153324127197,7020
2.605466604232788,7019
2.6093738079071045,7018
2.615311622619629,7017
2.619182825088501,7016
2.623993396759033,7015
2.627854824066162,7014
2.6343741416931152,7013
2.638270854949951,7012
2.6421477794647217,7011
2.646158218383789,7010
2.6539669036865234,7009
2.6578469276428223,7008
2.661724805831909,7007
2.6655964851379395,7006
2.669466257095337,7005
2.678600788116455,7004
2.683917760848999,7003
2.6877760887145996,7002
2.691645383834839,7001
2.7037012577056885,7000
2.707627058029175,6999
2.711505651473999,6998
2.7153778076171875,6997
2.7229137420654297,6996
2.7267932891845703,6995
2.730663776397705,6994
2.734536647796631,6993
2.7384073734283447,6992
2.7423179149627686,6991
2.746189832687378,6990
2.7525179386138916,6989
2.7564170360565186,6988
2.7603228092193604,6987
2.7643308639526367,6986
2.77229380607605,6985
2.7762722969055176,6984
2.784020185470581,6983
2.7895820140838623,6982
2.7942254543304443,6981
2.798112392425537,6980
2.801987648010254,6979
2.8068509101867676,6978
2.810736894607544,6977
2.8185369968414307,6976
2.8224637508392334,6975
2.826378107070923,6974
2.834275960922241,6973
2.8382129669189453,6972
2.84224009513855,6971
2.848874807357788,6970
2.8548595905303955,6969
2.858809232711792,6968
2.866591691970825,6967
2.8705077171325684,6966
2.8743815422058105,6965
2.8821861743927,6964
2.8891994953155518,6963
2.8971850872039795,6962
2.9010682106018066,6961
2.908076763153076,6960
2.9185068607330322,6959
2.9223990440368652,6958
2.9262869358062744,6957
2.930180072784424,6956
2.9341423511505127,6955
2.9415857791900635,6954
2.946678876876831,6953
2.950687885284424,6952
2.9581141471862793,6951
2.9700284004211426,6950
2.9739248752593994,6949
2.991255283355713,6948
2.995159149169922,6947
2.999037742614746,6946
3.0069754123687744,6945
3.012451410293579,6944
3.016345977783203,6943
3.023937702178955,6942
3.0279994010925293,6941
3.0319042205810547,6940
3.036017656326294,6939
3.0399160385131836,6938
3.04380202293396,6937
3.0477161407470703,6936
3.0577995777130127,6935
3.063971519470215,6934
3.069157123565674,6933
3.0730373859405518,6932
3.0769236087799072,6931
3.0849711894989014,6930
3.0888471603393555,6929
3.092763662338257,6928
3.0966439247131348,6927
3.1005373001098633,6926
3.1051456928253174,6925
3.1124048233032227,6924
3.116337537765503,6923
3.1202518939971924,6922
3.1241328716278076,6921
3.128053903579712,6920
3.131932497024536,6919
3.138014554977417,6918
3.141888380050659,6917
3.1457974910736084,6916
3.1496810913085938,6915
3.1535987854003906,6914
3.158196449279785,6913
3.1659886837005615,6912
3.169889211654663,6911
3.1751480102539062,6910
3.181396484375,6909
3.18542218208313,6908
3.1940221786499023,6907
3.1979053020477295,6906
3.20186185836792,6905
3.206598997116089,6904
3.2158539295196533,6903
3.219754934310913,6902
3.2236640453338623,6901
3.229271411895752,6900
3.234384059906006,6899
3.2382566928863525,6898
3.2440903186798096,6897
3.2479805946350098,6896
3.2518603801727295,6895
3.255779504776001,6894
3.267500638961792,6893
3.271946430206299,6892
3.278066873550415,6891
3.2819552421569824,6890
3.286365270614624,6889
3.293593645095825,6888
3.2974767684936523,6887
3.3039164543151855,6886
3.31166934967041,6885
3.3155527114868164,6884
3.319427251815796,6883
3.3233025074005127,6882
3.327237606048584,6881
3.3311119079589844,6880
3.335496187210083,6879
3.3393824100494385,6878
3.3432693481445312,6877
3.353437662124634,6876
3.357358932495117,6875
3.3612585067749023,6874
3.3700790405273438,6873
3.375469207763672,6872
3.379451036453247,6871
3.383619546890259,6870
3.3875768184661865,6869
3.392184257507324,6868
3.398740291595459,6867
3.4026196002960205,6866
3.4064974784851074,6865
3.410372734069824,6864
3.4142441749572754,6863
3.4181132316589355,6862
3.4245247840881348,6861
3.4284355640411377,6860
3.435695171356201,6859
3.4395649433135986,6858
3.4442646503448486,6857
3.4481425285339355,6856
3.4520130157470703,6855
3.4558868408203125,6854
3.45975661277771,6853
3.463655948638916,6852
3.4698591232299805,6851
3.4737651348114014,6850
3.4824728965759277,6849
3.4865000247955322,6848
3.4940006732940674,6847
3.4978792667388916,6846
3.5017588138580322,6845
3.5056684017181396,6844
3.509599208831787,6843
3.51871919631958,6842
3.522599458694458,6841
3.528557062149048,6840
3.5324349403381348,6839
3.5383312702178955,6838
3.5458436012268066,6837
3.5530645847320557,6836
3.5598134994506836,6835
3.56375789642334,6834
3.5676422119140625,6833
3.5715534687042236,6832
3.5767695903778076,6831
3.5857417583465576,6830
3.5896694660186768,6829
3.5935747623443604,6828
3.597450017929077,6827
3.6013340950012207,6826
3.6052603721618652,6825
3.613081216812134,6824
3.6191623210906982,6823
3.6271872520446777,6822
3.6316304206848145,6821
3.6355772018432617,6820
3.6394553184509277,6819
3.6434357166290283,6818
3.6485109329223633,6817
3.664546012878418,6816
3.676450252532959,6815
3.6803812980651855,6814
3.702873945236206,6813
3.706782102584839,6812
3.7143216133117676,6811
3.7182421684265137,6810
3.7285683155059814,6809
3.733931303024292,6808
3.737882614135742,6807
3.7417991161346436,6806
3.7488884925842285,6805
3.752753973007202,6804
3.756641149520874,6803
3.7610127925872803,6802
3.7799389362335205,6801
3.784153938293457,6800
3.7881948947906494,6799
3.7931835651397705,6798
3.7971198558807373,6797
3.801008462905884,6796
3.804952383041382,6795
3.8088815212249756,6794
3.8127615451812744,6793
3.820455312728882,6792
3.824338436126709,6791
3.8314151763916016,6790
3.835331916809082,6789
3.8392233848571777,6788
3.8431735038757324,6787
3.8470618724823,6786
3.8509461879730225,6785
3.8588173389434814,6784
3.872039556503296,6783
3.8759608268737793,6782
3.885103225708008,6781
3.892338752746582,6780
3.8962199687957764,6779
3.90010404586792,6778
3.9040167331695557,6777
3.9158284664154053,6776
3.923905372619629,6775
3.9277968406677246,6774
3.9326863288879395,6773
3.9379398822784424,6772
3.942371129989624,6771
3.946244955062866,6770
3.950150489807129,6769
3.9540224075317383,6768
3.959538698196411,6767
3.963459014892578,6766
3.9687397480010986,6765
3.972625732421875,6764
3.979098320007324,6763
3.98325252532959,6762
3.98771071434021,6761
3.991637706756592,6760
3.9991798400878906,6759
4.0030646324157715,6758
4.015512704849243,6757
4.019399881362915,6756
4.02331280708313,6755
4.035247564315796,6754
4.044582366943359,6753
4.0554869174957275,6752
4.059365749359131,6751
4.068603515625,6750
4.073934316635132,6749
4.077819108963013,6748
4.081704616546631,6747
4.0855934619903564,6746
4.089621305465698,6745
4.093559503555298,6744
4.09751033782959,6743
4.111622095108032,6742
4.1191487312316895,6741
4.123073101043701,6740
4.126965284347534,6739
4.134747743606567,6738
4.138639688491821,6737
4.146435499191284,6736
4.158838272094727,6735
4.16277003288269,6734
4.183279752731323,6733
4.187256574630737,6732
4.191260099411011,6731
4.195170164108276,6730
4.199052810668945,6729
4.202941656112671,6728
4.206830739974976,6727
4.212480306625366,6726
4.220101833343506,6725
4.224017381668091,6724
4.227908134460449,6723
4.235688924789429,6722
4.239573240280151,6721
4.243461847305298,6720
4.2473437786102295,6719
4.251216650009155,6718
4.255099773406982,6717
4.258986949920654,6716
4.269050359725952,6715
4.283099889755249,6714
4.2891716957092285,6713
4.293134927749634,6712
4.298054218292236,6711
4.30195164680481,6710
4.305854082107544,6709
4.311376333236694,6708
4.316405773162842,6707
4.320313453674316,6706
4.324217796325684,6705
4.3298938274383545,6704
4.333793878555298,6703
4.338568925857544,6702
4.34264612197876,6701
4.34855842590332,6700
4.352491140365601,6699
4.362287521362305,6698
4.366185665130615,6697
4.372657060623169,6696
4.376558065414429,6695
4.381828308105469,6694
4.385780572891235,6693
4.389722585678101,6692
4.398700714111328,6691
4.40260648727417,6690
4.407618045806885,6689
4.411510229110718,6688
4.418377637863159,6687
4.422269582748413,6686
4.426147222518921,6685
4.431590557098389,6684
4.435546159744263,6683
4.439464569091797,6682
4.444952011108398,6681
4.452733755111694,6680
4.465080976486206,6679
4.469166278839111,6678
4.477023363113403,6677
4.481000185012817,6676
4.490867853164673,6675
4.50238823890686,6674
4.506354808807373,6673
4.517544269561768,6672
4.52890157699585,6671
4.535320281982422,6670
4.539213418960571,6669
4.554622411727905,6668
4.560367107391357,6667
4.570513725280762,6666
4.574401378631592,6665
4.584795951843262,6664
4.5926947593688965,6663
4.6013922691345215,6662
4.606922626495361,6661
4.610830068588257,6660
4.614725112915039,6659
4.618622303009033,6658
4.634196043014526,6657
4.642210483551025,6656
4.64682936668396,6655
4.652673721313477,6654
4.656593322753906,6653
4.660531759262085,6652
4.664424419403076,6651
4.668316125869751,6650
4.672199249267578,6649
4.676110029220581,6648
4.687830924987793,6647
4.694700002670288,6646
4.698684453964233,6645
4.706211805343628,6644
4.71435284614563,6643
4.727710247039795,6642
4.735307693481445,6641
4.739187717437744,6640
4.743103981018066,6639
4.74705171585083,6638
4.75160026550293,6637
4.755552768707275,6636
4.759499788284302,6635
4.763629674911499,6634
4.777324914932251,6633
4.781405687332153,6632
4.7890379428863525,6631
4.792971134185791,6630
4.796875238418579,6629
4.810230731964111,6628
4.815741062164307,6627
4.819657802581787,6626
4.823652982711792,6625
4.827555179595947,6624
4.83144736289978,6623
4.838699817657471,6622
4.843362808227539,6621
4.847256660461426,6620
4.853143930435181,6619
4.857100486755371,6618
4.864720106124878,6617
4.87662410736084,6616
4.884434938430786,6615
4.88837456703186,6614
4.892277956008911,6613
4.896275281906128,6612
4.904208421707153,6611
4.908166885375977,6610
4.91208291053772,6609
4.915987014770508,6608
4.919903039932251,6607
4.923831224441528,6606
4.927736520767212,6605
4.931642293930054,6604
4.940131425857544,6603
4.944037675857544,6602
4.951120853424072,6601
4.962033748626709,6600
4.965937614440918,6599
4.969839334487915,6598
4.973740100860596,6597
4.977634906768799,6596
4.9817914962768555,6595
4.986266374588013,6594
4.990217208862305,6593
4.994180679321289,6592
4.9981207847595215,6591
5.00439715385437,6590
5.016286611557007,6589
5.020193099975586,6588
5.0290961265563965,6587
5.033005237579346,6586
5.036915302276611,6585
5.045661926269531,6584
5.049557447433472,6583
5.055588245391846,6582
5.0607991218566895,6581
5.064732313156128,6580
5.076460599899292,6579
5.081628799438477,6578
5.087060213088989,6577
5.0910539627075195,6576
5.1028430461883545,6575
5.106770038604736,6574
5.111508131027222,6573
5.118847608566284,6572
5.129837512969971,6571
5.137543678283691,6570
5.141450643539429,6569
5.168615102767944,6568
5.17254900932312,6567
5.176454782485962,6566
5.184619426727295,6565
5.192437648773193,6564
5.204296112060547,6563
5.2082459926605225,6562
5.212159156799316,6561
5.218585014343262,6560
5.225889682769775,6559
5.229795932769775,6558
5.236080884933472,6557
5.239980220794678,6556
5.243918180465698,6555
5.256852388381958,6554
5.260754346847534,6553
5.264660358428955,6552
5.2685911655426025,6551
5.2725019454956055,6550
5.280329465866089,6549
5.28423547744751,6548
5.288146018981934,6547
5.295949697494507,6546
5.299855709075928,6545
5.303774356842041,6544
5.307676553726196,6543
5.311586141586304,6542
5.315516710281372,6541
5.324413061141968,6540
5.336681365966797,6539
5.340587139129639,6538
5.345160245895386,6537
5.349056243896484,6536
5.356888055801392,6535
5.360795974731445,6534
5.375458002090454,6533
5.383408308029175,6532
5.389566659927368,6531
5.401850938796997,6530
5.405754804611206,6529
5.4122090339660645,6528
5.416176795959473,6527
5.422786712646484,6526
5.428795337677002,6525
5.432768106460571,6524
5.4367265701293945,6523
5.4406819343566895,6522
5.447174072265625,6521
5.451090335845947,6520
5.455000400543213,6519
5.458942651748657,6518
5.462854385375977,6517
5.470666885375977,6516
5.474580526351929,6515
5.487154006958008,6514
5.491075754165649,6513
5.496347188949585,6512
5.50584864616394,6511
5.509768009185791,6510
5.513901710510254,6509
5.517847299575806,6508
5.525861024856567,6507
5.5297911167144775,6506
5.535070180892944,6505
5.540293216705322,6504
5.544209003448486,6503
5.548118591308594,6502
5.552025079727173,6501
5.559861421585083,6500
5.56608772277832,6499
5.5699992179870605,6498
5.57780385017395,6497
5.600516319274902,6496
5.605687141418457,6495
5.612814426422119,6494
5.6216042041778564,6493
5.625585317611694,6492
5.63091516494751,6491
5.634839296340942,6490
5.638755798339844,6489
5.646702289581299,6488
5.655328035354614,6487
5.659249305725098,6486
5.663163185119629,6485
5.67348313331604,6484
5.6849236488342285,6483
5.690446376800537,6482
5.694353103637695,6481
5.698268175125122,6480
5.70217227935791,6479
5.706172227859497,6478
5.716245174407959,6477
5.7202301025390625,6476
5.736592769622803,6475
5.743989706039429,6474
5.748992681503296,6473
5.757122039794922,6472
5.763868093490601,6471
5.767850875854492,6470
5.771831274032593,6469
5.775832414627075,6468
5.788515567779541,6467
5.792461156845093,6466
5.80023193359375,6465
5.804144859313965,6464
5.808050155639648,6463
5.815403461456299,6462
5.819314241409302,6461
5.8304760456085205,6460
5.834417343139648,6459
5.849065542221069,6458
5.8529908657073975,6457
5.861839771270752,6456
5.872107982635498,6455
5.879969120025635,6454
5.887794494628906,6453
5.8917083740234375,6452
5.8989434242248535,6451
5.911319255828857,6450
5.915247201919556,6449
5.926130771636963,6448
5.934163331985474,6447
5.938148021697998,6446
5.94212532043457,6445
5.946091175079346,6444
5.960170745849609,6443
5.969438076019287,6442
5.973555088043213,6441
5.981674671173096,6440
5.990428686141968,6439
5.999380111694336,6438
6.003326416015625,6437
6.01516318321228,6436
6.019731521606445,6435
6.02364182472229,6434
6.040224552154541,6433
6.065395832061768,6432
6.071099042892456,6431
6.085416316986084,6430
6.089328765869141,6429
6.093240976333618,6428
6.101068496704102,6427
6.109427213668823,6426
6.113402366638184,6425
6.121290445327759,6424
6.127843141555786,6423
6.139474868774414,6422
6.149800539016724,6421
6.153716325759888,6420
6.166529417037964,6419
6.192036867141724,6418
6.199470043182373,6417
6.203366994857788,6416
6.209504127502441,6415
6.213410377502441,6414
6.221418619155884,6413
6.225326061248779,6412
6.229266166687012,6411
6.233169317245483,6410
6.244307279586792,6409
6.2561845779418945,6408
6.26403546333313,6407
6.270826816558838,6406
6.277405023574829,6405
6.285211801528931,6404
6.2891528606414795,6403
6.293088674545288,6402
6.2970240116119385,6401
6.300930500030518,6400
6.304835796356201,6399
6.30877423286438,6398
6.315669775009155,6397
6.323350667953491,6396
6.327379465103149,6395
6.33421516418457,6394
6.338193416595459,6393
6.343172550201416,6392
6.35204005241394,6391
6.355974197387695,6390
6.359898328781128,6389
6.36385178565979,6388
6.367767095565796,6387
6.37167763710022,6386
6.3822386264801025,6385
6.3876683712005615,6384
6.394639730453491,6383
6.40911078453064,6382
6.418778419494629,6381
6.423948526382446,6380
6.43069052696228,6379
6.437082052230835,6378
6.441035270690918,6377
6.457302093505859,6376
6.472223997116089,6375
6.47623085975647,6374
6.487908601760864,6373
6.497598171234131,6372
6.501639127731323,6371
6.505596876144409,6370
6.509521722793579,6369
6.52806282043457,6368
6.5319743156433105,6367
6.539226531982422,6366
6.543202877044678,6365
6.558207035064697,6364
6.562639474868774,6363
6.573459148406982,6362
6.5902791023254395,6361
6.599997282028198,6360
6.608764171600342,6359
6.6127238273620605,6358
6.624580144882202,6357
6.628500938415527,6356
6.634624719619751,6355
6.652333498001099,6354
6.656262159347534,6353
6.660180330276489,6352
6.66409707069397,6351
6.6706929206848145,6350
6.676732540130615,6349
6.686151504516602,6348
6.693752288818359,6347
6.697670221328735,6346
6.701575756072998,6345
6.7168354988098145,6344
6.7269861698150635,6343
6.731104612350464,6342
6.735063791275024,6341
6.742155075073242,6340
6.753935098648071,6339
6.760582447052002,6338
6.764683246612549,6337
6.772678852081299,6336
6.7766547203063965,6335
6.782729387283325,6334
6.7867348194122314,6333
6.794123649597168,6332
6.798035621643066,6331
6.8068461418151855,6330
6.815325736999512,6329
6.831645250320435,6328
6.839605093002319,6327
6.843547821044922,6326
6.848336696624756,6325
6.852369785308838,6324
6.865379810333252,6323
6.875551700592041,6322
6.879454135894775,6321
6.88335394859314,6320
6.894295930862427,6319
6.905881643295288,6318
6.927829027175903,6317
6.938297510147095,6316
6.9437525272369385,6315
6.954735279083252,6314
6.962260484695435,6313
6.969794750213623,6312
6.9737184047698975,6311
6.977664470672607,6310
6.985804557800293,6309
6.999281406402588,6308
7.00319504737854,6307
7.010241508483887,6306
7.015624523162842,6305
7.019535541534424,6304
7.03028678894043,6303
7.0343756675720215,6302
7.042240858078003,6301
7.05255126953125,6300
7.064241409301758,6299
7.068169832229614,6298
7.072079658508301,6297
7.079216957092285,6296
7.087065696716309,6295
7.103425025939941,6294
7.113554954528809,6293
7.117502450942993,6292
7.125370740890503,6291
7.129288911819458,6290
7.135626316070557,6289
7.139584302902222,6288
7.147251844406128,6287
7.155117988586426,6286
7.164087295532227,6285
7.168624639511108,6284
7.172553539276123,6283
7.183143138885498,6282
7.187117576599121,6281
7.1910741329193115,6280
7.196948051452637,6279
7.2008936405181885,6278
7.219984531402588,6277
7.228549242019653,6276
7.232517242431641,6275
7.236440658569336,6274
7.241933107376099,6273
7.2524943351745605,6272
7.266367435455322,6271
7.27437162399292,6270
7.2783043384552,6269
7.287070274353027,6268
7.290987491607666,6267
7.2948994636535645,6266
7.299781322479248,6265
7.307196617126465,6264
7.311120986938477,6263
7.3247926235198975,6262
7.331941843032837,6261
7.335932970046997,6260
7.339861869812012,6259
7.343791484832764,6258
7.347717761993408,6257
7.351639032363892,6256
7.357448577880859,6255
7.366077423095703,6254
7.369995594024658,6253
7.373919486999512,6252
7.37941837310791,6251
7.383566856384277,6250
7.387539386749268,6249
7.391581296920776,6248
7.395507335662842,6247
7.399429559707642,6246
7.403342247009277,6245
7.407260894775391,6244
7.417728424072266,6243
7.421649217605591,6242
7.428255081176758,6241
7.442267894744873,6240
7.453103065490723,6239
7.46543025970459,6238
7.469414710998535,6237
7.480620384216309,6236
7.484548091888428,6235
7.508956670761108,6234
7.5128865242004395,6233
7.523246765136719,6232
7.530472993850708,6231
7.538357973098755,6230
7.544516324996948,6229
7.551440715789795,6228
7.556761264801025,6227
7.56975531578064,6226
7.5773606300354,6225
7.5814049243927,6224
7.590670585632324,6223
7.594614505767822,6222
7.598536014556885,6221
7.605811595916748,6220
7.634304761886597,6219
7.646185636520386,6218
7.650205373764038,6217
7.654127836227417,6216
7.659327983856201,6215
7.667174577713013,6214
7.674386978149414,6213
7.678385019302368,6212
7.691245794296265,6211
7.695174694061279,6210
7.706394672393799,6209
7.714889049530029,6208
7.7190399169921875,6207
7.723034620285034,6206
7.730916500091553,6205
7.734879732131958,6204
7.745421409606934,6203
7.749524831771851,6202
7.770483493804932,6201
7.774770498275757,6200
7.782993316650391,6199
7.8128674030303955,6198
7.820702791213989,6197
7.8279759883880615,6196
7.84116005897522,6195
7.849142074584961,6194
7.863836765289307,6193
7.878885507583618,6192
7.887715816497803,6191
7.891671419143677,6190
7.8955979347229,6189
7.901114463806152,6188
7.910036325454712,6187
7.917908668518066,6186
7.93261194229126,6185
7.956242084503174,6184
7.9625279903411865,6183
7.97288966178894,6182
7.979450941085815,6181
7.995324373245239,6180
8.007492780685425,6179
8.013310432434082,6178
8.032727718353271,6177
8.045161485671997,6176
8.053318500518799,6175
8.061431169509888,6174
8.065448760986328,6173
8.08627462387085,6172
8.097029447555542,6171
8.106178045272827,6170
8.116230726242065,6169
8.121108770370483,6168
8.132764101028442,6167
8.136690855026245,6166
8.140629053115845,6165
8.144556522369385,6164
8.159722566604614,6163
8.166752099990845,6162
8.170682668685913,6161
8.175436973571777,6160
8.180385828018188,6159
8.191729307174683,6158
8.198327541351318,6157
8.203298568725586,6156
8.211181640625,6155
8.21531081199646,6154
8.219242095947266,6153
8.245920896530151,6152
8.254564762115479,6151
8.258494138717651,6150
8.2702956199646,6149
8.274226427078247,6148
8.285661935806274,6147
8.289628267288208,6146
8.301468133926392,6145
8.305405616760254,6144
8.309837579727173,6143
8.313767910003662,6142
8.320260286331177,6141
8.32789421081543,6140
8.337572574615479,6139
8.341759204864502,6138
8.353844404220581,6137
8.357818603515625,6136
8.361777544021606,6135
8.365767002105713,6134
8.37311601638794,6133
8.379143714904785,6132
8.387296915054321,6131
8.395442724227905,6130
8.400468587875366,6129
8.416490316390991,6128
8.448935508728027,6127
8.459237813949585,6126
8.477786302566528,6125
8.481710433959961,6124
8.485695123672485,6123
8.49760627746582,6122
8.510165214538574,6121
8.525639533996582,6120
8.541714906692505,6119
8.545634746551514,6118
8.55988597869873,6117
8.565194845199585,6116
8.569114446640015,6115
8.583977222442627,6114
8.591772079467773,6113
8.598242998123169,6112
8.611366033554077,6111
8.615281820297241,6110
8.624881982803345,6109
8.632593154907227,6108
8.638887166976929,6107
8.643395900726318,6106
8.651342630386353,6105
8.657350778579712,6104
8.671997547149658,6103
8.679872751235962,6102
8.683794736862183,6101
8.687716722488403,6100
8.697839736938477,6099
8.711382389068604,6098
8.718990802764893,6097
8.72390365600586,6096
8.728190183639526,6095
8.736116170883179,6094
8.740046501159668,6093
8.743983745574951,6092
8.754627466201782,6091
8.764663934707642,6090
8.80864953994751,6089
8.812575817108154,6088
8.825170755386353,6087
8.829103708267212,6086
8.83302903175354,6085
8.83695912361145,6084
8.84370470046997,6083
8.848237991333008,6082
8.852208375930786,6081
8.857651710510254,6080
8.86215329170227,6079
8.866116046905518,6078
8.883681535720825,6077
8.891627788543701,6076
8.899598836898804,6075
8.903812646865845,6074
8.914851903915405,6073
8.933278322219849,6072
8.937849521636963,6071
8.944314956665039,6070
8.951653003692627,6069
8.956792116165161,6068
8.969068765640259,6067
8.973006248474121,6066
8.976939678192139,6065
8.980876684188843,6064
8.992043018341064,6063
8.998841762542725,6062
9.006914138793945,6061
9.016998052597046,6060
9.025058507919312,6059
9.038249254226685,6058
9.044636011123657,6057
9.0518057346344,6056
9.057072162628174,6055
9.060994863510132,6054
9.065891742706299,6053
9.080847263336182,6052
9.08870244026184,6051
9.10719084739685,6050
9.115540266036987,6049
9.11950945854187,6048
9.123436689376831,6047
9.133690595626831,6046
9.138830423355103,6045
9.152981758117676,6044
9.164632797241211,6043
9.17399787902832,6042
9.18508768081665,6041
9.189253091812134,6040
9.193227529525757,6039
9.21277403831482,6038
9.216704845428467,6037
9.226455211639404,6036
9.230440855026245,6035
9.23754358291626,6034
9.270911693572998,6033
9.276981353759766,6032
9.280926942825317,6031
9.289205312728882,6030
9.293133974075317,6029
9.303265571594238,6028
9.309528589248657,6027
9.332832336425781,6026
9.336817026138306,6025
9.34389042854309,6024
9.355763673782349,6023
9.362364768981934,6022
9.375351428985596,6021
9.380920648574829,6020
9.385171890258789,6019
9.399686813354492,6018
9.41586685180664,6017
9.420259475708008,6016
9.43176007270813,6015
9.435784578323364,6014
9.439715147018433,6013
9.443652868270874,6012
9.460183382034302,6011
9.465805053710938,6010
9.483243227005005,6009
9.487210750579834,6008
9.501368761062622,6007
9.509264945983887,6006
9.517882585525513,6005
9.521846055984497,6004
9.529738664627075,6003
9.533664226531982,6002
9.537594556808472,6001
9.54151201248169,6000
9.5454421043396,5999
9.551108360290527,5998
9.559001207351685,5997
9.57018518447876,5996
9.57750391960144,5995
9.582671880722046,5994
9.586675882339478,5993
9.590685844421387,5992
9.610768795013428,5991
9.621481895446777,5990
9.628839015960693,5989
9.632773876190186,5988
9.640487432479858,5987
9.64450216293335,5986
9.64844036102295,5985
9.654966831207275,5984
9.660704612731934,5983
9.678965330123901,5982
9.692052364349365,5981
9.69598388671875,5980
9.70545744895935,5979
9.709484338760376,5978
9.721163988113403,5977
9.728074789047241,5976
9.739754438400269,5975
9.746894598007202,5974
9.750836372375488,5973
9.754793405532837,5972
9.767665386199951,5971
9.771723747253418,5970
9.778067588806152,5969
9.789306879043579,5968
9.82527780532837,5967
9.838549852371216,5966
9.862096548080444,5965
9.870930910110474,5964
9.875064134597778,5963
9.879070043563843,5962
9.906773090362549,5961
9.910802364349365,5960
9.915380954742432,5959
9.930853605270386,5958
9.947633266448975,5957
9.96509861946106,5956
9.98845624923706,5955
9.998595952987671,5954
10.00646686553955,5953
10.011242866516113,5952
10.018579721450806,5951
10.022506713867188,5950
10.026494979858398,5949
10.037148714065552,5948
10.042105674743652,5947
10.049987077713013,5946
10.05394721031189,5945
10.057886600494385,5944
10.069685697555542,5943
10.073619842529297,5942
10.08651614189148,5941
10.090478897094727,5940
10.096681833267212,5939
10.104703903198242,5938
10.108670711517334,5937
10.12768816947937,5936
10.135926008224487,5935
10.13986349105835,5934
10.146301031112671,5933
10.163922309875488,5932
10.16785454750061,5931
10.188965797424316,5930
10.200408697128296,5929
10.204407215118408,5928
10.223503589630127,5927
10.228796243667603,5926
10.232892036437988,5925
10.236961364746094,5924
10.251351356506348,5923
10.255327939987183,5922
10.259265899658203,5921
10.263204336166382,5920
10.267128705978394,5919
10.277884721755981,5918
10.28574800491333,5917
10.292053461074829,5916
10.296013832092285,5915
10.312657117843628,5914
10.316624641418457,5913
10.331825733184814,5912
10.343312740325928,5911
10.348400592803955,5910
10.35396409034729,5909
10.357909440994263,5908
10.365768909454346,5907
10.377564907073975,5906
10.398616313934326,5905
10.416892528533936,5904
10.420824527740479,5903
10.43194031715393,5902
10.435932636260986,5901
10.446616411209106,5900
10.462515354156494,5899
10.466662645339966,5898
10.475541830062866,5897
10.479515552520752,5896
10.487446308135986,5895
10.491377115249634,5894
10.506727457046509,5893
10.518219947814941,5892
10.536523342132568,5891
10.559445142745972,5890
10.563376903533936,5889
10.579625368118286,5888
10.600355386734009,5887
10.607673645019531,5886
10.616587400436401,5885
10.638309478759766,5884
10.642306804656982,5883
10.65515923500061,5882
10.659098863601685,5881
10.675580978393555,5880
10.691123247146606,5879
10.700973749160767,5878
10.71966028213501,5877
10.723618268966675,5876
10.742273092269897,5875
10.751391887664795,5874
10.755372524261475,5873
10.765173196792603,5872
10.769185781478882,5871
10.789236545562744,5870
10.79508352279663,5869
10.800695419311523,5868
10.829807996749878,5867
10.835917472839355,5866
10.839852333068848,5865
10.848249912261963,5864
10.86400318145752,5863
10.869100093841553,5862
10.877463340759277,5861
10.881590604782104,5860
10.891011953353882,5859
10.898478031158447,5858
10.902445316314697,5857
10.906381607055664,5856
10.913934469223022,5855
10.926938772201538,5854
10.93447995185852,5853
10.940704822540283,5852
10.94690227508545,5851
10.950909614562988,5850
10.958783626556396,5849
10.972563982009888,5848
10.98907208442688,5847
10.997008800506592,5846
11.003493070602417,5845
11.01880669593811,5844
11.023681402206421,5843
11.052868604660034,5842
11.06834864616394,5841
11.072413444519043,5840
11.084486246109009,5839
11.116305828094482,5838
11.120305061340332,5837
11.124272346496582,5836
11.128238439559937,5835
11.136120319366455,5834
11.15693473815918,5833
11.164809942245483,5832
11.172683000564575,5831
11.176708221435547,5830
11.18571162223816,5829
11.193109512329102,5828
11.197060823440552,5827
11.201257705688477,5826
11.205316543579102,5825
11.209250688552856,5824
11.24388337135315,5823
11.249072551727295,5822
11.256384372711182,5821
11.274455785751343,5820
11.278397798538208,5819
11.321524858474731,5818
11.327421188354492,5817
11.33770227432251,5816
11.351272106170654,5815
11.355208158493042,5814
11.366191864013672,5813
11.376267194747925,5812
11.393883466720581,5811
11.41077446937561,5810
11.422567129135132,5809
11.428372621536255,5808
11.432305097579956,5807
11.440778732299805,5806
11.456427812576294,5805
11.462893962860107,5804
11.466837167739868,5803
11.472357749938965,5802
11.488216161727905,5801
11.521217584609985,5800
11.53963303565979,5799
11.547677993774414,5798
11.551609992980957,5797
11.55555272102356,5796
11.56681752204895,5795
11.575140953063965,5794
11.583025455474854,5793
11.591874361038208,5792
11.603446960449219,5791
11.610363006591797,5790
11.632736444473267,5789
11.641916990280151,5788
11.667627573013306,5787
11.690679788589478,5786
11.711323022842407,5785
11.732021570205688,5784
11.735954999923706,5783
11.74292254447937,5782
11.761987686157227,5781
11.80098009109497,5780
11.81486201286316,5779
11.822025775909424,5778
11.841145277023315,5777
11.849189758300781,5776
11.855863809585571,5775
11.894955158233643,5774
11.90221357345581,5773
11.906549453735352,5772
11.915051221847534,5771
11.952399253845215,5770
11.975219964981079,5769
11.979520082473755,5768
11.984158754348755,5767
11.988481760025024,5766
11.993272066116333,5765
12.013184309005737,5764
12.017484426498413,5763
12.029973030090332,5762
12.03867483139038,5761
12.042924880981445,5760
12.05961537361145,5759
12.072903394699097,5758
12.07714056968689,5757
12.095481395721436,5756
12.099670648574829,5755
12.117188453674316,5754
12.13536810874939,5753
12.143346071243286,5752
12.186792612075806,5751
12.191218376159668,5750
12.219405174255371,5749
12.223732471466064,5748
12.237236261367798,5747
12.244662761688232,5746
12.248852491378784,5745
12.253042221069336,5744
12.275620460510254,5743
12.279865980148315,5742
12.288225173950195,5741
12.295692682266235,5740
12.313087701797485,5739
12.329951286315918,5738
12.335934162139893,5737
12.340121507644653,5736
12.34739089012146,5735
12.365331172943115,5734
12.375526905059814,5733
12.392536163330078,5732
12.400830030441284,5731
12.420422077178955,5730
12.430161714553833,5729
12.4376962184906,5728
12.445939302444458,5727
12.473831176757812,5726
12.507550954818726,5725
12.511545181274414,5724
12.515503168106079,5723
12.527024984359741,5722
12.540865898132324,5721
12.547696113586426,5720
12.551629304885864,5719
12.559500455856323,5718
12.565627336502075,5717
12.591400146484375,5716
12.599310159683228,5715
12.610836029052734,5714
12.614841222763062,5713
12.627387285232544,5712
12.644373178482056,5711
12.659032821655273,5710
12.6676607131958,5709
12.679510354995728,5708
12.683447122573853,5707
12.691377401351929,5706
12.695842504501343,5705
12.701162099838257,5704
12.705108165740967,5703
12.712865352630615,5702
12.735214233398438,5701
12.746742725372314,5700
12.750686883926392,5699
12.76908540725708,5698
12.773101568222046,5697
12.796705722808838,5696
12.804683685302734,5695
12.816316604614258,5694
12.826106548309326,5693
12.838024377822876,5692
12.873671054840088,5691
12.881566762924194,5690
12.890529155731201,5689
12.917004346847534,5688
12.921133518218994,5687
12.935391426086426,5686
12.94997525215149,5685
12.953928709030151,5684
12.973015546798706,5683
12.981282949447632,5682
12.990176439285278,5681
12.994150638580322,5680
13.024490594863892,5679
13.042888402938843,5678
13.069931268692017,5677
13.077852725982666,5676
13.08977723121643,5675
13.095084428787231,5674
13.131864547729492,5673
13.139296054840088,5672
13.151857376098633,5671
13.162979364395142,5670
13.169768333435059,5669
13.173709630966187,5668
13.181344270706177,5667
13.203559637069702,5666
13.214548349380493,5665
13.24458646774292,5664
13.248525857925415,5663
13.263598680496216,5662
13.275761365890503,5661
13.293416261672974,5660
13.306900024414062,5659
13.310837984085083,5658
13.31498384475708,5657
13.31892442703247,5656
13.322857141494751,5655
13.350244522094727,5654
13.360144853591919,5653
13.380168676376343,5652
13.402832269668579,5651
13.416308164596558,5650
13.42025351524353,5649
13.46095061302185,5648
13.4773428440094,5647
13.481476068496704,5646
13.49582052230835,5645
13.49979281425476,5644
13.503936290740967,5643
13.515230178833008,5642
13.522245645523071,5641
13.531911373138428,5640
13.553281784057617,5639
13.557885646820068,5638
13.569528818130493,5637
13.573488235473633,5636
13.601943492889404,5635
13.614496946334839,5634
13.656662464141846,5633
13.660605430603027,5632
13.668506145477295,5631
13.67244553565979,5630
13.676381349563599,5629
13.68035101890564,5628
13.684290409088135,5627
13.689199686050415,5626
13.69913387298584,5625
13.707268476486206,5624
13.714677095413208,5623
13.719921350479126,5622
13.72389554977417,5621
13.727855682373047,5620
13.743896245956421,5619
13.775218725204468,5618
13.786973476409912,5617
13.792617321014404,5616
13.796581506729126,5615
13.800538301467896,5614
13.852779626846313,5613
13.871478080749512,5612
13.88955807685852,5611
13.893508195877075,5610
13.913090229034424,5609
13.92036771774292,5608
13.960254907608032,5607
13.968632459640503,5606
14.021200895309448,5605
14.045717000961304,5604
14.074259281158447,5603
14.079030752182007,5602
14.082969427108765,5601
14.099822759628296,5600
14.103772163391113,5599
14.118444442749023,5598
14.130334854125977,5597
14.139021396636963,5596
14.145411491394043,5595
14.16742753982544,5594
14.232917308807373,5593
14.236893653869629,5592
14.24113392829895,5591
14.247825384140015,5590
14.273407220840454,5589
14.277854919433594,5588
14.285351753234863,5587
14.310062170028687,5586
14.314008951187134,5585
14.329298734664917,5584
14.34466028213501,5583
14.357796907424927,5582
14.363538265228271,5581
14.36868143081665,5580
14.378777265548706,5579
14.396636962890625,5578
14.403127193450928,5577
14.42662787437439,5576
14.477311134338379,5575
14.481487512588501,5574
14.485545635223389,5573
14.498401165008545,5572
14.506365299224854,5571
14.511237859725952,5570
14.518684387207031,5569
14.529536485671997,5568
14.535001754760742,5567
14.542073249816895,5566
14.546020984649658,5565
14.571246862411499,5564
14.575189590454102,5563
14.586290121078491,5562
14.601655721664429,5561
14.610220432281494,5560
14.614166021347046,5559
14.621243953704834,5558
14.646425008773804,5557
14.658264875411987,5556
14.67617392539978,5555
14.687206983566284,5554
14.691152334213257,5553
14.695096015930176,5552
14.699042558670044,5551
14.714265823364258,5550
14.723020553588867,5549
14.75423002243042,5548
14.76418948173523,5547
14.772822618484497,5546
14.794279098510742,5545
14.798238039016724,5544
14.802186250686646,5543
14.813486337661743,5542
14.834205389022827,5541
14.856806516647339,5540
14.884440422058105,5539
14.899602890014648,5538
14.907132625579834,5537
14.9234778881073,5536
14.927420616149902,5535
14.939790487289429,5534
14.956377744674683,5533
14.960323810577393,5532
14.964263439178467,5531
14.984308958053589,5530
15.04319715499878,5529
15.059192895889282,5528
15.08121395111084,5527
15.088092565536499,5526
15.098088502883911,5525
15.115602731704712,5524
15.134435892105103,5523
15.16482949256897,5522
15.195483207702637,5521
15.222368717193604,5520
15.226340532302856,5519
15.234261751174927,5518
15.242184162139893,5517
15.276648759841919,5516
15.28059458732605,5515
15.288491010665894,5514
15.309383153915405,5513
15.31577444076538,5512
15.323664903640747,5511
15.337013959884644,5510
15.340965270996094,5509
15.347005367279053,5508
15.350948333740234,5507
15.37330937385559,5506
15.386470317840576,5505
15.390461683273315,5504
15.39647889137268,5503
15.407602787017822,5502
15.411549806594849,5501
15.446680068969727,5500
15.457369804382324,5499
15.463846206665039,5498
15.472002029418945,5497
15.490727424621582,5496
15.499641418457031,5495
15.53236198425293,5494
15.541311979293823,5493
15.54909873008728,5492
15.590626239776611,5491
15.61170244216919,5490
15.61665678024292,5489
15.624546527862549,5488
15.629268169403076,5487
15.642191410064697,5486
15.649864196777344,5485
15.653822422027588,5484
15.675387144088745,5483
15.679566860198975,5482
15.70246434211731,5481
15.712906837463379,5480
15.725032567977905,5479
15.728979349136353,5478
15.770646572113037,5477
15.774704217910767,5476
15.789869546890259,5475
15.804645299911499,5474
15.808590412139893,5473
15.825141429901123,5472
15.829095602035522,5471
15.848129987716675,5470
15.87902545928955,5469
15.887330532073975,5468
15.915051221847534,5467
15.93493127822876,5466
15.939092636108398,5465
15.943789958953857,5464
15.947793960571289,5463
15.962106466293335,5462
15.96612000465393,5461
15.99604845046997,5460
16.01160740852356,5459
16.019674062728882,5458
16.023649215698242,5457
16.0276300907135,5456
16.038402795791626,5455
16.074960470199585,5454
16.09543490409851,5453
16.11358118057251,5452
16.140607357025146,5451
16.144559144973755,5450
16.165127277374268,5449
16.193201065063477,5448
16.218632459640503,5447
16.226521492004395,5446
16.25475025177002,5445
16.26833748817444,5444
16.29062533378601,5443
16.30200457572937,5442
16.321264028549194,5441
16.336259365081787,5440
16.344417333602905,5439
16.351239681243896,5438
16.366254568099976,5437
16.374272108078003,5436
16.380693674087524,5435
16.408743858337402,5434
16.414732694625854,5433
16.435144186019897,5432
16.455439805984497,5431
16.482069969177246,5430
16.494396924972534,5429
16.498356819152832,5428
16.502310037612915,5427
16.506361961364746,5426
16.553056001663208,5425
16.573637008666992,5424
16.59892177581787,5423
16.605547666549683,5422
16.66489291191101,5421
16.668850421905518,5420
16.691450119018555,5419
16.705650091171265,5418
16.720908880233765,5417
16.72487211227417,5416
16.733059406280518,5415
16.74980115890503,5414
16.75902771949768,5413
16.77261781692505,5412
16.80942153930664,5411
16.822798013687134,5410
16.836281061172485,5409
16.85525918006897,5408
16.85921287536621,5407
16.871593475341797,5406
16.875572443008423,5405
16.879517793655396,5404
16.905643701553345,5403
16.909598112106323,5402
16.922905921936035,5401
16.93094801902771,5400
16.964107751846313,5399
16.969266414642334,5398
16.97321581840515,5397
16.985276460647583,5396
16.994959831237793,5395
17.013461589813232,5394
17.02294659614563,5393
17.03321671485901,5392
17.04300332069397,5391
17.057002544403076,5390
17.06096625328064,5389
17.066192865371704,5388
17.086517095565796,5387
17.104753971099854,5386
17.114734411239624,5385
17.118778944015503,5384
17.122758150100708,5383
17.131805419921875,5382
17.21430730819702,5381
17.218273162841797,5380
17.236666202545166,5379
17.245377779006958,5378
17.26197624206543,5377
17.27152132987976,5376
17.279505252838135,5375
17.28345513343811,5374
17.295960903167725,5373
17.3029363155365,5372
17.31246042251587,5371
17.328280687332153,5370
17.347553730010986,5369
17.390564918518066,5368
17.394527196884155,5367
17.43015456199646,5366
17.43411374092102,5365
17.45890498161316,5364
17.46304440498352,5363
17.47315239906311,5362
17.488357305526733,5361
17.533454179763794,5360
17.53743052482605,5359
17.56310725212097,5358
17.568596363067627,5357
17.572575092315674,5356
17.582302570343018,5355
17.593271493911743,5354
17.597235202789307,5353
17.61638379096985,5352
17.62792181968689,5351
17.63187026977539,5350
17.647013187408447,5349
17.690447330474854,5348
17.713585376739502,5347
17.721616983413696,5346
17.75943636894226,5345
17.79318118095398,5344
17.866891860961914,5343
17.87085199356079,5342
17.87960720062256,5341
17.942269802093506,5340
17.94784379005432,5339
17.95238757133484,5338
17.956339120864868,5337
17.982878923416138,5336
18.00642991065979,5335
18.032660007476807,5334
18.036643266677856,5333
18.06313681602478,5332
18.084380626678467,5331
18.088329076766968,5330
18.138108015060425,5329
18.145678281784058,5328
18.15366220474243,5327
18.16652202606201,5326
18.171705722808838,5325
18.17568063735962,5324
18.192017078399658,5323
18.19600749015808,5322
18.207019090652466,5321
18.213210582733154,5320
18.22854781150818,5319
18.282475233078003,5318
18.299033164978027,5317
18.310924291610718,5316
18.325153827667236,5315
18.347156524658203,5314
18.371009826660156,5313
18.377686023712158,5312
18.39691424369812,5311
18.41947627067566,5310
18.430597066879272,5309
18.459211826324463,5308
18.486160039901733,5307
18.49014711380005,5306
18.505282163619995,5305
18.523178815841675,5304
18.533329725265503,5303
18.537346124649048,5302
18.54524540901184,5301
18.550034999847412,5300
18.597579956054688,5299
18.606778860092163,5298
18.63597583770752,5297
18.6584632396698,5296
18.69325017929077,5295
18.697218656539917,5294
18.713388681411743,5293
18.717374086380005,5292
18.744200706481934,5291
18.79391622543335,5290
18.804741621017456,5289
18.816961526870728,5288
18.823923110961914,5287
18.83093500137329,5286
18.860045909881592,5285
18.88153076171875,5284
18.906623601913452,5283
18.92149806022644,5282
18.947266101837158,5281
18.960241079330444,5280
19.014018058776855,5279
19.030767679214478,5278
19.03880739212036,5277
19.050621032714844,5276
19.054635047912598,5275
19.08891773223877,5274
19.093939781188965,5273
19.11015248298645,5272
19.120229244232178,5271
19.135273694992065,5270
19.154576778411865,5269
19.161752939224243,5268
19.167846202850342,5267
19.181137323379517,5266
19.207890510559082,5265
19.21239447593689,5264
19.23009467124939,5263
19.27257204055786,5262
19.284853219985962,5261
19.28969407081604,5260
19.298741102218628,5259
19.305888652801514,5258
19.389069318771362,5257
19.413954973220825,5256
19.424155473709106,5255
19.434064626693726,5254
19.492754697799683,5253
19.526617527008057,5252
19.53850030899048,5251
19.54469347000122,5250
19.55590319633484,5249
19.58764386177063,5248
19.618281602859497,5247
19.63017177581787,5246
19.634321212768555,5245
19.64608144760132,5244
19.730424404144287,5243
19.759085178375244,5242
19.799985647201538,5241
19.804148197174072,5240
19.818909645080566,5239
19.82286500930786,5238
19.836950063705444,5237
19.844367742538452,5236
19.85228657722473,5235
19.85627508163452,5234
19.894293308258057,5233
19.92278528213501,5232
19.95302152633667,5231
19.969486713409424,5230
19.981016159057617,5229
20.01466679573059,5228
20.030494451522827,5227
20.039376258850098,5226
20.049124002456665,5225
20.06033492088318,5224
20.064387798309326,5223
20.08290934562683,5222
20.123203992843628,5221
20.196434020996094,5220
20.2144718170166,5219
20.21843385696411,5218
20.222397804260254,5217
20.24523425102234,5216
20.274287462234497,5215
20.323418617248535,5214
20.35558295249939,5213
20.361923217773438,5212
20.370852947235107,5211
20.37486243247986,5210
20.378864288330078,5209
20.392825841903687,5208
20.416580200195312,5207
20.422455310821533,5206
20.434118032455444,5205
20.448466539382935,5204
20.555354118347168,5203
20.561434984207153,5202
20.58589482307434,5201
20.589906930923462,5200
20.593875885009766,5199
20.61041760444641,5198
20.61436891555786,5197
20.65307307243347,5196
20.67433214187622,5195
20.68863606452942,5194
20.69753885269165,5193
20.704506635665894,5192
20.752845287322998,5191
20.76202917098999,5190
20.81662917137146,5189
20.83041501045227,5188
20.910358667373657,5187
20.956494092941284,5186
20.960513591766357,5185
20.9892840385437,5184
21.021361589431763,5183
21.039390325546265,5182
21.097586631774902,5181
21.178155422210693,5180
21.199224948883057,5179
21.240137338638306,5178
21.25867795944214,5177
21.296347618103027,5176
21.30196475982666,5175
21.305912256240845,5174
21.318689107894897,5173
21.32273244857788,5172
21.33624792098999,5171
21.35215425491333,5170
21.35917377471924,5169
21.415892124176025,5168
21.4344584941864,5167
21.438408374786377,5166
21.442364931106567,5165
21.531482696533203,5164
21.53938102722168,5163
21.571007013320923,5162
21.611351013183594,5161
21.641884326934814,5160
21.65420699119568,5159
21.678558826446533,5158
21.714123249053955,5157
21.72602081298828,5156
21.74303412437439,5155
21.757578134536743,5154
21.76160478591919,5153
21.77163314819336,5152
21.81120991706848,5151
21.831625938415527,5150
21.83954954147339,5149
21.887927055358887,5148
21.934825658798218,5147
21.952413320541382,5146
21.956591844558716,5145
21.968586206436157,5144
21.983001947402954,5143
21.991924285888672,5142
22.03455090522766,5141
22.109100580215454,5140
22.14755868911743,5139
22.151527881622314,5138
22.158775091171265,5137
22.21355390548706,5136
22.24162483215332,5135
22.24558448791504,5134
22.251333951950073,5133
22.263211250305176,5132
22.286623239517212,5131
22.35070300102234,5130
22.35864782333374,5129
22.390122175216675,5128
22.394145488739014,5127
22.436845541000366,5126
22.493613481521606,5125
22.50912618637085,5124
22.5317862033844,5123
22.584168910980225,5122
22.65302801132202,5121
22.66198205947876,5120
22.673163890838623,5119
22.677123069763184,5118
22.69670271873474,5117
22.711912155151367,5116
22.715909242630005,5115
22.721451997756958,5114
22.735042572021484,5113
22.748265027999878,5112
22.765843391418457,5111
22.779350996017456,5110
22.78883719444275,5109
22.80921769142151,5108
22.834039449691772,5107
22.866894006729126,5106
22.879207134246826,5105
23.000929832458496,5104
23.00582242012024,5103
23.03165030479431,5102
23.048307418823242,5101
23.079565048217773,5100
23.107754468917847,5099
23.15509605407715,5098
23.17002296447754,5097
23.173988342285156,5096
23.185077905654907,5095
23.200735330581665,5094
23.245906591415405,5093
23.26045513153076,5092
23.264439344406128,5091
23.34676480293274,5090
23.35072684288025,5089
23.404646158218384,5088
23.52487850189209,5087
23.540563106536865,5086
23.554776668548584,5085
23.57586693763733,5084
23.645161151885986,5083
23.665555715560913,5082
23.67296814918518,5081
23.692595958709717,5080
23.715718746185303,5079
23.818925380706787,5078
23.878969192504883,5077
23.887600898742676,5076
23.9158353805542,5075
23.952091455459595,5074
23.964046716690063,5073
24.01515030860901,5072
24.038105487823486,5071
24.08683943748474,5070
24.112048864364624,5069
24.13494324684143,5068
24.1391704082489,5067
24.176220655441284,5066
24.18858551979065,5065
24.26888370513916,5064
24.328086614608765,5063
24.33551001548767,5062
24.34347128868103,5061
24.350207805633545,5060
24.357500553131104,5059
24.373124599456787,5058
24.39473605155945,5057
24.406328678131104,5056
24.414310216903687,5055
24.47704291343689,5054
24.483969926834106,5053
24.48799777030945,5052
24.524580001831055,5051
24.62443518638611,5050
24.6308012008667,5049
24.673925161361694,5048
24.733826160430908,5047
24.757659435272217,5046
24.807721853256226,5045
24.820767879486084,5044
24.848093032836914,5043
24.87752652168274,5042
24.885496377944946,5041
24.893452882766724,5040
24.91283369064331,5039
24.947059392929077,5038
24.99401569366455,5037
25.024468898773193,5036
25.048840761184692,5035
25.10550284385681,5034
25.189788818359375,5033
25.26880717277527,5032
25.286672115325928,5031
25.29811191558838,5030
25.319979429244995,5029
25.338245153427124,5028
25.345864057540894,5027
25.353893995285034,5026
25.365912199020386,5025
25.398771286010742,5024
25.40278911590576,5023
25.42802596092224,5022
25.434855222702026,5021
25.569565773010254,5020
25.61898970603943,5019
25.66160297393799,5018
25.689344882965088,5017
25.720767736434937,5016
25.764446020126343,5015
25.802176237106323,5014
25.827736377716064,5013
25.831839084625244,5012
25.854894638061523,5011
25.86769938468933,5010
25.87850832939148,5009
25.896668195724487,5008
25.904619216918945,5007
25.90927243232727,5006
25.920722723007202,5005
25.938836574554443,5004
25.959763526916504,5003
25.968188285827637,5002
25.990397691726685,5001
26.01554274559021,5000
26.034125804901123,4999
26.03814435005188,4998
26.061070680618286,4997
26.07515811920166,4996
26.113375425338745,4995
26.118280172348022,4994
26.126203536987305,4993
26.141523838043213,4992
26.150986433029175,4991
26.15495204925537,4990
26.215370893478394,4989
26.22679615020752,4988
26.23921775817871,4987
26.247137784957886,4986
26.29332399368286,4985
26.305396795272827,4984
26.352150440216064,4983
26.387696504592896,4982
26.413401126861572,4981
26.42131495475769,4980
26.43407893180847,4979
26.438041925430298,4978
26.44437336921692,4977
26.503715991973877,4976
26.594729900360107,4975
26.625163078308105,4974
26.68174934387207,4973
26.729271411895752,4972
26.734790802001953,4971
26.74302387237549,4970
26.752183198928833,4969
26.770700216293335,4968
26.786351203918457,4967
26.818120002746582,4966
26.822174549102783,4965
26.89324426651001,4964
26.905828952789307,4963
26.91012930870056,4962
26.922030210494995,4961
26.941070079803467,4960
26.953516960144043,4959
26.983948469161987,4958
27.003933429718018,4957
27.12291932106018,4956
27.15462303161621,4955
27.16180682182312,4954
27.184820890426636,4953
27.19291067123413,4952
27.225788593292236,4951
27.257516384124756,4950
27.32058048248291,4949
27.37272620201111,4948
27.410821676254272,4947
27.414984703063965,4946
27.41897749900818,4945
27.449655771255493,4944
27.47094416618347,4943
27.495707988739014,4942
27.50634503364563,4941
27.510311603546143,4940
27.517170667648315,4939
27.544363975524902,4938
27.588241815567017,4937
27.625818014144897,4936
27.73078155517578,4935
27.756733417510986,4934
27.76356601715088,4933
27.805208444595337,4932
27.820274829864502,4931
27.84988832473755,4930
27.860471487045288,4929
27.915160655975342,4928
27.923089504241943,4927
27.98341202735901,4926
28.030360460281372,4925
28.08334994316101,4924
28.087323904037476,4923
28.157366275787354,4922
28.180208683013916,4921
28.210433959960938,4920
28.229089498519897,4919
28.289828300476074,4918
28.34281086921692,4917
28.36161971092224,4916
28.477227687835693,4915
28.50738835334778,4914
28.53817915916443,4913
28.5463809967041,4912
28.553253173828125,4911
28.57262396812439,4910
28.58061146736145,4909
28.63845944404602,4908
28.644218683242798,4907
28.656519412994385,4906
28.675177335739136,4905
28.6882061958313,4904
28.78088903427124,4903
28.85221028327942,4902
28.864198207855225,4901
28.885789394378662,4900
28.892559051513672,4899
28.898005485534668,4898
28.95142388343811,4897
28.9942467212677,4896
29.069578647613525,4895
29.084529638290405,4894
29.114487171173096,4893
29.130632877349854,4892
29.168196439743042,4891
29.182831048965454,4890
29.213774919509888,4889
29.293372869491577,4888
29.34007453918457,4887
29.37848925590515,4886
29.39825987815857,4885
29.435652494430542,4884
29.465450763702393,4883
29.484205961227417,4882
29.492142915725708,4881
29.510130167007446,4880
29.52939462661743,4879
29.60639500617981,4878
29.610609769821167,4877
29.669681549072266,4876
29.691869258880615,4875
29.695831775665283,4874
29.700002431869507,4873
29.759494066238403,4872
29.78166961669922,4871
29.81054425239563,4870
29.840344667434692,4869
29.86944842338562,4868
29.917728900909424,4867
29.942158460617065,4866
30.018916845321655,4865
30.063462257385254,4864
30.083502054214478,4863
30.12041473388672,4862
30.143216371536255,4861
30.189273834228516,4860
30.26542854309082,4859
30.269582986831665,4858
30.37476110458374,4857
30.4318904876709,4856
30.487611770629883,4855
30.497126817703247,4854
30.505325317382812,4853
30.52078890800476,4852
30.585583925247192,4851
30.59511399269104,4850
30.65306806564331,4849
30.705313682556152,4848
30.714134693145752,4847
30.770734071731567,4846
30.816671133041382,4845
30.90951681137085,4844
30.930354595184326,4843
30.97179913520813,4842
30.991631746292114,4841
31.003326654434204,4840
31.079302310943604,4839
31.09239101409912,4838
31.10547709465027,4837
31.265450477600098,4836
31.288758993148804,4835
31.307552814483643,4834
31.325636863708496,4833
31.34451723098755,4832
31.36981964111328,4831
31.50801968574524,4830
31.523711442947388,4829
31.527873516082764,4828
31.566744565963745,4827
31.57461905479431,4826
31.59542155265808,4825
31.601070165634155,4824
31.737072944641113,4823
31.871245861053467,4822
31.8818519115448,4821
31.9572856426239,4820
31.97598958015442,4819
32.011380195617676,4818
32.047346115112305,4817
32.055493116378784,4816
32.06344175338745,4815
32.06740403175354,4814
32.08646488189697,4813
32.09042930603027,4812
32.102436780929565,4811
32.18961834907532,4810
32.19364953041077,4809
32.26859760284424,4808
32.30663442611694,4807
32.31619453430176,4806
32.48589015007019,4805
32.49596452713013,4804
32.50814366340637,4803
32.536908864974976,4802
32.57194375991821,4801
32.58081388473511,4800
32.590890407562256,4799
32.62824583053589,4798
32.65960955619812,4797
32.70185589790344,4796
32.77851152420044,4795
32.81372594833374,4794
32.88654899597168,4793
32.89920783042908,4792
32.93897843360901,4791
32.94959759712219,4790
32.98646068572998,4789
32.99047660827637,4788
33.000455379486084,4787
33.018887996673584,4786
33.03480577468872,4785
33.079323291778564,4784
33.08331823348999,4783
33.20347046852112,4782
33.21604371070862,4781
33.23223257064819,4780
33.24815845489502,4779
33.28652095794678,4778
33.56868386268616,4777
33.61448121070862,4776
33.62991547584534,4775
33.792574405670166,4774
33.84260630607605,4773
33.85640215873718,4772
33.90685439109802,4771
34.010653257369995,4770
34.07957673072815,4769
34.11333107948303,4768
34.19258761405945,4767
34.34372639656067,4766
34.37017583847046,4765
34.41792917251587,4764
34.48620820045471,4763
34.631821393966675,4762
34.64695405960083,4761
34.744576930999756,4760
34.77132248878479,4759
34.78642821311951,4758
34.80655598640442,4757
34.82721185684204,4756
34.83116912841797,4755
34.90020990371704,4754
34.98496460914612,4753
35.042622089385986,4752
35.066219329833984,4751
35.12055778503418,4750
35.124526500701904,4749
35.21828532218933,4748
35.24082374572754,4747
35.26355004310608,4746
35.27167844772339,4745
35.28791666030884,4744
35.411072731018066,4743
35.43367338180542,4742
35.45359921455383,4741
35.47816729545593,4740
35.52783703804016,4739
35.55531716346741,4738
35.699341773986816,4737
35.84603786468506,4736
35.86149716377258,4735
35.86939477920532,4734
35.93499684333801,4733
35.99742913246155,4732
36.02032828330994,4731
36.27040886878967,4730
36.317118883132935,4729
36.63377833366394,4728
36.648985147476196,4727
36.849727392196655,4726
36.86282801628113,4725
36.90277433395386,4724
36.91533350944519,4723
36.980448722839355,4722
36.989192962646484,4721
37.01558303833008,4720
37.15767168998718,4719
37.1902756690979,4718
37.226497173309326,4717
37.236265659332275,4716
37.29787635803223,4715
37.4745819568634,4714
37.488905906677246,4713
37.49285840988159,4712
37.50100541114807,4711
37.615962266922,4710
37.75495624542236,4709
37.7787139415741,4708
38.003724813461304,4707
38.021573066711426,4706
38.04302096366882,4705
38.08861470222473,4704
38.11408805847168,4703
38.240307569503784,4702
38.29901075363159,4701
38.357759952545166,4700
38.365317821502686,4699
38.37662959098816,4698
38.39807367324829,4697
38.41812324523926,4696
38.52198529243469,4695
38.54517889022827,4694
38.63513660430908,4693
38.727240324020386,4692
38.731719732284546,4691
38.80686378479004,4690
38.84099197387695,4689
38.885546922683716,4688
38.93797707557678,4687
38.942195892333984,4686
38.94722294807434,4685
38.9593026638031,4684
39.10018706321716,4683
39.165801763534546,4682
39.22622060775757,4681
39.32382130622864,4680
39.378406047821045,4679
39.50175452232361,4678
39.58373522758484,4677
39.603055238723755,4676
39.611878633499146,4675
39.7277147769928,4674
39.73565864562988,4673
39.7801730632782,4672
39.88515377044678,4671
39.89160490036011,4670
39.921696186065674,4669
40.01747369766235,4668
40.02845025062561,4667
40.0439453125,4666
40.06931495666504,4665
40.10863780975342,4664
40.11281061172485,4663
40.12892150878906,4662
40.26066851615906,4661
40.42555570602417,4660
40.46535134315491,4659
40.49438428878784,4658
40.5318021774292,4657
40.56453800201416,4656
40.62505316734314,4655
40.66314506530762,4654
40.74470782279968,4653
40.74876427650452,4652
40.816765785217285,4651
41.03397870063782,4650
41.04179811477661,4649
41.072545289993286,4648
41.21858835220337,4647
41.29753923416138,4646
41.34909915924072,4645
41.39651274681091,4644
41.56551146507263,4643
41.61959433555603,4642
41.71291923522949,4641
41.77436923980713,4640
41.9053430557251,4639
41.91232466697693,4638
41.91643762588501,4637
41.93817901611328,4636
42.035531520843506,4635
42.04177522659302,4634
42.05078196525574,4633
42.05474019050598,4632
42.0989294052124,4631
42.14717388153076,4630
42.24422240257263,4629
42.278788805007935,4628
42.343284368515015,4627
42.42175602912903,4626
42.562594175338745,4625
42.591243505477905,4624
42.598775148391724,4623
42.73722529411316,4622
42.76695680618286,4621
42.777915716171265,4620
42.88068509101868,4619
42.88465213775635,4618
42.96915674209595,4617
43.02734637260437,4616
43.14170050621033,4615
43.171870946884155,4614
43.3047821521759,4613
43.35776925086975,4612
43.61238741874695,4611
43.62825584411621,4610
43.63221287727356,4609
43.68326115608215,4608
43.70074510574341,4607
43.71673655509949,4606
43.814164876937866,4605
43.89989948272705,4604
43.99873185157776,4603
44.26324462890625,4602
44.30891966819763,4601
44.40319275856018,4600
44.54640483856201,4599
44.58662271499634,4598
44.826356649398804,4597
44.84841299057007,4596
44.86378240585327,4595
44.9353449344635,4594
45.12221336364746,4593
45.20761513710022,4592
45.273016929626465,4591
45.465062856674194,4590
45.641010999679565,4589
45.77576994895935,4588
45.85276961326599,4587
45.893041133880615,4586
45.90620255470276,4585
46.17666006088257,4584
46.180824279785156,4583
46.35899376869202,4582
46.49993681907654,4581
46.54330039024353,4580
46.70815920829773,4579
46.85282278060913,4578
47.168275356292725,4577
47.208542585372925,4576
47.29277753829956,4575
47.30066227912903,4574
47.35244798660278,4573
47.448774099349976,4572
47.510889768600464,4571
47.6324348449707,4570
47.77112674713135,4569
48.06460237503052,4568
48.38030195236206,4567
48.40815353393555,4566
48.51262283325195,4565
48.56341552734375,4564
48.673606872558594,4563
48.72064208984375,4562
49.05392622947693,4561
49.19339895248413,4560
49.22021245956421,4559
49.321120500564575,4558
49.39189863204956,4557
49.41753387451172,4556
49.44717836380005,4555
49.47387194633484,4554
49.61850619316101,4553
49.625727891922,4552
49.79978632926941,4551
49.82928991317749,4550
49.966787815093994,4549
50.687443256378174,4548
51.10642099380493,4547
51.11871147155762,4546
51.53393340110779,4545
51.599809408187866,4544
51.72425317764282,4543
51.97862935066223,4542
52.121936321258545,4541
52.20947885513306,4540
52.73019242286682,4539
53.03928327560425,4538
53.108558177948,4537
53.160149574279785,4536
53.29652643203735,4535
53.30859184265137,4534
53.314831495285034,4533
53.326865673065186,4532
53.44114351272583,4531
53.45065259933472,4530
53.53120183944702,4529
53.58683228492737,4528
53.832253217697144,4527
53.8648738861084,4526
54.157105922698975,4525
54.45362663269043,4524
54.478012800216675,4523
54.584965467453,4522
54.748876333236694,4521
54.98048162460327,4520
55.22799587249756,4519
55.25251245498657,4518
55.31888389587402,4517
55.47230529785156,4516
55.58859920501709,4515
55.88423752784729,4514
56.08911943435669,4513
56.25417184829712,4512
56.31309533119202,4511
56.4546902179718,4510
56.67699694633484,4509
56.70680499076843,4508
57.12245011329651,4507
57.258265256881714,4506
57.491273403167725,4505
57.83611011505127,4504
58.20346784591675,4503
58.371845722198486,4502
58.57528305053711,4501
58.63064932823181,4500
59.02522301673889,4499
59.049304246902466,4498
59.86275577545166,4497
60.45123815536499,4496
60.86212778091431,4495
61.284175395965576,4494
61.33429718017578,4493
61.37966823577881,4492
61.57883858680725,4491
61.92101335525513,4490
61.940030336380005,4489
62.132710456848145,4488
62.22189521789551,4487
62.225857973098755,4486
62.29868483543396,4485
62.51669955253601,4484
62.56371307373047,4483
62.58269190788269,4482
62.586777448654175,4481
62.714221715927124,4480
62.88560342788696,4479
63.347004890441895,4478
63.460426330566406,4477
64.74153661727905,4476
64.8107476234436,4475
65.05890393257141,4474
65.5554575920105,4473
65.64517855644226,4472
65.7843964099884,4471
65.9597761631012,4470
66.09647130966187,4469
66.35594916343689,4468
66.95134663581848,4467
67.10469365119934,4466
67.46546959877014,4465
67.7550539970398,4464
67.90905332565308,4463
67.94591856002808,4462
68.01750183105469,4461
68.03516697883606,4460
68.21437740325928,4459
68.4080331325531,4458
68.45093107223511,4457
68.57157444953918,4456
68.59102535247803,4455
68.88130211830139,4454
68.9042456150055,4453
69.51584649085999,4452
70.20677328109741,4451
70.4375901222229,4450
70.96199440956116,4449
71.137366771698,4448
71.30351066589355,4447
71.428626537323,4446
71.46529126167297,4445
71.67346286773682,4444
72.79655122756958,4443
72.83680653572083,4442
73.01634907722473,4441
73.11165261268616,4440
73.69192218780518,4439
74.33101296424866,4438
74.79698848724365,4437
75.17434430122375,4436
75.74401807785034,4435
77.14841675758362,4434
77.24901080131531,4433
77.49850940704346,4432
78.05375719070435,4431
79.65159320831299,4430
80.77417969703674,4429
81.58521485328674,4428
81.79810762405396,4427
81.94023895263672,4426
83.55443572998047,4425
85.39778590202332,4424
85.64087224006653,4423
85.84982061386108,4422
85.96618437767029,4421
86.37153220176697,4420
86.40932846069336,4419
86.49636459350586,4418
87.09753608703613,4417
87.24101209640503,4416
87.77394032478333,4415
88.4435441493988,4414
88.47877597808838,4413
88.66084265708923,4412
88.87128853797913,4411
88.91275334358215,4410
89.11243438720703,4409
89.36966681480408,4408
89.99998116493225,4407
90.32449316978455,4406
91.23090171813965,4405
91.33258557319641,4404
91.96894979476929,4403
91.99839663505554,4402
92.07161211967468,4401
93.12401723861694,4400
93.2612714767456,4399
93.35897183418274,4398
95.17466044425964,4397
95.20828747749329,4396
96.0411536693573,4395
97.83945798873901,4394
101.16192483901978,4393
101.98506355285645,4392
103.92319059371948,4391
105.23209643363953,4390
106.5098786354065,4389
109.2532753944397,4388
110.3628613948822,4387
110.42875051498413,4386
111.7383165359497,4385
112.60416460037231,4384
117.24415159225464,4383
117.61358690261841,4382
120.77264451980591,4381
123.37684297561646,4380
125.40580773353577,4379
126.83131241798401,4378
140.56611442565918,4377
162.08846783638,4376
168.69051456451416,4375
