0.1926865577697754,4447
0.23517298698425293,4446
0.2781524658203125,4445
0.3186988830566406,4444
0.3582742214202881,4443
0.39891862869262695,4442
0.43935155868530273,4441
0.4797549247741699,4440
0.5193474292755127,4439
0.5596837997436523,4438
0.6021897792816162,4437
0.6445493698120117,4436
0.6888575553894043,4435
0.7331812381744385,4434
0.7773442268371582,4433
0.821934700012207,4432
0.866898775100708,4431
0.911186933517456,4430
0.9553744792938232,4429
0.999626874923706,4428
1.043900966644287,4427
1.088094711303711,4426
1.1322863101959229,4425
1.1770710945129395,4424
1.221961498260498,4423
1.2660322189331055,4422
1.3101818561553955,4421
1.354149580001831,4420
1.3967077732086182,4419
1.4391722679138184,4418
1.4837706089019775,4417
1.5274577140808105,4416
1.5712733268737793,4415
1.6155128479003906,4414
1.6598877906799316,4413
1.7045423984527588,4412
1.7482082843780518,4411
1.7928845882415771,4410
1.838054895401001,4409
1.8795654773712158,4408
1.921128511428833,4407
1.9638793468475342,4406
2.0048959255218506,4405
2.0487265586853027,4404
2.091160535812378,4403
2.134978771209717,4402
2.177497625350952,4401
2.220198392868042,4400
2.263310194015503,4399
2.3058979511260986,4398
2.3492636680603027,4397
2.390232563018799,4396
2.4331934452056885,4395
2.4723219871520996,4394
2.513723611831665,4393
2.554070472717285,4392
2.5957813262939453,4391
2.637711763381958,4390
2.6790709495544434,4389
2.72288179397583,4388
2.766559600830078,4387
2.8115663528442383,4386
2.8566606044769287,4385
2.9014158248901367,4384
2.946559190750122,4383
2.991088390350342,4382
3.036393642425537,4381
3.0806007385253906,4380
3.1260459423065186,4379
3.1703402996063232,4378
3.2150726318359375,4377
3.259932041168213,4376
3.304108142852783,4375
3.34956431388855,4374
3.3936049938201904,4373
3.438324451446533,4372
3.483072280883789,4371
3.5271689891815186,4370
3.571526288986206,4369
3.61441707611084,4368
3.659893751144409,4367
3.7045328617095947,4366
3.749866485595703,4365
3.794750213623047,4364
3.8396217823028564,4363
3.88392972946167,4362
3.926536798477173,4361
3.9695262908935547,4360
4.012056112289429,4359
4.055695056915283,4358
4.099093198776245,4357
4.142503023147583,4356
4.186014652252197,4355
4.228160381317139,4354
4.272657632827759,4353
4.314639568328857,4352
4.359093904495239,4351
4.400377035140991,4350
4.442420721054077,4349
4.484598159790039,4348
4.5261595249176025,4347
4.5687150955200195,4346
4.608351230621338,4345
4.651520729064941,4344
4.692561864852905,4343
4.736329078674316,4342
4.7796950340271,4341
4.825045108795166,4340
4.870554208755493,4339
4.9155755043029785,4338
4.96119499206543,4337
5.00629734992981,4336
5.051492214202881,4335
5.096998453140259,4334
5.14191746711731,4333
5.187576055526733,4332
5.231874465942383,4331
5.277722597122192,4330
5.322372913360596,4329
5.367451190948486,4328
5.41259503364563,4327
5.456807613372803,4326
5.501317501068115,4325
5.543481349945068,4324
5.588611602783203,4323
5.632887840270996,4322
5.677938222885132,4321
5.722156286239624,4320
5.766961336135864,4319
5.811790704727173,4318
5.854287385940552,4317
5.897035121917725,4316
5.93934965133667,4315
5.981998682022095,4314
6.025860786437988,4313
6.06855845451355,4312
6.112528085708618,4311
6.154355049133301,4310
6.198362827301025,4309
6.239965200424194,4308
6.283730983734131,4307
6.325433731079102,4306
6.367188453674316,4305
6.4098663330078125,4304
6.4500412940979,4303
6.493401288986206,4302
6.532289266586304,4301
6.575289249420166,4300
6.61600923538208,4299
6.658830404281616,4298
6.700371742248535,4297
6.742972373962402,4296
6.78555154800415,4295
6.827692747116089,4294
6.870731830596924,4293
6.91392183303833,4292
6.957949638366699,4291
7.003065347671509,4290
7.0475754737854,4289
7.093001842498779,4288
7.137025594711304,4287
7.182432174682617,4286
7.226751804351807,4285
7.271567344665527,4284
7.316537618637085,4283
7.3606789112091064,4282
7.405996799468994,4281
7.450103998184204,4280
7.495004892349243,4279
7.538542747497559,4278
7.580374717712402,4277
7.624684810638428,4276
7.667378902435303,4275
7.711442947387695,4274
7.756272315979004,4273
7.8010101318359375,4272
7.846032381057739,4271
7.890705347061157,4270
7.935549736022949,4269
7.978192090988159,4268
8.021332025527954,4267
8.062392473220825,4266
8.105084419250488,4265
8.148270845413208,4264
8.191352605819702,4263
8.234975576400757,4262
8.277364015579224,4261
8.320760488510132,4260
8.362833023071289,4259
8.407360553741455,4258
8.449150323867798,4257
8.492030143737793,4256
8.533956050872803,4255
8.574146032333374,4254
8.616985082626343,4253
8.657099962234497,4252
8.699764251708984,4251
8.740415334701538,4250
8.782549619674683,4249
8.824913263320923,4248
8.867407083511353,4247
8.911027193069458,4246
8.9546217918396,4245
8.99962854385376,4244
9.043738842010498,4243
9.088221549987793,4242
9.132907629013062,4241
9.176929950714111,4240
9.222047090530396,4239
9.265808343887329,4238
9.310635328292847,4237
9.354986906051636,4236
9.39910626411438,4235
9.444184064865112,4234
9.488069295883179,4233
9.53329873085022,4232
9.577453374862671,4231
9.62238883972168,4230
9.666702270507812,4229
9.710256338119507,4228
9.753428936004639,4227
9.798396825790405,4226
9.842711687088013,4225
9.887694597244263,4224
9.9321928024292,4223
9.976876497268677,4222
