0.19280028343200684,4447
0.23513364791870117,4446
0.2782909870147705,4445
0.3215646743774414,4444
0.366288423538208,4443
0.41117429733276367,4442
0.45595383644104004,4441
0.5006835460662842,4440
0.5454776287078857,4439
0.5898816585540771,4438
0.6344594955444336,4437
0.6788358688354492,4436
0.723351240158081,4435
0.7676258087158203,4434
0.812263011932373,4433
0.856529712677002,4432
0.9011952877044678,4431
0.9453854560852051,4430
0.9900023937225342,4429
1.0333433151245117,4428
1.0767436027526855,4427
1.1214015483856201,4426
1.1663665771484375,4425
1.2098376750946045,4424
1.255579948425293,4423
1.2996013164520264,4422
1.3444123268127441,4421
1.3887317180633545,4420
1.4336535930633545,4419
1.4783461093902588,4418
1.522721529006958,4417
1.564344882965088,4416
1.6086032390594482,4415
1.6524953842163086,4414
1.6943013668060303,4413
1.7360947132110596,4412
1.7771563529968262,4411
1.8188395500183105,4410
1.8624277114868164,4409
1.905569314956665,4408
1.9484987258911133,4407
1.9903583526611328,4406
2.0324201583862305,4405
2.0748887062072754,4404
2.117288112640381,4403
2.15917706489563,4402
2.2012455463409424,4401
2.242591142654419,4400
2.2838926315307617,4399
2.3245081901550293,4398
2.364882230758667,4397
2.4041759967803955,4396
2.4447875022888184,4395
2.484342098236084,4394
2.524251699447632,4393
2.5646848678588867,4392
2.606874704360962,4391
2.649461507797241,4390
2.690896987915039,4389
2.734602689743042,4388
2.7786428928375244,4387
2.823476791381836,4386
2.8689393997192383,4385
2.913438558578491,4384
2.9592368602752686,4383
3.0034446716308594,4382
3.0490808486938477,4381
3.0935726165771484,4380
3.138482093811035,4379
3.1835381984710693,4378
3.2279744148254395,4377
3.273533582687378,4376
3.318082094192505,4375
3.363239288330078,4374
3.4082984924316406,4373
3.453115224838257,4372
3.4985878467559814,4371
3.542473077774048,4370
3.5866920948028564,4369
3.6312713623046875,4368
3.676450252532959,4367
3.721789836883545,4366
3.766813039779663,4365
3.8121378421783447,4364
3.8574113845825195,4363
3.902550458908081,4362
3.9467356204986572,4361
3.9923012256622314,4360
4.035206079483032,4359
4.078323841094971,4358
4.1202239990234375,4357
4.161936283111572,4356
4.2059550285339355,4355
4.248708963394165,4354
4.293291330337524,4353
4.335827589035034,4352
4.380318880081177,4351
4.422974109649658,4350
4.467572212219238,4349
4.510347843170166,4348
4.554135322570801,4347
4.596292972564697,4346
4.639132499694824,4345
4.681521415710449,4344
4.724509000778198,4343
4.766868829727173,4342
4.8100056648254395,4341
4.853194952011108,4340
4.897432088851929,4339
4.94236946105957,4338
4.988439321517944,4337
5.032936096191406,4336
5.07911491394043,4335
5.123852014541626,4334
5.169274568557739,4333
5.214731931686401,4332
5.259646892547607,4331
5.305606842041016,4330
5.350508689880371,4329
5.396254062652588,4328
5.441537380218506,4327
5.487082004547119,4326
5.532676458358765,4325
5.576967239379883,4324
5.620999574661255,4323
5.665306806564331,4322
5.710537672042847,4321
5.755780458450317,4320
5.80061674118042,4319
5.846092224121094,4318
5.891071796417236,4317
5.936367511749268,4316
5.980908632278442,4315
6.026246786117554,4314
6.067094802856445,4313
6.109864950180054,4312
6.15229344367981,4311
6.194759368896484,4310
6.238887786865234,4309
6.281932353973389,4308
6.326366662979126,4307
6.368438959121704,4306
6.412773847579956,4305
6.455811262130737,4304
6.500088930130005,4303
6.543282747268677,4302
6.586693286895752,4301
6.6303019523620605,4300
6.673064708709717,4299
6.716512680053711,4298
6.758806467056274,4297
6.8006391525268555,4296
6.84309720993042,4295
6.883517503738403,4294
6.92685079574585,4293
6.966080904006958,4292
7.010136842727661,4291
7.049435377120972,4290
7.093348741531372,4289
7.135676145553589,4288
7.180498123168945,4287
7.225186586380005,4286
7.270165681838989,4285
7.315399169921875,4284
7.360117197036743,4283
7.405191659927368,4282
7.450275421142578,4281
7.495100736618042,4280
7.540381908416748,4279
7.585049152374268,4278
7.630439758300781,4277
7.6750218868255615,4276
7.720419406890869,4275
7.765162229537964,4274
7.810007095336914,4273
7.855099201202393,4272
7.898740530014038,4271
7.943046808242798,4270
7.987165689468384,4269
8.032830238342285,4268
8.077583312988281,4267
8.122740507125854,4266
8.168137311935425,4265
8.213091373443604,4264
8.258412837982178,4263
8.302522659301758,4262
8.347896337509155,4261
8.388550519943237,4260
8.431892395019531,4259
8.474593877792358,4258
8.518049240112305,4257
8.561977624893188,4256
8.605554342269897,4255
8.649405002593994,4254
8.692024230957031,4253
8.735936880111694,4252
8.779521703720093,4251
8.82323956489563,4250
8.866815328598022,4249
8.909079313278198,4248
8.952844142913818,4247
8.993669033050537,4246
9.037957668304443,4245
9.07774043083191,4244
9.120588541030884,4243
9.161632299423218,4242
9.203495264053345,4241
9.245337963104248,4240
9.286320686340332,4239
9.32921552658081,4238
9.37005090713501,4237
9.41313648223877,4236
9.456468343734741,4235
9.500184059143066,4234
9.545292854309082,4233
9.589615821838379,4232
9.634820222854614,4231
9.679041147232056,4230
9.724310398101807,4229
9.768569946289062,4228
9.813472747802734,4227
9.858087301254272,4226
9.902320623397827,4225
9.94741177558899,4224
9.991575717926025,4223
10.036221027374268,4222
10.080883502960205,4221
10.125023603439331,4220
10.170085906982422,4219
10.2140212059021,4218
10.25814175605774,4217
10.30161714553833,4216
10.346459150314331,4215
10.391083717346191,4214
10.435095310211182,4213
10.480029582977295,4212
10.524749517440796,4211
10.569441795349121,4210
10.612943410873413,4209
10.657008171081543,4208
10.701431512832642,4207
10.742906093597412,4206
10.784684896469116,4205
10.826804876327515,4204
10.8695809841156,4203
10.912260055541992,4202
10.954960107803345,4201
10.998396158218384,4200
11.04186224937439,4199
11.08383584022522,4198
11.126651048660278,4197
11.169443845748901,4196
11.212076187133789,4195
11.25307321548462,4194
11.29367208480835,4193
11.334858179092407,4192
11.375484943389893,4191
11.414055585861206,4190
11.456049919128418,4189
11.496710538864136,4188
11.537452697753906,4187
11.580377340316772,4186
11.624030590057373,4185
11.668071746826172,4184
11.712378025054932,4183
11.756293535232544,4182
11.800545692443848,4181
11.844447374343872,4180
11.88863468170166,4179
11.932621717453003,4178
11.976870059967041,4177
12.020741939544678,4176
12.064948797225952,4175
12.108838081359863,4174
12.153465986251831,4173
12.197505950927734,4172
12.242389678955078,4171
12.286396503448486,4170
12.330535411834717,4169
12.372912168502808,4168
12.415118217468262,4167
12.458339929580688,4166
12.502206325531006,4165
12.546120405197144,4164
12.590012550354004,4163
12.633720397949219,4162
12.678297519683838,4161
12.720453023910522,4160
12.762095212936401,4159
12.803556680679321,4158
12.845641851425171,4157
12.888424634933472,4156
12.93156385421753,4155
12.974398374557495,4154
13.017496109008789,4153
13.059693336486816,4152
13.102667093276978,4151
13.145938873291016,4150
13.189108848571777,4149
13.230950832366943,4148
13.272202253341675,4147
13.31293797492981,4146
13.353492021560669,4145
13.39345407485962,4144
13.433083772659302,4143
13.47192907333374,4142
13.512036085128784,4141
13.551030397415161,4140
13.590508699417114,4139
13.629850149154663,4138
13.670506477355957,4137
13.71215558052063,4136
13.75364899635315,4135
13.797149181365967,4134
13.840095281600952,4133
13.883974552154541,4132
13.928096294403076,4131
13.97200059890747,4130
14.016139030456543,4129
14.059999227523804,4128
14.104179859161377,4127
14.147981643676758,4126
14.192110061645508,4125
14.236010074615479,4124
14.280105829238892,4123
14.323915719985962,4122
14.368121862411499,4121
14.41065788269043,4120
14.451713800430298,4119
14.492431402206421,4118
14.534619092941284,4117
14.576220989227295,4116
14.619420528411865,4115
14.663058757781982,4114
14.707345962524414,4113
14.751877546310425,4112
14.795721292495728,4111
14.84050703048706,4110
14.883299112319946,4109
14.925648212432861,4108
14.968006134033203,4107
15.008876323699951,4106
15.052658081054688,4105
15.094885110855103,4104
15.139006614685059,4103
15.180789709091187,4102
15.224578857421875,4101
15.26642632484436,4100
15.31004786491394,4099
15.353039979934692,4098
15.395637512207031,4097
15.439070463180542,4096
15.480650663375854,4095
15.523987531661987,4094
15.56523323059082,4093
15.607916593551636,4092
15.649926900863647,4091
15.691865682601929,4090
15.73447561264038,4089
15.775912284851074,4088
15.818657875061035,4087
15.860135555267334,4086
15.90172553062439,4085
15.944640636444092,4084
15.98719596862793,4083
16.031720638275146,4082
16.075783252716064,4081
16.121033668518066,4080
16.164968967437744,4079
16.209508419036865,4078
16.254342794418335,4077
16.298259973526,4076
16.343652963638306,4075
16.38753628730774,4074
16.432726860046387,4073
16.47703266143799,4072
16.52189826965332,4071
16.56644892692566,4070
16.611074447631836,4069
16.654730558395386,4068
16.69736385345459,4067
16.740540742874146,4066
16.783833742141724,4065
16.828104496002197,4064
16.873085498809814,4063
16.917262315750122,4062
16.962419271469116,4061
17.006583213806152,4060
17.05122423171997,4059
17.09265446662903,4058
17.133763074874878,4057
17.176112413406372,4056
17.21802282333374,4055
17.261775016784668,4054
17.30381417274475,4053
17.347651958465576,4052
17.389461040496826,4051
17.432832956314087,4050
17.476043939590454,4049
17.519232511520386,4048
17.56258726119995,4047
17.60523557662964,4046
17.648467302322388,4045
17.690876483917236,4044
17.732603788375854,4043
17.775156021118164,4042
17.815364122390747,4041
17.858164310455322,4040
17.89833641052246,4039
17.941088914871216,4038
17.981696844100952,4037
18.024359941482544,4036
18.06625199317932,4035
18.106736183166504,4034
18.150465488433838,4033
18.19237184524536,4032
18.237531661987305,4031
18.281124591827393,4030
18.325746774673462,4029
18.36991548538208,4028
18.414090871810913,4027
18.458719730377197,4026
18.50296425819397,4025
18.547374963760376,4024
18.591846466064453,4023
18.63615608215332,4022
18.680834770202637,4021
18.724791049957275,4020
18.769580602645874,4019
18.81371569633484,4018
18.85819101333618,4017
18.9026095867157,4016
18.946189641952515,4015
18.989930391311646,4014
19.03303599357605,4013
19.078048944473267,4012
19.12205195426941,4011
19.166889667510986,4010
19.211188077926636,4009
19.25038170814514,4008
19.29335069656372,4007
19.330581426620483,4006
19.3740553855896,4005
19.412095546722412,4004
19.453979969024658,4003
19.494189500808716,4002
19.535709857940674,4001
19.57676339149475,4000
19.618266820907593,3999
19.659797191619873,3998
19.700922966003418,3997
19.73955488204956,3996
19.78269648551941,3995
19.82153630256653,3994
19.86432671546936,3993
19.904128074645996,3992
19.946568250656128,3991
19.98603367805481,3990
20.027528047561646,3989
20.06736469268799,3988
20.10504961013794,3987
20.147412538528442,3986
20.18419361114502,3985
20.226227045059204,3984
20.264460563659668,3983
20.30507802963257,3982
20.345476627349854,3981
20.385234117507935,3980
20.42650294303894,3979
20.465113401412964,3978
20.50578474998474,3977
20.545543670654297,3976
20.5853853225708,3975
20.62655520439148,3974
20.66577124595642,3973
20.707352876663208,3972
20.747057914733887,3971
20.786839485168457,3970
20.827502727508545,3969
20.865464448928833,3968
20.907479286193848,3967
20.94420552253723,3966
20.98664402961731,3965
21.023930549621582,3964
21.063313245773315,3963
21.103403329849243,3962
21.142436027526855,3961
119.13379836082458,3960
