0.00909280776977539,7609
0.017952680587768555,7608
0.026751995086669922,7607
0.03556990623474121,7606
0.04368782043457031,7605
0.05222678184509277,7604
0.06109476089477539,7603
0.07002878189086914,7602
0.07845282554626465,7601
0.08761978149414062,7600
0.09625768661499023,7599
0.10525059700012207,7598
0.11401677131652832,7597
0.12280964851379395,7596
0.13172078132629395,7595
0.1398909091949463,7594
0.1484677791595459,7593
0.15668678283691406,7592
0.16503667831420898,7591
0.17372679710388184,7590
0.182783842086792,7589
0.19104361534118652,7588
0.19957280158996582,7587
0.2079637050628662,7586
0.21623563766479492,7585
0.22453784942626953,7584
0.23282265663146973,7583
0.24054670333862305,7582
0.24820971488952637,7581
0.25574564933776855,7580
0.2632918357849121,7579
0.27081775665283203,7578
0.2780578136444092,7577
0.28516578674316406,7576
0.29229068756103516,7575
0.29997777938842773,7574
0.3075838088989258,7573
0.3146936893463135,7572
0.32170772552490234,7571
0.3281819820404053,7570
0.33397674560546875,7569
0.3397219181060791,7568
0.34543681144714355,7567
0.3516087532043457,7566
0.35765981674194336,7565
0.36360669136047363,7564
0.369553804397583,7563
0.3755466938018799,7562
0.3820176124572754,7561
0.388380765914917,7560
0.39452266693115234,7559
0.400648832321167,7558
0.4066288471221924,7557
0.4130086898803711,7556
0.41928863525390625,7555
0.426480770111084,7554
0.43865084648132324,7553
0.44516992568969727,7552
0.4523477554321289,7551
0.45977187156677246,7550
0.46747493743896484,7549
0.4747636318206787,7548
0.48213887214660645,7547
0.48932886123657227,7546
0.4961726665496826,7545
0.5021877288818359,7544
0.5082488059997559,7543
0.514683723449707,7542
0.5237207412719727,7541
0.5302426815032959,7540
0.5371966361999512,7539
0.5447585582733154,7538
0.5525357723236084,7537
0.5602166652679443,7536
0.5683178901672363,7535
0.5758688449859619,7534
0.5835106372833252,7533
0.5910277366638184,7532
0.5990116596221924,7531
0.6069939136505127,7530
0.6152207851409912,7529
0.6229126453399658,7528
0.6306228637695312,7527
0.6381916999816895,7526
0.6458868980407715,7525
0.6536755561828613,7524
0.6614997386932373,7523
0.6690897941589355,7522
0.6768577098846436,7521
0.6846718788146973,7520
0.6921558380126953,7519
0.700664758682251,7518
0.7103416919708252,7517
0.7196369171142578,7516
0.727907657623291,7515
0.7360198497772217,7514
0.7438719272613525,7513
0.752044677734375,7512
0.7596149444580078,7511
0.7675096988677979,7510
0.77532958984375,7509
0.7831895351409912,7508
0.7907857894897461,7507
0.7986717224121094,7506
0.8062138557434082,7505
0.8150877952575684,7504
0.8227808475494385,7503
0.8304977416992188,7502
0.8380827903747559,7501
0.8457379341125488,7500
0.8532817363739014,7499
0.8608555793762207,7498
0.8684589862823486,7497
0.8760108947753906,7496
0.8837776184082031,7495
0.8912246227264404,7494
0.8989696502685547,7493
0.9065468311309814,7492
0.9142508506774902,7491
0.9216346740722656,7490
0.9290256500244141,7489
0.9367098808288574,7488
0.9441657066345215,7487
0.9517757892608643,7486
0.959425687789917,7485
0.9672157764434814,7484
0.9748268127441406,7483
0.9825305938720703,7482
0.9899938106536865,7481
0.9977617263793945,7480
1.0052978992462158,7479
1.0128257274627686,7478
1.0203876495361328,7477
1.0278377532958984,7476
1.0360686779022217,7475
1.0438079833984375,7474
1.0512199401855469,7473
1.0583686828613281,7472
1.0652368068695068,7471
1.0719406604766846,7470
1.0819199085235596,7469
1.095301866531372,7468
1.1030709743499756,7467
1.110846757888794,7466
1.1196956634521484,7465
1.1272938251495361,7464
1.1349098682403564,7463
1.1423797607421875,7462
1.1502957344055176,7461
1.162862777709961,7460
1.170409917831421,7459
1.1781058311462402,7458
1.1856586933135986,7457
1.1932437419891357,7456
1.2008397579193115,7455
1.208326816558838,7454
1.2230267524719238,7453
1.2307310104370117,7452
1.238332748413086,7451
1.2459425926208496,7450
1.2536115646362305,7449
1.261253833770752,7448
1.2763948440551758,7447
1.2840676307678223,7446
1.2916817665100098,7445
1.299555778503418,7444
1.3070647716522217,7443
1.3148407936096191,7442
1.3223507404327393,7441
1.3299756050109863,7440
1.337458848953247,7439
1.3449077606201172,7438
1.352660894393921,7437
1.3602237701416016,7436
1.3680167198181152,7435
1.3755125999450684,7434
1.3904588222503662,7433
1.3979809284210205,7432
1.4054248332977295,7431
1.4129788875579834,7430
1.4202868938446045,7429
1.4274029731750488,7428
1.4341785907745361,7427
1.4404165744781494,7426
1.4527878761291504,7425
1.4589025974273682,7424
1.465660810470581,7423
1.4719088077545166,7422
1.4781818389892578,7421
1.4844377040863037,7420
1.4906847476959229,7419
1.4973278045654297,7418
1.5043158531188965,7417
1.5113446712493896,7416
1.5179908275604248,7415
1.5325157642364502,7414
1.539848804473877,7413
1.5466978549957275,7412
1.5529768466949463,7411
1.5591659545898438,7410
1.565863847732544,7409
1.5729336738586426,7408
1.5800998210906982,7407
1.5860447883605957,7406
1.5919475555419922,7405
1.5979299545288086,7404
1.6050145626068115,7403
1.611891746520996,7402
1.6196227073669434,7401
1.6273908615112305,7400
1.6352896690368652,7399
1.6430168151855469,7398
1.6506738662719727,7397
1.6583197116851807,7396
1.6755309104919434,7395
1.6817388534545898,7394
1.687767744064331,7393
1.6936776638031006,7392
1.7005188465118408,7391
1.7073919773101807,7390
1.7136619091033936,7389
1.7198028564453125,7388
1.7259187698364258,7387
1.7322287559509277,7386
1.738372802734375,7385
1.7446117401123047,7384
1.7515735626220703,7383
1.7589137554168701,7382
1.770904779434204,7381
1.778848648071289,7380
1.7863926887512207,7379
1.7937946319580078,7378
1.8010907173156738,7377
1.8088016510009766,7376
1.816415786743164,7375
1.8237016201019287,7374
1.8306996822357178,7373
1.8368067741394043,7372
1.842857837677002,7371
1.849515676498413,7370
1.8557486534118652,7369
1.8618927001953125,7368
1.8679916858673096,7367
1.873999834060669,7366
1.880516767501831,7365
1.8870327472686768,7364
1.8932909965515137,7363
1.899507761001587,7362
1.9058067798614502,7361
1.9124176502227783,7360
1.9187326431274414,7359
1.9248099327087402,7358
1.9350247383117676,7357
1.9409677982330322,7356
1.9535858631134033,7355
1.959979772567749,7354
1.9664607048034668,7353
1.9724936485290527,7352
1.9855527877807617,7351
1.9925076961517334,7350
1.9997189044952393,7349
2.005936861038208,7348
2.012091875076294,7347
2.018206834793091,7346
2.030658721923828,7345
2.036705732345581,7344
2.0427587032318115,7343
2.051609754562378,7342
2.0576508045196533,7341
2.0678248405456543,7340
2.0738348960876465,7339
2.0802907943725586,7338
2.0868117809295654,7337
2.09370493888855,7336
2.1011199951171875,7335
2.108435869216919,7334
2.1161186695098877,7333
2.1236658096313477,7332
2.138089895248413,7331
2.1456587314605713,7330
2.1531877517700195,7329
2.1606929302215576,7328
2.168494701385498,7327
2.175956964492798,7326
2.1837167739868164,7325
2.191309690475464,7324
2.199103832244873,7323
2.2069497108459473,7322
2.216742753982544,7321
2.2242047786712646,7320
2.2314467430114746,7319
2.238538980484009,7318
2.2449605464935303,7317
2.251401901245117,7316
2.2584357261657715,7315
2.2657227516174316,7314
2.2734837532043457,7313
2.281238555908203,7312
2.2888686656951904,7311
2.29665470123291,7310
2.304630756378174,7309
2.3125319480895996,7308
2.327958583831787,7307
2.342838764190674,7306
2.3499867916107178,7305
2.3572988510131836,7304
2.3646488189697266,7303
2.3717267513275146,7302
2.3777358531951904,7301
2.388676643371582,7300
2.3946096897125244,7299
2.400505781173706,7298
2.4064688682556152,7297
2.41239070892334,7296
2.418268918991089,7295
2.4240667819976807,7294
2.4316837787628174,7293
2.437511920928955,7292
2.4433717727661133,7291
2.4492387771606445,7290
2.455037832260132,7289
2.460906982421875,7288
2.466824769973755,7287
2.473418951034546,7286
2.4795148372650146,7285
2.4869236946105957,7284
2.4931325912475586,7283
2.499264717102051,7282
2.5057568550109863,7281
2.5192806720733643,7280
2.525439977645874,7279
2.5360939502716064,7278
2.5419857501983643,7277
2.548764705657959,7276
2.559088706970215,7275
2.5651488304138184,7274
2.571288824081421,7273
2.5778486728668213,7272
2.5845868587493896,7271
2.591564655303955,7270
2.5975606441497803,7269
2.6131415367126465,7268
2.619708776473999,7267
2.626781940460205,7266
2.6329407691955566,7265
2.63904070854187,7264
2.644990921020508,7263
2.6510086059570312,7262
2.6569857597351074,7261
2.662907838821411,7260
2.669437885284424,7259
2.6757776737213135,7258
2.6821987628936768,7257
2.68841290473938,7256
2.694399833679199,7255
2.7007367610931396,7254
2.706904649734497,7253
2.7129507064819336,7252
2.729672908782959,7251
2.737116813659668,7250
2.744602680206299,7249
2.7606756687164307,7248
2.7670845985412598,7247
2.7737836837768555,7246
2.7815349102020264,7245
2.7890806198120117,7244
2.7964417934417725,7243
2.8036956787109375,7242
2.810701608657837,7241
2.8285739421844482,7240
2.8349688053131104,7239
2.8526127338409424,7238
2.8595728874206543,7237
2.8674685955047607,7236
2.880288600921631,7235
2.8878488540649414,7234
2.895413875579834,7233
2.9031198024749756,7232
2.9106757640838623,7231
2.9184136390686035,7230
2.9260590076446533,7229
2.9336318969726562,7228
2.951978921890259,7227
2.9579179286956787,7226
2.9639387130737305,7225
2.970205783843994,7224
2.981409788131714,7223
2.987234592437744,7222
2.9930717945098877,7221
3.000281810760498,7220
3.0061118602752686,7219
3.013532876968384,7218
3.019420862197876,7217
3.0252857208251953,7216
3.0412778854370117,7215
3.0472707748413086,7214
3.0532357692718506,7213
3.059135913848877,7212
3.0649616718292236,7211
3.070812702178955,7210
3.0783019065856934,7209
3.084265947341919,7208
3.0902187824249268,7207
3.0962936878204346,7206
3.1060118675231934,7205
3.1147677898406982,7204
3.1209378242492676,7203
3.1271376609802246,7202
3.133303642272949,7201
3.139525890350342,7200
3.1457858085632324,7199
3.152066707611084,7198
3.163808584213257,7197
3.174445629119873,7196
3.1808698177337646,7195
3.1872177124023438,7194
3.1935386657714844,7193
3.1998448371887207,7192
3.2061686515808105,7191
3.2126357555389404,7190
3.2218267917633057,7189
3.2280478477478027,7188
3.234107732772827,7187
3.240302801132202,7186
3.2463836669921875,7185
3.252445936203003,7184
3.258514881134033,7183
3.2645437717437744,7182
3.2712697982788086,7181
3.277601718902588,7180
3.2840607166290283,7179
3.290414810180664,7178
3.297370672225952,7177
3.305304765701294,7176
3.3130698204040527,7175
3.3208727836608887,7174
3.3284687995910645,7173
3.338042736053467,7172
3.345451593399048,7171
3.360696792602539,7170
3.382518768310547,7169
3.3890135288238525,7168
3.395751714706421,7167
3.4034228324890137,7166
3.411118745803833,7165
3.4232797622680664,7164
3.430961847305298,7163
3.4388468265533447,7162
3.446666955947876,7161
3.4542226791381836,7160
3.461714744567871,7159
3.4693708419799805,7158
3.4768545627593994,7157
3.484257698059082,7156
3.4915947914123535,7155
3.4994068145751953,7154
3.507145881652832,7153
3.514725685119629,7152
3.522324800491333,7151
3.5298218727111816,7150
3.5374767780303955,7149
3.5449228286743164,7148
3.552562713623047,7147
3.5601489543914795,7146
3.5714166164398193,7145
3.58551287651062,7144
3.593007802963257,7143
3.599965810775757,7142
3.6061017513275146,7141
3.6120717525482178,7140
3.6183459758758545,7139
3.6244378089904785,7138
3.6304047107696533,7137
3.6372528076171875,7136
3.6517035961151123,7135
3.657935857772827,7134
3.6639747619628906,7133
3.6704728603363037,7132
3.6766598224639893,7131
3.682666778564453,7130
3.6885828971862793,7129
3.700554847717285,7128
3.7066826820373535,7127
3.712742805480957,7126
3.7191097736358643,7125
3.7253146171569824,7124
3.7315316200256348,7123
3.7380387783050537,7122
3.744783639907837,7121
3.75213885307312,7120
3.759640693664551,7119
3.7671287059783936,7118
3.7746129035949707,7117
3.7822158336639404,7116
3.7897956371307373,7115
3.797379732131958,7114
3.8051929473876953,7113
3.8159937858581543,7112
3.8235228061676025,7111
3.831106662750244,7110
3.8387558460235596,7109
3.8463797569274902,7108
3.861609935760498,7107
3.869123697280884,7106
3.8862268924713135,7105
3.8937249183654785,7104
3.901273727416992,7103
3.916571855545044,7102
3.9287078380584717,7101
3.937269926071167,7100
3.9455487728118896,7099
3.955209970474243,7098
3.9646189212799072,7097
3.9901797771453857,7096
3.999210834503174,7095
4.007746696472168,7094
4.0163798332214355,7093
4.024736642837524,7092
4.033041715621948,7091
4.041261672973633,7090
4.049531698226929,7089
4.057524919509888,7088
4.067327976226807,7087
4.075344800949097,7086
4.083477735519409,7085
4.091263771057129,7084
4.098945617675781,7083
4.10678768157959,7082
4.114388942718506,7081
4.122020721435547,7080
4.129576921463013,7079
4.144820928573608,7078
4.152254819869995,7077
4.1674816608428955,7076
4.1871867179870605,7075
4.202394723892212,7074
4.210075855255127,7073
4.217858791351318,7072
4.2255706787109375,7071
4.233561754226685,7070
4.261499881744385,7069
4.269594669342041,7068
4.277512788772583,7067
4.293468713760376,7066
4.309936761856079,7065
4.318041801452637,7064
4.326132774353027,7063
4.333958864212036,7062
4.341684818267822,7061
4.349519729614258,7060
4.357303619384766,7059
4.364897727966309,7058
4.372348785400391,7057
4.387204647064209,7056
4.394829750061035,7055
4.402415752410889,7054
4.414322853088379,7053
4.430734634399414,7052
4.438527822494507,7051
4.453805685043335,7050
4.461477756500244,7049
4.469045877456665,7048
4.47653865814209,7047
4.4887917041778564,7046
4.496285915374756,7045
4.503920793533325,7044
4.5115766525268555,7043
4.519158601760864,7042
4.540323734283447,7041
4.563040733337402,7040
4.5710289478302,7039
4.5786778926849365,7038
4.586256742477417,7037
4.593914747238159,7036
4.601408004760742,7035
4.613140821456909,7034
4.620819807052612,7033
4.628820896148682,7032
4.636743783950806,7031
4.644279718399048,7030
4.6557228565216064,7029
4.663153886795044,7028
4.670907735824585,7027
4.688189744949341,7026
4.701719760894775,7025
4.717252731323242,7024
4.724866628646851,7023
4.732562780380249,7022
4.740545749664307,7021
4.748438596725464,7020
4.758753776550293,7019
4.766873836517334,7018
4.778636693954468,7017
4.786615610122681,7016
4.795917749404907,7015
4.803700923919678,7014
4.816288709640503,7013
4.824189901351929,7012
4.8317108154296875,7011
4.8392839431762695,7010
4.8543407917022705,7009
4.861857652664185,7008
4.869709730148315,7007
4.877383708953857,7006
4.885340929031372,7005
4.903244733810425,7004
4.9134767055511475,7003
4.921346664428711,7002
4.929102659225464,7001
4.953627824783325,7000
4.9613566398620605,6999
4.969414710998535,6998
4.977311849594116,6997
4.99225378036499,6996
4.999956846237183,6995
5.007522821426392,6994
5.0154407024383545,6993
5.023351669311523,6992
5.031200647354126,6991
5.039060831069946,6990
5.051080942153931,6989
5.058661699295044,6988
5.067081928253174,6987
5.075382709503174,6986
5.099079847335815,6985
5.116121768951416,6984
5.140446901321411,6983
5.159593820571899,6982
5.175278663635254,6981
5.185730695724487,6980
5.197473764419556,6979
5.209391832351685,6978
5.21937894821167,6977
5.242151737213135,6976
5.2532799243927,6975
5.265349864959717,6974
5.287732839584351,6973
5.297563791275024,6972
5.308764696121216,6971
5.3252668380737305,6970
5.339830636978149,6969
5.353039741516113,6968
5.377273797988892,6967
5.3906238079071045,6966
5.406655788421631,6965
5.430335998535156,6964
5.450450897216797,6963
5.471005916595459,6962
5.4823408126831055,6961
5.500990867614746,6960
5.5282087326049805,6959
5.539162874221802,6958
5.5494537353515625,6957
5.560774803161621,6956
5.571816921234131,6955
5.591139793395996,6954
5.604660987854004,6953
5.613796710968018,6952
5.632668733596802,6951
5.660485744476318,6950
5.670501708984375,6949
5.709667682647705,6948
5.720507860183716,6947
5.72968864440918,6946
5.749407768249512,6945
5.7624006271362305,6944
5.7728047370910645,6943
5.791869878768921,6942
5.8015477657318115,6941
5.810964822769165,6940
5.821333646774292,6939
5.8300817012786865,6938
5.840386629104614,6937
5.849545955657959,6936
5.874291896820068,6935
5.889266729354858,6934
5.901681900024414,6933
5.910930871963501,6932
5.920626878738403,6931
5.938763618469238,6930
5.947064638137817,6929
5.95654559135437,6928
5.965016603469849,6927
5.9734697341918945,6926
5.982810735702515,6925
5.99678897857666,6924
6.00439977645874,6923
6.012000560760498,6922
6.01982569694519,6921
6.027830600738525,6920
6.035854816436768,6919
6.047815799713135,6918
6.055566787719727,6917
6.063334703445435,6916
6.0711376667022705,6915
6.078917741775513,6914
6.088306903839111,6913
6.1044275760650635,6912
6.1124536991119385,6911
6.124424934387207,6910
6.137836694717407,6909
6.146362781524658,6908
6.168994665145874,6907
6.177944660186768,6906
6.186939716339111,6905
6.197708606719971,6904
6.224450588226318,6903
6.234350681304932,6902
6.243260860443115,6901
6.260410785675049,6900
6.274127721786499,6899
6.28323769569397,6898
6.297541856765747,6897
6.309902667999268,6896
6.320345640182495,6895
6.329458713531494,6894
6.363151788711548,6893
6.374500751495361,6892
6.389376640319824,6891
6.398175954818726,6890
6.413229703903198,6889
6.432020902633667,6888
6.442628860473633,6887
6.459330797195435,6886
6.478933572769165,6885
6.489306688308716,6884
6.498550653457642,6883
6.509969711303711,6882
6.520275831222534,6881
6.530091762542725,6880
6.540940761566162,6879
6.550872802734375,6878
6.5604636669158936,6877
6.586066722869873,6876
6.594849586486816,6875
6.605923652648926,6874
6.626885890960693,6873
6.640028715133667,6872
6.64954686164856,6871
6.658466815948486,6870
6.66853666305542,6869
6.679796934127808,6868
6.695823669433594,6867
6.705054759979248,6866
6.713841915130615,6865
6.724564790725708,6864
6.734658718109131,6863
6.74419379234314,6862
6.7603678703308105,6861
6.7705278396606445,6860
6.788579702377319,6859
6.79827356338501,6858
6.810399770736694,6857
6.820368766784668,6856
6.830037593841553,6855
6.840474843978882,6854
6.849751710891724,6853
6.8596107959747314,6852
6.87527871131897,6851
6.885114669799805,6850
6.9072487354278564,6849
6.916587591171265,6848
6.935867786407471,6847
6.945148706436157,6846
6.956370830535889,6845
6.965707778930664,6844
6.975799798965454,6843
6.998219728469849,6842
7.008540868759155,6841
7.02364182472229,6840
7.032662630081177,6839
7.047306776046753,6838
7.066651821136475,6837
7.085080623626709,6836
7.1014018058776855,6835
7.111059904098511,6834
7.121292591094971,6833
7.130508661270142,6832
7.1432859897613525,6831
7.16470193862915,6830
7.1748387813568115,6829
7.18423867225647,6828
7.194056749343872,6827
7.204349756240845,6826
7.213331937789917,6825
7.232641696929932,6824
7.2471277713775635,6823
7.266527891159058,6822
7.277641773223877,6821
7.2888288497924805,6820
7.298487663269043,6819
7.308267593383789,6818
7.321338653564453,6817
7.3624327182769775,6816
7.390025854110718,6815
7.399602890014648,6814
7.454265832901001,6813
7.463448762893677,6812
7.482538938522339,6811
7.492963790893555,6810
7.515642881393433,6809
7.527116775512695,6808
7.5359697341918945,6807
7.544548749923706,6806
7.560070753097534,6805
7.568823575973511,6804
7.57690691947937,6803
7.585924863815308,6802
7.621743679046631,6801
7.629336833953857,6800
7.637332916259766,6799
7.6474528312683105,6798
7.655274868011475,6797
7.662806749343872,6796
7.670178651809692,6795
7.677721738815308,6794
7.685450792312622,6793
7.700187683105469,6792
7.708164691925049,6791
7.723402976989746,6790
7.731712579727173,6789
7.740254878997803,6788
7.748594760894775,6787
7.756849765777588,6786
7.764713764190674,6785
7.780797719955444,6784
7.805404901504517,6783
7.812999725341797,6782
7.830315589904785,6781
7.844622850418091,6780
7.852303743362427,6779
7.859910726547241,6778
7.867611885070801,6777
7.890894651412964,6776
7.907136678695679,6775
7.915085792541504,6774
7.9249937534332275,6773
7.935317754745483,6772
7.943996906280518,6771
7.951801776885986,6770
7.959544658660889,6769
7.967825889587402,6768
7.979431867599487,6767
7.9874587059021,6766
7.99786376953125,6765
8.006012916564941,6764
8.018910884857178,6763
8.026977777481079,6762
8.035696744918823,6761
8.043798685073853,6760
8.059379816055298,6759
8.067663669586182,6758
8.09363079071045,6757
8.102327585220337,6756
8.111153841018677,6755
8.13656497001648,6754
8.157411813735962,6753
8.181538820266724,6752
8.19052791595459,6751
8.211361646652222,6750
8.22322678565979,6749
8.232280731201172,6748
8.241244792938232,6747
8.250086784362793,6746
8.25859785079956,6745
8.269072771072388,6744
8.278146743774414,6743
8.309026718139648,6742
8.325926780700684,6741
8.334803819656372,6740
8.343793869018555,6739
8.361562728881836,6738
8.370032787322998,6737
8.386743783950806,6736
8.411678791046143,6735
8.420170783996582,6734
8.460405826568604,6733
8.468029737472534,6732
8.47598385810852,6731
8.483851671218872,6730
8.491834878921509,6729
8.499504804611206,6728
8.507442712783813,6727
8.518807649612427,6726
8.533913850784302,6725
8.542129755020142,6724
8.550107717514038,6723
8.566088914871216,6722
8.57462763786316,6721
8.582500696182251,6720
8.590450763702393,6719
8.5984787940979,6718
8.606821775436401,6717
8.614926815032959,6716
8.634947776794434,6715
8.662861824035645,6714
8.674644947052002,6713
8.682395696640015,6712
8.691932916641235,6711
8.699829816818237,6710
8.708033561706543,6709
8.719589710235596,6708
8.730002880096436,6707
8.737947702407837,6706
8.745806694030762,6705
8.757118940353394,6704
8.765192747116089,6703
8.775044679641724,6702
8.783251762390137,6701
8.795244693756104,6700
8.803346872329712,6699
8.824161767959595,6698
8.832810878753662,6697
8.846893787384033,6696
8.855224609375,6695
8.865902662277222,6694
8.874109745025635,6693
8.881992816925049,6692
8.900616884231567,6691
8.90879487991333,6690
8.918508768081665,6689
8.926824808120728,6688
8.940731763839722,6687
8.948692798614502,6686
8.956670761108398,6685
8.967405796051025,6684
8.97569465637207,6683
8.983961820602417,6682
8.995015859603882,6681
9.01061463356018,6680
9.034842729568481,6679
9.042668581008911,6678
9.057978868484497,6677
9.065776824951172,6676
9.084386587142944,6675
9.107332706451416,6674
9.115059852600098,6673
9.136595964431763,6672
9.15782880783081,6671
9.17015290260315,6670
9.177919864654541,6669
9.207605838775635,6668
9.218218803405762,6667
9.238101720809937,6666
9.246297836303711,6665
9.266428709030151,6664
9.282057762145996,6663
9.298979759216309,6662
9.309606790542603,6661
9.317400693893433,6660
9.32525372505188,6659
9.333043813705444,6658
9.363512754440308,6657
9.378745794296265,6656
9.387381792068481,6655
9.398175954818726,6654
9.405780792236328,6653
9.413413763046265,6652
9.421050786972046,6651
9.428825855255127,6650
9.436858654022217,6649
9.444690942764282,6648
9.467561960220337,6647
9.481046676635742,6646
9.4887056350708,6645
9.503742933273315,6644
9.519094705581665,6643
9.545677661895752,6642
9.560835838317871,6641
9.568437814712524,6640
9.576383829116821,6639
9.58410382270813,6638
9.59261679649353,6637
9.599888801574707,6636
9.607447624206543,6635
9.614919900894165,6634
9.63721489906311,6633
9.643465757369995,6632
9.655293941497803,6631
9.661808729171753,6630
9.668736696243286,6629
9.691670656204224,6628
9.701752662658691,6627
9.709649801254272,6626
9.717296838760376,6625
9.725146770477295,6624
9.733261823654175,6623
9.747309684753418,6622
9.756450653076172,6621
9.76411485671997,6620
9.775389909744263,6619
9.783191680908203,6618
9.797842741012573,6617
9.822258949279785,6616
9.840340852737427,6615
9.849171876907349,6614
9.85843276977539,6613
9.86735987663269,6612
9.885194778442383,6611
9.89444375038147,6610
9.902907848358154,6609
9.912052869796753,6608
9.920405626296997,6607
9.929147720336914,6606
9.937460899353027,6605
9.946063756942749,6604
9.964512586593628,6603
9.973065853118896,6602
9.98824667930603,6601
10.009638786315918,6600
10.017351865768433,6599
10.026000738143921,6598
10.034483909606934,6597
10.042802810668945,6596
10.050747871398926,6595
10.05962586402893,6594
10.067272901535034,6593
10.075226783752441,6592
10.083379745483398,6591
10.095935821533203,6590
10.120231866836548,6589
10.12879991531372,6588
10.14700961112976,6587
10.155500650405884,6586
10.16392183303833,6585
10.18252968788147,6584
10.19111180305481,6583
10.203483819961548,6582
10.214327812194824,6581
10.222880601882935,6580
10.248257637023926,6579
10.259360551834106,6578
10.270485639572144,6577
10.279104709625244,6576
10.304521799087524,6575
10.313182830810547,6574
10.323440790176392,6573
10.338814973831177,6572
10.36336064338684,6571
10.381095886230469,6570
10.390358686447144,6569
10.449216604232788,6568
10.457997798919678,6567
10.466404676437378,6566
10.483248710632324,6565
10.498828649520874,6564
10.524157762527466,6563
10.532241821289062,6562
10.540359735488892,6561
10.552721738815308,6560
10.567587614059448,6559
10.57637882232666,6558
10.589370727539062,6557
10.597919940948486,6556
10.606684923171997,6555
10.634744644165039,6554
10.645021915435791,6553
10.65360975265503,6552
10.662036895751953,6551
10.670477628707886,6550
10.687018871307373,6549
10.694841861724854,6548
10.70242977142334,6547
10.717925786972046,6546
10.72568964958191,6545
10.733258962631226,6544
10.740879774093628,6543
10.748533964157104,6542
10.75603199005127,6541
10.773408651351929,6540
10.796738624572754,6539
10.80453872680664,6538
10.813219785690308,6537
10.820705652236938,6536
10.834137678146362,6535
10.840340852737427,6534
10.862509727478027,6533
10.875856876373291,6532
10.887168645858765,6531
10.911680698394775,6530
10.92104172706604,6529
10.935036897659302,6528
10.94524073600769,6527
10.962912559509277,6526
10.976004838943481,6525
10.98476266860962,6524
10.99521279335022,6523
11.00551986694336,6522
11.020208835601807,6521
11.028791666030884,6520
11.037344694137573,6519
11.046250820159912,6518
11.0550537109375,6517
11.072074890136719,6516
11.080889701843262,6515
11.10630464553833,6514
11.113877534866333,6513
11.123393774032593,6512
11.142131805419922,6511
11.15041470527649,6510
11.15865182876587,6509
11.166500806808472,6508
11.182236909866333,6507
11.190048694610596,6506
11.200157880783081,6505
11.210600852966309,6504
11.218578815460205,6503
11.22694182395935,6502
11.234940767288208,6501
11.251040697097778,6500
11.26391863822937,6499
11.272117853164673,6498
11.289468765258789,6497
11.33353877067566,6496
11.343324899673462,6495
11.357865810394287,6494
11.37584376335144,6493
11.383602857589722,6492
11.393888711929321,6491
11.40154480934143,6490
11.409599781036377,6489
11.425861835479736,6488
11.44310188293457,6487
11.450839757919312,6486
11.459635972976685,6485
11.481557607650757,6484
11.506057977676392,6483
11.517696619033813,6482
11.527058839797974,6481
11.535348892211914,6480
11.544607877731323,6479
11.553449869155884,6478
11.57627272605896,6477
11.584590673446655,6476
11.622429847717285,6475
11.639346837997437,6474
11.650183916091919,6473
11.668907642364502,6472
11.683523654937744,6471
11.692381858825684,6470
11.701171875,6469
11.710412740707397,6468
11.736474752426147,6467
11.74488878250122,6466
11.760801792144775,6465
11.768906831741333,6464
11.777673959732056,6463
11.793712854385376,6462
11.80200481414795,6461
11.825684785842896,6460
11.834182739257812,6459
11.865689754486084,6458
11.874155759811401,6457
11.892636775970459,6456
11.914231777191162,6455
11.930097818374634,6454
11.94546890258789,6453
11.953171968460083,6452
11.966355800628662,6451
11.99003267288208,6450
11.997743844985962,6449
12.01803970336914,6448
12.033260583877563,6447
12.041242837905884,6446
12.049180746078491,6445
12.057074785232544,6444
12.083841562271118,6443
12.101417779922485,6442
12.109485626220703,6441
12.125415802001953,6440
12.142429828643799,6439
12.159989833831787,6438
12.167574644088745,6437
12.190723657608032,6436
12.199503660202026,6435
12.207334756851196,6434
12.239207744598389,6433
12.287885665893555,6432
12.298755645751953,6431
12.327208757400513,6430
12.334946632385254,6429
12.344231843948364,6428
12.361536741256714,6427
12.379576683044434,6426
12.387990713119507,6425
12.404000759124756,6424
12.416571855545044,6423
12.439250946044922,6422
12.4593186378479,6421
12.46699070930481,6420
12.491732835769653,6419
12.537405729293823,6418
12.549109935760498,6417
12.555649757385254,6416
12.566038608551025,6415
12.573124647140503,6414
12.588209867477417,6413
12.595649719238281,6412
12.603550910949707,6411
12.61130690574646,6410
12.632020950317383,6409
12.65511178970337,6408
12.670094728469849,6407
12.682051658630371,6406
12.691937685012817,6405
12.704574823379517,6404
12.711073637008667,6403
12.717659711837769,6402
12.724876642227173,6401
12.732236623764038,6400
12.739437818527222,6399
12.7459237575531,6398
12.756187677383423,6397
12.767653703689575,6396
12.7737295627594,6395
12.784801721572876,6394
12.791324853897095,6393
12.799146890640259,6392
12.814967632293701,6391
12.822398900985718,6390
12.829984664916992,6389
12.837440729141235,6388
12.84499979019165,6387
12.852474689483643,6386
12.870802879333496,6385
12.879248857498169,6384
12.88995885848999,6383
12.911751747131348,6382
12.928255796432495,6381
12.937959909439087,6380
12.953153610229492,6379
12.967970609664917,6378
12.977004766464233,6377
13.012486696243286,6376
13.045524835586548,6375
13.054748773574829,6374
13.081917762756348,6373
13.102913618087769,6372
13.112676858901978,6371
13.121212720870972,6370
13.130622863769531,6369
13.172337770462036,6368
13.181996583938599,6367
13.198795557022095,6366
13.207881927490234,6365
13.241548776626587,6364
13.251332759857178,6363
13.275656938552856,6362
13.312619686126709,6361
13.33395767211914,6360
13.35373067855835,6359
13.362984895706177,6358
13.389559745788574,6357
13.398703813552856,6356
13.412201881408691,6355
13.450373888015747,6354
13.459331750869751,6353
13.468037843704224,6352
13.47685980796814,6351
13.491013765335083,6350
13.503882884979248,6349
13.523855686187744,6348
13.541071653366089,6347
13.5496187210083,6346
13.558245658874512,6345
13.590189695358276,6344
13.611348867416382,6343
13.619958639144897,6342
13.627975940704346,6341
13.641649723052979,6340
13.665098905563354,6339
13.67865777015686,6338
13.686898946762085,6337
13.704389810562134,6336
13.714396715164185,6335
13.72744870185852,6334
13.736437797546387,6333
13.753458738327026,6332
13.763367891311646,6331
13.782902002334595,6330
13.802450895309448,6329
13.838905811309814,6328
13.85671877861023,6327
13.86609673500061,6326
13.876287937164307,6325
13.885386943817139,6324
13.91512656211853,6323
13.937768936157227,6322
13.947290658950806,6321
13.955826759338379,6320
13.981505632400513,6319
14.006623983383179,6318
14.056309938430786,6317
14.080849885940552,6316
14.092606782913208,6315
14.116963624954224,6314
14.132831811904907,6313
14.1487877368927,6312
14.157159805297852,6311
14.165817737579346,6310
14.183048963546753,6309
14.212053537368774,6308
14.220379829406738,6307
14.236503601074219,6306
14.249435901641846,6305
14.258694887161255,6304
14.28374457359314,6303
14.293028831481934,6302
14.311389923095703,6301
14.334484815597534,6300
14.36119556427002,6299
14.370093822479248,6298
14.3795006275177,6297
14.395542621612549,6296
14.413660764694214,6295
14.450052738189697,6294
14.472998857498169,6293
14.482553720474243,6292
14.500215768814087,6291
14.509076833724976,6290
14.52310562133789,6289
14.533456802368164,6288
14.558215856552124,6287
14.581217765808105,6286
14.602353811264038,6285
14.613525629043579,6284
14.624900817871094,6283
14.66024661064148,6282
14.673839807510376,6281
14.689164638519287,6280
14.706254720687866,6279
14.71688175201416,6278
14.760414838790894,6277
14.77955675125122,6276
14.788100719451904,6275
14.797346591949463,6274
14.809258937835693,6273
14.832871913909912,6272
14.86449670791626,6271
14.882232666015625,6270
14.890828609466553,6269
14.910387754440308,6268
14.919026851654053,6267
14.927788734436035,6266
14.938031673431396,6265
14.953890800476074,6264
14.962707757949829,6263
14.99071979522705,6262
15.004597902297974,6261
15.013269662857056,6260
15.021398782730103,6259
15.03044080734253,6258
15.038729906082153,6257
15.047337770462036,6256
15.058945655822754,6255
15.076537847518921,6254
15.084457874298096,6253
15.09261178970337,6252
15.103502750396729,6251
15.111876726150513,6250
15.12009859085083,6249
15.128607988357544,6248
15.136531829833984,6247
15.144985675811768,6246
15.153320789337158,6245
15.161829710006714,6244
15.183391809463501,6243
15.191633701324463,6242
15.2045738697052,6241
15.233197689056396,6240
15.25530481338501,6239
15.279975891113281,6238
15.287872552871704,6237
15.311198949813843,6236
15.318999767303467,6235
15.36830997467041,6234
15.376430749893188,6233
15.396248817443848,6232
15.410085678100586,6231
15.425480842590332,6230
15.436685800552368,6229
15.450305700302124,6228
15.460535764694214,6227
15.484850883483887,6226
15.499692678451538,6225
15.507515907287598,6224
15.52502179145813,6223
15.532893896102905,6222
15.540690898895264,6221
15.555179595947266,6220
15.612407684326172,6219
15.638534784317017,6218
15.647518873214722,6217
15.655869722366333,6216
15.669413805007935,6215
15.686769723892212,6214
15.70174789428711,6213
15.710155725479126,6212
15.735150814056396,6211
15.742998600006104,6210
15.765070676803589,6209
15.781785726547241,6208
15.789630889892578,6207
15.797526597976685,6206
15.81327486038208,6205
15.821093797683716,6204
15.841786861419678,6203
15.849861860275269,6202
15.891894578933716,6201
15.900319814682007,6200
15.917426824569702,6199
15.980173826217651,6198
15.99707579612732,6197
16.012550830841064,6196
16.03894877433777,6195
16.054842710494995,6194
16.083990573883057,6193
16.1144015789032,6192
16.13149070739746,6191
16.139598846435547,6190
16.14760184288025,6189
16.15827178955078,6188
16.17566990852356,6187
16.191755771636963,6186
16.221837759017944,6185
16.27022671699524,6184
16.28333878517151,6183
16.30394697189331,6182
16.31653380393982,6181
16.346489667892456,6180
16.37008786201477,6179
16.381534814834595,6178
16.41965889930725,6177
16.442359685897827,6176
16.456196784973145,6175
16.472057819366455,6174
16.47982954978943,6173
16.5208637714386,6172
16.54182195663452,6171
16.55977773666382,6170
16.579683780670166,6169
16.588844776153564,6168
16.612213850021362,6167
16.620120763778687,6166
16.628504753112793,6165
16.63649082183838,6164
16.6700496673584,6163
16.68525266647339,6162
16.693975687026978,6161
16.70381784439087,6160
16.714521646499634,6159
16.73867678642273,6158
16.754589796066284,6157
16.766202688217163,6156
16.784379720687866,6155
16.793222904205322,6154
16.80196976661682,6153
16.861679792404175,6152
16.8829288482666,6151
16.892088651657104,6150
16.921162843704224,6149
16.931140661239624,6148
16.958763599395752,6147
16.96884775161743,6146
16.997986793518066,6145
17.00681757926941,6144
17.018553733825684,6143
17.028161764144897,6142
17.04386568069458,6141
17.061489820480347,6140
17.082835912704468,6139
17.09143877029419,6138
17.11636781692505,6137
17.125224828720093,6136
17.1347336769104,6135
17.143611907958984,6134
17.15995168685913,6133
17.17191171646118,6132
17.18741774559021,6131
17.20302176475525,6130
17.212371826171875,6129
17.243088722229004,6128
17.303496837615967,6127
17.322872638702393,6126
17.35785675048828,6125
17.365463733673096,6124
17.372960567474365,6123
17.395869731903076,6122
17.418590784072876,6121
17.447812795639038,6120
17.477943658828735,6119
17.485328674316406,6118
17.512730836868286,6117
17.522743701934814,6116
17.530396699905396,6115
17.558578729629517,6114
17.574070692062378,6113
17.586225748062134,6112
17.610951900482178,6111
17.618814945220947,6110
17.637454748153687,6109
17.652925729751587,6108
17.667109727859497,6107
17.678377866744995,6106
17.699071884155273,6105
17.71451759338379,6104
17.752222776412964,6103
17.772685766220093,6102
17.782450914382935,6101
17.79250192642212,6100
17.818163871765137,6099
17.851093530654907,6098
17.867783784866333,6097
17.877925872802734,6096
17.888314723968506,6095
17.907875776290894,6094
17.91787075996399,6093
17.92779278755188,6092
17.95510458946228,6091
17.978724718093872,6090
18.08970069885254,6089
18.099828958511353,6088
18.132168769836426,6087
18.142359733581543,6086
18.153016805648804,6085
18.162784576416016,6084
18.17884874343872,6083
18.189697742462158,6082
18.198559999465942,6081
18.210843801498413,6080
18.221534967422485,6079
18.23009467124939,6078
18.26978874206543,6077
18.28644299507141,6076
18.302324771881104,6075
18.31003165245056,6074
18.331732988357544,6073
18.366572618484497,6072
18.37545871734619,6071
18.388211965560913,6070
18.402414798736572,6069
18.412189722061157,6068
18.438140869140625,6067
18.446130752563477,6066
18.453727960586548,6065
18.461328744888306,6064
18.480822563171387,6063
18.491509914398193,6062
18.503734588623047,6061
18.51887273788452,6060
18.530852794647217,6059
18.550570964813232,6058
18.560527801513672,6057
18.57208275794983,6056
18.580384731292725,6055
18.586609840393066,6054
18.593997716903687,6053
18.617180824279785,6052
18.629844903945923,6051
18.664410829544067,6050
18.681869745254517,6049
18.68998384475708,6048
18.699387788772583,6047
18.724942684173584,6046
18.73802876472473,6045
18.774938821792603,6044
18.804727792739868,6043
18.827868700027466,6042
18.855329751968384,6041
18.864965677261353,6040
18.875150680541992,6039
18.924527645111084,6038
18.93435287475586,6037
18.9593186378479,6036
18.970041751861572,6035
18.988601684570312,6034
19.068655729293823,6033
19.083558797836304,6032
19.093571662902832,6031
19.112231731414795,6030
19.122530698776245,6029
19.146060705184937,6028
19.162011861801147,6027
19.217623710632324,6026
19.22744584083557,6025
19.24371075630188,6024
19.2745258808136,6023
19.290886878967285,6022
19.32024073600769,6021
19.331602811813354,6020
19.33934783935547,6019
19.367831707000732,6018
19.406301736831665,6017
19.41689372062683,6016
19.44517970085144,6015
19.45514678955078,6014
19.4646737575531,6013
19.475454807281494,6012
19.5179226398468,6011
19.532012701034546,6010
19.57635474205017,6009
19.58822774887085,6008
19.625276803970337,6007
19.64568591117859,6006
19.66847062110901,6005
19.678523778915405,6004
19.70061683654785,6003
19.711484909057617,6002
19.72284173965454,6001
19.73270082473755,6000
19.743306875228882,5999
19.758330821990967,5998
19.779162883758545,5997
19.809038639068604,5996
19.827268838882446,5995
19.839287757873535,5994
19.847760677337646,5993
19.856223821640015,5992
19.902554750442505,5991
19.9301438331604,5990
19.949565887451172,5989
19.959166765213013,5988
19.978880643844604,5987
19.989317893981934,5986
19.999385833740234,5985
20.015621662139893,5984
