0.004566192626953125,7609
0.008756637573242188,7608
0.012843132019042969,7607
0.016918659210205078,7606
0.020940542221069336,7605
0.02497696876525879,7604
0.029070377349853516,7603
0.03310441970825195,7602
0.03716707229614258,7601
0.04123878479003906,7600
0.045298099517822266,7599
0.04933667182922363,7598
0.05329418182373047,7597
0.05723834037780762,7596
0.06118965148925781,7595
0.06514978408813477,7594
0.06912469863891602,7593
0.07324457168579102,7592
0.0771796703338623,7591
0.08108687400817871,7590
0.08500385284423828,7589
0.08896327018737793,7588
0.09290170669555664,7587
0.0969076156616211,7586
0.10083675384521484,7585
0.10474371910095215,7584
0.10864639282226562,7583
0.11255359649658203,7582
0.11643743515014648,7581
0.1203305721282959,7580
0.12425994873046875,7579
0.12815022468566895,7578
0.13205170631408691,7577
0.13593435287475586,7576
0.139815092086792,7575
0.14382433891296387,7574
0.14787864685058594,7573
0.15183305740356445,7572
0.15573835372924805,7571
0.15963149070739746,7570
0.1635599136352539,7569
0.16746807098388672,7568
0.17137432098388672,7567
0.17528533935546875,7566
0.17917227745056152,7565
0.18307185173034668,7564
0.18697214126586914,7563
0.190903902053833,7562
0.19478154182434082,7561
0.19872093200683594,7560
0.20261812210083008,7559
0.2065274715423584,7558
0.21042704582214355,7557
0.2143099308013916,7556
0.2182614803314209,7555
0.22284603118896484,7554
0.23077034950256348,7553
0.23467183113098145,7552
0.2385420799255371,7551
0.24245953559875488,7550
0.24637222290039062,7549
0.2502615451812744,7548
0.2541482448577881,7547
0.25802135467529297,7546
0.26190662384033203,7545
0.2657909393310547,7544
0.2697019577026367,7543
0.27358222007751465,7542
0.27936577796936035,7541
0.28325629234313965,7540
0.28722262382507324,7539
0.29115867614746094,7538
0.295154333114624,7537
0.2990694046020508,7536
0.30300092697143555,7535
0.306901216506958,7534
0.31080007553100586,7533
0.31467700004577637,7532
0.318558931350708,7531
0.32248592376708984,7530
0.326671838760376,7529
0.33066320419311523,7528
0.3346271514892578,7527
0.33854222297668457,7526
0.3424677848815918,7525
0.34662890434265137,7524
0.35061144828796387,7523
0.35451197624206543,7522
0.35854482650756836,7521
0.36266541481018066,7520
0.3666250705718994,7519
0.37058019638061523,7518
0.3744947910308838,7517
0.37843894958496094,7516
0.3823556900024414,7515
0.38629651069641113,7514
0.3902115821838379,7513
0.3941316604614258,7512
0.39804553985595703,7511
0.4019660949707031,7510
0.4059174060821533,7509
0.40984511375427246,7508
0.41376614570617676,7507
0.4176788330078125,7506
0.42159104347229004,7505
0.4255068302154541,7504
0.4294250011444092,7503
0.4333665370941162,7502
0.4372828006744385,7501
0.4412260055541992,7500
0.44513988494873047,7499
0.44905591011047363,7498
0.45298171043395996,7497
0.4568929672241211,7496
0.46083855628967285,7495
0.4647560119628906,7494
0.4686734676361084,7493
0.47259020805358887,7492
0.47653722763061523,7491
0.4804649353027344,7490
0.4843904972076416,7489
0.48831605911254883,7488
0.49224281311035156,7487
0.49616169929504395,7486
0.5001091957092285,7485
0.5040295124053955,7484
0.5079724788665771,7483
0.5119507312774658,7482
0.5158684253692627,7481
0.519813060760498,7480
0.5237247943878174,7479
0.5276346206665039,7478
0.5315446853637695,7477
0.535449743270874,7476
0.5398271083831787,7475
0.54390549659729,7474
0.5478944778442383,7473
0.5518670082092285,7472
0.5558125972747803,7471
0.5597350597381592,7470
0.5657427310943604,7469
0.5730829238891602,7468
0.5770158767700195,7467
0.5809288024902344,7466
0.5855755805969238,7465
0.5894837379455566,7464
0.5933980941772461,7463
0.5973105430603027,7462
0.6012167930603027,7461
0.6076827049255371,7460
0.6116189956665039,7459
0.6155660152435303,7458
0.6194753646850586,7457
0.6233890056610107,7456
0.6273198127746582,7455
0.6313118934631348,7454
0.6389703750610352,7453
0.6428897380828857,7452
0.6468186378479004,7451
0.6507492065429688,7450
0.6546645164489746,7449
0.6585776805877686,7448
0.6664166450500488,7447
0.6703827381134033,7446
0.6743340492248535,7445
0.6783013343811035,7444
0.6822092533111572,7443
0.686143159866333,7442
0.6900410652160645,7441
0.6939432621002197,7440
0.6978373527526855,7439
0.7017412185668945,7438
0.7056868076324463,7437
0.7096617221832275,7436
0.7136063575744629,7435
0.7175276279449463,7434
0.7253556251525879,7433
0.7294025421142578,7432
0.733356237411499,7431
0.7372903823852539,7430
0.7412474155426025,7429
0.7454409599304199,7428
0.7494189739227295,7427
0.7533748149871826,7426
0.761237621307373,7425
0.7651562690734863,7424
0.7690796852111816,7423
0.7730050086975098,7422
0.7769601345062256,7421
0.7808816432952881,7420
0.7848219871520996,7419
0.7888190746307373,7418
0.7927780151367188,7417
0.7967028617858887,7416
0.8006877899169922,7415
0.8085696697235107,7414
0.8124861717224121,7413
0.8164248466491699,7412
0.8204200267791748,7411
0.8243279457092285,7410
0.8283226490020752,7409
0.8328418731689453,7408
0.8376710414886475,7407
0.8416035175323486,7406
0.8455584049224854,7405
0.8494751453399658,7404
0.8534228801727295,7403
0.8573482036590576,7402
0.8612840175628662,7401
0.8652393817901611,7400
0.8692417144775391,7399
0.8731884956359863,7398
0.8771069049835205,7397
0.8810629844665527,7396
0.8906562328338623,7395
0.8945796489715576,7394
0.8984980583190918,7393
0.9024081230163574,7392
0.9063262939453125,7391
0.9102327823638916,7390
0.9141733646392822,7389
0.9181263446807861,7388
0.9220383167266846,7387
0.9259462356567383,7386
0.9298617839813232,7385
0.9338092803955078,7384
0.9377219676971436,7383
0.9416322708129883,7382
0.9487018585205078,7381
0.9526941776275635,7380
0.9566371440887451,7379
0.9605972766876221,7378
0.964510440826416,7377
0.9684262275695801,7376
0.9723367691040039,7375
0.9762554168701172,7374
0.9806056022644043,7373
0.9845404624938965,7372
0.9884965419769287,7371
0.9924845695495605,7370
0.9963984489440918,7369
1.0003273487091064,7368
1.004249095916748,7367
1.0081737041473389,7366
1.0120959281921387,7365
1.0160210132598877,7364
1.0199790000915527,7363
1.0239434242248535,7362
1.0278675556182861,7361
1.0317955017089844,7360
1.0357117652893066,7359
1.039640188217163,7358
1.0462322235107422,7357
1.0501627922058105,7356
1.058077335357666,7355
1.062074899673462,7354
1.066009283065796,7353
1.069974422454834,7352
1.0786027908325195,7351
1.0834753513336182,7350
1.0881919860839844,7349
1.0921289920806885,7348
1.0960633754730225,7347
1.1000468730926514,7346
1.1079530715942383,7345
1.1118760108947754,7344
1.115793228149414,7343
1.1218822002410889,7342
1.1258161067962646,7341
1.132455825805664,7340
1.1363804340362549,7339
1.1403071880340576,7338
1.1444575786590576,7337
1.148442268371582,7336
1.1524040699005127,7335
1.1563820838928223,7334
1.1603119373321533,7333
1.1642379760742188,7332
1.1718599796295166,7331
1.1758198738098145,7330
1.1797852516174316,7329
1.183713674545288,7328
1.1876475811004639,7327
1.191603660583496,7326
1.1955370903015137,7325
1.1994614601135254,7324
1.2033963203430176,7323
1.207322120666504,7322
1.2124512195587158,7321
1.2163760662078857,7320
1.220299243927002,7319
1.224259853363037,7318
1.2281904220581055,7317
1.2322087287902832,7316
1.2361376285552979,7315
1.2400562763214111,7314
1.2440226078033447,7313
1.2479565143585205,7312
1.2518815994262695,7311
1.2558040618896484,7310
1.2597503662109375,7309
1.2636680603027344,7308
1.2715740203857422,7307
1.2795238494873047,7306
1.2834818363189697,7305
1.2874712944030762,7304
1.291459321975708,7303
1.2954180240631104,7302
1.299394130706787,7301
1.3068857192993164,7300
1.310978889465332,7299
1.314915418624878,7298
1.318847417831421,7297
1.3228645324707031,7296
1.3274929523468018,7295
1.3317561149597168,7294
1.3371350765228271,7293
1.3411195278167725,7292
1.3454046249389648,7291
1.3494257926940918,7290
1.353503942489624,7289
1.357459545135498,7288
1.3613831996917725,7287
1.365856409072876,7286
1.3697757720947266,7285
1.3737292289733887,7284
1.3776488304138184,7283
1.3815648555755615,7282
1.3854835033416748,7281
1.3933279514312744,7280
1.3972508907318115,7279
1.4043216705322266,7278
1.408355951309204,7277
1.4123146533966064,7276
1.4189856052398682,7275
1.4229469299316406,7274
1.426952600479126,7273
1.4309558868408203,7272
1.434929370880127,7271
1.4389162063598633,7270
1.442857027053833,7269
1.4525179862976074,7268
1.456455945968628,7267
1.4612550735473633,7266
1.465191125869751,7265
1.4691691398620605,7264
1.4731011390686035,7263
1.4771082401275635,7262
1.4810941219329834,7261
1.4850289821624756,7260
1.4889490604400635,7259
1.4928886890411377,7258
1.4968199729919434,7257
1.5007591247558594,7256
1.5047173500061035,7255
1.5086567401885986,7254
1.512615442276001,7253
1.51662015914917,7252
1.526050329208374,7251
1.530022382736206,7250
1.5339834690093994,7249
1.543593168258667,7248
1.5477240085601807,7247
1.5517525672912598,7246
1.555760145187378,7245
1.5596923828125,7244
1.5636208057403564,7243
1.5675756931304932,7242
1.5715150833129883,7241
1.5835256576538086,7240
1.5874600410461426,7239
1.598823070526123,7238
1.6027679443359375,7237
1.6067705154418945,7236
1.6134083271026611,7235
1.6173827648162842,7234
1.6213469505310059,7233
1.6253135204315186,7232
1.6292500495910645,7231
1.6332921981811523,7230
1.637223720550537,7229
1.6412711143493652,7228
1.651526689529419,7227
1.6554672718048096,7226
1.659430742263794,7225
1.6633706092834473,7224
1.6707980632781982,7223
1.674729824066162,7222
1.6787264347076416,7221
1.6836793422698975,7220
1.687633752822876,7219
1.6927497386932373,7218
1.6966838836669922,7217
1.7006187438964844,7216
1.7111198902130127,7215
1.7150392532348633,7214
1.7190194129943848,7213
1.7229640483856201,7212
1.7269079685211182,7211
1.730827808380127,7210
1.7359113693237305,7209
1.7398366928100586,7208
1.7439780235290527,7207
1.747960090637207,7206
1.754235029220581,7205
1.7599215507507324,7204
1.7638723850250244,7203
1.7678184509277344,7202
1.7717807292938232,7201
1.7757201194763184,7200
1.7796533107757568,7199
1.7835917472839355,7198
1.7909350395202637,7197
1.797379970550537,7196
1.801344871520996,7195
1.8052730560302734,7194
1.8092024326324463,7193
1.8131535053253174,7192
1.8170738220214844,7191
1.8210065364837646,7190
1.826629877090454,7189
1.8306102752685547,7188
1.8345451354980469,7187
1.8385319709777832,7186
1.8424968719482422,7185
1.8464305400848389,7184
1.8503756523132324,7183
1.854327917098999,7182
1.8582565784454346,7181
1.8621795177459717,7180
1.866102695465088,7179
1.8700494766235352,7178
1.8739817142486572,7177
1.8779652118682861,7176
1.881899356842041,7175
1.8858544826507568,7174
1.889777660369873,7173
1.8948895931243896,7172
1.8988330364227295,7171
1.9067132472991943,7170
1.9195899963378906,7169
1.9235241413116455,7168
1.9274506568908691,7167
1.931382417678833,7166
1.9353604316711426,7165
1.9416625499725342,7164
1.9458487033843994,7163
1.9498279094696045,7162
1.9538493156433105,7161
1.9578628540039062,7160
1.961778163909912,7159
1.9657044410705566,7158
1.9696803092956543,7157
1.9736275672912598,7156
1.9776108264923096,7155
1.9820797443389893,7154
1.9860198497772217,7153
1.9899580478668213,7152
1.9938933849334717,7151
1.9978220462799072,7150
2.0017452239990234,7149
2.0056657791137695,7148
2.009580135345459,7147
2.01355242729187,7146
2.01959228515625,7145
2.0274276733398438,7144
2.031358242034912,7143
2.0352718830108643,7142
2.0391881465911865,7141
2.0431010723114014,7140
2.047048568725586,7139
2.0509591102600098,7138
2.0548720359802246,7137
2.0587854385375977,7136
2.066650390625,7135
2.070629835128784,7134
2.0747034549713135,7133
2.0786945819854736,7132
2.0826303958892822,7131
2.086552143096924,7130
2.090508222579956,7129
2.098344087600708,7128
2.102301836013794,7127
2.106229543685913,7126
2.110201358795166,7125
2.11415696144104,7124
2.1180806159973145,7123
2.122006416320801,7122
2.1259286403656006,7121
2.129848003387451,7120
2.1337664127349854,7119
2.1376941204071045,7118
2.141630172729492,7117
2.1458418369293213,7116
2.1498255729675293,7115
2.15377140045166,7114
2.157703161239624,7113
2.1634392738342285,7112
2.1673641204833984,7111
2.1713244915008545,7110
2.1752495765686035,7109
2.1792187690734863,7108
2.1870758533477783,7107
2.1910088062286377,7106
2.200759172439575,7105
2.204890727996826,7104
2.208871841430664,7103
2.216766119003296,7102
2.222998857498169,7101
2.226943254470825,7100
2.2308778762817383,7099
2.2348132133483887,7098
2.2387781143188477,7097
2.2509284019470215,7096
2.254918098449707,7095
2.2588653564453125,7094
2.262810468673706,7093
2.2667956352233887,7092
2.2707743644714355,7091
2.274728298187256,7090
2.278658628463745,7089
2.2826311588287354,7088
2.2876648902893066,7087
2.291602849960327,7086
2.2955408096313477,7085
2.299475908279419,7084
2.303489923477173,7083
2.3074254989624023,7082
2.3113691806793213,7081
2.315307378768921,7080
2.319276809692383,7079
2.3274919986724854,7078
2.331791877746582,7077
2.3398380279541016,7076
2.3506739139556885,7075
2.3586955070495605,7074
2.362638235092163,7073
2.366598606109619,7072
2.3705368041992188,7071
2.3744606971740723,7070
2.3887643814086914,7069
2.3927226066589355,7068
2.3966476917266846,7067
2.4045250415802,7066
2.4123828411102295,7065
2.416329860687256,7064
2.420262098312378,7063
2.4242031574249268,7062
2.4281697273254395,7061
2.432223320007324,7060
2.436157464981079,7059
2.4400970935821533,7058
2.444026470184326,7057
2.4520554542541504,7056
2.4559903144836426,7055
2.4599339962005615,7054
2.4660606384277344,7053
2.473936080932617,7052
2.477872133255005,7051
2.4857707023620605,7050
2.489746570587158,7049
2.4937305450439453,7048
2.4977519512176514,7047
2.5045440196990967,7046
2.508664131164551,7045
2.512646436691284,7044
2.5165927410125732,7043
2.52054762840271,7042
2.531536340713501,7041
2.5440874099731445,7040
2.5481061935424805,7039
2.5521161556243896,7038
2.5561254024505615,7037
2.5601742267608643,7036
2.5641212463378906,7035
2.570634365081787,7034
2.574793815612793,7033
2.578810214996338,7032
2.5827674865722656,7031
2.586716890335083,7030
2.5929126739501953,7029
2.5969204902648926,7028
2.600874900817871,7027
2.610023260116577,7026
2.6170356273651123,7025
2.624937057495117,7024
2.6288886070251465,7023
2.6328303813934326,7022
2.636775255203247,7021
2.640718936920166,7020
2.645972967147827,7019
2.649930953979492,7018
2.655946969985962,7017
2.6599130630493164,7016
2.6648383140563965,7015
2.6688215732574463,7014
2.675560235977173,7013
2.679588556289673,7012
2.683636426925659,7011
2.6876180171966553,7010
2.695505142211914,7009
2.699448823928833,7008
2.7033932209014893,7007
2.7074005603790283,7006
2.7113850116729736,7005
2.7207095623016357,7004
2.726106882095337,7003
2.7300264835357666,7002
2.733957052230835,7001
2.7466464042663574,7000
2.7506792545318604,6999
2.7546586990356445,6998
2.7586584091186523,6997
2.7663679122924805,6996
2.7703585624694824,6995
2.774320125579834,6994
2.778287887573242,6993
2.782243013381958,6992
2.786264657974243,6991
2.790280818939209,6990
2.796748638153076,6989
2.8007028102874756,6988
2.8046715259552,6987
2.8087141513824463,6986
2.816627025604248,6985
2.8205859661102295,6984
2.828077554702759,6983
2.8336455821990967,6982
2.838381767272949,6981
2.842341184616089,6980
2.8462934494018555,6979
2.8509488105773926,6978
2.8549306392669678,6977
2.8628695011138916,6976
2.8668503761291504,6975
2.8707962036132812,6974
2.878692865371704,6973
2.8826558589935303,6972
2.8866188526153564,6971
2.89325213432312,6970
2.899355888366699,6969
2.9033355712890625,6968
2.911287307739258,6967
2.9152424335479736,6966
2.919201612472534,6965
2.9271228313446045,6964
2.9342949390411377,6963
2.9424679279327393,6962
2.9466869831085205,6961
2.953852653503418,6960
2.9644882678985596,6959
2.9684650897979736,6958
2.972454309463501,6957
2.976414918899536,6956
2.980379819869995,6955
2.9883134365081787,6954
2.993480682373047,6953
2.9975740909576416,6952
3.0051381587982178,6951
3.0172715187072754,6950
3.021225929260254,6949
3.0384743213653564,6948
3.0424299240112305,6947
3.0463991165161133,6946
3.0545434951782227,6945
3.060004472732544,6944
3.063939094543457,6943
3.0718002319335938,6942
3.075922727584839,6941
3.079878091812134,6940
3.084063768386841,6939
3.0880258083343506,6938
3.0919809341430664,6937
3.0959367752075195,6936
3.1062731742858887,6935
3.112497329711914,6934
3.1176912784576416,6933
3.121622085571289,6932
3.1255557537078857,6931
3.1336753368377686,6930
3.137610912322998,6929
3.1415488719940186,6928
3.145719289779663,6927
3.1497011184692383,6926
3.15437912940979,6925
3.1619112491607666,6924
3.165888547897339,6923
3.169951915740967,6922
3.1739513874053955,6921
3.1779513359069824,6920
3.1819231510162354,6919
3.188141345977783,6918
3.1920816898345947,6917
3.1960289478302,6916
3.1999759674072266,6915
3.203935146331787,6914
3.208627223968506,6913
3.216554641723633,6912
3.220562696456909,6911
3.2259411811828613,6910
3.2321789264678955,6909
3.2361361980438232,6908
3.2448577880859375,6907
3.2488231658935547,6906
3.2528107166290283,6905
3.2576465606689453,6904
3.26709246635437,6903
3.271235704421997,6902
3.2752411365509033,6901
3.2810235023498535,6900
3.2863473892211914,6899
3.290318012237549,6898
3.296312093734741,6897
3.300299882888794,6896
3.3043038845062256,6895
3.308258295059204,6894
3.32011342048645,6893
3.324728488922119,6892
3.3312761783599854,6891
3.3353092670440674,6890
3.339900016784668,6889
3.347773313522339,6888
3.351860523223877,6887
3.3585658073425293,6886
3.3664798736572266,6885
3.3704328536987305,6884
3.3744757175445557,6883
3.3784258365631104,6882
3.38236927986145,6881
3.3863108158111572,6880
3.390758991241455,6879
3.394731044769287,6878
3.398690700531006,6877
3.408998727798462,6876
3.4129507541656494,6875
3.4169039726257324,6874
3.425916910171509,6873
3.4313619136810303,6872
3.4353299140930176,6871
3.439310073852539,6870
3.443272829055786,6869
3.447944402694702,6868
3.454555034637451,6867
3.4585177898406982,6866
3.462489366531372,6865
3.466480016708374,6864
3.4704463481903076,6863
3.4743974208831787,6862
3.4809730052948,6861
3.4849448204040527,6860
3.4923312664031982,6859
3.4962897300720215,6858
3.5010640621185303,6857
3.5050950050354004,6856
3.5090577602386475,6855
3.513040065765381,6854
3.516993999481201,6853
3.520965814590454,6852
3.527266263961792,6851
3.531214952468872,6850
3.5401082038879395,6849
3.5443084239959717,6848
3.5519421100616455,6847
3.5559327602386475,6846
3.5599453449249268,6845
3.5638997554779053,6844
3.567871570587158,6843
3.577230453491211,6842
3.581322193145752,6841
3.587458372116089,6840
3.5914244651794434,6839
3.5974738597869873,6838
3.605043649673462,6837
3.6124532222747803,6836
3.6193501949310303,6835
3.6233084201812744,6834
3.627321720123291,6833
3.63131046295166,6832
3.6366138458251953,6831
3.645498752593994,6830
3.6495015621185303,6829
3.6534533500671387,6828
3.657411575317383,6827
3.6613640785217285,6826
3.665400743484497,6825
3.673333168029785,6824
3.67958402633667,6823
3.687797784805298,6822
3.692319631576538,6821
3.696280002593994,6820
3.700240135192871,6819
3.704202175140381,6818
3.709383249282837,6817
3.7257578372955322,6816
3.7378594875335693,6815
3.7418229579925537,6814
3.765042543411255,6813
3.7689926624298096,6812
3.7766168117523193,6811
3.7805871963500977,6810
3.7910845279693604,6809
3.796431541442871,6808
3.80039644241333,6807
3.8043527603149414,6806
3.811654567718506,6805
3.815593719482422,6804
3.8195738792419434,6803
3.8240160942077637,6802
3.842744827270508,6801
3.8467040061950684,6800
3.8506720066070557,6799
3.8557517528533936,6798
3.85971736907959,6797
3.863685131072998,6796
3.8677031993865967,6795
3.8716623783111572,6794
3.8756368160247803,6793
3.883492946624756,6792
3.887479305267334,6791
3.8946733474731445,6790
3.89863657951355,6789
3.902630090713501,6788
3.9065845012664795,6787
3.910541296005249,6786
3.9144976139068604,6785
3.922434091567993,6784
3.935952663421631,6783
3.9399547576904297,6782
3.949547290802002,6781
3.956979751586914,6780
3.960963249206543,6779
3.964933395385742,6778
3.9688899517059326,6777
3.9807634353637695,6776
3.989281415939331,6775
3.9932546615600586,6774
3.998243570327759,6773
4.003593444824219,6772
4.00811767578125,6771
4.012074947357178,6770
4.016018390655518,6769
4.019984245300293,6768
4.025554180145264,6767
4.029508590698242,6766
4.034899473190308,6765
4.038840293884277,6764
4.045361042022705,6763
4.049307107925415,6762
4.0537333488464355,6761
4.0577051639556885,6760
4.06540846824646,6759
4.0693840980529785,6758
4.082213640213013,6757
4.086169719696045,6756
4.090188503265381,6755
4.102266550064087,6754
4.1119225025177,6753
4.123097896575928,6752
4.12718939781189,6751
4.136624336242676,6750
4.142051935195923,6749
4.1462647914886475,6748
4.150271654129028,6747
4.154278755187988,6746
4.158325672149658,6745
4.162298917770386,6744
4.166255235671997,6743
4.180417537689209,6742
4.188021659851074,6741
4.192002296447754,6740
4.19598126411438,6739
4.203890800476074,6738
4.207852125167847,6737
4.215774297714233,6736
4.22833514213562,6735
4.232277870178223,6734
4.2530577182769775,6733
4.257021188735962,6732
4.26099419593811,6731
4.264982223510742,6730
4.2689642906188965,6729
4.272928714752197,6728
4.276905536651611,6727
4.2826621532440186,6726
4.290348052978516,6725
4.294317245483398,6724
4.298712253570557,6723
4.306744337081909,6722
4.310748100280762,6721
4.314758062362671,6720
4.318711519241333,6719
4.322663068771362,6718
4.3268513679504395,6717
4.3308844566345215,6716
4.341184854507446,6715
4.35577917098999,6714
4.361926317214966,6713
4.365889310836792,6712
4.370845794677734,6711
4.374788522720337,6710
4.3787384033203125,6709
4.384349584579468,6708
4.389423847198486,6707
4.393386363983154,6706
4.397438287734985,6705
4.403140068054199,6704
4.407101631164551,6703
4.411940813064575,6702
4.4158875942230225,6701
4.421832799911499,6700
4.425797700881958,6699
4.435802698135376,6698
4.4397735595703125,6697
4.446417570114136,6696
4.4504311084747314,6695
4.455581903457642,6694
4.4595513343811035,6693
4.463561296463013,6692
4.4727208614349365,6691
4.476712465286255,6690
4.481787204742432,6689
4.485764980316162,6688
4.492758512496948,6687
4.496747970581055,6686
4.500736713409424,6685
4.506249189376831,6684
4.510272026062012,6683
4.514237642288208,6682
4.5198540687561035,6681
4.527811288833618,6680
4.540459156036377,6679
4.5449159145355225,6678
4.5530054569244385,6677
4.557052373886108,6676
4.566957473754883,6675
4.578572750091553,6674
4.582536220550537,6673
4.593798637390137,6672
4.605410814285278,6671
4.611937522888184,6670
4.615894317626953,6669
4.631692171096802,6668
4.6375892162323,6667
4.647986650466919,6666
4.651947975158691,6665
4.662386894226074,6664
4.670391082763672,6663
4.679266452789307,6662
4.684868335723877,6661
4.688853025436401,6660
4.692833423614502,6659
4.696818113327026,6658
4.712890863418579,6657
4.721184730529785,6656
4.725801229476929,6655
4.731533527374268,6654
4.735495567321777,6653
4.739495754241943,6652
4.74349045753479,6651
4.747737169265747,6650
4.751781225204468,6649
4.755784749984741,6648
4.767785549163818,6647
4.774775981903076,6646
4.778844356536865,6645
4.786565065383911,6644
4.794920206069946,6643
4.808608531951904,6642
4.816380262374878,6641
4.820385217666626,6640
4.824358940124512,6639
4.828341960906982,6638
4.8329548835754395,6637
4.836933135986328,6636
4.840948104858398,6635
4.844933748245239,6634
4.858782529830933,6633
4.8627588748931885,6632
4.870222330093384,6631
4.87420392036438,6630
4.878172159194946,6629
4.891859292984009,6628
4.897482872009277,6627
4.901456832885742,6626
4.905426979064941,6625
4.909437656402588,6624
4.91340970993042,6623
4.920801639556885,6622
4.925565958023071,6621
4.929548025131226,6620
4.935415983200073,6619
4.939455509185791,6618
4.947423458099365,6617
4.959441423416138,6616
4.967350006103516,6615
4.971314430236816,6614
4.975268602371216,6613
4.979223012924194,6612
4.987643241882324,6611
4.991688966751099,6610
4.995657205581665,6609
4.999653339385986,6608
5.003628253936768,6607
5.007572889328003,6606
5.011559963226318,6605
5.01550817489624,6604
5.024226427078247,6603
5.028264284133911,6602
5.035418510437012,6601
5.0464277267456055,6600
5.05040431022644,6599
5.054413557052612,6598
5.058412313461304,6597
5.062397480010986,6596
5.06640100479126,6595
5.07087516784668,6594
5.074830532073975,6593
5.07897686958313,6592
5.083000421524048,6591
5.089474201202393,6590
5.101501703262329,6589
5.10545539855957,6588
5.11435079574585,6587
5.118311166763306,6586
5.122265338897705,6585
5.131129264831543,6584
5.135082721710205,6583
5.141179323196411,6582
5.146697998046875,6581
5.150712728500366,6580
5.162621736526489,6579
5.167866230010986,6578
5.1733598709106445,6577
5.177312612533569,6576
5.189145088195801,6575
5.193143129348755,6574
5.197915554046631,6573
5.205205678939819,6572
5.216329574584961,6571
5.22413182258606,6570
5.228081703186035,6569
5.255630254745483,6568
5.259645462036133,6567
5.2636942863464355,6566
5.271657466888428,6565
5.2795727252960205,6564
5.291575193405151,6563
5.295584678649902,6562
5.2995851039886475,6561
5.306118488311768,6560
5.313610076904297,6559
5.317591667175293,6558
5.324148178100586,6557
5.328238248825073,6556
5.332275152206421,6555
5.3458216190338135,6554
5.349864482879639,6553
5.353896856307983,6552
5.357872724533081,6551
5.361840486526489,6550
5.369795799255371,6549
5.373828649520874,6548
5.377814769744873,6547
5.385793209075928,6546
5.389801025390625,6545
5.393770933151245,6544
5.397743225097656,6543
5.401705026626587,6542
5.40565824508667,6541
5.414672374725342,6540
5.427136421203613,6539
5.431106090545654,6538
5.4357688426971436,6537
5.439770698547363,6536
5.447705268859863,6535
5.451702356338501,6534
5.466509819030762,6533
5.4743123054504395,6532
5.480464935302734,6531
5.492933034896851,6530
5.496891975402832,6529
5.503511428833008,6528
5.507474899291992,6527
5.513840198516846,6526
5.519736289978027,6525
5.52373743057251,6524
5.527704954147339,6523
5.531686305999756,6522
5.538251876831055,6521
5.542219877243042,6520
5.546426773071289,6519
5.550446510314941,6518
5.554457664489746,6517
5.562401533126831,6516
5.566375017166138,6515
5.5791449546813965,6514
5.583129644393921,6513
5.588412523269653,6512
5.598048210144043,6511
5.602024793624878,6510
5.606173515319824,6509
5.610173225402832,6508
5.6181511878967285,6507
5.622122526168823,6506
5.6274824142456055,6505
5.632774591445923,6504
5.636748790740967,6503
5.640742540359497,6502
5.644707441329956,6501
5.652668714523315,6500
5.658987045288086,6499
5.662970781326294,6498
5.670916318893433,6497
5.693452835083008,6496
5.698722839355469,6495
5.705902576446533,6494
5.714746475219727,6493
5.718713998794556,6492
5.72407078742981,6491
5.728039503097534,6490
5.7320756912231445,6489
5.740098476409912,6488
5.74912166595459,6487
5.753135442733765,6486
5.757116794586182,6485
5.767632722854614,6484
5.779211521148682,6483
5.784826993942261,6482
5.78879976272583,6481
5.79276704788208,6480
5.796737909317017,6479
5.800707817077637,6478
5.810762405395508,6477
5.814733982086182,6476
5.83087682723999,6475
5.838345766067505,6474
5.843457460403442,6473
5.851700067520142,6472
5.858362436294556,6471
5.8624279499053955,6470
5.866404294967651,6469
5.870373964309692,6468
5.882599592208862,6467
5.886553764343262,6466
5.894391298294067,6465
5.898339509963989,6464
5.902320384979248,6463
5.909759759902954,6462
5.913759708404541,6461
5.924980878829956,6460
5.928957462310791,6459
5.94402551651001,6458
5.948040008544922,6457
5.957000970840454,6456
5.967375755310059,6455
5.975301265716553,6454
5.983327388763428,6453
5.987790822982788,6452
5.99512243270874,6451
6.007596731185913,6450
6.011579751968384,6449
6.0226123332977295,6448
6.030643701553345,6447
6.034632205963135,6446
6.038676977157593,6445
6.042652368545532,6444
6.056928634643555,6443
6.06630539894104,6442
6.070515871047974,6441
6.078661918640137,6440
6.087488412857056,6439
6.096738576889038,6438
6.100790739059448,6437
6.112765312194824,6436
6.117377281188965,6435
6.1213438510894775,6434
6.137773513793945,6433
6.163558483123779,6432
6.169346332550049,6431
6.183831453323364,6430
6.187814950942993,6429
6.1917884349823,6428
6.199772119522095,6427
6.208224773406982,6426
6.212183952331543,6425
6.220104932785034,6424
6.226726055145264,6423
6.2383763790130615,6422
6.248979806900024,6421
6.252960920333862,6420
6.265909433364868,6419
6.291518926620483,6418
6.299018859863281,6417
6.3030126094818115,6416
6.30923867225647,6415
6.313197612762451,6414
6.321319341659546,6413
6.325444459915161,6412
6.329558849334717,6411
6.333608627319336,6410
6.344966888427734,6409
6.356986999511719,6408
6.364957571029663,6407
6.37190580368042,6406
6.378571033477783,6405
6.386509418487549,6404
6.390480995178223,6403
6.394450664520264,6402
6.39843225479126,6401
6.4024035930633545,6400
6.406451225280762,6399
6.410451889038086,6398
6.417364835739136,6397
6.425079822540283,6396
6.429119825363159,6395
6.43596887588501,6394
6.439938545227051,6393
6.4449098110198975,6392
6.454373359680176,6391
6.458510637283325,6390
6.462579727172852,6389
6.466594934463501,6388
6.470673561096191,6387
6.474624395370483,6386
6.485049724578857,6385
6.4905030727386475,6384
6.497614860534668,6383
6.512501955032349,6382
6.522268533706665,6381
6.527410507202148,6380
6.534203767776489,6379
6.54065465927124,6378
6.5448408126831055,6377
6.56085205078125,6376
6.575664281845093,6375
6.579626798629761,6374
6.5913097858428955,6373
6.600996971130371,6372
6.604998350143433,6371
6.608968734741211,6370
6.612924575805664,6369
6.6317138671875,6368
6.6357221603393555,6367
6.643143892288208,6366
6.647113084793091,6365
6.662053346633911,6364
6.666547060012817,6363
6.678954839706421,6362
6.696132183074951,6361
6.706479787826538,6360
6.715504169464111,6359
6.719556093215942,6358
6.731528043746948,6357
6.735492467880249,6356
6.741811752319336,6355
6.760633945465088,6354
6.7646706104278564,6353
6.7686927318573,6352
6.77281379699707,6351
6.7796714305877686,6350
6.786037921905518,6349
6.795767307281494,6348
6.803553104400635,6347
6.807631254196167,6346
6.811755895614624,6345
6.827565431594849,6344
6.837923526763916,6343
6.8421783447265625,6342
6.846172094345093,6341
6.853241443634033,6340
6.865098714828491,6339
6.871737718582153,6338
6.8760340213775635,6337
6.884270191192627,6336
6.8883116245269775,6335
6.894310474395752,6334
6.898306369781494,6333
6.905799150466919,6332
6.909786224365234,6331
6.918689012527466,6330
6.927319765090942,6329
6.944086790084839,6328
6.952246904373169,6327
6.956237077713013,6326
6.960981845855713,6325
6.96498966217041,6324
6.978045701980591,6323
6.988852500915527,6322
6.992839574813843,6321
6.996825456619263,6320
7.008017301559448,6319
7.019830226898193,6318
7.042040824890137,6317
7.052561044692993,6316
7.057990789413452,6315
7.068991661071777,6314
7.076626539230347,6313
7.084460973739624,6312
7.088440418243408,6311
7.092425584793091,6310
7.1003828048706055,6309
7.114047050476074,6308
7.118026971817017,6307
7.125171422958374,6306
7.130627393722534,6305
7.1346564292907715,6304
7.145777225494385,6303
7.149818181991577,6302
7.157811403274536,6301
7.168244361877441,6300
7.18008279800415,6299
7.184062480926514,6298
7.188066244125366,6297
7.1953346729278564,6296
7.203395843505859,6295
7.219892263412476,6294
7.230265378952026,6293
7.234258413314819,6292
7.242300033569336,6291
7.246338129043579,6290
7.252757787704468,6289
7.256737470626831,6288
7.264572381973267,6287
7.272630453109741,6286
7.281758069992065,6285
7.286350727081299,6284
7.290384292602539,6283
7.301002264022827,6282
7.305066347122192,6281
7.309041261672974,6280
7.314976930618286,6279
7.318965673446655,6278
7.339425563812256,6277
7.348440170288086,6276
7.352534055709839,6275
7.356543302536011,6274
7.3622047901153564,6273
7.372930526733398,6272
7.386900901794434,6271
7.394911050796509,6270
7.398915767669678,6269
7.407810211181641,6268
7.411811351776123,6267
7.415807485580444,6266
7.420835971832275,6265
7.4283766746521,6264
7.432387113571167,6263
7.446251153945923,6262
7.453502178192139,6261
7.457589387893677,6260
7.461584568023682,6259
7.465576410293579,6258
7.469627618789673,6257
7.473618507385254,6256
7.479504108428955,6255
7.4882190227508545,6254
7.492210865020752,6253
7.496198892593384,6252
7.5018486976623535,6251
7.5058465003967285,6250
7.50983190536499,6249
7.513854503631592,6248
7.517889499664307,6247
7.5218799114227295,6246
7.525915145874023,6245
7.529898405075073,6244
7.540565252304077,6243
7.544825315475464,6242
7.551616668701172,6241
7.5658934116363525,6240
7.576826810836792,6239
7.589247226715088,6238
7.593223571777344,6237
7.60460090637207,6236
7.608604669570923,6235
7.633241415023804,6234
7.6372389793396,6233
7.647835969924927,6232
7.655166387557983,6231
7.663170337677002,6230
7.669242858886719,6229
7.676300764083862,6228
7.681747913360596,6227
7.694729328155518,6226
7.702309608459473,6225
7.706294536590576,6224
7.715547323226929,6223
7.719541549682617,6222
7.723523139953613,6221
7.730880498886108,6220
7.760168790817261,6219
7.7722487449646,6218
7.7763214111328125,6217
7.780336856842041,6216
7.785633563995361,6215
7.793625354766846,6214
7.800901651382446,6213
7.8049023151397705,6212
7.818013668060303,6211
7.822015047073364,6210
7.833348274230957,6209
7.84192156791687,6208
7.84614372253418,6207
7.850157737731934,6206
7.858164072036743,6205
7.862149000167847,6204
7.87287163734436,6203
7.877105236053467,6202
7.897908449172974,6201
7.902152061462402,6200
7.9101173877716064,6199
7.94025444984436,6198
7.948605537414551,6197
7.956051588058472,6196
7.969850301742554,6195
7.978023052215576,6194
7.992982387542725,6193
8.008199453353882,6192
8.01711893081665,6191
8.021156072616577,6190
8.025170087814331,6189
8.030776739120483,6188
8.039793729782104,6187
8.047777891159058,6186
8.062618017196655,6185
8.087107419967651,6184
8.093606948852539,6183
8.104165315628052,6182
8.110763788223267,6181
8.126418590545654,6180
8.138631820678711,6179
8.144744157791138,6178
8.16439151763916,6177
8.176324844360352,6176
8.183503866195679,6175
8.191662311553955,6174
8.195665121078491,6173
8.216694355010986,6172
8.227613925933838,6171
8.236889839172363,6170
8.247095108032227,6169
8.25205397605896,6168
8.263775825500488,6167
8.2677583694458,6166
8.271773099899292,6165
8.27575421333313,6164
8.291174173355103,6163
8.29833698272705,6162
8.302327156066895,6161
8.307181596755981,6160
8.312281131744385,6159
8.323381185531616,6158
8.330540180206299,6157
8.335685729980469,6156
8.34392523765564,6155
8.348188638687134,6154
8.352224111557007,6153
8.379200220108032,6152
8.38804030418396,6151
8.392050504684448,6150
8.404012680053711,6149
8.408021211624146,6148
8.419464588165283,6147
8.423468112945557,6146
8.435540914535522,6145
8.439521789550781,6144
8.444034337997437,6143
8.44802212715149,6142
8.454549789428711,6141
8.462248086929321,6140
8.471989631652832,6139
8.476155519485474,6138
8.488203525543213,6137
8.49217963218689,6136
8.496185064315796,6135
8.50017523765564,6134
8.507712841033936,6133
8.51392912864685,6132
8.52193832397461,6131
8.529962539672852,6130
8.534984827041626,6129
8.551462888717651,6128
8.584369659423828,6127
8.594773292541504,6126
8.613358974456787,6125
8.61734676361084,6124
8.621331691741943,6123
8.63327956199646,6122
8.646019458770752,6121
8.66166877746582,6120
8.678180694580078,6119
8.682204961776733,6118
8.69669246673584,6117
8.702188968658447,6116
8.706226348876953,6115
8.721099138259888,6114
8.72894287109375,6113
8.735457181930542,6112
8.749103784561157,6111
8.753138303756714,6110
8.762928247451782,6109
8.770776987075806,6108
8.777188777923584,6107
8.781809329986572,6106
8.78990125656128,6105
8.796014070510864,6104
8.810978651046753,6103
8.818953037261963,6102
8.822965621948242,6101
8.826956987380981,6100
8.837180376052856,6099
8.850883483886719,6098
8.857683658599854,6097
8.861805200576782,6096
8.865864038467407,6095
8.873844623565674,6094
8.877825498580933,6093
8.881813287734985,6092
8.892570734024048,6091
8.90246844291687,6090
8.946771144866943,6089
8.950809240341187,6088
8.963597774505615,6087
8.967637538909912,6086
8.9716317653656,6085
8.975619554519653,6084
8.98238730430603,6083
8.987133979797363,6082
8.991596460342407,6081
8.997137069702148,6080
9.00171160697937,6079
9.005762815475464,6078
9.023561716079712,6077
9.031531810760498,6076
9.039528369903564,6075
9.043721437454224,6074
9.05495810508728,6073
9.073648452758789,6072
9.078283309936523,6071
9.085048198699951,6070
9.092560768127441,6069
9.097750186920166,6068
9.110240697860718,6067
9.1142418384552,6066
9.118234634399414,6065
9.12226152420044,6064
9.133225679397583,6063
9.140090227127075,6062
9.148430109024048,6061
9.158767461776733,6060
9.167366743087769,6059
9.180685758590698,6058
9.187174320220947,6057
9.194448709487915,6056
9.199809312820435,6055
9.203810691833496,6054
9.20867395401001,6053
9.223825693130493,6052
9.2318594455719,6051
9.250819683074951,6050
9.259296178817749,6049
9.26335597038269,6048
9.267350673675537,6047
9.27808165550232,6046
9.283377170562744,6045
9.297911643981934,6044
9.309881448745728,6043
9.31953239440918,6042
9.33078646659851,6041
9.335157632827759,6040
9.339239120483398,6039
9.359752178192139,6038
9.363791942596436,6037
9.373815059661865,6036
9.377975702285767,6035
9.385254144668579,6034
9.419337511062622,6033
9.425446271896362,6032
9.42943811416626,6031
9.437878608703613,6030
9.44187617301941,6029
9.45235562324524,6028
9.458707571029663,6027
9.482293367385864,6026
9.48630428314209,6025
9.493500709533691,6024
9.505645513534546,6023
9.51236343383789,6022
9.525947570800781,6021
9.531623840332031,6020
9.535676956176758,6019
9.550479173660278,6018
9.566975116729736,6017
9.57144045829773,6016
9.583030939102173,6015
9.587064504623413,6014
9.591065168380737,6013
9.595154047012329,6012
9.612006902694702,6011
9.61770749092102,6010
9.635444641113281,6009
9.639580965042114,6008
9.653882503509521,6007
9.661980628967285,6006
9.670711994171143,6005
9.67471194267273,6004
9.682744979858398,6003
9.68677043914795,6002
9.690810203552246,6001
9.694906234741211,6000
9.698907613754272,5999
9.70456838607788,5998
9.712531089782715,5997
9.723967790603638,5996
9.731480360031128,5995
9.736482858657837,5994
9.740465641021729,5993
9.744707107543945,5992
9.765222072601318,5991
9.776119232177734,5990
9.78346848487854,5989
9.787454843521118,5988
9.79528546333313,5987
9.799262762069702,5986
9.803250312805176,5985
9.80987000465393,5984
9.815494060516357,5983
9.834089040756226,5982
9.847368478775024,5981
9.851369857788086,5980
9.861005067825317,5979
9.864986896514893,5978
9.87667965888977,5977
9.883662700653076,5976
9.895411491394043,5975
9.9027099609375,5974
9.906710624694824,5973
9.910691499710083,5972
9.923453569412231,5971
9.927592277526855,5970
9.934075593948364,5969
9.945391178131104,5968
9.981738328933716,5967
9.995097160339355,5966
10.018779754638672,5965
10.027622699737549,5964
10.031901121139526,5963
10.035946607589722,5962
10.064064979553223,5961
10.068099737167358,5960
10.072785139083862,5959
10.088716506958008,5958
10.105886936187744,5957
10.123637199401855,5956
10.147313117980957,5955
10.15766978263855,5954
10.165651082992554,5953
10.170988321304321,5952
10.178466558456421,5951
10.182518005371094,5950
10.18653917312622,5949
10.197182893753052,5948
10.202253341674805,5947
10.21025013923645,5946
10.214279413223267,5945
10.218264818191528,5944
10.230215549468994,5943
10.234283208847046,5942
10.24739933013916,5941
10.251392841339111,5940
10.257559537887573,5939
10.265611171722412,5938
10.269670248031616,5937
10.289137601852417,5936
10.29754376411438,5935
10.30157208442688,5934
10.308228969573975,5933
10.326426029205322,5932
10.330512285232544,5931
10.352186441421509,5930
10.36388897895813,5929
10.367946863174438,5928
10.387243270874023,5927
10.392565965652466,5926
10.396557331085205,5925
10.400553464889526,5924
10.415118217468262,5923
10.419123411178589,5922
10.42312240600586,5921
10.427117347717285,5920
10.431130409240723,5919
10.442155599594116,5918
10.45017957687378,5917
10.456519365310669,5916
10.460522174835205,5915
10.477397203445435,5914
10.481386661529541,5913
10.4969482421875,5912
10.50865125656128,5911
10.513786315917969,5910
10.51941728591919,5909
10.523404836654663,5908
10.53139352798462,5907
10.543540239334106,5906
10.564673662185669,5905
10.583141565322876,5904
10.587127923965454,5903
10.59841537475586,5902
10.602441549301147,5901
10.613305807113647,5900
10.629161596298218,5899
10.633322477340698,5898
10.642359733581543,5897
10.64646291732788,5896
10.654561519622803,5895
10.658661127090454,5894
10.674249172210693,5893
10.68599247932434,5892
10.704693794250488,5891
10.728056192398071,5890
10.73205041885376,5889
10.748790502548218,5888
10.769556999206543,5887
10.77702260017395,5886
10.786091089248657,5885
10.808241367340088,5884
10.812247514724731,5883
10.82520055770874,5882
10.829186201095581,5881
10.845995426177979,5880
10.861811876296997,5879
10.871565818786621,5878
10.890583992004395,5877
10.894600868225098,5876
10.913411617279053,5875
10.922640323638916,5874
10.926642656326294,5873
10.93632960319519,5872
10.940325260162354,5871
10.960578680038452,5870
10.966581583023071,5869
10.97231388092041,5868
11.001911401748657,5867
11.008171558380127,5866
11.012170791625977,5865
11.020516395568848,5864
11.036585330963135,5863
11.041627168655396,5862
11.050158500671387,5861
11.054420709609985,5860
11.063904523849487,5859
11.071439266204834,5858
11.075475215911865,5857
11.07950234413147,5856
11.087399244308472,5855
11.100718021392822,5854
11.108296632766724,5853
11.114526987075806,5852
11.120651245117188,5851
11.124651908874512,5850
11.13264536857605,5849
11.146863222122192,5848
11.163334131240845,5847
11.17181944847107,5846
11.178516387939453,5845
11.194071531295776,5844
11.199042081832886,5843
11.228468179702759,5842
11.244031190872192,5841
11.248053073883057,5840
11.260396480560303,5839
11.29287052154541,5838
11.296926975250244,5837
11.300933837890625,5836
11.304946422576904,5835
11.312989950180054,5834
11.334397554397583,5833
11.342509269714355,5832
11.351038217544556,5831
11.355054378509521,5830
11.364086151123047,5829
11.371548414230347,5828
11.375670909881592,5827
11.379893064498901,5826
11.383901834487915,5825
11.387906551361084,5824
11.42275857925415,5823
11.428028583526611,5822
11.435403108596802,5821
11.453849792480469,5820
11.457844734191895,5819
11.501529693603516,5818
11.507517099380493,5817
11.518094301223755,5816
11.531908750534058,5815
11.535948276519775,5814
11.547237157821655,5813
11.557665824890137,5812
11.57526183128357,5811
11.59246563911438,5810
11.606083393096924,5809
11.612369537353516,5808
11.616480112075806,5807
11.625194072723389,5806
11.641035795211792,5805
11.647581338882446,5804
11.65158724784851,5803
11.65718412399292,5802
11.673425674438477,5801
11.707172393798828,5800
11.725756406784058,5799
11.733898401260376,5798
11.73789668083191,5797
11.741953372955322,5796
11.754290342330933,5795
11.763107538223267,5794
11.771311044692993,5793
11.78054165840149,5792
11.792646408081055,5791
11.799942255020142,5790
11.82342529296875,5789
11.833134889602661,5788
11.859919309616089,5787
11.88447904586792,5786
11.906306982040405,5785
11.92799425125122,5784
11.932151079177856,5783
11.939456224441528,5782
11.959990501403809,5781
12.000504732131958,5780
12.015141725540161,5779
12.022690057754517,5778
12.042826890945435,5777
12.051125764846802,5776
12.0576331615448,5775
12.09507703781128,5774
12.101974248886108,5773
12.106127500534058,5772
12.114351987838745,5771
12.151222705841064,5770
12.174251079559326,5769
12.178479433059692,5768
12.182721376419067,5767
12.186896085739136,5766
12.19156527519226,5765
12.211265802383423,5764
12.215429067611694,5763
12.226788759231567,5762
12.235088348388672,5761
12.23924732208252,5760
12.255876541137695,5759
12.269147157669067,5758
12.273310899734497,5757
12.291655778884888,5756
12.295828580856323,5755
12.31322431564331,5754
12.331740856170654,5753
12.33977723121643,5752
12.383157014846802,5751
12.387562990188599,5750
12.415801048278809,5749
12.419979810714722,5748
12.433449506759644,5747
12.442473649978638,5746
12.46802544593811,5745
12.472048282623291,5744
12.493703603744507,5743
12.497703552246094,5742
12.50568175315857,5741
12.51279592514038,5740
12.529445886611938,5739
12.545809507369995,5738
12.551572322845459,5737
12.555619239807129,5736
12.56262469291687,5735
12.57964539527893,5734
12.589479923248291,5733
12.605435848236084,5732
12.613406896591187,5731
12.632160425186157,5730
12.641526222229004,5729
12.648592472076416,5728
12.656520366668701,5727
12.676873207092285,5726
12.680891752243042,5725
12.684902906417847,5724
12.688931941986084,5723
12.70075273513794,5722
12.714936971664429,5721
12.721901416778564,5720
12.72590708732605,5719
12.733917713165283,5718
12.740131616592407,5717
12.766224384307861,5716
12.7742280960083,5715
12.785930871963501,5714
12.789997339248657,5713
12.802877187728882,5712
12.820260524749756,5711
12.835169792175293,5710
12.843918085098267,5709
12.855981826782227,5708
12.859977960586548,5707
12.86799144744873,5706
12.872472286224365,5705
12.877944469451904,5704
12.881946563720703,5703
12.889846801757812,5702
12.912240505218506,5701
12.923873901367188,5700
12.927920818328857,5699
12.946625232696533,5698
12.95069169998169,5697
12.974047422409058,5696
12.98216962814331,5695
12.99399733543396,5694
13.004117488861084,5693
13.016216516494751,5692
13.052216529846191,5691
13.060228109359741,5690
13.069300174713135,5689
13.0961754322052,5688
13.100402116775513,5687
13.11495566368103,5686
13.129749774932861,5685
13.133742809295654,5684
13.153397798538208,5683
13.161752700805664,5682
13.17052698135376,5681
13.175015687942505,5680
13.205883741378784,5679
13.224392175674438,5678
13.251940965652466,5677
13.259983777999878,5676
13.272063493728638,5675
13.277497053146362,5674
13.315083026885986,5673
13.322691917419434,5672
13.336219549179077,5671
13.347965717315674,5670
13.355068683624268,5669
13.359130620956421,5668
13.366785526275635,5667
13.389023303985596,5666
13.400222539901733,5665
13.430876970291138,5664
13.434895277023315,5663
13.450184345245361,5662
13.462536096572876,5661
13.480507612228394,5660
13.494154930114746,5659
13.498198747634888,5658
13.502479553222656,5657
13.50649356842041,5656
13.510529279708862,5655
13.539206981658936,5654
13.549622774124146,5653
13.570138692855835,5652
13.592680931091309,5651
13.606321096420288,5650
13.610328435897827,5649
13.651685953140259,5648
13.668328285217285,5647
13.672542095184326,5646
13.687317609786987,5645
13.691321611404419,5644
13.695499181747437,5643
13.70693325996399,5642
13.714163780212402,5641
13.724057674407959,5640
13.746033906936646,5639
13.750721454620361,5638
13.762539148330688,5637
13.766537427902222,5636
13.794919490814209,5635
13.807530641555786,5634
13.850640773773193,5633
13.854643106460571,5632
13.862670421600342,5631
13.866713523864746,5630
13.870725631713867,5629
13.874764680862427,5628
13.8788321018219,5627
13.883684396743774,5626
13.893471002578735,5625
13.901674509048462,5624
13.909032821655273,5623
13.914274215698242,5622
13.91835641860962,5621
13.922420740127563,5620
13.938678503036499,5619
13.970326900482178,5618
13.981800556182861,5617
13.987436771392822,5616
13.991430759429932,5615
13.995429039001465,5614
14.0485258102417,5613
14.067426204681396,5612
14.085908889770508,5611
14.090126752853394,5610
14.110074758529663,5609
14.11738109588623,5608
14.158221244812012,5607
14.166719198226929,5606
14.220044136047363,5605
14.244819641113281,5604
14.274024963378906,5603
14.278904914855957,5602
14.282915830612183,5601
14.300004959106445,5600
14.30406928062439,5599
14.31881046295166,5598
14.331315279006958,5597
14.340378522872925,5596
14.347229480743408,5595
14.369772672653198,5594
14.435877323150635,5593
14.439958572387695,5592
14.444255590438843,5591
14.451100826263428,5590
14.477191686630249,5589
14.481713056564331,5588
14.489301204681396,5587
14.514545917510986,5586
14.518548727035522,5585
14.533937931060791,5584
14.55026388168335,5583
14.563616514205933,5582
14.569455862045288,5581
14.574713468551636,5580
14.584980487823486,5579
14.602742195129395,5578
14.609341621398926,5577
14.633135795593262,5576
14.684496402740479,5575
14.688801527023315,5574
14.692871332168579,5573
14.705924272537231,5572
14.713988304138184,5571
14.718927145004272,5570
14.726452350616455,5569
14.737305641174316,5568
14.743022203445435,5567
14.750574111938477,5566
14.754666328430176,5565
14.780350923538208,5564
14.7843496799469,5563
14.795463800430298,5562
14.810921430587769,5561
14.819629907608032,5560
14.823638677597046,5559
14.830828428268433,5558
14.856407880783081,5557
14.868451118469238,5556
14.886425733566284,5555
14.89758825302124,5554
14.901593923568726,5553
14.905601263046265,5552
14.909605264663696,5551
14.925023078918457,5550
14.933810710906982,5549
14.965743064880371,5548
14.975669145584106,5547
14.984296798706055,5546
15.005675077438354,5545
15.009718894958496,5544
15.013703346252441,5543
15.0251305103302,5542
15.046149253845215,5541
15.068667888641357,5540
15.096885442733765,5539
15.112354755401611,5538
15.12003755569458,5537
15.136644124984741,5536
15.140647649765015,5535
15.153430938720703,5534
15.17012333869934,5533
15.17412781715393,5532
15.178676843643188,5531
15.198813915252686,5530
15.258089303970337,5529
15.274372816085815,5528
15.296873092651367,5527
15.303835391998291,5526
15.313838481903076,5525
15.331859827041626,5524
15.351484298706055,5523
15.38320016860962,5522
15.414047002792358,5521
15.44124174118042,5520
15.44527268409729,5519
15.453285932540894,5518
15.461488246917725,5517
15.496278285980225,5516
15.500292778015137,5515
15.508313417434692,5514
15.52965235710144,5513
15.536134243011475,5512
15.544420719146729,5511
15.557991027832031,5510
15.562072277069092,5509
15.568220138549805,5508
15.572236776351929,5507
15.594578266143799,5506
15.60769271850586,5505
15.61171269416809,5504
15.6178138256073,5503
15.629131078720093,5502
15.633167266845703,5501
15.66913390159607,5500
15.68016242980957,5499
15.686731815338135,5498
15.695110559463501,5497
15.714179277420044,5496
15.723320245742798,5495
15.756869792938232,5494
15.766095399856567,5493
15.774086952209473,5492
15.81571102142334,5491
15.837074756622314,5490
15.842131614685059,5489
15.850228309631348,5488
15.855045318603516,5487
15.868326902389526,5486
15.876128673553467,5485
15.880213737487793,5484
15.902170181274414,5483
15.906368255615234,5482
15.929561376571655,5481
15.94007134437561,5480
15.952713966369629,5479
15.956759691238403,5478
15.998894691467285,5477
16.002951622009277,5476
16.017664670944214,5475
16.032588243484497,5474
16.03659987449646,5473
16.053499221801758,5472
16.057517290115356,5471
16.077044248580933,5470
16.108664989471436,5469
16.11708688735962,5468
16.14549469947815,5467
16.165683031082153,5466
16.169941425323486,5465
16.174800157546997,5464
16.179372549057007,5463
16.193905353546143,5462
16.197921752929688,5461
16.227882862091064,5460
16.243556261062622,5459
16.251779556274414,5458
16.25580906867981,5457
16.259811401367188,5456
16.27072811126709,5455
16.308424711227417,5454
16.32947611808777,5453
16.34896206855774,5452
16.376954555511475,5451
16.38104486465454,5450
16.401790857315063,5449
16.429726362228394,5448
16.455537796020508,5447
16.463581800460815,5446
16.492807388305664,5445
16.506664276123047,5444
16.529404401779175,5443
16.540915489196777,5442
16.560802221298218,5441
16.576048374176025,5440
16.584496021270752,5439
16.591594219207764,5438
16.606825590133667,5437
16.614904403686523,5436
16.621067762374878,5435
16.648733377456665,5434
16.654795169830322,5433
16.675677061080933,5432
16.69644284248352,5431
16.723448753356934,5430
16.73586916923523,5429
16.7398841381073,5428
16.744123935699463,5427
16.748199462890625,5426
16.795801162719727,5425
16.816988706588745,5424
16.842210054397583,5423
16.848961114883423,5422
16.90921974182129,5421
16.913231134414673,5420
16.935949087142944,5419
16.950661420822144,5418
16.96613621711731,5417
16.970155000686646,5416
16.97845959663391,5415
16.995466470718384,5414
17.004841804504395,5413
17.018370628356934,5412
17.05490517616272,5411
17.06830358505249,5410
17.082035779953003,5409
17.101901531219482,5408
17.105990648269653,5407
17.11869502067566,5406
17.12274479866028,5405
17.126763105392456,5404
17.153526544570923,5403
17.15760064125061,5402
17.171143293380737,5401
17.17934274673462,5400
17.213218450546265,5399
17.218485355377197,5398
17.222498178482056,5397
17.234503507614136,5396
17.24431848526001,5395
17.263142824172974,5394
17.272867679595947,5393
17.283474683761597,5392
17.29326868057251,5391
17.30755066871643,5390
17.311619520187378,5389
17.317108392715454,5388
17.33860993385315,5387
17.357545375823975,5386
17.367721557617188,5385
17.371793270111084,5384
17.375861167907715,5383
17.385141849517822,5382
17.46860408782959,5381
17.472650051116943,5380
17.491325616836548,5379
17.49997067451477,5378
17.516854286193848,5377
17.52650213241577,5376
17.534508228302002,5375
17.538506984710693,5374
17.551435708999634,5373
17.558486938476562,5372
17.568158626556396,5371
17.584213733673096,5370
17.603835582733154,5369
17.647399425506592,5368
17.65142798423767,5367
17.687670946121216,5366
17.691716194152832,5365
17.717383861541748,5364
17.72162699699402,5363
17.731810331344604,5362
17.747541189193726,5361
17.793428421020508,5360
17.797451972961426,5359
17.82368230819702,5358
17.82931876182556,5357
17.833345413208008,5356
17.84304666519165,5355
17.854039430618286,5354
17.85806703567505,5353
17.87756371498108,5352
17.889395713806152,5351
17.893410205841064,5350
17.908695220947266,5349
17.953075647354126,5348
17.976497411727905,5347
17.984633207321167,5346
18.023825883865356,5345
18.050551891326904,5344
18.125077962875366,5343
18.12909197807312,5342
18.137924432754517,5341
18.20182180404663,5340
18.207498788833618,5339
18.212161540985107,5338
18.216252326965332,5337
18.24306297302246,5336
18.266764879226685,5335
18.293141841888428,5334
18.297162771224976,5333
18.324061632156372,5332
18.34639883041382,5331
18.3504695892334,5330
18.400987148284912,5329
18.408642053604126,5328
18.416738748550415,5327
18.42977261543274,5326
18.4350004196167,5325
18.439014673233032,5324
18.45522117614746,5323
18.459239959716797,5322
18.470367193222046,5321
18.47657322883606,5320
18.492043018341064,5319
18.54760456085205,5318
18.564443111419678,5317
18.576515913009644,5316
18.59082555770874,5315
18.613184213638306,5314
18.637490034103394,5313
18.644190788269043,5312
18.66314935684204,5311
18.685964107513428,5310
18.6972234249115,5309
18.726336240768433,5308
18.754068613052368,5307
18.75813388824463,5306
18.773439645767212,5305
18.79167938232422,5304
18.801928281784058,5303
18.80605697631836,5302
18.814122676849365,5301
18.818976163864136,5300
18.867149353027344,5299
18.876498460769653,5298
18.906046152114868,5297
18.928874492645264,5296
18.964869022369385,5295
18.968889236450195,5294
18.98525857925415,5293
18.989322900772095,5292
19.016467571258545,5291
19.066475868225098,5290
19.077433586120605,5289
19.08978819847107,5288
19.09699583053589,5287
19.104135274887085,5286
19.13351321220398,5285
19.15582823753357,5284
19.181369066238403,5283
19.196353912353516,5282
19.222105741500854,5281
19.23540472984314,5280
19.290281057357788,5279
19.307161331176758,5278
19.31525182723999,5277
19.327123165130615,5276
19.33192253112793,5275
19.368441820144653,5274
19.373510360717773,5273
19.3899188041687,5272
19.399998903274536,5271
19.415194034576416,5270
19.43470335006714,5269
19.44196105003357,5268
19.448124885559082,5267
19.461700201034546,5266
19.488575220108032,5265
19.49313759803772,5264
19.51093292236328,5263
19.55418634414673,5262
19.566677570343018,5261
19.571590900421143,5260
19.580718755722046,5259
19.588014841079712,5258
19.672730445861816,5257
19.698054790496826,5256
19.708436250686646,5255
19.71852397918701,5254
19.77753472328186,5253
19.811955451965332,5252
19.824031114578247,5251
19.830400466918945,5250
19.84184694290161,5249
19.873955726623535,5248
19.90501093864441,5247
19.917078971862793,5246
19.921320915222168,5245
19.933006048202515,5244
20.018827199935913,5243
20.04765486717224,5242
20.08868718147278,5241
20.093063592910767,5240
20.108190059661865,5239
20.112213611602783,5238
20.126611948013306,5237
20.134238243103027,5236
20.14229464530945,5235
20.146631002426147,5234
20.185261726379395,5233
20.21431541442871,5232
20.244865894317627,5231
20.261489391326904,5230
20.273382425308228,5229
20.307080030441284,5228
20.32308864593506,5227
20.33246159553528,5226
20.342804431915283,5225
20.35452914237976,5224
20.358556270599365,5223
20.37755060195923,5222
20.41869068145752,5221
20.49199914932251,5220
20.510311603546143,5219
20.514359712600708,5218
20.51841640472412,5217
20.54154634475708,5216
20.57126498222351,5215
20.62109613418579,5214
20.65366244316101,5213
20.65985417366028,5212
20.66879940032959,5211
20.672829151153564,5210
20.676873207092285,5209
20.690842151641846,5208
20.71505570411682,5207
20.721019744873047,5206
20.732940912246704,5205
20.747709274291992,5204
20.8559832572937,5203
20.862163543701172,5202
20.886683225631714,5201
20.89069938659668,5200
20.894708156585693,5199
20.911449432373047,5198
20.915592193603516,5197
20.95552682876587,5196
20.977450847625732,5195
20.992063522338867,5194
21.001100301742554,5193
21.008169889450073,5192
21.05726909637451,5191
21.066532611846924,5190
21.12131357192993,5189
21.135254859924316,5188
21.21666979789734,5187
21.26333498954773,5186
21.267350673675537,5185
21.296388626098633,5184
21.329005002975464,5183
21.348028898239136,5182
21.407231092453003,5181
21.48878049850464,5180
21.509721517562866,5179
21.551350355148315,5178
21.57023811340332,5177
21.608475923538208,5176
21.614136695861816,5175
21.618165731430054,5174
21.63114333152771,5173
21.635169744491577,5172
21.648911237716675,5171
21.664966106414795,5170
21.672067403793335,5169
21.732329845428467,5168
21.751710414886475,5167
21.75598406791687,5166
21.76009726524353,5165
21.85129141807556,5164
21.85934805870056,5163
21.891534328460693,5162
21.932191848754883,5161
21.963424921035767,5160
21.975836753845215,5159
22.000521421432495,5158
22.03663969039917,5157
22.04862070083618,5156
22.065908908843994,5155
22.08072257041931,5154
22.084791660308838,5153
22.094802379608154,5152
22.1345796585083,5151
22.15569019317627,5150
22.163753032684326,5149
22.212576627731323,5148
22.260043621063232,5147
22.277863264083862,5146
22.28214740753174,5145
22.294285535812378,5144
22.308624505996704,5143
22.317672967910767,5142
22.36188054084778,5141
22.436928033828735,5140
22.475842714309692,5139
22.479854106903076,5138
22.487271070480347,5137
22.542556285858154,5136
22.571080207824707,5135
22.575109481811523,5134
22.580889225006104,5133
22.592968940734863,5132
22.616780757904053,5131
22.681788682937622,5130
22.68980360031128,5129
22.721598625183105,5128
22.725613355636597,5127
22.768832206726074,5126
22.825554132461548,5125
22.84130549430847,5124
22.86425471305847,5123
22.917177438735962,5122
22.987009525299072,5121
22.99611783027649,5120
23.00753402709961,5119
23.011569023132324,5118
23.031439065933228,5117
23.046910047531128,5116
23.050931930541992,5115
23.05655264854431,5114
23.070331811904907,5113
23.08381152153015,5112
23.10169506072998,5111
23.115206480026245,5110
23.124457359313965,5109
23.14540410041809,5108
23.17068314552307,5107
23.20387315750122,5106
23.216329097747803,5105
23.33976936340332,5104
23.345175981521606,5103
23.37156391143799,5102
23.38836121559143,5101
23.420011281967163,5100
23.448715686798096,5099
23.49666714668274,5098
23.51186752319336,5097
23.515968799591064,5096
23.527052640914917,5095
23.542789220809937,5094
23.588942527770996,5093
23.6049382686615,5092
23.60942769050598,5091
23.693196773529053,5090
23.69726061820984,5089
23.752068758010864,5088
23.873948097229004,5087
23.88993215560913,5086
23.9040629863739,5085
23.925556421279907,5084
23.99582076072693,5083
24.01650834083557,5082
24.024035930633545,5081
24.044079542160034,5080
24.067495346069336,5079
24.171708345413208,5078
24.232378482818604,5077
24.2410945892334,5076
24.26947283744812,5075
24.30622148513794,5074
24.318314790725708,5073
24.37053370475769,5072
24.393556594848633,5071
24.442707061767578,5070
24.46869158744812,5069
24.491929054260254,5068
24.49613380432129,5067
24.53406047821045,5066
24.54634928703308,5065
24.62884020805359,5064
24.689652681350708,5063
24.697351455688477,5062
24.705588340759277,5061
24.71251916885376,5060
24.71997332572937,5059
24.735579252243042,5058
24.757447242736816,5057
24.76912498474121,5056
24.777231216430664,5055
24.840742349624634,5054
24.847713947296143,5053
24.851745128631592,5052
24.88898015022278,5051
24.990405321121216,5050
24.99691390991211,5049
25.04047656059265,5048
25.101306915283203,5047
25.12562894821167,5046
25.17610001564026,5045
25.189452648162842,5044
25.21892762184143,5043
25.24937129020691,5042
25.257426023483276,5041
25.265473127365112,5040
25.28526496887207,5039
25.320474863052368,5038
25.369743824005127,5037
25.4006986618042,5036
25.425178289413452,5035
25.482699394226074,5034
25.568609714508057,5033
25.6488356590271,5032
25.666945695877075,5031
25.678564071655273,5030
25.700979471206665,5029
25.71970248222351,5028
25.727433443069458,5027
25.735580921173096,5026
25.74790596961975,5025
25.78092670440674,5024
25.785001516342163,5023
25.810670614242554,5022
25.8176109790802,5021
25.954758167266846,5020
26.004321813583374,5019
26.047422170639038,5018
26.075714826583862,5017
26.107654809951782,5016
26.152177333831787,5015
26.190406560897827,5014
26.216253519058228,5013
26.220274448394775,5012
26.243663549423218,5011
26.25683569908142,5010
26.26781678199768,5009
26.286357641220093,5008
26.294414520263672,5007
26.299123287200928,5006
26.310752868652344,5005
26.32954430580139,5004
26.35111927986145,5003
26.359736680984497,5002
26.38202214241028,5001
26.407397747039795,5000
26.42636251449585,4999
26.430397033691406,4998
26.453596830368042,4997
26.46792960166931,4996
26.507391452789307,4995
26.51240849494934,4994
26.520511627197266,4993
26.53605031967163,4992
26.545863389968872,4991
26.550004243850708,4990
26.61086368560791,4989
26.62260389328003,4988
26.635200262069702,4987
26.643247365951538,4986
26.690083265304565,4985
26.70228624343872,4984
26.750383615493774,4983
26.786203384399414,4982
26.81234836578369,4981
26.820383071899414,4980
26.833383321762085,4979
26.83740758895874,4978
26.843805074691772,4977
26.903543949127197,4976
26.994396448135376,4975
27.02506422996521,4974
27.08222007751465,4973
27.130268335342407,4972
27.13586711883545,4971
27.14443826675415,4970
27.153794765472412,4969
27.172361612319946,4968
27.187671899795532,4967
27.219743251800537,4966
27.22377038002014,4965
27.294334650039673,4964
27.306398391723633,4963
27.31060290336609,4962
27.32234525680542,4961
27.341817378997803,4960
27.354624032974243,4959
27.38485097885132,4958
27.40470027923584,4957
27.52425527572632,4956
27.556504249572754,4955
27.56380558013916,4954
27.586931228637695,4953
27.594988584518433,4952
27.628170490264893,4951
27.66038966178894,4950
27.724725246429443,4949
27.778496026992798,4948
27.816797256469727,4947
27.821040630340576,4946
27.825187921524048,4945
27.856597185134888,4944
27.878376483917236,4943
27.903562307357788,4942
27.914300203323364,4941
27.918318271636963,4940
27.925320625305176,4939
27.9536452293396,4938
27.998005628585815,4937
28.03587031364441,4936
28.14234232902527,4935
28.169278621673584,4934
28.176126956939697,4933
28.217212915420532,4932
28.232490062713623,4931
28.262706518173218,4930
28.273403882980347,4929
28.328662633895874,4928
28.336781978607178,4927
28.397746562957764,4926
28.44479751586914,4925
28.49872899055481,4924
28.502742290496826,4923
28.574849367141724,4922
28.597944021224976,4921
28.628358602523804,4920
28.64705753326416,4919
28.70874571800232,4918
28.762477159500122,4917
28.781979084014893,4916
28.898906707763672,4915
28.929330110549927,4914
28.96104073524475,4913
28.96941328048706,4912
28.97663116455078,4911
28.996156930923462,4910
29.004263639450073,4909
29.062509059906006,4908
29.06923246383667,4907
29.082236528396606,4906
29.100926876068115,4905
29.114206552505493,4904
29.20852017402649,4903
29.280640840530396,4902
29.292921781539917,4901
29.31435990333557,4900
29.32128882408142,4899
29.327038288116455,4898
29.381860494613647,4897
29.425183057785034,4896
29.502843141555786,4895
29.518166542053223,4894
29.54885768890381,4893
29.565386056900024,4892
29.60366654396057,4891
29.618250608444214,4890
29.64944362640381,4889
29.731050491333008,4888
29.77871870994568,4887
29.817673444747925,4886
29.837443113327026,4885
29.875320196151733,4884
29.905755519866943,4883
29.92470407485962,4882
29.93276333808899,4881
29.95131826400757,4880
29.970845937728882,4879
30.048929452896118,4878
30.053173780441284,4877
30.113137245178223,4876
30.135446548461914,4875
30.139482975006104,4874
30.143999576568604,4873
30.204641103744507,4872
30.22623586654663,4871
30.255433559417725,4870
30.285825729370117,4869
30.315395832061768,4868
30.365046977996826,4867
30.389767169952393,4866
30.467191219329834,4865
30.512531280517578,4864
30.53290581703186,4863
30.570635080337524,4862
30.593909978866577,4861
30.640447854995728,4860
30.717785596847534,4859
30.72201418876648,4858
30.82909631729126,4857
30.886502742767334,4856
30.942888736724854,4855
30.95284366607666,4854
30.961231231689453,4853
30.97691798210144,4852
31.042681217193604,4851
31.052273511886597,4850
31.111292839050293,4849
31.16481637954712,4848
31.17381715774536,4847
31.231016874313354,4846
31.27758502960205,4845
31.372942447662354,4844
31.39403247833252,4843
31.436192989349365,4842
31.455846071243286,4841
31.467677116394043,4840
31.545584678649902,4839
31.559216499328613,4838
31.57271432876587,4837
31.736173152923584,4836
31.7600314617157,4835
31.779081106185913,4834
31.797558307647705,4833
31.81668448448181,4832
31.842397212982178,4831
31.982437133789062,4830
31.998370885849,4829
32.002591609954834,4828
32.042065143585205,4827
32.04993462562561,4826
32.07046151161194,4825
32.07627630233765,4824
32.21481513977051,4823
32.35068655014038,4822
32.3614866733551,4821
32.43762397766113,4820
32.45663499832153,4819
32.492125272750854,4818
32.528656244277954,4817
32.536686420440674,4816
32.545023918151855,4815
32.5491144657135,4814
32.56871938705444,4813
32.572763204574585,4812
32.58500909805298,4811
32.6731743812561,4810
32.677310943603516,4809
32.75385880470276,4808
32.792516469955444,4807
32.80216956138611,4806
32.97392702102661,4805
32.98405575752258,4804
32.99643087387085,4803
33.02538824081421,4802
33.0610249042511,4801
33.070061445236206,4800
33.07996606826782,4799
33.11791396141052,4798
33.14983248710632,4797
33.19292116165161,4796
33.27111291885376,4795
33.3065345287323,4794
33.38111639022827,4793
33.39390683174133,4792
33.4342315196991,4791
33.44495892524719,4790
33.48213028907776,4789
33.48615741729736,4788
33.49623155593872,4787
33.514949321746826,4786
33.53110313415527,4785
33.57637882232666,4784
33.58041167259216,4783
33.70203995704651,4782
33.714815616607666,4781
33.73127222061157,4780
33.74764132499695,4779
33.78672003746033,4778
34.072784662246704,4777
34.11873197555542,4776
34.13410186767578,4775
34.29841876029968,4774
34.35004687309265,4773
34.36395001411438,4772
34.41523838043213,4771
34.52042865753174,4770
34.59075164794922,4769
34.62509346008301,4768
34.70538306236267,4767
34.860151052474976,4766
34.88689184188843,4765
34.935073137283325,4764
35.00445866584778,4763
35.15251135826111,4762
35.167776584625244,4761
35.26698064804077,4760
35.29403591156006,4759
35.30898857116699,4758
35.32970976829529,4757
35.35128998756409,4756
35.355368852615356,4755
35.42532539367676,4754
35.510443925857544,4753
35.5689799785614,4752
35.59279155731201,4751
35.64961075782776,4750
35.65362858772278,4749
35.748883962631226,4748
35.77183818817139,4747
35.79502820968628,4746
35.803460359573364,4745
35.81991767883301,4744
35.9448401927948,4743
35.96772527694702,4742
35.987958908081055,4741
36.012869358062744,4740
36.062999963760376,4739
36.09107494354248,4738
36.237024545669556,4737
36.38610339164734,4736
36.40204358100891,4735
36.410104751586914,4734
36.47692537307739,4733
36.539817333221436,4732
36.563361406326294,4731
36.82116389274597,4730
36.868507385253906,4729
37.18979859352112,4728
37.205044984817505,4727
37.409481048583984,4726
37.4224054813385,4725
37.46291995048523,4724
37.475754499435425,4723
37.541531801223755,4722
37.55027365684509,4721
37.577067852020264,4720
37.721574544906616,4719
37.75459671020508,4718
37.79112362861633,4717
37.80104064941406,4716
37.86376237869263,4715
38.04292917251587,4714
38.05750060081482,4713
38.06152892112732,4712
38.06987524032593,4711
38.18648409843445,4710
38.327274560928345,4709
38.35146737098694,4708
38.57865500450134,4707
38.59679818153381,4706
38.619089126586914,4705
38.66505694389343,4704
38.69083309173584,4703
38.81954336166382,4702
38.879098892211914,4701
38.93918061256409,4700
38.94709920883179,4699
38.95861268043518,4698
38.979888677597046,4697
38.99999141693115,4696
39.106236696243286,4695
39.1299524307251,4694
39.220826148986816,4693
39.313873291015625,4692
39.318514585494995,4691
39.395405530929565,4690
39.43028783798218,4689
39.4756498336792,4688
39.52893424034119,4687
39.533151626586914,4686
39.53812861442566,4685
39.550586223602295,4684
39.693193435668945,4683
39.760496854782104,4682
39.821364879608154,4681
39.9204306602478,4680
39.97675681114197,4679
40.101404428482056,4678
40.18481421470642,4677
40.20432996749878,4676
40.21301984786987,4675
40.33044123649597,4674
40.338688135147095,4673
40.38369011878967,4672
40.48958897590637,4671
40.49606728553772,4670
40.526668548583984,4669
40.62423515319824,4668
40.63537573814392,4667
40.65101194381714,4666
40.67644953727722,4665
40.71574521064758,4664
40.72001338005066,4663
40.736323833465576,4662
40.870341777801514,4661
41.03753209114075,4660
41.07775402069092,4659
41.10736536979675,4658
41.14567756652832,4657
41.17907691001892,4656
41.240010261535645,4655
41.27854943275452,4654
41.362183570861816,4653
41.36631441116333,4652
41.43468427658081,4651
41.65619492530823,4650
41.664199113845825,4649
41.69564437866211,4648
41.843825817108154,4647
41.92486262321472,4646
41.97820997238159,4645
42.02612018585205,4644
42.19776487350464,4643
42.25226330757141,4642
42.34752154350281,4641
42.409679889678955,4640
42.54066014289856,4639
42.547735929489136,4638
42.55188202857971,4637
42.57378816604614,4636
42.67139482498169,4635
42.6776807308197,4634
42.686875104904175,4633
42.69100785255432,4632
42.734984159469604,4631
42.78440499305725,4630
42.883405685424805,4629
42.91865944862366,4628
42.98413133621216,4627
43.06353783607483,4626
43.205312728881836,4625
43.23422980308533,4624
43.24191188812256,4623
43.383869886398315,4622
43.41394543647766,4621
43.42497229576111,4620
43.52878522872925,4619
43.53284978866577,4618
43.619125843048096,4617
43.67784643173218,4616
43.793729305267334,4615
43.824352502822876,4614
43.9597589969635,4613
44.013659715652466,4612
44.272796630859375,4611
44.28897500038147,4610
44.293009996414185,4609
44.345694065093994,4608
44.36332607269287,4607
44.37951970100403,4606
44.47809195518494,4605
44.56576228141785,4604
44.66567039489746,4603
44.93498349189758,4602
44.982104778289795,4601
45.07773184776306,4600
45.22454309463501,4599
45.265217542648315,4598
45.509153604507446,4597
45.53159165382385,4596
45.54757618904114,4595
45.62043905258179,4594
45.809730529785156,4593
45.89609909057617,4592
45.9601833820343,4591
46.157288789749146,4590
46.33663582801819,4589
46.47253966331482,4588
46.551204681396484,4587
46.59229493141174,4586
46.60572266578674,4585
46.880876541137695,4584
46.88511514663696,4583
47.066540002822876,4582
47.209617614746094,4581
47.25357508659363,4580
47.421509742736816,4579
47.56832575798035,4578
47.88968014717102,4577
47.93022918701172,4576
48.0148024559021,4575
48.02291393280029,4574
48.07590985298157,4573
48.17406129837036,4572
48.237335205078125,4571
48.36381244659424,4570
48.504159927368164,4569
48.80258369445801,4568
49.12384390830994,4567
49.152183294296265,4566
49.25839710235596,4565
49.310224771499634,4564
49.424412965774536,4563
49.472307205200195,4562
49.81154108047485,4561
49.95379662513733,4560
49.981258392333984,4559
50.08432078361511,4558
50.15662217140198,4557
50.18303179740906,4556
50.21354269981384,4555
50.2395441532135,4554
50.387672424316406,4553
50.39503884315491,4552
50.571959495544434,4551
50.60205149650574,4550
50.7424795627594,4549
51.47675037384033,4548
51.90537667274475,4547
51.91795063018799,4546
52.346086263656616,4545
52.41254758834839,4544
52.53834128379822,4543
52.797037839889526,4542
52.94193911552429,4541
53.030771017074585,4540
53.56032729148865,4539
53.873565912246704,4538
53.94408416748047,4537
53.997108459472656,4536
54.13567495346069,4535
54.1480975151062,4534
54.154510736465454,4533
54.166794538497925,4532
54.283003091812134,4531
54.29268169403076,4530
54.375426054000854,4529
54.43195128440857,4528
54.680816650390625,4527
54.7137725353241,4526
55.00782012939453,4525
55.31243443489075,4524
55.338868618011475,4523
55.44932270050049,4522
55.61839556694031,4521
55.85392737388611,4520
56.104618310928345,4519
56.12991380691528,4518
56.19759202003479,4517
56.35368585586548,4516
56.4715256690979,4515
56.77166152000427,4514
56.97916102409363,4513
57.14619040489197,4512
57.206278562545776,4511
57.350666761398315,4510
57.57593584060669,4509
57.60628318786621,4508
58.02307200431824,4507
58.159860134124756,4506
58.398447036743164,4505
58.746925354003906,4504
59.11901235580444,4503
59.291651487350464,4502
59.49894189834595,4501
59.555275440216064,4500
59.9576735496521,4499
59.98194098472595,4498
60.810611963272095,4497
61.4119017124176,4496
61.83422780036926,4495
62.264265060424805,4494
62.31519389152527,4493
62.362406492233276,4492
62.56431341171265,4491
62.91186881065369,4490
62.931034088134766,4489
63.124656200408936,4488
63.215590953826904,4487
63.21969556808472,4486
63.294528007507324,4485
63.51706624031067,4484
63.56500744819641,4483
63.58419156074524,4482
63.588263511657715,4481
63.716758012771606,4480
63.8906672000885,4479
64.35833382606506,4478
64.47341060638428,4477
65.77168369293213,4476
65.84052896499634,4475
66.09279322624207,4474
66.59827041625977,4473
66.68888640403748,4472
66.83367705345154,4471
67.0131299495697,4470
67.15148544311523,4469
67.41532874107361,4468
68.01976084709167,4467
68.17536973953247,4466
68.5404679775238,4465
68.83517384529114,4464
68.99086594581604,4463
69.02814626693726,4462
69.10011339187622,4461
69.11799001693726,4460
69.29969787597656,4459
69.49667882919312,4458
69.54032778739929,4457
69.66303277015686,4456
69.6824243068695,4455
69.97420310974121,4454
69.9973771572113,4453
70.6192798614502,4452
71.32557511329651,4451
71.56185984611511,4450
72.09427762031555,4449
72.27199506759644,4448
72.44084072113037,4447
72.5683240890503,4446
72.60611248016357,4445
72.81743049621582,4444
73.95359182357788,4443
73.99419069290161,4442
74.17659020423889,4441
74.27321672439575,4440
74.86363220214844,4439
75.51330852508545,4438
75.98636102676392,4437
76.3704731464386,4436
76.94892716407776,4435
78.38012433052063,4434
78.48180937767029,4433
78.73541831970215,4432
79.29865527153015,4431
80.91827893257141,4430
82.05983972549438,4429
82.88276958465576,4428
83.09699511528015,4427
83.24126553535461,4426
84.86129713058472,4425
86.7326066493988,4424
86.9800775051117,4423
87.19097590446472,4422
87.30910301208496,4421
87.72052335739136,4420
87.75896692276001,4419
87.8473653793335,4418
88.45344567298889,4417
88.59761118888855,4416
89.1382954120636,4415
89.81758451461792,4414
89.8529155254364,4413
90.0377345085144,4412
90.2505853176117,4411
90.29279804229736,4410
90.49539351463318,4409
90.75762629508972,4408
91.39508748054504,4407
91.72449922561646,4406
92.64209508895874,4405
92.74578809738159,4404
93.39057946205139,4403
93.42016410827637,4402
93.49246525764465,4401
94.56051301956177,4400
94.67471933364868,4399
94.76434874534607,4398
96.60418200492859,4397
96.63764333724976,4396
97.4972128868103,4395
99.32201147079468,4394
102.69171094894409,4393
103.51971697807312,4392
105.48709964752197,4391
106.81389451026917,4390
108.10948991775513,4389
110.88915824890137,4388
112.01760983467102,4387
112.08392524719238,4386
113.41337490081787,4385
114.29174733161926,4384
118.99967193603516,4383
119.38697028160095,4382
122.59237408638,4381
125.23185777664185,4380
127.2928819656372,4379
128.7360110282898,4378
142.6407105922699,4377
164.41920018196106,4376
171.0587775707245,4375
