0.004539966583251953,7609
0.008628129959106445,7608
0.012610673904418945,7607
0.01652979850769043,7606
0.02041912078857422,7605
0.024538278579711914,7604
0.028455257415771484,7603
0.03233790397644043,7602
0.03618764877319336,7601
0.040055036544799805,7600
0.043988943099975586,7599
0.04787111282348633,7598
0.051804304122924805,7597
0.05564165115356445,7596
0.05947375297546387,7595
0.06332063674926758,7594
0.06720304489135742,7593
0.07108521461486816,7592
0.07492923736572266,7591
0.07877135276794434,7590
0.08262109756469727,7589
0.0864708423614502,7588
0.09032201766967773,7587
0.09415769577026367,7586
0.09798741340637207,7585
0.10184001922607422,7584
0.10568881034851074,7583
0.10957050323486328,7582
0.11356043815612793,7581
0.11741423606872559,7580
0.12127017974853516,7579
0.12511897087097168,7578
0.12897062301635742,7577
0.13280844688415527,7576
0.1366429328918457,7575
0.14049339294433594,7574
0.14433670043945312,7573
0.14819645881652832,7572
0.15208673477172852,7571
0.15598607063293457,7570
0.15983843803405762,7569
0.1638021469116211,7568
0.16765356063842773,7567
0.17149019241333008,7566
0.17539072036743164,7565
0.1793231964111328,7564
0.1832444667816162,7563
0.1871335506439209,7562
0.1909928321838379,7561
0.19488286972045898,7560
0.1987299919128418,7559
0.2025761604309082,7558
0.20648550987243652,7557
0.21032190322875977,7556
0.2141714096069336,7555
0.2187032699584961,7554
0.22669219970703125,7553
0.23057317733764648,7552
0.23442745208740234,7551
0.23828387260437012,7550
0.24213719367980957,7549
0.24599075317382812,7548
0.2498466968536377,7547
0.2536945343017578,7546
0.2576127052307129,7545
0.2614607810974121,7544
0.26534152030944824,7543
0.2692446708679199,7542
0.2749757766723633,7541
0.27882885932922363,7540
0.2826831340789795,7539
0.2865424156188965,7538
0.2903885841369629,7537
0.29422855377197266,7536
0.2980813980102539,7535
0.30193376541137695,7534
0.3057863712310791,7533
0.3096272945404053,7532
0.31346559524536133,7531
0.31731629371643066,7530
0.3211662769317627,7529
0.3250250816345215,7528
0.3288707733154297,7527
0.33270812034606934,7526
0.3365607261657715,7525
0.3404042720794678,7524
0.3442838191986084,7523
0.3482062816619873,7522
0.3522148132324219,7521
0.35634326934814453,7520
0.36035823822021484,7519
0.364274263381958,7518
0.36813855171203613,7517
0.37203049659729004,7516
0.37589120864868164,7515
0.37975168228149414,7514
0.3836071491241455,7513
0.38746070861816406,7512
0.39131665229797363,7511
0.3951759338378906,7510
0.3990328311920166,7509
0.4028949737548828,7508
0.40680932998657227,7507
0.41069531440734863,7506
0.4145500659942627,7505
0.4184072017669678,7504
0.42245936393737793,7503
0.42640185356140137,7502
0.43033623695373535,7501
0.43427062034606934,7500
0.43816566467285156,7499
0.44202566146850586,7498
0.44588541984558105,7497
0.44974350929260254,7496
0.45365262031555176,7495
0.4575660228729248,7494
0.46167945861816406,7493
0.46561503410339355,7492
0.4695136547088623,7491
0.4734206199645996,7490
0.4773097038269043,7489
0.4811978340148926,7488
0.48505520820617676,7487
0.48891401290893555,7486
0.49277305603027344,7485
0.49663829803466797,7484
0.5005064010620117,7483
0.5043666362762451,7482
0.5082252025604248,7481
0.5120828151702881,7480
0.5159356594085693,7479
0.5197908878326416,7478
0.5236742496490479,7477
0.5275843143463135,7476
0.5319106578826904,7475
0.535773754119873,7474
0.5396430492401123,7473
0.5435025691986084,7472
0.5473668575286865,7471
0.551231861114502,7470
0.5572001934051514,7469
0.5645208358764648,7468
0.5683917999267578,7467
0.5722951889038086,7466
0.5768978595733643,7465
0.5807628631591797,7464
0.5846185684204102,7463
0.5885169506072998,7462
0.5923750400543213,7461
0.5987534523010254,7460
0.6026160717010498,7459
0.6064927577972412,7458
0.6103570461273193,7457
0.6142287254333496,7456
0.6180922985076904,7455
0.6221499443054199,7454
0.629692792892456,7453
0.6336145401000977,7452
0.6374912261962891,7451
0.641359806060791,7450
0.6452341079711914,7449
0.6490938663482666,7448
0.6568143367767334,7447
0.6606755256652832,7446
0.6646547317504883,7445
0.6685886383056641,7444
0.6724848747253418,7443
0.6764087677001953,7442
0.6803007125854492,7441
0.6842300891876221,7440
0.6880981922149658,7439
0.6920037269592285,7438
0.696847677230835,7437
0.7009181976318359,7436
0.7049150466918945,7435
0.7088522911071777,7434
0.7166447639465332,7433
0.720543622970581,7432
0.7244207859039307,7431
0.728290319442749,7430
0.7321619987487793,7429
0.7360286712646484,7428
0.7399587631225586,7427
0.7438766956329346,7426
0.7516434192657471,7425
0.7555446624755859,7424
0.7594640254974365,7423
0.7633278369903564,7422
0.7672555446624756,7421
0.7711212635040283,7420
0.7749896049499512,7419
0.7788491249084473,7418
0.782738447189331,7417
0.7866017818450928,7416
0.7904679775238037,7415
0.7981934547424316,7414
0.80206298828125,7413
0.8060169219970703,7412
0.8098862171173096,7411
0.8138391971588135,7410
0.8177189826965332,7409
0.8223795890808105,7408
0.8271570205688477,7407
0.8310661315917969,7406
0.8349552154541016,7405
0.8388228416442871,7404
0.8426835536956787,7403
0.8465416431427002,7402
0.8504438400268555,7401
0.8543121814727783,7400
0.8581805229187012,7399
0.8620495796203613,7398
0.8659887313842773,7397
0.8699626922607422,7396
0.8796420097351074,7395
0.8835124969482422,7394
0.8874301910400391,7393
0.891329288482666,7392
0.8952243328094482,7391
0.899094820022583,7390
0.9029984474182129,7389
0.9068634510040283,7388
0.9107522964477539,7387
0.9146177768707275,7386
0.9184823036193848,7385
0.9223546981811523,7384
0.9262275695800781,7383
0.9301280975341797,7382
0.936854362487793,7381
0.9407310485839844,7380
0.9446015357971191,7379
0.9485387802124023,7378
0.9524931907653809,7377
0.9564571380615234,7376
0.9603614807128906,7375
0.9643235206604004,7374
0.9682714939117432,7373
0.97226881980896,7372
0.9761490821838379,7371
0.9800288677215576,7370
0.9839000701904297,7369
0.987774133682251,7368
0.9916403293609619,7367
0.9955401420593262,7366
0.9994039535522461,7365
1.0038838386535645,7364
1.0087339878082275,7363
1.0134830474853516,7362
1.0182363986968994,7361
1.0229105949401855,7360
1.027726173400879,7359
1.0323734283447266,7358
1.0394067764282227,7357
1.0433878898620605,7356
1.0511987209320068,7355
1.0550761222839355,7354
1.0589487552642822,7353
1.062880039215088,7352
1.0712652206420898,7351
1.0761361122131348,7350
1.0807609558105469,7349
1.0846421718597412,7348
1.0885231494903564,7347
1.0923900604248047,7346
1.100123643875122,7345
1.1039936542510986,7344
1.1078693866729736,7343
1.1138691902160645,7342
1.1178200244903564,7341
1.1245222091674805,7340
1.1284332275390625,7339
1.1323530673980713,7338
1.136234998703003,7337
1.140113353729248,7336
1.1439955234527588,7335
1.1478729248046875,7334
1.1517531871795654,7333
1.155632734298706,7332
1.16298508644104,7331
1.1668591499328613,7330
1.1707422733306885,7329
1.174614429473877,7328
1.1785733699798584,7327
1.1825835704803467,7326
1.1864659786224365,7325
1.1903371810913086,7324
1.1942126750946045,7323
1.1981379985809326,7322
1.2032191753387451,7321
1.2070889472961426,7320
1.210963487625122,7319
1.2148394584655762,7318
1.2187154293060303,7317
1.2228400707244873,7316
1.2268486022949219,7315
1.2308588027954102,7314
1.2348074913024902,7313
1.238743782043457,7312
1.2426173686981201,7311
1.2464878559112549,7310
1.2503669261932373,7309
1.2542474269866943,7308
1.2619907855987549,7307
1.269735336303711,7306
1.273606300354004,7305
1.2775044441223145,7304
1.281440258026123,7303
1.2853240966796875,7302
1.289201259613037,7301
1.2964131832122803,7300
1.300288200378418,7299
1.3041629791259766,7298
1.3080332279205322,7297
1.3119070529937744,7296
1.315774917602539,7295
1.3196516036987305,7294
1.3247570991516113,7293
1.3286280632019043,7292
1.332505702972412,7291
1.3363769054412842,7290
1.340256690979004,7289
1.3441262245178223,7288
1.348006248474121,7287
1.352431297302246,7286
1.3563649654388428,7285
1.3602960109710693,7284
1.364187479019165,7283
1.3680660724639893,7282
1.3719456195831299,7281
1.3796875476837158,7280
1.383756399154663,7279
1.3908138275146484,7278
1.3947625160217285,7277
1.3987267017364502,7276
1.405635118484497,7275
1.4096159934997559,7274
1.4135665893554688,7273
1.4175188541412354,7272
1.4216949939727783,7271
1.4256975650787354,7270
1.4296844005584717,7269
1.4393465518951416,7268
1.4432623386383057,7267
1.4480340480804443,7266
1.4519166946411133,7265
1.4558024406433105,7264
1.4596819877624512,7263
1.4635584354400635,7262
1.4674293994903564,7261
1.471313714981079,7260
1.4752147197723389,7259
1.4791479110717773,7258
1.4831156730651855,7257
1.487067699432373,7256
1.4910459518432617,7255
1.4949696063995361,7254
1.4989042282104492,7253
1.502814531326294,7252
1.5120933055877686,7251
1.5159716606140137,7250
1.5198452472686768,7249
1.5293335914611816,7248
1.5332083702087402,7247
1.5371730327606201,7246
1.5410552024841309,7245
1.5449302196502686,7244
1.5488417148590088,7243
1.55271577835083,7242
1.5566020011901855,7241
1.568439245223999,7240
1.5723187923431396,7239
1.5835957527160645,7238
1.5875372886657715,7237
1.5914275646209717,7236
1.5980210304260254,7235
1.601931095123291,7234
1.6058127880096436,7233
1.6096980571746826,7232
1.6135680675506592,7231
1.617455005645752,7230
1.6214406490325928,7229
1.6254603862762451,7228
1.6356916427612305,7227
1.6396567821502686,7226
1.6435749530792236,7225
1.6474859714508057,7224
1.6548218727111816,7223
1.6587021350860596,7222
1.6625840663909912,7221
1.6674869060516357,7220
1.6713650226593018,7219
1.676480770111084,7218
1.680358648300171,7217
1.6842727661132812,7216
1.694701910018921,7215
1.6985876560211182,7214
1.70247483253479,7213
1.7064180374145508,7212
1.7103800773620605,7211
1.7142956256866455,7210
1.7193810939788818,7209
1.7232673168182373,7208
1.7271535396575928,7207
1.731027364730835,7206
1.7371673583984375,7205
1.7427964210510254,7204
1.7466812133789062,7203
1.7505674362182617,7202
1.7544469833374023,7201
1.758329153060913,7200
1.7622103691101074,7199
1.76609468460083,7198
1.773402214050293,7197
1.7798192501068115,7196
1.7836997509002686,7195
1.787672758102417,7194
1.791611909866333,7193
1.7954976558685303,7192
1.799377679824829,7191
1.8032588958740234,7190
1.8087985515594482,7189
1.8126697540283203,7188
1.8165545463562012,7187
1.8204340934753418,7186
1.824571132659912,7185
1.8285229206085205,7184
1.832444429397583,7183
1.8363313674926758,7182
1.840212345123291,7181
1.844088077545166,7180
1.8479721546173096,7179
1.8518750667572021,7178
1.8557868003845215,7177
1.8597137928009033,7176
1.863593339920044,7175
1.8675963878631592,7174
1.8717257976531982,7173
1.8769044876098633,7172
1.8808274269104004,7171
1.8886840343475342,7170
1.9015774726867676,7169
1.9054629802703857,7168
1.909334421157837,7167
1.913217306137085,7166
1.9170989990234375,7165
1.9232804775238037,7164
1.9271607398986816,7163
1.9310665130615234,7162
1.9349853992462158,7161
1.9388611316680908,7160
1.9427385330200195,7159
1.9466173648834229,7158
1.950521469116211,7157
1.9545140266418457,7156
1.958400011062622,7155
1.9622817039489746,7154
1.9662580490112305,7153
1.9702479839324951,7152
1.9741365909576416,7151
1.9780187606811523,7150
1.9818975925445557,7149
1.9857733249664307,7148
1.9896488189697266,7147
1.9935152530670166,7146
1.9995205402374268,7145
2.007624626159668,7144
2.011580467224121,7143
2.0154824256896973,7142
2.019476890563965,7141
2.023632764816284,7140
2.0275719165802,7139
2.031481981277466,7138
2.035372734069824,7137
2.0392489433288574,7136
2.046998977661133,7135
2.050882339477539,7134
2.0547757148742676,7133
2.058654308319092,7132
2.0625786781311035,7131
2.0664520263671875,7130
2.070394992828369,7129
2.0781562328338623,7128
2.0820655822753906,7127
2.0860090255737305,7126
2.089890956878662,7125
2.093770980834961,7124
2.0977120399475098,7123
2.101597309112549,7122
2.1054763793945312,7121
2.109360456466675,7120
2.11324405670166,7119
2.1172468662261963,7118
2.121142625808716,7117
2.1250245571136475,7116
2.1289074420928955,7115
2.132786989212036,7114
2.1366662979125977,7113
2.1423285007476807,7112
2.146209478378296,7111
2.1500980854034424,7110
2.153972625732422,7109
2.1578965187072754,7108
2.1656675338745117,7107
2.1695454120635986,7106
2.179187774658203,7105
2.1832656860351562,7104
2.1871707439422607,7103
2.194969415664673,7102
2.201146125793457,7101
2.2050318717956543,7100
2.208916425704956,7099
2.212794303894043,7098
2.216677665710449,7097
2.2288436889648438,7096
2.2327826023101807,7095
2.2366983890533447,7094
2.2405829429626465,7093
2.2444701194763184,7092
2.2483487129211426,7091
2.2522385120391846,7090
2.256122350692749,7089
2.260012149810791,7088
2.264984130859375,7087
2.2688727378845215,7086
2.2727982997894287,7085
2.2766854763031006,7084
2.2805862426757812,7083
2.284470558166504,7082
2.2883553504943848,7081
2.29223895072937,7080
2.296125888824463,7079
2.3039612770080566,7078
2.3080601692199707,7077
2.3159778118133545,7076
2.326300859451294,7075
2.3341100215911865,7074
2.338014841079712,7073
2.3419089317321777,7072
2.345806837081909,7071
2.349695920944214,7070
2.3639562129974365,7069
2.367851495742798,7068
2.371738910675049,7067
2.3795242309570312,7066
2.3873913288116455,7065
2.391295909881592,7064
2.3951871395111084,7063
2.399087429046631,7062
2.4029908180236816,7061
2.4071929454803467,7060
2.411196708679199,7059
2.4151883125305176,7058
2.419168710708618,7057
2.42750883102417,7056
2.431483745574951,7055
2.4355757236480713,7054
2.44165301322937,7053
2.4494965076446533,7052
2.453399896621704,7051
2.461224317550659,7050
2.4651169776916504,7049
2.4690263271331787,7048
2.4729232788085938,7047
2.4794442653656006,7046
2.483335494995117,7045
2.4872400760650635,7044
2.4911346435546875,7043
2.4950366020202637,7042
2.505924701690674,7041
2.518310070037842,7040
2.522238254547119,7039
2.526167631149292,7038
2.5300655364990234,7037
2.5339648723602295,7036
2.5378568172454834,7035
2.5441977977752686,7034
2.5482776165008545,7033
2.5521998405456543,7032
2.5561647415161133,7031
2.5600616931915283,7030
2.5662643909454346,7029
2.5702545642852783,7028
2.5741934776306152,7027
2.583340883255005,7026
2.5902209281921387,7025
2.59798264503479,7024
2.6018779277801514,7023
2.6057662963867188,7022
2.609746217727661,7021
2.6136369705200195,7020
2.6188173294067383,7019
2.62300968170166,7018
2.629014730453491,7017
2.6329424381256104,7016
2.6378366947174072,7015
2.641725778579712,7014
2.6482889652252197,7013
2.652177333831787,7012
2.6560747623443604,7011
2.659968852996826,7010
2.667839527130127,7009
2.6717417240142822,7008
2.6756420135498047,7007
2.6795244216918945,7006
2.683529853820801,7005
2.692793369293213,7004
2.6981303691864014,7003
2.7021830081939697,7002
2.7061057090759277,7001
2.7184295654296875,7000
2.722325325012207,6999
2.726217746734619,6998
2.7301135063171387,6997
2.737722396850586,6996
2.74165940284729,6995
2.7455508708953857,6994
2.749446153640747,6993
2.753333330154419,6992
2.7572271823883057,6991
2.7611098289489746,6990
2.767455816268921,6989
2.771347999572754,6988
2.775242805480957,6987
2.7791290283203125,6986
2.7869081497192383,6985
2.790910005569458,6984
2.798311471939087,6983
2.8037662506103516,6982
2.8084020614624023,6981
2.8122987747192383,6980
2.8162894248962402,6979
2.820882558822632,6978
2.8250463008880615,6977
2.833031177520752,6976
2.836930274963379,6975
2.840819835662842,6974
2.8487210273742676,6973
2.852642297744751,6972
2.856595993041992,6971
2.863182783126831,6970
2.8693084716796875,6969
2.873380422592163,6968
2.881281852722168,6967
2.8852198123931885,6966
2.8891401290893555,6965
2.896994113922119,6964
2.904013156890869,6963
2.912144660949707,6962
2.91603684425354,6961
2.923128843307495,6960
2.9336013793945312,6959
2.9375011920928955,6958
2.941392183303833,6957
2.9452898502349854,6956
2.949267625808716,6955
2.956660032272339,6954
2.961773157119751,6953
2.9657514095306396,6952
2.9732606410980225,6951
2.9851346015930176,6950
2.9890291690826416,6949
3.0061264038085938,6948
3.010139226913452,6947
3.0140976905822754,6946
3.0224220752716064,6945
3.0279202461242676,6944
3.0318570137023926,6943
3.039541006088257,6942
3.043494462966919,6941
3.0473904609680176,6940
3.0515005588531494,6939
3.055402994155884,6938
3.059304714202881,6937
3.063203811645508,6936
3.073341131210327,6935
3.0794506072998047,6934
3.084628105163574,6933
3.088646173477173,6932
3.092541217803955,6931
3.100594997406006,6930
3.104492425918579,6929
3.1083929538726807,6928
3.1123087406158447,6927
3.116403102874756,6926
3.1210052967071533,6925
3.128406047821045,6924
3.1323142051696777,6923
3.1362171173095703,6922
3.1401071548461914,6921
3.1440041065216064,6920
3.1478912830352783,6919
3.154109477996826,6918
3.1580941677093506,6917
3.1621177196502686,6916
3.166015625,6915
3.1699280738830566,6914
3.1745569705963135,6913
3.182424306869507,6912
3.1863396167755127,6911
3.1916441917419434,6910
3.19779372215271,6909
3.2016966342926025,6908
3.2103984355926514,6907
3.214315176010132,6906
3.218217134475708,6905
3.223254919052124,6904
3.2327897548675537,6903
3.2367055416107178,6902
3.2406206130981445,6901
3.246295690536499,6900
3.251460552215576,6899
3.255364179611206,6898
3.261232614517212,6897
3.2651467323303223,6896
3.269052505493164,6895
3.2729625701904297,6894
3.2846834659576416,6893
3.289108991622925,6892
3.295269727706909,6891
3.2991790771484375,6890
3.3036253452301025,6889
3.3108766078948975,6888
3.3149497509002686,6887
3.321481227874756,6886
3.329444169998169,6885
3.333461046218872,6884
3.337418794631958,6883
3.34141206741333,6882
3.345348834991455,6881
3.3493802547454834,6880
3.353790521621704,6879
3.3577334880828857,6878
3.3616697788238525,6877
3.3720264434814453,6876
3.3759398460388184,6875
3.379850149154663,6874
3.3887202739715576,6873
3.3940610885620117,6872
3.3979668617248535,6871
3.4020626544952393,6870
3.4060440063476562,6869
3.410712242126465,6868
3.4173083305358887,6867
3.421253204345703,6866
3.4253716468811035,6865
3.429412841796875,6864
3.433359146118164,6863
3.4373130798339844,6862
3.4437944889068604,6861
3.4477150440216064,6860
3.4551351070404053,6859
3.4590413570404053,6858
3.463735342025757,6857
3.4676456451416016,6856
3.4715521335601807,6855
3.4754559993743896,6854
3.479367733001709,6853
3.483278751373291,6852
3.489548444747925,6851
3.493466854095459,6850
3.502263069152832,6849
3.5061721801757812,6848
3.513625144958496,6847
3.5175411701202393,6846
3.521570920944214,6845
3.5256540775299072,6844
3.5296294689178467,6843
3.5389087200164795,6842
3.54286527633667,6841
3.5489208698272705,6840
3.552838087081909,6839
3.5587868690490723,6838
3.566251277923584,6837
3.5735225677490234,6836
3.5803277492523193,6835
3.5842397212982178,6834
3.588160276412964,6833
3.5921645164489746,6832
3.5973963737487793,6831
3.606199026107788,6830
3.6101179122924805,6829
3.6140270233154297,6828
3.617964267730713,6827
3.62211012840271,6826
3.626189708709717,6825
3.6341774463653564,6824
3.6403160095214844,6823
3.648423433303833,6822
3.652904510498047,6821
3.6568219661712646,6820
3.6607367992401123,6819
3.6646533012390137,6818
3.669766664505005,6817
3.685903549194336,6816
3.6979353427886963,6815
3.701847791671753,6814
3.724665403366089,6813
3.7285830974578857,6812
3.736161708831787,6811
3.7401349544525146,6810
3.750598430633545,6809
3.755896806716919,6808
3.759807586669922,6807
3.763720750808716,6806
3.77085280418396,6805
3.774747848510742,6804
3.778665542602539,6803
3.783104658126831,6802
3.8016138076782227,6801
3.8055307865142822,6800
3.8094398975372314,6799
3.8145394325256348,6798
3.8184473514556885,6797
3.8226542472839355,6796
3.82662296295166,6795
3.8305752277374268,6794
3.8344953060150146,6793
3.8423080444335938,6792
3.8462226390838623,6791
3.8533153533935547,6790
3.857255458831787,6789
3.8611738681793213,6788
3.8650825023651123,6787
3.869025945663452,6786
3.87302303314209,6785
3.8808810710906982,6784
3.894160270690918,6783
3.898087739944458,6782
3.9072630405426025,6781
3.9145278930664062,6780
3.918478488922119,6779
3.9224021434783936,6778
3.926344394683838,6777
3.9383256435394287,6776
3.94640851020813,6775
3.9504222869873047,6774
3.9553709030151367,6773
3.96066951751709,6772
3.9651479721069336,6771
3.9691455364227295,6770
3.97306227684021,6769
3.9769718647003174,6768
3.9825212955474854,6767
3.986441135406494,6766
3.991746664047241,6765
3.995664119720459,6764
4.002174615859985,6763
4.006185293197632,6762
4.010631799697876,6761
4.014605283737183,6760
4.022446393966675,6759
4.02640962600708,6758
4.038990020751953,6757
4.04290771484375,6756
4.046886205673218,6755
4.058743953704834,6754
4.068129301071167,6753
4.079084634780884,6752
4.083008527755737,6751
4.0923216342926025,6750
4.0976903438568115,6749
4.101596355438232,6748
4.105510950088501,6747
4.109573125839233,6746
4.113489866256714,6745
4.117556095123291,6744
4.121483325958252,6743
4.135496139526367,6742
4.1430206298828125,6741
4.146993160247803,6740
4.15090799331665,6739
4.158734321594238,6738
4.162647485733032,6737
4.170454263687134,6736
4.183072090148926,6735
4.187017202377319,6734
4.207526922225952,6733
4.211431264877319,6732
4.215358257293701,6731
4.219271183013916,6730
4.223546266555786,6729
4.227585554122925,6728
4.23157262802124,6727
4.23734974861145,6726
4.244937419891357,6725
4.248907566070557,6724
4.252948522567749,6723
4.26086163520813,6722
4.2648046016693115,6721
4.268750429153442,6720
4.272662401199341,6719
4.276561260223389,6718
4.280589818954468,6717
4.284550428390503,6716
4.2947423458099365,6715
4.308878660202026,6714
4.314914703369141,6713
4.318831205368042,6712
4.32375431060791,6711
4.327780723571777,6710
4.33172869682312,6709
4.33733868598938,6708
4.342395544052124,6707
4.346339702606201,6706
4.350319862365723,6705
4.356074571609497,6704
4.360029458999634,6703
4.36494517326355,6702
4.368852138519287,6701
4.374736070632935,6700
4.378659009933472,6699
4.388458013534546,6698
4.392374515533447,6697
4.398876905441284,6696
4.402796983718872,6695
4.407876968383789,6694
4.411794662475586,6693
4.415708303451538,6692
4.425003528594971,6691
4.428995609283447,6690
4.4340150356292725,6689
4.438005447387695,6688
4.444931745529175,6687
4.4488537311553955,6686
4.45285701751709,6685
4.458332061767578,6684
4.462274789810181,6683
4.466206073760986,6682
4.47172999382019,6681
4.479584693908691,6680
4.491994619369507,6679
4.496107578277588,6678
4.504026174545288,6677
4.50804877281189,6676
4.51783013343811,6675
4.529300212860107,6674
4.533335447311401,6673
4.544504165649414,6672
4.556014537811279,6671
4.562449216842651,6670
4.566372632980347,6669
4.581878900527954,6668
4.5876624584198,6667
4.5978522300720215,6666
4.601769208908081,6665
4.611982345581055,6664
4.619809150695801,6663
4.62887167930603,6662
4.634401082992554,6661
4.6383280754089355,6660
4.642246246337891,6659
4.646163463592529,6658
4.661924839019775,6657
4.669978141784668,6656
4.6745264530181885,6655
4.68017315864563,6654
4.684139251708984,6653
4.688047409057617,6652
4.692189693450928,6651
4.6961669921875,6650
4.700141906738281,6649
4.7040979862213135,6648
4.715953826904297,6647
4.722832679748535,6646
4.726758718490601,6645
4.734251260757446,6644
4.742443084716797,6643
4.755895376205444,6642
4.763609170913696,6641
4.767552137374878,6640
4.771583080291748,6639
4.7755560874938965,6638
4.780247211456299,6637
4.784285545349121,6636
4.78821873664856,6635
4.792138576507568,6634
4.805762052536011,6633
4.809682369232178,6632
4.817161560058594,6631
4.821091890335083,6630
4.825250148773193,6629
4.838730096817017,6628
4.84427547454834,6627
4.84824013710022,6626
4.852154493331909,6625
4.856106519699097,6624
4.860132694244385,6623
4.8676228523254395,6622
4.8723931312561035,6621
4.876400470733643,6620
4.882219314575195,6619
4.886176824569702,6618
4.893893718719482,6617
4.905637502670288,6616
4.9134626388549805,6615
4.917381525039673,6614
4.921302556991577,6613
4.925220489501953,6612
4.933067321777344,6611
4.936980962753296,6610
4.940929889678955,6609
4.944839954376221,6608
4.9488465785980225,6607
4.952820539474487,6606
4.956775188446045,6605
4.960721015930176,6604
4.9693381786346436,6603
4.973268747329712,6602
4.980321645736694,6601
4.9911768436431885,6600
4.995094299316406,6599
4.999032974243164,6598
5.003032445907593,6597
5.007097244262695,6596
5.0110924243927,6595
5.015658617019653,6594
5.019618988037109,6593
5.023797035217285,6592
5.027803182601929,6591
5.034154891967773,6590
5.046006202697754,6589
5.049929618835449,6588
5.058685302734375,6587
5.062597990036011,6586
5.06652307510376,6585
5.075997352600098,6584
5.079987287521362,6583
5.086297988891602,6582
5.09162974357605,6581
5.0956220626831055,6580
5.107454061508179,6579
5.112711191177368,6578
5.118352651596069,6577
5.122352838516235,6576
5.13418173789978,6575
5.138142108917236,6574
5.142890930175781,6573
5.150157928466797,6572
5.161152124404907,6571
5.168912649154663,6570
5.1728973388671875,6569
5.200133562088013,6568
5.204059362411499,6567
5.208112955093384,6566
5.215962171554565,6565
5.224045038223267,6564
5.236007213592529,6563
5.239936351776123,6562
5.243849754333496,6561
5.250231742858887,6560
5.257525682449341,6559
5.261444330215454,6558
5.2677412033081055,6557
5.271686315536499,6556
5.275704622268677,6555
5.288687467575073,6554
5.292595624923706,6553
5.296515703201294,6552
5.300434827804565,6551
5.304354906082153,6550
5.312194585800171,6549
5.316108465194702,6548
5.3200294971466064,6547
5.328038692474365,6546
5.331962823867798,6545
5.335892915725708,6544
5.33980917930603,6543
5.343735218048096,6542
5.347652912139893,6541
5.35655665397644,6540
5.3689796924591064,6539
5.373014688491821,6538
5.377665042877197,6537
5.381587982177734,6536
5.389430284500122,6535
5.393342733383179,6534
5.408036470413208,6533
5.415762186050415,6532
5.422076225280762,6531
5.434624910354614,6530
5.438700914382935,6529
5.4452128410339355,6528
5.449161767959595,6527
5.4554972648620605,6526
5.461309194564819,6525
5.4652276039123535,6524
5.4691455364227295,6523
5.47306752204895,6522
5.479715347290039,6521
5.483673334121704,6520
5.487644672393799,6519
5.491592168807983,6518
5.4955058097839355,6517
5.503363609313965,6516
5.507286548614502,6515
5.519854784011841,6514
5.523811340332031,6513
5.529068231582642,6512
5.538607120513916,6511
5.542529106140137,6510
5.546629905700684,6509
5.550604581832886,6508
5.558449745178223,6507
5.562366008758545,6506
5.5676634311676025,6505
5.572895526885986,6504
5.5768141746521,6503
5.58079195022583,6502
5.584717035293579,6501
5.592551231384277,6500
5.59878396987915,6499
5.602701902389526,6498
5.610567808151245,6497
5.633260726928711,6496
5.638454437255859,6495
5.645558834075928,6494
5.654324769973755,6493
5.658246755599976,6492
5.663547515869141,6491
5.667460918426514,6490
5.671380519866943,6489
5.6792707443237305,6488
5.6880714893341064,6487
5.692039728164673,6486
5.695989608764648,6485
5.706357002258301,6484
5.717927932739258,6483
5.7234954833984375,6482
5.727417469024658,6481
5.731346607208252,6480
5.735264301300049,6479
5.739273309707642,6478
5.749268054962158,6477
5.753237962722778,6476
5.769161701202393,6475
5.776516914367676,6474
5.781532049179077,6473
5.789735794067383,6472
5.7963738441467285,6471
5.800300359725952,6470
5.804226398468018,6469
5.808145046234131,6468
5.820145130157471,6467
5.824289798736572,6466
5.83212423324585,6465
5.83605432510376,6464
5.839979648590088,6463
5.847363471984863,6462
5.851284027099609,6461
5.86244010925293,6460
5.866488933563232,6459
5.881241083145142,6458
5.885177373886108,6457
5.894062280654907,6456
5.904370069503784,6455
5.912217378616333,6454
5.920049667358398,6453
5.92396879196167,6452
5.931197166442871,6451
5.94358229637146,6450
5.947556018829346,6449
5.958435535430908,6448
5.966418027877808,6447
5.970351457595825,6446
5.974273681640625,6445
5.978203058242798,6444
5.992354869842529,6443
6.001751184463501,6442
6.006028890609741,6441
6.014081954956055,6440
6.023036003112793,6439
6.032051086425781,6438
6.035991430282593,6437
6.047788143157959,6436
6.052433252334595,6435
6.056359767913818,6434
6.072573184967041,6433
6.097837448120117,6432
6.1036412715911865,6431
6.118074417114258,6430
6.1221630573272705,6429
6.126097202301025,6428
6.13399076461792,6427
6.142562627792358,6426
6.146640062332153,6425
6.154721975326538,6424
6.1614298820495605,6423
6.172931671142578,6422
6.183286190032959,6421
6.187212705612183,6420
6.200139284133911,6419
6.225735187530518,6418
6.233418941497803,6417
6.2373597621917725,6416
6.243541240692139,6415
6.247455835342407,6414
6.2555317878723145,6413
6.259453773498535,6412
6.2633843421936035,6411
6.26730751991272,6410
6.278036117553711,6409
6.289788007736206,6408
6.297700881958008,6407
6.304515838623047,6406
6.311075925827026,6405
6.318904399871826,6404
6.322832107543945,6403
6.326758861541748,6402
6.330711364746094,6401
6.334702491760254,6400
6.338707447052002,6399
6.342631578445435,6398
6.349448204040527,6397
6.3571085929870605,6396
6.361064195632935,6395
6.3678202629089355,6394
6.3717498779296875,6393
6.376622676849365,6392
6.385491609573364,6391
6.3894126415252686,6390
6.393341779708862,6389
6.397265434265137,6388
6.4013097286224365,6387
6.40538215637207,6386
6.415919303894043,6385
6.421430349349976,6384
6.428551435470581,6383
6.443192005157471,6382
6.452908039093018,6381
6.457983732223511,6380
6.464678525924683,6379
6.4711854457855225,6378
6.4751410484313965,6377
6.491060733795166,6376
6.505702257156372,6375
6.509632110595703,6374
6.521177291870117,6373
6.530844211578369,6372
6.534768104553223,6371
6.538695335388184,6370
6.542629957199097,6369
6.561206102371216,6368
6.56513786315918,6367
6.572417259216309,6366
6.5764665603637695,6365
6.591230154037476,6364
6.595647096633911,6363
6.606494903564453,6362
6.6232147216796875,6361
6.633064270019531,6360
6.641930103302002,6359
6.645890712738037,6358
6.657663106918335,6357
6.661587715148926,6356
6.667758226394653,6355
6.685296297073364,6354
6.689226865768433,6353
6.693147897720337,6352
6.697079658508301,6351
6.703695774078369,6350
6.709829568862915,6349
6.719196557998657,6348
6.7268102169036865,6347
6.730736255645752,6346
6.734656095504761,6345
6.749888896942139,6344
6.760209798812866,6343
6.764334201812744,6342
6.768294334411621,6341
6.7752768993377686,6340
6.786895990371704,6339
6.793443918228149,6338
6.797367334365845,6337
6.805211067199707,6336
6.809190988540649,6335
6.815021514892578,6334
6.818945646286011,6333
6.826563596725464,6332
6.83061408996582,6331
6.839419364929199,6330
6.847909450531006,6329
6.864284515380859,6328
6.872393608093262,6327
6.87637734413147,6326
6.88106894493103,6325
6.8850038051605225,6324
6.897916555404663,6323
6.9080588817596436,6322
6.912048578262329,6321
6.915968179702759,6320
6.92692756652832,6319
6.938562870025635,6318
6.960679292678833,6317
6.971097707748413,6316
6.976463794708252,6315
6.9873130321502686,6314
6.994884967803955,6313
7.002730131149292,6312
7.0067455768585205,6311
7.010728120803833,6310
7.018719673156738,6309
7.032464027404785,6308
7.036409139633179,6307
7.043460369110107,6306
7.048821926116943,6305
7.052752733230591,6304
7.063488006591797,6303
7.067419767379761,6302
7.075277328491211,6301
7.085554838180542,6300
7.097193479537964,6299
7.1011292934417725,6298
7.105055093765259,6297
7.1122236251831055,6296
7.120281457901001,6295
7.13660740852356,6294
7.146757125854492,6293
7.150691747665405,6292
7.158515214920044,6291
7.1624743938446045,6290
7.16883659362793,6289
7.172762393951416,6288
7.180623769760132,6287
7.188484191894531,6286
7.197417259216309,6285
7.201881647109985,6284
7.205807685852051,6283
7.2161736488342285,6282
7.220167875289917,6281
7.224310398101807,6280
7.230222463607788,6279
7.234280347824097,6278
7.253573179244995,6277
7.262103796005249,6276
7.266035795211792,6275
7.269975185394287,6274
7.275505065917969,6273
7.287046670913696,6272
7.301567077636719,6271
7.309448719024658,6270
7.313425064086914,6269
7.322262287139893,6268
7.326200008392334,6267
7.330135822296143,6266
7.3350231647491455,6265
7.342525243759155,6264
7.3465576171875,6263
7.3603081703186035,6262
7.367465257644653,6261
7.371459722518921,6260
7.37540602684021,6259
7.379334211349487,6258
7.383278131484985,6257
7.387210130691528,6256
7.393009185791016,6255
7.401594161987305,6254
7.405522346496582,6253
7.409454822540283,6252
7.414968490600586,6251
7.418905973434448,6250
7.4232118129730225,6249
7.427230596542358,6248
7.431208848953247,6247
7.435158729553223,6246
7.439181804656982,6245
7.443118572235107,6244
7.453620672225952,6243
7.457552194595337,6242
7.464134693145752,6241
7.478329658508301,6240
7.489118814468384,6239
7.501336574554443,6238
7.505262851715088,6237
7.516489267349243,6236
7.5204176902771,6235
7.545116662979126,6234
7.549095153808594,6233
7.559468030929565,6232
7.566671371459961,6231
7.574551343917847,6230
7.580538988113403,6229
7.587457656860352,6228
7.592856168746948,6227
7.605766773223877,6226
7.613245010375977,6225
7.617175817489624,6224
7.626534461975098,6223
7.6306068897247314,6222
7.6345601081848145,6221
7.64183235168457,6220
7.67039155960083,6219
7.682172775268555,6218
7.686110258102417,6217
7.690048456192017,6216
7.695327043533325,6215
7.703258991241455,6214
7.710680723190308,6213
7.714669466018677,6212
7.727723121643066,6211
7.731727123260498,6210
7.742947578430176,6209
7.751361846923828,6208
7.7554872035980225,6207
7.7594428062438965,6206
7.767319440841675,6205
7.7712461948394775,6204
7.781917333602905,6203
7.786035060882568,6202
7.806524038314819,6201
7.810661315917969,6200
7.8185131549835205,6199
7.848798513412476,6198
7.856667995452881,6197
7.863961219787598,6196
7.87725567817688,6195
7.885159492492676,6194
7.9000325202941895,6193
7.914937734603882,6192
7.9238059520721436,6191
7.927746057510376,6190
7.931690216064453,6189
7.93737006187439,6188
7.946640729904175,6187
7.954669237136841,6186
7.969251871109009,6185
7.992838144302368,6184
7.999138832092285,6183
8.009812355041504,6182
8.016457557678223,6181
8.032333612442017,6180
8.04499626159668,6179
8.051849842071533,6178
8.07217025756836,6177
8.08425521850586,6176
8.0913245677948,6175
8.099520921707153,6174
8.103595495223999,6173
8.124707698822021,6172
8.135670900344849,6171
8.145012378692627,6170
8.155184268951416,6169
8.160207509994507,6168
8.171924114227295,6167
8.176068544387817,6166
8.180153131484985,6165
8.184218645095825,6164
8.199590682983398,6163
8.206655263900757,6162
8.2105872631073,6161
8.215353727340698,6160
8.220313549041748,6159
8.231597423553467,6158
8.238303899765015,6157
8.243703126907349,6156
8.25183629989624,6155
8.256035327911377,6154
8.26013731956482,6153
8.286705017089844,6152
8.29537296295166,6151
8.29931116104126,6150
8.311426877975464,6149
8.315428733825684,6148
8.326746463775635,6147
8.330682516098022,6146
8.342478513717651,6145
8.346478700637817,6144
8.350926876068115,6143
8.354926109313965,6142
8.361413717269897,6141
8.36905574798584,6140
8.37879991531372,6139
8.382928133010864,6138
8.394825220108032,6137
8.398770093917847,6136
8.402705430984497,6135
8.406646013259888,6134
8.414016485214233,6133
8.42005181312561,6132
8.42819619178772,6131
8.436310768127441,6130
8.441267013549805,6129
8.457271814346313,6128
8.489832639694214,6127
8.500251054763794,6126
8.518591403961182,6125
8.522539377212524,6124
8.526480913162231,6123
8.538304805755615,6122
8.550978899002075,6121
8.56647801399231,6120
8.582641839981079,6119
8.5865797996521,6118
8.600842237472534,6117
8.606185913085938,6116
8.610127449035645,6115
8.625038623809814,6114
8.632848978042603,6113
8.639292240142822,6112
8.652538776397705,6111
8.65648603439331,6110
8.666112661361694,6109
8.67401671409607,6108
8.680489540100098,6107
8.685066938400269,6106
8.692957878112793,6105
8.698987007141113,6104
8.713701963424683,6103
8.721623182296753,6102
8.725568056106567,6101
8.729510307312012,6100
8.739593267440796,6099
8.753013372421265,6098
8.759788036346436,6097
8.763802766799927,6096
8.767756938934326,6095
8.775640487670898,6094
8.779577255249023,6093
8.783525466918945,6092
8.794187307357788,6091
8.803916215896606,6090
8.847490310668945,6089
8.851438999176025,6088
8.864155054092407,6087
8.868107557296753,6086
8.872150182723999,6085
8.876096487045288,6084
8.88275957107544,6083
8.88727355003357,6082
8.891220808029175,6081
8.896689414978027,6080
8.901186227798462,6079
8.90513277053833,6078
8.923125743865967,6077
8.931248903274536,6076
8.939150333404541,6075
8.943315505981445,6074
8.954450845718384,6073
8.97308611869812,6072
8.977735757827759,6071
8.984283208847046,6070
8.991586685180664,6069
8.996707677841187,6068
9.009505987167358,6067
9.013724565505981,6066
9.017806768417358,6065
9.022024869918823,6064
9.033103942871094,6063
9.039963960647583,6062
9.047918796539307,6061
9.057913064956665,6060
9.06606936454773,6059
9.079163074493408,6058
9.085553646087646,6057
9.092674255371094,6056
9.098019123077393,6055
9.10201382637024,6054
9.106914758682251,6053
9.121832132339478,6052
9.129821538925171,6051
9.148325443267822,6050
9.156667947769165,6049
9.160614967346191,6048
9.164670467376709,6047
9.175060987472534,6046
9.180192232131958,6045
9.194397926330566,6044
9.206141471862793,6043
9.21550440788269,6042
9.226688623428345,6041
9.230945825576782,6040
9.235059976577759,6039
9.254568099975586,6038
9.25851321220398,6037
9.268542051315308,6036
9.272550582885742,6035
9.279722690582275,6034
9.313172101974487,6033
9.319216012954712,6032
9.323174953460693,6031
9.331509828567505,6030
9.33545970916748,6029
9.345627546310425,6028
9.35187292098999,6027
9.375508546829224,6026
9.379455089569092,6025
9.386540651321411,6024
9.398580551147461,6023
9.405218362808228,6022
9.418224573135376,6021
9.424081325531006,6020
9.428125858306885,6019
9.442589521408081,6018
9.458920240402222,6017
9.463325500488281,6016
9.474879741668701,6015
9.478888511657715,6014
9.482866287231445,6013
9.486863136291504,6012
9.503553867340088,6011
9.509313821792603,6010
9.526845693588257,6009
9.530889987945557,6008
9.545039415359497,6007
9.552944660186768,6006
9.561517000198364,6005
9.56545114517212,6004
9.573394298553467,6003
9.577334642410278,6002
9.581281185150146,6001
9.58521819114685,6000
9.589165210723877,5999
9.594756126403809,5998
9.602625846862793,5997
9.613821029663086,5996
9.621171474456787,5995
9.6263427734375,5994
9.630348682403564,5993
9.634323596954346,5992
9.654505968093872,5991
9.665236234664917,5990
9.672516345977783,5989
9.676580667495728,5988
9.684323072433472,5987
9.688265085220337,5986
9.692214727401733,5985
9.698744058609009,5984
9.704309701919556,5983
9.722777128219604,5982
9.735856533050537,5981
9.73983383178711,5980
9.749365329742432,5979
9.753315448760986,5978
9.764904499053955,5977
9.771857976913452,5976
9.783520460128784,5975
9.790701866149902,5974
9.794649839401245,5973
9.798588991165161,5972
9.811359167098999,5971
9.815415143966675,5970
9.821984052658081,5969
9.832907676696777,5968
9.86864185333252,5967
9.882063627243042,5966
9.90546441078186,5965
9.91424822807312,5964
9.918389081954956,5963
9.922356605529785,5962
9.950540542602539,5961
9.954540491104126,5960
9.959250926971436,5959
9.97469425201416,5958
9.991673707962036,5957
