0.19093561172485352,4447
0.23256421089172363,4446
0.27462077140808105,4445
0.3195338249206543,4444
0.3641355037689209,4443
0.4096040725708008,4442
0.4550666809082031,4441
0.5007543563842773,4440
0.5460333824157715,4439
0.5916194915771484,4438
0.6365857124328613,4437
0.6824719905853271,4436
0.7271056175231934,4435
0.7731513977050781,4434
0.8179638385772705,4433
0.863837480545044,4432
0.9089715480804443,4431
0.9546422958374023,4430
1.0001111030578613,4429
1.0454740524291992,4428
1.0910441875457764,4427
1.1364123821258545,4426
1.1818082332611084,4425
1.2272400856018066,4424
1.2724993228912354,4423
1.3181169033050537,4422
1.3632769584655762,4421
1.4090187549591064,4420
1.4539103507995605,4419
1.4998400211334229,4418
1.5446240901947021,4417
1.5907318592071533,4416
1.6356172561645508,4415
1.6812045574188232,4414
1.7264375686645508,4413
1.7717387676239014,4412
1.8174469470977783,4411
1.862351655960083,4410
1.9083335399627686,4409
1.9532229900360107,4408
1.9990334510803223,4407
2.0442209243774414,4406
2.0898401737213135,4405
2.1352744102478027,4404
2.1807165145874023,4403
2.2263424396514893,4402
2.2715859413146973,4401
2.3172945976257324,4400
2.362281084060669,4399
2.40805721282959,4398
2.4531266689300537,4397
2.4986770153045654,4396
2.5440940856933594,4395
2.589132308959961,4394
2.634411334991455,4393
2.679424285888672,4392
2.724952220916748,4391
2.7699217796325684,4390
2.815411329269409,4389
2.860403299331665,4388
2.9058175086975098,4387
2.951040744781494,4386
2.9959075450897217,4385
3.0413239002227783,4384
3.086135149002075,4383
3.131660223007202,4382
3.1765670776367188,4381
3.2217445373535156,4380
3.2670254707336426,4379
3.3119709491729736,4378
3.35750150680542,4377
3.4023637771606445,4376
3.447870969772339,4375
3.4929025173187256,4374
3.5379910469055176,4373
3.5832996368408203,4372
3.6286349296569824,4371
3.6737053394317627,4370
3.7182223796844482,4369
3.763538360595703,4368
3.807993173599243,4367
3.8531997203826904,4366
3.897679328918457,4365
3.9426419734954834,4364
3.9873671531677246,4363
4.031951427459717,4362
4.077012062072754,4361
4.1214821338653564,4360
4.166859149932861,4359
4.212003707885742,4358
4.257272243499756,4357
4.301789999008179,4356
4.346795558929443,4355
4.391396522521973,4354
4.436187744140625,4353
4.480987310409546,4352
4.525230169296265,4351
4.5702760219573975,4350
4.61427116394043,4349
4.6593568325042725,4348
4.703883409500122,4347
4.749057292938232,4346
4.793904066085815,4345
4.838688611984253,4344
4.88374924659729,4343
4.928245306015015,4342
4.973364591598511,4341
5.01774263381958,4340
5.06293511390686,4339
5.107519865036011,4338
5.152634859085083,4337
5.197826147079468,4336
5.242640256881714,4335
5.287893772125244,4334
5.332439184188843,4333
5.377631664276123,4332
5.422082185745239,4331
5.4672980308532715,4330
5.5117857456207275,4329
5.555011510848999,4328
5.597681522369385,4327
5.639904499053955,4326
5.683058500289917,4325
5.724889278411865,4324
5.768996238708496,4323
5.811511993408203,4322
5.854795932769775,4321
5.896855115890503,4320
5.939536094665527,4319
5.982271909713745,4318
6.024465322494507,4317
6.0674729347229,4316
6.109133243560791,4315
6.1524810791015625,4314
6.194206476211548,4313
6.237469911575317,4312
6.27943229675293,4311
6.321791887283325,4310
6.364621162414551,4309
6.406634092330933,4308
6.449852705001831,4307
6.491584777832031,4306
6.535092115402222,4305
6.576700448989868,4304
6.619793891906738,4303
6.662535190582275,4302
6.704776763916016,4301
6.748333930969238,4300
6.789890289306641,4299
6.833911418914795,4298
6.875593900680542,4297
6.919600963592529,4296
6.961339950561523,4295
7.004855632781982,4294
7.047712326049805,4293
7.090849161148071,4292
7.133964776992798,4291
7.176851272583008,4290
7.220154523849487,4289
7.2631518840789795,4288
7.306281089782715,4287
7.34968113899231,4286
7.391848087310791,4285
7.435615539550781,4284
7.477311849594116,4283
7.521185874938965,4282
7.563011407852173,4281
7.6070568561553955,4280
7.648836851119995,4279
7.692270755767822,4278
7.73483681678772,4277
7.77714991569519,4276
7.820392608642578,4275
7.86254358291626,4274
7.906374454498291,4273
7.948126792907715,4272
7.9931676387786865,4271
8.036964178085327,4270
8.081037998199463,4269
8.123769521713257,4268
8.166793823242188,4267
8.20991063117981,4266
8.252803564071655,4265
8.295442581176758,4264
8.338663816452026,4263
8.380617618560791,4262
8.423832416534424,4261
8.465656757354736,4260
8.509056091308594,4259
8.551305055618286,4258
8.59453797340393,4257
8.636727571487427,4256
8.679785013198853,4255
8.721627473831177,4254
8.765011548995972,4253
8.80742883682251,4252
8.85038447380066,4251
8.892276048660278,4250
8.935169696807861,4249
8.97792100906372,4248
9.020538091659546,4247
9.062927484512329,4246
9.105502367019653,4245
9.14833950996399,4244
9.190711259841919,4243
9.233434677124023,4242
9.275842189788818,4241
9.31892442703247,4240
9.360802412033081,4239
9.403971672058105,4238
9.44568157196045,4237
9.487898111343384,4236
9.525660753250122,4235
9.567329168319702,4234
9.609076976776123,4233
9.652320861816406,4232
9.694709062576294,4231
9.737690925598145,4230
9.779438734054565,4229
9.822961568832397,4228
9.8661470413208,4227
9.909728288650513,4226
9.951431512832642,4225
9.994468212127686,4224
10.036329746246338,4223
10.079057455062866,4222
10.121172904968262,4221
10.16370153427124,4220
10.205530881881714,4219
10.24789309501648,4218
10.290424585342407,4217
10.332607507705688,4216
10.37471342086792,4215
10.415950059890747,4214
10.457858085632324,4213
10.498142004013062,4212
10.541265964508057,4211
10.582910299301147,4210
10.625866174697876,4209
10.66752576828003,4208
10.711094617843628,4207
10.753396272659302,4206
10.796762943267822,4205
10.837908744812012,4204
10.880991458892822,4203
10.922465801239014,4202
10.9655282497406,4201
11.006909370422363,4200
11.049822330474854,4199
11.09113073348999,4198
11.134796619415283,4197
11.176796674728394,4196
11.219696044921875,4195
11.261334419250488,4194
11.304947137832642,4193
11.346479177474976,4192
11.389423608779907,4191
11.431100845336914,4190
11.473344802856445,4189
11.515141248703003,4188
11.55719542503357,4187
11.599043607711792,4186
11.641159057617188,4185
11.68323278427124,4184
11.725053548812866,4183
11.768062829971313,4182
11.811945915222168,4181
11.856170654296875,4180
11.900062799453735,4179
11.944633960723877,4178
11.988795280456543,4177
12.03354263305664,4176
12.077669143676758,4175
12.12248706817627,4174
12.166808128356934,4173
12.212162733078003,4172
12.25664758682251,4171
12.301653623580933,4170
12.346271991729736,4169
12.391245603561401,4168
12.436023712158203,4167
12.480895042419434,4166
12.525925159454346,4165
12.570624828338623,4164
12.615668296813965,4163
12.660533428192139,4162
12.705273628234863,4161
12.750205516815186,4160
12.794569253921509,4159
12.839708805084229,4158
12.883853912353516,4157
12.929306507110596,4156
12.973445415496826,4155
13.018401145935059,4154
13.062887907028198,4153
13.10759449005127,4152
13.152625799179077,4151
13.19701600074768,4150
13.242344379425049,4149
13.28638768196106,4148
13.33149266242981,4147
13.376063823699951,4146
13.4210684299469,4145
13.465885162353516,4144
13.510676860809326,4143
13.555691242218018,4142
13.600303888320923,4141
13.645390272140503,4140
13.68977403640747,4139
13.734787464141846,4138
13.779447317123413,4137
13.824004173278809,4136
13.868925094604492,4135
13.91331696510315,4134
13.958449840545654,4133
14.002665042877197,4132
14.047486782073975,4131
14.091964721679688,4130
14.136544704437256,4129
14.181282997131348,4128
14.225501775741577,4127
14.270440340042114,4126
14.314610481262207,4125
14.359406232833862,4124
14.403873205184937,4123
14.448428869247437,4122
14.493147373199463,4121
14.53745985031128,4120
14.582402467727661,4119
14.626821279525757,4118
14.671876192092896,4117
14.716140270233154,4116
14.760447263717651,4115
14.805002212524414,4114
14.84927487373352,4113
14.894057512283325,4112
14.93812608718872,4111
14.982953310012817,4110
15.026944875717163,4109
15.071433544158936,4108
15.11603569984436,4107
15.160462856292725,4106
15.204967021942139,4105
15.24954891204834,4104
15.294533491134644,4103
15.33864974975586,4102
15.383455514907837,4101
15.427598476409912,4100
15.472058773040771,4099
15.516422748565674,4098
15.560758590698242,4097
15.605417251586914,4096
15.64954948425293,4095
15.694395542144775,4094
15.73842167854309,4093
15.78307819366455,4092
15.827310562133789,4091
15.871752262115479,4090
15.91605520248413,4089
15.960211277008057,4088
16.004852056503296,4087
16.048861742019653,4086
16.093682765960693,4085
16.137633562088013,4084
16.182361125946045,4083
16.227050065994263,4082
16.27176260948181,4081
16.31628656387329,4080
16.360376119613647,4079
16.40518546104431,4078
16.449097633361816,4077
16.493808031082153,4076
16.537773370742798,4075
16.582337141036987,4074
16.6267192363739,4073
16.670703649520874,4072
16.71521830558777,4071
16.759220123291016,4070
16.804241180419922,4069
16.848790168762207,4068
16.89356279373169,4067
16.93761110305786,4066
16.981845378875732,4065
17.026229858398438,4064
17.069582223892212,4063
17.1121609210968,4062
17.15321111679077,4061
17.196049690246582,4060
17.2371985912323,4059
17.279497146606445,4058
17.321279287338257,4057
17.36300230026245,4056
17.40545630455017,4055
17.446624755859375,4054
17.489495277404785,4053
17.530601024627686,4052
17.573086261749268,4051
17.614675998687744,4050
17.656490087509155,4049
17.698965549468994,4048
17.740916967391968,4047
17.78401803970337,4046
17.826367616653442,4045
17.869458198547363,4044
17.91184401512146,4043
17.954232454299927,4042
17.997058868408203,4041
18.038838863372803,4040
18.08207416534424,4039
18.123249769210815,4038
18.166923999786377,4037
18.208017587661743,4036
18.250854015350342,4035
18.292757034301758,4034
18.334842205047607,4033
18.377444982528687,4032
18.419415950775146,4031
18.462749242782593,4030
18.50423288345337,4029
18.547297716140747,4028
18.589596033096313,4027
18.63201880455017,4026
18.674980401992798,4025
18.717251777648926,4024
18.760278463363647,4023
18.802043199539185,4022
18.84535551071167,4021
18.887423992156982,4020
18.929922580718994,4019
18.972554206848145,4018
19.01417565345764,4017
19.057172060012817,4016
19.098249435424805,4015
19.142026901245117,4014
19.182827711105347,4013
19.226037979125977,4012
19.26773715019226,4011
19.310152530670166,4010
19.352598428726196,4009
19.394718647003174,4008
19.437666177749634,4007
19.47943902015686,4006
19.523250818252563,4005
19.56748604774475,4004
19.610354900360107,4003
19.65318536758423,4002
19.694935083389282,4001
19.738073587417603,4000
19.779536247253418,3999
19.82282018661499,3998
19.864606380462646,3997
19.90721893310547,3996
19.94970703125,3995
19.99112892150879,3994
20.033583641052246,3993
20.07553195953369,3992
20.1183180809021,3991
20.159626245498657,3990
20.20259428024292,3989
20.243640661239624,3988
20.28648018836975,3987
20.32818865776062,3986
20.371175527572632,3985
20.412787437438965,3984
20.455081701278687,3983
20.49638533592224,3982
20.539128303527832,3981
20.581299543380737,3980
20.62280559539795,3979
20.664499044418335,3978
20.70705533027649,3977
20.749608755111694,3976
20.79094171524048,3975
20.83288550376892,3974
20.873488664627075,3973
20.914832830429077,3972
20.954580545425415,3971
20.997906923294067,3970
21.040110111236572,3969
21.08315420150757,3968
21.12476086616516,3967
21.16753602027893,3966
21.20916223526001,3965
21.251873016357422,3964
21.293307542800903,3963
21.335748434066772,3962
21.377933025360107,3961
125.8823869228363,3960
