0.19313526153564453,4447
0.237776517868042,4446
0.28259944915771484,4445
0.32776498794555664,4444
0.37366151809692383,4443
0.42046117782592773,4442
0.46715497970581055,4441
0.5134284496307373,4440
0.5597505569458008,4439
0.6059207916259766,4438
0.6523542404174805,4437
0.6987237930297852,4436
0.7450180053710938,4435
0.7913665771484375,4434
0.8377652168273926,4433
0.8842577934265137,4432
0.9306237697601318,4431
0.9768030643463135,4430
1.0233535766601562,4429
1.0697126388549805,4428
1.1158905029296875,4427
1.1625282764434814,4426
1.2087678909301758,4425
1.2555017471313477,4424
1.3015687465667725,4423
1.3479399681091309,4422
1.394322156906128,4421
1.440673589706421,4420
1.486830472946167,4419
1.532886266708374,4418
1.579169511795044,4417
1.625497817993164,4416
1.6717464923858643,4415
1.7180454730987549,4414
1.7641098499298096,4413
1.8105299472808838,4412
1.857170820236206,4411
1.903244972229004,4410
1.9495890140533447,4409
1.9959144592285156,4408
2.042151689529419,4407
2.0884928703308105,4406
2.1345326900482178,4405
2.1809632778167725,4404
2.227288246154785,4403
2.273475170135498,4402
2.3196561336517334,4401
2.365863800048828,4400
2.412116765975952,4399
2.4584462642669678,4398
2.5046699047088623,4397
2.550920248031616,4396
2.597062110900879,4395
2.6433498859405518,4394
2.6898694038391113,4393
2.735856771469116,4392
2.7820777893066406,4391
2.828284740447998,4390
2.874289035797119,4389
2.920637369155884,4388
2.9665780067443848,4387
3.012887954711914,4386
3.058821201324463,4385
3.105254650115967,4384
3.1513335704803467,4383
3.1973650455474854,4382
3.2436583042144775,4381
3.2897472381591797,4380
3.3358871936798096,4379
3.3818211555480957,4378
3.4279239177703857,4377
3.4742372035980225,4376
3.5201971530914307,4375
3.566329002380371,4374
3.612342357635498,4373
3.6587462425231934,4372
3.7047157287597656,4371
3.750842332839966,4370
3.796957015991211,4369
3.8430323600769043,4368
3.8893635272979736,4367
3.935314416885376,4366
3.981367588043213,4365
4.027566432952881,4364
4.074090957641602,4363
4.120808362960815,4362
4.16600489616394,4361
4.211422443389893,4360
4.256847381591797,4359
4.302102327346802,4358
4.348105430603027,4357
4.39400577545166,4356
4.440022945404053,4355
4.486023664474487,4354
4.532084226608276,4353
4.578112602233887,4352
4.624368190765381,4351
4.670458078384399,4350
4.716397762298584,4349
4.762653827667236,4348
4.8085997104644775,4347
4.854702711105347,4346
4.900719404220581,4345
4.946742057800293,4344
4.992872476577759,4343
5.03889274597168,4342
5.085018157958984,4341
5.130889177322388,4340
5.177059650421143,4339
5.2229084968566895,4338
5.268947601318359,4337
5.315106630325317,4336
5.360991954803467,4335
5.407238721847534,4334
5.453223705291748,4333
5.499249696731567,4332
5.545222043991089,4331
5.591104030609131,4330
5.637089967727661,4329
5.682955741882324,4328
5.7292258739471436,4327
5.775012731552124,4326
5.821032762527466,4325
5.867001533508301,4324
5.912922382354736,4323
5.95892333984375,4322
6.004874229431152,4321
6.04984712600708,4320
6.093856573104858,4319
6.1381731033325195,4318
6.182300567626953,4317
6.226303577423096,4316
6.270409822463989,4315
6.31455659866333,4314
6.358518838882446,4313
6.402570009231567,4312
6.446585655212402,4311
6.490450620651245,4310
6.5345494747161865,4309
6.578607559204102,4308
6.622526407241821,4307
6.666700124740601,4306
6.710582733154297,4305
6.75484037399292,4304
6.7986791133880615,4303
6.842849493026733,4302
6.886824369430542,4301
6.9307310581207275,4300
6.974946022033691,4299
7.019010066986084,4298
7.063023567199707,4297
7.106882333755493,4296
7.150075674057007,4295
7.194295644760132,4294
7.238030433654785,4293
7.281851530075073,4292
7.325807571411133,4291
7.369830846786499,4290
7.413812637329102,4289
7.457579135894775,4288
7.501416206359863,4287
7.54573392868042,4286
7.589545488357544,4285
7.633524179458618,4284
7.677367687225342,4283
7.721426725387573,4282
7.765454292297363,4281
7.809235095977783,4280
7.852982759475708,4279
7.897047758102417,4278
7.9408979415893555,4277
7.984822511672974,4276
8.028653860092163,4275
8.07248592376709,4274
8.116456747055054,4273
8.160205602645874,4272
8.204030990600586,4271
8.24799108505249,4270
8.2918062210083,4269
8.337860107421875,4268
8.382805109024048,4267
8.42674708366394,4266
8.470853328704834,4265
8.514590501785278,4264
8.55844783782959,4263
8.602179050445557,4262
8.646057367324829,4261
8.689992189407349,4260
8.733686208724976,4259
8.777570247650146,4258
8.821754455566406,4257
8.865544080734253,4256
8.909435033798218,4255
8.953248739242554,4254
8.99705958366394,4253
9.041058540344238,4252
9.084778308868408,4251
9.128561019897461,4250
9.172415494918823,4249
9.216293573379517,4248
9.260278701782227,4247
9.304081678390503,4246
9.347759246826172,4245
9.391685724258423,4244
9.435468435287476,4243
9.479201078414917,4242
9.523132801055908,4241
9.56591796875,4240
9.608137607574463,4239
9.65221095085144,4238
9.696096181869507,4237
9.740303039550781,4236
9.784409284591675,4235
9.828468799591064,4234
9.872601985931396,4233
9.916808366775513,4232
9.960896015167236,4231
10.005015134811401,4230
10.048991203308105,4229
10.093142986297607,4228
10.137324333190918,4227
10.18002438545227,4226
10.22402834892273,4225
10.268088102340698,4224
10.31214165687561,4223
10.356316089630127,4222
10.400298357009888,4221
10.444288969039917,4220
10.488470077514648,4219
10.532441139221191,4218
10.576459646224976,4217
10.620617866516113,4216
10.664934396743774,4215
10.709026336669922,4214
10.752954006195068,4213
10.795937538146973,4212
10.839029550552368,4211
10.882051467895508,4210
10.92559003829956,4209
10.969472885131836,4208
11.013304471969604,4207
11.057289600372314,4206
11.10128116607666,4205
11.1454176902771,4204
11.189561128616333,4203
11.233677387237549,4202
11.277255296707153,4201
11.321204423904419,4200
11.36512041091919,4199
11.409273624420166,4198
11.453251600265503,4197
11.497321605682373,4196
11.541255712509155,4195
11.585286140441895,4194
11.62918734550476,4193
11.673334836959839,4192
11.717457056045532,4191
11.761380434036255,4190
11.80544400215149,4189
11.848474502563477,4188
11.891216516494751,4187
11.934374332427979,4186
11.978375434875488,4185
12.022323608398438,4184
12.066101789474487,4183
12.10935378074646,4182
12.153140306472778,4181
12.19705867767334,4180
12.240648746490479,4179
12.284319162368774,4178
12.327615976333618,4177
12.371055126190186,4176
12.41402006149292,4175
12.45646595954895,4174
12.498914241790771,4173
12.54178261756897,4172
12.584616422653198,4171
12.62781310081482,4170
12.67181921005249,4169
12.715850591659546,4168
12.760088205337524,4167
12.804819345474243,4166
12.849751472473145,4165
12.894643545150757,4164
12.939051151275635,4163
12.983023881912231,4162
13.026598930358887,4161
13.069987535476685,4160
13.113768100738525,4159
13.157247066497803,4158
13.20055365562439,4157
13.244086742401123,4156
13.287679672241211,4155
13.33109164237976,4154
13.374644994735718,4153
13.417914152145386,4152
13.461531162261963,4151
13.504607677459717,4150
13.547985792160034,4149
13.591562509536743,4148
13.634978771209717,4147
13.678184270858765,4146
13.721616983413696,4145
13.764953374862671,4144
13.808408498764038,4143
13.851763486862183,4142
13.895082235336304,4141
13.938287734985352,4140
13.98188304901123,4139
14.025307655334473,4138
14.070690870285034,4137
14.116335153579712,4136
14.161902666091919,4135
14.204587697982788,4134
14.246262788772583,4133
14.288164854049683,4132
14.330146312713623,4131
14.372118949890137,4130
14.413872003555298,4129
14.45599889755249,4128
14.49811577796936,4127
14.540226697921753,4126
14.581930160522461,4125
14.62404179573059,4124
14.6658296585083,4123
14.708028554916382,4122
14.749996662139893,4121
14.791641473770142,4120
14.833339214324951,4119
14.875133514404297,4118
14.917449235916138,4117
14.959275722503662,4116
15.000970840454102,4115
15.042742729187012,4114
15.085171222686768,4113
15.126888275146484,4112
15.16873836517334,4111
15.210769653320312,4110
15.252841234207153,4109
15.29442548751831,4108
15.337106943130493,4107
15.381937742233276,4106
15.4271399974823,4105
15.472160577774048,4104
15.517326354980469,4103
15.562686443328857,4102
15.608514070510864,4101
15.653856039047241,4100
15.699371337890625,4099
15.744683504104614,4098
15.790211915969849,4097
15.835851669311523,4096
15.88127875328064,4095
15.926685571670532,4094
15.972131729125977,4093
16.0175838470459,4092
16.06341552734375,4091
16.108798503875732,4090
16.154243230819702,4089
16.199894189834595,4088
16.24536418914795,4087
16.29092264175415,4086
16.336304187774658,4085
16.381726503372192,4084
16.427202224731445,4083
16.472528219223022,4082
16.51786780357361,4081
16.563446044921875,4080
16.60873055458069,4079
16.654088973999023,4078
16.699491500854492,4077
16.74510359764099,4076
16.790480136871338,4075
16.83575415611267,4074
16.88130283355713,4073
16.927098274230957,4072
16.972415447235107,4071
17.01794958114624,4070
17.063119173049927,4069
17.108856439590454,4068
17.154345750808716,4067
17.19962453842163,4066
17.244981288909912,4065
17.290452241897583,4064
17.33618998527527,4063
17.382044076919556,4062
17.426762104034424,4061
17.471286296844482,4060
17.515883684158325,4059
17.56044864654541,4058
17.605663776397705,4057
17.6511652469635,4056
17.696487426757812,4055
17.741963148117065,4054
17.787291288375854,4053
17.832721710205078,4052
17.87798810005188,4051
17.92343544960022,4050
17.96879768371582,4049
18.014135599136353,4048
18.059566736221313,4047
18.105040073394775,4046
18.150461673736572,4045
18.195966958999634,4044
18.24137592315674,4043
18.28684115409851,4042
18.332051038742065,4041
18.377527475357056,4040
18.422779321670532,4039
18.46835494041443,4038
18.51372790336609,4037
18.559064626693726,4036
18.604544162750244,4035
18.64995813369751,4034
18.695297718048096,4033
18.740649700164795,4032
18.786328315734863,4031
18.831525087356567,4030
18.8770170211792,4029
18.92247724533081,4028
18.967825889587402,4027
19.01326322555542,4026
19.05865478515625,4025
19.103987216949463,4024
19.149364709854126,4023
19.194896697998047,4022
19.24023985862732,4021
19.285617113113403,4020
19.33114194869995,4019
19.376569747924805,4018
19.422064781188965,4017
19.46731686592102,4016
19.51286029815674,4015
19.5579731464386,4014
19.60331392288208,4013
19.648682832717896,4012
19.694092273712158,4011
19.739365100860596,4010
19.784741163253784,4009
19.830060482025146,4008
19.875508546829224,4007
19.92074418067932,4006
19.96601104736328,4005
20.011513233184814,4004
20.056655406951904,4003
20.101758003234863,4002
20.14718723297119,4001
20.192542552947998,4000
20.238063097000122,3999
20.283210515975952,3998
20.328441858291626,3997
20.373809337615967,3996
20.419093132019043,3995
20.4642813205719,3994
20.509610652923584,3993
20.554715394973755,3992
20.600236415863037,3991
20.64533019065857,3990
20.690645933151245,3989
20.735803604125977,3988
20.78119945526123,3987
20.826452016830444,3986
20.871822357177734,3985
20.916895627975464,3984
20.962174654006958,3983
21.007417917251587,3982
21.05148220062256,3981
21.09497046470642,3980
21.138218641281128,3979
21.181397914886475,3978
21.224703311920166,3977
21.267747163772583,3976
21.311051845550537,3975
21.35442066192627,3974
21.397539854049683,3973
21.440726280212402,3972
21.484395742416382,3971
21.527500867843628,3970
21.570754766464233,3969
21.614445447921753,3968
21.65818166732788,3967
32.992767572402954,3966
