0.0005314350128173828,197
0.0009069442749023438,196
0.0019211769104003906,195
0.0022857189178466797,194
0.0030477046966552734,193
0.0035386085510253906,192
0.004324436187744141,191
0.004848003387451172,190
0.005460500717163086,189
0.0065805912017822266,188
0.0077877044677734375,187
0.008234262466430664,186
0.00875234603881836,185
0.011024951934814453,184
0.014104604721069336,183
0.015106201171875,182
0.015641212463378906,181
0.016179561614990234,180
0.016585826873779297,179
0.016947507858276367,178
0.01816582679748535,177
0.01991438865661621,176
0.026277542114257812,175
0.029150009155273438,174
0.03324484825134277,173
0.042185306549072266,172
0.04878568649291992,171
0.05282926559448242,170
0.059279680252075195,169
0.06269025802612305,168
0.12952041625976562,167
0.1454296112060547,166
0.14641785621643066,165
0.15577197074890137,164
