0.0005412101745605469,197
0.0009267330169677734,196
0.0019593238830566406,195
0.002361297607421875,194
0.0031855106353759766,193
0.0035500526428222656,192
0.0043010711669921875,191
0.00482630729675293,190
0.0054416656494140625,189
0.006568431854248047,188
0.0077838897705078125,187
0.00820612907409668,186
0.008695840835571289,185
0.010980367660522461,184
0.014061689376831055,183
0.01514744758605957,182
0.01563286781311035,181
0.016172409057617188,180
0.01658010482788086,179
0.016942501068115234,178
0.018161535263061523,177
0.019887447357177734,176
0.026168107986450195,175
0.029024600982666016,174
0.033136844635009766,173
0.04233193397521973,172
0.04894614219665527,171
0.05310249328613281,170
0.059619903564453125,169
0.06307840347290039,168
0.1308445930480957,167
0.14651942253112793,166
0.14752197265625,165
0.1569514274597168,164
