0.0008137226104736328,197
0.001489877700805664,196
0.0032608509063720703,195
0.003958940505981445,194
0.0055387020111083984,193
0.006292819976806641,192
0.007845878601074219,191
0.009117841720581055,190
0.010293006896972656,189
0.012511968612670898,188
0.014700889587402344,187
0.015474796295166016,186
0.01638174057006836,185
0.020429611206054688,184
0.025917768478393555,183
0.027707815170288086,182
0.028590679168701172,181
0.029565811157226562,180
0.030301809310913086,179
0.030968666076660156,178
0.033235788345336914,177
0.0364689826965332,176
0.047943830490112305,175
0.05301666259765625,174
0.060080766677856445,173
0.07523584365844727,172
0.08654475212097168,171
0.09316563606262207,170
0.10245871543884277,169
0.1074669361114502,168
0.20211386680603027,167
0.22787976264953613,166
0.22968769073486328,165
0.2458019256591797,164
