0.0005338191986083984,197
0.0009171962738037109,196
0.0018839836120605469,195
0.0022554397583007812,194
0.003030538558959961,193
0.0033998489379882812,192
0.004228830337524414,191
0.004751443862915039,190
0.005362987518310547,189
0.006534099578857422,188
0.007694244384765625,187
0.008108377456665039,186
0.008680582046508789,185
0.010881423950195312,184
0.013990402221679688,183
0.014986276626586914,182
0.015468597412109375,181
0.016002893447875977,180
0.01644444465637207,179
0.016806840896606445,178
0.01801753044128418,177
0.019702672958374023,176
0.02595067024230957,175
0.02879476547241211,174
0.0328519344329834,173
0.04165244102478027,172
0.048221588134765625,171
0.05223393440246582,170
0.05872821807861328,169
0.06211209297180176,168
0.12811613082885742,167
0.14369606971740723,166
0.144683837890625,165
0.15391898155212402,164
