0.00047397613525390625,197
0.0008497238159179688,196
0.0018546581268310547,195
0.002219676971435547,194
0.0030121803283691406,193
0.0033752918243408203,192
0.004127979278564453,191
0.004651546478271484,190
0.005264759063720703,189
0.006468534469604492,188
0.00762486457824707,187
0.008040904998779297,186
0.008529186248779297,185
0.010772943496704102,184
0.013810873031616211,183
0.014813899993896484,182
0.01529836654663086,181
0.015836000442504883,180
0.01624131202697754,179
0.016602039337158203,178
0.017849445343017578,177
0.019527912139892578,176
0.025844812393188477,175
0.028705835342407227,174
0.03278207778930664,173
0.041593074798583984,172
0.04822683334350586,171
0.05225348472595215,170
0.05868268013000488,169
0.06210970878601074,168
0.1289525032043457,167
0.14486026763916016,166
0.14584112167358398,165
0.15511560440063477,164
