0.011684656143188477,180
0.013745307922363281,179
0.015636682510375977,178
0.017442703247070312,177
0.01927328109741211,176
0.02110123634338379,175
0.022919654846191406,174
0.024721384048461914,173
0.026507854461669922,172
0.02829265594482422,171
0.030057668685913086,170
0.03182530403137207,169
0.03356432914733887,168
0.035239219665527344,167
0.036963701248168945,166
0.03873586654663086,165
0.04042625427246094,164
0.042124032974243164,163
0.04382157325744629,162
0.045494794845581055,161
0.10659480094909668,160
