0.0008401870727539062,197
0.0017330646514892578,196
0.003954172134399414,195
0.0046710968017578125,194
0.006103038787841797,193
0.0067861080169677734,192
0.008265256881713867,191
0.009263038635253906,190
0.010393142700195312,189
0.012529134750366211,188
0.014740228652954102,187
0.0157470703125,186
0.016817092895507812,185
0.0217440128326416,184
0.02787494659423828,183
0.030036211013793945,182
0.031110048294067383,181
0.0326080322265625,180
0.03361105918884277,179
0.034442901611328125,178
0.037264108657836914,177
0.040676116943359375,176
0.05285811424255371,175
0.058886051177978516,174
0.06692218780517578,173
0.0840749740600586,172
0.0965280532836914,171
0.10395216941833496,170
0.11504817008972168,169
0.12107110023498535,168
0.2289121150970459,167
0.25819897651672363,166
0.26003503799438477,165
0.2785329818725586,164
