0.0005509853363037109,197
0.0009312629699707031,196
0.0019974708557128906,195
0.0023682117462158203,194
0.003189563751220703,193
0.003553628921508789,192
0.004305839538574219,191
0.004830121994018555,190
0.005442380905151367,189
0.006564140319824219,188
0.007791280746459961,187
0.008206605911254883,186
0.008697509765625,185
0.010966300964355469,184
0.01401376724243164,183
0.015123367309570312,182
0.015609979629516602,181
0.0162045955657959,180
0.01661062240600586,179
0.01697254180908203,178
0.018190383911132812,177
0.019923925399780273,176
0.026299238204956055,175
0.029291391372680664,174
0.03338956832885742,173
0.042269229888916016,172
0.049082279205322266,171
0.05315685272216797,170
0.05959725379943848,169
0.06304502487182617,168
0.13046979904174805,167
0.1462109088897705,166
0.14722657203674316,165
0.15662789344787598,164
