0.020674467086791992,953
0.027092933654785156,952
0.033080339431762695,951
0.03917503356933594,950
0.04509997367858887,949
0.050989627838134766,948
0.056931495666503906,947
0.06285786628723145,946
0.06875276565551758,945
0.07473397254943848,944
0.08065056800842285,943
0.08657526969909668,942
0.09253168106079102,941
0.09843301773071289,940
0.10442972183227539,939
0.11038827896118164,938
0.11639523506164551,937
0.12230205535888672,936
0.12820935249328613,935
0.13412237167358398,934
0.1401824951171875,933
0.1460859775543213,932
0.15203619003295898,931
0.15787172317504883,930
0.1638174057006836,929
0.16986727714538574,928
0.17598390579223633,927
0.18182706832885742,926
0.18771624565124512,925
0.19359612464904785,924
0.19954752922058105,923
0.20540070533752441,922
0.21123838424682617,921
0.217041015625,920
0.22291040420532227,919
0.22886085510253906,918
0.2347719669342041,917
0.24062466621398926,916
0.24633193016052246,915
0.2521402835845947,914
0.25778937339782715,913
0.26351141929626465,912
0.2691316604614258,911
0.2748758792877197,910
0.2805027961730957,909
0.28630566596984863,908
0.29198455810546875,907
0.2977895736694336,906
0.30353379249572754,905
0.3091726303100586,904
0.3149561882019043,903
0.3206620216369629,902
0.32656359672546387,901
0.3324460983276367,900
0.5867304801940918,899
