0.020847558975219727,953
0.0274965763092041,952
0.0337672233581543,951
0.04008364677429199,950
0.046335458755493164,949
0.05255270004272461,948
0.05883669853210449,947
0.06514716148376465,946
0.07141828536987305,945
0.07769179344177246,944
0.08389997482299805,943
0.09017801284790039,942
0.09637808799743652,941
0.10262465476989746,940
0.10888814926147461,939
0.11497282981872559,938
0.12125444412231445,937
0.12743020057678223,936
0.13359785079956055,935
0.13985610008239746,934
0.14597320556640625,933
0.15207624435424805,932
0.15805506706237793,931
0.16406750679016113,930
0.17019057273864746,929
0.17614102363586426,928
0.18217158317565918,927
0.18818068504333496,926
0.19420814514160156,925
0.20021796226501465,924
0.20632362365722656,923
0.21237468719482422,922
0.21843600273132324,921
0.2244861125946045,920
0.23053312301635742,919
0.23649978637695312,918
0.24247002601623535,917
0.24852442741394043,916
0.25455379486083984,915
0.2605555057525635,914
0.2664608955383301,913
0.27246856689453125,912
0.27859044075012207,911
0.28494977951049805,910
0.2913341522216797,909
0.2977733612060547,908
0.3040006160736084,907
0.3103668689727783,906
0.31669116020202637,905
0.32314610481262207,904
0.3293924331665039,903
0.33557963371276855,902
0.3418431282043457,901
0.34832000732421875,900
0.8508822917938232,899
