0.0009930133819580078,1460
0.0016949176788330078,1459
0.002433300018310547,1458
0.0031583309173583984,1457
0.00384521484375,1456
0.004622220993041992,1455
0.0053098201751708984,1454
0.0059931278228759766,1453
0.0066797733306884766,1452
0.0073697566986083984,1451
0.008053064346313477,1450
0.0087738037109375,1449
0.009460687637329102,1448
0.010146617889404297,1447
0.010834217071533203,1446
0.011520624160766602,1445
0.012202024459838867,1444
0.012894868850708008,1443
0.014182806015014648,1442
0.014865398406982422,1441
0.015552520751953125,1440
0.0162661075592041,1439
0.017117738723754883,1438
0.017818212509155273,1437
0.018507719039916992,1436
0.019821643829345703,1435
0.020681142807006836,1434
0.021365880966186523,1433
0.02205061912536621,1432
0.022734642028808594,1431
0.023419857025146484,1430
0.024641990661621094,1429
0.025330066680908203,1428
0.0260164737701416,1427
0.026700258255004883,1426
0.02738666534423828,1425
0.0285186767578125,1424
0.029218435287475586,1423
0.029905319213867188,1422
0.03062272071838379,1421
0.0313107967376709,1420
0.03202176094055176,1419
0.03298521041870117,1418
0.03367352485656738,1417
0.03438973426818848,1416
0.03507280349731445,1415
0.03578662872314453,1414
0.036502838134765625,1413
0.03718852996826172,1412
0.03787088394165039,1411
0.03855729103088379,1410
0.03924202919006348,1409
0.039925575256347656,1408
0.04061412811279297,1407
0.04130053520202637,1406
0.042320966720581055,1405
0.0434870719909668,1404
0.04417300224304199,1403
0.044892072677612305,1402
0.04558157920837402,1401
0.046269893646240234,1400
0.04695391654968262,1399
0.047643184661865234,1398
0.04833054542541504,1397
0.04902052879333496,1396
0.04970908164978027,1395
0.050394535064697266,1394
0.05117654800415039,1393
0.0518648624420166,1392
0.05255746841430664,1391
0.05324292182922363,1390
0.05393195152282715,1389
0.05461907386779785,1388
0.05530738830566406,1387
0.05599570274353027,1386
0.056687116622924805,1385
0.057372331619262695,1384
0.058077335357666016,1383
0.058931589126586914,1382
0.05961799621582031,1381
0.06030535697937012,1380
0.06226968765258789,1379
0.06295943260192871,1378
0.06365036964416504,1377
0.06433844566345215,1376
0.0650331974029541,1375
0.06572723388671875,1374
0.06703305244445801,1373
0.0678102970123291,1372
0.06937861442565918,1371
0.07008814811706543,1370
0.0707852840423584,1369
0.07271194458007812,1368
0.07389616966247559,1367
0.07458949089050293,1366
0.07527899742126465,1365
0.07597041130065918,1364
0.07669758796691895,1363
0.07738590240478516,1362
0.07854413986206055,1361
0.07923507690429688,1360
0.07993006706237793,1359
0.08165240287780762,1358
0.08303475379943848,1357
0.0837259292602539,1356
0.08445072174072266,1355
0.0851442813873291,1354
0.08583855628967285,1353
0.08851027488708496,1352
0.08920001983642578,1351
0.0899190902709961,1350
0.09064078330993652,1349
0.09133005142211914,1348
0.09202218055725098,1347
0.09311270713806152,1346
0.09436941146850586,1345
0.09506535530090332,1344
0.0964512825012207,1343
0.09828972816467285,1342
0.09898161888122559,1341
0.09967541694641113,1340
0.10037946701049805,1339
0.10107827186584473,1338
0.10246086120605469,1337
0.10384654998779297,1336
0.10471272468566895,1335
0.1054074764251709,1334
0.10609674453735352,1333
0.10707449913024902,1332
0.10776782035827637,1331
0.10846304893493652,1330
0.10915803909301758,1329
0.11011886596679688,1328
0.11126518249511719,1327
0.11258053779602051,1326
0.11383676528930664,1325
0.11452865600585938,1324
0.11522126197814941,1323
0.11742377281188965,1322
0.1190330982208252,1321
0.1208806037902832,1320
0.12157702445983887,1319
0.12298774719238281,1318
0.12368249893188477,1317
0.12488365173339844,1316
0.1255795955657959,1315
0.12627053260803223,1314
0.12696433067321777,1313
0.12824034690856934,1312
0.12897992134094238,1311
0.13016247749328613,1310
0.13085222244262695,1309
0.1315460205078125,1308
0.13223743438720703,1307
0.1346142292022705,1306
0.13530969619750977,1305
0.1360330581665039,1304
0.13675880432128906,1303
0.13745474815368652,1302
0.13814568519592285,1301
0.1388401985168457,1300
0.13953447341918945,1299
0.14069008827209473,1298
0.141387939453125,1297
0.14208459854125977,1296
0.14297699928283691,1295
0.14367270469665527,1294
0.1449580192565918,1293
0.14565396308898926,1292
0.14672017097473145,1291
0.14742159843444824,1290
0.14954590797424316,1289
0.15067601203918457,1288
0.15137600898742676,1287
0.1520707607269287,1286
0.15277361869812012,1285
0.15406131744384766,1284
0.1547553539276123,1283
0.15559935569763184,1282
0.1562938690185547,1281
0.15699148178100586,1280
0.15768742561340332,1279
0.1583852767944336,1278
0.1593620777130127,1277
0.1603384017944336,1276
0.16103625297546387,1275
0.16242599487304688,1274
0.16370654106140137,1273
0.16440629959106445,1272
0.16510486602783203,1271
0.16579890251159668,1270
0.16671109199523926,1269
0.1674039363861084,1268
0.16809988021850586,1267
0.17018437385559082,1266
0.17395329475402832,1265
0.1746537685394287,1264
0.17745256423950195,1263
0.18183422088623047,1262
0.18322181701660156,1261
0.18391752243041992,1260
0.18464446067810059,1259
0.18577980995178223,1258
0.18647503852844238,1257
0.18774628639221191,1256
0.18940949440002441,1255
0.1903364658355713,1254
0.19103050231933594,1253
0.1927955150604248,1252
0.19488143920898438,1251
0.19557809829711914,1250
0.1962752342224121,1249
0.1969766616821289,1248
0.19767212867736816,1247
0.19836974143981934,1246
0.19906902313232422,1245
0.19976425170898438,1244
0.20116186141967773,1243
0.20359230041503906,1242
0.20462679862976074,1241
0.20618534088134766,1240
0.20864391326904297,1239
0.20983505249023438,1238
0.21059155464172363,1237
0.21198463439941406,1236
0.21268534660339355,1235
0.2147374153137207,1234
0.21716833114624023,1233
0.2178647518157959,1232
0.2192392349243164,1231
0.22098112106323242,1230
0.22313594818115234,1229
0.22430038452148438,1228
0.22542262077331543,1227
0.22777462005615234,1226
0.22901058197021484,1225
0.22970986366271973,1224
0.2304387092590332,1223
0.23169875144958496,1222
0.23363351821899414,1221
0.23433136940002441,1220
0.23698687553405762,1219
0.23982834815979004,1218
0.24187397956848145,1217
0.2435159683227539,1216
0.24421119689941406,1215
0.24633550643920898,1214
0.2472975254058838,1213
0.2509746551513672,1212
0.25167250633239746,1211
0.25237250328063965,1210
0.25386762619018555,1209
0.25572991371154785,1208
0.2571732997894287,1207
0.2612497806549072,1206
0.2619483470916748,1205
0.2629067897796631,1204
0.26360344886779785,1203
0.2651495933532715,1202
0.2665433883666992,1201
0.2685079574584961,1200
0.2701864242553711,1199
0.2708871364593506,1198
0.27158403396606445,1197
0.2744929790496826,1196
0.2758958339691162,1195
0.27752184867858887,1194
0.2783222198486328,1193
0.2790215015411377,1192
0.27971816062927246,1191
0.2804281711578369,1190
0.2811400890350342,1189
0.2829582691192627,1188
0.28420352935791016,1187
0.28548669815063477,1186
0.2880713939666748,1185
0.2897331714630127,1184
0.29043149948120117,1183
0.29465770721435547,1182
0.2987987995147705,1181
0.3001060485839844,1180
0.3011586666107178,1179
0.30185985565185547,1178
0.3031010627746582,1177
0.3106818199157715,1176
0.31668806076049805,1175
0.3177981376647949,1174
0.3184986114501953,1173
0.32122349739074707,1172
0.32192492485046387,1171
0.32790470123291016,1170
0.33074069023132324,1169
0.3346259593963623,1168
0.33632946014404297,1167
0.3435041904449463,1166
0.34555673599243164,1165
0.34687352180480957,1164
0.34775424003601074,1163
0.3502023220062256,1162
0.35317087173461914,1161
0.35679173469543457,1160
0.3594207763671875,1159
0.36252355575561523,1158
0.36519885063171387,1157
0.36762261390686035,1156
0.36832165718078613,1155
0.36942148208618164,1154
0.37178564071655273,1153
0.3746809959411621,1152
0.3753805160522461,1151
0.37697410583496094,1150
0.38085174560546875,1149
0.3836672306060791,1148
0.3864009380340576,1147
0.3871018886566162,1146
0.39066076278686523,1145
0.39528656005859375,1144
0.3996741771697998,1143
0.4003775119781494,1142
0.40108299255371094,1141
0.40178823471069336,1140
0.40250349044799805,1139
0.40656423568725586,1138
0.410541296005249,1137
0.41237664222717285,1136
0.41353392601013184,1135
0.41465282440185547,1134
0.42043185234069824,1133
0.4223365783691406,1132
0.4241502285003662,1131
0.42485737800598145,1130
0.42725253105163574,1129
0.4299938678741455,1128
0.4336841106414795,1127
0.4414353370666504,1126
0.44214320182800293,1125
0.44284892082214355,1124
0.44490599632263184,1123
0.44812512397766113,1122
0.4488358497619629,1121
0.45185327529907227,1120
0.4525883197784424,1119
0.4532945156097412,1118
0.45418834686279297,1117
0.45489001274108887,1116
0.4594433307647705,1115
0.4642024040222168,1114
0.46994662284851074,1113
0.47104716300964355,1112
0.4721550941467285,1111
0.4749755859375,1110
0.4768822193145752,1109
0.4792342185974121,1108
0.47993969917297363,1107
0.48126864433288574,1106
0.4879169464111328,1105
0.48862433433532715,1104
0.4922614097595215,1103
0.49369025230407715,1102
0.49637913703918457,1101
0.4977836608886719,1100
0.4984862804412842,1099
0.5011789798736572,1098
0.501882791519165,1097
0.5058064460754395,1096
0.5080709457397461,1095
0.5095601081848145,1094
0.5128359794616699,1093
0.5177304744720459,1092
0.5204770565032959,1091
0.5233101844787598,1090
0.5254614353179932,1089
0.5298659801483154,1088
0.5365505218505859,1087
0.5377564430236816,1086
0.5438666343688965,1085
0.5473911762237549,1084
0.5486462116241455,1083
0.5502176284790039,1082
0.5516178607940674,1081
0.56081223487854,1080
0.5617022514343262,1079
0.5671937465667725,1078
0.5697917938232422,1077
0.5716123580932617,1076
0.5772666931152344,1075
0.5804173946380615,1074
0.5811195373535156,1073
0.5884122848510742,1072
0.5907840728759766,1071
0.5931353569030762,1070
0.5956878662109375,1069
0.5989475250244141,1068
0.5996487140655518,1067
0.6077151298522949,1066
0.6091203689575195,1065
0.6231400966644287,1064
0.6269881725311279,1063
0.6276922225952148,1062
0.629101037979126,1061
0.6412379741668701,1060
0.6453588008880615,1059
0.6466140747070312,1058
0.6553182601928711,1057
0.657113790512085,1056
0.6612873077392578,1055
0.6636579036712646,1054
0.6680574417114258,1053
0.6711151599884033,1052
0.6742525100708008,1051
0.6828334331512451,1050
0.683659553527832,1049
0.6862227916717529,1048
0.689795970916748,1047
0.6926515102386475,1046
0.7255527973175049,1045
0.7337179183959961,1044
0.7358229160308838,1043
0.7402527332305908,1042
0.740959882736206,1041
0.744621753692627,1040
0.7462997436523438,1039
0.7506916522979736,1038
0.7636613845825195,1037
0.7651960849761963,1036
0.7691817283630371,1035
0.7739174365997314,1034
0.7764396667480469,1033
0.7902805805206299,1032
0.7909853458404541,1031
0.8066492080688477,1030
0.8154511451721191,1029
0.8175055980682373,1028
0.8190863132476807,1027
0.8206632137298584,1026
0.8288290500640869,1025
0.8322315216064453,1024
0.8329672813415527,1023
0.8339922428131104,1022
0.8520135879516602,1021
0.8541226387023926,1020
0.8589785099029541,1019
0.8681700229644775,1018
0.8908078670501709,1017
0.8979461193084717,1016
0.9056565761566162,1015
0.9080522060394287,1014
0.9090240001678467,1013
0.9106848239898682,1012
0.9196486473083496,1011
0.958554744720459,1010
0.9635219573974609,1009
0.9642236232757568,1008
0.9768421649932861,1007
0.9970901012420654,1006
1.0040597915649414,1005
1.0216591358184814,1004
1.0545430183410645,1003
1.068145513534546,1002
1.072420597076416,1001
1.0747578144073486,1000
1.0899996757507324,999
1.0946054458618164,998
1.097564697265625,997
1.1081011295318604,996
1.1147804260253906,995
1.1154885292053223,994
1.1240217685699463,993
1.134526252746582,992
1.1442577838897705,991
1.1566667556762695,990
1.1707453727722168,989
1.192704439163208,988
1.2032034397125244,987
1.2039129734039307,986
1.2262532711029053,985
1.2347397804260254,984
1.2493665218353271,983
1.2576913833618164,982
1.2749016284942627,981
1.2809767723083496,980
1.3375325202941895,979
1.4198462963104248,978
1.4428372383117676,977
1.461108922958374,976
1.4795606136322021,975
1.492460012435913,974
1.5102972984313965,973
1.551163673400879,972
1.6033124923706055,971
1.6160902976989746,970
1.617905616760254,969
1.6234378814697266,968
1.6482017040252686,967
1.729215383529663,966
1.7441432476043701,965
1.799713134765625,964
1.8303401470184326,963
1.831268072128296,962
1.9645755290985107,961
2.1389005184173584,960
2.141353130340576,959
2.269270181655884,958
2.3856899738311768,957
2.6025748252868652,956
3.5939481258392334,955
4.009732484817505,954
