0.019716262817382812,953
0.02570176124572754,952
0.031481027603149414,951
0.037244558334350586,950
0.04303932189941406,949
0.04885983467102051,948
0.05475878715515137,947
0.060529232025146484,946
0.06633234024047852,945
0.07205867767333984,944
0.07772254943847656,943
0.08328771591186523,942
0.08884191513061523,941
0.09438371658325195,940
0.09993863105773926,939
0.1054985523223877,938
0.11106038093566895,937
0.11671090126037598,936
0.12242841720581055,935
0.1281423568725586,934
0.1338968276977539,933
0.13965439796447754,932
0.14545536041259766,931
0.1512763500213623,930
0.15706968307495117,929
0.16276979446411133,928
0.16842389106750488,927
0.17402434349060059,926
0.17957162857055664,925
0.18512558937072754,924
0.19068264961242676,923
0.19625329971313477,922
0.20183229446411133,921
0.20735907554626465,920
0.21294784545898438,919
0.21857833862304688,918
0.2242724895477295,917
0.23006772994995117,916
0.23588347434997559,915
0.24171113967895508,914
0.24756884574890137,913
0.2533724308013916,912
0.2589833736419678,911
0.26451730728149414,910
0.2700479030609131,909
0.2755398750305176,908
0.28108739852905273,907
0.286604642868042,906
0.2921633720397949,905
0.29768896102905273,904
0.30321526527404785,903
0.3087916374206543,902
0.31435370445251465,901
0.3200802803039551,900
0.8942954540252686,899
