0.014305591583251953,953
0.0183713436126709,952
0.02235722541809082,951
0.026495695114135742,950
0.03061676025390625,949
0.03473663330078125,948
0.03884005546569824,947
0.042957305908203125,946
0.04701852798461914,945
0.050995826721191406,944
0.05506730079650879,943
0.0589907169342041,942
0.06287574768066406,941
0.06675934791564941,940
0.07063722610473633,939
0.07452535629272461,938
0.07840228080749512,937
0.08228683471679688,936
0.08616161346435547,935
0.09003591537475586,934
0.09390997886657715,933
0.09777688980102539,932
0.10165214538574219,931
0.10553336143493652,930
0.10940051078796387,929
0.11326932907104492,928
0.11713719367980957,927
0.12099027633666992,926
0.12485003471374512,925
0.12871837615966797,924
0.13260769844055176,923
0.13647103309631348,922
0.14034700393676758,921
0.14423298835754395,920
0.14820122718811035,919
0.1520686149597168,918
0.1559312343597412,917
0.15979647636413574,916
0.16367602348327637,915
0.16752839088439941,914
0.17139673233032227,913
0.1752614974975586,912
0.1791093349456787,911
0.18294501304626465,910
0.18679380416870117,909
0.19063329696655273,908
0.19448447227478027,907
0.19832563400268555,906
0.20216917991638184,905
0.20600414276123047,904
0.20983409881591797,903
0.21367430686950684,902
0.21750473976135254,901
0.2213425636291504,900
1.8951942920684814,899
