0.02039194107055664,953
0.026578426361083984,952
0.03243064880371094,951
0.03827786445617676,950
0.04405641555786133,949
0.04995012283325195,948
0.05581021308898926,947
0.06176114082336426,946
0.06752872467041016,945
0.07341122627258301,944
0.07928943634033203,943
0.08518528938293457,942
0.09103608131408691,941
0.09692597389221191,940
0.10277223587036133,939
0.1085977554321289,938
0.11443090438842773,937
0.12028121948242188,936
0.12618112564086914,935
0.13196730613708496,934
0.1377851963043213,933
0.14352726936340332,932
0.14931941032409668,931
0.1550137996673584,930
0.16079044342041016,929
0.16675782203674316,928
0.17277216911315918,927
0.17874693870544434,926
0.18468236923217773,925
0.19073963165283203,924
0.19683146476745605,923
0.20284461975097656,922
0.20891046524047852,921
0.21497583389282227,920
0.22086381912231445,919
0.22689342498779297,918
0.2330474853515625,917
0.23900699615478516,916
0.2448575496673584,915
0.2507634162902832,914
0.2567129135131836,913
0.26272058486938477,912
0.2686033248901367,911
0.2745964527130127,910
0.28044629096984863,909
0.28635311126708984,908
0.2921874523162842,907
0.2981555461883545,906
0.3040459156036377,905
0.3100428581237793,904
0.31591248512268066,903
0.32177066802978516,902
0.3278200626373291,901
0.33376574516296387,900
0.5286865234375,899
