0.0008361339569091797,1460
0.0015377998352050781,1459
0.0022287368774414062,1458
0.002923250198364258,1457
0.003667593002319336,1456
0.004413604736328125,1455
0.005095481872558594,1454
0.0057756900787353516,1453
0.00645899772644043,1452
0.007190227508544922,1451
0.007871866226196289,1450
0.008556365966796875,1449
0.009239912033081055,1448
0.00992274284362793,1447
0.010608911514282227,1446
0.011302709579467773,1445
0.011984586715698242,1444
0.01267695426940918,1443
0.013968944549560547,1442
0.014653921127319336,1441
0.015346765518188477,1440
0.016030073165893555,1439
0.01684737205505371,1438
0.017546892166137695,1437
0.018233776092529297,1436
0.019557952880859375,1435
0.020416259765625,1434
0.021100282669067383,1433
0.021789073944091797,1432
0.022474050521850586,1431
0.02316141128540039,1430
0.024386882781982422,1429
0.02508401870727539,1428
0.025775909423828125,1427
0.026462554931640625,1426
0.027156352996826172,1425
0.02825617790222168,1424
0.028970718383789062,1423
0.029655933380126953,1422
0.03041696548461914,1421
0.031180143356323242,1420
0.03186464309692383,1419
0.03282570838928223,1418
0.0335080623626709,1417
0.03419303894042969,1416
0.03487706184387207,1415
0.035592079162597656,1414
0.03627634048461914,1413
0.03696012496948242,1412
0.037644147872924805,1411
0.0383305549621582,1410
0.039055585861206055,1409
0.039740800857543945,1408
0.04042506217956543,1407
0.041110992431640625,1406
0.04212665557861328,1405
0.043297767639160156,1404
0.04398608207702637,1403
0.04467272758483887,1402
0.045362234115600586,1401
0.04604697227478027,1400
0.04672861099243164,1399
0.04742240905761719,1398
0.04811596870422363,1397
0.048905372619628906,1396
0.04968690872192383,1395
0.050403594970703125,1394
0.0512542724609375,1393
0.05194282531738281,1392
0.05263400077819824,1391
0.05332064628601074,1390
0.05400824546813965,1389
0.05469346046447754,1388
0.05538177490234375,1387
0.056069374084472656,1386
0.05675506591796875,1385
0.057437896728515625,1384
0.058129310607910156,1383
0.05881690979003906,1382
0.059508562088012695,1381
0.060198307037353516,1380
0.06215476989746094,1379
0.06286025047302246,1378
0.06355476379394531,1377
0.06424379348754883,1376
0.06493854522705078,1375
0.06563091278076172,1374
0.06692147254943848,1373
0.0677039623260498,1372
0.06916284561157227,1371
0.0698697566986084,1370
0.07056522369384766,1369
0.07250523567199707,1368
0.07369565963745117,1367
0.07439208030700684,1366
0.0750882625579834,1365
0.07578682899475098,1364
0.07647991180419922,1363
0.07717204093933105,1362
0.07833361625671387,1361
0.07903814315795898,1360
0.0797433853149414,1359
0.08146238327026367,1358
0.08284330368041992,1357
0.08354043960571289,1356
0.08423066139221191,1355
0.08492732048034668,1354
0.08562517166137695,1353
0.0882875919342041,1352
0.08897876739501953,1351
0.0896761417388916,1350
0.09037041664123535,1349
0.09106802940368652,1348
0.09176516532897949,1347
0.09285879135131836,1346
0.09412717819213867,1345
0.09483480453491211,1344
0.09622764587402344,1343
0.09807276725769043,1342
0.09876894950866699,1341
0.09946680068969727,1340
0.10016560554504395,1339
0.10086297988891602,1338
0.1022491455078125,1337
0.10364055633544922,1336
0.1045072078704834,1335
0.10520052909851074,1334
0.10589194297790527,1333
0.10693669319152832,1332
0.1076345443725586,1331
0.10835695266723633,1330
0.10910916328430176,1329
0.11006951332092285,1328
0.11122345924377441,1327
0.11251115798950195,1326
0.11376953125,1325
0.11446595191955566,1324
0.11516141891479492,1323
0.11736750602722168,1322
0.11895394325256348,1321
0.12076973915100098,1320
0.12146949768066406,1319
0.12285780906677246,1318
0.12355685234069824,1317
0.1246941089630127,1316
0.12538981437683105,1315
0.1260819435119629,1314
0.12678194046020508,1313
0.12806296348571777,1312
0.12875890731811523,1311
0.12994813919067383,1310
0.13064813613891602,1309
0.13135218620300293,1308
0.13205265998840332,1307
0.13438987731933594,1306
0.13509464263916016,1305
0.1357893943786621,1304
0.13648724555969238,1303
0.13718605041503906,1302
0.13788080215454102,1301
0.1385800838470459,1300
0.1393125057220459,1299
0.14043903350830078,1298
0.14114046096801758,1297
0.14183950424194336,1296
0.14274001121520996,1295
0.14345240592956543,1294
0.14471721649169922,1293
0.14541840553283691,1292
0.14648866653442383,1291
0.14718890190124512,1290
0.14923095703125,1289
0.15036654472351074,1288
0.15107035636901855,1287
0.15176868438720703,1286
0.15246844291687012,1285
0.1537637710571289,1284
0.15445733070373535,1283
0.1553034782409668,1282
0.15600013732910156,1281
0.1566932201385498,1280
0.157393217086792,1279
0.15808939933776855,1278
0.1590745449066162,1277
0.16005229949951172,1276
0.16074347496032715,1275
0.16213011741638184,1274
0.16337943077087402,1273
0.1640779972076416,1272
0.16477227210998535,1271
0.1654679775238037,1270
0.16638541221618652,1269
0.1670856475830078,1268
0.16778826713562012,1267
0.16990423202514648,1266
0.17376494407653809,1265
0.17449092864990234,1264
0.17732620239257812,1263
0.18171191215515137,1262
0.18318653106689453,1261
0.18388891220092773,1260
0.18458867073059082,1259
0.18572640419006348,1258
0.18642163276672363,1257
0.18767762184143066,1256
0.18933868408203125,1255
0.19027256965637207,1254
0.1909804344177246,1253
0.19275712966918945,1252
0.19485235214233398,1251
0.19555163383483887,1250
0.19625115394592285,1249
0.19695353507995605,1248
0.19765281677246094,1247
0.19835567474365234,1246
0.1990668773651123,1245
0.19977641105651855,1244
0.20117998123168945,1243
0.20362162590026855,1242
0.2046511173248291,1241
0.20618081092834473,1240
0.2086474895477295,1239
0.2098989486694336,1238
0.21059727668762207,1237
0.21199250221252441,1236
0.21268939971923828,1235
0.21473908424377441,1234
0.2171630859375,1233
0.21785974502563477,1232
0.2192378044128418,1231
0.2209470272064209,1230
0.22310662269592285,1229
0.22427129745483398,1228
0.22533249855041504,1227
0.2276933193206787,1226
0.228956937789917,1225
0.22966694831848145,1224
0.23036599159240723,1223
0.2316608428955078,1222
0.23362112045288086,1221
0.23438167572021484,1220
0.2370741367340088,1219
0.2399759292602539,1218
0.24203824996948242,1217
0.24368691444396973,1216
0.244384765625,1215
0.24650907516479492,1214
0.24751496315002441,1213
0.2514019012451172,1212
0.2521030902862549,1211
0.2528040409088135,1210
0.2543148994445801,1209
0.25619006156921387,1208
0.25760436058044434,1207
0.26151561737060547,1206
0.26221346855163574,1205
0.26317572593688965,1204
0.26387810707092285,1203
0.2652747631072998,1202
0.26666951179504395,1201
0.26863646507263184,1200
0.27031683921813965,1199
0.27102065086364746,1198
0.27171969413757324,1197
0.2745482921600342,1196
0.27599382400512695,1195
0.27764105796813965,1194
0.27844715118408203,1193
0.2791633605957031,1192
0.2798922061920166,1191
0.2805957794189453,1190
0.2813239097595215,1189
0.2832038402557373,1188
0.28444766998291016,1187
0.2857222557067871,1186
0.28831934928894043,1185
0.2899489402770996,1184
0.2906482219696045,1183
0.29488611221313477,1182
0.2990424633026123,1181
0.30034494400024414,1180
0.30139756202697754,1179
0.30209898948669434,1178
0.3033425807952881,1177
0.3109614849090576,1176
0.3170475959777832,1175
0.3181324005126953,1174
0.31883716583251953,1173
0.32152438163757324,1172
0.32222962379455566,1171
0.32821035385131836,1170
0.33106327056884766,1169
0.33493471145629883,1168
0.3366410732269287,1167
0.34378719329833984,1166
0.345836877822876,1165
0.34722065925598145,1164
0.34810853004455566,1163
0.35056471824645996,1162
0.35354042053222656,1161
0.3571460247039795,1160
0.35979342460632324,1159
0.36290502548217773,1158
0.3655827045440674,1157
0.36803412437438965,1156
0.36873459815979004,1155
0.36983180046081543,1154
0.37221598625183105,1153
0.37511634826660156,1152
0.37581634521484375,1151
0.3774082660675049,1150
0.38132667541503906,1149
0.3841061592102051,1148
0.38677215576171875,1147
0.38747477531433105,1146
0.3910484313964844,1145
0.3957023620605469,1144
0.40007829666137695,1143
0.40078139305114746,1142
0.4014892578125,1141
0.4021904468536377,1140
0.4028942584991455,1139
0.4069552421569824,1138
0.4108757972717285,1137
0.41271209716796875,1136
0.4139285087585449,1135
0.4150524139404297,1134
0.42082881927490234,1133
0.4227316379547119,1132
0.424546480178833,1131
0.4252495765686035,1130
0.4275963306427002,1129
0.4302713871002197,1128
0.43393778800964355,1127
0.4416477680206299,1126
0.4423549175262451,1125
0.44306135177612305,1124
0.4450855255126953,1123
0.44833946228027344,1122
0.44925880432128906,1121
0.45229411125183105,1120
0.45299434661865234,1119
0.4537017345428467,1118
0.45462918281555176,1117
0.455366849899292,1116
0.45990538597106934,1115
0.4646434783935547,1114
0.47043728828430176,1113
0.47154855728149414,1112
0.4726576805114746,1111
0.47547268867492676,1110
0.4773283004760742,1109
0.4798424243927002,1108
0.480548620223999,1107
0.4818758964538574,1106
0.48856472969055176,1105
0.4892737865447998,1104
0.49292874336242676,1103
0.49433422088623047,1102
0.49704408645629883,1101
0.49845051765441895,1100
0.4991612434387207,1099
0.5018646717071533,1098
0.5025715827941895,1097
0.5065147876739502,1096
0.5088064670562744,1095
0.5103244781494141,1094
0.5134358406066895,1093
0.5183937549591064,1092
0.5211515426635742,1091
0.52398681640625,1090
0.5261991024017334,1089
0.5305976867675781,1088
0.5375103950500488,1087
0.5387485027313232,1086
0.54496169090271,1085
0.5485200881958008,1084
0.5497772693634033,1083
0.5513596534729004,1082
0.5527667999267578,1081
0.5619633197784424,1080
0.5628571510314941,1079
0.5683379173278809,1078
0.5709505081176758,1077
0.572777509689331,1076
0.5784082412719727,1075
0.5815725326538086,1074
0.5822784900665283,1073
0.5896060466766357,1072
0.5919957160949707,1071
0.5943310260772705,1070
0.5969047546386719,1069
0.6001870632171631,1068
0.6008949279785156,1067
0.6090633869171143,1066
0.6103370189666748,1065
0.624126672744751,1064
0.6281893253326416,1063
0.6289560794830322,1062
0.6303637027740479,1061
0.6425650119781494,1060
0.6467149257659912,1059
0.647979736328125,1058
0.656872034072876,1057
0.6586654186248779,1056
0.6626441478729248,1055
0.6650443077087402,1054
0.6695210933685303,1053
0.6726391315460205,1052
0.6758120059967041,1051
0.684462308883667,1050
0.6852936744689941,1049
0.6877210140228271,1048
0.6912558078765869,1047
0.6941275596618652,1046
0.7274253368377686,1045
0.7357218265533447,1044
0.7378315925598145,1043
0.7422688007354736,1042
0.7430059909820557,1041
0.7466611862182617,1040
0.7483208179473877,1039
0.7527570724487305,1038
0.7658069133758545,1037
0.7673475742340088,1036
0.7714376449584961,1035
0.7761924266815186,1034
0.7787237167358398,1033
0.7926640510559082,1032
0.7933690547943115,1031
0.8090877532958984,1030
0.8180332183837891,1029
0.8200869560241699,1028
0.82167649269104,1027
0.8232631683349609,1026
0.8315029144287109,1025
0.8349168300628662,1024
0.8356235027313232,1023
0.8366539478302002,1022
0.8549141883850098,1021
0.8570261001586914,1020
0.8617081642150879,1019
0.8709523677825928,1018
0.8936352729797363,1017
0.9007816314697266,1016
0.9085183143615723,1015
0.9109146595001221,1014
0.9118874073028564,1013
0.9135499000549316,1012
0.9225723743438721,1011
0.9623780250549316,1010
0.9673941135406494,1009
0.96809983253479,1008
0.9808063507080078,1007
1.0010771751403809,1006
1.0080945491790771,1005
1.02583646774292,1004
1.059537410736084,1003
1.0736303329467773,1002
1.0781357288360596,1001
1.0806007385253906,1000
1.0959529876708984,999
1.1005828380584717,998
1.1035561561584473,997
1.114100694656372,996
1.1209728717803955,995
1.1216950416564941,994
1.1300256252288818,993
1.1405329704284668,992
1.150282382965088,991
1.1626720428466797,990
1.1765809059143066,989
1.198432207107544,988
1.2089035511016846,987
1.2096097469329834,986
1.232109785079956,985
1.2407684326171875,984
1.2558188438415527,983
1.264169692993164,982
1.2810533046722412,981
1.2871463298797607,980
1.3440189361572266,979
1.4268324375152588,978
1.4500904083251953,977
1.4680519104003906,976
1.4870946407318115,975
1.500004768371582,974
1.5178680419921875,973
1.5587921142578125,972
1.6109225749969482,971
1.623694658279419,970
1.6255137920379639,969
1.6310420036315918,968
1.656116008758545,967
1.738004207611084,966
1.7529783248901367,965
1.8095483779907227,964
1.8402659893035889,963
1.841198205947876,962
1.9752795696258545,961
2.1498043537139893,960
2.1522622108459473,959
2.2812817096710205,958
2.3990814685821533,957
2.6158292293548584,956
3.610776662826538,955
4.03109335899353,954
