0.020991086959838867,953
0.02750992774963379,952
0.03368401527404785,951
0.039934635162353516,950
0.04607558250427246,949
0.0522615909576416,948
0.058470964431762695,947
0.06461977958679199,946
0.07091450691223145,945
0.07707905769348145,944
0.0832052230834961,943
0.0893864631652832,942
0.09540724754333496,941
0.10151386260986328,940
0.10771512985229492,939
0.11395263671875,938
0.1201169490814209,937
0.12615299224853516,936
0.13231539726257324,935
0.13841557502746582,934
0.1443779468536377,933
0.15064644813537598,932
0.15667152404785156,931
0.16283321380615234,930
0.16903424263000488,929
0.17516684532165527,928
0.18133974075317383,927
0.1874687671661377,926
0.19343948364257812,925
0.19963836669921875,924
0.20582365989685059,923
0.2121446132659912,922
0.2182765007019043,921
0.22434711456298828,920
0.23040199279785156,919
0.2363884449005127,918
0.24247193336486816,917
0.2486104965209961,916
0.2546412944793701,915
0.2607705593109131,914
0.26671743392944336,913
0.2730557918548584,912
0.2790086269378662,911
0.2850778102874756,910
0.29106664657592773,909
0.2971177101135254,908
0.30333423614501953,907
0.3095285892486572,906
0.3156449794769287,905
0.32176947593688965,904
0.32770252227783203,903
0.33370542526245117,902
0.33966970443725586,901
0.34586286544799805,900
0.6061258316040039,899
