0.019759416580200195,953
0.02578139305114746,952
0.03157186508178711,951
0.03738236427307129,950
0.043041229248046875,949
0.04857993125915527,948
0.05413222312927246,947
0.05967593193054199,946
0.06522226333618164,945
0.07079339027404785,944
0.07646560668945312,943
0.08221173286437988,942
0.08798742294311523,941
0.09368324279785156,940
0.09946632385253906,939
0.10531449317932129,938
0.11118340492248535,937
0.11694884300231934,936
0.12267422676086426,935
0.12833666801452637,934
0.13388562202453613,933
0.13941240310668945,932
0.144942045211792,931
0.1504654884338379,930
0.1559584140777588,929
0.16141915321350098,928
0.16700530052185059,927
0.17266249656677246,926
0.17835664749145508,925
0.18410134315490723,924
0.18985891342163086,923
0.19570136070251465,922
0.20159530639648438,921
0.2074112892150879,920
0.21314191818237305,919
0.2186880111694336,918
0.2241814136505127,917
0.22968459129333496,916
0.23518896102905273,915
0.2406759262084961,914
0.24617481231689453,913
0.25165247917175293,912
0.2571289539337158,911
0.2626352310180664,910
0.2682304382324219,909
0.27391743659973145,908
0.27965545654296875,907
0.28545546531677246,906
0.2912874221801758,905
0.2971053123474121,904
0.3029146194458008,903
0.3084869384765625,902
0.3139371871948242,901
0.3193845748901367,900
0.8900203704833984,899
