0.020044565200805664,953
0.026225566864013672,952
0.03225517272949219,951
0.03820157051086426,950
0.04417276382446289,949
0.05015707015991211,948
0.05597829818725586,947
0.0618739128112793,946
0.06774115562438965,945
0.07362842559814453,944
0.07943129539489746,943
0.0852961540222168,942
0.09113764762878418,941
0.09712386131286621,940
0.10288548469543457,939
0.10879302024841309,938
0.11453533172607422,937
0.12041211128234863,936
0.12612628936767578,935
0.13196849822998047,934
0.13777685165405273,933
0.14369726181030273,932
0.14953136444091797,931
0.15536022186279297,930
0.16112470626831055,929
0.16688179969787598,928
0.17270898818969727,927
0.17844939231872559,926
0.18428540229797363,925
0.19016194343566895,924
0.1960914134979248,923
0.20184946060180664,922
0.20767831802368164,921
0.2133948802947998,920
0.2192540168762207,919
0.22496533393859863,918
0.23084163665771484,917
0.23666906356811523,916
0.24261093139648438,915
0.2483365535736084,914
0.2541813850402832,913
0.2598752975463867,912
0.26564812660217285,911
0.27138257026672363,910
0.2771472930908203,909
0.2829611301422119,908
0.28876805305480957,907
0.2946317195892334,906
0.30040907859802246,905
0.3061802387237549,904
0.31186699867248535,903
0.3176083564758301,902
0.32331037521362305,901
0.32909369468688965,900
0.9168493747711182,899
