0.02143263816833496,953
0.028133153915405273,952
0.03442955017089844,951
0.04072403907775879,950
0.04714155197143555,949
0.05357217788696289,948
0.05986142158508301,947
0.06605410575866699,946
0.07233214378356934,945
0.0786428451538086,944
0.0848691463470459,943
0.09124302864074707,942
0.09743976593017578,941
0.10370969772338867,940
0.11003756523132324,939
0.1162874698638916,938
0.12264633178710938,937
0.12906861305236816,936
0.13532614707946777,935
0.14152097702026367,934
0.1477806568145752,933
0.15406084060668945,932
0.1603708267211914,931
0.166640043258667,930
0.17291593551635742,929
0.17914104461669922,928
0.18545818328857422,927
0.19189214706420898,926
0.19814729690551758,925
0.20443344116210938,924
0.21068859100341797,923
0.21689295768737793,922
0.2231895923614502,921
0.22949981689453125,920
0.23574542999267578,919
0.24193120002746582,918
0.2481238842010498,917
0.25440168380737305,916
0.2606780529022217,915
0.2669408321380615,914
0.27324914932250977,913
0.2794506549835205,912
0.2857344150543213,911
0.2919461727142334,910
0.2981588840484619,909
0.3044288158416748,908
0.3107411861419678,907
0.3169138431549072,906
0.3231008052825928,905
0.32935523986816406,904
0.3357095718383789,903
0.34192633628845215,902
0.34819722175598145,901
0.3543989658355713,900
0.9936943054199219,899
