0.0008552074432373047,1460
0.0015523433685302734,1459
0.002248048782348633,1458
0.0029380321502685547,1457
0.0036232471466064453,1456
0.004378795623779297,1455
0.005063533782958984,1454
0.005797624588012695,1453
0.006500244140625,1452
0.007188558578491211,1451
0.007901191711425781,1450
0.008589506149291992,1449
0.00927424430847168,1448
0.009956836700439453,1447
0.010673999786376953,1446
0.011359930038452148,1445
0.01204681396484375,1444
0.012737274169921875,1443
0.0140228271484375,1442
0.014705657958984375,1441
0.015393733978271484,1440
0.016109466552734375,1439
0.016925573348999023,1438
0.01762676239013672,1437
0.01831507682800293,1436
0.0196535587310791,1435
0.020550966262817383,1434
0.021267414093017578,1433
0.02198171615600586,1432
0.022670507431030273,1431
0.023392200469970703,1430
0.02467656135559082,1429
0.025365114212036133,1428
0.026053190231323242,1427
0.026735305786132812,1426
0.02742314338684082,1425
0.028553485870361328,1424
0.029242277145385742,1423
0.029926538467407227,1422
0.030616283416748047,1421
0.03131866455078125,1420
0.03200864791870117,1419
0.032976627349853516,1418
0.0336613655090332,1417
0.034352779388427734,1416
0.035039424896240234,1415
0.03572797775268555,1414
0.03641915321350098,1413
0.03710675239562988,1412
0.03797769546508789,1411
0.03867697715759277,1410
0.039370059967041016,1409
0.04006218910217285,1408
0.040753841400146484,1407
0.041443824768066406,1406
0.042463064193725586,1405
0.043627262115478516,1404
0.04431772232055664,1403
0.045003652572631836,1402
0.04569292068481445,1401
0.046381473541259766,1400
0.047065019607543945,1399
0.0477595329284668,1398
0.04845094680786133,1397
0.049135684967041016,1396
0.04982590675354004,1395
0.05051398277282715,1394
0.0512998104095459,1393
0.05199432373046875,1392
0.052683353424072266,1391
0.053368330001831055,1390
0.05405855178833008,1389
0.054747819900512695,1388
0.0554349422454834,1387
0.05612921714782715,1386
0.05681896209716797,1385
0.05750298500061035,1384
0.058194875717163086,1383
0.05888104438781738,1382
0.059566497802734375,1381
0.06026005744934082,1380
0.06221771240234375,1379
0.06290936470031738,1378
0.0635993480682373,1377
0.06429052352905273,1376
0.06498193740844727,1375
0.06567192077636719,1374
0.0669546127319336,1373
0.06773924827575684,1372
0.06931400299072266,1371
0.07002592086791992,1370
0.07072257995605469,1369
0.07268118858337402,1368
0.07386946678161621,1367
0.07456469535827637,1366
0.07525515556335449,1365
0.07596349716186523,1364
0.07666134834289551,1363
0.07735347747802734,1362
0.07854795455932617,1361
0.07926726341247559,1360
0.08002924919128418,1359
0.08175277709960938,1358
0.08313679695129395,1357
0.08383822441101074,1356
0.08453011512756348,1355
0.08522677421569824,1354
0.08592367172241211,1353
0.08860254287719727,1352
0.0892941951751709,1351
0.08999133110046387,1350
0.09068632125854492,1349
0.09137749671936035,1348
0.09207844734191895,1347
0.09317350387573242,1346
0.09443140029907227,1345
0.09512901306152344,1344
0.09651684761047363,1343
0.09836125373840332,1342
0.09905767440795898,1341
0.09975242614746094,1340
0.10044980049133301,1339
0.10114789009094238,1338
0.10253620147705078,1337
0.10394597053527832,1336
0.10484552383422852,1335
0.1055440902709961,1334
0.10623788833618164,1333
0.10721993446350098,1332
0.10796403884887695,1331
0.10865974426269531,1330
0.10935688018798828,1329
0.110321044921875,1328
0.11147117614746094,1327
0.11276888847351074,1326
0.11405658721923828,1325
0.11475467681884766,1324
0.11544609069824219,1323
0.11766266822814941,1322
0.1192474365234375,1321
0.12107539176940918,1320
0.12177276611328125,1319
0.12319016456604004,1318
0.12389159202575684,1317
0.12503623962402344,1316
0.1257336139678955,1315
0.12642574310302734,1314
0.12712430953979492,1313
0.12843728065490723,1312
0.12913012504577637,1311
0.13031697273254395,1310
0.1310112476348877,1309
0.1317124366760254,1308
0.13241171836853027,1307
0.13474249839782715,1306
0.13544082641601562,1305
0.1361384391784668,1304
0.13683748245239258,1303
0.13753557205200195,1302
0.1382293701171875,1301
0.13892745971679688,1300
0.13962435722351074,1299
0.14075136184692383,1298
0.1414508819580078,1297
0.1421494483947754,1296
0.14304184913635254,1295
0.14374303817749023,1294
0.1450033187866211,1293
0.14569997787475586,1292
0.14676427841186523,1291
0.1474623680114746,1290
0.14952993392944336,1289
0.1506636142730713,1288
0.15136313438415527,1287
0.15207290649414062,1286
0.1527726650238037,1285
0.15406537055969238,1284
0.15476059913635254,1283
0.15560388565063477,1282
0.15630817413330078,1281
0.15700483322143555,1280
0.15770411491394043,1279
0.1584031581878662,1278
0.15938186645507812,1277
0.16036605834960938,1276
0.16106104850769043,1275
0.16245698928833008,1274
0.16370916366577148,1273
0.16440892219543457,1272
0.16510701179504395,1271
0.165802001953125,1270
0.16671442985534668,1269
0.16740965843200684,1268
0.16811347007751465,1267
0.1701977252960205,1266
0.17397403717041016,1265
0.17467236518859863,1264
0.1774759292602539,1263
0.18182969093322754,1262
0.18325090408325195,1261
0.18395304679870605,1260
0.1846482753753662,1259
0.18578457832336426,1258
0.1864781379699707,1257
0.18772506713867188,1256
0.18938279151916504,1255
0.19031167030334473,1254
0.19100689888000488,1253
0.19280338287353516,1252
0.19489026069641113,1251
0.19558477401733398,1250
0.1962881088256836,1249
0.19698786735534668,1248
0.19768476486206055,1247
0.19838500022888184,1246
0.19908499717712402,1245
0.1997838020324707,1244
0.20117902755737305,1243
0.20360755920410156,1242
0.20467209815979004,1241
0.20619964599609375,1240
0.2086331844329834,1239
0.20982933044433594,1238
0.21053504943847656,1237
0.21195673942565918,1236
0.2126603126525879,1235
0.21471166610717773,1234
0.21717309951782227,1233
0.21787118911743164,1232
0.21924805641174316,1231
0.22096800804138184,1230
0.223128080368042,1229
0.22430133819580078,1228
0.22536182403564453,1227
0.22772908210754395,1226
0.22896409034729004,1225
0.22966313362121582,1224
0.23036742210388184,1223
0.23163199424743652,1222
0.23359918594360352,1221
0.23430347442626953,1220
0.23694491386413574,1219
0.23999643325805664,1218
0.24205327033996582,1217
0.24370908737182617,1216
0.24441003799438477,1215
0.24654078483581543,1214
0.24750924110412598,1213
0.2512397766113281,1212
0.2519419193267822,1211
0.25264501571655273,1210
0.2541165351867676,1209
0.25598788261413574,1208
0.25739073753356934,1207
0.2613074779510498,1206
0.2620081901550293,1205
0.2629706859588623,1204
0.2636692523956299,1203
0.2650761604309082,1202
0.2664754390716553,1201
0.2684488296508789,1200
0.27013254165649414,1199
0.27083539962768555,1198
0.27156567573547363,1197
0.27445411682128906,1196
0.27590417861938477,1195
0.27759599685668945,1194
0.27840232849121094,1193
0.27910590171813965,1192
0.27983903884887695,1191
0.2805471420288086,1190
0.2812535762786865,1189
0.2830789089202881,1188
0.2843632698059082,1187
0.2856943607330322,1186
0.2882976531982422,1185
0.2899301052093506,1184
0.2906312942504883,1183
0.294874906539917,1182
0.2990384101867676,1181
0.30041027069091797,1180
0.3014645576477051,1179
0.302168607711792,1178
0.30341267585754395,1177
0.3110170364379883,1176
0.3170599937438965,1175
0.31817197799682617,1174
0.3188753128051758,1173
0.32155489921569824,1172
0.32226109504699707,1171
0.3282289505004883,1170
0.33107686042785645,1169
0.3349475860595703,1168
0.33665919303894043,1167
0.3439147472381592,1166
0.34597039222717285,1165
0.3472867012023926,1164
0.348172664642334,1163
0.35062384605407715,1162
0.3536388874053955,1161
0.3572404384613037,1160
0.3598747253417969,1159
0.3629908561706543,1158
0.36566901206970215,1157
0.3681058883666992,1156
0.3688070774078369,1155
0.369905948638916,1154
0.3722875118255615,1153
0.37519359588623047,1152
0.3758983612060547,1151
0.37749528884887695,1150
0.38138318061828613,1149
0.3841698169708252,1148
0.38684606552124023,1147
0.38754725456237793,1146
0.39113879203796387,1145
0.39577460289001465,1144
0.4001438617706299,1143
0.4008481502532959,1142
0.4015522003173828,1141
0.4022526741027832,1140
0.4029574394226074,1139
0.406963586807251,1138
0.4109036922454834,1137
0.4127671718597412,1136
0.4139275550842285,1135
0.4150514602661133,1134
0.4208688735961914,1133
0.4227750301361084,1132
0.4245924949645996,1131
0.42530035972595215,1130
0.42763781547546387,1129
0.4303557872772217,1128
0.4340245723724365,1127
0.44176220893859863,1126
0.44249796867370605,1125
0.4432377815246582,1124
0.4452681541442871,1123
0.44849324226379395,1122
0.44919681549072266,1121
0.4522225856781006,1120
0.4529242515563965,1119
0.4536292552947998,1118
0.4545280933380127,1117
0.4552323818206787,1116
0.4596383571624756,1115
0.46441006660461426,1114
0.47016358375549316,1113
0.4712681770324707,1112
0.4723811149597168,1111
0.47520923614501953,1110
0.47706174850463867,1109
0.4794182777404785,1108
0.48012852668762207,1107
0.48145604133605957,1106
0.48810720443725586,1105
0.4888155460357666,1104
0.4924943447113037,1103
0.4938993453979492,1102
0.49660658836364746,1101
0.49800992012023926,1100
0.4987168312072754,1099
0.5014214515686035,1098
0.5021319389343262,1097
0.5060694217681885,1096
0.5083448886871338,1095
0.5098397731781006,1094
0.5129430294036865,1093
0.5178267955780029,1092
0.5205841064453125,1091
0.5234439373016357,1090
0.5255770683288574,1089
0.5299594402313232,1088
0.5366940498352051,1087
0.537921667098999,1086
0.5440747737884521,1085
0.5475847721099854,1084
0.5488498210906982,1083
0.5504245758056641,1082
0.5518343448638916,1081
0.5611484050750732,1080
0.5620725154876709,1079
0.5675861835479736,1078
0.5702457427978516,1077
0.5721032619476318,1076
0.5778067111968994,1075
0.5810451507568359,1074
0.5817499160766602,1073
0.5890955924987793,1072
0.5914802551269531,1071
0.5938189029693604,1070
0.5963983535766602,1069
0.599665641784668,1068
0.6003768444061279,1067
0.6084833145141602,1066
0.6097612380981445,1065
0.6236913204193115,1064
0.6276228427886963,1063
0.6284029483795166,1062
0.6298093795776367,1061
0.6421794891357422,1060
0.6463367938995361,1059
0.6475977897644043,1058
0.656407356262207,1057
0.6582050323486328,1056
0.6622142791748047,1055
0.6646544933319092,1054
0.6690428256988525,1053
0.6721155643463135,1052
0.6752684116363525,1051
0.683934211730957,1050
0.6847846508026123,1049
0.6872410774230957,1048
0.690762996673584,1047
0.693631649017334,1046
0.7265350818634033,1045
0.7347218990325928,1044
0.7368652820587158,1043
0.741309404373169,1042
0.7420144081115723,1041
0.7456657886505127,1040
0.7473230361938477,1039
0.7517590522766113,1038
0.7648279666900635,1037
0.766394853591919,1036
0.7703678607940674,1035
0.7751336097717285,1034
0.7776596546173096,1033
0.7915031909942627,1032
0.7922141551971436,1031
0.8079259395599365,1030
0.8168025016784668,1029
0.8188538551330566,1028
0.820443868637085,1027
0.8221650123596191,1026
0.8305385112762451,1025
0.8339526653289795,1024
0.8346564769744873,1023
0.8356881141662598,1022
0.8539764881134033,1021
0.8560926914215088,1020
0.8607878684997559,1019
0.8700652122497559,1018
0.8929040431976318,1017
0.9000742435455322,1016
0.9077987670898438,1015
0.9102041721343994,1014
0.9111764430999756,1013
0.9128429889678955,1012
0.9218442440032959,1011
0.9610247611999512,1010
0.9660131931304932,1009
0.9667150974273682,1008
0.9794137477874756,1007
0.9996120929718018,1006
1.0065248012542725,1005
1.0243043899536133,1004
1.0575497150421143,1003
1.0710489749908447,1002
1.0753402709960938,1001
1.0777003765106201,1000
1.092982530593872,999
1.0976362228393555,998
1.1006672382354736,997
1.1112401485443115,996
1.117938756942749,995
1.1186470985412598,994
1.1269731521606445,993
1.1374869346618652,992
1.1471881866455078,991
1.1596219539642334,990
1.1735403537750244,989
1.195467233657837,988
1.2064135074615479,987
1.2071335315704346,986
1.2294917106628418,985
1.2382266521453857,984
1.252896785736084,983
1.2612380981445312,982
1.2781836986541748,981
1.2843272686004639,980
1.3412425518035889,979
1.4236783981323242,978
1.4467179775238037,977
1.4646005630493164,976
1.4830048084259033,975
1.4958906173706055,974
1.5137088298797607,973
1.5546724796295166,972
1.6068763732910156,971
1.6197996139526367,970
1.621614933013916,969
1.6271870136260986,968
1.6522884368896484,967
1.7332971096038818,966
1.748241662979126,965
1.8040094375610352,964
1.8349215984344482,963
1.8358583450317383,962
1.9691026210784912,961
2.144010066986084,960
2.146461248397827,959
2.2740495204925537,958
2.390827178955078,957
2.6076807975769043,956
3.590365409851074,955
4.005983591079712,954
