0.020815372467041016,953
0.027246713638305664,952
0.033499717712402344,951
0.03958487510681152,950
0.045821428298950195,949
0.051909685134887695,948
0.05810356140136719,947
0.06419968605041504,946
0.07028913497924805,945
0.07638359069824219,944
0.08260631561279297,943
0.08871650695800781,942
0.09477972984313965,941
0.10084843635559082,940
0.10701489448547363,939
0.11304402351379395,938
0.11925959587097168,937
0.12543678283691406,936
0.13147759437561035,935
0.13762307167053223,934
0.14378762245178223,933
0.1499497890472412,932
0.15604138374328613,931
0.16201543807983398,930
0.1680757999420166,929
0.17417383193969727,928
0.18028974533081055,927
0.1864466667175293,926
0.19241023063659668,925
0.19823288917541504,924
0.20402073860168457,923
0.20980143547058105,922
0.21552205085754395,921
0.22131943702697754,920
0.22704577445983887,919
0.23279690742492676,918
0.23853158950805664,917
0.24433159828186035,916
0.2501063346862793,915
0.2558581829071045,914
0.2615358829498291,913
0.26726341247558594,912
0.2729620933532715,911
0.27881860733032227,910
0.28463220596313477,909
0.29028820991516113,908
0.2960364818572998,907
0.301800012588501,906
0.30756568908691406,905
0.3132286071777344,904
0.31896114349365234,903
0.32469916343688965,902
0.3304140567779541,901
0.3361227512359619,900
0.8026587963104248,899
