0.00087738037109375,1460
0.00177001953125,1459
0.002519845962524414,1458
0.003231525421142578,1457
0.003939151763916016,1456
0.004650592803955078,1455
0.00555729866027832,1454
0.00629734992980957,1453
0.006987094879150391,1452
0.007691621780395508,1451
0.00839996337890625,1450
0.00908970832824707,1449
0.009844541549682617,1448
0.010535478591918945,1447
0.011226177215576172,1446
0.01193547248840332,1445
0.012636423110961914,1444
0.013354301452636719,1443
0.014723539352416992,1442
0.015421628952026367,1441
0.01611161231994629,1440
0.016797542572021484,1439
0.017664194107055664,1438
0.018369436264038086,1437
0.01905965805053711,1436
0.020667076110839844,1435
0.02160954475402832,1434
0.022330284118652344,1433
0.02302098274230957,1432
0.023709535598754883,1431
0.0243990421295166,1430
0.025684833526611328,1429
0.02637481689453125,1428
0.02706432342529297,1427
0.027752161026000977,1426
0.028441905975341797,1425
0.029598236083984375,1424
0.030287504196166992,1423
0.031005144119262695,1422
0.03169584274291992,1421
0.032416343688964844,1420
0.03317093849182129,1419
0.034195661544799805,1418
0.034885406494140625,1417
0.03557538986206055,1416
0.03626251220703125,1415
0.03695344924926758,1414
0.037690162658691406,1413
0.03837919235229492,1412
0.03909492492675781,1411
0.03978371620178223,1410
0.04047226905822754,1409
0.041190147399902344,1408
0.04194283485412598,1407
0.042633771896362305,1406
0.04371786117553711,1405
0.04488658905029297,1404
0.045578718185424805,1403
0.04627108573913574,1402
0.046961307525634766,1401
0.04765129089355469,1400
0.0483396053314209,1399
0.04902839660644531,1398
0.04972696304321289,1397
0.05044865608215332,1396
0.05113720893859863,1395
0.05182647705078125,1394
0.05261826515197754,1393
0.05331063270568848,1392
0.054013967514038086,1391
0.054704904556274414,1390
0.05542612075805664,1389
0.05611896514892578,1388
0.05681157112121582,1387
0.057622432708740234,1386
0.05831456184387207,1385
0.059004783630371094,1384
0.05969643592834473,1383
0.06044292449951172,1382
0.06113409996032715,1381
0.06182670593261719,1380
0.06379318237304688,1379
0.0644841194152832,1378
0.06517624855041504,1377
0.06587004661560059,1376
0.06656360626220703,1375
0.06725263595581055,1374
0.06854891777038574,1373
0.06937599182128906,1372
0.07098722457885742,1371
0.07170319557189941,1370
0.07242941856384277,1369
0.07437443733215332,1368
0.07559800148010254,1367
0.07629203796386719,1366
0.07699227333068848,1365
0.0776979923248291,1364
0.07840132713317871,1363
0.07909727096557617,1362
0.08026933670043945,1361
0.08096528053283691,1360
0.08167123794555664,1359
0.08338665962219238,1358
0.08478665351867676,1357
0.0854947566986084,1356
0.08619332313537598,1355
0.08689355850219727,1354
0.08759140968322754,1353
0.09028148651123047,1352
0.09098172187805176,1351
0.09167718887329102,1350
0.0923776626586914,1349
0.09310126304626465,1348
0.09380507469177246,1347
0.09490633010864258,1346
0.0961766242980957,1345
0.09687185287475586,1344
0.0982666015625,1343
0.10013747215270996,1342
0.10083627700805664,1341
0.10153532028198242,1340
0.10223531723022461,1339
0.10293078422546387,1338
0.10432124137878418,1337
0.10575079917907715,1336
0.10663318634033203,1335
0.10733366012573242,1334
0.10802984237670898,1333
0.10901308059692383,1332
0.10971283912658691,1331
0.11041069030761719,1330
0.11110687255859375,1329
0.11206793785095215,1328
0.11322665214538574,1327
0.11452388763427734,1326
0.11583590507507324,1325
0.11654543876647949,1324
0.11730432510375977,1323
0.11955761909484863,1322
0.12118268013000488,1321
0.12306976318359375,1320
0.12376785278320312,1319
0.12526869773864746,1318
0.12597370147705078,1317
0.1271195411682129,1316
0.12781858444213867,1315
0.12851643562316895,1314
0.12921404838562012,1313
0.13050007820129395,1312
0.13119983673095703,1311
0.1323871612548828,1310
0.1330869197845459,1309
0.13379502296447754,1308
0.13450169563293457,1307
0.1368401050567627,1306
0.1375722885131836,1305
0.13830184936523438,1304
0.13903045654296875,1303
0.13973021507263184,1302
0.14042925834655762,1301
0.1411285400390625,1300
0.1418619155883789,1299
0.14299297332763672,1298
0.1436922550201416,1297
0.14438962936401367,1296
0.14528822898864746,1295
0.14601874351501465,1294
0.14728403091430664,1293
0.14798331260681152,1292
0.14905834197998047,1291
0.14989280700683594,1290
0.15204071998596191,1289
0.15317893028259277,1288
0.15389204025268555,1287
0.1546015739440918,1286
0.15535736083984375,1285
0.15669608116149902,1284
0.15746378898620605,1283
0.15831255912780762,1282
0.159013032913208,1281
0.1597151756286621,1280
0.16046404838562012,1279
0.16136407852172852,1278
0.16274309158325195,1277
0.1637740135192871,1276
0.16449546813964844,1275
0.16607260704040527,1274
0.16744232177734375,1273
0.16820120811462402,1272
0.1689620018005371,1271
0.1697547435760498,1270
0.1707313060760498,1269
0.17164230346679688,1268
0.1724226474761963,1267
0.17468047142028809,1266
0.17862296104431152,1265
0.17939448356628418,1264
0.1825704574584961,1263
0.18713712692260742,1262
0.1885697841644287,1261
0.1893141269683838,1260
0.19008111953735352,1259
0.19122648239135742,1258
0.19193363189697266,1257
0.19318675994873047,1256
0.19489622116088867,1255
0.1958308219909668,1254
0.1965327262878418,1253
0.19835782051086426,1252
0.2004551887512207,1251
0.20115900039672852,1250
0.20198321342468262,1249
0.20268797874450684,1248
0.20340824127197266,1247
0.20412826538085938,1246
0.20503449440002441,1245
0.20580482482910156,1244
0.20721030235290527,1243
0.2096860408782959,1242
0.21071958541870117,1241
0.21225404739379883,1240
0.21472620964050293,1239
0.21600651741027832,1238
0.21671342849731445,1237
0.21815252304077148,1236
0.21886110305786133,1235
0.2209610939025879,1234
0.22353553771972656,1233
0.22423958778381348,1232
0.2256484031677246,1231
0.227402925491333,1230
0.22965455055236816,1229
0.23082542419433594,1228
0.23189783096313477,1227
0.2342698574066162,1226
0.2355022430419922,1225
0.2362043857574463,1224
0.23690462112426758,1223
0.2381739616394043,1222
0.2401437759399414,1221
0.2408463954925537,1220
0.24349117279052734,1219
0.24635934829711914,1218
0.24841570854187012,1217
0.25006961822509766,1216
0.25077176094055176,1215
0.2529032230377197,1214
0.2538738250732422,1213
0.2576127052307129,1212
0.25832247734069824,1211
0.25902271270751953,1210
0.2604992389678955,1209
0.26239562034606934,1208
0.263810396194458,1207
0.2678720951080322,1206
0.26857542991638184,1205
0.269575834274292,1204
0.2702782154083252,1203
0.2716810703277588,1202
0.2731130123138428,1201
0.27509379386901855,1200
0.2768125534057617,1199
0.27752184867858887,1198
0.27822327613830566,1197
0.2810683250427246,1196
0.2824850082397461,1195
0.2841174602508545,1194
0.28492259979248047,1193
0.2856314182281494,1192
0.286334753036499,1191
0.28704071044921875,1190
0.28774499893188477,1189
0.28960466384887695,1188
0.29085755348205566,1187
0.2921438217163086,1186
0.2947845458984375,1185
0.29642510414123535,1184
0.29712915420532227,1183
0.3014106750488281,1182
0.30562257766723633,1181
0.3069279193878174,1180
0.30797910690307617,1179
0.3086831569671631,1178
0.3099386692047119,1177
0.3175487518310547,1176
0.32362914085388184,1175
0.32471132278442383,1174
0.32541918754577637,1173
0.3280966281890869,1172
0.32880091667175293,1171
0.3348274230957031,1170
0.3376786708831787,1169
0.34165143966674805,1168
0.34336400032043457,1167
0.3508458137512207,1166
0.35291004180908203,1165
0.3543095588684082,1164
0.3552210330963135,1163
0.3578059673309326,1162
0.3607938289642334,1161
0.364410400390625,1160
0.3670520782470703,1159
0.37026309967041016,1158
0.37301039695739746,1157
0.37558484077453613,1156
0.3762929439544678,1155
0.37740278244018555,1154
0.379788875579834,1153
0.3827054500579834,1152
0.38341379165649414,1151
0.3850119113922119,1150
0.3889436721801758,1149
0.39173269271850586,1148
0.39441490173339844,1147
0.39512157440185547,1146
0.39875149726867676,1145
0.40341687202453613,1144
0.4078254699707031,1143
0.40853023529052734,1142
0.40923428535461426,1141
0.4099712371826172,1140
0.4106788635253906,1139
0.41478776931762695,1138
0.4187812805175781,1137
0.420626163482666,1136
0.4218020439147949,1135
0.4229583740234375,1134
0.4287590980529785,1133
0.43067264556884766,1132
0.43249034881591797,1131
0.4331951141357422,1130
0.4355807304382324,1129
0.4382758140563965,1128
0.4419822692871094,1127
0.4495255947113037,1126
0.45023179054260254,1125
0.4509396553039551,1124
0.4530220031738281,1123
0.4563436508178711,1122
0.45705080032348633,1121
0.4600818157196045,1120
0.4607889652252197,1119
0.46152544021606445,1118
0.4624507427215576,1117
0.4632148742675781,1116
0.4676041603088379,1115
0.4724438190460205,1114
0.47832632064819336,1113
0.47943639755249023,1112
0.48055243492126465,1111
0.4833800792694092,1110
0.48523378372192383,1109
0.4876084327697754,1108
0.4883260726928711,1107
0.4896857738494873,1106
0.4963650703430176,1105
0.4970710277557373,1104
0.5007588863372803,1103
0.5022094249725342,1102
0.504910945892334,1101
0.5063498020172119,1100
0.5070536136627197,1099
0.5098035335540771,1098
0.5105125904083252,1097
0.5145375728607178,1096
0.5168464183807373,1095
0.5183422565460205,1094
0.521451473236084,1093
0.5263688564300537,1092
0.5291814804077148,1091
0.5320746898651123,1090
0.5342168807983398,1089
0.5386505126953125,1088
0.5455100536346436,1087
0.546724796295166,1086
0.5531716346740723,1085
0.5567343235015869,1084
0.5580041408538818,1083
0.5595858097076416,1082
0.5609955787658691,1081
0.5701930522918701,1080
0.5710873603820801,1079
0.5766284465789795,1078
0.5792346000671387,1077
0.5810682773590088,1076
0.5869767665863037,1075
0.590174674987793,1074
0.5908851623535156,1073
0.5982069969177246,1072
0.6005983352661133,1071
0.6029326915740967,1070
0.6055355072021484,1069
0.6088094711303711,1068
0.6095187664031982,1067
0.618227481842041,1066
0.6195516586303711,1065
0.634152889251709,1064
0.6388516426086426,1063
0.6395647525787354,1062
0.6410040855407715,1061
0.6530933380126953,1060
0.6572468280792236,1059
0.6585419178009033,1058
0.667377233505249,1057
0.6691880226135254,1056
0.6732392311096191,1055
0.6756978034973145,1054
0.6801066398620605,1053
0.6832489967346191,1052
0.6864140033721924,1051
0.6951091289520264,1050
0.6959414482116699,1049
0.698369026184082,1048
0.7019345760345459,1047
0.7048063278198242,1046
0.7381799221038818,1045
0.7464544773101807,1044
0.7485716342926025,1043
0.7532641887664795,1042
0.7540104389190674,1041
0.7577552795410156,1040
0.7594215869903564,1039
0.7638561725616455,1038
0.7771556377410889,1037
0.7787032127380371,1036
0.7827310562133789,1035
0.7874937057495117,1034
0.7900588512420654,1033
0.803957462310791,1032
0.8046669960021973,1031
0.8205585479736328,1030
0.8296868801116943,1029
0.8318080902099609,1028
0.8334305286407471,1027
0.8350198268890381,1026
0.8432466983795166,1025
0.8466794490814209,1024
0.8473901748657227,1023
0.8484196662902832,1022
0.8665757179260254,1021
0.8686935901641846,1020
0.8735764026641846,1019
0.8830769062042236,1018
0.9061987400054932,1017
0.913428783416748,1016
0.9212050437927246,1015
0.9236485958099365,1014
0.9246220588684082,1013
0.9263029098510742,1012
0.9353060722351074,1011
0.9753086566925049,1010
0.9803822040557861,1009
0.9810895919799805,1008
0.9940786361694336,1007
1.0147032737731934,1006
1.0220727920532227,1005
1.0399229526519775,1004
1.0735599994659424,1003
1.0871837139129639,1002
1.0915133953094482,1001
1.0938758850097656,1000
1.1093103885650635,999
1.113954782485962,998
1.1169283390045166,997
1.1278715133666992,996
1.1345930099487305,995
1.135300636291504,994
1.1438491344451904,993
1.1545724868774414,992
1.1643261909484863,991
1.1767578125,990
1.1907000541687012,989
1.2127764225006104,988
1.2233195304870605,987
1.224029302597046,986
1.2468218803405762,985
1.2553608417510986,984
1.2700178623199463,983
1.278407096862793,982
1.2954950332641602,981
1.3017511367797852,980
1.3590359687805176,979
1.442178726196289,978
1.4650523662567139,977
1.48294997215271,976
1.5016636848449707,975
1.514622688293457,974
1.532658338546753,973
1.5742580890655518,972
1.6278514862060547,971
1.6413450241088867,970
1.6431725025177002,969
1.6487252712249756,968
1.6737942695617676,967
1.7552762031555176,966
1.7702393531799316,965
1.8277521133422852,964
1.859194040298462,963
1.8601243495941162,962
1.9957356452941895,961
2.172558307647705,960
2.1750147342681885,959
2.3033106327056885,958
2.422274589538574,957
2.642857789993286,956
3.637718677520752,955
4.058901309967041,954
