0.0009028911590576172,1460
0.001665353775024414,1459
0.002362966537475586,1458
0.0031158924102783203,1457
0.003807544708251953,1456
0.004497528076171875,1455
0.00518798828125,1454
0.005876779556274414,1453
0.006630659103393555,1452
0.007318973541259766,1451
0.008006572723388672,1450
0.008693695068359375,1449
0.009398937225341797,1448
0.010099649429321289,1447
0.010846376419067383,1446
0.011536359786987305,1445
0.012224912643432617,1444
0.012916088104248047,1443
0.014230012893676758,1442
0.014969110488891602,1441
0.01566171646118164,1440
0.016352176666259766,1439
0.017181396484375,1438
0.017884016036987305,1437
0.01863574981689453,1436
0.020013093948364258,1435
0.020871400833129883,1434
0.021559715270996094,1433
0.022247314453125,1432
0.022940635681152344,1431
0.023630142211914062,1430
0.0248563289642334,1429
0.025546550750732422,1428
0.02623605728149414,1427
0.026955366134643555,1426
0.027643918991088867,1425
0.02874755859375,1424
0.029437541961669922,1423
0.030144214630126953,1422
0.03084111213684082,1421
0.03153276443481445,1420
0.03222227096557617,1419
0.03319120407104492,1418
0.03388071060180664,1417
0.0345759391784668,1416
0.03526473045349121,1415
0.03595471382141113,1414
0.03664278984069824,1413
0.037331581115722656,1412
0.03801918029785156,1411
0.038712501525878906,1410
0.039402008056640625,1409
0.04009056091308594,1408
0.04077911376953125,1407
0.04147028923034668,1406
0.04249763488769531,1405
0.04366898536682129,1404
0.04435563087463379,1403
0.04504656791687012,1402
0.04573369026184082,1401
0.046433210372924805,1400
0.04713320732116699,1399
0.04782819747924805,1398
0.04851841926574707,1397
0.0492091178894043,1396
0.04989886283874512,1395
0.050649166107177734,1394
0.05144047737121582,1393
0.05219626426696777,1392
0.052886009216308594,1391
0.053578853607177734,1390
0.054270029067993164,1389
0.05496549606323242,1388
0.055657386779785156,1387
0.05634927749633789,1386
0.05703878402709961,1385
0.05773019790649414,1384
0.05845141410827637,1383
0.05914306640625,1382
0.059832096099853516,1381
0.060523271560668945,1380
0.062491416931152344,1379
0.06318426132202148,1378
0.06389045715332031,1377
0.06458353996276855,1376
0.06527972221374512,1375
0.06597304344177246,1374
0.06728601455688477,1373
0.06807327270507812,1372
0.06965923309326172,1371
0.07039499282836914,1370
0.07110834121704102,1369
0.07305002212524414,1368
0.07423925399780273,1367
0.07497143745422363,1366
0.07567143440246582,1365
0.07637166976928711,1364
0.07707405090332031,1363
0.07777142524719238,1362
0.07896947860717773,1361
0.07966732978820801,1360
0.08037614822387695,1359
0.08210062980651855,1358
0.0835106372833252,1357
0.08421158790588379,1356
0.08490991592407227,1355
0.08561086654663086,1354
0.08631110191345215,1353
0.08901619911193848,1352
0.08971285820007324,1351
0.09041523933410645,1350
0.09111332893371582,1349
0.09180974960327148,1348
0.09253430366516113,1347
0.09363675117492676,1346
0.0949101448059082,1345
0.09561276435852051,1344
0.09701299667358398,1343
0.0988774299621582,1342
0.0995790958404541,1341
0.10028076171875,1340
0.10098147392272949,1339
0.10168337821960449,1338
0.10309720039367676,1337
0.10449385643005371,1336
0.10536742210388184,1335
0.10606503486633301,1334
0.10676908493041992,1333
0.10775423049926758,1332
0.10845446586608887,1331
0.10915112495422363,1330
0.10984969139099121,1329
0.11081886291503906,1328
0.1119835376739502,1327
0.11328744888305664,1326
0.11456680297851562,1325
0.11526703834533691,1324
0.11596965789794922,1323
0.11818790435791016,1322
0.11982250213623047,1321
0.12165069580078125,1320
0.12234878540039062,1319
0.12375116348266602,1318
0.12445187568664551,1317
0.1255967617034912,1316
0.1262989044189453,1315
0.12700390815734863,1314
0.12770462036132812,1313
0.12898635864257812,1312
0.12968802452087402,1311
0.13094878196716309,1310
0.1316523551940918,1309
0.1323833465576172,1308
0.1331193447113037,1307
0.135606050491333,1306
0.1363358497619629,1305
0.13706517219543457,1304
0.13776588439941406,1303
0.13852453231811523,1302
0.13922548294067383,1301
0.13992547988891602,1300
0.1406264305114746,1299
0.14175724983215332,1298
0.14250898361206055,1297
0.14336538314819336,1296
0.14426779747009277,1295
0.1449723243713379,1294
0.14623737335205078,1293
0.14699602127075195,1292
0.14807868003845215,1291
0.14878010749816895,1290
0.15087413787841797,1289
0.15204548835754395,1288
0.1527571678161621,1287
0.15346050262451172,1286
0.1541609764099121,1285
0.1555187702178955,1284
0.15622210502624512,1283
0.15706706047058105,1282
0.15783929824829102,1281
0.15877223014831543,1280
0.1595768928527832,1279
0.16066265106201172,1278
0.16173553466796875,1277
0.1628870964050293,1276
0.16367554664611816,1275
0.16520309448242188,1274
0.1665644645690918,1273
0.16731023788452148,1272
0.16820335388183594,1271
0.16894841194152832,1270
0.16991448402404785,1269
0.1706984043121338,1268
0.17143702507019043,1267
0.1737060546875,1266
0.17772412300109863,1265
0.17861366271972656,1264
0.1816868782043457,1263
0.18632268905639648,1262
0.18781805038452148,1261
0.18854069709777832,1260
0.18925786018371582,1259
0.1904752254486084,1258
0.19120264053344727,1257
0.1924891471862793,1256
0.1942899227142334,1255
0.19530463218688965,1254
0.19602632522583008,1253
0.19785690307617188,1252
0.2002732753753662,1251
0.20099735260009766,1250
0.20171880722045898,1249
0.20247793197631836,1248
0.20319890975952148,1247
0.2039196491241455,1246
0.20463967323303223,1245
0.20536184310913086,1244
0.20681166648864746,1243
0.2093193531036377,1242
0.2103879451751709,1241
0.21196365356445312,1240
0.2145860195159912,1239
0.21584773063659668,1238
0.21657943725585938,1237
0.21802020072937012,1236
0.21878361701965332,1235
0.22091007232666016,1234
0.22340106964111328,1233
0.2241063117980957,1232
0.2255399227142334,1231
0.22727322578430176,1230
0.22943973541259766,1229
0.23074722290039062,1228
0.23182368278503418,1227
0.23419666290283203,1226
0.23543691635131836,1225
0.2361457347869873,1224
0.2368786334991455,1223
0.2381446361541748,1222
0.24010062217712402,1221
0.24080300331115723,1220
0.24345827102661133,1219
0.2463233470916748,1218
0.24846696853637695,1217
0.2501494884490967,1216
0.25086212158203125,1215
0.2530035972595215,1214
0.25397253036499023,1213
0.2577981948852539,1212
0.25853753089904785,1211
0.25924158096313477,1210
0.26071834564208984,1209
0.26261091232299805,1208
0.26404881477355957,1207
0.2680237293243408,1206
0.26872873306274414,1205
0.26969432830810547,1204
0.2704017162322998,1203
0.27180957794189453,1202
0.27321720123291016,1201
0.27519774436950684,1200
0.2768895626068115,1199
0.27759647369384766,1198
0.27830004692077637,1197
0.28116559982299805,1196
0.28258633613586426,1195
0.2842247486114502,1194
0.2850320339202881,1193
0.2857382297515869,1192
0.28644752502441406,1191
0.287153959274292,1190
0.28786516189575195,1189
0.2897021770477295,1188
0.2909727096557617,1187
0.29229092597961426,1186
0.2949056625366211,1185
0.2965414524078369,1184
0.2972590923309326,1183
0.30152201652526855,1182
0.3057105541229248,1181
0.3070800304412842,1180
0.3081655502319336,1179
0.3088696002960205,1178
0.310122013092041,1177
0.31780123710632324,1176
0.32386088371276855,1175
0.32494521141052246,1174
0.3256525993347168,1173
0.3283514976501465,1172
0.3290572166442871,1171
0.3351914882659912,1170
0.3380446434020996,1169
0.3419668674468994,1168
0.3438851833343506,1167
0.3511533737182617,1166
0.3532109260559082,1165
0.35454654693603516,1164
0.35543274879455566,1163
0.3578970432281494,1162
0.36095356941223145,1161
0.3645937442779541,1160
0.3672480583190918,1159
0.3704349994659424,1158
0.3731827735900879,1157
0.375629186630249,1156
0.37633585929870605,1155
0.3774416446685791,1154
0.37983274459838867,1153
0.38276195526123047,1152
0.3834710121154785,1151
0.3851280212402344,1150
0.38913941383361816,1149
0.3919351100921631,1148
0.3946268558502197,1147
0.3953361511230469,1146
0.3989381790161133,1145
0.40357017517089844,1144
0.40796899795532227,1143
0.4086754322052002,1142
0.40938353538513184,1141
0.41008734703063965,1140
0.4108009338378906,1139
0.414867639541626,1138
0.41887950897216797,1137
0.42072248458862305,1136
0.4218862056732178,1135
0.4230165481567383,1134
0.4288623332977295,1133
0.4308288097381592,1132
0.43268728256225586,1131
0.4333925247192383,1130
0.4357485771179199,1129
0.43851208686828613,1128
0.44222354888916016,1127
0.45001745223999023,1126
0.4507577419281006,1125
0.45146727561950684,1124
0.45352625846862793,1123
0.4567680358886719,1122
0.4574766159057617,1121
0.4605131149291992,1120
0.46122169494628906,1119
0.4619922637939453,1118
0.4628927707672119,1117
0.4636118412017822,1116
0.4680173397064209,1115
0.47284412384033203,1114
0.4786221981048584,1113
0.4797334671020508,1112
0.4808633327484131,1111
0.4837801456451416,1110
0.4856381416320801,1109
0.48807811737060547,1108
0.48882055282592773,1107
0.49015140533447266,1106
0.4969937801361084,1105
0.49773263931274414,1104
0.5013999938964844,1103
0.5028202533721924,1102
0.5056126117706299,1101
0.5070300102233887,1100
0.5077383518218994,1099
0.510507345199585,1098
0.5112185478210449,1097
0.515225887298584,1096
0.5175137519836426,1095
0.519019603729248,1094
0.5221328735351562,1093
0.5270414352416992,1092
0.5298340320587158,1091
0.5327260494232178,1090
0.5349283218383789,1089
0.5393805503845215,1088
0.5465230941772461,1087
0.5477535724639893,1086
0.5540652275085449,1085
0.5576169490814209,1084
0.5588841438293457,1083
0.5604782104492188,1082
0.561896562576294,1081
0.5713193416595459,1080
0.5722157955169678,1079
0.577695369720459,1078
0.5803556442260742,1077
0.5822033882141113,1076
0.5878968238830566,1075
0.5910766124725342,1074
0.5917887687683105,1073
0.5991702079772949,1072
0.6015734672546387,1071
0.6039190292358398,1070
0.606508731842041,1069
0.60980224609375,1068
0.6105725765228271,1067
0.6196930408477783,1066
0.6210205554962158,1065
0.6373250484466553,1064
0.6413614749908447,1063
0.6420736312866211,1062
0.6435778141021729,1061
0.6565601825714111,1060
0.6607427597045898,1059
0.6620137691497803,1058
0.6712217330932617,1057
0.6731011867523193,1056
0.6772394180297852,1055
0.679699182510376,1054
0.6841912269592285,1053
0.6873369216918945,1052
0.6905150413513184,1051
0.699409008026123,1050
0.7002441883087158,1049
0.7026839256286621,1048
0.7062332630157471,1047
0.709148645401001,1046
0.74251389503479,1045
0.750983476638794,1044
0.7531137466430664,1043
0.7575972080230713,1042
0.758317232131958,1041
0.7620081901550293,1040
0.7636864185333252,1039
0.76816725730896,1038
0.7815110683441162,1037
0.7830684185028076,1036
0.7871484756469727,1035
0.7919185161590576,1034
0.7944579124450684,1033
0.8085243701934814,1032
0.8092348575592041,1031
0.8250014781951904,1030
0.8340475559234619,1029
0.8361515998840332,1028
0.8377416133880615,1027
0.8393373489379883,1026
0.8475532531738281,1025
0.8510370254516602,1024
0.8517513275146484,1023
0.8527834415435791,1022
0.8710212707519531,1021
0.8732173442840576,1020
0.877983808517456,1019
0.887413501739502,1018
0.9103219509124756,1017
0.9176182746887207,1016
0.9254825115203857,1015
0.9279060363769531,1014
0.9288816452026367,1013
0.9305686950683594,1012
0.9397463798522949,1011
0.9796426296234131,1010
0.9846658706665039,1009
0.9853746891021729,1008
0.9982459545135498,1007
1.018547534942627,1006
1.0254907608032227,1005
1.0432429313659668,1004
1.0766007900238037,1003
1.0904569625854492,1002
1.0949528217315674,1001
1.097395896911621,1000
1.1130156517028809,999
1.1176786422729492,998
1.1206672191619873,997
1.1314148902893066,996
1.1382255554199219,995
1.1389732360839844,994
1.1475648880004883,993
1.158238172531128,992
1.1680502891540527,991
1.1806154251098633,990
1.1945571899414062,989
1.216801404953003,988
1.2275044918060303,987
1.2282142639160156,986
1.2508618831634521,985
1.2593836784362793,984
1.2742819786071777,983
1.2827732563018799,982
1.2998976707458496,981
1.306004285812378,980
1.363316535949707,979
1.4464702606201172,978
1.4694840908050537,977
1.4875056743621826,976
1.5059881210327148,975
1.519164800643921,974
1.537280797958374,973
1.5790722370147705,972
1.632375955581665,971
1.6458017826080322,970
1.6476635932922363,969
1.6532738208770752,968
1.678290843963623,967
1.7599635124206543,966
1.7750921249389648,965
1.8312866687774658,964
1.8620967864990234,963
1.863034725189209,962
1.998013973236084,961
2.1740849018096924,960
2.1765501499176025,959
2.305814504623413,958
2.424630641937256,957
2.645669460296631,956
3.6468605995178223,955
4.068292856216431,954
