0.020911693572998047,953
0.027281522750854492,952
0.033380746841430664,951
0.03935742378234863,950
0.045452117919921875,949
0.051386117935180664,948
0.05741739273071289,947
0.06330585479736328,946
0.06924772262573242,945
0.07523822784423828,944
0.08126163482666016,943
0.08719229698181152,942
0.0932013988494873,941
0.09912681579589844,940
0.10509586334228516,939
0.11108040809631348,938
0.11710596084594727,937
0.12299966812133789,936
0.12891721725463867,935
0.1348435878753662,934
0.1409316062927246,933
0.14681267738342285,932
0.15253591537475586,931
0.1583867073059082,930
0.16420888900756836,929
0.17010498046875,928
0.17597532272338867,927
0.18188190460205078,926
0.18779516220092773,925
0.19369196891784668,924
0.1995255947113037,923
0.20540332794189453,922
0.21130824089050293,921
0.21724319458007812,920
0.22296953201293945,919
0.22884535789489746,918
0.2346484661102295,917
0.2404921054840088,916
0.24637222290039062,915
0.25247693061828613,914
0.2583444118499756,913
0.264265775680542,912
0.2701101303100586,911
0.27598118782043457,910
0.281923770904541,909
0.28785181045532227,908
0.2937438488006592,907
0.29969358444213867,906
0.30556392669677734,905
0.3115394115447998,904
0.31753015518188477,903
0.3234264850616455,902
0.32930922508239746,901
0.3351447582244873,900
0.538020133972168,899
