0.0009050369262695312,1460
0.0016856193542480469,1459
0.0023987293243408203,1458
0.003103971481323242,1457
0.003808736801147461,1456
0.004514455795288086,1455
0.0052204132080078125,1454
0.005976676940917969,1453
0.006714344024658203,1452
0.007415294647216797,1451
0.008118629455566406,1450
0.008819341659545898,1449
0.009579658508300781,1448
0.010282516479492188,1447
0.010993719100952148,1446
0.011694192886352539,1445
0.012396097183227539,1444
0.013099908828735352,1443
0.014471292495727539,1442
0.015252113342285156,1441
0.015970230102539062,1440
0.01668858528137207,1439
0.017596721649169922,1438
0.018334627151489258,1437
0.019054412841796875,1436
0.020434141159057617,1435
0.02134394645690918,1434
0.022070646286010742,1433
0.022792816162109375,1432
0.023514509201049805,1431
0.024236440658569336,1430
0.025561094284057617,1429
0.026252269744873047,1428
0.026941537857055664,1427
0.02763080596923828,1426
0.028321027755737305,1425
0.029427528381347656,1424
0.03011775016784668,1423
0.030807018280029297,1422
0.03149986267089844,1421
0.032192230224609375,1420
0.03289055824279785,1419
0.03389263153076172,1418
0.03461122512817383,1417
0.035302162170410156,1416
0.035991668701171875,1415
0.0366818904876709,1414
0.03740406036376953,1413
0.03809523582458496,1412
0.03878283500671387,1411
0.03947305679321289,1410
0.04016304016113281,1409
0.040853261947631836,1408
0.041576385498046875,1407
0.04226803779602051,1406
0.04329514503479004,1405
0.04446578025817871,1404
0.04515361785888672,1403
0.04585075378417969,1402
0.04654240608215332,1401
0.047238826751708984,1400
0.047928810119628906,1399
0.04862070083618164,1398
0.049312591552734375,1397
0.05001544952392578,1396
0.05073380470275879,1395
0.0514528751373291,1394
0.05224418640136719,1393
0.05293607711791992,1392
0.05362844467163086,1391
0.0543215274810791,1390
0.05501151084899902,1389
0.05570340156555176,1388
0.056395530700683594,1387
0.057086944580078125,1386
0.05778145790100098,1385
0.05847501754760742,1384
0.05916643142700195,1383
0.05985713005065918,1382
0.060692787170410156,1381
0.061388492584228516,1380
0.0633547306060791,1379
0.06405305862426758,1378
0.06474494934082031,1377
0.06543993949890137,1376
0.06613349914550781,1375
0.06682395935058594,1374
0.06814956665039062,1373
0.06894159317016602,1372
0.07057929039001465,1371
0.07129240036010742,1370
0.07198858261108398,1369
0.07393503189086914,1368
0.07513046264648438,1367
0.07583045959472656,1366
0.07653188705444336,1365
0.07723093032836914,1364
0.07796454429626465,1363
0.07867097854614258,1362
0.07984280586242676,1361
0.08054375648498535,1360
0.08124494552612305,1359
0.08303403854370117,1358
0.08445906639099121,1357
0.08516216278076172,1356
0.08589410781860352,1355
0.0865936279296875,1354
0.08729267120361328,1353
0.09000420570373535,1352
0.09070444107055664,1351
0.09140419960021973,1350
0.09210491180419922,1349
0.0928044319152832,1348
0.09350728988647461,1347
0.09460711479187012,1346
0.09595394134521484,1345
0.09666085243225098,1344
0.09806561470031738,1343
0.09992766380310059,1342
0.10062861442565918,1341
0.10139083862304688,1340
0.10209441184997559,1339
0.1027982234954834,1338
0.10419559478759766,1337
0.10560846328735352,1336
0.10649657249450684,1335
0.10719799995422363,1334
0.10790157318115234,1333
0.10892248153686523,1332
0.10962796211242676,1331
0.11035776138305664,1330
0.11111783981323242,1329
0.11218142509460449,1328
0.11336255073547363,1327
0.1146707534790039,1326
0.11600089073181152,1325
0.11673307418823242,1324
0.11745715141296387,1323
0.11978721618652344,1322
0.12139773368835449,1321
0.12323880195617676,1320
0.12393879890441895,1319
0.12534594535827637,1318
0.1260530948638916,1317
0.12720584869384766,1316
0.12790989875793457,1315
0.12861180305480957,1314
0.12931609153747559,1313
0.1306157112121582,1312
0.13132119178771973,1311
0.1325218677520752,1310
0.1332242488861084,1309
0.13395977020263672,1308
0.1346900463104248,1307
0.13704156875610352,1306
0.13789749145507812,1305
0.13859915733337402,1304
0.13930273056030273,1303
0.14000391960144043,1302
0.14070630073547363,1301
0.14144015312194824,1300
0.14214372634887695,1299
0.1432788372039795,1298
0.1439831256866455,1297
0.1446843147277832,1296
0.14580512046813965,1295
0.14664363861083984,1294
0.14792490005493164,1293
0.14863252639770508,1292
0.14975500106811523,1291
0.15046215057373047,1290
0.15254545211791992,1289
0.15372180938720703,1288
0.15442991256713867,1287
0.15514111518859863,1286
0.1558992862701416,1285
0.15721702575683594,1284
0.1579289436340332,1283
0.1587815284729004,1282
0.1594855785369873,1281
0.16018962860107422,1280
0.16089582443237305,1279
0.16160249710083008,1278
0.1625990867614746,1277
0.16358304023742676,1276
0.16454005241394043,1275
0.1659986972808838,1274
0.16726946830749512,1273
0.16800570487976074,1272
0.16896891593933105,1271
0.16987323760986328,1270
0.17098426818847656,1269
0.17171669006347656,1268
0.1724400520324707,1267
0.17479324340820312,1266
0.178818941116333,1265
0.17957139015197754,1264
0.18259143829345703,1263
0.187544584274292,1262
0.18902206420898438,1261
0.18979144096374512,1260
0.19051527976989746,1259
0.19168996810913086,1258
0.1924116611480713,1257
0.19375085830688477,1256
0.1954352855682373,1255
0.19637417793273926,1254
0.1970808506011963,1253
0.19892263412475586,1252
0.20105862617492676,1251
0.20182037353515625,1250
0.20252585411071777,1249
0.2032313346862793,1248
0.2039356231689453,1247
0.20464181900024414,1246
0.205366849899292,1245
0.20608806610107422,1244
0.20749640464782715,1243
0.20998620986938477,1242
0.2110273838043213,1241
0.2125709056854248,1240
0.21506500244140625,1239
0.21626973152160645,1238
0.21698212623596191,1237
0.21845698356628418,1236
0.21917510032653809,1235
0.22126150131225586,1234
0.22374510765075684,1233
0.22445297241210938,1232
0.2258758544921875,1231
0.22764015197753906,1230
0.2299947738647461,1229
0.23124980926513672,1228
0.23258185386657715,1227
0.2351078987121582,1226
0.23634791374206543,1225
0.23705697059631348,1224
0.2378389835357666,1223
0.23913812637329102,1222
0.24115753173828125,1221
0.2418966293334961,1220
0.2445850372314453,1219
0.24752569198608398,1218
0.2496318817138672,1217
0.2513761520385742,1216
0.25211381912231445,1215
0.25429487228393555,1214
0.25527191162109375,1213
0.25902295112609863,1212
0.2597348690032959,1211
0.26044321060180664,1210
0.2619657516479492,1209
0.2638692855834961,1208
0.26531195640563965,1207
0.2693924903869629,1206
0.27010178565979004,1205
0.271071195602417,1204
0.27177858352661133,1203
0.27318763732910156,1202
0.27460670471191406,1201
0.27659034729003906,1200
0.27829599380493164,1199
0.2790067195892334,1198
0.27971386909484863,1197
0.2826085090637207,1196
0.28403472900390625,1195
0.28571009635925293,1194
0.28652143478393555,1193
0.2872891426086426,1192
0.2879977226257324,1191
0.28870511054992676,1190
0.28941774368286133,1189
0.2912576198577881,1188
0.2925143241882324,1187
0.29381465911865234,1186
0.29654550552368164,1185
0.2982370853424072,1184
0.2989778518676758,1183
0.3034675121307373,1182
0.3077559471130371,1181
0.30913496017456055,1180
0.3102610111236572,1179
0.3110041618347168,1178
0.31232333183288574,1177
0.3202645778656006,1176
0.3263535499572754,1175
0.32744908332824707,1174
0.3281581401824951,1173
0.3308603763580322,1172
0.33156633377075195,1171
0.33775758743286133,1170
0.3406248092651367,1169
0.3445858955383301,1168
0.34662747383117676,1167
0.3540661334991455,1166
0.35613203048706055,1165
0.3575291633605957,1164
0.35842204093933105,1163
0.3609619140625,1162
0.3640906810760498,1161
0.3678548336029053,1160
0.3705942630767822,1159
0.3737359046936035,1158
0.37644028663635254,1157
0.378892183303833,1156
0.37960076332092285,1155
0.3807106018066406,1154
0.3831157684326172,1153
0.3860962390899658,1152
0.386807918548584,1151
0.3884155750274658,1150
0.392392635345459,1149
0.395200252532959,1148
0.3978919982910156,1147
0.39863109588623047,1146
0.4022541046142578,1145
0.4068875312805176,1144
0.41129541397094727,1143
0.4120039939880371,1142
0.41271471977233887,1141
0.41342711448669434,1140
0.4141378402709961,1139
0.41826963424682617,1138
0.42259860038757324,1137
0.42449235916137695,1136
0.42570972442626953,1135
0.4268472194671631,1134
0.43271708488464355,1133
0.4347059726715088,1132
0.4365417957305908,1131
0.43741345405578613,1130
0.4397857189178467,1129
0.44252920150756836,1128
0.44626355171203613,1127
0.45394134521484375,1126
0.4546523094177246,1125
0.4553647041320801,1124
0.4574093818664551,1123
0.46065735816955566,1122
0.46137261390686035,1121
0.464418888092041,1120
0.46512699127197266,1119
0.46584177017211914,1118
0.46674585342407227,1117
0.4674701690673828,1116
0.47189855575561523,1115
0.47667384147644043,1114
0.4824833869934082,1113
0.4835999011993408,1112
0.4847545623779297,1111
0.48760199546813965,1110
0.4895060062408447,1109
0.4920063018798828,1108
0.49274420738220215,1107
0.4941112995147705,1106
0.5010004043579102,1105
0.5017166137695312,1104
0.5053994655609131,1103
0.5068151950836182,1102
0.509535551071167,1101
0.5109508037567139,1100
0.5116598606109619,1099
0.5143928527832031,1098
0.515103816986084,1097
0.5192475318908691,1096
0.5215497016906738,1095
0.5230536460876465,1094
0.5261843204498291,1093
0.5311031341552734,1092
0.5339159965515137,1091
0.5367934703826904,1090
0.53900146484375,1089
0.5434486865997314,1088
0.5505919456481934,1087
0.551842212677002,1086
0.558142900466919,1085
0.5617094039916992,1084
0.5629734992980957,1083
0.5645687580108643,1082
0.5659902095794678,1081
0.5752778053283691,1080
0.5761780738830566,1079
0.5817270278930664,1078
0.5843799114227295,1077
0.586235761642456,1076
0.5920262336730957,1075
0.5953564643859863,1074
0.5960686206817627,1073
0.6034572124481201,1072
0.6058657169342041,1071
0.6082439422607422,1070
0.6111598014831543,1069
0.6146986484527588,1068
0.6154294013977051,1067
0.624072790145874,1066
0.6254401206970215,1065
0.641179084777832,1064
0.6451823711395264,1063
0.6459319591522217,1062
0.6473550796508789,1061
0.6596565246582031,1060
0.6638257503509521,1059
0.6650965213775635,1058
0.6744451522827148,1057
0.6762678623199463,1056
0.6803038120269775,1055
0.6827189922332764,1054
0.6871817111968994,1053
0.6902897357940674,1052
0.6934726238250732,1051
0.7023265361785889,1050
0.7031655311584473,1049
0.7056071758270264,1048
0.7092220783233643,1047
0.7121438980102539,1046
0.746056079864502,1045
0.7544572353363037,1044
0.7565829753875732,1043
0.7610933780670166,1042
0.7618091106414795,1041
0.7655038833618164,1040
0.7672913074493408,1039
0.7717652320861816,1038
0.7849514484405518,1037
0.7865071296691895,1036
0.7906837463378906,1035
0.7954964637756348,1034
0.798058032989502,1033
0.812084436416626,1032
0.8127918243408203,1031
0.8288145065307617,1030
0.8377280235290527,1029
0.8398065567016602,1028
0.8414032459259033,1027
0.8430020809173584,1026
0.8513493537902832,1025
0.8549180030822754,1024
0.8556303977966309,1023
0.8566615581512451,1022
0.8749477863311768,1021
0.8772058486938477,1020
0.8819594383239746,1019
0.8914322853088379,1018
0.9144582748413086,1017
0.9217450618743896,1016
0.9295949935913086,1015
0.9320464134216309,1014
0.9330236911773682,1013
0.9347798824310303,1012
0.9439053535461426,1011
0.9837315082550049,1010
0.9888043403625488,1009
0.989518404006958,1008
1.0023212432861328,1007
1.0228550434112549,1006
1.0299098491668701,1005
1.0477187633514404,1004
1.081451177597046,1003
1.0951728820800781,1002
1.099517583847046,1001
1.1019189357757568,1000
1.1175217628479004,999
1.1221816539764404,998
1.1251957416534424,997
1.136031150817871,996
1.142944097518921,995
1.1436691284179688,994
1.1524548530578613,993
1.163055419921875,992
1.1728565692901611,991
1.1856133937835693,990
1.1996257305145264,989
1.2218282222747803,988
1.2323877811431885,987
1.2331018447875977,986
1.2560691833496094,985
1.2646551132202148,984
1.2796428203582764,983
1.2880873680114746,982
1.305166244506836,981
1.3113887310028076,980
1.3692467212677002,979
1.4529528617858887,978
1.4759697914123535,977
1.4940223693847656,976
1.5128471851348877,975
1.526400089263916,974
1.5446321964263916,973
1.5865099430084229,972
1.6409690380096436,971
1.653898000717163,970
1.6557621955871582,969
1.6613459587097168,968
1.6869466304779053,967
1.7694175243377686,966
1.7844812870025635,965
1.8448128700256348,964
1.8760480880737305,963
1.8769886493682861,962
2.013139247894287,961
2.1908655166625977,960
2.196230411529541,959
2.3324532508850098,958
2.454376697540283,957
2.6743688583374023,956
3.673682689666748,955
4.09433650970459,954
