0.019798994064331055,953
0.025867223739624023,952
0.03182625770568848,951
0.03779864311218262,950
0.04363870620727539,949
0.04935789108276367,948
0.055052995681762695,947
0.06076645851135254,946
0.06648087501525879,945
0.07227754592895508,944
0.0779564380645752,943
0.08371281623840332,942
0.08939695358276367,941
0.09507584571838379,940
0.10084652900695801,939
0.10655045509338379,938
0.11240983009338379,937
0.11810159683227539,936
0.12376213073730469,935
0.12948203086853027,934
0.13518071174621582,933
0.1409451961517334,932
0.14660167694091797,931
0.1523265838623047,930
0.15802502632141113,929
0.16370153427124023,928
0.16934800148010254,927
0.17506909370422363,926
0.18082690238952637,925
0.18659186363220215,924
0.19230866432189941,923
0.19805502891540527,922
0.20380473136901855,921
0.20949697494506836,920
0.21517014503479004,919
0.22083115577697754,918
0.22648382186889648,917
0.23217058181762695,916
0.2377004623413086,915
0.24329495429992676,914
0.2489771842956543,913
0.254580020904541,912
0.2602846622467041,911
0.2659173011779785,910
0.27156519889831543,909
0.27719712257385254,908
0.28282690048217773,907
0.28849101066589355,906
0.29421067237854004,905
0.29990673065185547,904
0.30562686920166016,903
0.31138038635253906,902
0.3170480728149414,901
0.3225114345550537,900
0.8809175491333008,899
