0.0013630390167236328,1460
0.002710103988647461,1459
0.004068851470947266,1458
0.005424022674560547,1457
0.006741046905517578,1456
0.00824594497680664,1455
0.010243892669677734,1454
0.011639118194580078,1453
0.012942790985107422,1452
0.014210939407348633,1451
0.015447854995727539,1450
0.0166778564453125,1449
0.017912864685058594,1448
0.019154071807861328,1447
0.020406007766723633,1446
0.021696090698242188,1445
0.02298283576965332,1444
0.0243227481842041,1443
0.027034997940063477,1442
0.028448104858398438,1441
0.02982306480407715,1440
0.031219959259033203,1439
0.0326998233795166,1438
0.03393888473510742,1437
0.035173892974853516,1436
0.03766989707946777,1435
0.03934288024902344,1434
0.04077291488647461,1433
0.04206705093383789,1432
0.04334688186645508,1431
0.04462289810180664,1430
0.04685497283935547,1429
0.04811692237854004,1428
0.04938387870788574,1427
0.05060696601867676,1426
0.05183601379394531,1425
0.053816795349121094,1424
0.05512499809265137,1423
0.05649900436401367,1422
0.05777382850646973,1421
0.05900907516479492,1420
0.060244083404541016,1419
0.06193804740905762,1418
0.06311988830566406,1417
0.0642549991607666,1416
0.06536293029785156,1415
0.0664370059967041,1414
0.06747198104858398,1413
0.06850600242614746,1412
0.0695350170135498,1411
0.0705709457397461,1410
0.07160711288452148,1409
0.07263803482055664,1408
0.0736699104309082,1407
0.0747079849243164,1406
0.07622098922729492,1405
0.07796883583068848,1404
0.07900285720825195,1403
0.08003997802734375,1402
0.08104896545410156,1401
0.08205699920654297,1400
0.08306312561035156,1399
0.08411407470703125,1398
0.0851280689239502,1397
0.08620810508728027,1396
0.08724403381347656,1395
0.08834481239318848,1394
0.0895988941192627,1393
0.09060478210449219,1392
0.0916287899017334,1391
0.09267401695251465,1390
0.09375500679016113,1389
0.09477090835571289,1388
0.09590506553649902,1387
0.09691405296325684,1386
0.09791898727416992,1385
0.09893107414245605,1384
0.09992790222167969,1383
0.10097002983093262,1382
0.10199093818664551,1381
0.10309410095214844,1380
0.10630607604980469,1379
0.10738682746887207,1378
0.10848808288574219,1377
0.10956096649169922,1376
0.11075782775878906,1375
0.11180806159973145,1374
0.11383891105651855,1373
0.11510896682739258,1372
0.11719608306884766,1371
0.1184239387512207,1370
0.11965703964233398,1369
0.12292790412902832,1368
0.12478494644165039,1367
0.1259779930114746,1366
0.1270589828491211,1365
0.12813806533813477,1364
0.12929391860961914,1363
0.13051605224609375,1362
0.13256502151489258,1361
0.13380694389343262,1360
0.1351480484008789,1359
0.13885498046875,1358
0.1416769027709961,1357
0.1431591510772705,1356
0.14455604553222656,1355
0.14595413208007812,1354
0.14754796028137207,1353
0.15319395065307617,1352
0.15459203720092773,1351
0.1561739444732666,1350
0.15767884254455566,1349
0.1592729091644287,1348
0.16094088554382324,1347
0.16341519355773926,1346
0.16618990898132324,1345
0.16763973236083984,1344
0.17070913314819336,1343
0.17483901977539062,1342
0.17628097534179688,1341
0.17769503593444824,1340
0.17912697792053223,1339
0.18060088157653809,1338
0.1835339069366455,1337
0.18659305572509766,1336
0.18860793113708496,1335
0.19030404090881348,1334
0.19182276725769043,1333
0.19402098655700684,1332
0.19551801681518555,1331
0.1969738006591797,1330
0.1984388828277588,1329
0.20038986206054688,1328
0.20295310020446777,1327
0.20592498779296875,1326
0.20869898796081543,1325
0.21031999588012695,1324
0.21184897422790527,1323
0.21649909019470215,1322
0.22008395195007324,1321
0.22449493408203125,1320
0.2259688377380371,1319
0.22888612747192383,1318
0.23035693168640137,1317
0.23271989822387695,1316
0.23413681983947754,1315
0.23560714721679688,1314
0.237138032913208,1313
0.24031686782836914,1312
0.2419300079345703,1311
0.2443389892578125,1310
0.24572086334228516,1309
0.2471010684967041,1308
0.2484889030456543,1307
0.2529869079589844,1306
0.25438809394836426,1305
0.25582194328308105,1304
0.25724196434020996,1303
0.2586817741394043,1302
0.26016688346862793,1301
0.2617650032043457,1300
0.26341676712036133,1299
0.2657511234283447,1298
0.2671089172363281,1297
0.26843810081481934,1296
0.27021193504333496,1295
0.27172303199768066,1294
0.27447509765625,1293
0.27585697174072266,1292
0.27793383598327637,1291
0.27927613258361816,1290
0.2830028533935547,1289
0.28505396842956543,1288
0.28635191917419434,1287
0.2876570224761963,1286
0.28900790214538574,1285
0.29143404960632324,1284
0.29274511337280273,1283
0.2942800521850586,1282
0.29555678367614746,1281
0.2968268394470215,1280
0.29809999465942383,1279
0.29933595657348633,1278
0.3010587692260742,1277
0.3027768135070801,1276
0.3040430545806885,1275
0.30658578872680664,1274
0.30879998207092285,1273
0.31005191802978516,1272
0.31123900413513184,1271
0.3123769760131836,1270
0.3137941360473633,1269
0.3148648738861084,1268
0.31591200828552246,1267
0.3190939426422119,1266
0.3249180316925049,1265
0.32596302032470703,1264
0.33016300201416016,1263
0.33664798736572266,1262
0.33893799781799316,1261
0.340008020401001,1260
0.34107089042663574,1259
0.3427541255950928,1258
0.3438138961791992,1257
0.3456730842590332,1256
0.3481118679046631,1255
0.3494899272918701,1254
0.3505411148071289,1253
0.35329484939575195,1252
0.3564119338989258,1251
0.35746097564697266,1250
0.35851287841796875,1249
0.3595609664916992,1248
0.3606531620025635,1247
0.36173081398010254,1246
0.3627750873565674,1245
0.3638129234313965,1244
0.36588096618652344,1243
0.369488000869751,1242
0.3710019588470459,1241
0.3732569217681885,1240
0.37683701515197754,1239
0.37859296798706055,1238
0.37962985038757324,1237
0.3816678524017334,1236
0.38268184661865234,1235
0.3856639862060547,1234
0.3891468048095703,1233
0.39017391204833984,1232
0.3921620845794678,1231
0.3946990966796875,1230
0.39801502227783203,1229
0.39977288246154785,1228
0.4014270305633545,1227
0.40500783920288086,1226
0.4068880081176758,1225
0.40801215171813965,1224
0.40911293029785156,1223
0.41108202934265137,1222
0.4141688346862793,1221
0.4153099060058594,1220
0.41974616050720215,1219
0.4243941307067871,1218
0.42783379554748535,1217
0.43027687072753906,1216
0.4313018321990967,1215
0.4343681335449219,1214
0.43573999404907227,1213
0.4410419464111328,1212
0.442061185836792,1211
0.44307494163513184,1210
0.44518208503723145,1209
0.4478569030761719,1208
0.44988393783569336,1207
0.4556548595428467,1206
0.45672607421875,1205
0.4581718444824219,1204
0.4592430591583252,1203
0.4613950252532959,1202
0.46355485916137695,1201
0.4666249752044678,1200
0.46925997734069824,1199
0.4704608917236328,1198
0.47158193588256836,1197
0.47574687004089355,1196
0.47786879539489746,1195
0.4804539680480957,1194
0.48162102699279785,1193
0.4826540946960449,1192
0.4836850166320801,1191
0.484752893447876,1190
0.4857940673828125,1189
0.4885890483856201,1188
0.49042797088623047,1187
0.49230098724365234,1186
0.4960777759552002,1185
0.49842095375061035,1184
0.4994499683380127,1183
0.5057728290557861,1182
0.5117919445037842,1181
0.5136959552764893,1180
0.515200138092041,1179
0.5162339210510254,1178
0.5180449485778809,1177
0.5290770530700684,1176
0.5381250381469727,1175
0.5396878719329834,1174
0.5407140254974365,1173
0.5446128845214844,1172
0.5456259250640869,1171
0.5548601150512695,1170
0.5589871406555176,1169
0.5650508403778076,1168
0.5675239562988281,1167
0.5778861045837402,1166
0.581171989440918,1165
0.583698034286499,1164
0.5850989818572998,1163
0.5889527797698975,1162
0.5934059619903564,1161
0.599794864654541,1160
0.6044459342956543,1159
0.6102399826049805,1158
0.6151738166809082,1157
0.6197891235351562,1156
0.621150016784668,1155
0.6231689453125,1154
0.6274850368499756,1153
0.6329710483551025,1152
0.6343209743499756,1151
0.6376669406890869,1150
0.6452298164367676,1149
0.6504678726196289,1148
0.6557610034942627,1147
0.6570761203765869,1146
0.6636931896209717,1145
0.6726558208465576,1144
0.6809680461883545,1143
0.682318925857544,1142
0.6836209297180176,1141
0.6849181652069092,1140
0.6863498687744141,1139
0.6944739818572998,1138
0.7016620635986328,1137
0.7052171230316162,1136
0.707597017288208,1135
0.7096898555755615,1134
0.7202839851379395,1133
0.7238428592681885,1132
0.7271728515625,1131
0.7284679412841797,1130
0.732619047164917,1129
0.7374899387359619,1128
0.7437999248504639,1127
0.7555148601531982,1126
0.7565829753875732,1125
0.7576429843902588,1124
0.7606778144836426,1123
0.765495777130127,1122
0.7665419578552246,1121
0.7712981700897217,1120
0.7723658084869385,1119
0.7734129428863525,1118
0.7747280597686768,1117
0.77577805519104,1116
0.7823638916015625,1115
0.7895739078521729,1114
0.7981021404266357,1113
0.799699068069458,1112
0.801300048828125,1111
0.8060140609741211,1110
0.8090581893920898,1109
0.812506914138794,1108
0.8135387897491455,1107
0.8154659271240234,1106
0.8255009651184082,1105
0.8265769481658936,1104
0.8318068981170654,1103
0.8338849544525146,1102
0.8382649421691895,1101
0.840324878692627,1100
0.8413519859313965,1099
0.8453021049499512,1098
0.8463270664215088,1097
0.8519859313964844,1096
0.8555037975311279,1095
0.8576478958129883,1094
0.8621540069580078,1093
0.8691699504852295,1092
0.8734478950500488,1091
0.8776309490203857,1090
0.8807709217071533,1089
0.8874409198760986,1088
0.897392988204956,1087
0.8991398811340332,1086
0.9087259769439697,1085
0.914160966873169,1084
0.9161639213562012,1083
0.9186599254608154,1082
0.9209780693054199,1081
0.9350268840789795,1080
0.9367518424987793,1079
0.9446899890899658,1078
0.9484438896179199,1077
0.9510757923126221,1076
0.9596419334411621,1075
0.9642839431762695,1074
0.9653258323669434,1073
0.9767360687255859,1072
0.9802241325378418,1071
0.9837009906768799,1070
0.9878349304199219,1069
0.9929149150848389,1068
0.993945837020874,1067
1.0059311389923096,1066
1.0077908039093018,1065
1.027951955795288,1064
1.0335109233856201,1063
1.0345370769500732,1062
1.0367140769958496,1061
1.0546791553497314,1060
1.0606119632720947,1059
1.0625109672546387,1058
1.0754649639129639,1057
1.0780937671661377,1056
1.0838279724121094,1055
1.08748197555542,1054
1.0938389301300049,1053
1.0982191562652588,1052
1.102849006652832,1051
1.115617036819458,1050
1.1168551445007324,1049
1.120835781097412,1048
1.1260359287261963,1047
1.1302847862243652,1046
1.17936110496521,1045
1.1917130947113037,1044
1.194782018661499,1043
1.2011651992797852,1042
1.2022240161895752,1041
1.2080459594726562,1040
1.2105181217193604,1039
1.2174959182739258,1038
1.2378041744232178,1037
1.2401831150054932,1036
1.2459499835968018,1035
1.2530200481414795,1034
1.2567970752716064,1033
1.2786691188812256,1032
1.2798128128051758,1031
1.305177927017212,1030
1.3179328441619873,1029
1.3212318420410156,1028
1.3236360549926758,1027
1.3260118961334229,1026
1.3383350372314453,1025
1.343256950378418,1024
1.344285011291504,1023
1.345771074295044,1022
1.372941017150879,1021
1.376098871231079,1020
1.3829519748687744,1019
1.3967900276184082,1018
1.4307830333709717,1017
1.4418470859527588,1016
1.4535760879516602,1015
1.4571027755737305,1014
1.4585092067718506,1013
1.460961103439331,1012
1.4740309715270996,1011
1.5326189994812012,1010
1.5400629043579102,1009
1.5411438941955566,1008
1.5598127841949463,1007
1.5897748470306396,1006
1.5999948978424072,1005
1.6268608570098877,1004
1.6780078411102295,1003
1.698348045349121,1002
1.7050459384918213,1001
1.7087349891662598,1000
1.733031988143921,999
1.7405147552490234,998
1.7452969551086426,997
1.7623119354248047,996
1.7735388278961182,995
1.7747299671173096,994
1.7883610725402832,993
1.8053879737854004,992
1.821455955505371,991
1.8418118953704834,990
1.8647260665893555,989
1.9009859561920166,988
1.9172821044921875,987
1.9183108806610107,986
1.9544110298156738,985
1.9679279327392578,984
1.99037504196167,983
2.002708911895752,982
2.0278117656707764,981
2.0367801189422607,980
2.120900869369507,979
2.2449610233306885,978
2.2791638374328613,977
2.3053598403930664,976
2.334794044494629,975
2.3556509017944336,974
2.383570909500122,973
2.442594051361084,972
2.519770860671997,971
2.538336992263794,970
2.541025161743164,969
2.5493619441986084,968
2.586455821990967,967
2.705590009689331,966
2.7294058799743652,965
2.814131021499634,964
2.8594470024108887,963
2.860797882080078,962
3.0599758625030518,961
3.3525078296661377,960
3.3562839031219482,959
3.548698902130127,958
3.727830171585083,957
4.056760787963867,956
5.52118992805481,955
6.1417810916900635,954
