0.02115154266357422,953
0.027539730072021484,952
0.033713579177856445,951
0.039929866790771484,950
0.04607248306274414,949
0.05212807655334473,948
0.05834674835205078,947
0.0644385814666748,946
0.07050538063049316,945
0.07663631439208984,944
0.08270812034606934,943
0.08882832527160645,942
0.09502363204956055,941
0.10115623474121094,940
0.10723638534545898,939
0.11329364776611328,938
0.11962223052978516,937
0.12576603889465332,936
0.13182282447814941,935
0.13793683052062988,934
0.14390206336975098,933
0.1500864028930664,932
0.15613412857055664,931
0.1623210906982422,930
0.16836762428283691,929
0.1744222640991211,928
0.18053221702575684,927
0.1866743564605713,926
0.19267511367797852,925
0.19883394241333008,924
0.20484089851379395,923
0.21101975440979004,922
0.2172245979309082,921
0.2233121395111084,920
0.2293698787689209,919
0.23547649383544922,918
0.2415320873260498,917
0.2476058006286621,916
0.2536308765411377,915
0.2598695755004883,914
0.26588869094848633,913
0.2719261646270752,912
0.27793169021606445,911
0.28401613235473633,910
0.2901031970977783,909
0.2961452007293701,908
0.30230188369750977,907
0.3083000183105469,906
0.3142545223236084,905
0.3202376365661621,904
0.32627415657043457,903
0.33231520652770996,902
0.33841991424560547,901
0.3444504737854004,900
0.5834622383117676,899
