0.019989967346191406,953
0.026249408721923828,952
0.032297372817993164,951
0.03840756416320801,950
0.04451346397399902,949
0.050572872161865234,948
0.05661916732788086,947
0.06260323524475098,946
0.06859898567199707,945
0.07444000244140625,944
0.08028197288513184,943
0.08613848686218262,942
0.09195852279663086,941
0.09785079956054688,940
0.1037299633026123,939
0.10955357551574707,938
0.11551737785339355,937
0.12147378921508789,936
0.1274714469909668,935
0.13347816467285156,934
0.1394824981689453,933
0.14553570747375488,932
0.15156912803649902,931
0.1576089859008789,930
0.16346216201782227,929
0.16929054260253906,928
0.1751251220703125,927
0.18091869354248047,926
0.18682074546813965,925
0.19266629219055176,924
0.19849157333374023,923
0.20438647270202637,922
0.21019268035888672,921
0.2160329818725586,920
0.2219548225402832,919
0.2278902530670166,918
0.23396587371826172,917
0.2399287223815918,916
0.2459545135498047,915
0.2519383430480957,914
0.2578721046447754,913
0.2637622356414795,912
0.26953792572021484,911
0.2753598690032959,910
0.2811570167541504,909
0.286968469619751,908
0.2927670478820801,907
0.29853057861328125,906
0.3043673038482666,905
0.31011009216308594,904
0.3158888816833496,903
0.32176947593688965,902
0.327695369720459,901
0.3337273597717285,900
0.9060478210449219,899
