0.021333694458007812,953
0.0277712345123291,952
0.03404045104980469,951
0.04031729698181152,950
0.04642152786254883,949
0.05244898796081543,948
0.05851340293884277,947
0.06474041938781738,946
0.07083845138549805,945
0.07687640190124512,944
0.08279800415039062,943
0.08879327774047852,942
0.09489321708679199,941
0.1010134220123291,940
0.1069786548614502,939
0.11312413215637207,938
0.11914944648742676,937
0.12506818771362305,936
0.13105130195617676,935
0.13718533515930176,934
0.14316773414611816,933
0.14924931526184082,932
0.15520882606506348,931
0.1612567901611328,930
0.16720032691955566,929
0.17327237129211426,928
0.17924928665161133,927
0.18543672561645508,926
0.19141483306884766,925
0.19750213623046875,924
0.2036454677581787,923
0.20980048179626465,922
0.21565937995910645,921
0.2216174602508545,920
0.22754669189453125,919
0.23372173309326172,918
0.2396540641784668,917
0.24581122398376465,916
0.25168514251708984,915
0.25762033462524414,914
0.2635769844055176,913
0.26961803436279297,912
0.27567028999328613,911
0.2817530632019043,910
0.2876861095428467,909
0.2936558723449707,908
0.29955506324768066,907
0.3054952621459961,906
0.31152987480163574,905
0.3174741268157959,904
0.3236196041107178,903
0.32958340644836426,902
0.3356812000274658,901
0.34171128273010254,900
0.8844451904296875,899
