0.020491838455200195,953
0.0266721248626709,952
0.03257465362548828,951
0.038420915603637695,950
0.04416966438293457,949
0.049979209899902344,948
0.05600166320800781,947
0.061920166015625,946
0.06769967079162598,945
0.0735163688659668,944
0.07936477661132812,943
0.08532261848449707,942
0.09110617637634277,941
0.09694814682006836,940
0.10270237922668457,939
0.10853385925292969,938
0.11429071426391602,937
0.12021398544311523,936
0.12598514556884766,935
0.13179659843444824,934
0.13754606246948242,933
0.14333128929138184,932
0.14908528327941895,931
0.15494799613952637,930
0.16072678565979004,929
0.1666109561920166,928
0.17236089706420898,927
0.17813563346862793,926
0.18395423889160156,925
0.18987107276916504,924
0.19559884071350098,923
0.20131516456604004,922
0.20701861381530762,921
0.21280837059020996,920
0.21864914894104004,919
0.22438931465148926,918
0.23021197319030762,917
0.2359304428100586,916
0.24169683456420898,915
0.2474374771118164,914
0.2532355785369873,913
0.2588791847229004,912
0.2646646499633789,911
0.27034640312194824,910
0.2760300636291504,909
0.28174304962158203,908
0.28746533393859863,907
0.2932097911834717,906
0.299055814743042,905
0.3048286437988281,904
0.31052541732788086,903
0.3162522315979004,902
0.32208943367004395,901
0.32791590690612793,900
0.6105697154998779,899
