0.0024597644805908203,4940
0.004485368728637695,4939
0.006468772888183594,4938
0.00844573974609375,4937
0.010423898696899414,4936
0.012368202209472656,4935
0.01434326171875,4934
0.01628708839416504,4933
0.018231630325317383,4932
0.020177125930786133,4931
0.02214646339416504,4930
0.02412247657775879,4929
0.02618122100830078,4928
0.0282137393951416,4927
0.030192136764526367,4926
0.032167911529541016,4925
0.03410840034484863,4924
0.03604531288146973,4923
0.03810858726501465,4922
0.04013657569885254,4921
0.04222822189331055,4920
0.044252872467041016,4919
0.04628157615661621,4918
0.048259735107421875,4917
0.0502321720123291,4916
0.052199602127075195,4915
0.054136037826538086,4914
0.05607295036315918,4913
0.05804109573364258,4912
0.06012272834777832,4911
0.06221127510070801,4910
0.06415629386901855,4909
0.0661783218383789,4908
0.06820201873779297,4907
0.07022404670715332,4906
0.0722496509552002,4905
0.07430529594421387,4904
0.07625985145568848,4903
0.07822608947753906,4902
0.0814518928527832,4901
0.08362865447998047,4900
0.0857245922088623,4899
0.08776140213012695,4898
0.08980417251586914,4897
0.09398412704467773,4896
0.09599828720092773,4895
0.09801340103149414,4894
0.09993910789489746,4893
0.10187149047851562,4892
0.10379791259765625,4891
0.10573339462280273,4890
0.10768699645996094,4889
0.10971403121948242,4888
0.11171579360961914,4887
0.11375570297241211,4886
0.11575746536254883,4885
0.11777329444885254,4884
0.11977887153625488,4883
0.12178850173950195,4882
0.12379264831542969,4881
0.1259474754333496,4880
0.128007173538208,4879
0.13021206855773926,4878
0.13234186172485352,4877
0.13449668884277344,4876
0.13643598556518555,4875
0.13862037658691406,4874
0.14074230194091797,4873
0.14284753799438477,4872
0.14493155479431152,4871
0.14693951606750488,4870
0.14889836311340332,4869
0.15119099617004395,4868
0.153411865234375,4867
0.15583491325378418,4866
0.15819215774536133,4865
0.16052675247192383,4864
0.1629636287689209,4863
0.1652660369873047,4862
0.16744661331176758,4861
0.16967487335205078,4860
0.1717977523803711,4859
0.17463326454162598,4858
0.17729520797729492,4857
0.1799454689025879,4856
0.18259024620056152,4855
0.18524932861328125,4854
0.18795990943908691,4853
0.19053983688354492,4852
0.1929187774658203,4851
0.19489383697509766,4850
0.1971592903137207,4849
0.19962501525878906,4848
0.20203375816345215,4847
0.20432758331298828,4846
0.20675420761108398,4845
0.2090296745300293,4844
0.21101999282836914,4843
0.21303772926330566,4842
0.21506166458129883,4841
0.21707963943481445,4840
0.21902728080749512,4839
0.22110247611999512,4838
0.2231128215789795,4837
0.22515487670898438,4836
0.22709250450134277,4835
0.2291123867034912,4834
0.23105573654174805,4833
0.23308587074279785,4832
0.23502516746520996,4831
0.2370908260345459,4830
0.23903799057006836,4829
0.2422468662261963,4828
0.24428749084472656,4827
0.24678421020507812,4826
0.24881410598754883,4825
0.25223731994628906,4824
0.25521111488342285,4823
0.2571587562561035,4822
0.2591371536254883,4821
0.26108670234680176,4820
0.2649862766265869,4819
0.2669551372528076,4818
0.2689089775085449,4817
0.2708566188812256,4816
0.2728099822998047,4815
0.2747828960418701,4814
0.27855801582336426,4813
0.28069567680358887,4812
0.28269124031066895,4811
0.2852349281311035,4810
0.28728628158569336,4809
0.2893047332763672,4808
0.2913529872894287,4807
0.2933051586151123,4806
0.29616808891296387,4805
0.2981727123260498,4804
0.3002197742462158,4803
0.3022329807281494,4802
0.3041844367980957,4801
0.30621814727783203,4800
0.3082287311553955,4799
0.31020641326904297,4798
0.3121621608734131,4797
0.31413960456848145,4796
0.31609416007995605,4795
0.31819987297058105,4794
0.3205251693725586,4793
0.32253026962280273,4792
0.3245389461517334,4791
0.3265674114227295,4790
0.3285257816314697,4789
0.3305025100708008,4788
0.3324568271636963,4787
0.3344306945800781,4786
0.3363838195800781,4785
0.33859753608703613,4784
0.3408544063568115,4783
0.3429884910583496,4782
0.3450157642364502,4781
0.3469662666320801,4780
0.3489549160003662,4779
0.3509047031402588,4778
0.3529996871948242,4777
0.3550095558166504,4776
0.3570592403411865,4775
0.359036922454834,4774
0.36103081703186035,4773
0.3630356788635254,4772
0.365065336227417,4771
0.3670194149017334,4770
0.36907339096069336,4769
0.3710505962371826,4768
0.3730018138885498,4767
0.37497806549072266,4766
0.37693095207214355,4765
0.38082361221313477,4764
0.38277268409729004,4763
0.3847217559814453,4762
0.38666701316833496,4761
0.38862180709838867,4760
0.390594482421875,4759
0.39258265495300293,4758
0.3945941925048828,4757
0.3966193199157715,4756
0.3985896110534668,4755
0.40053439140319824,4754
0.4031333923339844,4753
0.40511393547058105,4752
0.4070556163787842,4751
0.40903615951538086,4750
0.4109818935394287,4749
0.4129927158355713,4748
0.41500258445739746,4747
0.41701674461364746,4746
0.4190356731414795,4745
0.4210996627807617,4744
0.4230494499206543,4743
0.4250929355621338,4742
0.42716479301452637,4741
0.42920351028442383,4740
0.4312400817871094,4739
0.43328022956848145,4738
0.4352550506591797,4737
0.43735218048095703,4736
0.4393606185913086,4735
0.4414052963256836,4734
0.44448137283325195,4733
0.44652628898620605,4732
0.4485340118408203,4731
0.4505147933959961,4730
0.4542276859283447,4729
0.4562375545501709,4728
0.45827174186706543,4727
0.4602830410003662,4726
0.462296724319458,4725
0.46424269676208496,4724
0.4662654399871826,4723
0.46827244758605957,4722
0.47034573554992676,4721
0.47229838371276855,4720
0.47428369522094727,4719
0.47626161575317383,4718
0.4782137870788574,4717
0.4806640148162842,4716
0.48264122009277344,4715
0.4846498966217041,4714
0.48662781715393066,4713
0.4913327693939209,4712
0.4933176040649414,4711
0.4952683448791504,4710
0.4972262382507324,4709
0.501039981842041,4708
0.5030286312103271,4707
0.5050106048583984,4706
0.5069622993469238,4705
0.5089459419250488,4704
0.5128462314605713,4703
0.5148270130157471,4702
0.5183455944061279,4701
0.520357608795166,4700
0.5224251747131348,4699
0.5244898796081543,4698
0.5265209674835205,4697
0.5329685211181641,4696
0.5349569320678711,4695
0.5372929573059082,4694
0.5410747528076172,4693
0.5430436134338379,4692
0.54524827003479,4691
0.5472054481506348,4690
0.5492045879364014,4689
0.5511527061462402,4688
0.5531558990478516,4687
0.5551021099090576,4686
0.5571115016937256,4685
0.5590898990631104,4684
0.562075138092041,4683
0.5661358833312988,4682
0.5681462287902832,4681
0.5701870918273926,4680
0.5721371173858643,4679
0.5741512775421143,4678
0.5761573314666748,4677
0.578169584274292,4676
0.580207109451294,4675
0.5822217464447021,4674
0.5864987373352051,4673
0.5884525775909424,4672
0.592501163482666,4671
0.5983996391296387,4670
0.60036301612854,4669
0.6023478507995605,4668
0.6043295860290527,4667
0.6065993309020996,4666
0.6089084148406982,4665
0.6110379695892334,4664
0.6131486892700195,4663
0.6152410507202148,4662
0.617365837097168,4661
0.6195321083068848,4660
0.6217529773712158,4659
0.6295380592346191,4658
0.6362552642822266,4657
0.6383304595947266,4656
0.6403965950012207,4655
0.6426186561584473,4654
0.6461348533630371,4653
0.6497187614440918,4652
0.6518466472625732,4651
0.65403151512146,4650
0.6560323238372803,4649
0.6580431461334229,4648
0.6600301265716553,4647
0.6628587245941162,4646
0.6648316383361816,4645
0.6668081283569336,4644
0.6694333553314209,4643
0.6714520454406738,4642
0.6734175682067871,4641
0.6753699779510498,4640
0.6773552894592285,4639
0.6793093681335449,4638
0.6812665462493896,4637
0.6832172870635986,4636
0.6860241889953613,4635
0.6889264583587646,4634
0.6909699440002441,4633
0.6930141448974609,4632
0.695023775100708,4631
0.6970429420471191,4630
0.6990530490875244,4629
0.7030735015869141,4628
0.705035924911499,4627
0.7069861888885498,4626
0.7089405059814453,4625
0.7109825611114502,4624
0.7129383087158203,4623
0.714951753616333,4622
0.716965913772583,4621
0.7189784049987793,4620
0.7210397720336914,4619
0.7230751514434814,4618
0.7250485420227051,4617
0.7271058559417725,4616
0.7312092781066895,4615
0.7332286834716797,4614
0.7352457046508789,4613
0.7374448776245117,4612
0.7394251823425293,4611
0.7457098960876465,4610
0.7477245330810547,4609
0.7525203227996826,4608
0.7545034885406494,4607
0.7564918994903564,4606
0.758460521697998,4605
0.7624635696411133,4604
0.7644510269165039,4603
0.7665164470672607,4602
0.7684695720672607,4601
0.772449254989624,4600
0.7745351791381836,4599
0.7765805721282959,4598
0.7785418033599854,4597
0.7804932594299316,4596
0.7824525833129883,4595
0.7879970073699951,4594
0.791956901550293,4593
0.7939672470092773,4592
0.7978842258453369,4591
0.79986572265625,4590
0.8019087314605713,4589
0.8039236068725586,4588
0.8059349060058594,4587
0.8078892230987549,4586
0.8115167617797852,4585
0.8134770393371582,4584
0.8154916763305664,4583
0.8175115585327148,4582
0.8195269107818604,4581
0.8216397762298584,4580
0.8237688541412354,4579
0.8257803916931152,4578
0.8277363777160645,4577
0.8297467231750488,4576
0.8317005634307861,4575
0.8346469402313232,4574
0.8371670246124268,4573
0.8391215801239014,4572
0.8411898612976074,4571
0.843397855758667,4570
0.8454525470733643,4569
0.8474411964416504,4568
0.849940299987793,4567
0.8524391651153564,4566
0.8572607040405273,4565
0.8592486381530762,4564
0.8612542152404785,4563
0.8632097244262695,4562
0.8651978969573975,4561
0.8671574592590332,4560
0.8731086254119873,4559
0.875070333480835,4558
0.8770995140075684,4557
0.8790590763092041,4556
0.8810243606567383,4555
0.8829810619354248,4554
0.8902816772460938,4553
0.893796443939209,4552
0.8996448516845703,4551
0.9017338752746582,4550
0.9037530422210693,4549
0.9057743549346924,4548
0.907733678817749,4547
0.9112842082977295,4546
0.9132518768310547,4545
0.9152307510375977,4544
0.9172356128692627,4543
0.9237537384033203,4542
0.9268825054168701,4541
0.9293596744537354,4540
0.9336042404174805,4539
0.9364347457885742,4538
0.938683032989502,4537
0.9407367706298828,4536
0.9433977603912354,4535
0.9456944465637207,4534
0.9478249549865723,4533
0.9498960971832275,4532
0.9528954029083252,4531
0.9548969268798828,4530
0.9570026397705078,4529
0.9590208530426025,4528
0.9628653526306152,4527
0.964937686920166,4526
0.9669573307037354,4525
0.9696035385131836,4524
0.9716544151306152,4523
0.9737086296081543,4522
0.9757113456726074,4521
0.9778656959533691,4520
0.9799258708953857,4519
0.9827413558959961,4518
0.984705924987793,4517
0.9886982440948486,4516
0.9913456439971924,4515
0.9933388233184814,4514
0.9952964782714844,4513
0.9972620010375977,4512
0.9992697238922119,4511
1.0012362003326416,4510
1.006687879562378,4509
1.0087025165557861,4508
1.014742374420166,4507
1.019002914428711,4506
1.021130084991455,4505
1.0237832069396973,4504
1.027806043624878,4503
1.030907392501831,4502
1.0329234600067139,4501
1.0349349975585938,4500
1.0369229316711426,4499
1.0388810634613037,4498
1.0408694744110107,4497
1.0441105365753174,4496
1.0461652278900146,4495
1.048147201538086,4494
1.0518181324005127,4493
1.0545761585235596,4492
1.0565905570983887,4491
1.0589628219604492,4490
1.061009168624878,4489
1.064965009689331,4488
1.071899175643921,4487
1.0739216804504395,4486
1.0759129524230957,4485
1.0779058933258057,4484
1.0807883739471436,4483
1.082808017730713,4482
1.0848257541656494,4481
1.0868165493011475,4480
1.0887815952301025,4479
1.090742588043213,4478
1.0963695049285889,4477
1.0983693599700928,4476
1.1004228591918945,4475
1.102827787399292,4474
1.1082894802093506,4473
1.1103360652923584,4472
1.1123473644256592,4471
1.1156725883483887,4470
1.1177000999450684,4469
1.1197443008422852,4468
1.1218311786651611,4467
1.1238012313842773,4466
1.1258876323699951,4465
1.1286845207214355,4464
1.1307063102722168,4463
1.1326990127563477,4462
1.1346583366394043,4461
1.1367175579071045,4460
1.1389739513397217,4459
1.141094446182251,4458
1.1431503295898438,4457
1.1452150344848633,4456
1.1471796035766602,4455
1.149177074432373,4454
1.152977705001831,4453
1.1549437046051025,4452
1.156996726989746,4451
1.1610405445098877,4450
1.1630020141601562,4449
1.165048599243164,4448
1.1683375835418701,4447
1.1703572273254395,4446
1.1754934787750244,4445
1.1775262355804443,4444
1.1826281547546387,4443
1.1846020221710205,4442
1.1866207122802734,4441
1.1896109580993652,4440
1.1916027069091797,4439
1.1935973167419434,4438
1.1955592632293701,4437
1.197528600692749,4436
1.199488878250122,4435
1.2015416622161865,4434
1.2035582065582275,4433
1.20552659034729,4432
1.2078275680541992,4431
1.2117013931274414,4430
1.213801622390747,4429
1.2158429622650146,4428
1.2179057598114014,4427
1.2220025062561035,4426
1.2274603843688965,4425
1.2302870750427246,4424
1.234220266342163,4423
1.2388062477111816,4422
1.2413463592529297,4421
1.2453112602233887,4420
1.2493493556976318,4419
1.2513985633850098,4418
1.2534258365631104,4417
1.2554500102996826,4416
1.2574198246002197,4415
1.2608470916748047,4414
1.2628870010375977,4413
1.2661328315734863,4412
1.2680962085723877,4411
1.270789384841919,4410
1.272754430770874,4409
1.2747182846069336,4408
1.2767143249511719,4407
1.2786893844604492,4406
1.2808291912078857,4405
1.2832520008087158,4404
1.285276174545288,4403
1.2892966270446777,4402
1.2916977405548096,4401
1.2937541007995605,4400
1.2962515354156494,4399
1.3017122745513916,4398
1.3037338256835938,4397
1.3057518005371094,4396
1.3077785968780518,4395
1.3110756874084473,4394
1.3176679611206055,4393
1.330031394958496,4392
1.3320508003234863,4391
1.3341045379638672,4390
1.3411839008331299,4389
1.34352707862854,4388
1.3456189632415771,4387
1.3533570766448975,4386
1.357283115386963,4385
1.3592803478240967,4384
1.362886905670166,4383
1.3648576736450195,4382
1.3668200969696045,4381
1.368809461593628,4380
1.3708136081695557,4379
1.3728394508361816,4378
1.3748595714569092,4377
1.3769121170043945,4376
1.3809516429901123,4375
1.3841853141784668,4374
1.38620924949646,4373
1.3882296085357666,4372
1.3903770446777344,4371
1.3924884796142578,4370
1.3944666385650635,4369
1.396460771560669,4368
1.398430585861206,4367
1.4003949165344238,4366
1.4047067165374756,4365
1.4087393283843994,4364
1.4107332229614258,4363
1.4133925437927246,4362
1.4153554439544678,4361
1.4173250198364258,4360
1.4192895889282227,4359
1.4227969646453857,4358
1.4248161315917969,4357
1.4286389350891113,4356
1.4306533336639404,4355
1.4326739311218262,4354
1.4363441467285156,4353
1.440375804901123,4352
1.4424571990966797,4351
1.4445021152496338,4350
1.4475572109222412,4349
1.4495799541473389,4348
1.458946704864502,4347
1.461355209350586,4346
1.4633567333221436,4345
1.4654419422149658,4344
1.4675993919372559,4343
1.4695746898651123,4342
1.4737319946289062,4341
1.4830236434936523,4340
1.485022783279419,4339
1.4870152473449707,4338
1.4889867305755615,4337
1.490950107574463,4336
1.4929478168487549,4335
1.4968788623809814,4334
1.502190113067627,4333
1.5042037963867188,4332
1.5062205791473389,4331
1.5082333087921143,4330
1.5103082656860352,4329
1.5144264698028564,4328
1.5180258750915527,4327
1.5200459957122803,4326
1.5240743160247803,4325
1.5261471271514893,4324
1.5284714698791504,4323
1.530555009841919,4322
1.532593011856079,4321
1.5353808403015137,4320
1.5376896858215332,4319
1.5397541522979736,4318
1.5430388450622559,4317
1.5460724830627441,4316
1.5500078201293945,4315
1.5539376735687256,4314
1.5578701496124268,4313
1.5598664283752441,4312
1.5638697147369385,4311
1.5658941268920898,4310
1.5683505535125732,4309
1.570322036743164,4308
1.5722877979278564,4307
1.5742549896240234,4306
1.5762512683868408,4305
1.5782756805419922,4304
1.5803308486938477,4303
1.582298755645752,4302
1.584266185760498,4301
1.5862741470336914,4300
1.5882911682128906,4299
1.592362403869629,4298
1.5994703769683838,4297
1.6014420986175537,4296
1.6034343242645264,4295
1.6055033206939697,4294
1.6080818176269531,4293
1.6104986667633057,4292
1.6126434803009033,4291
1.6146256923675537,4290
1.6219701766967773,4289
1.6239447593688965,4288
1.6259615421295166,4287
1.6283791065216064,4286
1.631810188293457,4285
1.6338801383972168,4284
1.637148141860962,4283
1.6429316997528076,4282
1.645108699798584,4281
1.6490700244903564,4280
1.6510412693023682,4279
1.65301513671875,4278
1.661787986755371,4277
1.6639273166656494,4276
1.667454719543457,4275
1.6694250106811523,4274
1.6734185218811035,4273
1.6774818897247314,4272
1.6815056800842285,4271
1.685042381286621,4270
1.6870481967926025,4269
1.6890475749969482,4268
1.6910481452941895,4267
1.6967992782592773,4266
1.7007310390472412,4265
1.7027254104614258,4264
1.705040454864502,4263
1.7081756591796875,4262
1.713916301727295,4261
1.7158856391906738,4260
1.7198209762573242,4259
1.7217886447906494,4258
1.725782871246338,4257
1.7277541160583496,4256
1.729783296585083,4255
1.7317514419555664,4254
1.7347533702850342,4253
1.7368109226226807,4252
1.7418646812438965,4251
1.7445597648620605,4250
1.7465784549713135,4249
1.7492671012878418,4248
1.7513153553009033,4247
1.7533669471740723,4246
1.757131814956665,4245
1.7611055374145508,4244
1.7637226581573486,4243
1.7657673358917236,4242
1.7701117992401123,4241
1.7733962535858154,4240
1.780367136001587,4239
1.7823386192321777,4238
1.7843070030212402,4237
1.7882425785064697,4236
1.7922773361206055,4235
1.795743465423584,4234
1.7992589473724365,4233
1.801283359527588,4232
1.8054943084716797,4231
1.8075523376464844,4230
1.814171552658081,4229
1.8161370754241943,4228
1.8195700645446777,4227
1.8215432167053223,4226
1.8235118389129639,4225
1.8254852294921875,4224
1.8294520378112793,4223
1.8314716815948486,4222
1.8334624767303467,4221
1.8354339599609375,4220
1.8374216556549072,4219
1.8394687175750732,4218
1.8435685634613037,4217
1.8456335067749023,4216
1.849768877029419,4215
1.85178804397583,4214
1.8538126945495605,4213
1.855830430984497,4212
1.8578064441680908,4211
1.8598527908325195,4210
1.8618710041046143,4209
1.8655710220336914,4208
1.869218111038208,4207
1.8712372779846191,4206
1.8732569217681885,4205
1.8753037452697754,4204
1.878591537475586,4203
1.8805673122406006,4202
1.8825337886810303,4201
1.8851068019866943,4200
1.8906121253967285,4199
1.8963162899017334,4198
1.8983161449432373,4197
1.9010794162750244,4196
1.9034874439239502,4195
1.9094843864440918,4194
1.9135398864746094,4193
1.9171605110168457,4192
1.921109914779663,4191
1.9231905937194824,4190
1.9288113117218018,4189
1.930835247039795,4188
1.936100721359253,4187
1.939072608947754,4186
1.9420995712280273,4185
1.944239616394043,4184
1.9488224983215332,4183
1.953460693359375,4182
1.9574322700500488,4181
1.9594776630401611,4180
1.9615025520324707,4179
1.9635214805603027,4178
1.966289758682251,4177
1.9702072143554688,4176
1.975311517715454,4175
1.9797050952911377,4174
1.9817864894866943,4173
1.9869329929351807,4172
1.9889585971832275,4171
1.9909334182739258,4170
1.9947278499603271,4169
1.998856782913208,4168
2.000828981399536,4167
2.002791404724121,4166
2.004796266555786,4165
2.0067710876464844,4164
2.00877046585083,4163
2.0108444690704346,4162
2.012906551361084,4161
2.017993450164795,4160
2.020390510559082,4159
2.02236270904541,4158
2.0243356227874756,4157
2.0263357162475586,4156
2.0291945934295654,4155
2.0311663150787354,4154
2.0378453731536865,4153
2.040940523147583,4152
2.042940616607666,4151
2.0449585914611816,4150
2.047976016998291,4149
2.0522117614746094,4148
2.0542378425598145,4147
2.058009147644043,4146
2.0611987113952637,4145
2.0671942234039307,4144
2.069220781326294,4143
2.073270082473755,4142
2.077289581298828,4141
2.079357147216797,4140
2.08339524269104,4139
2.090498924255371,4138
2.094057321548462,4137
2.0976650714874268,4136
2.1032044887542725,4135
2.1102538108825684,4134
2.112980842590332,4133
2.114957571029663,4132
2.1222434043884277,4131
2.126335382461548,4130
2.1328394412994385,4129
2.1348345279693604,4128
2.1368985176086426,4127
2.1404426097869873,4126
2.1425516605377197,4125
2.15209698677063,4124
2.154191732406616,4123
2.158268690109253,4122
2.1603496074676514,4121
2.1656105518341064,4120
2.1676313877105713,4119
2.169712543487549,4118
2.1717374324798584,4117
2.1737589836120605,4116
2.1758570671081543,4115
2.1799604892730713,4114
2.1840341091156006,4113
2.191190481185913,4112
2.1932666301727295,4111
2.195291757583618,4110
2.197319507598877,4109
2.199341297149658,4108
2.203906774520874,4107
2.2103521823883057,4106
2.2145280838012695,4105
2.2203550338745117,4104
2.222370147705078,4103
2.224381685256958,4102
2.2277848720550537,4101
2.2298107147216797,4100
2.233849287033081,4099
2.236865282058716,4098
2.238887310028076,4097
2.250602960586548,4096
2.2526702880859375,4095
2.258319616317749,4094
2.262587308883667,4093
2.264556646347046,4092
2.266923427581787,4091
2.2689456939697266,4090
2.272986650466919,4089
2.274993419647217,4088
2.276991128921509,4087
2.282679557800293,4086
2.2869722843170166,4085
2.2915425300598145,4084
2.293623208999634,4083
2.2977418899536133,4082
2.2997899055480957,4081
2.304767608642578,4080
2.3111929893493652,4079
2.3132145404815674,4078
2.3152310848236084,4077
2.3189399242401123,4076
2.320960521697998,4075
2.322978973388672,4074
2.326521158218384,4073
2.330392599105835,4072
2.3339109420776367,4071
2.3380444049835205,4070
2.3412411212921143,4069
2.346893072128296,4068
2.3522093296051025,4067
2.3541715145111084,4066
2.357532501220703,4065
2.3612098693847656,4064
2.3672101497650146,4063
2.37123441696167,4062
2.374581813812256,4061
2.378713369369507,4060
2.3807485103607178,4059
2.3863680362701416,4058
2.393491506576538,4057
2.395448684692383,4056
2.3978238105773926,4055
2.400515079498291,4054
2.402521848678589,4053
2.4045262336730957,4052
2.4065425395965576,4051
2.4085566997528076,4050
2.4106764793395996,4049
2.4140403270721436,4048
2.420132637023926,4047
2.422133207321167,4046
2.425304651260376,4045
2.43898868560791,4044
2.443063259124756,4043
2.4450671672821045,4042
2.4477837085723877,4041
2.4498307704925537,4040
2.4537694454193115,4039
2.460035800933838,4038
2.4643054008483887,4037
2.4682819843292236,4036
2.474451780319214,4035
2.476496458053589,4034
2.478813409805298,4033
2.4808003902435303,4032
2.4827520847320557,4031
2.489117383956909,4030
2.491121768951416,4029
2.495189905166626,4028
2.5071187019348145,4027
2.5104198455810547,4026
2.5124382972717285,4025
2.514486312866211,4024
2.517470598220825,4023
2.5228519439697266,4022
2.52909255027771,4021
2.5311925411224365,4020
2.5333411693573,4019
2.535385847091675,4018
2.541132926940918,4017
2.5431969165802,4016
2.5453081130981445,4015
2.549386739730835,4014
2.551412582397461,4013
2.553428888320923,4012
2.5554447174072266,4011
2.5629637241363525,4010
2.5649924278259277,4009
2.5670149326324463,4008
2.5721073150634766,4007
2.574113607406616,4006
2.582890033721924,4005
2.5868117809295654,4004
2.588792085647583,4003
2.5907609462738037,4002
2.5928797721862793,4001
2.595409870147705,4000
2.6010799407958984,3999
2.60304856300354,3998
2.605055570602417,3997
2.613541841506958,3996
2.6155734062194824,3995
2.617664337158203,3994
2.621729612350464,3993
2.6237497329711914,3992
2.6281580924987793,3991
2.630625009536743,3990
2.637842893600464,3989
2.645930051803589,3988
2.647942543029785,3987
2.6520628929138184,3986
2.654177665710449,3985
2.6654093265533447,3984
2.6771464347839355,3983
2.6791536808013916,3982
2.683180809020996,3981
2.6910057067871094,3980
2.6951451301574707,3979
2.700186252593994,3978
2.702193260192871,3977
2.707160711288452,3976
2.71160888671875,3975
2.713628053665161,3974
2.7156333923339844,3973
2.717663526535034,3972
2.7228622436523438,3971
2.7297282218933105,3970
2.731759786605835,3969
2.736175775527954,3968
2.7406907081604004,3967
2.7426655292510986,3966
2.749871253967285,3965
2.7637646198272705,3964
2.7662436962127686,3963
2.768249750137329,3962
2.7722864151000977,3961
2.7805185317993164,3960
2.7848527431488037,3959
2.788409948348999,3958
2.7904586791992188,3957
2.795677900314331,3956
2.803006172180176,3955
2.8050196170806885,3954
2.8141493797302246,3953
2.819148540496826,3952
2.821268081665039,3951
2.831995725631714,3950
2.838028907775879,3949
2.840003728866577,3948
2.8420023918151855,3947
2.8440120220184326,3946
2.8481383323669434,3945
2.8501861095428467,3944
2.8546385765075684,3943
2.8566789627075195,3942
2.860293388366699,3941
2.862347364425659,3940
2.864798069000244,3939
2.8675055503845215,3938
2.8741800785064697,3937
2.8811144828796387,3936
2.885174036026001,3935
2.8920276165008545,3934
2.894643783569336,3933
2.896608829498291,3932
2.90279483795166,3931
2.904818058013916,3930
2.908205270767212,3929
2.9102182388305664,3928
2.917572259902954,3927
2.921165704727173,3926
2.9238781929016113,3925
2.9259612560272217,3924
2.927983522415161,3923
2.930058717727661,3922
2.9320662021636963,3921
2.9341254234313965,3920
2.9370503425598145,3919
2.9452152252197266,3918
2.950577974319458,3917
2.952596426010132,3916
2.954604148864746,3915
2.960653781890869,3914
2.9635589122772217,3913
2.9680259227752686,3912
2.9701080322265625,3911
2.972083330154419,3910
2.9740569591522217,3909
2.9811758995056152,3908
2.9851531982421875,3907
2.9891586303710938,3906
2.9911751747131348,3905
2.997821807861328,3904
2.999846935272217,3903
3.001927375793457,3902
3.003939151763916,3901
3.011636734008789,3900
3.017591953277588,3899
3.0196139812469482,3898
3.021636486053467,3897
3.024588108062744,3896
3.0266597270965576,3895
3.032782554626465,3894
3.036606550216675,3893
3.0386292934417725,3892
3.0406548976898193,3891
3.0426645278930664,3890
3.044675827026367,3889
3.046698808670044,3888
3.0507326126098633,3887
3.0532729625701904,3886
3.0586142539978027,3885
3.0623764991760254,3884
3.0690882205963135,3883
3.0710651874542236,3882
3.073516845703125,3881
3.0763142108917236,3880
3.081629514694214,3879
3.0864927768707275,3878
3.094557046890259,3877
3.0966458320617676,3876
3.098761796951294,3875
3.1060714721679688,3874
3.1080996990203857,3873
3.1101489067077637,3872
3.1121630668640137,3871
3.114180088043213,3870
3.1161656379699707,3869
3.118201494216919,3868
3.1222636699676514,3867
3.1242759227752686,3866
3.128336191177368,3865
3.140864133834839,3864
3.1439924240112305,3863
3.1460342407226562,3862
3.1565511226654053,3861
3.158724069595337,3860
3.1679749488830566,3859
3.1775050163269043,3858
3.179471015930176,3857
3.1903152465820312,3856
3.1923084259033203,3855
3.1975533962249756,3854
3.202899217605591,3853
3.207099437713623,3852
3.211378812789917,3851
3.2204716205596924,3850
3.2225289344787598,3849
3.2298057079315186,3848
3.231830596923828,3847
3.2408313751220703,3846
3.2428643703460693,3845
3.2463772296905518,3844
3.250582695007324,3843
3.252596139907837,3842
3.256702184677124,3841
3.2587790489196777,3840
3.2620530128479004,3839
3.269371509552002,3838
3.2725942134857178,3837
3.2754433155059814,3836
3.286346197128296,3835
3.2883760929107666,3834
3.2904019355773926,3833
3.2937891483306885,3832
3.3023929595947266,3831
3.312385082244873,3830
3.317683219909668,3829
3.319723129272461,3828
3.321998357772827,3827
3.3279502391815186,3826
3.3333027362823486,3825
3.3374838829040527,3824
3.3453383445739746,3823
3.3578927516937256,3822
3.3599064350128174,3821
3.363987922668457,3820
3.3660168647766113,3819
3.370168685913086,3818
3.37882661819458,3817
3.3808233737945557,3816
3.3848531246185303,3815
3.395134449005127,3814
3.401174545288086,3813
3.4074909687042236,3812
3.4231128692626953,3811
3.438023805618286,3810
3.4505021572113037,3809
3.4561517238616943,3808
3.459221601486206,3807
3.462545156478882,3806
3.4645750522613525,3805
3.468625545501709,3804
3.471421718597412,3803
3.4779725074768066,3802
3.4799997806549072,3801
3.482025384902954,3800
3.484041213989258,3799
3.4866604804992676,3798
3.4899966716766357,3797
3.492022752761841,3796
3.495745897293091,3795
3.497811794281006,3794
3.5104708671569824,3793
3.51249623298645,3792
3.518996477127075,3791
3.525804042816162,3790
3.533179521560669,3789
3.542605400085449,3788
3.5494768619537354,3787
3.5514822006225586,3786
3.557089328765869,3785
3.56072998046875,3784
3.5649733543395996,3783
3.5690078735351562,3782
3.578057050704956,3781
3.5835065841674805,3780
3.586984157562256,3779
3.5943760871887207,3778
3.5977416038513184,3777
3.600283622741699,3776
3.603693962097168,3775
3.607403516769409,3774
3.6101861000061035,3773
3.614156723022461,3772
3.620539426803589,3771
3.6226327419281006,3770
3.624990701675415,3769
3.628159761428833,3768
3.634025812149048,3767
3.636054754257202,3766
3.638073682785034,3765
3.641456365585327,3764
3.6434850692749023,3763
3.6455132961273193,3762
3.647534132003784,3761
3.651386022567749,3760
3.668673515319824,3759
3.677590847015381,3758
3.679619073867798,3757
3.698561429977417,3756
3.701385498046875,3755
3.7196407318115234,3754
3.7216269969940186,3753
3.729652166366577,3752
3.738119125366211,3751
3.7432844638824463,3750
3.7461042404174805,3749
3.750255823135376,3748
3.765561103820801,3747
3.778132915496826,3746
3.7836010456085205,3745
3.7869296073913574,3744
3.792904853820801,3743
3.795778512954712,3742
3.802830219268799,3741
3.8070602416992188,3740
3.8126721382141113,3739
3.833355665206909,3738
3.837923049926758,3737
3.843000888824463,3736
3.845755100250244,3735
3.8529603481292725,3734
3.854978322982788,3733
3.8591394424438477,3732
3.8625941276550293,3731
3.864875316619873,3730
3.870615243911743,3729
3.8725991249084473,3728
3.8800764083862305,3727
3.884054183959961,3726
3.8941431045532227,3725
3.896169900894165,3724
3.8981916904449463,3723
3.9019625186920166,3722
3.911158323287964,3721
3.91789174079895,3720
3.929481267929077,3719
3.936432361602783,3718
3.9386239051818848,3717
3.948044776916504,3716
3.9608829021453857,3715
3.9649147987365723,3714
3.9703528881073,3713
3.990302562713623,3712
3.996349811553955,3711
3.9994900226593018,3710
4.004131078720093,3709
4.006164312362671,3708
4.008982419967651,3707
4.014724969863892,3706
4.017657041549683,3705
4.021075010299683,3704
4.025995254516602,3703
4.028220176696777,3702
4.030329465866089,3701
4.034404039382935,3700
4.0364367961883545,3699
4.047931909561157,3698
4.054966449737549,3697
4.060122013092041,3696
4.064180850982666,3695
4.070149183273315,3694
4.073418855667114,3693
4.076979875564575,3692
4.085694074630737,3691
4.095741271972656,3690
4.100548505783081,3689
4.102581262588501,3688
4.110802412033081,3687
4.112806797027588,3686
4.120692729949951,3685
4.124399900436401,3684
4.127414703369141,3683
4.144399642944336,3682
4.146469593048096,3681
4.151245594024658,3680
4.1542181968688965,3679
4.156219005584717,3678
4.163158178329468,3677
4.165766000747681,3676
4.167887210845947,3675
4.169913291931152,3674
4.176136255264282,3673
4.179818868637085,3672
4.187351703643799,3671
4.197444200515747,3670
4.199512243270874,3669
4.201653242111206,3668
4.203643798828125,3667
4.205632209777832,3666
4.207730293273926,3665
4.214562654495239,3664
4.217705488204956,3663
4.219728708267212,3662
4.221747875213623,3661
4.238957643508911,3660
4.242626667022705,3659
4.249208450317383,3658
4.2548911571502686,3657
4.265937328338623,3656
4.277201175689697,3655
4.281194448471069,3654
4.283227443695068,3653
4.29323673248291,3652
4.3101465702056885,3651
4.31579065322876,3650
4.321984529495239,3649
4.324003219604492,3648
4.326115131378174,3647
4.331018447875977,3646
4.333167314529419,3645
4.348675489425659,3644
4.353451728820801,3643
4.361207962036133,3642
4.363229990005493,3641
4.365278005599976,3640
4.3672685623168945,3639
4.369828224182129,3638
4.3745410442352295,3637
4.384125709533691,3636
4.386115789413452,3635
4.390525579452515,3634
4.392564535140991,3633
4.408393621444702,3632
4.412427663803101,3631
4.417079210281372,3630
4.424195051193237,3629
4.426233768463135,3628
4.433321952819824,3627
4.437270402908325,3626
4.440049648284912,3625
4.442188024520874,3624
4.446326732635498,3623
4.449364900588989,3622
4.465853691101074,3621
4.481304407119751,3620
4.500579118728638,3619
4.504842042922974,3618
4.5091447830200195,3617
4.511168718338013,3616
4.515041828155518,3615
4.523452520370483,3614
4.537361145019531,3613
4.550746202468872,3612
4.563241481781006,3611
4.5677525997161865,3610
4.582188129425049,3609
4.584977865219116,3608
4.588551759719849,3607
4.590538740158081,3606
4.592519521713257,3605
4.594503879547119,3604
4.596521377563477,3603
4.6015119552612305,3602
4.603535890579224,3601
4.60938286781311,3600
4.617252588272095,3599
4.6212992668151855,3598
4.6275718212127686,3597
4.634804725646973,3596
4.63684606552124,3595
4.640726804733276,3594
4.646278142929077,3593
4.648316383361816,3592
4.654634714126587,3591
4.660116910934448,3590
4.673306941986084,3589
4.679908275604248,3588
4.68500018119812,3587
4.687065124511719,3586
4.6890997886657715,3585
4.693435907363892,3584
4.703290224075317,3583
4.707493543624878,3582
4.710247039794922,3581
4.7258522510528564,3580
4.73173451423645,3579
4.739182472229004,3578
4.747499227523804,3577
4.7506890296936035,3576
4.7526891231536865,3575
4.7586705684661865,3574
4.7606611251831055,3573
4.76263952255249,3572
4.7646167278289795,3571
4.766631126403809,3570
4.770042896270752,3569
4.7978010177612305,3568
4.800909519195557,3567
4.807007551193237,3566
4.809026718139648,3565
4.817540884017944,3564
4.826081275939941,3563
4.830097436904907,3562
4.839892625808716,3561
4.8502116203308105,3560
4.854671478271484,3559
4.87690544128418,3558
4.880906820297241,3557
4.882929563522339,3556
4.914373159408569,3555
4.928897857666016,3554
4.933637619018555,3553
4.935671806335449,3552
4.950934648513794,3551
4.9609222412109375,3550
4.968857288360596,3549
4.971957683563232,3548
4.975353002548218,3547
4.977387428283691,3546
4.980319261550903,3545
4.982398986816406,3544
4.9905335903167725,3543
4.994555234909058,3542
5.001749038696289,3541
5.003741025924683,3540
5.00742769241333,3539
5.013203144073486,3538
5.0172648429870605,3537
5.0321362018585205,3536
5.035773277282715,3535
5.041647911071777,3534
5.043685436248779,3533
5.045718431472778,3532
5.07313346862793,3531
5.075154066085815,3530
5.077226877212524,3529
5.080191135406494,3528
5.08700704574585,3527
5.091787099838257,3526
5.094301462173462,3525
5.1026716232299805,3524
5.1104490756988525,3523
5.122891426086426,3522
5.130950927734375,3521
5.137830495834351,3520
5.1398820877075195,3519
5.149596691131592,3518
5.157180309295654,3517
5.162938117980957,3516
5.164925575256348,3515
5.166903257369995,3514
5.170678615570068,3513
5.172841310501099,3512
5.181039571762085,3511
5.183077573776245,3510
5.197031497955322,3509
5.202974081039429,3508
5.24054479598999,3507
5.243564128875732,3506
5.2490363121032715,3505
5.262176752090454,3504
5.274619102478027,3503
5.278695821762085,3502
5.283819913864136,3501
5.2858428955078125,3500
5.292712450027466,3499
5.313232898712158,3498
5.318810939788818,3497
5.321799039840698,3496
5.323838233947754,3495
5.325917482376099,3494
5.327942371368408,3493
5.3312294483184814,3492
5.335313320159912,3491
5.340336799621582,3490
5.342367649078369,3489
5.344346523284912,3488
5.346356630325317,3487
5.348351716995239,3486
5.350344181060791,3485
5.354393243789673,3484
5.356443643569946,3483
5.3621110916137695,3482
5.3657777309417725,3481
5.3843724727630615,3480
5.388364315032959,3479
5.390458345413208,3478
5.40819787979126,3477
5.410278797149658,3476
5.4179182052612305,3475
5.419954538345337,3474
5.425541162490845,3473
5.427629470825195,3472
5.4296555519104,3471
5.43543553352356,3470
5.44153904914856,3469
5.455365419387817,3468
5.459082841873169,3467
5.468000650405884,3466
5.470057010650635,3465
5.472048044204712,3464
5.479830265045166,3463
5.484216928482056,3462
5.492869853973389,3461
5.507787466049194,3460
5.509854555130005,3459
5.532974481582642,3458
5.546051740646362,3457
5.54858922958374,3456
5.550621509552002,3455
5.5526487827301025,3454
5.566085338592529,3453
5.575387001037598,3452
5.586327075958252,3451
5.589141130447388,3450
5.591231107711792,3449
5.603241682052612,3448
5.605330228805542,3447
5.611940383911133,3446
5.61397123336792,3445
5.616027593612671,3444
5.632875680923462,3443
5.638963937759399,3442
5.6409971714019775,3441
5.643777847290039,3440
5.648374557495117,3439
5.663062334060669,3438
5.675629615783691,3437
5.677652835845947,3436
5.679687738418579,3435
5.684784889221191,3434
5.693141460418701,3433
5.70705509185791,3432
5.709096193313599,3431
5.715264320373535,3430
5.71863579750061,3429
5.7207350730896,3428
5.737778902053833,3427
5.741886377334595,3426
5.743919849395752,3425
5.74702262878418,3424
5.749578237533569,3423
5.759453535079956,3422
5.761480808258057,3421
5.766041994094849,3420
5.773472547531128,3419
5.779041767120361,3418
5.781822681427002,3417
5.787329912185669,3416
5.791391134262085,3415
5.800824165344238,3414
5.803576469421387,3413
5.810678243637085,3412
5.813936710357666,3411
5.815939426422119,3410
5.819002628326416,3409
5.821058988571167,3408
5.826449394226074,3407
5.828426361083984,3406
5.832441329956055,3405
5.834424734115601,3404
5.841064929962158,3403
5.851419687271118,3402
5.855561256408691,3401
5.863678693771362,3400
5.8676838874816895,3399
5.8697569370269775,3398
5.872879266738892,3397
5.874867677688599,3396
5.887380838394165,3395
5.907562732696533,3394
5.909591197967529,3393
5.9157819747924805,3392
5.9177775382995605,3391
5.91978645324707,3390
5.926894903182983,3389
5.931234121322632,3388
5.935976266860962,3387
5.940225601196289,3386
5.949665784835815,3385
5.9588942527771,3384
5.968785047531128,3383
5.970832347869873,3382
5.972862482070923,3381
5.978131055831909,3380
5.98016619682312,3379
5.987528324127197,3378
5.998748064041138,3377
6.000818490982056,3376
6.017926454544067,3375
6.023441791534424,3374
6.025608777999878,3373
6.034369707107544,3372
6.046753644943237,3371
6.055134057998657,3370
6.065925359725952,3369
6.090475559234619,3368
6.099709510803223,3367
6.1158363819122314,3366
6.117828845977783,3365
6.124608993530273,3364
6.126664161682129,3363
6.131662368774414,3362
6.165014982223511,3361
6.176870346069336,3360
6.180626630783081,3359
6.182734489440918,3358
6.187016010284424,3357
6.204057693481445,3356
6.206446409225464,3355
6.215558290481567,3354
6.221687078475952,3353
6.22911524772644,3352
6.258825778961182,3351
6.261209964752197,3350
6.267923831939697,3349
6.270518064498901,3348
6.283491373062134,3347
6.296107292175293,3346
6.298197507858276,3345
6.302679061889648,3344
6.3082029819488525,3343
6.320112466812134,3342
6.341671705245972,3341
6.3437042236328125,3340
6.348801612854004,3339
6.350791692733765,3338
6.352777719497681,3337
6.357185125350952,3336
6.375442981719971,3335
6.414473295211792,3334
6.418562650680542,3333
6.437819480895996,3332
6.4435179233551025,3331
6.448030948638916,3330
6.4748854637146,3329
6.483544588088989,3328
6.486682176589966,3327
6.495760679244995,3326
6.500800132751465,3325
6.510872840881348,3324
6.543259382247925,3323
6.548313140869141,3322
6.561038255691528,3321
6.5640459060668945,3320
6.572686195373535,3319
6.585113286972046,3318
6.592539548873901,3317
6.608623743057251,3316
6.622679948806763,3315
6.6338348388671875,3314
6.635826349258423,3313
6.66407585144043,3312
6.66821026802063,3311
6.681549310684204,3310
6.684587478637695,3309
6.698357582092285,3308
6.700385093688965,3307
6.702430486679077,3306
6.71008825302124,3305
6.712067604064941,3304
6.72278356552124,3303
6.724818229675293,3302
6.740299463272095,3301
6.750197410583496,3300
6.757598161697388,3299
6.759582281112671,3298
6.766709804534912,3297
6.771109104156494,3296
6.773171424865723,3295
6.779747724533081,3294
6.782135963439941,3293
6.797993183135986,3292
6.8000311851501465,3291
6.8431689739227295,3290
6.849828243255615,3289
6.8521106243133545,3288
6.856186628341675,3287
6.858211994171143,3286
6.863177061080933,3285
6.8802409172058105,3284
6.887792587280273,3283
6.896675109863281,3282
6.908954620361328,3281
6.910983324050903,3280
6.9185285568237305,3279
6.931695222854614,3278
6.959872484207153,3277
6.964064121246338,3276
6.966150522232056,3275
6.968236923217773,3274
6.970278739929199,3273
6.976335048675537,3272
6.97836971282959,3271
6.984204530715942,3270
6.989417791366577,3269
6.992337703704834,3268
6.9959094524383545,3267
7.001020193099976,3266
7.02468204498291,3265
7.032660007476807,3264
7.038553476333618,3263
7.059709787368774,3262
7.067307233810425,3261
7.080204486846924,3260
7.089216470718384,3259
7.096404790878296,3258
7.1068620681762695,3257
7.121002197265625,3256
7.127772569656372,3255
7.134512662887573,3254
7.139404773712158,3253
7.144098520278931,3252
7.166795253753662,3251
7.171255350112915,3250
7.179821968078613,3249
7.1818671226501465,3248
7.190221071243286,3247
7.194035053253174,3246
7.249947786331177,3245
7.254038095474243,3244
7.272615671157837,3243
7.276189565658569,3242
7.279601097106934,3241
7.2999796867370605,3240
7.3077287673950195,3239
7.331791162490845,3238
7.3411033153533936,3237
7.39143180847168,3236
7.3935370445251465,3235
7.3997578620910645,3234
7.418844938278198,3233
7.431800365447998,3232
7.437944650650024,3231
7.452376842498779,3230
7.456703186035156,3229
7.45870566368103,3228
7.460738658905029,3227
7.4699835777282715,3226
7.482905149459839,3225
7.5126471519470215,3224
7.5222697257995605,3223
7.524297714233398,3222
7.53154730796814,3221
7.53564715385437,3220
7.561819791793823,3219
7.585203170776367,3218
7.5872416496276855,3217
7.59495210647583,3216
7.599701166152954,3215
7.613426208496094,3214
7.626447677612305,3213
7.630776882171631,3212
7.648871183395386,3211
7.650895833969116,3210
7.659977197647095,3209
7.662055730819702,3208
7.694906234741211,3207
7.697081565856934,3206
7.699213743209839,3205
7.703599214553833,3204
7.712864637374878,3203
7.718012571334839,3202
7.725259780883789,3201
7.739394664764404,3200
7.741460800170898,3199
7.751530885696411,3198
7.755200386047363,3197
7.768801927566528,3196
7.796793699264526,3195
7.808612108230591,3194
7.81337833404541,3193
7.823614835739136,3192
7.845118284225464,3191
7.871939659118652,3190
7.874805450439453,3189
7.885030508041382,3188
7.888543128967285,3187
7.906584739685059,3186
7.9172985553741455,3185
7.942273378372192,3184
7.9469358921051025,3183
7.963184356689453,3182
7.967739820480347,3181
7.989121675491333,3180
7.997403860092163,3179
8.000230312347412,3178
8.007971048355103,3177
8.02944564819336,3176
8.038765907287598,3175
8.048738479614258,3174
8.052775144577026,3173
8.054770708084106,3172
8.056800603866577,3171
8.06549620628357,3170
8.068946123123169,3169
8.07184362411499,3168
8.123720169067383,3167
8.130980968475342,3166
8.133063793182373,3165
8.140681982040405,3164
8.148373365402222,3163
8.151303768157959,3162
8.156540632247925,3161
8.158930778503418,3160
8.16490125656128,3159
8.166900396347046,3158
8.19080376625061,3157
8.197000980377197,3156
8.202893018722534,3155
8.217016696929932,3154
8.2285315990448,3153
8.230595350265503,3152
8.245915412902832,3151
8.269703149795532,3150
8.272615432739258,3149
8.275965929031372,3148
8.280943155288696,3147
8.284152746200562,3146
8.28818154335022,3145
8.291539192199707,3144
8.309823274612427,3143
8.31600284576416,3142
8.33345365524292,3141
8.335499048233032,3140
8.340730428695679,3139
8.343926668167114,3138
8.364898920059204,3137
8.375883340835571,3136
8.392487049102783,3135
8.405981540679932,3134
8.422260284423828,3133
8.428934812545776,3132
8.438634634017944,3131
8.447831630706787,3130
8.471787691116333,3129
8.476152896881104,3128
8.48393726348877,3127
8.485973119735718,3126
8.493905782699585,3125
8.497795581817627,3124
8.503829002380371,3123
8.516436576843262,3122
8.521033763885498,3121
8.543149948120117,3120
8.564825296401978,3119
8.56854796409607,3118
8.570590257644653,3117
8.572628736495972,3116
8.589603662490845,3115
8.595682144165039,3114
8.602827787399292,3113
8.607348680496216,3112
8.611523628234863,3111
8.636702299118042,3110
8.649895668029785,3109
8.658609628677368,3108
8.665972471237183,3107
8.67575979232788,3106
8.681651830673218,3105
8.68531584739685,3104
8.690983295440674,3103
8.731876134872437,3102
8.77711296081543,3101
8.781139850616455,3100
8.80127501487732,3099
8.824640035629272,3098
8.844231367111206,3097
8.868110418319702,3096
8.870190143585205,3095
8.872253894805908,3094
8.88943338394165,3093
8.896744728088379,3092
8.945804595947266,3091
8.948400974273682,3090
8.97429895401001,3089
8.989917516708374,3088
8.99549651145935,3087
8.998459339141846,3086
9.005981206893921,3085
9.043248414993286,3084
9.045279502868652,3083
9.052491903305054,3082
9.067413806915283,3081
9.086611270904541,3080
9.092822551727295,3079
9.1195228099823,3078
9.12156343460083,3077
9.141013145446777,3076
9.148951768875122,3075
9.157485723495483,3074
9.160199165344238,3073
9.165813207626343,3072
9.167845726013184,3071
9.184827089309692,3070
9.194878339767456,3069
9.198964834213257,3068
9.201600074768066,3067
9.213538885116577,3066
9.238667488098145,3065
9.255642414093018,3064
9.25976037979126,3063
9.280897617340088,3062
9.288168668746948,3061
9.290205717086792,3060
9.324655532836914,3059
9.33412480354309,3058
9.343875646591187,3057
9.361876964569092,3056
9.375153303146362,3055
9.391461849212646,3054
9.39557671546936,3053
9.399649143218994,3052
9.429258346557617,3051
9.43378734588623,3050
9.452580213546753,3049
9.484548330307007,3048
9.501090288162231,3047
9.534494638442993,3046
9.550141096115112,3045
9.58010482788086,3044
9.587815284729004,3043
9.591084957122803,3042
9.653339862823486,3041
9.665542364120483,3040
9.671741247177124,3039
9.676541805267334,3038
9.732863664627075,3037
9.74576711654663,3036
9.754061222076416,3035
9.783669710159302,3034
9.785712718963623,3033
9.803182601928711,3032
9.813507080078125,3031
9.821073532104492,3030
9.829606056213379,3029
9.85790205001831,3028
9.868349313735962,3027
9.877291917800903,3026
9.896558284759521,3025
9.913022756576538,3024
9.937271118164062,3023
9.941739797592163,3022
9.943782091140747,3021
9.981054067611694,3020
9.98609209060669,3019
9.997265577316284,3018
10.011451721191406,3017
10.025387048721313,3016
10.029964923858643,3015
10.032055616378784,3014
10.05086064338684,3013
10.070796012878418,3012
10.096875667572021,3011
10.119436025619507,3010
10.125463962554932,3009
10.14451289176941,3008
10.15236783027649,3007
10.15489149093628,3006
10.183477878570557,3005
10.187279224395752,3004
10.203393697738647,3003
10.259116888046265,3002
10.263492345809937,3001
10.301424980163574,3000
10.3070809841156,2999
10.318920612335205,2998
10.352596521377563,2997
10.354646682739258,2996
10.370511531829834,2995
10.38044285774231,2994
10.391425848007202,2993
10.395710468292236,2992
10.403684139251709,2991
10.4208242893219,2990
10.425512313842773,2989
10.451666593551636,2988
10.469178676605225,2987
10.473193883895874,2986
10.475199460983276,2985
10.497464179992676,2984
10.499645471572876,2983
10.535743713378906,2982
10.547130346298218,2981
10.55683445930481,2980
10.562936782836914,2979
10.572058200836182,2978
10.576128721237183,2977
10.608067750930786,2976
10.624094247817993,2975
10.639638423919678,2974
10.64760971069336,2973
10.651599884033203,2972
10.653664827346802,2971
10.680971145629883,2970
10.687185287475586,2969
10.76844048500061,2968
10.79133653640747,2967
10.799067735671997,2966
10.807322978973389,2965
10.820787191390991,2964
10.82288122177124,2963
10.887700319290161,2962
10.894472360610962,2961
10.909877061843872,2960
10.939200639724731,2959
10.961315393447876,2958
10.976219892501831,2957
10.989162921905518,2956
10.995767831802368,2955
11.06891417503357,2954
11.075539827346802,2953
11.081432342529297,2952
11.09591269493103,2951
11.100066661834717,2950
11.107027053833008,2949
11.130928754806519,2948
11.140367269515991,2947
11.15895676612854,2946
11.16393232345581,2945
11.166003227233887,2944
11.192036628723145,2943
11.20505666732788,2942
11.228141069412231,2941
11.241976737976074,2940
11.266133308410645,2939
11.268164157867432,2938
11.27295732498169,2937
11.3266019821167,2936
11.33024787902832,2935
11.383842706680298,2934
11.435599088668823,2933
11.486934661865234,2932
11.531394958496094,2931
11.535110712051392,2930
11.585636854171753,2929
11.633988857269287,2928
11.659284830093384,2927
11.662809610366821,2926
11.671949863433838,2925
11.677728176116943,2924
11.679771423339844,2923
11.717764377593994,2922
11.797031879425049,2921
11.799082279205322,2920
11.807747840881348,2919
11.81181025505066,2918
11.823180913925171,2917
11.825228452682495,2916
11.894429445266724,2915
11.922119855880737,2914
11.942925453186035,2913
11.949138641357422,2912
11.95537281036377,2911
11.969926357269287,2910
11.992415189743042,2909
11.997697114944458,2908
12.026020526885986,2907
12.036710739135742,2906
12.044265031814575,2905
12.056551218032837,2904
12.064314603805542,2903
12.066335201263428,2902
12.120967149734497,2901
12.164170503616333,2900
12.181373834609985,2899
12.330798387527466,2898
12.35501503944397,2897
12.357017040252686,2896
12.361995220184326,2895
12.383209466934204,2894
12.409436702728271,2893
12.419463157653809,2892
12.424033164978027,2891
12.433850526809692,2890
12.452388525009155,2889
12.461664915084839,2888
12.501786708831787,2887
12.505812168121338,2886
12.507819414138794,2885
12.51878023147583,2884
12.526991367340088,2883
12.54099988937378,2882
12.565832614898682,2881
12.613391876220703,2880
12.622168064117432,2879
12.647631168365479,2878
12.665194988250732,2877
12.67459487915039,2876
12.698937177658081,2875
12.705270290374756,2874
12.723889112472534,2873
12.764134168624878,2872
12.875898599624634,2871
12.893327236175537,2870
12.911755800247192,2869
12.97611665725708,2868
13.003460884094238,2867
13.046061277389526,2866
13.126448392868042,2865
13.200302600860596,2864
13.215878009796143,2863
13.25983190536499,2862
13.32245683670044,2861
13.32854413986206,2860
13.365859985351562,2859
13.389714479446411,2858
13.40365481376648,2857
13.417834997177124,2856
13.430663824081421,2855
13.463034629821777,2854
13.489822626113892,2853
13.51223373413086,2852
13.520373821258545,2851
13.541402578353882,2850
13.55809736251831,2849
13.60279130935669,2848
13.620307207107544,2847
13.634934902191162,2846
13.672381401062012,2845
13.710521697998047,2844
13.726234436035156,2843
13.767984867095947,2842
13.796401262283325,2841
13.821947813034058,2840
13.877888202667236,2839
13.887615442276001,2838
13.890630722045898,2837
13.91313624382019,2836
13.971054077148438,2835
13.993883609771729,2834
14.00823187828064,2833
14.042251825332642,2832
14.049052238464355,2831
14.112444639205933,2830
14.182191371917725,2829
14.188449621200562,2828
14.19731879234314,2827
14.209523439407349,2826
14.255961179733276,2825
14.28664755821228,2824
14.326997995376587,2823
14.349609375,2822
14.351622819900513,2821
14.364611148834229,2820
14.404825210571289,2819
14.410829782485962,2818
14.446593046188354,2817
14.542440414428711,2816
14.587892770767212,2815
14.589945077896118,2814
14.686357498168945,2813
14.71216106414795,2812
14.720087766647339,2811
14.727977275848389,2810
14.767128467559814,2809
14.809886455535889,2808
14.811884880065918,2807
14.816669702529907,2806
14.855820655822754,2805
14.860584259033203,2804
14.933619737625122,2803
14.951404333114624,2802
14.976670265197754,2801
15.001917600631714,2800
15.009809017181396,2799
15.080714702606201,2798
15.154679775238037,2797
15.215520143508911,2796
15.21961784362793,2795
15.268007516860962,2794
15.295533895492554,2793
15.305331230163574,2792
15.330912828445435,2791
15.3871910572052,2790
15.412943363189697,2789
15.419129371643066,2788
15.435220718383789,2787
15.437309503555298,2786
15.491980075836182,2785
15.49918794631958,2784
15.52441120147705,2783
15.545971632003784,2782
15.581868410110474,2781
15.605708599090576,2780
15.639440774917603,2779
15.64278793334961,2778
15.69060492515564,2777
15.77011775970459,2776
15.844284296035767,2775
15.876129627227783,2774
15.88642406463623,2773
15.921065092086792,2772
15.932462215423584,2771
15.973030805587769,2770
15.996589183807373,2769
16.196850061416626,2768
16.235819101333618,2767
16.292237043380737,2766
16.34574055671692,2765
16.400678634643555,2764
16.461549043655396,2763
16.463597297668457,2762
16.475979804992676,2761
16.49879789352417,2760
16.577535152435303,2759
16.603281021118164,2758
16.643851041793823,2757
16.68863296508789,2756
16.717071771621704,2755
16.735107421875,2754
16.74311900138855,2753
16.762712717056274,2752
16.776136875152588,2751
16.805389404296875,2750
16.913742065429688,2749
16.971402883529663,2748
16.975934505462646,2747
16.996029138565063,2746
16.998047351837158,2745
17.06572699546814,2744
17.20071315765381,2743
17.223583698272705,2742
17.31442093849182,2741
17.326801300048828,2740
17.344911575317383,2739
17.38265061378479,2738
17.44205617904663,2737
17.470449209213257,2736
17.579193592071533,2735
17.663988828659058,2734
17.666098594665527,2733
17.678537845611572,2732
17.735719203948975,2731
17.737962245941162,2730
17.772419452667236,2729
17.79131007194519,2728
17.811034679412842,2727
17.83440136909485,2726
17.842575073242188,2725
17.85986304283142,2724
17.887847423553467,2723
17.92345666885376,2722
17.931681871414185,2721
17.975255012512207,2720
18.08507537841797,2719
18.121620655059814,2718
18.223570585250854,2717
18.2602117061615,2716
18.280847311019897,2715
18.32075572013855,2714
18.32520604133606,2713
18.368699312210083,2712
18.395294427871704,2711
18.40910768508911,2710
18.431349277496338,2709
18.530842542648315,2708
18.692164659500122,2707
18.75335717201233,2706
18.766620874404907,2705
18.777899980545044,2704
18.887680292129517,2703
18.895854949951172,2702
18.95796847343445,2701
18.98614764213562,2700
18.9902446269989,2699
19.15300726890564,2698
19.255243062973022,2697
19.403444290161133,2696
19.836872100830078,2695
19.885305643081665,2694
19.986157417297363,2693
20.23393201828003,2692
20.5413658618927,2691
20.572478771209717,2690
20.7181236743927,2689
20.835397005081177,2688
20.83744215965271,2687
20.83948850631714,2686
20.884153127670288,2685
21.014528036117554,2684
21.1457622051239,2683
21.20158839225769,2682
21.205564975738525,2681
21.406564474105835,2680
21.535919427871704,2679
21.63823437690735,2678
21.73120427131653,2677
21.750503301620483,2676
21.757847547531128,2675
21.895366191864014,2674
22.051386833190918,2673
22.166999101638794,2672
22.18682861328125,2671
22.22090458869934,2670
22.251715183258057,2669
22.36049509048462,2668
22.549933671951294,2667
22.70633053779602,2666
22.76216149330139,2665
22.842390060424805,2664
22.89381694793701,2663
22.901938438415527,2662
22.91789698600769,2661
23.138978719711304,2660
23.248805284500122,2659
23.26437783241272,2658
23.4123432636261,2657
23.523839950561523,2656
23.67186951637268,2655
23.71328902244568,2654
23.878724336624146,2653
23.905023336410522,2652
23.95892071723938,2651
23.965760469436646,2650
24.148972034454346,2649
24.17251229286194,2648
24.231188774108887,2647
24.291215896606445,2646
24.379645347595215,2645
24.49147629737854,2644
24.56220269203186,2643
24.62235188484192,2642
24.820234298706055,2641
24.840009450912476,2640
24.861618757247925,2639
25.055097818374634,2638
25.08230471611023,2637
25.560163021087646,2636
25.736016750335693,2635
25.804811000823975,2634
25.999470949172974,2633
26.049992084503174,2632
26.366844415664673,2631
26.537715435028076,2630
26.815866470336914,2629
26.8915536403656,2628
26.914896488189697,2627
26.938868761062622,2626
26.97862720489502,2625
27.03563165664673,2624
27.333836317062378,2623
27.489027500152588,2622
27.66459012031555,2621
27.82732343673706,2620
27.895481824874878,2619
27.909318447113037,2618
27.94495940208435,2617
28.03519058227539,2616
28.085901975631714,2615
28.160251140594482,2614
28.17168116569519,2613
28.405065774917603,2612
28.47748637199402,2611
28.49262833595276,2610
28.8078396320343,2609
28.859593391418457,2608
28.90760588645935,2607
29.885190725326538,2606
30.0660457611084,2605
30.299341201782227,2604
30.62679672241211,2603
30.72565531730652,2602
30.746960878372192,2601
30.760972499847412,2600
30.81474256515503,2599
30.9783992767334,2598
30.991512775421143,2597
30.99774980545044,2596
31.44407844543457,2595
32.02178335189819,2594
33.10627555847168,2593
34.79006838798523,2592
35.70677661895752,2591
36.61254286766052,2590
36.774243116378784,2589
37.028557538986206,2588
37.59298777580261,2587
38.23353886604309,2586
39.867080211639404,2585
40.021193742752075,2584
41.07562875747681,2583
41.36116123199463,2582
42.1168737411499,2581
42.35005784034729,2580
42.61265182495117,2579
42.87001037597656,2578
46.618677377700806,2577
46.859594106674194,2576
47.13394045829773,2575
