0.002287149429321289,4940
0.004270076751708984,4939
0.006220102310180664,4938
0.008169889450073242,4937
0.010163068771362305,4936
0.012109041213989258,4935
0.014042854309082031,4934
0.015964984893798828,4933
0.017928600311279297,4932
0.019959688186645508,4931
0.02188849449157715,4930
0.023825645446777344,4929
0.02576470375061035,4928
0.027749061584472656,4927
0.029747962951660156,4926
0.03168177604675293,4925
0.03360867500305176,4924
0.03554844856262207,4923
0.037491559982299805,4922
0.03941774368286133,4921
0.04135632514953613,4920
0.043291568756103516,4919
0.04522275924682617,4918
0.04739832878112793,4917
0.049350738525390625,4916
0.05127978324890137,4915
0.05322718620300293,4914
0.0551607608795166,4913
0.05708932876586914,4912
0.05903506278991699,4911
0.06100749969482422,4910
0.06293368339538574,4909
0.06489968299865723,4908
0.06683206558227539,4907
0.06876087188720703,4906
0.07069587707519531,4905
0.07263636589050293,4904
0.07455873489379883,4903
0.07650041580200195,4902
0.0796058177947998,4901
0.08161687850952148,4900
0.08353638648986816,4899
0.08547043800354004,4898
0.08740615844726562,4897
0.09125876426696777,4896
0.09319925308227539,4895
0.09512138366699219,4894
0.09705948829650879,4893
0.09899258613586426,4892
0.10100555419921875,4891
0.10295939445495605,4890
0.10489606857299805,4889
0.10681796073913574,4888
0.10876011848449707,4887
0.11069226264953613,4886
0.11264657974243164,4885
0.1145789623260498,4884
0.11651873588562012,4883
0.1184382438659668,4882
0.1203770637512207,4881
0.12231636047363281,4880
0.12424898147583008,4879
0.12618112564086914,4878
0.12811589241027832,4877
0.13003969192504883,4876
0.13198089599609375,4875
0.13391566276550293,4874
0.13584637641906738,4873
0.13781332969665527,4872
0.13974976539611816,4871
0.1416759490966797,4870
0.14361262321472168,4869
0.1459212303161621,4868
0.14787888526916504,4867
0.1499178409576416,4866
0.1518564224243164,4865
0.15378260612487793,4864
0.15572285652160645,4863
0.1576690673828125,4862
0.15960121154785156,4861
0.1615734100341797,4860
0.1635146141052246,4859
0.1654510498046875,4858
0.16739368438720703,4857
0.16933846473693848,4856
0.1712629795074463,4855
0.1732325553894043,4854
0.1751708984375,4853
0.17720651626586914,4852
0.17929339408874512,4851
0.18125653266906738,4850
0.18319439888000488,4849
0.18514013290405273,4848
0.18708300590515137,4847
0.18901610374450684,4846
0.19096064567565918,4845
0.19290876388549805,4844
0.19484162330627441,4843
0.19678854942321777,4842
0.19872784614562988,4841
0.20065689086914062,4840
0.20259642601013184,4839
0.20453882217407227,4838
0.2064661979675293,4837
0.2084355354309082,4836
0.21037602424621582,4835
0.21230506896972656,4834
0.21427583694458008,4833
0.2162177562713623,4832
0.21814322471618652,4831
0.22008323669433594,4830
0.22201752662658691,4829
0.22511649131774902,4828
0.22706198692321777,4827
0.2294635772705078,4826
0.23141217231750488,4825
0.2347266674041748,4824
0.23769116401672363,4823
0.23962116241455078,4822
0.24156856536865234,4821
0.24351119995117188,4820
0.24767446517944336,4819
0.2496929168701172,4818
0.25168752670288086,4817
0.25364232063293457,4816
0.2555868625640869,4815
0.2575235366821289,4814
0.26117372512817383,4813
0.2631189823150635,4812
0.26505017280578613,4811
0.2674734592437744,4810
0.2694065570831299,4809
0.2713508605957031,4808
0.27330708503723145,4807
0.2752563953399658,4806
0.2780928611755371,4805
0.28003501892089844,4804
0.281984806060791,4803
0.2839324474334717,4802
0.28586435317993164,4801
0.2878100872039795,4800
0.289752721786499,4799
0.29168200492858887,4798
0.293656587600708,4797
0.29559755325317383,4796
0.2975313663482666,4795
0.29947662353515625,4794
0.3014223575592041,4793
0.30335569381713867,4792
0.3053011894226074,4791
0.30724120140075684,4790
0.3091742992401123,4789
0.31112146377563477,4788
0.313093900680542,4787
0.31502509117126465,4786
0.3170006275177002,4785
0.31894659996032715,4784
0.32088255882263184,4783
0.32282519340515137,4782
0.32477521896362305,4781
0.32671236991882324,4780
0.328662633895874,4779
0.33060598373413086,4778
0.3325514793395996,4777
0.3345315456390381,4776
0.33647799491882324,4775
0.33840489387512207,4774
0.3403768539428711,4773
0.3423178195953369,4772
0.34424734115600586,4771
0.3461883068084717,4770
0.3481593132019043,4769
0.35009193420410156,4768
0.3520348072052002,4767
0.3539764881134033,4766
0.35590267181396484,4765
0.35977649688720703,4764
0.3617136478424072,4763
0.36365413665771484,4762
0.3656032085418701,4761
0.36773133277893066,4760
0.3698604106903076,4759
0.37203431129455566,4758
0.3741118907928467,4757
0.37659740447998047,4756
0.37871670722961426,4755
0.38080596923828125,4754
0.38344788551330566,4753
0.3854384422302246,4752
0.38738155364990234,4751
0.3893303871154785,4750
0.3912646770477295,4749
0.39321351051330566,4748
0.3951537609100342,4747
0.39708852767944336,4746
0.399033784866333,4745
0.40097665786743164,4744
0.40290403366088867,4743
0.4048483371734619,4742
0.40679264068603516,4741
0.4087255001068115,4740
0.41066670417785645,4739
0.4126095771789551,4738
0.4145369529724121,4737
0.41648197174072266,4736
0.41842222213745117,4735
0.42044758796691895,4734
0.4234616756439209,4733
0.4254419803619385,4732
0.42748451232910156,4731
0.42949962615966797,4730
0.433211088180542,4729
0.43514156341552734,4728
0.43712806701660156,4727
0.439105749130249,4726
0.441070556640625,4725
0.44301438331604004,4724
0.4449954032897949,4723
0.44715332984924316,4722
0.44912123680114746,4721
0.45107507705688477,4720
0.4530465602874756,4719
0.4549989700317383,4718
0.45694708824157715,4717
0.45934176445007324,4716
0.4615323543548584,4715
0.46349310874938965,4714
0.4655003547668457,4713
0.4702270030975342,4712
0.4721953868865967,4711
0.47414612770080566,4710
0.47609424591064453,4709
0.4797041416168213,4708
0.4816608428955078,4707
0.4836270809173584,4706
0.48557090759277344,4705
0.4875156879425049,4704
0.49139976501464844,4703
0.49335312843322754,4702
0.4967923164367676,4701
0.4987339973449707,4700
0.500669002532959,4699
0.502612829208374,4698
0.5045633316040039,4697
0.5109021663665771,4696
0.5128514766693115,4695
0.5147914886474609,4694
0.5184378623962402,4693
0.5203859806060791,4692
0.522350549697876,4691
0.5243031978607178,4690
0.5262465476989746,4689
0.5281872749328613,4688
0.5301346778869629,4687
0.5321121215820312,4686
0.5340428352355957,4685
0.5359926223754883,4684
0.5388095378875732,4683
0.5426859855651855,4682
0.5446319580078125,4681
0.546647310256958,4680
0.5486242771148682,4679
0.5505685806274414,4678
0.5525143146514893,4677
0.5544919967651367,4676
0.5564470291137695,4675
0.5583808422088623,4674
0.5626077651977539,4673
0.5646421909332275,4672
0.5686361789703369,4671
0.5744924545288086,4670
0.576451301574707,4669
0.5783846378326416,4668
0.5803432464599609,4667
0.5822896957397461,4666
0.5842289924621582,4665
0.5861773490905762,4664
0.5881288051605225,4663
0.5900630950927734,4662
0.5920143127441406,4661
0.5939626693725586,4660
0.5959124565124512,4659
0.6020197868347168,4658
0.6075971126556396,4657
0.6095728874206543,4656
0.6115212440490723,4655
0.6135199069976807,4654
0.6162521839141846,4653
0.6195151805877686,4652
0.6214718818664551,4651
0.6234142780303955,4650
0.6253983974456787,4649
0.6273479461669922,4648
0.629286527633667,4647
0.6320385932922363,4646
0.6339902877807617,4645
0.63594651222229,4644
0.638573408126831,4643
0.6405260562896729,4642
0.6424617767333984,4641
0.6444113254547119,4640
0.6466279029846191,4639
0.6485974788665771,4638
0.6505677700042725,4637
0.6525259017944336,4636
0.6553103923797607,4635
0.6581501960754395,4634
0.6600930690765381,4633
0.6620452404022217,4632
0.6640293598175049,4631
0.6659657955169678,4630
0.6679198741912842,4629
0.6717982292175293,4628
0.6737864017486572,4627
0.675769567489624,4626
0.6777162551879883,4625
0.6796658039093018,4624
0.6816141605377197,4623
0.6835479736328125,4622
0.685499906539917,4621
0.6874463558197021,4620
0.6893880367279053,4619
0.691333532333374,4618
0.6932845115661621,4617
0.6952180862426758,4616
0.6989753246307373,4615
0.7009258270263672,4614
0.7028586864471436,4613
0.7048084735870361,4612
0.7067587375640869,4611
0.7127740383148193,4610
0.7147219181060791,4609
0.7192761898040771,4608
0.7212321758270264,4607
0.723198652267456,4606
0.7251336574554443,4605
0.72906494140625,4604
0.7310013771057129,4603
0.7331469058990479,4602
0.7351560592651367,4601
0.7391078472137451,4600
0.7411370277404785,4599
0.7432456016540527,4598
0.7452027797698975,4597
0.7471516132354736,4596
0.7490947246551514,4595
0.7544717788696289,4594
0.7583637237548828,4593
0.7603082656860352,4592
0.7641994953155518,4591
0.7661356925964355,4590
0.7680907249450684,4589
0.7700376510620117,4588
0.772040605545044,4587
0.7739896774291992,4586
0.777639627456665,4585
0.7795946598052979,4584
0.7815349102020264,4583
0.7834851741790771,4582
0.7854418754577637,4581
0.7873802185058594,4580
0.789334774017334,4579
0.7912824153900146,4578
0.7932305335998535,4577
0.7952098846435547,4576
0.797166109085083,4575
0.800079345703125,4574
0.8025803565979004,4573
0.8045721054077148,4572
0.8065087795257568,4571
0.808466911315918,4570
0.8104181289672852,4569
0.8123869895935059,4568
0.8148651123046875,4567
0.8173031806945801,4566
0.8219552040100098,4565
0.8238911628723145,4564
0.8258423805236816,4563
0.8277950286865234,4562
0.8297727108001709,4561
0.8317286968231201,4560
0.8375799655914307,4559
0.8395278453826904,4558
0.8415048122406006,4557
0.8434820175170898,4556
0.8454389572143555,4555
0.8476066589355469,4554
0.8549151420593262,4553
0.8583800792694092,4552
0.8640251159667969,4551
0.8659658432006836,4550
0.8679347038269043,4549
0.8698999881744385,4548
0.8718380928039551,4547
0.8753688335418701,4546
0.8773245811462402,4545
0.8792665004730225,4544
0.8812501430511475,4543
0.8862018585205078,4542
0.8881561756134033,4541
0.8901057243347168,4540
0.8938634395599365,4539
0.8965864181518555,4538
0.8985247611999512,4537
0.9004802703857422,4536
0.9024348258972168,4535
0.9043824672698975,4534
0.9063355922698975,4533
0.9083187580108643,4532
0.9111232757568359,4531
0.9130828380584717,4530
0.9150357246398926,4529
0.916978120803833,4528
0.9206335544586182,4527
0.9227042198181152,4526
0.9246532917022705,4525
0.9271900653839111,4524
0.9291398525238037,4523
0.9311246871948242,4522
0.933082103729248,4521
0.9350275993347168,4520
0.9369840621948242,4519
0.9397013187408447,4518
0.941645622253418,4517
0.9455733299255371,4516
0.9481620788574219,4515
0.9501142501831055,4514
0.9520702362060547,4513
0.9540083408355713,4512
0.9559636116027832,4511
0.9579176902770996,4510
0.9632515907287598,4509
0.9652018547058105,4508
0.970613956451416,4507
0.9745290279388428,4506
0.9764900207519531,4505
0.9791245460510254,4504
0.983055830001831,4503
0.9859962463378906,4502
0.9879510402679443,4501
0.9899029731750488,4500
0.9918463230133057,4499
0.9939203262329102,4498
0.9958820343017578,4497
0.9989011287689209,4496
1.0008654594421387,4495
1.002821922302246,4494
1.0064680576324463,4493
1.0090270042419434,4492
1.0109848976135254,4491
1.0133123397827148,4490
1.0152788162231445,4489
1.0191757678985596,4488
1.025930404663086,4487
1.0278756618499756,4486
1.0298941135406494,4485
1.0318446159362793,4484
1.0346918106079102,4483
1.036651611328125,4482
1.0386061668395996,4481
1.0405540466308594,4480
1.042508840560913,4479
1.0444679260253906,4478
1.050307273864746,4477
1.0523359775543213,4476
1.0542848110198975,4475
1.056650161743164,4474
1.0620653629302979,4473
1.0640475749969482,4472
1.0659902095794678,4471
1.0692744255065918,4470
1.0712287425994873,4469
1.0731747150421143,4468
1.0751316547393799,4467
1.0770864486694336,4466
1.0790302753448486,4465
1.0817179679870605,4464
1.0836577415466309,4463
1.085615634918213,4462
1.0875954627990723,4461
1.0895402431488037,4460
1.091491937637329,4459
1.0934944152832031,4458
1.095438003540039,4457
1.0974183082580566,4456
1.0993709564208984,4455
1.1013469696044922,4454
1.1050126552581787,4453
1.106961727142334,4452
1.108924150466919,4451
1.1128311157226562,4450
1.114795207977295,4449
1.116753339767456,4448
1.1199283599853516,4447
1.1218857765197754,4446
1.1268372535705566,4445
1.1287882328033447,4444
1.1337952613830566,4443
1.1358089447021484,4442
1.1377575397491455,4441
1.140692949295044,4440
1.1426444053649902,4439
1.1445941925048828,4438
1.1465506553649902,4437
1.148512840270996,4436
1.150458812713623,4435
1.1524748802185059,4434
1.1545140743255615,4433
1.1565515995025635,4432
1.1585075855255127,4431
1.162074327468872,4430
1.1641132831573486,4429
1.1660988330841064,4428
1.1680965423583984,4427
1.1720573902130127,4426
1.177381992340088,4425
1.1801121234893799,4424
1.1840145587921143,4423
1.1886932849884033,4422
1.191230297088623,4421
1.1951663494110107,4420
1.1991081237792969,4419
1.2010722160339355,4418
1.2030236721038818,4417
1.205014944076538,4416
1.206977128982544,4415
1.2102060317993164,4414
1.212167501449585,4413
1.2153444290161133,4412
1.2173056602478027,4411
1.2199652194976807,4410
1.221928358078003,4409
1.2238857746124268,4408
1.225839376449585,4407
1.227816104888916,4406
1.2297794818878174,4405
1.2322607040405273,4404
1.2342309951782227,4403
1.23811936378479,4402
1.2405006885528564,4401
1.242466688156128,4400
1.2449414730072021,4399
1.2504212856292725,4398
1.2523863315582275,4397
1.2543439865112305,4396
1.2562928199768066,4395
1.259416103363037,4394
1.265730381011963,4393
1.2778148651123047,4392
1.2797651290893555,4391
1.2817559242248535,4390
1.288292646408081,4389
1.2905781269073486,4388
1.2925360202789307,4387
1.3002214431762695,4386
1.3041226863861084,4385
1.306084156036377,4384
1.3096606731414795,4383
1.311615228652954,4382
1.3135735988616943,4381
1.315516710281372,4380
1.317481279373169,4379
1.3194355964660645,4378
1.321397304534912,4377
1.3233890533447266,4376
1.3272953033447266,4375
1.3304615020751953,4374
1.3324065208435059,4373
1.334362506866455,4372
1.3363227844238281,4371
1.3382749557495117,4370
1.340238094329834,4369
1.342226266860962,4368
1.344200849533081,4367
1.3461594581604004,4366
1.3503901958465576,4365
1.3542985916137695,4364
1.3562655448913574,4363
1.3588917255401611,4362
1.3608620166778564,4361
1.3628215789794922,4360
1.3647730350494385,4359
1.3681702613830566,4358
1.3701252937316895,4357
1.3738830089569092,4356
1.375835657119751,4355
1.3778274059295654,4354
1.3814592361450195,4353
1.3853609561920166,4352
1.387352466583252,4351
1.3894093036651611,4350
1.3922877311706543,4349
1.3942487239837646,4348
1.403536319732666,4347
1.4058942794799805,4346
1.407853364944458,4345
1.4098141193389893,4344
1.4118962287902832,4343
1.413863182067871,4342
1.4178588390350342,4341
1.427154779434204,4340
1.4291443824768066,4339
1.4311070442199707,4338
1.4331638813018799,4337
1.4351155757904053,4336
1.4371321201324463,4335
1.4410772323608398,4334
1.4465749263763428,4333
1.448573350906372,4332
1.45054292678833,4331
1.452580451965332,4330
1.4545295238494873,4329
1.458477258682251,4328
1.4619922637939453,4327
1.464019775390625,4326
1.4679653644561768,4325
1.4699320793151855,4324
1.4721989631652832,4323
1.4741504192352295,4322
1.4761948585510254,4321
1.4789392948150635,4320
1.480898141860962,4319
1.482860803604126,4318
1.485926866531372,4317
1.4888324737548828,4316
1.4928174018859863,4315
1.4967286586761475,4314
1.5006332397460938,4313
1.5026590824127197,4312
1.506563663482666,4311
1.5085272789001465,4310
1.5109331607818604,4309
1.512925386428833,4308
1.514878273010254,4307
1.5168704986572266,4306
1.5188310146331787,4305
1.5207836627960205,4304
1.5227553844451904,4303
1.5247178077697754,4302
1.5266647338867188,4301
1.5286297798156738,4300
1.5306205749511719,4299
1.534524917602539,4298
1.541382074356079,4297
1.5433437824249268,4296
1.5453376770019531,4295
1.5472850799560547,4294
1.5492498874664307,4293
1.5512146949768066,4292
1.5531928539276123,4291
1.5551557540893555,4290
1.5623037815093994,4289
1.5642716884613037,4288
1.5662250518798828,4287
1.5681896209716797,4286
1.5714020729064941,4285
1.5734009742736816,4284
1.5765924453735352,4283
1.5819497108459473,4282
1.5839755535125732,4281
1.5878732204437256,4280
1.5898432731628418,4279
1.591806411743164,4278
1.6004257202148438,4277
1.602529764175415,4276
1.6060800552368164,4275
1.6080331802368164,4274
1.6119632720947266,4273
1.6159682273864746,4272
1.619877576828003,4271
1.6231920719146729,4270
1.6251487731933594,4269
1.6271400451660156,4268
1.629112720489502,4267
1.6347932815551758,4266
1.6386237144470215,4265
1.6405925750732422,4264
1.6428875923156738,4263
1.6462514400482178,4262
1.6520466804504395,4261
1.6539957523345947,4260
1.6579232215881348,4259
1.6598753929138184,4258
1.6637985706329346,4257
1.665771245956421,4256
1.6677367687225342,4255
1.6697418689727783,4254
1.672649621963501,4253
1.674614667892456,4252
1.6792550086975098,4251
1.681823492050171,4250
1.6837842464447021,4249
1.686290979385376,4248
1.6882853507995605,4247
1.690326452255249,4246
1.6939470767974854,4245
1.6978278160095215,4244
1.7003700733184814,4243
1.7023308277130127,4242
1.7066073417663574,4241
1.7097804546356201,4240
1.7166991233825684,4239
1.7186686992645264,4238
1.720646619796753,4237
1.7245655059814453,4236
1.7284767627716064,4235
1.7318131923675537,4234
1.7352802753448486,4233
1.7372374534606934,4232
1.7411911487579346,4231
1.7433197498321533,4230
1.7497947216033936,4229
1.7517824172973633,4228
1.7552216053009033,4227
1.7572267055511475,4226
1.7592167854309082,4225
1.7612526416778564,4224
1.7651984691619873,4223
1.7671623229980469,4222
1.7691760063171387,4221
1.771129846572876,4220
1.7731280326843262,4219
1.7750906944274902,4218
1.7790961265563965,4217
1.7810628414154053,4216
1.7851431369781494,4215
1.7871110439300537,4214
1.7891011238098145,4213
1.791053056716919,4212
1.793017864227295,4211
1.7949802875518799,4210
1.796980619430542,4209
1.8005485534667969,4208
1.8039402961730957,4207
1.8059265613555908,4206
1.8078968524932861,4205
1.809880018234253,4204
1.8131442070007324,4203
1.8151121139526367,4202
1.8170714378356934,4201
1.8196346759796143,4200
1.8249576091766357,4199
1.830535888671875,4198
1.832582950592041,4197
1.8353233337402344,4196
1.8377149105072021,4195
1.8435800075531006,4194
1.84787917137146,4193
1.851496696472168,4192
1.8553166389465332,4191
1.8572847843170166,4190
1.8626322746276855,4189
1.8646159172058105,4188
1.8696832656860352,4187
1.8723852634429932,4186
1.8753845691680908,4185
1.8773550987243652,4184
1.881798505783081,4183
1.886296272277832,4182
1.890221357345581,4181
1.8922207355499268,4180
1.8941912651062012,4179
1.8961479663848877,4178
1.8988606929779053,4177
1.9027619361877441,4176
1.9077134132385254,4175
1.9118704795837402,4174
1.9138319492340088,4173
1.9188463687896729,4172
1.9208097457885742,4171
1.922776460647583,4170
1.9265007972717285,4169
1.9305312633514404,4168
1.9324986934661865,4167
1.934457778930664,4166
1.9364187717437744,4165
1.9383862018585205,4164
1.9403550624847412,4163
1.9423019886016846,4162
1.9442732334136963,4161
1.9491558074951172,4160
1.9515480995178223,4159
1.9535648822784424,4158
1.955564260482788,4157
1.9575555324554443,4156
1.960397720336914,4155
1.962367296218872,4154
1.9689052104949951,4153
1.9719865322113037,4152
1.9739456176757812,4151
1.975914716720581,4150
1.978851556777954,4149
1.9830114841461182,4148
1.984983205795288,4147
1.9886400699615479,4146
1.991621732711792,4145
1.997457504272461,4144
1.9994213581085205,4143
2.0033414363861084,4142
2.0073204040527344,4141
2.0093417167663574,4140
2.0132594108581543,4139
2.020127296447754,4138
2.0235719680786133,4137
2.0270519256591797,4136
2.0325734615325928,4135
2.0393850803375244,4134
2.0420756340026855,4133
2.044039011001587,4132
2.051377534866333,4131
2.0552988052368164,4130
2.061551094055176,4129
2.0635180473327637,4128
2.0655264854431152,4127
2.0688889026641846,4126
2.0708582401275635,4125
2.0799620151519775,4124
2.0819180011749268,4123
2.0858359336853027,4122
2.087794780731201,4121
2.0927772521972656,4120
2.0947377681732178,4119
2.0967020988464355,4118
2.0986669063568115,4117
2.1006839275360107,4116
2.102635622024536,4115
2.1065621376037598,4114
2.110475540161133,4113
2.1174628734588623,4112
2.1194193363189697,4111
2.1214733123779297,4110
2.1234452724456787,4109
2.1254165172576904,4108
2.129891872406006,4107
2.1356523036956787,4106
2.1397969722747803,4105
2.1455776691436768,4104
2.147559404373169,4103
2.149517774581909,4102
2.1527748107910156,4101
2.154745101928711,4100
2.1586647033691406,4099
2.1616241931915283,4098
2.163583993911743,4097
2.174898862838745,4096
2.1768765449523926,4095
2.1822991371154785,4094
2.1864826679229736,4093
2.188446283340454,4092
2.1908066272735596,4091
2.1928281784057617,4090
2.1967573165893555,4089
2.19870924949646,4088
2.200669288635254,4087
2.2061214447021484,4086
2.210052251815796,4085
2.2144086360931396,4084
2.2163615226745605,4083
2.220122814178467,4082
2.222073793411255,4081
2.2268929481506348,4080
2.2331104278564453,4079
2.2350776195526123,4078
2.237061023712158,4077
2.2406904697418213,4076
2.242656946182251,4075
2.244655132293701,4074
2.248262882232666,4073
2.25197434425354,4072
2.2554285526275635,4071
2.2591750621795654,4070
2.2622568607330322,4069
2.2675158977508545,4068
2.272775173187256,4067
2.274721622467041,4066
2.278031587600708,4065
2.2814762592315674,4064
2.2872207164764404,4063
2.2911324501037598,4062
2.2944273948669434,4061
2.2984955310821533,4060
2.300466775894165,4059
2.3059473037719727,4058
2.3129281997680664,4057
2.314906358718872,4056
2.3172805309295654,4055
2.3199000358581543,4054
2.3218576908111572,4053
2.323814630508423,4052
2.3257853984832764,4051
2.3277575969696045,4050
2.329709053039551,4049
2.3329315185546875,4048
2.33880615234375,4047
2.3407559394836426,4046
2.3438913822174072,4045
2.3571271896362305,4044
2.3610475063323975,4043
2.36299729347229,4042
2.3656527996063232,4041
2.367616653442383,4040
2.371506690979004,4039
2.3777241706848145,4038
2.3820137977600098,4037
2.3859176635742188,4036
2.3917694091796875,4035
2.393747329711914,4034
2.3960659503936768,4033
2.3980166912078857,4032
2.399977922439575,4031
2.4061806201934814,4030
2.408140182495117,4029
2.4120869636535645,4028
2.4237866401672363,4027
2.4271883964538574,4026
2.429202079772949,4025
2.4311912059783936,4024
2.4341018199920654,4023
2.4393537044525146,4022
2.445323944091797,4021
2.4474923610687256,4020
2.4494850635528564,4019
2.451460599899292,4018
2.456749439239502,4017
2.4587244987487793,4016
2.4607298374176025,4015
2.4646496772766113,4014
2.466665267944336,4013
2.4687235355377197,4012
2.4706897735595703,4011
2.477996587753296,4010
2.48006010055542,4009
2.4820704460144043,4008
2.4870002269744873,4007
2.4889822006225586,4006
2.497626781463623,4005
2.5015628337860107,4004
2.5035204887390137,4003
2.5055058002471924,4002
2.5074703693389893,4001
2.509945869445801,4000
2.5155141353607178,3999
2.5174899101257324,3998
2.519456386566162,3997
2.527146816253662,3996
2.529125452041626,3995
2.5310914516448975,3994
2.5351130962371826,3993
2.537111282348633,3992
2.5413455963134766,3991
2.5437848567962646,3990
2.5509679317474365,3989
2.55883526802063,3988
2.5607900619506836,3987
2.564720630645752,3986
2.566678047180176,3985
2.577688217163086,3984
2.589111328125,3983
2.5910654067993164,3982
2.5949902534484863,3981
2.6027679443359375,3980
2.6068007946014404,3979
2.611717939376831,3978
2.613693952560425,3977
2.618556261062622,3976
2.62282395362854,3975
2.624784231185913,3974
2.626741409301758,3973
2.628713369369507,3972
2.633729934692383,3971
2.640268325805664,3970
2.642238140106201,3969
2.6467323303222656,3968
2.651014566421509,3967
2.653042793273926,3966
2.660224437713623,3965
2.6737496852874756,3964
2.676136016845703,3963
2.678086280822754,3962
2.6820263862609863,3961
2.690175771713257,3960
2.69437575340271,3959
2.6978507041931152,3958
2.699794054031372,3957
2.704967498779297,3956
2.7120630741119385,3955
2.714042901992798,3954
2.7229862213134766,3953
2.727839469909668,3952
2.729813575744629,3951
2.7402050495147705,3950
2.746267557144165,3949
2.748246192932129,3948
2.750216484069824,3947
2.752183675765991,3946
2.7561326026916504,3945
2.7581019401550293,3944
2.7624452114105225,3943
2.7643978595733643,3942
2.76802659034729,3941
2.7699947357177734,3940
2.772371292114258,3939
2.7750420570373535,3938
2.781721353530884,3937
2.7885262966156006,3936
2.7924466133117676,3935
2.799022674560547,3934
2.8016011714935303,3933
2.8035500049591064,3932
2.809495449066162,3931
2.811462640762329,3930
2.814754009246826,3929
2.8167097568511963,3928
2.823967695236206,3927
2.8274974822998047,3926
2.830152750015259,3925
2.8321287631988525,3924
2.8340907096862793,3923
2.836062431335449,3922
2.838021993637085,3921
2.8399930000305176,3920
2.842874526977539,3919
2.850712299346924,3918
2.8559842109680176,3917
2.8579421043395996,3916
2.859921455383301,3915
2.8657639026641846,3914
2.868551731109619,3913
2.872843027114868,3912
2.8748252391815186,3911
2.8768563270568848,3910
2.878814935684204,3909
2.8859450817108154,3908
2.889867067337036,3907
2.8938183784484863,3906
2.8957886695861816,3905
2.902252435684204,3904
2.9042301177978516,3903
2.9062023162841797,3902
2.9082024097442627,3901
2.9157402515411377,3900
2.921571969985962,3899
2.923539161682129,3898
2.925518751144409,3897
2.9283363819122314,3896
2.9302918910980225,3895
2.9361860752105713,3894
2.939903736114502,3893
2.941875696182251,3892
2.9438560009002686,3891
2.945842981338501,3890
2.94783878326416,3889
2.9499051570892334,3888
2.953831672668457,3887
2.956244707107544,3886
2.9614524841308594,3885
2.9651687145233154,3884
2.9717907905578613,3883
2.9737513065338135,3882
2.976142406463623,3881
2.9788005352020264,3880
2.983959913253784,3879
2.988694429397583,3878
2.996411085128784,3877
2.9984288215637207,3876
3.0004076957702637,3875
3.0074779987335205,3874
3.0094521045684814,3873
3.0114188194274902,3872
3.013394594192505,3871
3.0153632164001465,3870
3.017328977584839,3869
3.0193068981170654,3868
3.0232999324798584,3867
3.0252718925476074,3866
3.029235601425171,3865
3.041008472442627,3864
3.0440120697021484,3863
3.04618501663208,3862
3.0564417839050293,3861
3.0584027767181396,3860
3.067434072494507,3859
3.0768260955810547,3858
3.078784227371216,3857
3.0894081592559814,3856
3.091400384902954,3855
3.0966663360595703,3854
3.1020395755767822,3853
3.105997323989868,3852
3.1102564334869385,3851
3.1192212104797363,3850
3.1211907863616943,3849
3.128316640853882,3848
3.130291223526001,3847
3.139080286026001,3846
3.141040563583374,3845
3.144441604614258,3844
3.148510456085205,3843
3.150481700897217,3842
3.1544246673583984,3841
3.15639066696167,3840
3.1594619750976562,3839
3.166733503341675,3838
3.1699306964874268,3837
3.172811985015869,3836
3.183318853378296,3835
3.185351848602295,3834
3.187419891357422,3833
3.1906898021698,3832
3.1991145610809326,3831
3.2087929248809814,3830
3.213932752609253,3829
3.215911388397217,3828
3.2179203033447266,3827
3.223811149597168,3826
3.229064702987671,3825
3.232987403869629,3824
3.240677833557129,3823
3.2532308101654053,3822
3.255197286605835,3821
3.259145498275757,3820
3.2611968517303467,3819
3.2652814388275146,3818
3.2736313343048096,3817
3.275601387023926,3816
3.279529094696045,3815
3.2895710468292236,3814
3.295442819595337,3813
3.301605701446533,3812
3.316964626312256,3811
3.3313863277435303,3810
3.343348503112793,3809
3.348844528198242,3808
3.351809024810791,3807
3.355043649673462,3806
3.35703182220459,3805
3.3609695434570312,3804
3.363689422607422,3803
3.370056629180908,3802
3.3720920085906982,3801
3.3740758895874023,3800
3.37607741355896,3799
3.378602981567383,3798
3.381899833679199,3797
3.383995532989502,3796
3.3875415325164795,3795
3.3895633220672607,3794
3.4022059440612793,3793
3.404188394546509,3792
3.4104583263397217,3791
3.417055368423462,3790
3.424130916595459,3789
3.4332993030548096,3788
3.4399657249450684,3787
3.4419612884521484,3786
3.447692632675171,3785
3.451258897781372,3784
3.455442190170288,3783
3.4593727588653564,3782
3.468351364135742,3781
3.4736924171447754,3780
3.477137565612793,3779
3.4845259189605713,3778
3.4878292083740234,3777
3.490311622619629,3776
3.493821382522583,3775
3.497309446334839,3774
3.5000693798065186,3773
3.5037989616394043,3772
3.5097410678863525,3771
3.5117177963256836,3770
3.5140037536621094,3769
3.5171234607696533,3768
3.522771120071411,3767
3.524780511856079,3766
3.5267484188079834,3765
3.5300142765045166,3764
3.5319931507110596,3763
3.5339694023132324,3762
3.5359373092651367,3761
3.5396883487701416,3760
3.5564463138580322,3759
3.5652577877044678,3758
3.567237615585327,3757
3.5857419967651367,3756
3.5885441303253174,3755
3.606539011001587,3754
3.6085281372070312,3753
3.6163594722747803,3752
3.6245694160461426,3751
3.629690408706665,3750
3.632340669631958,3749
3.6362693309783936,3748
3.6513988971710205,3747
3.663701295852661,3746
3.669023275375366,3745
3.672227382659912,3744
3.6781368255615234,3743
3.681013345718384,3742
3.6881136894226074,3741
3.6922574043273926,3740
3.697920799255371,3739
3.7180914878845215,3738
3.722552537918091,3737
3.7276053428649902,3736
3.7303755283355713,3735
3.737171173095703,3734
3.739145517349243,3733
3.7431046962738037,3732
3.746721029281616,3731
3.7489993572235107,3730
3.7546956539154053,3729
3.756681203842163,3728
3.76418137550354,3727
3.7681832313537598,3726
3.778167963027954,3725
3.7801740169525146,3724
3.782148599624634,3723
3.7858314514160156,3722
3.7947068214416504,3721
3.801198720932007,3720
3.8123221397399902,3719
3.8190054893493652,3718
3.820986747741699,3717
3.830227851867676,3716
3.8427162170410156,3715
3.846910238265991,3714
3.852257251739502,3713
3.871814727783203,3712
3.8777477741241455,3711
3.880875587463379,3710
3.885423183441162,3709
3.8874080181121826,3708
3.8901212215423584,3707
3.895756721496582,3706
3.8986101150512695,3705
3.901855230331421,3704
3.906630039215088,3703
3.908623456954956,3702
3.910614013671875,3701
3.914543390274048,3700
3.9165289402008057,3699
3.9276466369628906,3698
3.9344992637634277,3697
3.9395205974578857,3696
3.943544864654541,3695
3.949326992034912,3694
3.9525146484375,3693
3.956014394760132,3692
3.964484453201294,3691
3.974264144897461,3690
3.9788553714752197,3689
3.9808297157287598,3688
3.9887173175811768,3687
3.9906744956970215,3686
3.998631477355957,3685
4.002255439758301,3684
4.005110263824463,3683
4.021455764770508,3682
4.023440837860107,3681
4.027983903884888,3680
4.030855894088745,3679
4.032865762710571,3678
4.03968071937561,3677
4.042161464691162,3676
4.04414701461792,3675
4.046334981918335,3674
4.052402019500732,3673
4.055990695953369,3672
4.063289642333984,3671
4.07314395904541,3670
4.075113773345947,3669
4.0770838260650635,3668
4.079067707061768,3667
4.081038951873779,3666
4.0830161571502686,3665
4.089788913726807,3664
4.092845916748047,3663
4.094876289367676,3662
4.096897125244141,3661
4.113476276397705,3660
4.117029905319214,3659
4.123446702957153,3658
4.129105806350708,3657
4.139850378036499,3656
4.150703430175781,3655
4.154469013214111,3654
4.156466960906982,3653
4.166367292404175,3652
4.182945489883423,3651
4.188520908355713,3650
4.194443225860596,3649
4.1964194774627686,3648
4.198379993438721,3647
4.203126430511475,3646
4.205102920532227,3645
4.21976900100708,3644
4.224337816238403,3643
4.231856822967529,3642
4.233824014663696,3641
4.235793352127075,3640
4.237775802612305,3639
4.240350961685181,3638
4.245023727416992,3637
4.254655838012695,3636
4.256627798080444,3635
4.260948419570923,3634
4.262925148010254,3633
4.278346061706543,3632
4.282278060913086,3631
4.2868125438690186,3630
4.293757200241089,3629
4.29574728012085,3628
4.302720546722412,3627
4.306600332260132,3626
4.3093178272247314,3625
4.311318874359131,3624
4.315266132354736,3623
4.318145036697388,3622
4.334179639816284,3621
4.349091053009033,3620
4.367786407470703,3619
4.3717663288116455,3618
4.37595796585083,3617
4.3779237270355225,3616
4.381717920303345,3615
4.389914512634277,3614
4.403350114822388,3613
4.416556358337402,3612
4.428861379623413,3611
4.433289527893066,3610
4.4474334716796875,3609
4.450161695480347,3608
4.4536755084991455,3607
4.455681800842285,3606
4.457675218582153,3605
4.459743976593018,3604
4.461775541305542,3603
4.466661214828491,3602
4.468629837036133,3601
4.474287033081055,3600
4.481997966766357,3599
4.4859700202941895,3598
4.492116689682007,3597
4.49917459487915,3596
4.501156806945801,3595
4.5047430992126465,3594
4.510128736495972,3593
4.512113809585571,3592
4.5180418491363525,3591
4.523179769515991,3590
4.535756826400757,3589
4.542136192321777,3588
4.546895265579224,3587
4.5488855838775635,3586
4.550855875015259,3585
4.555153846740723,3584
4.5649333000183105,3583
4.569074869155884,3582
4.571761846542358,3581
4.586915493011475,3580
4.592624664306641,3579
4.599586248397827,3578
4.60751485824585,3577
4.610690355300903,3576
4.612734079360962,3575
4.6186769008636475,3574
4.62065863609314,3573
4.622635841369629,3572
4.6246068477630615,3571
4.626601696014404,3570
4.629767179489136,3569
4.633422374725342,3568
4.636568069458008,3567
4.642496585845947,3566
4.644470930099487,3565
4.653132677078247,3564
4.661668539047241,3563
4.665628671646118,3562
4.67531156539917,3561
4.685377359390259,3560
4.689640998840332,3559
4.711236476898193,3558
4.715226650238037,3557
4.717230319976807,3556
4.748389720916748,3555
4.762701749801636,3554
4.767380952835083,3553
4.76936149597168,3552
4.784019231796265,3551
4.793736219406128,3550
4.801461219787598,3549
4.804561376571655,3548
4.807858228683472,3547
4.809844732284546,3546
4.812701940536499,3545
4.814672946929932,3544
4.822602033615112,3543
4.826571226119995,3542
4.833483457565308,3541
4.835450887680054,3540
4.839045524597168,3539
4.844710350036621,3538
4.848894357681274,3537
4.8633599281311035,3536
4.866882085800171,3535
4.8727569580078125,3534
4.874744415283203,3533
4.876742839813232,3532
4.903092384338379,3531
4.905057668685913,3530
4.907042980194092,3529
4.909992218017578,3528
4.916640281677246,3527
4.921424388885498,3526
4.923887252807617,3525
4.931984186172485,3524
4.939707517623901,3523
4.951923370361328,3522
4.959697723388672,3521
4.966184854507446,3520
4.968183279037476,3519
4.977512836456299,3518
4.984949827194214,3517
4.9906792640686035,3516
4.992666959762573,3515
4.994652509689331,3514
4.998505353927612,3513
5.000509023666382,3512
5.008475065231323,3511
5.010458946228027,3510
5.02410101890564,3509
5.029998540878296,3508
5.066226482391357,3507
5.069248676300049,3506
5.074686527252197,3505
5.087555170059204,3504
5.099981784820557,3503
5.104011058807373,3502
5.108891010284424,3501
5.110905647277832,3500
5.1176066398620605,3499
5.137831926345825,3498
5.143405199050903,3497
5.146308183670044,3496
5.1483025550842285,3495
5.150290489196777,3494
5.152288913726807,3493
5.155422210693359,3492
5.159399509429932,3491
5.16409158706665,3490
5.166090965270996,3489
5.168085336685181,3488
5.170074462890625,3487
5.172084808349609,3486
5.174072027206421,3485
5.178107738494873,3484
5.180150985717773,3483
5.185898542404175,3482
5.189531326293945,3481
5.207796573638916,3480
5.211771726608276,3479
5.2137815952301025,3478
5.233723402023315,3477
5.25538444519043,3476
5.262936353683472,3475
5.264953374862671,3474
5.270357847213745,3473
5.272333145141602,3472
5.27431583404541,3471
5.279909372329712,3470
5.285824775695801,3469
5.2993457317352295,3468
5.303025960922241,3467
5.311859369277954,3466
5.313828945159912,3465
5.315820693969727,3464
5.323273420333862,3463
5.3275487422943115,3462
5.335946321487427,3461
5.350525617599487,3460
5.352502107620239,3459
5.375101566314697,3458
5.3874664306640625,3457
5.389950752258301,3456
5.391939640045166,3455
5.393923282623291,3454
5.407186985015869,3453
5.416415691375732,3452
5.426992893218994,3451
5.429760694503784,3450
5.431739091873169,3449
5.443601131439209,3448
5.445702314376831,3447
5.452316045761108,3446
5.454305410385132,3445
5.456294059753418,3444
5.472668886184692,3443
5.478608131408691,3442
5.4806740283966064,3441
5.483384132385254,3440
5.487776279449463,3439
5.502098083496094,3438
5.514507293701172,3437
5.516481161117554,3436
5.518478155136108,3435
5.523437261581421,3434
5.531539440155029,3433
5.545150995254517,3432
5.547127962112427,3431
5.553097724914551,3430
5.556334733963013,3429
5.5583178997039795,3428
5.574568510055542,3427
5.578609943389893,3426
5.5806074142456055,3425
5.583576679229736,3424
5.5860435962677,3423
5.595721483230591,3422
5.597689628601074,3421
5.6021339893341064,3420
5.609238624572754,3419
5.614577531814575,3418
5.617288589477539,3417
5.622643709182739,3416
5.6266162395477295,3415
5.63578462600708,3414
5.638475656509399,3413
5.645425796508789,3412
5.648878812789917,3411
5.650851249694824,3410
5.653913259506226,3409
5.655900478363037,3408
5.66122031211853,3407
5.663213014602661,3406
5.667183876037598,3405
5.6692187786102295,3404
5.6759843826293945,3403
5.6861653327941895,3402
5.690117597579956,3401
5.698042392730713,3400
5.702005863189697,3399
5.703989028930664,3398
5.707106351852417,3397
5.709082841873169,3396
5.721667766571045,3395
5.741338729858398,3394
5.74346923828125,3393
5.749583005905151,3392
5.751566171646118,3391
5.753553152084351,3390
5.760436296463013,3389
5.764718532562256,3388
5.769425392150879,3387
5.7733869552612305,3386
5.782569885253906,3385
5.791558742523193,3384
5.801360845565796,3383
5.803359508514404,3382
5.805342435836792,3381
5.810509443283081,3380
5.812521934509277,3379
5.819723606109619,3378
5.830709218978882,3377
5.832735776901245,3376
5.84883451461792,3375
5.85384464263916,3374
5.855874061584473,3373
5.864094495773315,3372
5.875706434249878,3371
5.883955717086792,3370
5.894550323486328,3369
5.917938709259033,3368
5.927059173583984,3367
5.942674398422241,3366
5.944664239883423,3365
5.951494932174683,3364
5.953545093536377,3363
5.9584808349609375,3362
5.990657806396484,3361
6.002311706542969,3360
6.005836725234985,3359
6.007819652557373,3358
6.011793375015259,3357
6.02845573425293,3356
6.030786037445068,3355
6.039620399475098,3354
6.0456178188323975,3353
6.053241491317749,3352
6.08232307434082,3351
6.084584474563599,3350
6.091121673583984,3349
6.093655109405518,3348
6.105987310409546,3347
6.118191242218018,3346
6.120180606842041,3345
6.124524354934692,3344
6.1299333572387695,3343
6.141531229019165,3342
6.161944389343262,3341
6.16393256187439,3340
6.168889045715332,3339
6.1708714962005615,3338
6.172860383987427,3337
6.177093267440796,3336
6.195029973983765,3335
6.232887029647827,3334
6.236834764480591,3333
6.256026983261108,3332
6.26171350479126,3331
6.2660744190216064,3330
6.2924535274505615,3329
6.3010029792785645,3328
6.30397629737854,3327
6.3131020069122314,3326
6.318010330200195,3325
6.328014135360718,3324
6.359289169311523,3323
6.364081144332886,3322
6.376628875732422,3321
6.379587650299072,3320
6.388190984725952,3319
6.40001654624939,3318
6.407262086868286,3317
6.422872066497803,3316
6.436802625656128,3315
6.448073387145996,3314
6.450062990188599,3313
6.477710485458374,3312
6.481675624847412,3311
6.494711637496948,3310
6.49762749671936,3309
6.51108717918396,3308
6.513063192367554,3307
6.515081167221069,3306
6.522683143615723,3305
6.524665832519531,3304
6.535135507583618,3303
6.537125587463379,3302
6.551696300506592,3301
6.561431884765625,3300
6.568807601928711,3299
6.570782661437988,3298
6.577820301055908,3297
6.58214545249939,3296
6.584126234054565,3295
6.590524196624756,3294
6.592839002609253,3293
6.608218669891357,3292
6.610205173492432,3291
6.652581214904785,3290
6.659176349639893,3289
6.6614463329315186,3288
6.665429353713989,3287
6.667428731918335,3286
6.6722729206085205,3285
6.689042568206787,3284
6.696464776992798,3283
6.705031156539917,3282
6.716996431350708,3281
6.718981504440308,3280
6.726327180862427,3279
6.7391510009765625,3278
6.7668750286102295,3277
6.770930051803589,3276
6.772921323776245,3275
6.774908542633057,3274
6.776966333389282,3273
6.783012390136719,3272
6.784985065460205,3271
6.790741920471191,3270
6.7958104610443115,3269
6.7986321449279785,3268
6.802047491073608,3267
6.807066440582275,3266
6.830276012420654,3265
6.838160037994385,3264
6.843902587890625,3263
6.864794492721558,3262
6.872453451156616,3261
6.8851635456085205,3260
6.893862724304199,3259
6.900718927383423,3258
6.911005020141602,3257
6.925000429153442,3256
6.9325573444366455,3255
6.9393274784088135,3254
6.944062948226929,3253
6.948761940002441,3252
6.971614122390747,3251
6.976285934448242,3250
6.984791994094849,3249
6.9867939949035645,3248
6.994744777679443,3247
6.99837327003479,3246
7.053882837295532,3245
7.057963848114014,3244
7.076242208480835,3243
7.079736232757568,3242
7.083079814910889,3241
7.103331565856934,3240
7.110920429229736,3239
7.134190082550049,3238
7.142934322357178,3237
7.19284200668335,3236
7.194844961166382,3235
7.2009313106536865,3234
7.219620943069458,3233
7.2323102951049805,3232
7.2383105754852295,3231
7.252535820007324,3230
7.256826400756836,3229
7.258833646774292,3228
7.260826110839844,3227
7.269776105880737,3226
7.282348155975342,3225
7.311395168304443,3224
7.3206868171691895,3223
7.322661876678467,3222
7.329694032669067,3221
7.333668231964111,3220
7.3589770793914795,3219
7.381457805633545,3218
7.383486032485962,3217
7.391038417816162,3216
7.395665168762207,3215
7.40900731086731,3214
7.421692132949829,3213
7.426061391830444,3212
7.4441633224487305,3211
7.446364879608154,3210
7.455401659011841,3209
7.457414627075195,3208
7.489518165588379,3207
7.491533517837524,3206
7.493541717529297,3205
7.497898817062378,3204
7.506952524185181,3203
7.512049913406372,3202
7.519205093383789,3201
7.532642602920532,3200
7.534638166427612,3199
7.544432163238525,3198
7.547947406768799,3197
7.561288356781006,3196
7.588832855224609,3195
7.600046873092651,3194
7.604720592498779,3193
7.614819049835205,3192
7.635903835296631,3191
7.662611484527588,3190
7.665414333343506,3189
7.67527174949646,3188
7.678670406341553,3187
7.6963746547698975,3186
7.70688796043396,3185
7.730691432952881,3184
7.735316038131714,3183
7.751770496368408,3182
7.756317615509033,3181
7.777437448501587,3180
7.785577297210693,3179
7.788341045379639,3178
7.79583740234375,3177
7.817075490951538,3176
7.82623553276062,3175
7.835995674133301,3174
7.839986562728882,3173
7.841961622238159,3172
7.843966484069824,3171
7.852624177932739,3170
7.856001377105713,3169
7.858797550201416,3168
7.9093177318573,3167
7.916155099868774,3166
7.918147802352905,3165
7.9253294467926025,3164
7.932803153991699,3163
7.935617685317993,3162
7.940779209136963,3161
7.943143844604492,3160
7.949079990386963,3159
7.951077222824097,3158
7.974410057067871,3157
7.9804933071136475,3156
7.986040353775024,3155
7.999855279922485,3154
8.01115894317627,3153
8.013153791427612,3152
8.028144359588623,3151
8.051637649536133,3150
8.054472208023071,3149
8.057745456695557,3148
8.06249475479126,3147
8.065630197525024,3146
8.069449663162231,3145
8.072751522064209,3144
8.090590715408325,3143
8.096733331680298,3142
8.113818645477295,3141
8.11582350730896,3140
8.120643377304077,3139
8.123773336410522,3138
8.14393162727356,3137
8.15477204322815,3136
8.171024084091187,3135
8.184102058410645,3134
8.199753999710083,3133
8.206250667572021,3132
8.215751647949219,3131
8.22477102279663,3130
8.248488187789917,3129
8.252622127532959,3128
8.260262489318848,3127
8.262288093566895,3126
8.27008056640625,3125
8.27384352684021,3124
8.279813528060913,3123
8.292080163955688,3122
8.29655408859253,3121
8.317697048187256,3120
8.338712215423584,3119
8.342309474945068,3118
8.344302415847778,3117
8.346298694610596,3116
8.362538576126099,3115
8.368489027023315,3114
8.375641584396362,3113
8.380136966705322,3112
8.384122610092163,3111
8.408960103988647,3110
8.421793699264526,3109
8.430387496948242,3108
8.43746829032898,3107
8.447370290756226,3106
8.45328426361084,3105
8.45695424079895,3104
8.462594985961914,3103
8.502530097961426,3102
8.546474933624268,3101
8.550463438034058,3100
8.570298433303833,3099
8.59323239326477,3098
8.612358093261719,3097
8.635738134384155,3096
8.637739181518555,3095
8.639742374420166,3094
8.656697511672974,3093
8.663639545440674,3092
8.711403608322144,3091
8.713970422744751,3090
8.73932671546936,3089
8.754822969436646,3088
8.760261535644531,3087
8.763154983520508,3086
8.770507097244263,3085
8.807352066040039,3084
8.8093581199646,3083
8.816513299942017,3082
8.83087420463562,3081
8.849514245986938,3080
8.855606079101562,3079
8.881571531295776,3078
8.883606195449829,3077
8.90229320526123,3076
8.9099440574646,3075
8.918476819992065,3074
8.921175956726074,3073
8.926701545715332,3072
8.92869782447815,3071
8.94514799118042,3070
8.954794645309448,3069
8.958646535873413,3068
8.961215257644653,3067
8.972380638122559,3066
8.996872425079346,3065
9.013054370880127,3064
9.017023801803589,3063
9.037465810775757,3062
9.044546127319336,3061
9.046741485595703,3060
9.079867601394653,3059
9.089056491851807,3058
9.098327875137329,3057
9.115998268127441,3056
9.129002809524536,3055
9.144847631454468,3054
9.148861408233643,3053
9.152828693389893,3052
9.181909799575806,3051
9.186329126358032,3050
9.204812288284302,3049
9.235725402832031,3048
9.25185251235962,3047
9.284473657608032,3046
9.299290180206299,3045
9.32813310623169,3044
9.335739612579346,3043
9.33893370628357,3042
9.399561405181885,3041
9.411098003387451,3040
9.417070627212524,3039
9.421711444854736,3038
9.47681450843811,3037
9.489210844039917,3036
9.497164249420166,3035
9.525622844696045,3034
9.527636051177979,3033
9.544670820236206,3032
9.554673910140991,3031
9.56218695640564,3030
9.570497751235962,3029
9.598223686218262,3028
9.608369588851929,3027
9.617177486419678,3026
9.635982275009155,3025
9.652190923690796,3024
9.675763845443726,3023
9.680118083953857,3022
9.682115316390991,3021
9.718507766723633,3020
9.723387479782104,3019
9.734158992767334,3018
9.7481849193573,3017
9.7619309425354,3016
9.766428232192993,3015
9.768417358398438,3014
9.786783933639526,3013
9.80599856376648,3012
9.831073760986328,3011
9.853394985198975,3010
9.859275579452515,3009
9.877477169036865,3008
9.885061264038086,3007
9.887513875961304,3006
9.915035009384155,3005
9.918788433074951,3004
9.934439182281494,3003
9.98709487915039,3002
9.991446495056152,3001
10.027015447616577,3000
10.032500267028809,2999
10.044082641601562,2998
10.076429843902588,2997
10.078426361083984,2996
10.093929052352905,2995
10.10347867012024,2994
10.114210605621338,2993
10.117180585861206,2992
10.121144533157349,2991
10.135468006134033,2990
10.140002250671387,2989
10.165460348129272,2988
10.182725191116333,2987
10.186697721481323,2986
10.18869161605835,2985
10.209972143173218,2984
10.211987972259521,2983
10.246880531311035,2982
10.257701396942139,2981
10.267120361328125,2980
10.273086786270142,2979
10.281879186630249,2978
10.285915613174438,2977
10.317270517349243,2976
10.332713603973389,2975
10.34824800491333,2974
10.356152772903442,2973
10.360198736190796,2972
10.362191677093506,2971
10.389237642288208,2970
10.395300149917603,2969
10.473844051361084,2968
10.496260166168213,2967
10.503868103027344,2966
10.511948823928833,2965
10.524870872497559,2964
10.526864528656006,2963
10.588948965072632,2962
10.59548306465149,2961
10.610679864883423,2960
10.639181852340698,2959
10.655678510665894,2958
10.668468475341797,2957
10.680880784988403,2956
10.68732762336731,2955
10.756429672241211,2954
10.762940406799316,2953
10.76869511604309,2952
10.782302379608154,2951
10.786308765411377,2950
10.792895793914795,2949
10.815865516662598,2948
10.82486343383789,2947
10.842837572097778,2946
10.847917795181274,2945
10.849908351898193,2944
10.875351190567017,2943
10.887973070144653,2942
10.907954216003418,2941
10.92112946510315,2940
10.944646835327148,2939
10.94663405418396,2938
10.951317071914673,2937
11.0034339427948,2936
11.007107019424438,2935
11.059436321258545,2934
11.110143184661865,2933
11.160644054412842,2932
11.204253673553467,2931
11.207830667495728,2930
11.257230997085571,2929
11.303993701934814,2928
11.328818082809448,2927
11.332364797592163,2926
11.341086149215698,2925
11.346723079681396,2924
11.348731517791748,2923
11.386283874511719,2922
11.464340209960938,2921
11.466325998306274,2920
11.474769592285156,2919
11.47880506515503,2918
11.489844799041748,2917
11.491844415664673,2916
11.561106204986572,2915
11.58820366859436,2914
11.608060359954834,2913
11.614161729812622,2912
11.620309352874756,2911
11.634398221969604,2910
11.656657457351685,2909
11.661820650100708,2908
11.689028263092041,2907
11.699569940567017,2906
11.706961631774902,2905
11.719014644622803,2904
11.726771593093872,2903
11.72878623008728,2902
11.782838582992554,2901
11.824444770812988,2900
11.841613054275513,2899
11.986845016479492,2898
12.010795593261719,2897
12.012834310531616,2896
12.017795085906982,2895
12.038073301315308,2894
12.064106464385986,2893
12.07400369644165,2892
12.078477144241333,2891
12.088133096694946,2890
12.106191873550415,2889
12.115355014801025,2888
12.154907464981079,2887
12.158884525299072,2886
12.16088080406189,2885
12.171793699264526,2884
12.179654359817505,2883
12.192939519882202,2882
12.217267990112305,2881
12.26386022567749,2880
12.272248029708862,2879
12.297502279281616,2878
12.314517736434937,2877
12.323924779891968,2876
12.347622156143188,2875
12.353912115097046,2874
12.372557640075684,2873
12.41124939918518,2872
12.520972967147827,2871
12.537962436676025,2870
12.555787086486816,2869
12.617342948913574,2868
12.644055128097534,2867
12.686030387878418,2866
12.7647545337677,2865
12.837124347686768,2864
12.851979732513428,2863
12.894778966903687,2862
12.955686092376709,2861
12.961588382720947,2860
12.997995615005493,2859
13.021135091781616,2858
13.034626007080078,2857
13.04879093170166,2856
13.0613853931427,2855
13.092872381210327,2854
13.119088649749756,2853
13.141085863113403,2852
13.149110555648804,2851
13.16922402381897,2850
13.185518026351929,2849
13.229523420333862,2848
13.246777772903442,2847
13.260912895202637,2846
13.297098636627197,2845
13.33366346359253,2844
13.34860897064209,2843
13.38844108581543,2842
13.416394233703613,2841
13.441567420959473,2840
13.496361255645752,2839
13.505871772766113,2838
13.508811712265015,2837
13.53119421005249,2836
13.58817744255066,2835
13.610316753387451,2834
13.624245405197144,2833
13.657826900482178,2832
13.664325952529907,2831
13.726022243499756,2830
13.794392347335815,2829
13.800382852554321,2828
13.809017896652222,2827
13.821048021316528,2826
13.86660885810852,2825
13.896360635757446,2824
13.93579649925232,2823
13.957696914672852,2822
13.959694623947144,2821
13.972514629364014,2820
14.011574268341064,2819
14.01723599433899,2818
14.052543640136719,2817
14.145343542098999,2816
14.189680337905884,2815
14.191680192947388,2814
14.285685062408447,2813
14.31093692779541,2812
14.318815469741821,2811
14.326488733291626,2810
14.364387035369873,2809
14.4061598777771,2808
14.408154249191284,2807
14.41286015510559,2806
14.451523780822754,2805
14.456283569335938,2804
14.527551651000977,2803
14.54445743560791,2802
14.569219589233398,2801
14.593959093093872,2800
14.601821899414062,2799
14.671527862548828,2798
14.742720127105713,2797
14.802305698394775,2796
14.806298971176147,2795
14.853224992752075,2794
14.879878759384155,2793
14.889469861984253,2792
14.914310455322266,2791
14.968738079071045,2790
14.994323015213013,2789
15.000481128692627,2788
15.016228437423706,2787
15.01822805404663,2786
15.071585893630981,2785
15.078842163085938,2784
15.103379011154175,2783
15.12415337562561,2782
15.159267902374268,2781
15.183321237564087,2780
15.216394662857056,2779
15.219616174697876,2778
15.266888856887817,2777
15.344814538955688,2776
15.41831374168396,2775
15.450520753860474,2774
15.460634469985962,2773
15.495036125183105,2772
15.50612998008728,2771
15.545916080474854,2770
15.569339990615845,2769
15.764878511428833,2768
15.803300380706787,2767
15.8584566116333,2766
15.911386013031006,2765
15.964875221252441,2764
16.023737907409668,2763
16.02574348449707,2762
16.03771948814392,2761
16.060138940811157,2760
16.13696527481079,2759
16.162153482437134,2758
16.201578855514526,2757
16.2451229095459,2756
16.27307105064392,2755
16.29079580307007,2754
16.298603296279907,2753
16.31818699836731,2752
16.331257581710815,2751
16.360072374343872,2750
16.466082334518433,2749
16.522228956222534,2748
16.526726961135864,2747
16.54656171798706,2746
16.548551082611084,2745
16.614816904067993,2744
16.746023893356323,2743
16.767637252807617,2742
16.856464862823486,2741
16.868708848953247,2740
16.88601803779602,2739
16.922802448272705,2738
16.980482816696167,2737
17.00844645500183,2736
17.114362955093384,2735
17.19772219657898,2734
17.19971489906311,2733
17.21191644668579,2732
17.26803708076477,2731
17.270026922225952,2730
17.303433656692505,2729
17.321093797683716,2728
17.34034824371338,2727
17.363529682159424,2726
17.371408939361572,2725
17.388367652893066,2724
17.415366888046265,2723
17.45094919204712,2722
17.459055185317993,2721
17.50157856941223,2720
17.60824227333069,2719
17.643627405166626,2718
17.7424418926239,2717
17.778494119644165,2716
17.798781871795654,2715
17.83783483505249,2714
17.84196400642395,2713
17.884660959243774,2712
17.91037392616272,2711
17.924041032791138,2710
17.945675134658813,2709
18.04298710823059,2708
18.20192527770996,2707
18.261321306228638,2706
18.274274587631226,2705
18.285423755645752,2704
18.39262342453003,2703
18.400598764419556,2702
18.461174964904785,2701
18.488648653030396,2700
18.49266505241394,2699
18.651490688323975,2698
18.751035690307617,2697
18.895100116729736,2696
19.31679654121399,2695
19.363670110702515,2694
19.462865591049194,2693
19.705694675445557,2692
20.004924297332764,2691
20.035497426986694,2690
20.17843508720398,2689
20.292043447494507,2688
20.294118642807007,2687
20.296106815338135,2686
20.34007215499878,2685
20.467700481414795,2684
20.594268321990967,2683
20.648889780044556,2682
20.652721166610718,2681
20.849061250686646,2680
20.97611904144287,2679
21.076255321502686,2678
21.16760015487671,2677
21.18592381477356,2676
21.193188667297363,2675
21.32766318321228,2674
21.4802885055542,2673
21.592201709747314,2672
21.611781120300293,2671
21.644436359405518,2670
21.67496657371521,2669
21.77840280532837,2668
21.964187145233154,2667
22.117936611175537,2666
22.172808170318604,2665
22.251612424850464,2664
22.30186367034912,2663
22.309925079345703,2662
22.32578992843628,2661
22.541131019592285,2660
22.649441719055176,2659
22.66480803489685,2658
22.808696508407593,2657
22.9185574054718,2656
23.06464672088623,2655
23.1048743724823,2654
23.254497289657593,2653
23.27510094642639,2652
23.322874546051025,2651
23.329396963119507,2650
23.50372552871704,2649
23.52695369720459,2648
23.584758758544922,2647
23.643401622772217,2646
23.72973871231079,2645
23.837944984436035,2644
23.90692925453186,2643
23.965564489364624,2642
24.157519817352295,2641
24.17680287361145,2640
24.197755098342896,2639
24.3870050907135,2638
24.41335964202881,2637
24.878848552703857,2636
25.051536083221436,2635
25.1181161403656,2634
25.307859659194946,2633
25.355462551116943,2632
25.665722370147705,2631
25.83366060256958,2630
26.104408979415894,2629
26.17825484275818,2628
26.201112270355225,2627
26.22477436065674,2626
26.263980627059937,2625
26.319997787475586,2624
26.611229181289673,2623
26.762930154800415,2622
26.93461322784424,2621
27.092947959899902,2620
27.159058570861816,2619
27.172163248062134,2618
27.207096576690674,2617
27.296042680740356,2616
27.346258401870728,2615
27.418670415878296,2614
27.42993664741516,2613
27.65831232070923,2612
27.730227947235107,2611
27.74532437324524,2610
28.054105043411255,2609
28.104102611541748,2608
28.15054702758789,2607
29.107956886291504,2606
29.28502106666565,2605
29.513306617736816,2604
29.835272550582886,2603
29.932442903518677,2602
29.953046083450317,2601
29.966853380203247,2600
30.01929259300232,2599
30.177242517471313,2598
30.189995527267456,2597
30.19606351852417,2596
30.629634380340576,2595
31.188084363937378,2594
32.25137162208557,2593
33.90066385269165,2592
34.796852827072144,2591
35.68542456626892,2590
35.84445667266846,2589
36.09342932701111,2588
36.6460063457489,2587
37.27665424346924,2586
38.87023949623108,2585
39.021259784698486,2584
40.04996395111084,2583
40.32843494415283,2582
41.07051086425781,2581
41.298094749450684,2580
41.555739641189575,2579
41.81132173538208,2578
45.47797393798828,2577
45.71699023246765,2576
45.984878063201904,2575
56.675259828567505,2574
58.288341999053955,2573
