0.0023844242095947266,4940
0.0044536590576171875,4939
0.006438493728637695,4938
0.008419275283813477,4937
0.010422706604003906,4936
0.012435436248779297,4935
0.014417409896850586,4934
0.016460895538330078,4933
0.018440961837768555,4932
0.02044510841369629,4931
0.022416114807128906,4930
0.024393320083618164,4929
0.02636408805847168,4928
0.028395891189575195,4927
0.030370235443115234,4926
0.032404422760009766,4925
0.034374237060546875,4924
0.03635525703430176,4923
0.03832650184631348,4922
0.04030156135559082,4921
0.04227042198181152,4920
0.04424643516540527,4919
0.04621458053588867,4918
0.048215627670288086,4917
0.05021524429321289,4916
0.05219674110412598,4915
0.05417609214782715,4914
0.05617809295654297,4913
0.05814957618713379,4912
0.060125112533569336,4911
0.062097787857055664,4910
0.06413149833679199,4909
0.06613349914550781,4908
0.06811070442199707,4907
0.07008051872253418,4906
0.07205748558044434,4905
0.07405686378479004,4904
0.07603311538696289,4903
0.0780341625213623,4902
0.08127593994140625,4901
0.08335638046264648,4900
0.08536767959594727,4899
0.08734250068664551,4898
0.08936834335327148,4897
0.09334516525268555,4896
0.09534692764282227,4895
0.097412109375,4894
0.09949040412902832,4893
0.10153913497924805,4892
0.10358667373657227,4891
0.10555076599121094,4890
0.107513427734375,4889
0.10947847366333008,4888
0.1115121841430664,4887
0.11358284950256348,4886
0.11562943458557129,4885
0.11759018898010254,4884
0.11957931518554688,4883
0.12154150009155273,4882
0.12352490425109863,4881
0.12577247619628906,4880
0.12784790992736816,4879
0.12986516952514648,4878
0.13193869590759277,4877
0.13390159606933594,4876
0.13589191436767578,4875
0.13785481452941895,4874
0.13982343673706055,4873
0.14179062843322754,4872
0.14375662803649902,4871
0.14572453498840332,4870
0.14771771430969238,4869
0.15008020401000977,4868
0.15207743644714355,4867
0.1540677547454834,4866
0.15663433074951172,4865
0.1587991714477539,4864
0.16121339797973633,4863
0.16351056098937988,4862
0.16574835777282715,4861
0.16790056228637695,4860
0.17020750045776367,4859
0.1725451946258545,4858
0.17472457885742188,4857
0.1771254539489746,4856
0.17933201789855957,4855
0.18144536018371582,4854
0.1834275722503662,4853
0.18559002876281738,4852
0.18787741661071777,4851
0.18986248970031738,4850
0.19182872772216797,4849
0.1937882900238037,4848
0.19577908515930176,4847
0.19773578643798828,4846
0.1997532844543457,4845
0.20171332359313965,4844
0.20370054244995117,4843
0.205657958984375,4842
0.20762062072753906,4841
0.20964455604553223,4840
0.21196937561035156,4839
0.2141561508178711,4838
0.2163088321685791,4837
0.21837353706359863,4836
0.22043895721435547,4835
0.22249197959899902,4834
0.22460341453552246,4833
0.2267148494720459,4832
0.22882890701293945,4831
0.2309112548828125,4830
0.23299956321716309,4829
0.23631930351257324,4828
0.23837542533874512,4827
0.24086666107177734,4826
0.24282431602478027,4825
0.24618840217590332,4824
0.2492084503173828,4823
0.25116562843322754,4822
0.253131628036499,4821
0.25508832931518555,4820
0.25901222229003906,4819
0.2609977722167969,4818
0.26295971870422363,4817
0.26494479179382324,4816
0.266904354095459,4815
0.26886701583862305,4814
0.2725498676300049,4813
0.2745349407196045,4812
0.27656030654907227,4811
0.27906203269958496,4810
0.28102684020996094,4809
0.28304362297058105,4808
0.2850065231323242,4807
0.28696227073669434,4806
0.2897970676422119,4805
0.2917599678039551,4804
0.29372215270996094,4803
0.295712947845459,4802
0.29767441749572754,4801
0.29966211318969727,4800
0.3016223907470703,4799
0.3035860061645508,4798
0.30554652214050293,4797
0.30750560760498047,4796
0.3094673156738281,4795
0.31142306327819824,4794
0.3134174346923828,4793
0.31542372703552246,4792
0.31746912002563477,4791
0.3194277286529541,4790
0.32141971588134766,4789
0.3233754634857178,4788
0.32558679580688477,4787
0.3275880813598633,4786
0.32955503463745117,4785
0.33154749870300293,4784
0.333507776260376,4783
0.3354973793029785,4782
0.33751893043518066,4781
0.3395726680755615,4780
0.3415689468383789,4779
0.3436439037322998,4778
0.34560632705688477,4777
0.34757161140441895,4776
0.3495626449584961,4775
0.3515608310699463,4774
0.35352516174316406,4773
0.3554840087890625,4772
0.3574514389038086,4771
0.35941171646118164,4770
0.3613741397857666,4769
0.36333155632019043,4768
0.3653297424316406,4767
0.367290735244751,4766
0.36925697326660156,4765
0.37317371368408203,4764
0.3751349449157715,4763
0.37710142135620117,4762
0.3790576457977295,4761
0.3810267448425293,4760
0.38301801681518555,4759
0.3851020336151123,4758
0.38706493377685547,4757
0.38906192779541016,4756
0.3910496234893799,4755
0.3930184841156006,4754
0.39595890045166016,4753
0.3979916572570801,4752
0.40018272399902344,4751
0.40226244926452637,4750
0.4043440818786621,4749
0.40631675720214844,4748
0.40836286544799805,4747
0.410355806350708,4746
0.41243910789489746,4745
0.4144010543823242,4744
0.4164257049560547,4743
0.41838836669921875,4742
0.420452356338501,4741
0.42241406440734863,4740
0.42441296577453613,4739
0.4263734817504883,4738
0.4283432960510254,4737
0.43030428886413574,4736
0.4322996139526367,4735
0.4342625141143799,4734
0.4373133182525635,4733
0.43927693367004395,4732
0.4412403106689453,4731
0.4432086944580078,4730
0.446941614151001,4729
0.4490954875946045,4728
0.45108461380004883,4727
0.45312070846557617,4726
0.45511651039123535,4725
0.4571657180786133,4724
0.45913243293762207,4723
0.46109509468078613,4722
0.4630873203277588,4721
0.4651930332183838,4720
0.46715641021728516,4719
0.4691159725189209,4718
0.47107648849487305,4717
0.4735443592071533,4716
0.4755074977874756,4715
0.47746968269348145,4714
0.479428768157959,4713
0.48415613174438477,4712
0.48612189292907715,4711
0.48824191093444824,4710
0.49021148681640625,4709
0.49388551712036133,4708
0.4958500862121582,4707
0.4978177547454834,4706
0.4998137950897217,4705
0.5017776489257812,4704
0.505702018737793,4703
0.5076677799224854,4702
0.5111544132232666,4701
0.5132410526275635,4700
0.5153217315673828,4699
0.5173535346984863,4698
0.5193161964416504,4697
0.526137113571167,4696
0.5281505584716797,4695
0.530174732208252,4694
0.5339639186859131,4693
0.535933256149292,4692
0.53790283203125,4691
0.5398695468902588,4690
0.541837215423584,4689
0.543830394744873,4688
0.5457987785339355,4687
0.5477595329284668,4686
0.5498766899108887,4685
0.5519022941589355,4684
0.5547678470611572,4683
0.558725118637085,4682
0.5607383251190186,4681
0.5627105236053467,4680
0.5647430419921875,4679
0.566774845123291,4678
0.5688660144805908,4677
0.5708296298980713,4676
0.5727963447570801,4675
0.5747635364532471,4674
0.5790636539459229,4673
0.5810842514038086,4672
0.5850660800933838,4671
0.5909872055053711,4670
0.5929543972015381,4669
0.5949196815490723,4668
0.5969135761260986,4667
0.598905086517334,4666
0.6008665561676025,4665
0.6028332710266113,4664
0.6048290729522705,4663
0.6070263385772705,4662
0.6092555522918701,4661
0.611351490020752,4660
0.6134469509124756,4659
0.6202502250671387,4658
0.6264002323150635,4657
0.6291873455047607,4656
0.63204026222229,4655
0.6346104145050049,4654
0.6376872062683105,4653
0.6410870552062988,4652
0.6430630683898926,4651
0.6450352668762207,4650
0.6470036506652832,4649
0.6490914821624756,4648
0.6510860919952393,4647
0.653892993927002,4646
0.6558973789215088,4645
0.6578662395477295,4644
0.660508394241333,4643
0.6624677181243896,4642
0.6644425392150879,4641
0.666428804397583,4640
0.6684010028839111,4639
0.6704552173614502,4638
0.672431468963623,4637
0.6744229793548584,4636
0.677255392074585,4635
0.6801178455352783,4634
0.6821138858795166,4633
0.68408203125,4632
0.6860392093658447,4631
0.6880090236663818,4630
0.6899755001068115,4629
0.6939818859100342,4628
0.6959497928619385,4627
0.6979141235351562,4626
0.6999087333679199,4625
0.7018725872039795,4624
0.7038381099700928,4623
0.7058014869689941,4622
0.7077670097351074,4621
0.7097301483154297,4620
0.7116951942443848,4619
0.7136940956115723,4618
0.7157473564147949,4617
0.7177166938781738,4616
0.7215626239776611,4615
0.7235856056213379,4614
0.7258894443511963,4613
0.7280163764953613,4612
0.7300546169281006,4611
0.7361888885498047,4610
0.7381715774536133,4609
0.7428104877471924,4608
0.7447888851165771,4607
0.7467694282531738,4606
0.7487761974334717,4605
0.7527341842651367,4604
0.7547404766082764,4603
0.7568213939666748,4602
0.758803129196167,4601
0.7629058361053467,4600
0.7650661468505859,4599
0.7670412063598633,4598
0.7690215110778809,4597
0.7709949016571045,4596
0.7729730606079102,4595
0.77842116355896,4594
0.7823762893676758,4593
0.7843444347381592,4592
0.7882671356201172,4591
0.7902352809906006,4590
0.7922041416168213,4589
0.7942249774932861,4588
0.7961935997009277,4587
0.7981851100921631,4586
0.8018133640289307,4585
0.803795337677002,4584
0.8057997226715088,4583
0.8078382015228271,4582
0.8098444938659668,4581
0.811830997467041,4580
0.8138175010681152,4579
0.8158614635467529,4578
0.8178315162658691,4577
0.8198065757751465,4576
0.8218386173248291,4575
0.8250164985656738,4574
0.827561616897583,4573
0.8295340538024902,4572
0.8315901756286621,4571
0.8336477279663086,4570
0.8357038497924805,4569
0.8376767635345459,4568
0.8401527404785156,4567
0.8426244258880615,4566
0.8473110198974609,4565
0.8493127822875977,4564
0.85127854347229,4563
0.8532500267028809,4562
0.8552191257476807,4561
0.8571910858154297,4560
0.8631258010864258,4559
0.8651318550109863,4558
0.8671019077301025,4557
0.8690783977508545,4556
0.8710446357727051,4555
0.8730783462524414,4554
0.8803937435150146,4553
0.8839235305786133,4552
0.8897271156311035,4551
0.8917586803436279,4550
0.8937304019927979,4549
0.8957641124725342,4548
0.8977658748626709,4547
0.9015147686004639,4546
0.903489351272583,4545
0.9054672718048096,4544
0.9074347019195557,4543
0.9125113487243652,4542
0.914484977722168,4541
0.9165456295013428,4540
0.9205148220062256,4539
0.9232687950134277,4538
0.925520658493042,4537
0.9275236129760742,4536
0.9295139312744141,4535
0.9315474033355713,4534
0.9335761070251465,4533
0.9355802536010742,4532
0.9384381771087646,4531
0.9404764175415039,4530
0.9425196647644043,4529
0.9446072578430176,4528
0.9483404159545898,4527
0.950359582901001,4526
0.952354907989502,4525
0.9549989700317383,4524
0.9570457935333252,4523
0.9590284824371338,4522
0.9610090255737305,4521
0.9629862308502197,4520
0.9650208950042725,4519
0.9677648544311523,4518
0.9697380065917969,4517
0.9736843109130859,4516
0.9763205051422119,4515
0.9782955646514893,4514
0.9802734851837158,4513
0.9823079109191895,4512
0.9842967987060547,4511
0.9862766265869141,4510
0.9917483329772949,4509
0.9937222003936768,4508
0.9992482662200928,4507
1.0033655166625977,4506
1.0054657459259033,4505
1.0082132816314697,4504
1.0121870040893555,4503
1.0152034759521484,4502
1.017181634902954,4501
1.0191631317138672,4500
1.021139144897461,4499
1.023118495941162,4498
1.0250945091247559,4497
1.0281686782836914,4496
1.0301392078399658,4495
1.0321416854858398,4494
1.0358381271362305,4493
1.0384244918823242,4492
1.0403966903686523,4491
1.042759656906128,4490
1.044738531112671,4489
1.0487313270568848,4488
1.055605411529541,4487
1.0575835704803467,4486
1.0596199035644531,4485
1.0616281032562256,4484
1.064481258392334,4483
1.0664801597595215,4482
1.0684535503387451,4481
1.0704309940338135,4480
1.0724143981933594,4479
1.0744428634643555,4478
1.079963207244873,4477
1.0819592475891113,4476
1.0839323997497559,4475
1.0863213539123535,4474
1.0918281078338623,4473
1.093808650970459,4472
1.0958447456359863,4471
1.0991902351379395,4470
1.1012294292449951,4469
1.1032063961029053,4468
1.1052467823028564,4467
1.1072275638580322,4466
1.1092941761016846,4465
1.1121668815612793,4464
1.1141343116760254,4463
1.1161868572235107,4462
1.118152379989624,4461
1.1201751232147217,4460
1.122168779373169,4459
1.1243882179260254,4458
1.1263742446899414,4457
1.128410816192627,4456
1.1303808689117432,4455
1.1324355602264404,4454
1.1362829208374023,4453
1.1382787227630615,4452
1.1403284072875977,4451
1.1443531513214111,4450
1.1463308334350586,4449
1.1484217643737793,4448
1.1517093181610107,4447
1.1536791324615479,4446
1.1587045192718506,4445
1.1607050895690918,4444
1.1657896041870117,4443
1.1677889823913574,4442
1.1698157787322998,4441
1.1729011535644531,4440
1.174872636795044,4439
1.1768431663513184,4438
1.1788151264190674,4437
1.1807851791381836,4436
1.1827833652496338,4435
1.184783935546875,4434
1.1868243217468262,4433
1.1888377666473389,4432
1.19083833694458,4431
1.1944355964660645,4430
1.1964197158813477,4429
1.1984455585479736,4428
1.200423002243042,4427
1.204394817352295,4426
1.2097764015197754,4425
1.212519884109497,4424
1.2164855003356934,4423
1.2211296558380127,4422
1.2236971855163574,4421
1.2276628017425537,4420
1.231682300567627,4419
1.2336626052856445,4418
1.235671043395996,4417
1.2377071380615234,4416
1.2397706508636475,4415
1.243140697479248,4414
1.245119571685791,4413
1.2483723163604736,4412
1.2503492832183838,4411
1.2530953884124756,4410
1.2550740242004395,4409
1.257063388824463,4408
1.259042739868164,4407
1.2610368728637695,4406
1.263016700744629,4405
1.2654354572296143,4404
1.2674107551574707,4403
1.2712287902832031,4402
1.2736177444458008,4401
1.2756035327911377,4400
1.2780554294586182,4399
1.2834196090698242,4398
1.2854182720184326,4397
1.2874197959899902,4396
1.2894337177276611,4395
1.2925913333892822,4394
1.2990782260894775,4393
1.3112497329711914,4392
1.3132925033569336,4391
1.3152999877929688,4390
1.3218529224395752,4389
1.324434757232666,4388
1.326432704925537,4387
1.334306001663208,4386
1.3383240699768066,4385
1.340369701385498,4384
1.3440415859222412,4383
1.3460264205932617,4382
1.3480584621429443,4381
1.3500583171844482,4380
1.3521463871002197,4379
1.3541972637176514,4378
1.3562283515930176,4377
1.3582041263580322,4376
1.3621656894683838,4375
1.3655052185058594,4374
1.3674921989440918,4373
1.3694708347320557,4372
1.3714518547058105,4371
1.3734378814697266,4370
1.3754167556762695,4369
1.3773987293243408,4368
1.379380702972412,4367
1.3814213275909424,4366
1.385692834854126,4365
1.3896770477294922,4364
1.3916575908660889,4363
1.3944098949432373,4362
1.3964776992797852,4361
1.3985021114349365,4360
1.4004855155944824,4359
1.403921365737915,4358
1.4058959484100342,4357
1.4096930027008057,4356
1.4116628170013428,4355
1.413663387298584,4354
1.4173924922943115,4353
1.4215178489685059,4352
1.4235200881958008,4351
1.4255115985870361,4350
1.4284706115722656,4349
1.4304592609405518,4348
1.4400229454040527,4347
1.4424159526824951,4346
1.4444217681884766,4345
1.4464590549468994,4344
1.448625087738037,4343
1.4506077766418457,4342
1.4546289443969727,4341
1.4641473293304443,4340
1.4661533832550049,4339
1.4681339263916016,4338
1.4701035022735596,4337
1.472081184387207,4336
1.4741125106811523,4335
1.4781758785247803,4334
1.483450174331665,4333
1.4854371547698975,4332
1.487417459487915,4331
1.4895315170288086,4330
1.491523027420044,4329
1.4955353736877441,4328
1.4990642070770264,4327
1.5010490417480469,4326
1.5050153732299805,4325
1.5069921016693115,4324
1.5092742443084717,4323
1.5113039016723633,4322
1.5133912563323975,4321
1.5163044929504395,4320
1.5183498859405518,4319
1.5204238891601562,4318
1.5236804485321045,4317
1.5269384384155273,4316
1.5309419631958008,4315
1.534940481185913,4314
1.538902997970581,4313
1.5408844947814941,4312
1.544898271560669,4311
1.54693603515625,4310
1.5494298934936523,4309
1.5514161586761475,4308
1.5534491539001465,4307
1.5554330348968506,4306
1.5574486255645752,4305
1.5594298839569092,4304
1.561448574066162,4303
1.563434362411499,4302
1.565481185913086,4301
1.5674681663513184,4300
1.56950044631958,4299
1.5734937191009521,4298
1.5804533958435059,4297
1.5824685096740723,4296
1.5844581127166748,4295
1.5864453315734863,4294
1.5884349346160889,4293
1.5904417037963867,4292
1.5924253463745117,4291
1.5944392681121826,4290
1.6018085479736328,4289
1.6038181781768799,4288
1.6058192253112793,4287
1.6083333492279053,4286
1.6118273735046387,4285
1.6138839721679688,4284
1.6175098419189453,4283
1.6229004859924316,4282
1.6249120235443115,4281
1.6293725967407227,4280
1.631446123123169,4279
1.6335084438323975,4278
1.6421141624450684,4277
1.644216775894165,4276
1.6477556228637695,4275
1.649787425994873,4274
1.6537361145019531,4273
1.6578385829925537,4272
1.6620631217956543,4271
1.6655919551849365,4270
1.6676304340362549,4269
1.6696174144744873,4268
1.671750783920288,4267
1.6776084899902344,4266
1.6815860271453857,4265
1.6836028099060059,4264
1.6859352588653564,4263
1.6891252994537354,4262
1.694908618927002,4261
1.6969168186187744,4260
1.7009260654449463,4259
1.702925205230713,4258
1.706899642944336,4257
1.7089626789093018,4256
1.7109403610229492,4255
1.7129476070404053,4254
1.7159993648529053,4253
1.7180042266845703,4252
1.7228093147277832,4251
1.7257306575775146,4250
1.7278027534484863,4249
1.7303614616394043,4248
1.732400894165039,4247
1.7343780994415283,4246
1.7380592823028564,4245
1.7418875694274902,4244
1.7444782257080078,4243
1.7464642524719238,4242
1.7507247924804688,4241
1.7539384365081787,4240
1.7609727382659912,4239
1.7629480361938477,4238
1.7649571895599365,4237
1.7689425945281982,4236
1.7730653285980225,4235
1.7764637470245361,4234
1.7799491882324219,4233
1.7819640636444092,4232
1.7859323024749756,4231
1.7879528999328613,4230
1.794640302658081,4229
1.7966647148132324,4228
1.800163984298706,4227
1.8021533489227295,4226
1.804140329360962,4225
1.8061304092407227,4224
1.8101146221160889,4223
1.8121023178100586,4222
1.8140904903411865,4221
1.8161063194274902,4220
1.8181214332580566,4219
1.820112705230713,4218
1.8240938186645508,4217
1.8260822296142578,4216
1.8302364349365234,4215
1.83225679397583,4214
1.8342437744140625,4213
1.8362319469451904,4212
1.8382208347320557,4211
1.8402681350708008,4210
1.8423140048980713,4209
1.8459818363189697,4208
1.849470853805542,4207
1.8515198230743408,4206
1.8535373210906982,4205
1.8555526733398438,4204
1.8588366508483887,4203
1.8608465194702148,4202
1.8628206253051758,4201
1.8654420375823975,4200
1.8708164691925049,4199
1.8764688968658447,4198
1.8784513473510742,4197
1.8812589645385742,4196
1.883707046508789,4195
1.889620304107666,4194
1.8937089443206787,4193
1.8973267078399658,4192
1.901221752166748,4191
1.9033467769622803,4190
1.9088599681854248,4189
1.9108738899230957,4188
1.9161579608917236,4187
1.918881893157959,4186
1.9220516681671143,4185
1.924379825592041,4184
1.9289333820343018,4183
1.9335556030273438,4182
1.937582015991211,4181
1.9395952224731445,4180
1.9416003227233887,4179
1.9436180591583252,4178
1.9463424682617188,4177
1.9502508640289307,4176
1.9553020000457764,4175
1.9595038890838623,4174
1.9614880084991455,4173
1.966672658920288,4172
1.9686691761016846,4171
1.9706573486328125,4170
1.974397897720337,4169
1.978391408920288,4168
1.9803850650787354,4167
1.9824304580688477,4166
1.9844601154327393,4165
1.9865102767944336,4164
1.9885354042053223,4163
1.9905176162719727,4162
1.9925096035003662,4161
1.997481346130371,4160
1.9999349117279053,4159
2.0019218921661377,4158
2.0039196014404297,4157
2.005911111831665,4156
2.0088253021240234,4155
2.0108718872070312,4154
2.0176022052764893,4153
2.0207693576812744,4152
2.022916793823242,4151
2.025372266769409,4150
2.0283946990966797,4149
2.0327041149139404,4148
2.0347018241882324,4147
2.0384273529052734,4146
2.0414981842041016,4145
2.0473058223724365,4144
2.049388885498047,4143
2.0533344745635986,4142
2.0573270320892334,4141
2.0592989921569824,4140
2.063267707824707,4139
2.070225477218628,4138
2.073730230331421,4137
2.0773532390594482,4136
2.0829484462738037,4135
2.0899832248687744,4134
2.0927186012268066,4133
2.0946881771087646,4132
2.1019604206085205,4131
2.105921983718872,4130
2.1123034954071045,4129
2.1143271923065186,4128
2.1164133548736572,4127
2.119797706604004,4126
2.121818780899048,4125
2.1322147846221924,4124
2.1342291831970215,4123
2.1382994651794434,4122
2.1404008865356445,4121
2.1455118656158447,4120
2.147489547729492,4119
2.149583339691162,4118
2.151599168777466,4117
2.1535794734954834,4116
2.1555845737457275,4115
2.159564733505249,4114
2.163541078567505,4113
2.1705069541931152,4112
2.172531843185425,4111
2.174633502960205,4110
2.1766743659973145,4109
2.178662061691284,4108
2.183222532272339,4107
2.1890292167663574,4106
2.193223237991333,4105
2.199155330657959,4104
2.2012059688568115,4103
2.203188419342041,4102
2.206491708755493,4101
2.208484172821045,4100
2.212540864944458,4099
2.215527057647705,4098
2.2175076007843018,4097
2.2293412685394287,4096
2.2313485145568848,4095
2.236950159072876,4094
2.2412054538726807,4093
2.243180274963379,4092
2.245560646057129,4091
2.247593641281128,4090
2.251617908477783,4089
2.2535924911499023,4088
2.255605936050415,4087
2.2611119747161865,4086
2.2650864124298096,4085
2.2694711685180664,4084
2.2714340686798096,4083
2.275235652923584,4082
2.2773208618164062,4081
2.282500743865967,4080
2.288837194442749,4079
2.2908363342285156,4078
2.2928147315979004,4077
2.296450138092041,4076
2.2984588146209717,4075
2.3004794120788574,4074
2.3039228916168213,4073
2.307682991027832,4072
2.311203956604004,4071
2.315150260925293,4070
2.318366527557373,4069
2.3238720893859863,4068
2.329441785812378,4067
2.331660509109497,4066
2.3349266052246094,4065
2.3385517597198486,4064
2.3444221019744873,4063
2.348423719406128,4062
2.351710081100464,4061
2.3558292388916016,4060
2.3577983379364014,4059
2.363292694091797,4058
2.3703413009643555,4057
2.3723161220550537,4056
2.374699115753174,4055
2.377382278442383,4054
2.3793540000915527,4053
2.3813416957855225,4052
2.3833982944488525,4051
2.3854119777679443,4050
2.387385606765747,4049
2.39070987701416,4048
2.396787405014038,4047
2.398798704147339,4046
2.4019834995269775,4045
2.415456771850586,4044
2.41941499710083,4043
2.4213902950286865,4042
2.4242920875549316,4041
2.4262688159942627,4040
2.430192708969116,4039
2.436599016189575,4038
2.4409098625183105,4037
2.4449641704559326,4036
2.450958013534546,4035
2.4529824256896973,4034
2.455310583114624,4033
2.457282304763794,4032
2.4592437744140625,4031
2.465549945831299,4030
2.4676761627197266,4029
2.471790075302124,4028
2.4835076332092285,4027
2.486659526824951,4026
2.4887747764587402,4025
2.4907608032226562,4024
2.493692636489868,4023
2.499028444290161,4022
2.505016803741455,4021
2.506988048553467,4020
2.5089807510375977,4019
2.510965585708618,4018
2.516390323638916,4017
2.51837158203125,4016
2.520375967025757,4015
2.5245633125305176,4014
2.526557683944702,4013
2.5286197662353516,4012
2.5305936336517334,4011
2.5380401611328125,4010
2.5400290489196777,4009
2.542001962661743,4008
2.54697585105896,4007
2.5489821434020996,4006
2.5580294132232666,4005
2.562059164047241,4004
2.564124584197998,4003
2.5661399364471436,4002
2.568115711212158,4001
2.57060170173645,4000
2.576239585876465,3999
2.5782206058502197,3998
2.580199718475342,3997
2.5879859924316406,3996
2.5899698734283447,3995
2.591972827911377,3994
2.5959320068359375,3993
2.597912549972534,3992
2.602210521697998,3991
2.6046955585479736,3990
2.6124043464660645,3989
2.6207289695739746,3988
2.622709274291992,3987
2.6267123222351074,3986
2.6287360191345215,3985
2.639925718307495,3984
2.65146803855896,3983
2.6534476280212402,3982
2.6574416160583496,3981
2.6651175022125244,3980
2.6690948009490967,3979
2.6742022037506104,3978
2.6762170791625977,3977
2.681053638458252,3976
2.6853675842285156,3975
2.6873714923858643,3974
2.6894137859344482,3973
2.6914026737213135,3972
2.696477174758911,3971
2.703035831451416,3970
2.7050180435180664,3969
2.709254503250122,3968
2.7134673595428467,3967
2.715456008911133,3966
2.722778081893921,3965
2.736931800842285,3964
2.7394320964813232,3963
2.74165678024292,3962
2.745755434036255,3961
2.7540600299835205,3960
2.758371591567993,3959
2.761918544769287,3958
2.7638986110687256,3957
2.7690372467041016,3956
2.7761590480804443,3955
2.778134822845459,3954
2.7871251106262207,3953
2.7921221256256104,3952
2.7941272258758545,3951
2.8047194480895996,3950
2.810666084289551,3949
2.812654972076416,3948
2.8146352767944336,3947
2.8166110515594482,3946
2.820558786392212,3945
2.82255220413208,3944
2.82694673538208,3943
2.8289124965667725,3942
2.832493305206299,3941
2.834482192993164,3940
2.836888074874878,3939
2.839582681655884,3938
2.8462443351745605,3937
2.8530614376068115,3936
2.85701847076416,3935
2.8636767864227295,3934
2.866290807723999,3933
2.8682708740234375,3932
2.8743643760681152,3931
2.8763856887817383,3930
2.8797600269317627,3929
2.8817591667175293,3928
2.8890740871429443,3927
2.892632246017456,3926
2.895310163497925,3925
2.8973329067230225,3924
2.899322986602783,3923
2.9013309478759766,3922
2.9034552574157715,3921
2.9054763317108154,3920
2.9084177017211914,3919
2.916346311569214,3918
2.921644687652588,3917
2.9236676692962646,3916
2.926037073135376,3915
2.9320695400238037,3914
2.9349005222320557,3913
2.939223051071167,3912
2.9412426948547363,3911
2.9432249069213867,3910
2.9452414512634277,3909
2.952418804168701,3908
2.956392765045166,3907
2.9603564739227295,3906
2.9623310565948486,3905
2.9688329696655273,3904
2.970855236053467,3903
2.972883939743042,3902
2.97489595413208,3901
2.982642412185669,3900
2.9885053634643555,3899
2.9905202388763428,3898
2.9925358295440674,3897
2.995377540588379,3896
2.997361660003662,3895
3.003340482711792,3894
3.0070948600769043,3893
3.009110927581787,3892
3.011094093322754,3891
3.0130720138549805,3890
3.0150392055511475,3889
3.0170295238494873,3888
3.0209922790527344,3887
3.023420572280884,3886
3.028710126876831,3885
3.0325052738189697,3884
3.039289951324463,3883
3.0413405895233154,3882
3.043769121170044,3881
3.0464401245117188,3880
3.0520105361938477,3879
3.056925058364868,3878
3.0646800994873047,3877
3.066699266433716,3876
3.068718433380127,3875
3.0760209560394287,3874
3.0780389308929443,3873
3.0800602436065674,3872
3.0820600986480713,3871
3.0840585231781006,3870
3.0860750675201416,3869
3.088092088699341,3868
3.0921289920806885,3867
3.0941057205200195,3866
3.0981271266937256,3865
3.1100730895996094,3864
3.113123655319214,3863
3.1151065826416016,3862
3.1257712841033936,3861
3.1277902126312256,3860
3.13692307472229,3859
3.146324634552002,3858
3.1483657360076904,3857
3.1591830253601074,3856
3.1612396240234375,3855
3.1665046215057373,3854
3.171947956085205,3853
3.1760575771331787,3852
3.180312156677246,3851
3.189408779144287,3850
3.1914174556732178,3849
3.1986708641052246,3848
3.2006685733795166,3847
3.2095417976379395,3846
3.2115478515625,3845
3.214979648590088,3844
3.219134569168091,3843
3.2211742401123047,3842
3.225165843963623,3841
3.2271437644958496,3840
3.2302422523498535,3839
3.2376046180725098,3838
3.2408828735351562,3837
3.2438220977783203,3836
3.2545108795166016,3835
3.2565042972564697,3834
3.2584922313690186,3833
3.261801242828369,3832
3.2702951431274414,3831
3.2802398204803467,3830
3.285466432571411,3829
3.2874817848205566,3828
3.2894697189331055,3827
3.2953453063964844,3826
3.30065655708313,3825
3.3046374320983887,3824
3.3124430179595947,3823
3.3252859115600586,3822
3.327277421951294,3821
3.331315040588379,3820
3.3333427906036377,3819
3.3373637199401855,3818
3.345857620239258,3817
3.3479130268096924,3816
3.352024793624878,3815
3.3625059127807617,3814
3.368539810180664,3813
3.374824285507202,3812
3.390289306640625,3811
3.405118942260742,3810
3.417246103286743,3809
3.4228315353393555,3808
3.4261550903320312,3807
3.42946195602417,3806
3.431455612182617,3805
3.4354262351989746,3804
3.4381911754608154,3803
3.444669008255005,3802
3.446697473526001,3801
3.448695182800293,3800
3.4507813453674316,3799
3.4533767700195312,3798
3.456855058670044,3797
3.458855152130127,3796
3.4624226093292236,3795
3.4644010066986084,3794
3.4773175716400146,3793
3.4793431758880615,3792
3.485687732696533,3791
3.4924893379211426,3790
3.4996261596679688,3789
3.5086212158203125,3788
3.5153067111968994,3787
3.517425775527954,3786
3.522977352142334,3785
3.526853561401367,3784
3.5310957431793213,3783
3.535102128982544,3782
3.544198989868164,3781
3.5495731830596924,3780
3.5531015396118164,3779
3.5607247352600098,3778
3.564073085784912,3777
3.5665500164031982,3776
3.5699663162231445,3775
3.573396921157837,3774
3.5761678218841553,3773
3.5799825191497803,3772
3.5860023498535156,3771
3.5880143642425537,3770
3.5903432369232178,3769
3.593543529510498,3768
3.599332332611084,3767
3.6013503074645996,3766
3.6033568382263184,3765
3.6068243980407715,3764
3.608991861343384,3763
3.6110057830810547,3762
3.6130404472351074,3761
3.6169047355651855,3760
3.633875846862793,3759
3.642721176147461,3758
3.6447200775146484,3757
3.6637425422668457,3756
3.66652250289917,3755
3.684919834136963,3754
3.6869068145751953,3753
3.6948039531707764,3752
3.703115940093994,3751
3.7082769870758057,3750
3.71096134185791,3749
3.7149910926818848,3748
3.730510950088501,3747
3.743093967437744,3746
3.74849534034729,3745
3.7517647743225098,3744
3.757798433303833,3743
3.7607147693634033,3742
3.7680504322052,3741
3.772257089614868,3740
3.7780182361602783,3739
3.7985928058624268,3738
3.803154468536377,3737
3.808349132537842,3736
3.81111478805542,3735
3.8180015087127686,3734
3.8199851512908936,3733
3.82401967048645,3732
3.827502965927124,3731
3.8297977447509766,3730
3.8356130123138428,3729
3.8376340866088867,3728
3.845207929611206,3727
3.849219560623169,3726
3.8595478534698486,3725
3.8615641593933105,3724
3.863617181777954,3723
3.867589235305786,3722
3.8766720294952393,3721
3.8832480907440186,3720
3.8944687843322754,3719
3.9012134075164795,3718
3.903212547302246,3717
3.9128100872039795,3716
3.9257898330688477,3715
3.9299263954162598,3714
3.935356855392456,3713
3.9552459716796875,3712
3.961214780807495,3711
3.964378595352173,3710
3.9690897464752197,3709
3.971112012863159,3708
3.9738829135894775,3707
3.9796369075775146,3706
3.9825918674468994,3705
3.98591947555542,3704
3.9907937049865723,3703
3.992791175842285,3702
3.994807004928589,3701
3.998819351196289,3700
4.00081467628479,3699
4.012170076370239,3698
4.0191264152526855,3697
4.0242156982421875,3696
4.0282158851623535,3695
4.034094333648682,3694
4.037347078323364,3693
4.040853977203369,3692
4.049455165863037,3691
4.059344053268433,3690
4.064107894897461,3689
4.066101789474487,3688
4.074161529541016,3687
4.076158046722412,3686
4.084058523178101,3685
4.087711572647095,3684
4.090555429458618,3683
4.107150554656982,3682
4.109156847000122,3681
4.11378812789917,3680
4.116765737533569,3679
4.118800640106201,3678
4.125959157943726,3677
4.128489255905151,3676
4.1304943561553955,3675
4.132517099380493,3674
4.138648271560669,3673
4.142284154891968,3672
4.1498236656188965,3671
4.160133600234985,3670
4.162119150161743,3669
4.164157390594482,3668
4.166144371032715,3667
4.168135643005371,3666
4.170114040374756,3665
4.177367210388184,3664
4.180492162704468,3663
4.182478189468384,3662
4.184508800506592,3661
4.201195478439331,3660
4.204794645309448,3659
4.211271524429321,3658
4.216952562332153,3657
4.22771430015564,3656
4.238745450973511,3655
4.242598533630371,3654
4.244623899459839,3653
4.254582643508911,3652
4.271398067474365,3651
4.27710223197937,3650
4.283100128173828,3649
4.285113573074341,3648
4.287123203277588,3647
4.29201078414917,3646
4.293990850448608,3645
4.3086676597595215,3644
4.313307046890259,3643
4.320993900299072,3642
4.32299017906189,3641
4.325244665145874,3640
4.327252626419067,3639
4.3298585414886475,3638
4.334619045257568,3637
4.344176769256592,3636
4.346184015274048,3635
4.350541353225708,3634
4.352609634399414,3633
4.3682029247283936,3632
4.372267961502075,3631
4.37689995765686,3630
4.384007453918457,3629
4.386045694351196,3628
4.393174648284912,3627
4.397385597229004,3626
4.4002299308776855,3625
4.402228116989136,3624
4.406224727630615,3623
4.409224271774292,3622
4.425561428070068,3621
4.440762519836426,3620
4.45954966545105,3619
4.463543653488159,3618
4.467767715454102,3617
4.469754457473755,3616
4.473614692687988,3615
4.4820237159729,3614
4.4956443309783936,3613
4.508792400360107,3612
4.521178483963013,3611
4.525869607925415,3610
4.539971828460693,3609
4.542720794677734,3608
4.546285390853882,3607
4.548285961151123,3606
4.550280809402466,3605
4.552327394485474,3604
4.554459095001221,3603
4.559539794921875,3602
4.561589479446411,3601
4.567434072494507,3600
4.575287103652954,3599
4.579314708709717,3598
4.585530996322632,3597
4.592690706253052,3596
4.594683885574341,3595
4.598306655883789,3594
4.60372519493103,3593
4.6057233810424805,3592
4.611747980117798,3591
4.616896629333496,3590
4.629558086395264,3589
4.636008977890015,3588
4.640805721282959,3587
4.642805576324463,3586
4.644800186157227,3585
4.649117946624756,3584
4.658971786499023,3583
4.663293123245239,3582
4.665989398956299,3581
4.681639194488525,3580
4.688090801239014,3579
4.741876840591431,3578
4.750007390975952,3577
4.753181219100952,3576
4.755172491073608,3575
4.761180400848389,3574
4.763185024261475,3573
4.7652130126953125,3572
4.767232894897461,3571
4.769239902496338,3570
4.772407531738281,3569
4.7760398387908936,3568
4.779129266738892,3567
4.7852537631988525,3566
4.7872748374938965,3565
4.795686483383179,3564
4.804272651672363,3563
4.808263778686523,3562
4.817930459976196,3561
4.828052997589111,3560
4.832453966140747,3559
4.854441404342651,3558
4.858416318893433,3557
4.860403060913086,3556
4.891771554946899,3555
4.906625270843506,3554
4.911359786987305,3553
4.913426637649536,3552
4.928530216217041,3551
4.938501358032227,3550
4.946328163146973,3549
4.949399709701538,3548
4.952800512313843,3547
4.954808950424194,3546
4.957704305648804,3545
4.959697961807251,3544
4.96774959564209,3543
4.97175931930542,3542
4.978768587112427,3541
4.980775356292725,3540
4.984477519989014,3539
4.990234613418579,3538
4.994325876235962,3537
5.008897066116333,3536
5.012495994567871,3535
5.018296003341675,3534
5.020299911499023,3533
5.022289752960205,3532
5.048700571060181,3531
5.0506956577301025,3530
5.05270791053772,3529
5.055761098861694,3528
5.062443017959595,3527
5.067141532897949,3526
5.069643497467041,3525
5.077946662902832,3524
5.085677862167358,3523
5.098052740097046,3522
5.105969667434692,3521
5.112547397613525,3520
5.114562273025513,3519
5.124362230300903,3518
5.131918430328369,3517
5.137718677520752,3516
5.139734506607056,3515
5.141741991043091,3514
5.145462512969971,3513
5.147460460662842,3512
5.15547776222229,3511
5.157478094100952,3510
5.171148777008057,3509
5.177081346511841,3508
5.214296340942383,3507
5.217558860778809,3506
5.223219871520996,3505
5.236510992050171,3504
5.248857259750366,3503
5.252893686294556,3502
5.257809400558472,3501
5.259799957275391,3500
5.266525506973267,3499
5.286924362182617,3498
5.292627811431885,3497
5.295564651489258,3496
5.297560214996338,3495
5.2996134757995605,3494
5.30160117149353,3493
5.304784297943115,3492
5.308786630630493,3491
5.313500642776489,3490
5.31553840637207,3489
5.317580938339233,3488
5.319660902023315,3487
5.3216588497161865,3486
5.323727130889893,3485
5.327991724014282,3484
5.330058813095093,3483
5.335780620574951,3482
5.339378356933594,3481
5.357982873916626,3480
5.361984968185425,3479
5.364012241363525,3478
5.381841659545898,3477
5.383893728256226,3476
5.39139199256897,3475
5.393381595611572,3474
5.3989856243133545,3473
5.400985956192017,3472
5.403002023696899,3471
5.408679485321045,3470
5.414657831192017,3469
5.42835259437561,3468
5.43215537071228,3467
5.441126823425293,3466
5.44311785697937,3465
5.4451282024383545,3464
5.452742099761963,3463
5.4570794105529785,3462
5.465549468994141,3461
5.48038649559021,3460
5.482397556304932,3459
5.505666255950928,3458
5.518207311630249,3457
5.520732641220093,3456
5.522735118865967,3455
5.524991512298584,3454
5.53831934928894,3453
5.54767107963562,3452
5.558618545532227,3451
5.561429977416992,3450
5.5634424686431885,3449
5.575281858444214,3448
5.577296018600464,3447
5.583793640136719,3446
5.585794925689697,3445
5.587820291519165,3444
5.604331016540527,3443
5.610411643981934,3442
5.612427473068237,3441
5.615159511566162,3440
5.619738340377808,3439
5.63446569442749,3438
5.646934747695923,3437
5.648944854736328,3436
5.650942087173462,3435
5.655938625335693,3434
5.664151430130005,3433
5.677858829498291,3432
5.6799046993255615,3431
5.6859965324401855,3430
5.689267635345459,3429
5.691296339035034,3428
5.707779407501221,3427
5.711836576461792,3426
5.71389102935791,3425
5.7169859409332275,3424
5.7194743156433105,3423
5.729604005813599,3422
5.73163628578186,3421
5.736128330230713,3420
5.74321985244751,3419
5.748729467391968,3418
5.751460790634155,3417
5.75689435005188,3416
5.760897159576416,3415
5.77018141746521,3414
5.772900104522705,3413
5.7798752784729,3412
5.78307318687439,3411
5.785064697265625,3410
5.7881762981414795,3409
5.790241241455078,3408
5.795686721801758,3407
5.797724962234497,3406
5.801722764968872,3405
5.803715944290161,3404
5.810394763946533,3403
5.820915222167969,3402
5.824947357177734,3401
5.833025217056274,3400
5.837031602859497,3399
5.839027404785156,3398
5.842169761657715,3397
5.844192028045654,3396
5.856720209121704,3395
5.876606702804565,3394
5.878607988357544,3393
5.884781837463379,3392
5.886810541152954,3391
5.888836622238159,3390
5.89585280418396,3389
5.9002439975738525,3388
5.9050421714782715,3387
5.90927791595459,3386
5.918708324432373,3385
5.92827582359314,3384
5.9383933544158936,3383
5.940402030944824,3382
5.9423980712890625,3381
5.947605848312378,3380
5.949624061584473,3379
5.957017421722412,3378
5.968202829360962,3377
5.970267057418823,3376
5.986281871795654,3375
5.991349697113037,3374
5.993391275405884,3373
6.0017876625061035,3372
6.01357364654541,3371
6.021878480911255,3370
6.032632827758789,3369
6.0567426681518555,3368
6.065953016281128,3367
6.0818822383880615,3366
6.0838847160339355,3365
6.090741157531738,3364
6.092783212661743,3363
6.097815990447998,3362
6.130752325057983,3361
6.142375230789185,3360
6.145954132080078,3359
6.147959470748901,3358
6.151971817016602,3357
6.1688151359558105,3356
6.171170234680176,3355
6.18025541305542,3354
6.186384916305542,3353
6.19389533996582,3352
6.223360538482666,3351
6.225712060928345,3350
6.232306957244873,3349
6.2348573207855225,3348
6.247363090515137,3347
6.259584903717041,3346
6.261585474014282,3345
6.265965938568115,3344
6.271480560302734,3343
6.283496856689453,3342
6.304224252700806,3341
6.306225061416626,3340
6.311214208602905,3339
6.313287973403931,3338
6.3152852058410645,3337
6.319607496261597,3336
6.338097095489502,3335
6.376509189605713,3334
6.380478620529175,3333
6.39972186088562,3332
6.405358552932739,3331
6.409792184829712,3330
6.436500549316406,3329
6.445184230804443,3328
6.448192119598389,3327
6.457243204116821,3326
6.46215033531189,3325
6.472184181213379,3324
6.503943681716919,3323
6.508796691894531,3322
6.521514177322388,3321
6.52476692199707,3320
6.533497095108032,3319
6.545444965362549,3318
6.552764177322388,3317
6.568574666976929,3316
6.582390546798706,3315
6.593566417694092,3314
6.595602750778198,3313
6.623797655105591,3312
6.6278276443481445,3311
6.641239404678345,3310
6.64421010017395,3309
6.657802104949951,3308
6.6598451137542725,3307
6.661870718002319,3306
6.669801473617554,3305
6.671817302703857,3304
6.682401657104492,3303
6.684521198272705,3302
6.699164390563965,3301
6.70888352394104,3300
6.716225624084473,3299
6.7182159423828125,3298
6.725530385971069,3297
6.729897737503052,3296
6.731923580169678,3295
6.738424301147461,3294
6.7407495975494385,3293
6.756076097488403,3292
6.758078098297119,3291
6.800683498382568,3290
6.807422637939453,3289
6.809772491455078,3288
6.813901901245117,3287
6.815931081771851,3286
6.8208088874816895,3285
6.83783221244812,3284
6.845305442810059,3283
6.853931665420532,3282
6.865995407104492,3281
6.868003606796265,3280
6.8754518032073975,3279
6.888566017150879,3278
6.916554927825928,3277
6.92064356803894,3276
6.9226484298706055,3275
6.924901008605957,3274
6.926925897598267,3273
6.9331653118133545,3272
6.9351646900177,3271
6.940948486328125,3270
6.9460999965667725,3269
6.948953866958618,3268
6.952460289001465,3267
6.957569599151611,3266
6.9808549880981445,3265
6.98885178565979,3264
6.9946393966674805,3263
7.015898704528809,3262
7.02363657951355,3261
7.036564588546753,3260
7.0453996658325195,3259
7.0523271560668945,3258
7.062757730484009,3257
7.077007055282593,3256
7.083590269088745,3255
7.090162038803101,3254
7.094756364822388,3253
7.0993571281433105,3252
7.122075080871582,3251
7.126865863800049,3250
7.135488271713257,3249
7.137516260147095,3248
7.1456403732299805,3247
7.149352073669434,3246
7.204712152481079,3245
7.208747148513794,3244
7.226978063583374,3243
7.230475187301636,3242
7.233780145645142,3241
7.254181623458862,3240
7.26191258430481,3239
7.28546404838562,3238
7.294316291809082,3237
7.344991683959961,3236
7.347010850906372,3235
7.353187322616577,3234
7.372221946716309,3233
7.385082483291626,3232
7.391146659851074,3231
7.405371427536011,3230
7.409742116928101,3229
7.411840200424194,3228
7.413902759552002,3227
7.42290735244751,3226
7.43577241897583,3225
7.465190410614014,3224
7.474641561508179,3223
7.476639747619629,3222
7.483687400817871,3221
7.4876954555511475,3220
7.5133256912231445,3219
7.536417007446289,3218
7.538457870483398,3217
7.545971870422363,3216
7.550631761550903,3215
7.564121723175049,3214
7.576895475387573,3213
7.581227540969849,3212
7.59924054145813,3211
7.60124397277832,3210
7.610175848007202,3209
7.612238883972168,3208
7.644652605056763,3207
7.646693706512451,3206
7.648764133453369,3205
7.653175592422485,3204
7.66231632232666,3203
7.667465925216675,3202
7.674593925476074,3201
7.688304662704468,3200
7.69032096862793,3199
7.700190544128418,3198
7.703794240951538,3197
7.717153787612915,3196
7.745373964309692,3195
7.756688117980957,3194
7.761406421661377,3193
7.771571159362793,3192
7.792973041534424,3191
7.8195717334747314,3190
7.822391748428345,3189
7.832293272018433,3188
7.835774660110474,3187
7.853663444519043,3186
7.8644609451293945,3185
7.888551950454712,3184
7.893224477767944,3183
7.90972375869751,3182
7.914364576339722,3181
7.936022520065308,3180
7.944205045700073,3179
7.9470179080963135,3178
7.954630136489868,3177
7.97584080696106,3176
7.985124588012695,3175
7.9949951171875,3174
7.9990458488464355,3173
8.00104832649231,3172
8.003041744232178,3171
8.011511325836182,3170
8.014938354492188,3169
8.017787218093872,3168
8.068882942199707,3167
8.075839519500732,3166
8.07789945602417,3165
8.085203647613525,3164
8.092850685119629,3163
8.0957190990448,3162
8.10089659690857,3161
8.103333711624146,3160
8.1093430519104,3159
8.111359357833862,3158
8.135332822799683,3157
8.141530513763428,3156
8.147209167480469,3155
8.161412000656128,3154
8.172839879989624,3153
8.17488169670105,3152
8.190144538879395,3151
8.21391224861145,3150
8.216779232025146,3149
8.220094680786133,3148
8.224914789199829,3147
8.228092670440674,3146
8.23196530342102,3145
8.235300302505493,3144
8.253480911254883,3143
8.259765625,3142
8.277186155319214,3141
8.279203176498413,3140
8.284088611602783,3139
8.287230014801025,3138
8.30758810043335,3137
8.318620443344116,3136
8.335368394851685,3135
8.348624229431152,3134
8.36443543434143,3133
8.370951890945435,3132
8.380568981170654,3131
8.389753818511963,3130
8.41420602798462,3129
8.418444871902466,3128
8.42615032196045,3127
8.428157806396484,3126
8.436153173446655,3125
8.439972877502441,3124
8.445984601974487,3123
8.458466529846191,3122
8.462953090667725,3121
8.48425030708313,3120
8.505572080612183,3119
8.509200811386108,3118
8.511213064193726,3117
8.51325273513794,3116
8.53010630607605,3115
8.536147356033325,3114
8.543310403823853,3113
8.547856330871582,3112
8.55189037322998,3111
8.57720136642456,3110
8.590133428573608,3109
8.59850287437439,3108
8.605497121810913,3107
8.615435361862183,3106
8.621366500854492,3105
8.625052690505981,3104
8.630720615386963,3103
8.670789957046509,3102
8.71556282043457,3101
8.71964406967163,3100
8.740201950073242,3099
8.76334261894226,3098
8.78263235092163,3097
8.806354284286499,3096
8.808374881744385,3095
8.810395002365112,3094
8.82738447189331,3093
8.834476232528687,3092
8.883280992507935,3091
8.885876893997192,3090
8.911684274673462,3089
8.927767276763916,3088
8.933314561843872,3087
8.936273097991943,3086
8.943848371505737,3085
8.980905055999756,3084
8.982923030853271,3083
8.990136861801147,3082
9.004658699035645,3081
9.023214101791382,3080
9.029536485671997,3079
9.056321382522583,3078
9.058332920074463,3077
9.076979160308838,3076
9.084696531295776,3075
9.093292236328125,3074
9.096055746078491,3073
9.10175633430481,3072
9.103871583938599,3071
9.120665788650513,3070
9.130751848220825,3069
9.134693622589111,3068
9.137329578399658,3067
9.148674249649048,3066
9.173717260360718,3065
9.190089702606201,3064
9.194220781326294,3063
9.214786052703857,3062
9.221953630447388,3061
9.224045276641846,3060
9.257513046264648,3059
9.26672625541687,3058
9.276150465011597,3057
9.293989896774292,3056
9.307058572769165,3055
9.323043823242188,3054
9.327329397201538,3053
9.331392526626587,3052
9.361050844192505,3051
9.36550521850586,3050
9.384110927581787,3049
9.416594982147217,3048
9.432791233062744,3047
9.466025352478027,3046
9.481059312820435,3045
9.510304927825928,3044
9.517990589141846,3043
9.521316051483154,3042
9.582811117172241,3041
9.594538927078247,3040
9.600642681121826,3039
9.605434894561768,3038
9.66112494468689,3037
9.67390489578247,3036
9.68200135231018,3035
9.711989402770996,3034
9.714060068130493,3033
9.731713056564331,3032
9.741833448410034,3031
9.749293804168701,3030
9.75773310661316,3029
9.785977125167847,3028
9.796072959899902,3027
9.80484127998352,3026
9.823999881744385,3025
9.840075254440308,3024
9.863780498504639,3023
9.86813735961914,3022
9.870153903961182,3021
9.906910419464111,3020
9.912128686904907,3019
9.923105239868164,3018
9.93740725517273,3017
9.95152759552002,3016
9.956157922744751,3015
9.958163738250732,3014
9.976674318313599,3013
9.996129274368286,3012
10.021825313568115,3011
10.044519901275635,3010
10.05052399635315,3009
10.069182395935059,3008
10.076824426651001,3007
10.07930302619934,3006
10.107156991958618,3005
10.110934019088745,3004
10.127264261245728,3003
10.180557012557983,3002
10.184937000274658,3001
10.22203779220581,3000
10.227841138839722,2999
10.240154027938843,2998
10.272858381271362,2997
10.274911403656006,2996
10.290838956832886,2995
10.300572872161865,2994
10.311439275741577,2993
10.31442379951477,2992
10.318631410598755,2991
10.33359694480896,2990
10.338266611099243,2989
10.364570140838623,2988
10.382163047790527,2987
10.386174201965332,2986
10.38819932937622,2985
10.409890413284302,2984
10.411900281906128,2983
10.447834730148315,2982
10.45868992805481,2981
10.46841287612915,2980
10.474525451660156,2979
10.483582973480225,2978
10.487608194351196,2977
10.519087314605713,2976
10.53505825996399,2975
10.550525665283203,2974
10.558286190032959,2973
10.562393188476562,2972
10.564453840255737,2971
10.591234683990479,2970
10.59736156463623,2969
10.677599668502808,2968
10.70051121711731,2967
10.708269119262695,2966
10.716565132141113,2965
10.73022985458374,2964
10.732362270355225,2963
10.795996189117432,2962
10.802571535110474,2961
10.817699193954468,2960
10.846894025802612,2959
10.863266706466675,2958
10.87618613243103,2957
10.88853645324707,2956
10.895034313201904,2955
10.965855836868286,2954
10.97256326675415,2953
10.978418827056885,2952
10.992260694503784,2951
10.99632716178894,2950
11.002920866012573,2949
11.026051044464111,2948
11.03518533706665,2947
11.053477048873901,2946
11.05845332145691,2945
11.060540437698364,2944
11.086002588272095,2943
11.098569631576538,2942
11.118830919265747,2941
11.132465839385986,2940
11.15643858909607,2939
11.15843915939331,2938
11.163156747817993,2937
11.215587615966797,2936
11.219108819961548,2935
11.271759033203125,2934
11.323270559310913,2933
11.374809503555298,2932
11.419007062911987,2931
11.422635078430176,2930
11.473007440567017,2929
11.521067142486572,2928
11.54634714126587,2927
11.54994511604309,2926
11.559108972549438,2925
11.564877271652222,2924
11.566922426223755,2923
11.604387760162354,2922
11.682612657546997,2921
11.684620141983032,2920
11.693125486373901,2919
11.69727635383606,2918
11.708604097366333,2917
11.71064305305481,2916
11.779923677444458,2915
11.807175159454346,2914
11.827232122421265,2913
11.833385467529297,2912
11.839526891708374,2911
11.854106664657593,2910
11.87688684463501,2909
11.88208270072937,2908
11.909499168395996,2907
11.92023229598999,2906
11.927965641021729,2905
11.940217018127441,2904
11.947982788085938,2903
11.950000286102295,2902
12.004295110702515,2901
12.046434879302979,2900
12.064029932022095,2899
12.211366176605225,2898
12.23526382446289,2897
12.237314939498901,2896
12.242427349090576,2895
12.262922525405884,2894
12.288982391357422,2893
12.299028396606445,2892
12.303552865982056,2891
12.313310146331787,2890
12.33199667930603,2889
12.341359615325928,2888
12.38139533996582,2887
12.385446786880493,2886
12.387492895126343,2885
12.39911675453186,2884
12.407283782958984,2883
12.420628547668457,2882
12.445286273956299,2881
12.493070363998413,2880
12.50157642364502,2879
12.527856588363647,2878
12.544878244400024,2877
12.554188251495361,2876
12.578632354736328,2875
12.584803819656372,2874
12.603463888168335,2873
12.642396926879883,2872
12.752845048904419,2871
12.77002215385437,2870
12.788138389587402,2869
12.850529909133911,2868
12.877861022949219,2867
12.92106556892395,2866
13.00117802619934,2865
13.074195146560669,2864
13.088880777359009,2863
13.13211727142334,2862
13.193312406539917,2861
13.199311256408691,2860
13.235992670059204,2859
13.259391784667969,2858
13.273035526275635,2857
13.286927938461304,2856
13.299773216247559,2855
13.331767797470093,2854
13.35832166671753,2853
13.380413055419922,2852
13.388607740402222,2851
13.409319877624512,2850
13.42578673362732,2849
13.470133066177368,2848
13.487534761428833,2847
13.502199411392212,2846
13.539419889450073,2845
13.5767240524292,2844
13.591730117797852,2843
13.631624698638916,2842
13.659671545028687,2841
13.684955835342407,2840
13.740755558013916,2839
13.7503981590271,2838
13.75331711769104,2837
13.775665283203125,2836
13.833114385604858,2835
13.855299234390259,2834
13.869361162185669,2833
13.902941465377808,2832
13.909521579742432,2831
13.972395896911621,2830
14.04155158996582,2829
14.047703504562378,2828
14.056392669677734,2827
14.068331241607666,2826
14.11461615562439,2825
14.144928693771362,2824
14.18462872505188,2823
14.207183122634888,2822
14.209295749664307,2821
14.222186088562012,2820
14.261394500732422,2819
14.26711392402649,2818
14.30298376083374,2817
14.39820408821106,2816
14.443935632705688,2815
14.445991277694702,2814
14.541875839233398,2813
14.568261861801147,2812
14.576460123062134,2811
14.584205865859985,2810
14.622714281082153,2809
14.664977073669434,2808
14.666985511779785,2807
14.671893835067749,2806
14.710842609405518,2805
14.715720176696777,2804
14.788183450698853,2803
14.805365800857544,2802
14.830702304840088,2801
14.855769872665405,2800
14.863570213317871,2799
14.934713125228882,2798
15.006613969802856,2797
15.066874504089355,2796
15.070896625518799,2795
15.118701219558716,2794
15.145875453948975,2793
15.155720710754395,2792
15.180831670761108,2791
15.237560272216797,2790
15.263555526733398,2789
15.269786357879639,2788
15.286146402359009,2787
15.288180828094482,2786
15.343130588531494,2785
15.35064172744751,2784
15.37551999092102,2783
15.396469593048096,2782
15.432316303253174,2781
15.456536293029785,2780
15.489972114562988,2779
15.493284463882446,2778
15.541117429733276,2777
15.61901307106018,2776
15.692667245864868,2775
15.72490906715393,2774
15.735060214996338,2773
15.769426107406616,2772
15.780660390853882,2771
15.82098937034607,2770
15.844359159469604,2769
16.03941035270691,2768
16.077913761138916,2767
16.133704900741577,2766
16.186328172683716,2765
16.240535497665405,2764
16.29995894432068,2763
16.30197501182556,2762
16.314236164093018,2761
16.337115049362183,2760
16.415526866912842,2759
16.44115138053894,2758
16.480968952178955,2757
16.524799585342407,2756
16.55297350883484,2755
16.57098650932312,2754
16.578789472579956,2753
16.598652124404907,2752
16.61180877685547,2751
16.640812635421753,2750
16.748658657073975,2749
16.80544638633728,2748
16.810004711151123,2747
16.82998752593994,2746
16.832010984420776,2745
16.898722410202026,2744
17.03135323524475,2743
17.053302526474,2742
17.14312744140625,2741
17.155527114868164,2740
17.17290949821472,2739
17.210110902786255,2738
17.268285274505615,2737
17.296449422836304,2736
17.404289484024048,2735
17.488636255264282,2734
17.490785598754883,2733
17.5032901763916,2732
17.560608625411987,2731
17.562649488449097,2730
17.596832990646362,2729
17.61518096923828,2728
17.63497018814087,2727
17.658134937286377,2726
17.666083335876465,2725
17.68307638168335,2724
17.710606575012207,2723
17.74659252166748,2722
17.754778623580933,2721
17.79737949371338,2720
17.9055392742157,2719
17.942023515701294,2718
18.042757034301758,2717
18.079098224639893,2716
18.099589824676514,2715
18.13969373703003,2714
18.143900156021118,2713
18.1870276927948,2712
18.213125705718994,2711
18.226921558380127,2710
18.248721837997437,2709
18.34825110435486,2708
18.508028030395508,2707
18.56748104095459,2706
18.58061647415161,2705
18.591838836669922,2704
18.70013666152954,2703
18.708317518234253,2702
18.76931071281433,2701
18.796953201293945,2700
18.80106806755066,2699
18.960838556289673,2698
19.0613272190094,2697
19.206513166427612,2696
19.635488510131836,2695
19.68279767036438,2694
19.783016681671143,2693
20.029036045074463,2692
20.333059310913086,2691
20.363932609558105,2690
20.50824761390686,2689
20.624770879745483,2688
20.62686324119568,2687
20.628965854644775,2686
20.673237085342407,2685
20.802265405654907,2684
20.930593013763428,2683
20.98592233657837,2682
20.989827871322632,2681
21.187581777572632,2680
21.31632900238037,2679
21.41889452934265,2678
21.51103687286377,2677
21.53037929534912,2676
21.537716388702393,2675
21.675495386123657,2674
21.83023715019226,2673
21.943682432174683,2672
21.96337389945984,2671
21.99681043624878,2670
22.027273178100586,2669
22.132320165634155,2668
22.318430423736572,2667
22.4730224609375,2666
22.528873443603516,2665
22.609748363494873,2664
22.661035776138306,2663
22.669907093048096,2662
22.685973405838013,2661
22.904292345046997,2660
23.01442790031433,2659
23.03592038154602,2658
23.21329355239868,2657
23.344303846359253,2656
23.501456260681152,2655
23.5425865650177,2654
23.695078372955322,2653
23.71593689918518,2652
23.76480460166931,2651
23.77146339416504,2650
23.94787311553955,2649
23.971642017364502,2648
24.029571533203125,2647
24.088908433914185,2646
24.176410913467407,2645
24.28670358657837,2644
24.35653781890869,2643
24.41663360595703,2642
24.613041162490845,2641
24.63255000114441,2640
24.653762340545654,2639
24.845538854599,2638
24.872468948364258,2637
25.346699714660645,2636
25.521300077438354,2635
25.589073181152344,2634
25.78058433532715,2633
25.828353881835938,2632
26.14104700088501,2631
26.31037473678589,2630
26.587311506271362,2629
26.662734985351562,2628
26.686458587646484,2627
26.709990978240967,2626
26.749850034713745,2625
26.806503534317017,2624
27.10180950164795,2623
27.255576848983765,2622
27.42958092689514,2621
27.590628623962402,2620
27.657177686691284,2619
27.670368671417236,2618
27.70586919784546,2617
27.796786785125732,2616
27.84683084487915,2615
27.920366764068604,2614
27.93211555480957,2613
28.162607431411743,2612
28.235002040863037,2611
28.250141382217407,2610
28.56630563735962,2609
28.617387294769287,2608
28.664602756500244,2607
29.632715940475464,2606
29.811351537704468,2605
30.042880296707153,2604
30.368497848510742,2603
30.467188119888306,2602
30.488471031188965,2601
30.502793312072754,2600
30.556636095046997,2599
30.716691732406616,2598
30.729825258255005,2597
30.73630952835083,2596
31.174614906311035,2595
31.744274616241455,2594
32.81893444061279,2593
34.48736548423767,2592
35.3947331905365,2591
36.29393267631531,2590
36.455076932907104,2589
36.707170486450195,2588
37.26569175720215,2587
37.90059185028076,2586
39.52161383628845,2585
39.67391014099121,2584
40.71894073486328,2583
41.0010941028595,2582
41.75050950050354,2581
41.98176026344299,2580
42.24192237854004,2579
42.500962018966675,2578
46.21308350563049,2577
46.471322774887085,2576
46.74323081970215,2575
57.583025217056274,2574
59.22192668914795,2573
