0.0023047924041748047,4940
0.004286766052246094,4939
0.006285429000854492,4938
0.008280277252197266,4937
0.010268688201904297,4936
0.012239694595336914,4935
0.014236688613891602,4934
0.0161893367767334,4933
0.018161296844482422,4932
0.0201261043548584,4931
0.022104501724243164,4930
0.024065494537353516,4929
0.02602672576904297,4928
0.027970552444458008,4927
0.029962778091430664,4926
0.03192257881164551,4925
0.03391408920288086,4924
0.0358734130859375,4923
0.03783416748046875,4922
0.03977823257446289,4921
0.041739463806152344,4920
0.04388427734375,4919
0.045839548110961914,4918
0.04779052734375,4917
0.04973435401916504,4916
0.051665544509887695,4915
0.053673744201660156,4914
0.05561470985412598,4913
0.057543277740478516,4912
0.059485673904418945,4911
0.06142830848693848,4910
0.06335806846618652,4909
0.06529760360717773,4908
0.0672750473022461,4907
0.06935381889343262,4906
0.07130765914916992,4905
0.07328128814697266,4904
0.07521390914916992,4903
0.07715225219726562,4902
0.08027291297912598,4901
0.08229565620422363,4900
0.08422327041625977,4899
0.0861976146697998,4898
0.08822369575500488,4897
0.09208846092224121,4896
0.09403061866760254,4895
0.09595561027526855,4894
0.09789633750915527,4893
0.09988141059875488,4892
0.1018218994140625,4891
0.10376381874084473,4890
0.1057126522064209,4889
0.10764098167419434,4888
0.1096196174621582,4887
0.11156177520751953,4886
0.11349153518676758,4885
0.11542940139770508,4884
0.1173703670501709,4883
0.11930012702941895,4882
0.12123894691467285,4881
0.12318229675292969,4880
0.1251084804534912,4879
0.12705397605895996,4878
0.12899398803710938,4877
0.13092374801635742,4876
0.13286423683166504,4875
0.13483572006225586,4874
0.13675928115844727,4873
0.1387026309967041,4872
0.14064598083496094,4871
0.14257550239562988,4870
0.1445150375366211,4869
0.14682340621948242,4868
0.14875102043151855,4867
0.15069866180419922,4866
0.15264582633972168,4865
0.15457534790039062,4864
0.15651965141296387,4863
0.1584618091583252,4862
0.16038846969604492,4861
0.16233229637145996,4860
0.16427373886108398,4859
0.16620635986328125,4858
0.1681509017944336,4857
0.1701829433441162,4856
0.1721193790435791,4855
0.17412734031677246,4854
0.1760721206665039,4853
0.17817354202270508,4852
0.1802809238433838,4851
0.18227624893188477,4850
0.18421506881713867,4849
0.1862022876739502,4848
0.18815326690673828,4847
0.19009017944335938,4846
0.19203925132751465,4845
0.19404935836791992,4844
0.19598722457885742,4843
0.19793915748596191,4842
0.19988679885864258,4841
0.20186901092529297,4840
0.20382142066955566,4839
0.2057785987854004,4838
0.2077186107635498,4837
0.20967578887939453,4836
0.21162939071655273,4835
0.21359920501708984,4834
0.21555471420288086,4833
0.21750640869140625,4832
0.21943902969360352,4831
0.2213904857635498,4830
0.22336626052856445,4829
0.2265312671661377,4828
0.22855496406555176,4827
0.23098325729370117,4826
0.23293447494506836,4825
0.2362968921661377,4824
0.23931431770324707,4823
0.24124765396118164,4822
0.2433927059173584,4821
0.24549031257629395,4820
0.2494046688079834,4819
0.25138401985168457,4818
0.2533249855041504,4817
0.25528669357299805,4816
0.25723767280578613,4815
0.2591817378997803,4814
0.26285648345947266,4813
0.26480793952941895,4812
0.26674985885620117,4811
0.2692127227783203,4810
0.2712681293487549,4809
0.2733030319213867,4808
0.27526187896728516,4807
0.27719998359680176,4806
0.28000497817993164,4805
0.28194737434387207,4804
0.2839016914367676,4803
0.2858572006225586,4802
0.2877967357635498,4801
0.2897531986236572,4800
0.29170870780944824,4799
0.29364633560180664,4798
0.29559826850891113,4797
0.29755544662475586,4796
0.29949426651000977,4795
0.3014516830444336,4794
0.3034050464630127,4793
0.3053417205810547,4792
0.307328462600708,4791
0.3092823028564453,4790
0.31122303009033203,4789
0.31317639350891113,4788
0.31516432762145996,4787
0.31710147857666016,4786
0.3190615177154541,4785
0.3210170269012451,4784
0.32295989990234375,4783
0.32491207122802734,4782
0.32686948776245117,4781
0.32880711555480957,4780
0.3307621479034424,4779
0.3327195644378662,4778
0.3346583843231201,4777
0.33661723136901855,4776
0.338573694229126,4775
0.3405134677886963,4774
0.3425006866455078,4773
0.34445762634277344,4772
0.3464069366455078,4771
0.3483903408050537,4770
0.35034728050231934,4769
0.35228967666625977,4768
0.3542792797088623,4767
0.35623693466186523,4766
0.35818028450012207,4765
0.3620913028717041,4764
0.3640303611755371,4763
0.36598896980285645,4762
0.36794376373291016,4761
0.3698878288269043,4760
0.371845006942749,4759
0.37381982803344727,4758
0.3757591247558594,4757
0.3777458667755127,4756
0.3797028064727783,4755
0.38164567947387695,4754
0.3842909336090088,4753
0.38636302947998047,4752
0.3883175849914551,4751
0.3902735710144043,4750
0.3922135829925537,4749
0.39417433738708496,4748
0.39612770080566406,4747
0.3980708122253418,4746
0.4000260829925537,4745
0.4019815921783447,4744
0.40392374992370605,4743
0.40587878227233887,4742
0.40782999992370605,4741
0.4097738265991211,4740
0.411729097366333,4739
0.4137134552001953,4738
0.41565418243408203,4737
0.4176969528198242,4736
0.41965460777282715,4735
0.4215981960296631,4734
0.4246330261230469,4733
0.4265904426574707,4732
0.42853450775146484,4731
0.4304988384246826,4730
0.4342055320739746,4729
0.4361445903778076,4728
0.43810248374938965,4727
0.4400601387023926,4726
0.44200849533081055,4725
0.4441947937011719,4724
0.4461791515350342,4723
0.4481368064880371,4722
0.45013856887817383,4721
0.4521307945251465,4720
0.4540829658508301,4719
0.4560394287109375,4718
0.4580357074737549,4717
0.46045517921447754,4716
0.4624135494232178,4715
0.4643714427947998,4714
0.466320276260376,4713
0.4710044860839844,4712
0.4729444980621338,4711
0.47490453720092773,4710
0.47686076164245605,4709
0.480496883392334,4708
0.48251891136169434,4707
0.48447632789611816,4706
0.48643040657043457,4705
0.4883909225463867,4704
0.49228572845458984,4703
0.4942471981048584,4702
0.4977085590362549,4701
0.4996678829193115,4700
0.501610279083252,4699
0.5035667419433594,4698
0.5055291652679443,4697
0.5120513439178467,4696
0.5140993595123291,4695
0.5160419940948486,4694
0.5197849273681641,4693
0.5217742919921875,4692
0.5237727165222168,4691
0.5257337093353271,4690
0.5276892185211182,4689
0.5296337604522705,4688
0.5315883159637451,4687
0.53354811668396,4686
0.5354900360107422,4685
0.5374495983123779,4684
0.5402920246124268,4683
0.5441904067993164,4682
0.5461535453796387,4681
0.5480935573577881,4680
0.5500855445861816,4679
0.552072286605835,4678
0.5540196895599365,4677
0.555976152420044,4676
0.5579402446746826,4675
0.5598831176757812,4674
0.5641074180603027,4673
0.5660669803619385,4672
0.5699832439422607,4671
0.5759234428405762,4670
0.5779449939727783,4669
0.5798854827880859,4668
0.5818479061126709,4667
0.5838091373443604,4666
0.585784912109375,4665
0.5877425670623779,4664
0.5897040367126465,4663
0.5916471481323242,4662
0.5936095714569092,4661
0.5955662727355957,4660
0.5975112915039062,4659
0.6036219596862793,4658
0.6092243194580078,4657
0.6111955642700195,4656
0.6131606101989746,4655
0.6151108741760254,4654
0.6178460121154785,4653
0.6211216449737549,4652
0.6231410503387451,4651
0.6250898838043213,4650
0.6270523071289062,4649
0.6290383338928223,4648
0.6310806274414062,4647
0.6338555812835693,4646
0.6358182430267334,4645
0.637765645980835,4644
0.6404092311859131,4643
0.6423747539520264,4642
0.6445114612579346,4641
0.6464970111846924,4640
0.6484646797180176,4639
0.6504137516021729,4638
0.6523737907409668,4637
0.6543359756469727,4636
0.6571323871612549,4635
0.6600418090820312,4634
0.6619913578033447,4633
0.6639516353607178,4632
0.6659181118011475,4631
0.6678628921508789,4630
0.6698260307312012,4629
0.6737875938415527,4628
0.675745964050293,4627
0.6777105331420898,4626
0.6796560287475586,4625
0.6816201210021973,4624
0.6835851669311523,4623
0.6855359077453613,4622
0.6875038146972656,4621
0.689504861831665,4620
0.6914503574371338,4619
0.6934287548065186,4618
0.6954352855682373,4617
0.6973836421966553,4616
0.7011673450469971,4615
0.7031307220458984,4614
0.7050833702087402,4613
0.7070462703704834,4612
0.7090070247650146,4611
0.714998722076416,4610
0.7169594764709473,4609
0.7215354442596436,4608
0.7234983444213867,4607
0.7254922389984131,4606
0.7274420261383057,4605
0.7314822673797607,4604
0.7334318161010742,4603
0.7355325222015381,4602
0.7374973297119141,4601
0.7414681911468506,4600
0.7434942722320557,4599
0.74544358253479,4598
0.7474050521850586,4597
0.7493703365325928,4596
0.7513220310211182,4595
0.7567343711853027,4594
0.7606606483459473,4593
0.7626383304595947,4592
0.7665598392486572,4591
0.768507719039917,4590
0.7704732418060303,4589
0.7724359035491943,4588
0.7743868827819824,4587
0.7763478755950928,4586
0.7799575328826904,4585
0.7819180488586426,4584
0.7838640213012695,4583
0.785830020904541,4582
0.7877922058105469,4581
0.7897412776947021,4580
0.7917022705078125,4579
0.7936685085296631,4578
0.7956123352050781,4577
0.7976062297821045,4576
0.7995665073394775,4575
0.8025271892547607,4574
0.8050508499145508,4573
0.8070178031921387,4572
0.8089735507965088,4571
0.8109731674194336,4570
0.8129415512084961,4569
0.814899206161499,4568
0.8173372745513916,4567
0.8198032379150391,4566
0.8244836330413818,4565
0.8264708518981934,4564
0.8284382820129395,4563
0.8304071426391602,4562
0.8323614597320557,4561
0.8343589305877686,4560
0.84023118019104,4559
0.8421990871429443,4558
0.8443379402160645,4557
0.8463292121887207,4556
0.8483133316040039,4555
0.8502719402313232,4554
0.8575141429901123,4553
0.8609976768493652,4552
0.8666834831237793,4551
0.8686342239379883,4550
0.8706340789794922,4549
0.8725969791412354,4548
0.8745503425598145,4547
0.8780837059020996,4546
0.8800520896911621,4545
0.8820071220397949,4544
0.8839735984802246,4543
0.8889529705047607,4542
0.8909244537353516,4541
0.8928899765014648,4540
0.896669864654541,4539
0.8994796276092529,4538
0.901435136795044,4537
0.9034066200256348,4536
0.9053695201873779,4535
0.9073519706726074,4534
0.9093177318572998,4533
0.9112856388092041,4532
0.9141044616699219,4531
0.9160728454589844,4530
0.9180397987365723,4529
0.9199907779693604,4528
0.923628568649292,4527
0.925600528717041,4526
0.9275529384613037,4525
0.930142879486084,4524
0.9320943355560303,4523
0.934067964553833,4522
0.9360446929931641,4521
0.9380898475646973,4520
0.940115213394165,4519
0.9428553581237793,4518
0.9448044300079346,4517
0.9487481117248535,4516
0.951357364654541,4515
0.9533247947692871,4514
0.9553267955780029,4513
0.9572782516479492,4512
0.9592502117156982,4511
0.9612157344818115,4510
0.9665806293487549,4509
0.9685499668121338,4508
0.9740264415740967,4507
0.9779417514801025,4506
0.9799625873565674,4505
0.9826171398162842,4504
0.9865624904632568,4503
0.989506721496582,4502
0.9914720058441162,4501
0.9934408664703369,4500
0.9953944683074951,4499
0.997363805770874,4498
0.9993338584899902,4497
1.0023691654205322,4496
1.0043416023254395,4495
1.0063135623931885,4494
1.0100789070129395,4493
1.0126457214355469,4492
1.014615535736084,4491
1.0169446468353271,4490
1.0189173221588135,4489
1.0228374004364014,4488
1.0296509265899658,4487
1.031635046005249,4486
1.03361177444458,4485
1.0355844497680664,4484
1.0384149551391602,4483
1.0403838157653809,4482
1.0423872470855713,4481
1.0445306301116943,4480
1.0465843677520752,4479
1.0485813617706299,4478
1.0541713237762451,4477
1.0561392307281494,4476
1.0580966472625732,4475
1.0604712963104248,4474
1.0659692287445068,4473
1.0679409503936768,4472
1.070051670074463,4471
1.0734050273895264,4470
1.0753753185272217,4469
1.0773308277130127,4468
1.0793347358703613,4467
1.0813071727752686,4466
1.0832645893096924,4465
1.085970401763916,4464
1.0879247188568115,4463
1.0898938179016113,4462
1.091862440109253,4461
1.093818187713623,4460
1.0957837104797363,4459
1.0977563858032227,4458
1.0997099876403809,4457
1.101682186126709,4456
1.1036882400512695,4455
1.1056458950042725,4454
1.1093058586120605,4453
1.1112658977508545,4452
1.1132354736328125,4451
1.1172730922698975,4450
1.1192467212677002,4449
1.1212685108184814,4448
1.1245338916778564,4447
1.1265192031860352,4446
1.1315147876739502,4445
1.133491039276123,4444
1.138577938079834,4443
1.1405489444732666,4442
1.1425364017486572,4441
1.145493745803833,4440
1.1474602222442627,4439
1.1494314670562744,4438
1.1514418125152588,4437
1.153411865234375,4436
1.1553950309753418,4435
1.1573641300201416,4434
1.1593389511108398,4433
1.1612932682037354,4432
1.1632657051086426,4431
1.1671106815338135,4430
1.1692309379577637,4429
1.1714086532592773,4428
1.173762321472168,4427
1.1782772541046143,4426
1.1837522983551025,4425
1.1865696907043457,4424
1.1905183792114258,4423
1.1950948238372803,4422
1.1976547241210938,4421
1.2016355991363525,4420
1.20560622215271,4419
1.2075769901275635,4418
1.2095401287078857,4417
1.2115147113800049,4416
1.2134873867034912,4415
1.216761589050293,4414
1.2187352180480957,4413
1.2219648361206055,4412
1.2240004539489746,4411
1.2267210483551025,4410
1.2286932468414307,4409
1.2307288646697998,4408
1.2326934337615967,4407
1.2346992492675781,4406
1.236731767654419,4405
1.2391602993011475,4404
1.2411277294158936,4403
1.245187520980835,4402
1.2475488185882568,4401
1.2495312690734863,4400
1.2519786357879639,4399
1.257249116897583,4398
1.2592487335205078,4397
1.2612180709838867,4396
1.2631807327270508,4395
1.266334056854248,4394
1.2727077007293701,4393
1.284766674041748,4392
1.2867302894592285,4391
1.2886993885040283,4390
1.2951271533966064,4389
1.297435998916626,4388
1.2994036674499512,4387
1.3071367740631104,4386
1.3110637664794922,4385
1.313032865524292,4384
1.316594123840332,4383
1.3185665607452393,4382
1.3205406665802002,4381
1.3225007057189941,4380
1.324650526046753,4379
1.3267216682434082,4378
1.3286972045898438,4377
1.3307037353515625,4376
1.3346843719482422,4375
1.337902545928955,4374
1.339918613433838,4373
1.3419368267059326,4372
1.3439218997955322,4371
1.345973253250122,4370
1.3479461669921875,4369
1.349966049194336,4368
1.3519225120544434,4367
1.3539304733276367,4366
1.3582334518432617,4365
1.3622150421142578,4364
1.3641836643218994,4363
1.3668301105499268,4362
1.3687987327575684,4361
1.3707726001739502,4360
1.3727233409881592,4359
1.37614107131958,4358
1.378113031387329,4357
1.3818106651306152,4356
1.3837621212005615,4355
1.3857362270355225,4354
1.389319658279419,4353
1.3932569026947021,4352
1.3952648639678955,4351
1.3972365856170654,4350
1.4001262187957764,4349
1.4020991325378418,4348
1.4114902019500732,4347
1.4138612747192383,4346
1.415834903717041,4345
1.4178082942962646,4344
1.4199039936065674,4343
1.4218814373016357,4342
1.4258739948272705,4341
1.435190200805664,4340
1.4371414184570312,4339
1.4391191005706787,4338
1.4411170482635498,4337
1.443120002746582,4336
1.445302963256836,4335
1.449267864227295,4334
1.4544801712036133,4333
1.4564354419708252,4332
1.4584136009216309,4331
1.460386037826538,4330
1.4623448848724365,4329
1.4663140773773193,4328
1.469787836074829,4327
1.4717893600463867,4326
1.4758071899414062,4325
1.477783203125,4324
1.480055809020996,4323
1.482015609741211,4322
1.4839916229248047,4321
1.4867541790008545,4320
1.4887144565582275,4319
1.4906935691833496,4318
1.4937820434570312,4317
1.4966964721679688,4316
1.500645399093628,4315
1.5046038627624512,4314
1.5086333751678467,4313
1.5106990337371826,4312
1.5146210193634033,4311
1.5165934562683105,4310
1.5190184116363525,4309
1.5210165977478027,4308
1.5229804515838623,4307
1.5249505043029785,4306
1.5269293785095215,4305
1.528886318206787,4304
1.5308635234832764,4303
1.532832384109497,4302
1.5347926616668701,4301
1.5367591381072998,4300
1.5387623310089111,4299
1.5426881313323975,4298
1.5495610237121582,4297
1.5515868663787842,4296
1.5536165237426758,4295
1.5555689334869385,4294
1.5575430393218994,4293
1.5595118999481201,4292
1.5614662170410156,4291
1.5634381771087646,4290
1.5706515312194824,4289
1.572622299194336,4288
1.574580430984497,4287
1.576582908630371,4286
1.5797817707061768,4285
1.5817549228668213,4284
1.584951400756836,4283
1.590212345123291,4282
1.5921828746795654,4281
1.596107006072998,4280
1.5980803966522217,4279
1.6001393795013428,4278
1.6087226867675781,4277
1.6108057498931885,4276
1.6143217086791992,4275
1.6162798404693604,4274
1.6202290058135986,4273
1.62422776222229,4272
1.6281671524047852,4271
1.6315467357635498,4270
1.6335103511810303,4269
1.6354825496673584,4268
1.6374883651733398,4267
1.6433045864105225,4266
1.64729905128479,4265
1.6492884159088135,4264
1.6516036987304688,4263
1.654754638671875,4262
1.660470724105835,4261
1.6624293327331543,4260
1.6664657592773438,4259
1.6684212684631348,4258
1.6723644733428955,4257
1.6743464469909668,4256
1.6763315200805664,4255
1.6783080101013184,4254
1.681206226348877,4253
1.68318510055542,4252
1.6878540515899658,4251
1.6904335021972656,4250
1.6924047470092773,4249
1.694892406463623,4248
1.696861982345581,4247
1.6988234519958496,4246
1.7024593353271484,4245
1.7062718868255615,4244
1.7088119983673096,4243
1.7107834815979004,4242
1.7149507999420166,4241
1.7181479930877686,4240
1.725048542022705,4239
1.727055549621582,4238
1.729114055633545,4237
1.7331864833831787,4236
1.7371163368225098,4235
1.7404727935791016,4234
1.743941307067871,4233
1.7459027767181396,4232
1.7498719692230225,4231
1.7518296241760254,4230
1.7583203315734863,4229
1.7602794170379639,4228
1.7637197971343994,4227
1.765700340270996,4226
1.7676587104797363,4225
1.769629955291748,4224
1.773559808731079,4223
1.7755296230316162,4222
1.777543067932129,4221
1.7795331478118896,4220
1.7815093994140625,4219
1.7834832668304443,4218
1.7874126434326172,4217
1.7893850803375244,4216
1.793478012084961,4215
1.795447826385498,4214
1.797424077987671,4213
1.7993803024291992,4212
1.8013534545898438,4211
1.803356647491455,4210
1.8053159713745117,4209
1.8089001178741455,4208
1.8123071193695068,4207
1.814312219619751,4206
1.8162920475006104,4205
1.8182556629180908,4204
1.8215231895446777,4203
1.8234987258911133,4202
1.8254575729370117,4201
1.8280870914459229,4200
1.8335046768188477,4199
1.8390741348266602,4198
1.8410365581512451,4197
1.8439834117889404,4196
1.8464114665985107,4195
1.8523752689361572,4194
1.8564441204071045,4193
1.8600246906280518,4192
1.8638262748718262,4191
1.8658015727996826,4190
1.8711512088775635,4189
1.8731579780578613,4188
1.8782439231872559,4187
1.8809633255004883,4186
1.8838558197021484,4185
1.8858592510223389,4184
1.8903186321258545,4183
1.8948371410369873,4182
1.8987782001495361,4181
1.9007420539855957,4180
1.902721881866455,4179
1.9046828746795654,4178
1.9074006080627441,4177
1.9112184047698975,4176
1.9161758422851562,4175
1.9203453063964844,4174
1.9223389625549316,4173
1.9273500442504883,4172
1.9293177127838135,4171
1.9313225746154785,4170
1.9350366592407227,4169
1.9389770030975342,4168
1.9409515857696533,4167
1.9429254531860352,4166
1.9448885917663574,4165
1.9468975067138672,4164
1.948988437652588,4163
1.95100736618042,4162
1.9530129432678223,4161
1.9580628871917725,4160
1.9604871273040771,4159
1.9624595642089844,4158
1.9644649028778076,4157
1.966444730758667,4156
1.9692950248718262,4155
1.971276044845581,4154
1.9778215885162354,4153
1.9809153079986572,4152
1.982879400253296,4151
1.9848580360412598,4150
1.9878032207489014,4149
1.9920289516448975,4148
1.9940102100372314,4147
1.9976496696472168,4146
2.0006396770477295,4145
2.006361961364746,4144
2.0083203315734863,4143
2.012261390686035,4142
2.016202926635742,4141
2.0181691646575928,4140
2.022108554840088,4139
2.0291244983673096,4138
2.0326526165008545,4137
2.0362110137939453,4136
2.0418267250061035,4135
2.048931837081909,4134
2.051636219024658,4133
2.0536324977874756,4132
2.061046600341797,4131
2.0651051998138428,4130
2.071727752685547,4129
2.073740005493164,4128
2.075719118118286,4127
2.0790417194366455,4126
2.081019163131714,4125
2.0902655124664307,4124
2.0922317504882812,4123
2.0961802005767822,4122
2.0981557369232178,4121
2.10323429107666,4120
2.1051976680755615,4119
2.107163667678833,4118
2.109142541885376,4117
2.1111271381378174,4116
2.113085985183716,4115
2.1170408725738525,4114
2.1209752559661865,4113
2.1278910636901855,4112
2.12986421585083,4111
2.131823778152466,4110
2.1338040828704834,4109
2.1357805728912354,4108
2.140260696411133,4107
2.146009683609009,4106
2.1502747535705566,4105
2.1561150550842285,4104
2.158179759979248,4103
2.1601545810699463,4102
2.1634867191314697,4101
2.1655030250549316,4100
2.1695234775543213,4099
2.1724672317504883,4098
2.174485206604004,4097
2.185969829559326,4096
2.187952756881714,4095
2.1934256553649902,4094
2.1976239681243896,4093
2.199596881866455,4092
2.201917886734009,4091
2.2038867473602295,4090
2.2078194618225098,4089
2.2099432945251465,4088
2.211909770965576,4087
2.217419385910034,4086
2.2213261127471924,4085
2.226297378540039,4084
2.2283923625946045,4083
2.23238468170166,4082
2.2344319820404053,4081
2.2393381595611572,4080
2.2458643913269043,4079
2.2478621006011963,4078
2.249896287918091,4077
2.253511667251587,4076
2.2554850578308105,4075
2.257506847381592,4074
2.2611069679260254,4073
2.2648837566375732,4072
2.2683613300323486,4071
2.2721927165985107,4070
2.2752606868743896,4069
2.2805914878845215,4068
2.285865545272827,4067
2.287827730178833,4066
2.2910823822021484,4065
2.2945351600646973,4064
2.3003244400024414,4063
2.3042571544647217,4062
2.307530403137207,4061
2.311612129211426,4060
2.3136496543884277,4059
2.319141149520874,4058
2.326117515563965,4057
2.328080654144287,4056
2.3304696083068848,4055
2.333101749420166,4054
2.3350698947906494,4053
2.337031126022339,4052
2.339015007019043,4051
2.3409900665283203,4050
2.3429512977600098,4049
2.346182107925415,4048
2.3521008491516113,4047
2.3540608882904053,4046
2.3572216033935547,4045
2.370617628097534,4044
2.374631643295288,4043
2.3765923976898193,4042
2.379232406616211,4041
2.3812103271484375,4040
2.3850629329681396,4039
2.3912696838378906,4038
2.395541191101074,4037
2.399458169937134,4036
2.4054157733917236,4035
2.4073941707611084,4034
2.409712076187134,4033
2.4116671085357666,4032
2.4136345386505127,4031
2.41987943649292,4030
2.421873092651367,4029
2.425808906555176,4028
2.4374048709869385,4027
2.4405479431152344,4026
2.4425079822540283,4025
2.444719076156616,4024
2.4476265907287598,4023
2.452821731567383,4022
2.4587886333465576,4021
2.460775852203369,4020
2.462766170501709,4019
2.464751720428467,4018
2.4700825214385986,4017
2.4720685482025146,4016
2.474036455154419,4015
2.4779679775238037,4014
2.4799275398254395,4013
2.481916666030884,4012
2.4838836193084717,4011
2.4912946224212646,4010
2.493276357650757,4009
2.495293140411377,4008
2.500223159790039,4007
2.5021965503692627,4006
2.511072874069214,4005
2.5150082111358643,4004
2.516974925994873,4003
2.5189640522003174,4002
2.5209643840789795,4001
2.5234644412994385,4000
2.529039144515991,3999
2.5310750007629395,3998
2.533038854598999,3997
2.54073429107666,3996
2.5427229404449463,3995
2.544691324234009,3994
2.5486268997192383,3993
2.550607919692993,3992
2.554840087890625,3991
2.5573105812072754,3990
2.5645711421966553,3989
2.572567939758301,3988
2.5745561122894287,3987
2.5785374641418457,3986
2.5804967880249023,3985
2.591423988342285,3984
2.602877616882324,3983
2.6048452854156494,3982
2.6087863445281982,3981
2.616422653198242,3980
2.6203858852386475,3979
2.625272512435913,3978
2.627315044403076,3977
2.63211727142334,3976
2.6363940238952637,3975
2.638392925262451,3974
2.6403660774230957,3973
2.6423394680023193,3972
2.6476094722747803,3971
2.654252290725708,3970
2.6562323570251465,3969
2.660454511642456,3968
2.6646203994750977,3967
2.666595220565796,3966
2.673844814300537,3965
2.6874048709869385,3964
2.6898393630981445,3963
2.6917996406555176,3962
2.695758819580078,3961
2.7039270401000977,3960
2.708164691925049,3959
2.7116482257843018,3958
2.7136106491088867,3957
2.7187037467956543,3956
2.72576904296875,3955
2.7278103828430176,3954
2.7367594242095947,3953
2.7416434288024902,3952
2.7436251640319824,3951
2.7540111541748047,3950
2.7599129676818848,3949
2.7618966102600098,3948
2.763861894607544,3947
2.765838384628296,3946
2.7697722911834717,3945
2.771747589111328,3944
2.776130199432373,3943
2.7781178951263428,3942
2.781651020050049,3941
2.783625841140747,3940
2.7860138416290283,3939
2.7886621952056885,3938
2.7951767444610596,3937
2.8019444942474365,3936
2.805915117263794,3935
2.8125224113464355,3934
2.8151373863220215,3933
2.8170933723449707,3932
2.8230278491973877,3931
2.8250057697296143,3930
2.8283088207244873,3929
2.830291986465454,3928
2.8375139236450195,3927
2.8410162925720215,3926
2.8438594341278076,3925
2.845860719680786,3924
2.847870349884033,3923
2.8499321937561035,3922
2.851945400238037,3921
2.854033946990967,3920
2.856813669204712,3919
2.8644285202026367,3918
2.8696818351745605,3917
2.871652603149414,3916
2.8736307621002197,3915
2.8795409202575684,3914
2.88236927986145,3913
2.886681318283081,3912
2.8886642456054688,3911
2.890653610229492,3910
2.892620801925659,3909
2.8997421264648438,3908
2.9036800861358643,3907
2.9076244831085205,3906
2.9096057415008545,3905
2.9161219596862793,3904
2.918126106262207,3903
2.9201080799102783,3902
2.9220848083496094,3901
2.929746150970459,3900
2.9355764389038086,3899
2.9375574588775635,3898
2.9395461082458496,3897
2.9423720836639404,3896
2.944345235824585,3895
2.950260877609253,3894
2.954019546508789,3893
2.9560272693634033,3892
2.9580156803131104,3891
2.959981918334961,3890
2.9619557857513428,3889
2.9639394283294678,3888
2.967878580093384,3887
2.9702913761138916,3886
2.9755148887634277,3885
2.9792866706848145,3884
2.9860479831695557,3883
2.988013744354248,3882
2.990448474884033,3881
2.993096113204956,3880
2.998243808746338,3879
3.0029830932617188,3878
3.0105948448181152,3877
3.012584924697876,3876
3.014575242996216,3875
3.021674871444702,3874
3.0236573219299316,3873
3.0256659984588623,3872
3.0276496410369873,3871
3.0296554565429688,3870
3.031623601913452,3869
3.033611297607422,3868
3.037611961364746,3867
3.039584159851074,3866
3.043710947036743,3865
3.055903911590576,3864
3.0589652061462402,3863
3.0609872341156006,3862
3.071697950363159,3861
3.073727607727051,3860
3.0827949047088623,3859
3.092111110687256,3858
3.09407901763916,3857
3.104644775390625,3856
3.1066441535949707,3855
3.1118247509002686,3854
3.117123603820801,3853
3.121080160140991,3852
3.125304937362671,3851
3.134347438812256,3850
3.1363203525543213,3849
3.1435372829437256,3848
3.145580768585205,3847
3.1544625759124756,3846
3.1564292907714844,3845
3.1598494052886963,3844
3.1639392375946045,3843
3.1659481525421143,3842
3.169935464859009,3841
3.171903610229492,3840
3.1749908924102783,3839
3.182342290878296,3838
3.185556411743164,3837
3.188410758972168,3836
3.1989526748657227,3835
3.200934410095215,3834
3.202925443649292,3833
3.206228256225586,3832
3.2146518230438232,3831
3.224416732788086,3830
3.2296559810638428,3829
3.2316713333129883,3828
3.2336790561676025,3827
3.239609479904175,3826
3.2451093196868896,3825
3.2490618228912354,3824
3.256746768951416,3823
3.269116163253784,3822
3.2711050510406494,3821
3.275156259536743,3820
3.277127265930176,3819
3.2810842990875244,3818
3.2894484996795654,3817
3.291426181793213,3816
3.295478343963623,3815
3.3055567741394043,3814
3.311432123184204,3813
3.317617416381836,3812
3.3328969478607178,3811
3.347360610961914,3810
3.359337091445923,3809
3.3648416996002197,3808
3.3678476810455322,3807
3.3710691928863525,3806
3.373053789138794,3805
3.376987934112549,3804
3.379728078842163,3803
3.3861122131347656,3802
3.3881232738494873,3801
3.390143394470215,3800
3.3921093940734863,3799
3.3947184085845947,3798
3.3980367183685303,3797
3.400024652481079,3796
3.403663396835327,3795
3.405661106109619,3794
3.4182612895965576,3793
3.420234441757202,3792
3.4265480041503906,3791
3.433152198791504,3790
3.440288782119751,3789
3.4494967460632324,3788
3.456204414367676,3787
3.4581971168518066,3786
3.4636805057525635,3785
3.4672181606292725,3784
3.471414566040039,3783
3.475348711013794,3782
3.48431134223938,3781
3.48972487449646,3780
3.493173599243164,3779
3.500582695007324,3778
3.5038814544677734,3777
3.5063693523406982,3776
3.5097415447235107,3775
3.513214111328125,3774
3.5159411430358887,3773
3.5196869373321533,3772
3.5257129669189453,3771
3.5277302265167236,3770
3.5301120281219482,3769
3.5332703590393066,3768
3.5389320850372314,3767
3.5409162044525146,3766
3.5428926944732666,3765
3.5461556911468506,3764
3.5481488704681396,3763
3.550139904022217,3762
3.5521087646484375,3761
3.5559303760528564,3760
3.572526693344116,3759
3.581329584121704,3758
3.583322286605835,3757
3.601804494857788,3756
3.6045665740966797,3755
3.622638702392578,3754
3.624628782272339,3753
3.632530927658081,3752
3.640850782394409,3751
3.646195650100708,3750
3.6488587856292725,3749
3.652836799621582,3748
3.667769432067871,3747
3.6800737380981445,3746
3.6854097843170166,3745
3.6886231899261475,3744
3.694589614868164,3743
3.69752836227417,3742
3.7045905590057373,3741
3.7087113857269287,3740
3.7143259048461914,3739
3.7347447872161865,3738
3.7392468452453613,3737
3.744371175765991,3736
3.7471728324890137,3735
3.7539920806884766,3734
3.7559642791748047,3733
3.759904623031616,3732
3.7633609771728516,3731
3.765667200088501,3730
3.7715001106262207,3729
3.773498773574829,3728
3.780979633331299,3727
3.7849340438842773,3726
3.794909954071045,3725
3.79691481590271,3724
3.798893928527832,3723
3.8026187419891357,3722
3.81148362159729,3721
3.818054676055908,3720
3.829085111618042,3719
3.8357889652252197,3718
3.8378114700317383,3717
3.8473076820373535,3716
3.859923839569092,3715
3.863893985748291,3714
3.8692336082458496,3713
3.8888423442840576,3712
3.8947646617889404,3711
3.8978993892669678,3710
3.902496099472046,3709
3.904484510421753,3708
3.9072494506835938,3707
3.91286301612854,3706
3.9157235622406006,3705
3.9189603328704834,3704
3.9237060546875,3703
3.925699472427368,3702
3.9276909828186035,3701
3.931628465652466,3700
3.9336135387420654,3699
3.94478440284729,3698
3.9516489505767822,3697
3.956745147705078,3696
3.9607815742492676,3695
3.9666154384613037,3694
3.9698140621185303,3693
3.973299026489258,3692
3.9818239212036133,3691
3.9916203022003174,3690
3.996206045150757,3689
3.998182535171509,3688
4.0060789585113525,3687
4.008106231689453,3686
4.016024112701416,3685
4.019651412963867,3684
4.022466421127319,3683
4.038923263549805,3682
4.0409135818481445,3681
4.045657634735107,3680
4.048550844192505,3679
4.050546407699585,3678
4.057399034500122,3677
4.059849500656128,3676
4.061847448348999,3675
4.063827276229858,3674
4.0699286460876465,3673
4.073678016662598,3672
4.081036567687988,3671
4.091035842895508,3670
4.093008995056152,3669
4.094987392425537,3668
4.096982479095459,3667
4.0989649295806885,3666
4.100943565368652,3665
4.107682466506958,3664
4.110871076583862,3663
4.112850666046143,3662
4.114826679229736,3661
4.131349086761475,3660
4.134909629821777,3659
4.141374588012695,3658
4.1470489501953125,3657
4.157729387283325,3656
4.1688196659088135,3655
4.172659397125244,3654
4.174680709838867,3653
4.1847083568573,3652
4.201430559158325,3651
4.207071781158447,3650
4.213003158569336,3649
4.214987754821777,3648
4.216960668563843,3647
4.221685171127319,3646
4.223725080490112,3645
4.238624095916748,3644
4.243429660797119,3643
4.2510881423950195,3642
4.253065586090088,3641
4.255050420761108,3640
4.25702977180481,3639
4.259633779525757,3638
4.264327764511108,3637
4.273744106292725,3636
4.275719881057739,3635
4.280054807662964,3634
4.282068967819214,3633
4.297528266906738,3632
4.301530838012695,3631
4.3060688972473145,3630
4.313022613525391,3629
4.315021276473999,3628
4.321986675262451,3627
4.325813293457031,3626
4.32853364944458,3625
4.330540180206299,3624
4.334499835968018,3623
4.3373823165893555,3622
4.353540897369385,3621
4.3688130378723145,3620
4.387620210647583,3619
4.391590595245361,3618
4.395787715911865,3617
4.397770881652832,3616
4.401567459106445,3615
4.40979790687561,3614
4.423399209976196,3613
4.436682462692261,3612
4.44919753074646,3611
4.453636884689331,3610
4.46751856803894,3609
4.470256090164185,3608
4.473774194717407,3607
4.475771427154541,3606
4.477774620056152,3605
4.47974967956543,3604
4.4817609786987305,3603
4.486616611480713,3602
4.4885900020599365,3601
4.494235515594482,3600
4.5019800662994385,3599
4.5059332847595215,3598
4.5122153759002686,3597
4.519369840621948,3596
4.52139139175415,3595
4.524986743927002,3594
4.530447244644165,3593
4.532484292984009,3592
4.538403034210205,3591
4.54352068901062,3590
4.556187152862549,3589
4.562589883804321,3588
4.5673768520355225,3587
4.569373846054077,3586
4.571359634399414,3585
4.575673818588257,3584
4.585549354553223,3583
4.589717864990234,3582
4.592409372329712,3581
4.607611179351807,3580
4.613311767578125,3579
4.6203224658966064,3578
4.628275394439697,3577
4.631413459777832,3576
4.633397102355957,3575
4.639331102371216,3574
4.641326427459717,3573
4.643503665924072,3572
4.645507574081421,3571
4.647542953491211,3570
4.650702953338623,3569
4.654356479644775,3568
4.657463073730469,3567
4.663399934768677,3566
4.665614128112793,3565
4.673974275588989,3564
4.682600975036621,3563
4.686577558517456,3562
4.696158409118652,3561
4.706198453903198,3560
4.710470676422119,3559
4.732168436050415,3558
4.73613429069519,3557
4.738116025924683,3556
4.7691731452941895,3555
4.783531188964844,3554
4.788308620452881,3553
4.790319919586182,3552
4.804897308349609,3551
4.814643621444702,3550
4.822410821914673,3549
4.825457572937012,3548
4.828754186630249,3547
4.830753564834595,3546
4.833623170852661,3545
4.835601806640625,3544
4.843691825866699,3543
4.847704172134399,3542
4.854669570922852,3541
4.856650114059448,3540
4.860260009765625,3539
4.8659186363220215,3538
4.869892835617065,3537
4.884340524673462,3536
4.887873411178589,3535
4.893641710281372,3534
4.895639896392822,3533
4.89766526222229,3532
4.923941373825073,3531
4.925916910171509,3530
4.9279139041900635,3529
4.930871963500977,3528
4.937514066696167,3527
4.942227602005005,3526
4.94476580619812,3525
4.952838659286499,3524
4.960508346557617,3523
4.972673416137695,3522
4.980512380599976,3521
4.98709774017334,3520
4.989109754562378,3519
4.99849009513855,3518
5.005884408950806,3517
5.011629581451416,3516
5.013654470443726,3515
5.015726089477539,3514
5.0195417404174805,3513
5.021540403366089,3512
5.029620170593262,3511
5.031616449356079,3510
5.045542001724243,3509
5.051432371139526,3508
5.087575674057007,3507
5.090591192245483,3506
5.096038103103638,3505
5.108933925628662,3504
5.121167182922363,3503
5.125212907791138,3502
5.13015079498291,3501
5.132146596908569,3500
5.1389031410217285,3499
5.159167766571045,3498
5.1647727489471436,3497
5.167689085006714,3496
5.169713735580444,3495
5.17171049118042,3494
5.173710823059082,3493
5.176854133605957,3492
5.180848836898804,3491
5.185572624206543,3490
5.187584400177002,3489
5.189575910568237,3488
5.191573143005371,3487
5.193584203720093,3486
5.19557523727417,3485
5.199567794799805,3484
5.201563596725464,3483
5.207168340682983,3482
5.210722923278809,3481
5.229169130325317,3480
5.233253240585327,3479
5.235297441482544,3478
5.253338098526001,3477
5.255342245101929,3476
5.2628161907196045,3475
5.26480507850647,3474
5.270247459411621,3473
5.2722554206848145,3472
5.274529695510864,3471
5.331179857254028,3470
5.337263345718384,3469
5.350848197937012,3468
5.354510545730591,3467
5.363434076309204,3466
5.3655006885528564,3465
5.367498397827148,3464
5.374951124191284,3463
5.379241943359375,3462
5.387641191482544,3461
5.402288198471069,3460
5.404266119003296,3459
5.426841735839844,3458
5.439174175262451,3457
5.44164514541626,3456
5.443905830383301,3455
5.445969343185425,3454
5.459146976470947,3453
5.4684975147247314,3452
5.479057550430298,3451
5.481795072555542,3450
5.483815908432007,3449
5.495754718780518,3448
5.497783899307251,3447
5.504344701766968,3446
5.5063464641571045,3445
5.508328437805176,3444
5.524860858917236,3443
5.53081750869751,3442
5.532796382904053,3441
5.5355517864227295,3440
5.540069341659546,3439
5.554395914077759,3438
5.5668370723724365,3437
5.5688157081604,3436
5.570847988128662,3435
5.5758302211761475,3434
5.584003925323486,3433
5.597574234008789,3432
5.599557638168335,3431
5.605539083480835,3430
5.608775854110718,3429
5.610772132873535,3428
5.626976251602173,3427
5.630937337875366,3426
5.63293719291687,3425
5.635936975479126,3424
5.638415813446045,3423
5.6482203006744385,3422
5.650212526321411,3421
5.654736280441284,3420
5.6617724895477295,3419
5.667116403579712,3418
5.669855356216431,3417
5.675220966339111,3416
5.679204225540161,3415
5.6885223388671875,3414
5.69123101234436,3413
5.698169231414795,3412
5.701348781585693,3411
5.703325986862183,3410
5.706394672393799,3409
5.708389043807983,3408
5.713715076446533,3407
5.715697765350342,3406
5.71968674659729,3405
5.721696376800537,3404
5.728358507156372,3403
5.7385594844818115,3402
5.742540121078491,3401
5.750483989715576,3400
5.754451751708984,3399
5.756434202194214,3398
5.759555339813232,3397
5.761545896530151,3396
5.77403712272644,3395
5.793459415435791,3394
5.795427322387695,3393
5.8016273975372314,3392
5.803622484207153,3391
5.80561637878418,3390
5.8125319480896,3389
5.816821575164795,3388
5.821529388427734,3387
5.825507402420044,3386
5.834625959396362,3385
5.84380316734314,3384
5.853678226470947,3383
5.855682134628296,3382
5.8576979637146,3381
5.8628716468811035,3380
5.864856243133545,3379
5.872098922729492,3378
5.883103370666504,3377
5.885099649429321,3376
5.900991439819336,3375
5.906153678894043,3374
5.908152103424072,3373
5.916371822357178,3372
5.928109407424927,3371
5.936442852020264,3370
5.946992635726929,3369
5.970562696456909,3368
5.979658126831055,3367
5.995349884033203,3366
5.9973413944244385,3365
6.004105567932129,3364
6.00610613822937,3363
6.011030673980713,3362
6.043309688568115,3361
6.054973602294922,3360
6.058537244796753,3359
6.060545444488525,3358
6.064530611038208,3357
6.081280946731567,3356
6.083644151687622,3355
6.0924763679504395,3354
6.098458528518677,3353
6.105967283248901,3352
6.1350483894348145,3351
6.137314319610596,3350
6.143900632858276,3349
6.146440029144287,3348
6.15880823135376,3347
6.17103910446167,3346
6.173036336898804,3345
6.1774492263793945,3344
6.182914972305298,3343
6.1945436000823975,3342
6.215158700942993,3341
6.217202186584473,3340
6.222170352935791,3339
6.224210739135742,3338
6.22623085975647,3337
6.230475187301636,3336
6.248642206192017,3335
6.286862850189209,3334
6.290826082229614,3333
6.309741020202637,3332
6.315376281738281,3331
6.319750547409058,3330
6.345999002456665,3329
6.3545520305633545,3328
6.357551336288452,3327
6.366466522216797,3326
6.371402740478516,3325
6.3813316822052,3324
6.412825584411621,3323
6.417627573013306,3322
6.430260419845581,3321
6.433251142501831,3320
6.4416375160217285,3319
6.453760623931885,3318
6.461085796356201,3317
6.476787090301514,3316
6.490570545196533,3315
6.502390623092651,3314
6.5046281814575195,3313
6.532773971557617,3312
6.5367584228515625,3311
6.549839735031128,3310
6.552768230438232,3309
6.56611442565918,3308
6.568089008331299,3307
6.570101737976074,3306
6.577794551849365,3305
6.579777479171753,3304
6.590244770050049,3303
6.5922369956970215,3302
6.606842041015625,3301
6.61654257774353,3300
6.623837947845459,3299
6.625859975814819,3298
6.632944345474243,3297
6.637240648269653,3296
6.639226913452148,3295
6.645850658416748,3294
6.6481773853302,3293
6.663438081741333,3292
6.665440559387207,3291
6.707646369934082,3290
6.714264154434204,3289
6.716547012329102,3288
6.720512628555298,3287
6.722546100616455,3286
6.727405071258545,3285
6.744107723236084,3284
6.751668453216553,3283
6.760247468948364,3282
6.772234916687012,3281
6.77423095703125,3280
6.781569242477417,3279
6.794330358505249,3278
6.8217854499816895,3277
6.8257668018341064,3276
6.827759504318237,3275
6.829742670059204,3274
6.831749677658081,3273
6.837822675704956,3272
6.839815616607666,3271
6.84582257270813,3270
6.850927352905273,3269
6.853757381439209,3268
6.857174634933472,3267
6.8621790409088135,3266
6.885420083999634,3265
6.8933045864105225,3264
6.899122953414917,3263
6.919841051101685,3262
6.927396535873413,3261
6.940207481384277,3260
6.94906759262085,3259
6.955939292907715,3258
6.966258764266968,3257
6.9802470207214355,3256
6.986918687820435,3255
6.993579626083374,3254
6.998098611831665,3253
7.002678632736206,3252
7.024878025054932,3251
7.029333829879761,3250
7.037753582000732,3249
7.039759397506714,3248
7.048117637634277,3247
7.051770925521851,3246
7.106256008148193,3245
7.1102705001831055,3244
7.128321886062622,3243
7.131782293319702,3242
7.135077714920044,3241
7.155325889587402,3240
7.162871599197388,3239
7.186228513717651,3238
7.194981575012207,3237
7.244836091995239,3236
7.246929407119751,3235
7.253036022186279,3234
7.271754264831543,3233
7.284542083740234,3232
7.290554523468018,3231
7.304551362991333,3230
7.308845043182373,3229
7.310850381851196,3228
7.312842130661011,3227
7.321699857711792,3226
7.334160566329956,3225
7.363216876983643,3224
7.372491121292114,3223
7.374472618103027,3222
7.381561040878296,3221
7.385632514953613,3220
7.411297559738159,3219
7.433759450912476,3218
7.435944318771362,3217
7.4447410106658936,3216
7.449617862701416,3215
7.463108539581299,3214
7.475951433181763,3213
7.48032021522522,3212
7.498530149459839,3211
7.500526428222656,3210
7.509487628936768,3209
7.51156759262085,3208
7.544255971908569,3207
7.546352863311768,3206
7.548367977142334,3205
7.552748203277588,3204
7.561916351318359,3203
7.567136287689209,3202
7.574375867843628,3201
7.587940454483032,3200
7.590069770812988,3199
7.600224494934082,3198
7.603827476501465,3197
7.617105484008789,3196
7.6447813510894775,3195
7.656126976013184,3194
7.660864353179932,3193
7.670942544937134,3192
7.691958427429199,3191
7.718477725982666,3190
7.721283674240112,3189
7.73128342628479,3188
7.734773397445679,3187
7.752517461776733,3186
7.763007402420044,3185
7.786969900131226,3184
7.7916295528411865,3183
7.807864427566528,3182
7.812390565872192,3181
7.833386659622192,3180
7.841497421264648,3179
7.844452619552612,3178
7.85198450088501,3177
7.873058319091797,3176
7.882246732711792,3175
7.89220929145813,3174
7.896225452423096,3173
7.898210763931274,3172
7.900216817855835,3171
7.908785581588745,3170
7.912150144577026,3169
7.914953231811523,3168
7.965755224227905,3167
7.972698926925659,3166
7.97469687461853,3165
7.981850862503052,3164
7.989354848861694,3163
7.992213249206543,3162
7.9973368644714355,3161
7.999712228775024,3160
8.005688667297363,3159
8.007700681686401,3158
8.031156778335571,3157
8.037240982055664,3156
8.042791366577148,3155
8.056759595870972,3154
8.06812834739685,3153
8.07018494606018,3152
8.0853590965271,3151
8.108689785003662,3150
8.111534595489502,3149
8.11481761932373,3148
8.119579076766968,3147
8.122722148895264,3146
8.126524686813354,3145
8.129838705062866,3144
8.147764921188354,3143
8.154030799865723,3142
8.171192646026611,3141
8.173200845718384,3140
8.178110837936401,3139
8.181238174438477,3138
8.201515674591064,3137
8.212528944015503,3136
8.229145765304565,3135
8.24243712425232,3134
8.2584810256958,3133
8.265007257461548,3132
8.2745943069458,3131
8.283710479736328,3130
8.307224035263062,3129
8.31137228012085,3128
8.319013118743896,3127
8.321009397506714,3126
8.328801393508911,3125
8.332581996917725,3124
8.338509798049927,3123
8.350846290588379,3122
8.355330467224121,3121
8.376853942871094,3120
8.398016214370728,3119
8.401655197143555,3118
8.403735399246216,3117
8.405768156051636,3116
8.422077894210815,3115
8.428045272827148,3114
8.435162544250488,3113
8.439640998840332,3112
8.443861722946167,3111
8.468524694442749,3110
8.481400966644287,3109
8.489915609359741,3108
8.496887683868408,3107
8.5065598487854,3106
8.512585878372192,3105
8.516258955001831,3104
8.521940469741821,3103
8.561790704727173,3102
8.605838537216187,3101
8.609880208969116,3100
8.629921913146973,3099
8.653090000152588,3098
8.672146320343018,3097
8.695812940597534,3096
8.697829723358154,3095
8.69983959197998,3094
8.716610431671143,3093
8.723596811294556,3092
8.771625518798828,3091
8.774175643920898,3090
8.799803018569946,3089
8.815367460250854,3088
8.820816040039062,3087
8.823730707168579,3086
8.831109046936035,3085
8.868243932723999,3084
8.870260238647461,3083
8.877400398254395,3082
8.891821384429932,3081
8.910294771194458,3080
8.916414737701416,3079
8.94269871711731,3078
8.944709300994873,3077
8.963203430175781,3076
8.970890760421753,3075
8.97939133644104,3074
8.982096910476685,3073
8.987647771835327,3072
8.98966097831726,3071
9.006436824798584,3070
9.016100883483887,3069
9.020001411437988,3068
9.022582054138184,3067
9.033789873123169,3066
9.058670043945312,3065
9.074838161468506,3064
9.078969478607178,3063
9.099340200424194,3062
9.106486558914185,3061
9.108481645584106,3060
9.141786098480225,3059
9.150962829589844,3058
9.160244464874268,3057
9.177907228469849,3056
9.190905570983887,3055
9.206740140914917,3054
9.210739135742188,3053
9.21474313735962,3052
9.244477033615112,3051
9.248885154724121,3050
9.267367839813232,3049
9.298432111740112,3048
9.314466953277588,3047
9.347299814224243,3046
9.36216139793396,3045
9.39142394065857,3044
9.399015188217163,3043
9.402312755584717,3042
9.463358402252197,3041
9.474970579147339,3040
9.48097538948059,3039
9.485694885253906,3038
9.540704011917114,3037
9.553126096725464,3036
9.561151266098022,3035
9.589720010757446,3034
9.591720342636108,3033
9.608777523040771,3032
9.61879563331604,3031
9.62629771232605,3030
9.63486933708191,3029
9.662840604782104,3028
9.672967433929443,3027
9.681678295135498,3026
9.700644493103027,3025
9.716543197631836,3024
9.740092039108276,3023
9.744431972503662,3022
9.746458530426025,3021
9.783438444137573,3020
9.788335800170898,3019
9.79915738105774,3018
9.813081502914429,3017
9.826856136322021,3016
9.831356287002563,3015
9.833353757858276,3014
9.851964712142944,3013
9.871147155761719,3012
9.896449565887451,3011
9.918689727783203,3010
9.924567461013794,3009
9.943006038665771,3008
9.950533866882324,3007
9.952983856201172,3006
9.980653285980225,3005
9.984403610229492,3004
10.00006651878357,3003
10.053074836730957,3002
10.05737829208374,3001
10.093123435974121,3000
10.098654985427856,2999
10.110292434692383,2998
10.142652750015259,2997
10.14465856552124,2996
10.160194635391235,2995
10.169814109802246,2994
10.180804252624512,2993
10.18375825881958,2992
10.187780618667603,2991
10.202160358428955,2990
10.206702709197998,2989
10.2323579788208,2988
10.250136137008667,2987
10.254127979278564,2986
10.256131887435913,2985
10.27754521369934,2984
10.279534339904785,2983
10.314383506774902,2982
10.32512879371643,2981
10.334581851959229,2980
10.340561151504517,2979
10.349355459213257,2978
10.353394031524658,2977
10.384610652923584,2976
10.40005087852478,2975
10.415181398391724,2974
10.422948598861694,2973
10.427008628845215,2972
10.429011821746826,2971
10.456316709518433,2970
10.462295770645142,2969
10.540659427642822,2968
10.56336498260498,2967
10.57108449935913,2966
10.579224109649658,2965
10.592205047607422,2964
10.59421682357788,2963
10.656460046768188,2962
10.663041114807129,2961
10.678051948547363,2960
10.706608057022095,2959
10.722972631454468,2958
10.735690116882324,2957
10.747918605804443,2956
10.75440001487732,2955
10.823633670806885,2954
10.830170392990112,2953
10.835925340652466,2952
10.849840879440308,2951
10.853834390640259,2950
10.860393285751343,2949
10.88334345817566,2948
10.892289876937866,2947
10.910392761230469,2946
10.915308475494385,2945
10.917299032211304,2944
10.942361116409302,2943
10.954818964004517,2942
10.975117921829224,2941
10.988318920135498,2940
11.01189661026001,2939
11.013899564743042,2938
11.018595218658447,2937
11.070903301239014,2936
11.074405193328857,2935
11.126502752304077,2934
11.179133892059326,2933
11.229975700378418,2932
11.274315357208252,2931
11.277903318405151,2930
11.327241659164429,2929
11.37419843673706,2928
11.399032831192017,2927
11.402597665786743,2926
11.411377429962158,2925
11.417064189910889,2924
11.419079065322876,2923
11.45648717880249,2922
11.534233570098877,2921
11.536263704299927,2920
11.544721126556396,2919
11.548748016357422,2918
11.559843301773071,2917
11.561863422393799,2916
11.629955053329468,2915
11.657232522964478,2914
11.677187204360962,2913
11.683479070663452,2912
11.689584016799927,2911
11.70372462272644,2910
11.725759267807007,2909
11.731060266494751,2908
11.758608341217041,2907
11.769072532653809,2906
11.77652883529663,2905
11.78858757019043,2904
11.796164274215698,2903
11.798183917999268,2902
11.852282524108887,2901
11.894165515899658,2900
11.911198616027832,2899
12.05707335472107,2898
12.080925703048706,2897
12.082927465438843,2896
12.087918043136597,2895
12.108234643936157,2894
12.134117126464844,2893
12.144429922103882,2892
12.149085998535156,2891
12.159016847610474,2890
12.178431510925293,2889
12.187752962112427,2888
12.227838039398193,2887
12.231935024261475,2886
12.234018802642822,2885
12.24524188041687,2884
12.253230094909668,2883
12.266480684280396,2882
12.290876626968384,2881
12.339502573013306,2880
12.347920417785645,2879
12.373204469680786,2878
12.390267848968506,2877
12.399807453155518,2876
12.423936605453491,2875
12.43021273612976,2874
12.448901414871216,2873
12.48786735534668,2872
12.5977463722229,2871
12.61512017250061,2870
12.633605718612671,2869
12.695818424224854,2868
12.722685098648071,2867
12.76439380645752,2866
12.842813730239868,2865
12.915345668792725,2864
12.930046319961548,2863
12.972840785980225,2862
13.033806562423706,2861
13.039721965789795,2860
13.076539993286133,2859
13.099759101867676,2858
13.113249778747559,2857
13.12738299369812,2856
13.140001773834229,2855
13.172019481658936,2854
13.198273420333862,2853
13.220334529876709,2852
13.228522777557373,2851
13.249162912368774,2850
13.265414953231812,2849
13.309754371643066,2848
13.326874732971191,2847
13.341062784194946,2846
13.377480745315552,2845
13.41419005393982,2844
13.429201126098633,2843
13.468990325927734,2842
13.497061967849731,2841
13.522073984146118,2840
13.576865911483765,2839
13.586390256881714,2838
13.58932638168335,2837
13.611725091934204,2836
13.66877269744873,2835
13.6909921169281,2834
13.704944372177124,2833
13.738448858261108,2832
13.74498963356018,2831
13.806887865066528,2830
13.875021696090698,2829
13.881038427352905,2828
13.889747858047485,2827
13.901674509048462,2826
13.947193384170532,2825
13.977222681045532,2824
14.01661729812622,2823
14.038561820983887,2822
14.040582180023193,2821
14.053810358047485,2820
14.092978477478027,2819
14.09865927696228,2818
14.133877038955688,2817
14.227356672286987,2816
14.273179531097412,2815
14.275199174880981,2814
14.369377374649048,2813
14.394696712493896,2812
14.402638673782349,2811
14.410321950912476,2810
14.448558807373047,2809
14.490305185317993,2808
14.49230408668518,2807
14.497006893157959,2806
14.535506963729858,2805
14.540284633636475,2804
14.612268447875977,2803
14.62926959991455,2802
14.654386758804321,2801
14.679174423217773,2800
14.686949968338013,2799
14.756512880325317,2798
14.827773332595825,2797
14.88747787475586,2796
14.891486167907715,2795
14.93826961517334,2794
14.964961290359497,2793
14.974573135375977,2792
14.999224662780762,2791
15.053964376449585,2790
15.079898595809937,2789
15.086228609085083,2788
15.102204322814941,2787
15.104208946228027,2786
15.15749216079712,2785
15.164719343185425,2784
15.189407110214233,2783
15.210144519805908,2782
15.24585509300232,2781
15.26926326751709,2780
15.301961183547974,2779
15.305190324783325,2778
15.351943731307983,2777
15.42934799194336,2776
15.502434730529785,2775
15.533913850784302,2774
15.543901443481445,2773
15.578245639801025,2772
15.58935260772705,2771
15.6296706199646,2770
15.653127193450928,2769
15.84697413444519,2768
15.885255336761475,2767
15.940312623977661,2766
15.992560148239136,2765
16.047118186950684,2764
16.10635209083557,2763
16.108365774154663,2762
16.12037754058838,2761
16.142558336257935,2760
16.21985101699829,2759
16.245643615722656,2758
16.28499126434326,2757
16.328108310699463,2756
16.356046199798584,2755
16.373541116714478,2754
16.381179094314575,2753
16.40089726448059,2752
16.414055109024048,2751
16.442755937576294,2750
16.548936128616333,2749
16.60523009300232,2748
16.60974669456482,2747
16.629640579223633,2746
16.631633758544922,2745
16.697916507720947,2744
16.8289213180542,2743
16.850903749465942,2742
16.939669370651245,2741
16.95204257965088,2740
16.969370365142822,2739
17.006096124649048,2738
17.064351081848145,2737
17.09246301651001,2736
17.19819188117981,2735
17.28179430961609,2734
17.283791303634644,2733
17.296011924743652,2732
17.352644681930542,2731
17.354708671569824,2730
17.388428449630737,2729
17.40616536140442,2728
17.42556381225586,2727
17.44869375228882,2726
17.456578254699707,2725
17.473393440246582,2724
17.50049924850464,2723
17.53554654121399,2722
17.54374361038208,2721
17.5866219997406,2720
17.693928718566895,2719
17.72950768470764,2718
17.82863759994507,2717
17.86486577987671,2716
17.885045289993286,2715
17.924222469329834,2714
17.928407192230225,2713
17.97099733352661,2712
17.996742010116577,2711
18.010425806045532,2710
18.03222966194153,2709
18.12995457649231,2708
18.288222789764404,2707
18.34685444831848,2706
18.359816312789917,2705
18.370819568634033,2704
18.478259086608887,2703
18.486247539520264,2702
18.54674983024597,2701
18.574235677719116,2700
18.578319311141968,2699
18.736709594726562,2698
18.83629822731018,2697
18.98116135597229,2696
19.405925750732422,2695
19.453134059906006,2694
19.551777362823486,2693
19.79509949684143,2692
20.09471583366394,2691
20.125295877456665,2690
20.268961191177368,2689
20.38253426551819,2688
20.38453483581543,2687
20.386594772338867,2686
20.430577516555786,2685
20.558361053466797,2684
20.68538999557495,2683
20.739996910095215,2682
20.74382996559143,2681
20.93967080116272,2680
21.067017316818237,2679
21.166913747787476,2678
21.258294105529785,2677
21.276606798171997,2676
21.28385591506958,2675
21.417741775512695,2674
21.569907903671265,2673
21.68279457092285,2672
21.70257019996643,2671
21.73581075668335,2670
21.765814304351807,2669
21.869606494903564,2668
22.05353307723999,2667
22.205697774887085,2666
22.260772705078125,2665
22.339508295059204,2664
22.389740705490112,2663
22.397827625274658,2662
22.41377830505371,2661
22.632222890853882,2660
22.74093985557556,2659
22.75647282600403,2658
22.900434017181396,2657
23.00922966003418,2656
23.15435242652893,2655
23.19470477104187,2654
23.344123601913452,2653
23.364807844161987,2652
23.41252040863037,2651
23.419053554534912,2650
23.592708826065063,2649
23.615901708602905,2648
23.673502922058105,2647
23.731942415237427,2646
23.81823444366455,2645
23.926939487457275,2644
23.995768070220947,2643
24.054814100265503,2642
24.24815273284912,2641
24.26757311820984,2640
24.28843927383423,2639
24.47792673110962,2638
24.505654096603394,2637
24.971035480499268,2636
25.14389705657959,2635
25.210750579833984,2634
25.399797677993774,2633
25.447665691375732,2632
25.756098985671997,2631
25.923850774765015,2630
26.195357084274292,2629
26.269943237304688,2628
26.29276943206787,2627
26.31624674797058,2626
26.355358839035034,2625
26.41128182411194,2624
26.70390009880066,2623
26.85611343383789,2622
27.0280818939209,2621
27.1890230178833,2620
27.255516529083252,2619
27.268736600875854,2618
27.303648948669434,2617
27.392563819885254,2616
27.44256353378296,2615
27.516424417495728,2614
27.52782654762268,2613
27.755736112594604,2612
27.82687735557556,2611
27.841733932495117,2610
28.150816917419434,2609
28.201223134994507,2608
28.24826955795288,2607
29.203523635864258,2606
29.380533695220947,2605
29.609017372131348,2604
29.930690050125122,2603
30.027511596679688,2602
30.048360109329224,2601
30.062016010284424,2600
30.115000009536743,2599
30.273908615112305,2598
30.286911725997925,2597
30.293007612228394,2596
30.726481437683105,2595
31.287883281707764,2594
32.347426414489746,2593
33.99409079551697,2592
34.888970375061035,2591
35.77658414840698,2590
35.93480968475342,2589
36.1844687461853,2588
36.740419149398804,2587
37.36799383163452,2586
38.96630787849426,2585
39.11737394332886,2584
40.1461865901947,2583
40.42546367645264,2582
41.166553020477295,2581
41.39426803588867,2580
41.65019607543945,2579
41.9021430015564,2578
45.565139293670654,2577
45.8008496761322,2576
46.070266008377075,2575
56.77486181259155,2574
58.39107322692871,2573
