0.07865786552429199,3159
0.10423588752746582,3158
0.12960505485534668,3157
0.1559157371520996,3156
0.18136978149414062,3155
0.20683908462524414,3154
0.23252201080322266,3153
0.2583332061767578,3152
0.2838268280029297,3151
0.3093092441558838,3150
0.3350353240966797,3149
0.36072874069213867,3148
0.38666629791259766,3147
0.4118635654449463,3146
0.43759727478027344,3145
0.46385836601257324,3144
0.48957133293151855,3143
0.5145471096038818,3142
0.5400261878967285,3141
0.5656635761260986,3140
0.5909276008605957,3139
0.6162242889404297,3138
0.6420783996582031,3137
0.6677389144897461,3136
0.693340539932251,3135
0.7188606262207031,3134
0.7448415756225586,3133
0.7699546813964844,3132
0.7955644130706787,3131
0.8209011554718018,3130
0.8468973636627197,3129
0.8718419075012207,3128
0.8981344699859619,3127
0.9240314960479736,3126
0.949951171875,3125
0.9756748676300049,3124
1.0008869171142578,3123
1.0268700122833252,3122
1.052473783493042,3121
1.07747483253479,3120
1.1028077602386475,3119
1.128875732421875,3118
1.1546351909637451,3117
1.1796884536743164,3116
1.2050485610961914,3115
1.2308344841003418,3114
1.255979061126709,3113
1.281029462814331,3112
1.3060166835784912,3111
1.3320279121398926,3110
1.3572983741760254,3109
1.3829100131988525,3108
1.409148931503296,3107
1.4347469806671143,3106
1.4600062370300293,3105
1.4852221012115479,3104
1.5109827518463135,3103
1.536634922027588,3102
1.561629056930542,3101
1.5870482921600342,3100
1.612581491470337,3099
1.6378567218780518,3098
1.663097620010376,3097
1.688483476638794,3096
1.7140884399414062,3095
1.7394697666168213,3094
1.7644000053405762,3093
1.7897617816925049,3092
1.815544605255127,3091
1.8407065868377686,3090
1.8657112121582031,3089
1.8927934169769287,3088
1.9183752536773682,3087
1.9434826374053955,3086
1.9685020446777344,3085
1.9942259788513184,3084
2.019758701324463,3083
2.0450263023376465,3082
2.070500135421753,3081
2.096518039703369,3080
2.121504783630371,3079
2.1462316513061523,3078
2.171431303024292,3077
2.197046995162964,3076
2.2222211360931396,3075
2.2469444274902344,3074
2.272263526916504,3073
2.297694206237793,3072
2.3225820064544678,3071
2.347562313079834,3070
2.3730952739715576,3069
2.398481845855713,3068
2.4232492446899414,3067
2.4482040405273438,3066
2.4735794067382812,3065
2.4983837604522705,3064
2.523642063140869,3063
2.5485923290252686,3062
2.574563980102539,3061
2.5996172428131104,3060
2.624882459640503,3059
2.650278091430664,3058
2.675750494003296,3057
2.7007524967193604,3056
2.7257328033447266,3055
2.7513184547424316,3054
2.776266574859619,3053
2.8013272285461426,3052
2.8263230323791504,3051
2.8516883850097656,3050
2.8768227100372314,3049
2.902873992919922,3048
2.9279353618621826,3047
2.9533615112304688,3046
2.978428363800049,3045
3.0038459300994873,3044
3.028874158859253,3043
3.0544259548187256,3042
3.079223155975342,3041
3.1041743755340576,3040
3.1295206546783447,3039
3.155294895172119,3038
3.180196523666382,3037
3.2048768997192383,3036
3.2301883697509766,3035
3.255352735519409,3034
3.280139446258545,3033
3.30491304397583,3032
3.3305583000183105,3031
3.356111526489258,3030
3.381030321121216,3029
3.4059810638427734,3028
3.431440830230713,3027
3.456163167953491,3026
3.4807066917419434,3025
3.5058977603912354,3024
3.5311214923858643,3023
3.5555970668792725,3022
3.580976963043213,3021
3.6063413619995117,3020
3.6319732666015625,3019
3.656785488128662,3018
3.6818478107452393,3017
3.70727276802063,3016
3.732097864151001,3015
3.757066011428833,3014
3.781759023666382,3013
3.8070263862609863,3012
3.8322560787200928,3011
3.8568170070648193,3010
3.881657361984253,3009
3.9076952934265137,3008
3.9324536323547363,3007
3.9571642875671387,3006
3.9821834564208984,3005
4.007209777832031,3004
4.031712293624878,3003
4.0562098026275635,3002
4.081619501113892,3001
4.106991291046143,3000
4.131772994995117,2999
4.156759262084961,2998
4.182109594345093,2997
4.207207441329956,2996
4.2317914962768555,2995
4.25668740272522,2994
4.282152891159058,2993
4.306849718093872,2992
4.331891775131226,2991
4.356938362121582,2990
4.382172107696533,2989
4.407136678695679,2988
4.431765079498291,2987
4.456737279891968,2986
4.482422113418579,2985
4.507611274719238,2984
4.532514810562134,2983
4.557459831237793,2982
4.582996845245361,2981
4.607834577560425,2980
4.63229775428772,2979
4.657894849777222,2978
4.682888031005859,2977
4.707719802856445,2976
4.73267126083374,2975
4.7578442096710205,2974
4.783197402954102,2973
4.808153867721558,2972
4.833132743835449,2971
4.858743667602539,2970
4.88381552696228,2969
4.909634590148926,2968
4.934821367263794,2967
4.9601171016693115,2966
4.984770774841309,2965
5.008691310882568,2964
5.032391786575317,2963
5.056432247161865,2962
5.079509496688843,2961
5.103344440460205,2960
5.127980709075928,2959
5.15344500541687,2958
5.178354263305664,2957
5.203182220458984,2956
5.2288618087768555,2955
5.253385066986084,2954
5.278197288513184,2953
5.302906036376953,2952
5.328174352645874,2951
5.352762937545776,2950
5.377694606781006,2949
5.403321743011475,2948
5.428225994110107,2947
5.452566385269165,2946
5.477657794952393,2945
5.50295877456665,2944
5.528257369995117,2943
5.552834987640381,2942
5.57826566696167,2941
5.60285210609436,2940
5.6276936531066895,2939
5.652580738067627,2938
5.677637338638306,2937
5.701985597610474,2936
5.727333307266235,2935
5.75217080116272,2934
5.776887655258179,2933
5.801151514053345,2932
5.826594829559326,2931
5.850871801376343,2930
5.875887155532837,2929
5.901882648468018,2928
5.927048206329346,2927
5.951188087463379,2926
5.97600793838501,2925
6.000922679901123,2924
6.025891065597534,2923
6.0504820346832275,2922
6.075658559799194,2921
6.100279808044434,2920
6.124943971633911,2919
6.149660110473633,2918
6.174732208251953,2917
6.199664115905762,2916
6.224495887756348,2915
6.249414920806885,2914
6.273879289627075,2913
6.2984607219696045,2912
6.323595285415649,2911
6.3482794761657715,2910
6.372699022293091,2909
6.397143840789795,2908
6.422627687454224,2907
6.447080850601196,2906
6.471562623977661,2905
6.496468782424927,2904
6.52134370803833,2903
6.545714378356934,2902
6.570394277572632,2901
6.5950541496276855,2900
6.619559049606323,2899
6.643778562545776,2898
6.668826103210449,2897
6.6931233406066895,2896
6.7176055908203125,2895
6.742757081985474,2894
6.767750978469849,2893
6.792205333709717,2892
6.816932916641235,2891
6.8415844440460205,2890
6.865968942642212,2889
6.891417980194092,2888
6.9165003299713135,2887
6.94101619720459,2886
6.965269088745117,2885
6.99005913734436,2884
7.0146214962005615,2883
7.038624048233032,2882
7.063093423843384,2881
7.087890625,2880
7.111994981765747,2879
7.136398553848267,2878
7.161805868148804,2877
7.186028957366943,2876
7.210529804229736,2875
7.235177993774414,2874
7.2601752281188965,2873
7.284605503082275,2872
7.308849334716797,2871
7.3335864543914795,2870
7.357887029647827,2869
7.382019281387329,2868
7.40693736076355,2867
7.431224584579468,2866
7.455597877502441,2865
7.480115652084351,2864
7.5049920082092285,2863
7.529294729232788,2862
7.553506135940552,2861
7.578409671783447,2860
7.602572679519653,2859
7.62706732749939,2858
7.652244567871094,2857
7.6770594120025635,2856
7.701692581176758,2855
7.726498365402222,2854
7.751264810562134,2853
7.7756898403167725,2852
7.80023455619812,2851
7.825202226638794,2850
7.849514961242676,2849
7.873981237411499,2848
7.899813652038574,2847
7.924577236175537,2846
7.948703050613403,2845
7.9734930992126465,2844
7.99879789352417,2843
8.02305793762207,2842
8.04761004447937,2841
8.072713136672974,2840
8.097158908843994,2839
8.1211256980896,2838
8.145918607711792,2837
8.170891523361206,2836
8.195145606994629,2835
8.219566583633423,2834
8.244654893875122,2833
8.268571376800537,2832
8.292997121810913,2831
8.31749963760376,2830
8.342229127883911,2829
8.366244316101074,2828
8.390572786331177,2827
8.415284633636475,2826
8.43932056427002,2825
8.463680028915405,2824
8.488462686538696,2823
8.512892246246338,2822
8.537044048309326,2821
8.561822414398193,2820
8.58639931678772,2819
8.610443830490112,2818
8.634606838226318,2817
8.659287691116333,2816
8.683779001235962,2815
8.707964658737183,2814
8.732235431671143,2813
8.756586074829102,2812
8.78121042251587,2811
8.80526328086853,2810
8.829822301864624,2809
8.85409951210022,2808
8.878581047058105,2807
8.904165267944336,2806
8.928650140762329,2805
8.953441858291626,2804
8.977963209152222,2803
9.002378940582275,2802
9.026689291000366,2801
9.051330089569092,2800
9.076118230819702,2799
9.100306510925293,2798
9.124926567077637,2797
9.149667263031006,2796
9.174187183380127,2795
9.198122262954712,2794
9.223264455795288,2793
9.248049259185791,2792
9.272363185882568,2791
9.29686951637268,2790
9.321722030639648,2789
9.346442937850952,2788
9.370816469192505,2787
9.395544528961182,2786
9.420879602432251,2785
9.445240020751953,2784
9.469070672988892,2783
9.493614435195923,2782
9.518465280532837,2781
9.542688369750977,2780
9.567535877227783,2779
9.592407941818237,2778
9.617168426513672,2777
9.641555070877075,2776
9.66640019416809,2775
9.690996170043945,2774
9.71572232246399,2773
9.740687608718872,2772
9.765552282333374,2771
9.78986406326294,2770
9.814551830291748,2769
9.839207410812378,2768
9.863148212432861,2767
9.888224840164185,2766
9.913567781448364,2765
9.937788963317871,2764
9.9618821144104,2763
9.986684083938599,2762
10.011698007583618,2761
10.035612106323242,2760
10.058318138122559,2759
10.08241868019104,2758
10.106273174285889,2757
10.128265380859375,2756
10.149791479110718,2755
10.174450874328613,2754
10.198862791061401,2753
10.222704410552979,2752
10.247348070144653,2751
10.271667003631592,2750
10.2961745262146,2749
10.320848941802979,2748
10.34517216682434,2747
10.369813680648804,2746
10.394968748092651,2745
10.419652223587036,2744
10.443901777267456,2743
10.468419075012207,2742
10.493771314620972,2741
10.517729997634888,2740
10.54186487197876,2739
10.566710233688354,2738
10.591373443603516,2737
10.6151864528656,2736
10.639600038528442,2735
10.664876937866211,2734
10.689263582229614,2733
10.71315336227417,2732
10.737486600875854,2731
10.76267695426941,2730
10.78710126876831,2729
10.811019897460938,2728
10.835596799850464,2727
10.860209226608276,2726
10.884313106536865,2725
10.909283638000488,2724
10.933666944503784,2723
10.958279609680176,2722
10.982465982437134,2721
11.006685256958008,2720
11.031144142150879,2719
11.055516719818115,2718
11.079729557037354,2717
11.103596210479736,2716
11.128328084945679,2715
11.15300464630127,2714
11.177810192108154,2713
11.20167589187622,2712
11.226114511489868,2711
11.249886512756348,2710
11.274105787277222,2709
11.2982497215271,2708
11.322758913040161,2707
11.347213745117188,2706
11.371329545974731,2705
11.395572423934937,2704
11.41945195198059,2703
11.444074153900146,2702
11.467642545700073,2701
11.492087364196777,2700
11.516054153442383,2699
11.540537595748901,2698
11.564481496810913,2697
11.588623046875,2696
11.612786769866943,2695
11.63712453842163,2694
11.661085844039917,2693
11.684927701950073,2692
11.709150314331055,2691
11.733697175979614,2690
11.757729053497314,2689
11.781793355941772,2688
11.806275844573975,2687
11.830589532852173,2686
11.854904174804688,2685
11.879037141799927,2684
11.90414047241211,2683
11.928879737854004,2682
11.952918291091919,2681
11.976876974105835,2680
12.001210689544678,2679
12.02562952041626,2678
12.04924201965332,2677
12.073265552520752,2676
12.097867965698242,2675
12.121862649917603,2674
12.145937204360962,2673
12.170186281204224,2672
12.194631814956665,2671
12.218870639801025,2670
12.24288821220398,2669
12.266438722610474,2668
12.290850400924683,2667
12.315083742141724,2666
12.339108228683472,2665
12.362894296646118,2664
12.387095212936401,2663
12.411706447601318,2662
12.43544864654541,2661
12.459463119506836,2660
12.483914136886597,2659
12.508071422576904,2658
12.532130718231201,2657
12.556210279464722,2656
12.580568075180054,2655
12.604641199111938,2654
12.628376245498657,2653
12.651981592178345,2652
12.676244020462036,2651
12.70078992843628,2650
12.724433422088623,2649
12.748361110687256,2648
12.772536754608154,2647
12.796587228775024,2646
12.820270538330078,2645
12.843799352645874,2644
12.86809515953064,2643
12.892723798751831,2642
12.916563987731934,2641
12.940569162368774,2640
12.964444160461426,2639
12.988622903823853,2638
13.01245403289795,2637
13.036607503890991,2636
13.060758352279663,2635
13.084761381149292,2634
13.108557224273682,2633
13.132361888885498,2632
13.156771659851074,2631
13.180487871170044,2630
13.20420217514038,2629
13.228152513504028,2628
13.252463102340698,2627
13.276178359985352,2626
13.299805641174316,2625
13.323251485824585,2624
13.347467184066772,2623
13.371363401412964,2622
13.39509654045105,2621
13.418567895889282,2620
13.442992210388184,2619
13.466990232467651,2618
13.490471124649048,2617
13.514475107192993,2616
13.538740158081055,2615
13.562642574310303,2614
13.586863040924072,2613
13.6105215549469,2612
13.634876728057861,2611
13.658937692642212,2610
13.682410955429077,2609
13.705703496932983,2608
13.730039358139038,2607
13.754106521606445,2606
13.777512550354004,2605
13.80153226852417,2604
13.825775384902954,2603
13.84980821609497,2602
13.87341833114624,2601
13.898213624954224,2600
13.92236852645874,2599
13.946333169937134,2598
13.969761610031128,2597
13.9932222366333,2596
14.017235279083252,2595
14.041125059127808,2594
14.064865827560425,2593
14.088762521743774,2592
14.113466501235962,2591
14.137004375457764,2590
14.160425424575806,2589
14.1842622756958,2588
14.208220720291138,2587
14.232162475585938,2586
14.255920648574829,2585
14.27955150604248,2584
14.303218603134155,2583
14.327284336090088,2582
14.350940704345703,2581
14.374640464782715,2580
14.398663997650146,2579
14.422202110290527,2578
14.445876359939575,2577
14.469704866409302,2576
14.494135618209839,2575
14.517460107803345,2574
14.54086971282959,2573
14.564087629318237,2572
14.588088989257812,2571
14.611835479736328,2570
14.635350465774536,2569
14.658572435379028,2568
14.682839632034302,2567
14.70683240890503,2566
14.730168581008911,2565
14.753795862197876,2564
14.77760934829712,2563
14.801367044448853,2562
14.825297117233276,2561
14.848682880401611,2560
14.87222409248352,2559
14.896997690200806,2558
14.920215845108032,2557
14.943739891052246,2556
14.967621564865112,2555
14.991636037826538,2554
15.014986038208008,2553
15.038619995117188,2552
15.06277060508728,2551
15.086460828781128,2550
15.109885454177856,2549
15.133284091949463,2548
15.157639980316162,2547
15.181971788406372,2546
15.205368995666504,2545
15.22901725769043,2544
15.253203630447388,2543
15.27657151222229,2542
15.298665523529053,2541
15.321490287780762,2540
15.344440698623657,2539
15.366670370101929,2538
15.387884378433228,2537
15.411556959152222,2536
15.43529200553894,2535
15.458839654922485,2534
15.482764720916748,2533
15.506345748901367,2532
15.530442953109741,2531
15.554074048995972,2530
15.577955722808838,2529
15.601433277130127,2528
15.625397682189941,2527
15.649277210235596,2526
15.672816038131714,2525
15.695975542068481,2524
15.719914674758911,2523
15.743924617767334,2522
15.767159938812256,2521
15.7904634475708,2520
15.81456184387207,2519
15.838676691055298,2518
15.862156867980957,2517
15.886329174041748,2516
15.910786151885986,2515
15.935079097747803,2514
15.958398342132568,2513
15.981914043426514,2512
16.006058931350708,2511
16.03001880645752,2510
16.05311346054077,2509
16.076906204223633,2508
16.100441455841064,2507
16.1246395111084,2506
16.148393392562866,2505
16.17198348045349,2504
16.195554733276367,2503
16.219571590423584,2502
16.24325466156006,2501
16.26660966873169,2500
16.29024648666382,2499
16.314229011535645,2498
16.337709188461304,2497
16.361156940460205,2496
16.384793996810913,2495
16.40906047821045,2494
16.432785034179688,2493
16.455883741378784,2492
16.479331731796265,2491
16.50345516204834,2490
16.52695870399475,2489
16.550034999847412,2488
16.573427200317383,2487
16.59689712524414,2486
16.62045454978943,2485
16.643668174743652,2484
16.667433977127075,2483
16.690669298171997,2482
16.71424102783203,2481
16.737690210342407,2480
16.761396169662476,2479
16.784594297409058,2478
16.808085441589355,2477
16.831757307052612,2476
16.855623722076416,2475
16.878961324691772,2474
16.903542041778564,2473
16.92715573310852,2472
16.95079469680786,2471
16.973670959472656,2470
16.997702836990356,2469
17.021153688430786,2468
17.044475078582764,2467
17.067540884017944,2466
17.091315031051636,2465
17.114623308181763,2464
17.137908697128296,2463
17.16204571723938,2462
17.18563747406006,2461
17.209099292755127,2460
17.23232364654541,2459
17.255985498428345,2458
17.279066801071167,2457
17.302377462387085,2456
17.325900316238403,2455
17.349678993225098,2454
17.37313723564148,2453
17.39711904525757,2452
17.42093324661255,2451
17.444573879241943,2450
17.467500686645508,2449
17.491297245025635,2448
17.514798879623413,2447
17.53827452659607,2446
17.561665058135986,2445
17.585222482681274,2444
17.60648012161255,2443
17.629582405090332,2442
17.653083562850952,2441
17.676981925964355,2440
17.700127840042114,2439
17.72336721420288,2438
17.74679160118103,2437
17.77011251449585,2436
17.793357133865356,2435
17.816697597503662,2434
17.840381860733032,2433
17.863547325134277,2432
17.887282848358154,2431
17.9105384349823,2430
17.93412709236145,2429
17.957072973251343,2428
17.9805748462677,2427
18.004467725753784,2426
18.02770209312439,2425
18.05047035217285,2424
18.074041604995728,2423
18.09764075279236,2422
18.121015310287476,2421
18.14467763900757,2420
18.168466806411743,2419
18.191385746002197,2418
18.21458387374878,2417
18.23782753944397,2416
18.260911464691162,2415
18.28403115272522,2414
18.306955099105835,2413
20.33633852005005,2412
