0.07658147811889648,3159
0.10026979446411133,3158
0.12442231178283691,3157
0.15017938613891602,3156
0.17556142807006836,3155
0.20079565048217773,3154
0.22665882110595703,3153
0.2522695064544678,3152
0.27763986587524414,3151
0.30306577682495117,3150
0.328671932220459,3149
0.3542649745941162,3148
0.37943339347839355,3147
0.4049496650695801,3146
0.4301919937133789,3145
0.45570874214172363,3144
0.48114585876464844,3143
0.5064542293548584,3142
0.5317215919494629,3141
0.5573179721832275,3140
0.5829305648803711,3139
0.6080477237701416,3138
0.6330549716949463,3137
0.6581482887268066,3136
0.6828393936157227,3135
0.7064368724822998,3134
0.7305552959442139,3133
0.7558760643005371,3132
0.7797966003417969,3131
0.8029348850250244,3130
0.8264868259429932,3129
0.8517799377441406,3128
0.875258207321167,3127
0.8983545303344727,3126
0.9222729206085205,3125
0.9476277828216553,3124
0.9712519645690918,3123
0.9944705963134766,3122
1.0184438228607178,3121
1.0436134338378906,3120
1.0673909187316895,3119
1.0896646976470947,3118
1.1141397953033447,3117
1.139336347579956,3116
1.1636176109313965,3115
1.1875104904174805,3114
1.2123889923095703,3113
1.2371904850006104,3112
1.2614779472351074,3111
1.2860393524169922,3110
1.3105688095092773,3109
1.335399866104126,3108
1.359579086303711,3107
1.3843722343444824,3106
1.4083964824676514,3105
1.4323670864105225,3104
1.4561195373535156,3103
1.4800291061401367,3102
1.502823829650879,3101
1.5268018245697021,3100
1.5517394542694092,3099
1.5758519172668457,3098
1.6004102230072021,3097
1.6256165504455566,3096
1.6506116390228271,3095
1.6746900081634521,3094
1.6989035606384277,3093
1.7239165306091309,3092
1.7486202716827393,3091
1.7725911140441895,3090
1.7968099117279053,3089
1.8224644660949707,3088
1.8464455604553223,3087
1.8694322109222412,3086
1.8923521041870117,3085
1.9175469875335693,3084
1.9414055347442627,3083
1.9638936519622803,3082
1.9863929748535156,3081
2.011228561401367,3080
2.0351295471191406,3079
2.0586352348327637,3078
2.08210825920105,3077
2.106811761856079,3076
2.1309773921966553,3075
2.1540939807891846,3074
2.1788482666015625,3073
2.203300714492798,3072
2.2278480529785156,3071
2.2517216205596924,3070
2.2767210006713867,3069
2.3017280101776123,3068
2.326848030090332,3067
2.3521525859832764,3066
2.3771493434906006,3065
2.402604341506958,3064
2.428166389465332,3063
2.4538731575012207,3062
2.478800058364868,3061
2.5045270919799805,3060
2.5305354595184326,3059
2.556293249130249,3058
2.581432819366455,3057
2.607339382171631,3056
2.633469820022583,3055
2.6590468883514404,3054
2.68312931060791,3053
2.7080867290496826,3052
2.7333383560180664,3051
2.7572062015533447,3050
2.7805144786834717,3049
2.8047878742218018,3048
2.829853057861328,3047
2.8532629013061523,3046
2.876530647277832,3045
2.900531768798828,3044
2.9256398677825928,3043
2.949293613433838,3042
2.9740865230560303,3041
2.999542474746704,3040
3.025270938873291,3039
3.050323247909546,3038
3.0752429962158203,3037
3.100642681121826,3036
3.12626576423645,3035
3.1513261795043945,3034
3.176314353942871,3033
3.201143980026245,3032
3.225864887237549,3031
3.2501018047332764,3030
3.274087905883789,3029
3.298365831375122,3028
3.3226888179779053,3027
3.3464620113372803,3026
3.3709282875061035,3025
3.3947505950927734,3024
3.419111967086792,3023
3.443124294281006,3022
3.467355728149414,3021
3.490541934967041,3020
3.514540195465088,3019
3.5395514965057373,3018
3.563851833343506,3017
3.5880091190338135,3016
3.6127638816833496,3015
3.6375839710235596,3014
3.661466121673584,3013
3.6855404376983643,3012
3.7102456092834473,3011
3.7343978881835938,3010
3.7554867267608643,3009
3.778498411178589,3008
3.8025028705596924,3007
3.8263304233551025,3006
3.8473029136657715,3005
3.8704137802124023,3004
3.8953771591186523,3003
3.9200990200042725,3002
3.9441773891448975,3001
3.968722105026245,3000
3.9933528900146484,2999
4.018061637878418,2998
4.041822195053101,2997
4.064722537994385,2996
4.089174747467041,2995
4.113717555999756,2994
4.137407302856445,2993
4.160858869552612,2992
4.185197830200195,2991
4.209699392318726,2990
4.233170747756958,2989
4.256016492843628,2988
4.279407739639282,2987
4.3039329051971436,2986
4.326932668685913,2985
4.350605249404907,2984
4.372491121292114,2983
4.396100997924805,2982
4.417565107345581,2981
4.439814567565918,2980
4.46282696723938,2979
4.485516786575317,2978
4.508953332901001,2977
4.530524253845215,2976
4.553942918777466,2975
4.575049877166748,2974
4.598307132720947,2973
4.620066404342651,2972
4.644436597824097,2971
4.668543577194214,2970
4.692057132720947,2969
4.71442723274231,2968
4.7378809452056885,2967
4.760196208953857,2966
4.7835705280303955,2965
4.8068389892578125,2964
4.829665660858154,2963
4.853731155395508,2962
4.87677788734436,2961
4.901357173919678,2960
4.925035238265991,2959
4.949304819107056,2958
4.973725318908691,2957
4.997995138168335,2956
5.022786855697632,2955
5.047236442565918,2954
5.072258472442627,2953
5.0970282554626465,2952
5.121863603591919,2951
5.147052764892578,2950
5.172000885009766,2949
5.197447061538696,2948
5.2227463722229,2947
5.248332738876343,2946
5.273870468139648,2945
5.298746347427368,2944
5.322927236557007,2943
5.346738576889038,2942
5.370751619338989,2941
5.394444465637207,2940
5.418666839599609,2939
5.442264795303345,2938
5.465622186660767,2937
5.489089488983154,2936
5.512445449829102,2935
5.536003112792969,2934
5.560503244400024,2933
5.584836959838867,2932
5.609337091445923,2931
5.6337690353393555,2930
5.657953500747681,2929
5.681711196899414,2928
5.704928159713745,2927
5.728137731552124,2926
5.751378059387207,2925
5.774698734283447,2924
5.797988176345825,2923
5.821204900741577,2922
5.843969345092773,2921
5.866136789321899,2920
5.888758659362793,2919
5.913184881210327,2918
5.937310457229614,2917
5.961647033691406,2916
5.985790967941284,2915
6.010329961776733,2914
6.034098863601685,2913
6.054970979690552,2912
6.075994253158569,2911
6.097645044326782,2910
6.119630336761475,2909
6.141340494155884,2908
6.162067413330078,2907
6.184541702270508,2906
6.2082555294036865,2905
6.232614994049072,2904
6.256863832473755,2903
6.2810914516448975,2902
6.304409980773926,2901
6.3282310962677,2900
6.351609706878662,2899
6.373792886734009,2898
6.396715879440308,2897
6.4203009605407715,2896
6.443817377090454,2895
6.467337131500244,2894
6.490692853927612,2893
6.514083385467529,2892
6.537390947341919,2891
6.560578107833862,2890
6.583531379699707,2889
6.6065449714660645,2888
6.629353284835815,2887
6.6519224643707275,2886
6.674482107162476,2885
6.6969895362854,2884
6.719132423400879,2883
6.7410478591918945,2882
6.762691974639893,2881
6.784581184387207,2880
6.807923078536987,2879
6.831431865692139,2878
6.85274076461792,2877
6.874892950057983,2876
6.898512840270996,2875
6.921263933181763,2874
6.944829702377319,2873
6.9663920402526855,2872
6.988581418991089,2871
7.010932683944702,2870
7.033752202987671,2869
7.056484222412109,2868
7.078911304473877,2867
7.101724863052368,2866
7.124687194824219,2865
7.147979974746704,2864
7.172174692153931,2863
7.195863723754883,2862
7.219587802886963,2861
7.243429899215698,2860
7.267422199249268,2859
7.291395425796509,2858
7.315539598464966,2857
7.339737415313721,2856
7.364037990570068,2855
7.3884596824646,2854
7.41290807723999,2853
7.437529802322388,2852
7.462161302566528,2851
7.486804485321045,2850
7.511900424957275,2849
7.537057161331177,2848
7.561992645263672,2847
7.586694240570068,2846
7.610168933868408,2845
7.6336774826049805,2844
7.6569178104400635,2843
7.6802427768707275,2842
7.703414678573608,2841
7.726762294769287,2840
7.749882936477661,2839
7.773148775100708,2838
7.7962963581085205,2837
7.820297002792358,2836
7.844553470611572,2835
7.868582248687744,2834
7.892741918563843,2833
7.91731333732605,2832
7.9411256313323975,2831
7.964236736297607,2830
7.987406969070435,2829
8.011328220367432,2828
8.034382581710815,2827
8.057374954223633,2826
8.080979347229004,2825
8.104670286178589,2824
8.126593589782715,2823
8.148591995239258,2822
8.173033952713013,2821
8.197255373001099,2820
8.221084833145142,2819
8.244924306869507,2818
8.269252300262451,2817
8.292848587036133,2816
8.313554763793945,2815
8.334240436553955,2814
8.357872724533081,2813
8.380101680755615,2812
8.401859521865845,2811
8.422828435897827,2810
8.44678783416748,2809
8.471052646636963,2808
8.49435567855835,2807
8.518227338790894,2806
8.542874336242676,2805
8.567085266113281,2804
8.590852975845337,2803
8.614969253540039,2802
8.637994289398193,2801
8.661559104919434,2800
8.685747385025024,2799
8.710338354110718,2798
8.734081506729126,2797
8.758567094802856,2796
8.782747030258179,2795
8.806669473648071,2794
8.829404592514038,2793
8.853368043899536,2792
8.87734079360962,2791
8.900287389755249,2790
8.922105312347412,2789
8.945715188980103,2788
8.969650745391846,2787
8.991599082946777,2786
9.013142824172974,2785
9.037129878997803,2784
9.061321020126343,2783
9.083369255065918,2782
9.104854822158813,2781
9.127282619476318,2780
9.15157699584961,2779
9.174065113067627,2778
9.196041584014893,2777
9.219312906265259,2776
9.244251728057861,2775
9.267916202545166,2774
9.29109811782837,2773
9.315157413482666,2772
9.340245723724365,2771
9.364749908447266,2770
9.388464212417603,2769
9.413079500198364,2768
9.438259363174438,2767
9.463231563568115,2766
9.48742413520813,2765
9.512437105178833,2764
9.537593603134155,2763
9.562727928161621,2762
9.587580680847168,2761
9.612894535064697,2760
9.637993097305298,2759
9.663270235061646,2758
9.68871808052063,2757
9.714094161987305,2756
9.73854374885559,2755
9.762604713439941,2754
9.786818981170654,2753
9.81080150604248,2752
9.835115909576416,2751
9.859857082366943,2750
9.884759902954102,2749
9.908519268035889,2748
9.932757377624512,2747
9.957525253295898,2746
9.982481241226196,2745
