0.0026655197143554688,4940
0.004929542541503906,4939
0.007636547088623047,4938
0.009858131408691406,4937
0.011915922164916992,4936
0.013953685760498047,4935
0.015900373458862305,4934
0.017905712127685547,4933
0.01985645294189453,4932
0.021853923797607422,4931
0.023857831954956055,4930
0.025829076766967773,4929
0.027795791625976562,4928
0.029824256896972656,4927
0.031790971755981445,4926
0.03375697135925293,4925
0.03571820259094238,4924
0.03771376609802246,4923
0.039681434631347656,4922
0.041649580001831055,4921
0.04373812675476074,4920
0.045737266540527344,4919
0.04770469665527344,4918
0.04967474937438965,4917
0.05167078971862793,4916
0.05363893508911133,4915
0.055606842041015625,4914
0.05762982368469238,4913
0.05967998504638672,4912
0.061734676361083984,4911
0.0637366771697998,4910
0.065704345703125,4909
0.06766772270202637,4908
0.06963610649108887,4907
0.07161283493041992,4906
0.07359099388122559,4905
0.07559823989868164,4904
0.07757925987243652,4903
0.07960724830627441,4902
0.08279991149902344,4901
0.08486366271972656,4900
0.08682060241699219,4899
0.08877348899841309,4898
0.09073543548583984,4897
0.09466695785522461,4896
0.09679365158081055,4895
0.09875369071960449,4894
0.1007084846496582,4893
0.1026606559753418,4892
0.1046137809753418,4891
0.10657095909118652,4890
0.1085805892944336,4889
0.11057090759277344,4888
0.11255455017089844,4887
0.11451101303100586,4886
0.1165323257446289,4885
0.11853337287902832,4884
0.12054610252380371,4883
0.12250423431396484,4882
0.12448644638061523,4881
0.12644219398498535,4880
0.12844252586364746,4879
0.13071560859680176,4878
0.13272714614868164,4877
0.1347496509552002,4876
0.13679003715515137,4875
0.13874530792236328,4874
0.14069771766662598,4873
0.1426527500152588,4872
0.14460182189941406,4871
0.14658737182617188,4870
0.14853692054748535,4869
0.15113353729248047,4868
0.1536409854888916,4867
0.15589118003845215,4866
0.15822696685791016,4865
0.16070246696472168,4864
0.16307520866394043,4863
0.16539859771728516,4862
0.16750621795654297,4861
0.169647216796875,4860
0.17193293571472168,4859
0.17414426803588867,4858
0.17622041702270508,4857
0.17827892303466797,4856
0.1802818775177002,4855
0.18228602409362793,4854
0.1842494010925293,4853
0.18637299537658691,4852
0.18857860565185547,4851
0.19055628776550293,4850
0.19251465797424316,4849
0.194474458694458,4848
0.19651412963867188,4847
0.19847440719604492,4846
0.2004246711730957,4845
0.20238375663757324,4844
0.20455670356750488,4843
0.20657968521118164,4842
0.20854735374450684,4841
0.2105722427368164,4840
0.2125988006591797,4839
0.21455621719360352,4838
0.2165069580078125,4837
0.21846365928649902,4836
0.22043967247009277,4835
0.2223958969116211,4834
0.22434377670288086,4833
0.2263016700744629,4832
0.22824907302856445,4831
0.23023629188537598,4830
0.23218512535095215,4829
0.2353072166442871,4828
0.23729276657104492,4827
0.23968291282653809,4826
0.24163532257080078,4825
0.2449948787689209,4824
0.24800682067871094,4823
0.2499988079071045,4822
0.2520332336425781,4821
0.25400257110595703,4820
0.2579660415649414,4819
0.25992393493652344,4818
0.261890172958374,4817
0.2638742923736572,4816
0.2658400535583496,4815
0.2677955627441406,4814
0.27147579193115234,4813
0.27343320846557617,4812
0.27539753913879395,4811
0.27785205841064453,4810
0.2798640727996826,4809
0.2818272113800049,4808
0.28382349014282227,4807
0.2857787609100342,4806
0.2885875701904297,4805
0.2905423641204834,4804
0.29262375831604004,4803
0.2947063446044922,4802
0.2967092990875244,4801
0.29866909980773926,4800
0.30063724517822266,4799
0.30264759063720703,4798
0.30469655990600586,4797
0.30664920806884766,4796
0.30861568450927734,4795
0.31057310104370117,4794
0.3126256465911865,4793
0.31458044052124023,4792
0.3165469169616699,4791
0.31853628158569336,4790
0.32056260108947754,4789
0.3225231170654297,4788
0.3245658874511719,4787
0.32651829719543457,4786
0.32853269577026367,4785
0.33072519302368164,4784
0.332747220993042,4783
0.3347346782684326,4782
0.3367307186126709,4781
0.3386855125427246,4780
0.34065961837768555,4779
0.34261178970336914,4778
0.34457921981811523,4777
0.34656453132629395,4776
0.34853315353393555,4775
0.35048985481262207,4774
0.3524610996246338,4773
0.35445141792297363,4772
0.35643863677978516,4771
0.35840606689453125,4770
0.360400915145874,4769
0.3623847961425781,4768
0.364349365234375,4767
0.3663017749786377,4766
0.3682682514190674,4765
0.372178316116333,4764
0.37414073944091797,4763
0.3761107921600342,4762
0.378063440322876,4761
0.3800506591796875,4760
0.38201117515563965,4759
0.3839693069458008,4758
0.3859231472015381,4757
0.3878903388977051,4756
0.3898448944091797,4755
0.3918025493621826,4754
0.3943943977355957,4753
0.39638566970825195,4752
0.39833974838256836,4751
0.4002981185913086,4750
0.4022541046142578,4749
0.40421223640441895,4748
0.40616559982299805,4747
0.4081249237060547,4746
0.4100775718688965,4745
0.41203975677490234,4744
0.41402482986450195,4743
0.4160501956939697,4742
0.4180295467376709,4741
0.41999197006225586,4740
0.4219799041748047,4739
0.42394137382507324,4738
0.42589640617370605,4737
0.4278600215911865,4736
0.4298436641693115,4735
0.4318046569824219,4734
0.4348423480987549,4733
0.43680810928344727,4732
0.43876218795776367,4731
0.44072604179382324,4730
0.44442033767700195,4729
0.4464073181152344,4728
0.4483931064605713,4727
0.4503512382507324,4726
0.452303409576416,4725
0.4542965888977051,4724
0.45624756813049316,4723
0.45821309089660645,4722
0.4601743221282959,4721
0.46214818954467773,4720
0.4641566276550293,4719
0.4661226272583008,4718
0.4680783748626709,4717
0.47051405906677246,4716
0.4725000858306885,4715
0.4745478630065918,4714
0.4765031337738037,4713
0.48125720024108887,4712
0.4832186698913574,4711
0.48520660400390625,4710
0.487166166305542,4709
0.49081897735595703,4708
0.49278903007507324,4707
0.49474310874938965,4706
0.4967367649078369,4705
0.4986903667449951,4704
0.5026071071624756,4703
0.5045781135559082,4702
0.5080046653747559,4701
0.5099701881408691,4700
0.5119509696960449,4699
0.5139760971069336,4698
0.5159304141998291,4697
0.5225043296813965,4696
0.5244991779327393,4695
0.5264570713043213,4694
0.5304210186004639,4693
0.5324246883392334,4692
0.5344259738922119,4691
0.5364644527435303,4690
0.5384261608123779,4689
0.5403871536254883,4688
0.5423486232757568,4687
0.5445356369018555,4686
0.546532154083252,4685
0.5485193729400635,4684
0.5514543056488037,4683
0.5554029941558838,4682
0.5573961734771729,4681
0.559361457824707,4680
0.5613179206848145,4679
0.5633082389831543,4678
0.5652709007263184,4677
0.5672321319580078,4676
0.5691909790039062,4675
0.5711579322814941,4674
0.57537841796875,4673
0.5773441791534424,4672
0.5813333988189697,4671
0.5872416496276855,4670
0.5892312526702881,4669
0.5911970138549805,4668
0.5931589603424072,4667
0.5951223373413086,4666
0.597114086151123,4665
0.5990777015686035,4664
0.6010386943817139,4663
0.6030378341674805,4662
0.6054482460021973,4661
0.6078832149505615,4660
0.6102135181427002,4659
0.6172451972961426,4658
0.6237530708312988,4657
0.6266710758209229,4656
0.6293749809265137,4655
0.6316103935241699,4654
0.6344866752624512,4653
0.6378059387207031,4652
0.6397736072540283,4651
0.6417632102966309,4650
0.6437292098999023,4649
0.6457765102386475,4648
0.6477456092834473,4647
0.6505451202392578,4646
0.6525518894195557,4645
0.6545126438140869,4644
0.6571536064147949,4643
0.6591393947601318,4642
0.6611919403076172,4641
0.6632359027862549,4640
0.665367603302002,4639
0.6673440933227539,4638
0.6693863868713379,4637
0.6713509559631348,4636
0.6742398738861084,4635
0.6771566867828369,4634
0.6791822910308838,4633
0.6812078952789307,4632
0.6832780838012695,4631
0.6854114532470703,4630
0.6875097751617432,4629
0.6915283203125,4628
0.6935336589813232,4627
0.6955456733703613,4626
0.6975874900817871,4625
0.6996026039123535,4624
0.7015962600708008,4623
0.7035646438598633,4622
0.7055344581604004,4621
0.7075066566467285,4620
0.7095303535461426,4619
0.7115035057067871,4618
0.7135002613067627,4617
0.7154726982116699,4616
0.7192926406860352,4615
0.721329927444458,4614
0.723388671875,4613
0.7254564762115479,4612
0.7274315357208252,4611
0.7338213920593262,4610
0.7358171939849854,4609
0.7405083179473877,4608
0.7424976825714111,4607
0.7445087432861328,4606
0.7465231418609619,4605
0.7505447864532471,4604
0.7525670528411865,4603
0.7546634674072266,4602
0.7566490173339844,4601
0.7606773376464844,4600
0.7627615928649902,4599
0.7647478580474854,4598
0.7667369842529297,4597
0.7687168121337891,4596
0.7707059383392334,4595
0.7762947082519531,4594
0.7802882194519043,4593
0.7822701930999756,4592
0.7862691879272461,4591
0.7882554531097412,4590
0.7902393341064453,4589
0.7922284603118896,4588
0.7942068576812744,4587
0.7963418960571289,4586
0.8001961708068848,4585
0.8022749423980713,4584
0.8042986392974854,4583
0.8063240051269531,4582
0.808307409286499,4581
0.8103010654449463,4580
0.8122837543487549,4579
0.8143317699432373,4578
0.8163454532623291,4577
0.8183529376983643,4576
0.8205351829528809,4575
0.8235642910003662,4574
0.826178789138794,4573
0.8281762599945068,4572
0.8302266597747803,4571
0.8322193622589111,4570
0.8342282772064209,4569
0.8362081050872803,4568
0.8387010097503662,4567
0.8411784172058105,4566
0.8458995819091797,4565
0.8478846549987793,4564
0.8498563766479492,4563
0.8518354892730713,4562
0.8538696765899658,4561
0.8559038639068604,4560
0.8618242740631104,4559
0.8638322353363037,4558
0.8658061027526855,4557
0.8677847385406494,4556
0.869758129119873,4555
0.8717379570007324,4554
0.8792915344238281,4553
0.882826566696167,4552
0.8885595798492432,4551
0.8905417919158936,4550
0.8925125598907471,4549
0.8944880962371826,4548
0.8964879512786865,4547
0.9001519680023193,4546
0.9021577835083008,4545
0.904137134552002,4544
0.906111478805542,4543
0.9111292362213135,4542
0.9131460189819336,4541
0.9151184558868408,4540
0.9190590381622314,4539
0.922034502029419,4538
0.9240379333496094,4537
0.9260482788085938,4536
0.9280874729156494,4535
0.9303312301635742,4534
0.9323244094848633,4533
0.9343488216400146,4532
0.9372682571411133,4531
0.939244270324707,4530
0.9412312507629395,4529
0.9431991577148438,4528
0.9469218254089355,4527
0.9489014148712158,4526
0.9509100914001465,4525
0.953559160232544,4524
0.9555411338806152,4523
0.9575159549713135,4522
0.9595146179199219,4521
0.9615001678466797,4520
0.9635307788848877,4519
0.9663035869598389,4518
0.9682908058166504,4517
0.972313642501831,4516
0.9750275611877441,4515
0.9770119190216064,4514
0.9789984226226807,4513
0.9809997081756592,4512
0.9829704761505127,4511
0.984954833984375,4510
0.9903566837310791,4509
0.9923262596130371,4508
0.9978644847869873,4507
1.001819372177124,4506
1.0037994384765625,4505
1.0064842700958252,4504
1.010439395904541,4503
1.013458490371704,4502
1.0154292583465576,4501
1.017416000366211,4500
1.01938796043396,4499
1.0213708877563477,4498
1.0233440399169922,4497
1.026421308517456,4496
1.028407335281372,4495
1.030531883239746,4494
1.0343966484069824,4493
1.0370190143585205,4492
1.0389950275421143,4491
1.0413916110992432,4490
1.0433650016784668,4489
1.047504186630249,4488
1.0543873310089111,4487
1.0563714504241943,4486
1.0583419799804688,4485
1.0603251457214355,4484
1.0632116794586182,4483
1.0652003288269043,4482
1.0671772956848145,4481
1.0691585540771484,4480
1.0711300373077393,4479
1.0731170177459717,4478
1.0786948204040527,4477
1.080704689025879,4476
1.0826847553253174,4475
1.0851261615753174,4474
1.0908880233764648,4473
1.092930793762207,4472
1.095001220703125,4471
1.0985157489776611,4470
1.1005232334136963,4469
1.1025099754333496,4468
1.1044864654541016,4467
1.1064648628234863,4466
1.108445644378662,4465
1.1111671924591064,4464
1.1131784915924072,4463
1.1151683330535889,4462
1.1171796321868896,4461
1.1191668510437012,4460
1.1212100982666016,4459
1.1231915950775146,4458
1.1251990795135498,4457
1.127183437347412,4456
1.1295058727264404,4455
1.131575345993042,4454
1.1353909969329834,4453
1.1374356746673584,4452
1.139418601989746,4451
1.1434316635131836,4450
1.1454753875732422,4449
1.1474804878234863,4448
1.1507205963134766,4447
1.1526997089385986,4446
1.1577239036560059,4445
1.159700632095337,4444
1.164804458618164,4443
1.1667845249176025,4442
1.1687912940979004,4441
1.1717884540557861,4440
1.1738531589508057,4439
1.1758370399475098,4438
1.1778559684753418,4437
1.1798651218414307,4436
1.1818501949310303,4435
1.183825969696045,4434
1.185811996459961,4433
1.1877896785736084,4432
1.1898002624511719,4431
1.193411111831665,4430
1.1953952312469482,4429
1.1974036693572998,4428
1.1993889808654785,4427
1.2033438682556152,4426
1.208791971206665,4425
1.2115530967712402,4424
1.2155461311340332,4423
1.2201926708221436,4422
1.2227692604064941,4421
1.226745367050171,4420
1.230804443359375,4419
1.232799768447876,4418
1.234835147857666,4417
1.2368197441101074,4416
1.2387971878051758,4415
1.2420897483825684,4414
1.2440707683563232,4413
1.247368335723877,4412
1.2493550777435303,4411
1.2521324157714844,4410
1.2541749477386475,4409
1.2561657428741455,4408
1.2581496238708496,4407
1.2601351737976074,4406
1.2621233463287354,4405
1.2645487785339355,4404
1.2665362358093262,4403
1.2703728675842285,4402
1.2727382183074951,4401
1.2747268676757812,4400
1.277186393737793,4399
1.282581090927124,4398
1.2845733165740967,4397
1.286557912826538,4396
1.2885537147521973,4395
1.2917218208312988,4394
1.2983334064483643,4393
1.31050705909729,4392
1.3125197887420654,4391
1.3145091533660889,4390
1.3211052417755127,4389
1.3234829902648926,4388
1.3255598545074463,4387
1.333702802658081,4386
1.337799072265625,4385
1.3397915363311768,4384
1.3434317111968994,4383
1.3454861640930176,4382
1.3475234508514404,4381
1.3495769500732422,4380
1.3515572547912598,4379
1.353546142578125,4378
1.3555660247802734,4377
1.3575704097747803,4376
1.361572504043579,4375
1.3648087978363037,4374
1.3668019771575928,4373
1.3687899112701416,4372
1.3708152770996094,4371
1.3728978633880615,4370
1.3749151229858398,4369
1.3769056797027588,4368
1.3789002895355225,4367
1.3809411525726318,4366
1.385225772857666,4365
1.3891990184783936,4364
1.3911850452423096,4363
1.3938758373260498,4362
1.395888090133667,4361
1.397883653640747,4360
1.3998661041259766,4359
1.4033207893371582,4358
1.4053106307983398,4357
1.4090962409973145,4356
1.4110794067382812,4355
1.4131269454956055,4354
1.4167368412017822,4353
1.4207003116607666,4352
1.422689437866211,4351
1.424673080444336,4350
1.4275963306427002,4349
1.4296388626098633,4348
1.4392621517181396,4347
1.4416720867156982,4346
1.4436562061309814,4345
1.44573974609375,4344
1.4479093551635742,4343
1.4499595165252686,4342
1.454056978225708,4341
1.463425636291504,4340
1.4654157161712646,4339
1.4673917293548584,4338
1.4693801403045654,4337
1.4713599681854248,4336
1.4733479022979736,4335
1.4773664474487305,4334
1.4826960563659668,4333
1.4846758842468262,4332
1.4866619110107422,4331
1.4886422157287598,4330
1.4906246662139893,4329
1.4945828914642334,4328
1.498112678527832,4327
1.5001001358032227,4326
1.5040645599365234,4325
1.5060477256774902,4324
1.5083391666412354,4323
1.510350227355957,4322
1.5123860836029053,4321
1.5151259899139404,4320
1.5171771049499512,4319
1.5191655158996582,4318
1.522345781326294,4317
1.525334119796753,4316
1.5295703411102295,4315
1.5335958003997803,4314
1.5375938415527344,4313
1.539588212966919,4312
1.5436153411865234,4311
1.5456597805023193,4310
1.5482206344604492,4309
1.550208330154419,4308
1.5522010326385498,4307
1.554182529449463,4306
1.5562286376953125,4305
1.5582993030548096,4304
1.5602855682373047,4303
1.5622684955596924,4302
1.5643513202667236,4301
1.566391944885254,4300
1.568382740020752,4299
1.5724868774414062,4298
1.5795104503631592,4297
1.581505537033081,4296
1.5834853649139404,4295
1.585479736328125,4294
1.5874607563018799,4293
1.589453935623169,4292
1.5914366245269775,4291
1.5934295654296875,4290
1.6008026599884033,4289
1.6028220653533936,4288
1.6051037311553955,4287
1.6075003147125244,4286
1.6110470294952393,4285
1.6133215427398682,4284
1.6166887283325195,4283
1.6221096515655518,4282
1.6241021156311035,4281
1.6286697387695312,4280
1.6308395862579346,4279
1.6328423023223877,4278
1.6414787769317627,4277
1.6436355113983154,4276
1.6472818851470947,4275
1.6492736339569092,4274
1.653249740600586,4273
1.657486915588379,4272
1.6614749431610107,4271
1.6648919582366943,4270
1.6669056415557861,4269
1.6689348220825195,4268
1.670945167541504,4267
1.6768898963928223,4266
1.6808829307556152,4265
1.6828749179840088,4264
1.6852152347564697,4263
1.688382625579834,4262
1.6941606998443604,4261
1.6961824893951416,4260
1.7001667022705078,4259
1.7021582126617432,4258
1.7061400413513184,4257
1.7081325054168701,4256
1.7101185321807861,4255
1.712113618850708,4254
1.7150781154632568,4253
1.7171058654785156,4252
1.7219030857086182,4251
1.724564552307129,4250
1.726555347442627,4249
1.7293622493743896,4248
1.7313814163208008,4247
1.7334277629852295,4246
1.7371275424957275,4245
1.7411043643951416,4244
1.7436959743499756,4243
1.7457528114318848,4242
1.750143051147461,4241
1.7533705234527588,4240
1.7604036331176758,4239
1.762425422668457,4238
1.7644271850585938,4237
1.76841402053833,4236
1.77239990234375,4235
1.77579665184021,4234
1.779320240020752,4233
1.781322717666626,4232
1.7853169441223145,4231
1.7873077392578125,4230
1.793860673904419,4229
1.7958838939666748,4228
1.7995860576629639,4227
1.8016085624694824,4226
1.8036062717437744,4225
1.8056142330169678,4224
1.8095967769622803,4223
1.8116142749786377,4222
1.8137478828430176,4221
1.815744161605835,4220
1.8177714347839355,4219
1.8197658061981201,4218
1.8237802982330322,4217
1.8257839679718018,4216
1.8300621509552002,4215
1.8320598602294922,4214
1.834054708480835,4213
1.8360590934753418,4212
1.8380515575408936,4211
1.840047836303711,4210
1.8420543670654297,4209
1.8457140922546387,4208
1.8492326736450195,4207
1.8512346744537354,4206
1.8532249927520752,4205
1.8552272319793701,4204
1.8585243225097656,4203
1.860550880432129,4202
1.8626532554626465,4201
1.8652536869049072,4200
1.8707115650177002,4199
1.8765289783477783,4198
1.8786256313323975,4197
1.881462812423706,4196
1.8838932514190674,4195
1.889857530593872,4194
1.893955945968628,4193
1.8975884914398193,4192
1.9014244079589844,4191
1.9034509658813477,4190
1.9088804721832275,4189
1.9108729362487793,4188
1.9160830974578857,4187
1.918945074081421,4186
1.9220130443572998,4185
1.9240572452545166,4184
1.9287018775939941,4183
1.9334650039672852,4182
1.9375019073486328,4181
1.9394850730895996,4180
1.9415066242218018,4179
1.9435067176818848,4178
1.9462690353393555,4177
1.9501419067382812,4176
1.9552648067474365,4175
1.9595417976379395,4174
1.961564064025879,4173
1.9666521549224854,4172
1.968672513961792,4171
1.970672369003296,4170
1.974470615386963,4169
1.9784495830535889,4168
1.98046875,4167
1.9824457168579102,4166
1.9844348430633545,4165
1.986421823501587,4164
1.988469123840332,4163
1.9905052185058594,4162
1.9924993515014648,4161
1.997473955154419,4160
1.9998843669891357,4159
2.001871347427368,4158
2.003861665725708,4157
2.0058465003967285,4156
2.0087060928344727,4155
2.010678291320801,4154
2.017313241958618,4153
2.0204410552978516,4152
2.0224344730377197,4151
2.0244266986846924,4150
2.0273799896240234,4149
2.031597375869751,4148
2.0335776805877686,4147
2.0372722148895264,4146
2.040313720703125,4145
2.046287775039673,4144
2.0483789443969727,4143
2.0523107051849365,4142
2.05635666847229,4141
2.0583245754241943,4140
2.0622951984405518,4139
2.0692105293273926,4138
2.0726799964904785,4137
2.076218605041504,4136
2.081819772720337,4135
2.088717222213745,4134
2.091428518295288,4133
2.093398332595825,4132
2.10088849067688,4131
2.1049091815948486,4130
2.1112630367279053,4129
2.113285779953003,4128
2.1153388023376465,4127
2.118753671646118,4126
2.1207945346832275,4125
2.130401134490967,4124
2.132452964782715,4123
2.1364853382110596,4122
2.138477087020874,4121
2.143515110015869,4120
2.1454927921295166,4119
2.1475236415863037,4118
2.1495141983032227,4117
2.1514852046966553,4116
2.153481960296631,4115
2.157489538192749,4114
2.1614341735839844,4113
2.1684889793395996,4112
2.17047119140625,4111
2.1725246906280518,4110
2.174576997756958,4109
2.1765987873077393,4108
2.1824185848236084,4107
2.1899502277374268,4106
2.1941123008728027,4105
2.200035333633423,4104
2.2020375728607178,4103
2.2040212154388428,4102
2.2073352336883545,4101
2.2093353271484375,4100
2.2134549617767334,4099
2.216416358947754,4098
2.2183964252471924,4097
2.229849338531494,4096
2.2318994998931885,4095
2.237417697906494,4094
2.2416651248931885,4093
2.2436394691467285,4092
2.246114730834961,4091
2.248194694519043,4090
2.2522318363189697,4089
2.254216432571411,4088
2.256202220916748,4087
2.2617859840393066,4086
2.2657883167266846,4085
2.270179033279419,4084
2.272135019302368,4083
2.275939464569092,4082
2.278046131134033,4081
2.282968044281006,4080
2.289268970489502,4079
2.2912402153015137,4078
2.2932162284851074,4077
2.2968835830688477,4076
2.2990450859069824,4075
2.3011035919189453,4074
2.3045291900634766,4073
2.3082807064056396,4072
2.311755418777466,4071
2.3156023025512695,4070
2.3187201023101807,4069
2.324171304702759,4068
2.329747438430786,4067
2.33178448677063,4066
2.3352174758911133,4065
2.338945150375366,4064
2.3447420597076416,4063
2.348703384399414,4062
2.3519842624664307,4061
2.3561298847198486,4060
2.358128309249878,4059
2.363750696182251,4058
2.3707423210144043,4057
2.3726959228515625,4056
2.3750851154327393,4055
2.377715587615967,4054
2.3797030448913574,4053
2.381655216217041,4052
2.3836240768432617,4051
2.3855955600738525,4050
2.3875510692596436,4049
2.3908138275146484,4048
2.3967792987823486,4047
2.3987464904785156,4046
2.4019010066986084,4045
2.41524338722229,4044
2.419163942337036,4043
2.421114206314087,4042
2.423781156539917,4041
2.425769567489624,4040
2.429654121398926,4039
2.4358201026916504,4038
2.440171957015991,4037
2.444122314453125,4036
2.4501006603240967,4035
2.452084541320801,4034
2.4544193744659424,4033
2.456392526626587,4032
2.4583611488342285,4031
2.4646904468536377,4030
2.4666683673858643,4029
2.4708244800567627,4028
2.4825832843780518,4027
2.4857208728790283,4026
2.4876949787139893,4025
2.48966646194458,4024
2.492597818374634,4023
2.497882604598999,4022
2.503854513168335,4021
2.505829095840454,4020
2.5078248977661133,4019
2.509847402572632,4018
2.515181303024292,4017
2.5171964168548584,4016
2.519162893295288,4015
2.5231363773345947,4014
2.525148391723633,4013
2.5271170139312744,4012
2.5293283462524414,4011
2.536836862564087,4010
2.5388238430023193,4009
2.540799379348755,4008
2.5458285808563232,4007
2.547780752182007,4006
2.5565690994262695,4005
2.5605244636535645,4004
2.5625381469726562,4003
2.564512252807617,4002
2.5665392875671387,4001
2.5690293312072754,4000
2.574639081954956,3999
2.5766351222991943,3998
2.5786166191101074,3997
2.586369514465332,3996
2.5883405208587646,3995
2.5903053283691406,3994
2.594275951385498,3993
2.596374750137329,3992
2.6006600856781006,3991
2.6031391620635986,3990
2.6107594966888428,3989
2.6188721656799316,3988
2.6208581924438477,3987
2.624830722808838,3986
2.6268181800842285,3985
2.6378748416900635,3984
2.6494553089141846,3983
2.651430606842041,3982
2.6554930210113525,3981
2.663161039352417,3980
2.667109489440918,3979
2.6721036434173584,3978
2.6740598678588867,3977
2.678910732269287,3976
2.6833035945892334,3975
2.6853294372558594,3974
2.687342405319214,3973
2.689347743988037,3972
2.694406509399414,3971
2.7012839317321777,3970
2.703265428543091,3969
2.707578659057617,3968
2.711790084838867,3967
2.713789939880371,3966
2.721088171005249,3965
2.7351274490356445,3964
2.737555980682373,3963
2.739508628845215,3962
2.7434630393981934,3961
2.751669406890869,3960
2.755915403366089,3959
2.759441614151001,3958
2.7614212036132812,3957
2.76652193069458,3956
2.773635149002075,3955
2.7755870819091797,3954
2.7845571041107178,3953
2.7894959449768066,3952
2.7914822101593018,3951
2.8024230003356934,3950
2.8085105419158936,3949
2.81050443649292,3948
2.81253981590271,3947
2.8145172595977783,3946
2.818608045578003,3945
2.820713996887207,3944
2.8250863552093506,3943
2.827049970626831,3942
2.830704927444458,3941
2.832697629928589,3940
2.835085391998291,3939
2.8377463817596436,3938
2.8442611694335938,3937
2.8510470390319824,3936
2.8549985885620117,3935
2.8616654872894287,3934
2.8642654418945312,3933
2.866243362426758,3932
2.8721907138824463,3931
2.874225378036499,3930
2.8776698112487793,3929
2.8797712326049805,3928
2.8871562480926514,3927
2.890676975250244,3926
2.8933677673339844,3925
2.89534854888916,3924
2.897327184677124,3923
2.899291515350342,3922
2.9012560844421387,3921
2.9032435417175293,3920
2.906050682067871,3919
2.9138126373291016,3918
2.9191315174102783,3917
2.9211766719818115,3916
2.923154830932617,3915
2.9293277263641357,3914
2.932161808013916,3913
2.9365921020507812,3912
2.9386539459228516,3911
2.9407382011413574,3910
2.9427781105041504,3909
2.94998836517334,3908
2.953941822052002,3907
2.9579217433929443,3906
2.959899425506592,3905
2.966409683227539,3904
2.9684085845947266,3903
2.970390558242798,3902
2.9723687171936035,3901
2.979978561401367,3900
2.9858837127685547,3899
2.9878787994384766,3898
2.9898757934570312,3897
2.9927010536193848,3896
2.9946577548980713,3895
3.000685453414917,3894
3.0044219493865967,3893
3.006411552429199,3892
3.0084030628204346,3891
3.0103838443756104,3890
3.0123744010925293,3889
3.0143845081329346,3888
3.018345832824707,3887
3.0207581520080566,3886
3.026024103164673,3885
3.029752731323242,3884
3.0364718437194824,3883
3.038463592529297,3882
3.0408859252929688,3881
3.043529510498047,3880
3.048691511154175,3879
3.0537753105163574,3878
3.0623416900634766,3877
3.064427137374878,3876
3.06642746925354,3875
3.07366943359375,3874
3.0756609439849854,3873
3.077714204788208,3872
3.07973051071167,3871
3.081719160079956,3870
3.0837204456329346,3869
3.085745096206665,3868
3.0897767543792725,3867
3.0917515754699707,3866
3.095767021179199,3865
3.107797622680664,3864
3.110809087753296,3863
3.112788200378418,3862
3.123185396194458,3861
3.1252529621124268,3860
3.134716033935547,3859
3.1440727710723877,3858
3.1460399627685547,3857
3.1565496921539307,3856
3.158529043197632,3855
3.1637327671051025,3854
3.169036865234375,3853
3.1730504035949707,3852
3.1773030757904053,3851
3.186537265777588,3850
3.188558340072632,3849
3.1958327293395996,3848
3.1978578567504883,3847
3.2066643238067627,3846
3.2086753845214844,3845
3.2120957374572754,3844
3.2162342071533203,3843
3.2181968688964844,3842
3.222149133682251,3841
3.224111318588257,3840
3.2271969318389893,3839
3.2346420288085938,3838
3.2378780841827393,3837
3.2407360076904297,3836
3.2513256072998047,3835
3.253373384475708,3834
3.2554314136505127,3833
3.2588086128234863,3832
3.2672510147094727,3831
3.2769949436187744,3830
3.282287359237671,3829
3.284259796142578,3828
3.286233425140381,3827
3.292050838470459,3826
3.2974233627319336,3825
3.3015990257263184,3824
3.3094143867492676,3823
3.3219473361968994,3822
3.3239259719848633,3821
3.3279716968536377,3820
3.330162525177002,3819
3.3342788219451904,3818
3.342780828475952,3817
3.3448245525360107,3816
3.3488214015960693,3815
3.359020233154297,3814
3.364992141723633,3813
3.371210813522339,3812
3.3865437507629395,3811
3.4011125564575195,3810
3.4132072925567627,3809
3.4187543392181396,3808
3.421743154525757,3807
3.4250173568725586,3806
3.427027702331543,3805
3.4310801029205322,3804
3.4338440895080566,3803
3.4401421546936035,3802
3.4421334266662598,3801
3.4441123008728027,3800
3.4460935592651367,3799
3.448669672012329,3798
3.451946973800659,3797
3.453934669494629,3796
3.457528829574585,3795
3.4595117568969727,3794
3.4722814559936523,3793
3.4743175506591797,3792
3.4806559085845947,3791
3.4873948097229004,3790
3.4945757389068604,3789
3.503601551055908,3788
3.5102827548980713,3787
3.5122745037078857,3786
3.517805814743042,3785
3.5214672088623047,3784
3.5256943702697754,3783
3.5298235416412354,3782
3.539078712463379,3781
3.5445244312286377,3780
3.548030376434326,3779
3.555575370788574,3778
3.5589256286621094,3777
3.561384916305542,3776
3.5647811889648438,3775
3.5681793689727783,3774
3.5709218978881836,3773
3.5747053623199463,3772
3.580739974975586,3771
3.5827512741088867,3770
3.585059881210327,3769
3.588243246078491,3768
3.5941765308380127,3767
3.5962443351745605,3766
3.5982666015625,3765
3.6015818119049072,3764
3.603652000427246,3763
3.605903148651123,3762
3.6079227924346924,3761
3.61175537109375,3760
3.6287682056427,3759
3.637629985809326,3758
3.639608144760132,3757
3.6582589149475098,3756
3.661064624786377,3755
3.6794557571411133,3754
3.6814727783203125,3753
3.6894333362579346,3752
3.6978507041931152,3751
3.7030060291290283,3750
3.705674409866333,3749
3.7096107006073,3748
3.7249653339385986,3747
3.7376608848571777,3746
3.742994546890259,3745
3.7462716102600098,3744
3.752254009246826,3743
3.7551872730255127,3742
3.7622687816619873,3741
3.7664129734039307,3740
3.7720444202423096,3739
3.7923591136932373,3738
3.7968955039978027,3737
3.802248477935791,3736
3.8050615787506104,3735
3.8119125366210938,3734
3.813887357711792,3733
3.817836284637451,3732
3.8212997913360596,3731
3.823615312576294,3730
3.829350471496582,3729
3.8313539028167725,3728
3.8390300273895264,3727
3.8431811332702637,3726
3.853395938873291,3725
3.8553946018218994,3724
3.85744571685791,3723
3.861145257949829,3722
3.8700239658355713,3721
3.876627206802368,3720
3.8878915309906006,3719
3.8947765827178955,3718
3.896826982498169,3717
3.906155824661255,3716
3.918792963027954,3715
3.9231033325195312,3714
3.9285366535186768,3713
3.9484968185424805,3712
3.9544646739959717,3711
3.957704782485962,3710
3.962343692779541,3709
3.96433162689209,3708
3.967074394226074,3707
3.972766876220703,3706
3.975658416748047,3705
3.978898286819458,3704
3.983672857284546,3703
3.98567271232605,3702
3.9876708984375,3701
3.9916367530822754,3700
3.9936726093292236,3699
4.004977226257324,3698
4.011977672576904,3697
4.017094373703003,3696
4.021175384521484,3695
4.026977300643921,3694
4.030242681503296,3693
4.033735752105713,3692
4.042300462722778,3691
4.052281141281128,3690
4.056893587112427,3689
4.058865308761597,3688
4.066803693771362,3687
4.068800210952759,3686
4.0766448974609375,3685
4.080302000045776,3684
4.083149194717407,3683
4.09998345375061,3682
4.102049827575684,3681
4.106622219085693,3680
4.109551668167114,3679
4.11158561706543,3678
4.1185150146484375,3677
4.121064186096191,3676
4.123072385787964,3675
4.125096559524536,3674
4.131453514099121,3673
4.135119915008545,3672
4.142524719238281,3671
4.152513027191162,3670
4.154553174972534,3669
4.156606435775757,3668
4.158597469329834,3667
4.160585641860962,3666
4.162564277648926,3665
4.169338703155518,3664
4.172420501708984,3663
4.174414873123169,3662
4.176406621932983,3661
4.193046808242798,3660
4.196742534637451,3659
4.20327091217041,3658
4.2091240882873535,3657
4.2198545932769775,3656
4.230745315551758,3655
4.234565019607544,3654
4.236552953720093,3653
4.246504545211792,3652
4.263282299041748,3651
4.268913745880127,3650
4.27496862411499,3649
4.277003049850464,3648
4.279059410095215,3647
4.283815145492554,3646
4.285817623138428,3645
4.30049467086792,3644
4.305213689804077,3643
4.312863826751709,3642
4.3148369789123535,3641
4.316843271255493,3640
4.318838596343994,3639
4.321584463119507,3638
4.326350212097168,3637
4.336076021194458,3636
4.338165760040283,3635
4.342525482177734,3634
4.344525337219238,3633
4.359945774078369,3632
4.363915920257568,3631
4.368462562561035,3630
4.375460863113403,3629
4.377469778060913,3628
4.384470224380493,3627
4.388329744338989,3626
4.391149520874023,3625
4.393164396286011,3624
4.397194862365723,3623
4.4001123905181885,3622
4.416313409805298,3621
4.431390285491943,3620
4.450436353683472,3619
4.454486846923828,3618
4.458709478378296,3617
4.460700988769531,3616
4.464461088180542,3615
4.472765684127808,3614
4.486269950866699,3613
4.499394655227661,3612
4.511831045150757,3611
4.516392946243286,3610
4.530759811401367,3609
4.533543586730957,3608
4.537074089050293,3607
4.539064645767212,3606
4.541048049926758,3605
4.543018341064453,3604
4.545016050338745,3603
4.549882173538208,3602
4.551874876022339,3601
4.557693719863892,3600
4.565460443496704,3599
4.569450616836548,3598
4.575627088546753,3597
4.582777738571167,3596
4.584763526916504,3595
4.588376522064209,3594
4.593785762786865,3593
4.595773696899414,3592
4.601677417755127,3591
4.606851100921631,3590
4.619689464569092,3589
4.626187324523926,3588
4.630967617034912,3587
4.6329569816589355,3586
4.634942531585693,3585
4.639260292053223,3584
4.649150848388672,3583
4.653351306915283,3582
4.656035661697388,3581
4.6714301109313965,3580
4.677129745483398,3579
4.684450149536133,3578
4.692627191543579,3577
4.69578218460083,3576
4.697764158248901,3575
4.703815698623657,3574
4.705820083618164,3573
4.707798004150391,3572
4.709784269332886,3571
4.711806058883667,3570
4.715252876281738,3569
4.743865966796875,3568
4.7471394538879395,3567
4.75315523147583,3566
4.755144357681274,3565
4.763747692108154,3564
4.772369146347046,3563
4.776323556900024,3562
4.78597354888916,3561
4.796034574508667,3560
4.800495147705078,3559
4.8227972984313965,3558
4.826839447021484,3557
4.828881025314331,3556
4.860395908355713,3555
4.875510931015015,3554
4.880396842956543,3553
4.882391691207886,3552
4.897214412689209,3551
4.907208442687988,3550
4.9151551723480225,3549
4.918301582336426,3548
4.921819686889648,3547
4.92390251159668,3546
4.926935434341431,3545
4.929188013076782,3544
4.937320709228516,3543
4.941350221633911,3542
4.94832444190979,3541
4.950346231460571,3540
4.9539899826049805,3539
4.959715843200684,3538
4.96375298500061,3537
4.9785051345825195,3536
4.98215913772583,3535
4.987931966781616,3534
4.989943504333496,3533
4.991945505142212,3532
5.018407821655273,3531
5.020425319671631,3530
5.0224292278289795,3529
5.025551080703735,3528
5.032302141189575,3527
5.037173271179199,3526
5.039638042449951,3525
5.047766447067261,3524
5.055514335632324,3523
5.067758321762085,3522
5.07559061050415,3521
5.0821311473846436,3520
5.084130764007568,3519
5.093762397766113,3518
5.101408243179321,3517
5.107181549072266,3516
5.10917854309082,3515
5.111170291900635,3514
5.114928722381592,3513
5.116966962814331,3512
5.125129222869873,3511
5.12723445892334,3510
5.141392230987549,3509
5.147323131561279,3508
5.18355917930603,3507
5.18657374382019,3506
5.192034482955933,3505
5.205036878585815,3504
5.217494249343872,3503
5.221473455429077,3502
5.226602792739868,3501
5.228730201721191,3500
5.235502243041992,3499
5.2558274269104,3498
5.261486768722534,3497
5.2644007205963135,3496
5.2663867473602295,3495
5.268369197845459,3494
5.270338773727417,3493
5.273520231246948,3492
5.277512788772583,3491
5.282197713851929,3490
5.284183979034424,3489
5.286168336868286,3488
5.2881386280059814,3487
5.290141820907593,3486
5.292130708694458,3485
5.296081304550171,3484
5.298105001449585,3483
5.303691864013672,3482
5.307365894317627,3481
5.326056003570557,3480
5.330480337142944,3479
5.332603216171265,3478
5.350454807281494,3477
5.352477550506592,3476
5.360034704208374,3475
5.362084150314331,3474
5.367551326751709,3473
5.369560718536377,3472
5.371532917022705,3471
5.377238750457764,3470
5.383227825164795,3469
5.397188663482666,3468
5.40085768699646,3467
5.409878253936768,3466
5.411849021911621,3465
5.413852214813232,3464
5.421332359313965,3463
5.425644636154175,3462
5.434217691421509,3461
5.44887113571167,3460
5.450875997543335,3459
5.473465442657471,3458
5.485997200012207,3457
5.488494396209717,3456
5.490496873855591,3455
5.492493152618408,3454
5.505711078643799,3453
5.515059471130371,3452
5.525753736495972,3451
5.528577089309692,3450
5.530764579772949,3449
5.542974233627319,3448
5.545044660568237,3447
5.551596641540527,3446
5.55367112159729,3445
5.555773735046387,3444
5.5723958015441895,3443
5.5784828662872314,3442
5.580475091934204,3441
5.583230018615723,3440
5.587646484375,3439
5.602079629898071,3438
5.6156206130981445,3437
5.6176674365997314,3436
5.619743824005127,3435
5.624732494354248,3434
5.633044004440308,3433
5.646897315979004,3432
5.648898601531982,3431
5.654836654663086,3430
5.658094882965088,3429
5.660099506378174,3428
5.676425933837891,3427
5.680424690246582,3426
5.6824140548706055,3425
5.685415506362915,3424
5.687895059585571,3423
5.697764873504639,3422
5.699737310409546,3421
5.7042295932769775,3420
5.711466312408447,3419
5.717069387435913,3418
5.7198052406311035,3417
5.725327253341675,3416
5.729589939117432,3415
5.738964796066284,3414
5.741824150085449,3413
5.7489001750946045,3412
5.752098560333252,3411
5.7541422843933105,3410
5.757250785827637,3409
5.759246826171875,3408
5.764677286148071,3407
5.766667604446411,3406
5.770680904388428,3405
5.772677421569824,3404
5.779486894607544,3403
5.789688348770142,3402
5.793637990951538,3401
5.80284309387207,3400
5.807312488555908,3399
5.809384822845459,3398
5.812663793563843,3397
5.81468391418457,3396
5.827345609664917,3395
5.847850561141968,3394
5.8502538204193115,3393
5.856596231460571,3392
5.8585851192474365,3391
5.860637903213501,3390
5.867648601531982,3389
5.872014284133911,3388
5.876950263977051,3387
5.881131410598755,3386
5.890361309051514,3385
5.8994903564453125,3384
5.909365653991699,3383
5.91135048866272,3382
5.91333794593811,3381
5.918581008911133,3380
5.920659065246582,3379
5.9279561042785645,3378
5.939344167709351,3377
5.941373109817505,3376
5.957555294036865,3375
5.96259069442749,3374
5.964589595794678,3373
5.9728593826293945,3372
5.984531402587891,3371
5.992897033691406,3370
6.0035858154296875,3369
6.027698516845703,3368
6.036870241165161,3367
6.052789926528931,3366
6.054788112640381,3365
6.06190824508667,3364
6.063972234725952,3363
6.068922281265259,3362
6.101564884185791,3361
6.113347053527832,3360
6.116997241973877,3359
6.119003534317017,3358
6.123073577880859,3357
6.140493869781494,3356
6.142826795578003,3355
6.151783227920532,3354
6.15775728225708,3353
6.165187358856201,3352
6.1944899559021,3351
6.196833610534668,3350
6.203439474105835,3349
6.205982446670532,3348
6.218545198440552,3347
6.230807781219482,3346
6.232805490493774,3345
6.23723840713501,3344
6.242874622344971,3343
6.254936456680298,3342
6.2755513191223145,3341
6.277552127838135,3340
6.28254771232605,3339
6.284573793411255,3338
6.28655743598938,3337
6.290779113769531,3336
6.308992624282837,3335
6.347651481628418,3334
6.3516058921813965,3333
6.37104606628418,3332
6.376796245574951,3331
6.381178617477417,3330
6.407526254653931,3329
6.416048526763916,3328
6.41909122467041,3327
6.428136587142944,3326
6.433037519454956,3325
6.44298791885376,3324
6.47466254234314,3323
6.479504346847534,3322
6.492143630981445,3321
6.495199918746948,3320
6.503742456436157,3319
6.515893936157227,3318
6.5233142375946045,3317
6.539508581161499,3316
6.553452968597412,3315
6.564779281616211,3314
6.566790819168091,3313
6.59455132484436,3312
6.598567008972168,3311
6.611871004104614,3310
6.614808082580566,3309
6.628328800201416,3308
6.630331993103027,3307
6.632355213165283,3306
6.6400146484375,3305
6.642014503479004,3304
6.652679204940796,3303
6.654742240905762,3302
6.670248031616211,3301
6.680083751678467,3300
6.687390327453613,3299
6.689408302307129,3298
6.69641637802124,3297
6.700744152069092,3296
6.702802658081055,3295
6.709484577178955,3294
6.711815118789673,3293
6.7275285720825195,3292
6.729796886444092,3291
6.7728424072265625,3290
6.779545545578003,3289
6.781888484954834,3288
6.7860658168792725,3287
6.788142204284668,3286
6.793071985244751,3285
6.810697793960571,3284
6.818344593048096,3283
6.827054500579834,3282
6.839240789413452,3281
6.841349840164185,3280
6.848734617233276,3279
6.86160135269165,3278
6.889999151229858,3277
6.893998146057129,3276
6.89599084854126,3275
6.897974729537964,3274
6.899980545043945,3273
6.906184196472168,3272
6.908189058303833,3271
6.913941860198975,3270
6.919104814529419,3269
6.922280311584473,3268
6.925768136978149,3267
6.931087970733643,3266
6.9543821811676025,3265
6.962420463562012,3264
6.968295574188232,3263
6.98940372467041,3262
6.997070074081421,3261
7.009843111038208,3260
7.018747568130493,3259
7.025639533996582,3258
7.035910367965698,3257
7.049871444702148,3256
7.056527137756348,3255
7.0631935596466064,3254
7.0677947998046875,3253
7.072545289993286,3252
7.095129728317261,3251
7.099605560302734,3250
7.108180999755859,3249
7.1101768016815186,3248
7.118157386779785,3247
7.121873140335083,3246
7.1776182651519775,3245
7.181624889373779,3244
7.199881553649902,3243
7.2034077644348145,3242
7.20670747756958,3241
7.2268805503845215,3240
7.234489440917969,3239
7.257872819900513,3238
7.266772508621216,3237
7.31726598739624,3236
7.319296360015869,3235
7.325540065765381,3234
7.34480881690979,3233
7.3576600551605225,3232
7.363698959350586,3231
7.37810492515564,3230
7.382453680038452,3229
7.384465932846069,3228
7.386469602584839,3227
7.395345687866211,3226
7.40787148475647,3225
7.4371092319488525,3224
7.446554660797119,3223
7.448554039001465,3222
7.455596208572388,3221
7.459575653076172,3220
7.4852776527404785,3219
7.50843358039856,3218
7.5105061531066895,3217
7.518067836761475,3216
7.522796392440796,3215
7.536617755889893,3214
7.549514293670654,3213
7.553865432739258,3212
7.571930170059204,3211
7.573992013931274,3210
7.583065986633301,3209
7.585076332092285,3208
7.61730432510376,3207
7.619341850280762,3206
7.621462345123291,3205
7.625925064086914,3204
7.635132551193237,3203
7.640211820602417,3202
7.647318363189697,3201
7.660837888717651,3200
7.6628546714782715,3199
7.672669410705566,3198
7.676220893859863,3197
7.689580917358398,3196
7.717427015304565,3195
7.7291343212127686,3194
7.733968257904053,3193
7.744392156600952,3192
7.765690326690674,3191
7.792285680770874,3190
7.7952351570129395,3189
7.805454730987549,3188
7.80889368057251,3187
7.826922416687012,3186
7.837442636489868,3185
7.861574649810791,3184
7.866245746612549,3183
7.8828089237213135,3182
7.887397766113281,3181
7.908581495285034,3180
7.916850566864014,3179
7.919696807861328,3178
7.927336692810059,3177
7.9488441944122314,3176
7.958045482635498,3175
7.967877626419067,3174
7.971918344497681,3173
7.973984003067017,3172
7.975987434387207,3171
7.984731435775757,3170
7.988111972808838,3169
7.9909751415252686,3168
8.041776657104492,3167
8.048696041107178,3166
8.0507333278656,3165
8.05810022354126,3164
8.065740585327148,3163
8.068615436553955,3162
8.073740005493164,3161
8.076138734817505,3160
8.082141399383545,3159
8.084145784378052,3158
8.107893466949463,3157
8.11399793624878,3156
8.119763374328613,3155
8.134084701538086,3154
8.145421028137207,3153
8.14741325378418,3152
8.162673473358154,3151
8.186245441436768,3150
8.189098119735718,3149
8.192392349243164,3148
8.197203636169434,3147
8.200391292572021,3146
8.204237937927246,3145
8.207557439804077,3144
8.225682258605957,3143
8.232029676437378,3142
8.249214172363281,3141
8.251210451126099,3140
8.256062984466553,3139
8.259235382080078,3138
8.279733657836914,3137
8.290647506713867,3136
8.307114362716675,3135
8.320512294769287,3134
8.336730718612671,3133
8.343419313430786,3132
8.353084325790405,3131
8.362272262573242,3130
8.385855436325073,3129
8.390007257461548,3128
8.397769689559937,3127
8.399759531021118,3126
8.407631158828735,3125
8.411426544189453,3124
8.417377233505249,3123
8.429732322692871,3122
8.434252262115479,3121
8.45542049407959,3120
8.476783275604248,3119
8.480482578277588,3118
8.482543468475342,3117
8.484570264816284,3116
8.500904560089111,3115
8.506930351257324,3114
8.514047622680664,3113
8.518547296524048,3112
8.52261757850647,3111
8.54788875579834,3110
8.560840606689453,3109
8.569359064102173,3108
8.576313257217407,3107
8.585951328277588,3106
8.591983318328857,3105
8.595707178115845,3104
8.601349592208862,3103
8.64131760597229,3102
8.68580436706543,3101
8.689870119094849,3100
8.7101731300354,3099
8.733702659606934,3098
8.758114099502563,3097
8.782583713531494,3096
8.784621477127075,3095
8.786622762680054,3094
8.803635120391846,3093
8.81072211265564,3092
8.859186172485352,3091
8.861774206161499,3090
8.887689352035522,3089
8.903186798095703,3088
8.90868091583252,3087
8.911595106124878,3086
8.920491218566895,3085
8.958697319030762,3084
8.960734367370605,3083
8.967927932739258,3082
8.982445001602173,3081
9.000939846038818,3080
9.007189989089966,3079
9.03370714187622,3078
9.035703420639038,3077
9.054223537445068,3076
9.062137365341187,3075
9.070770978927612,3074
9.073501586914062,3073
9.079269170761108,3072
9.081274032592773,3071
9.097923994064331,3070
9.107805252075195,3069
9.111746549606323,3068
9.11431884765625,3067
9.125791072845459,3066
9.150832891464233,3065
9.166889190673828,3064
9.170853614807129,3063
9.191314458847046,3062
9.198643684387207,3061
9.200735569000244,3060
9.23403549194336,3059
9.243401765823364,3058
9.252722263336182,3057
9.27035665512085,3056
9.283331632614136,3055
9.299362182617188,3054
9.30337929725647,3053
9.307421445846558,3052
9.337465047836304,3051
9.341920375823975,3050
9.360706567764282,3049
9.391931295394897,3048
9.407968997955322,3047
9.441318988800049,3046
9.456229448318481,3045
9.485475063323975,3044
9.493057012557983,3043
9.496277570724487,3042
9.558011054992676,3041
9.569965600967407,3040
9.575993299484253,3039
9.580662488937378,3038
9.636012315750122,3037
9.648531913757324,3036
9.656588315963745,3035
9.685607433319092,3034
9.687623023986816,3033
9.704678535461426,3032
9.714711666107178,3031
9.722280263900757,3030
9.731138467788696,3029
9.760206937789917,3028
9.770369052886963,3027
9.779094696044922,3026
9.798432350158691,3025
9.814755201339722,3024
9.838666677474976,3023
9.843040943145752,3022
9.845049619674683,3021
9.882143020629883,3020
9.887094259262085,3019
9.89819598197937,3018
9.91222596168518,3017
9.926748275756836,3016
9.931562900543213,3015
9.933593511581421,3014
9.952996492385864,3013
9.97253704071045,3012
9.998037815093994,3011
10.020734071731567,3010
10.026655435562134,3009
10.045239210128784,3008
10.05286717414856,3007
10.055334091186523,3006
10.083389520645142,3005
10.087158679962158,3004
10.10311222076416,3003
10.157040119171143,3002
10.161355018615723,3001
10.197231531143188,3000
10.202735900878906,2999
10.214546203613281,2998
10.247145175933838,2997
10.249267101287842,2996
10.265031576156616,2995
10.274805068969727,2994
10.28571367263794,2993
10.288678407669067,2992
10.292684555053711,2991
10.307157278060913,2990
10.311689376831055,2989
10.337952852249146,2988
10.355542182922363,2987
10.359546184539795,2986
10.361565351486206,2985
10.383070945739746,2984
10.385086059570312,2983
10.420039653778076,2982
10.430857181549072,2981
10.440507650375366,2980
10.446547985076904,2979
10.455459117889404,2978
10.459521055221558,2977
10.491009950637817,2976
10.506535053253174,2975
10.522068738937378,2974
10.530155420303345,2973
10.534239292144775,2972
10.53624963760376,2971
10.563282012939453,2970
10.569491863250732,2969
10.6510009765625,2968
10.673705816268921,2967
10.681513547897339,2966
10.689756155014038,2965
10.70297884941101,2964
10.704978227615356,2963
10.76874852180481,2962
10.77530574798584,2961
10.790374279022217,2960
10.820132970809937,2959
10.836530685424805,2958
10.849256038665771,2957
10.8616464138031,2956
10.868237733840942,2955
10.938847780227661,2954
10.945481300354004,2953
10.95123815536499,2952
10.964943408966064,2951
10.968975067138672,2950
10.975547313690186,2949
10.9986093044281,2948
11.00762152671814,2947
11.025745868682861,2946
11.030620574951172,2945
11.032657623291016,2944
11.058009624481201,2943
11.070723533630371,2942
11.09081745147705,2941
11.104251146316528,2940
11.128139734268188,2939
11.130430221557617,2938
11.13520860671997,2937
11.187579154968262,2936
11.191099166870117,2935
11.243640899658203,2934
11.294780254364014,2933
11.346426725387573,2932
11.390331983566284,2931
11.393950939178467,2930
11.443530082702637,2929
11.490829229354858,2928
11.515701532363892,2927
11.519243001937866,2926
11.528263092041016,2925
11.534224271774292,2924
11.536234617233276,2923
11.573578357696533,2922
11.651580810546875,2921
11.653611421585083,2920
11.662243366241455,2919
11.666516304016113,2918
11.677692174911499,2917
11.679785251617432,2916
11.748226881027222,2915
11.775936365127563,2914
11.796022176742554,2913
11.802778959274292,2912
11.80898380279541,2911
11.82340121269226,2910
11.845688819885254,2909
11.850884199142456,2908
11.878538846969604,2907
11.889328479766846,2906
11.89707636833191,2905
11.909250259399414,2904
11.916908264160156,2903
11.918909072875977,2902
11.973289489746094,2901
12.015196561813354,2900
12.032151937484741,2899
12.179931163787842,2898
12.203922033309937,2897
12.205934286117554,2896
12.210959434509277,2895
12.231496334075928,2894
12.257465362548828,2893
12.267477035522461,2892
12.272083759307861,2891
12.28180193901062,2890
12.300225973129272,2889
12.309612035751343,2888
12.349825143814087,2887
12.35380482673645,2886
12.355835199356079,2885
12.366766452789307,2884
12.374775171279907,2883
12.388017654418945,2882
12.41251802444458,2881
12.459614038467407,2880
12.46805214881897,2879
12.493549108505249,2878
12.510578155517578,2877
12.519860029220581,2876
12.544103860855103,2875
12.550305843353271,2874
12.568883180618286,2873
12.607979536056519,2872
12.718303442001343,2871
12.73595118522644,2870
12.754009246826172,2869
12.817447900772095,2868
12.84454607963562,2867
12.886709213256836,2866
12.966229915618896,2865
13.039039850234985,2864
13.053850173950195,2863
13.096977949142456,2862
13.158994197845459,2861
13.164944171905518,2860
13.201393842697144,2859
13.224706888198853,2858
13.238210201263428,2857
13.2522611618042,2856
13.264925241470337,2855
13.296741247177124,2854
13.323133945465088,2853
13.345796346664429,2852
13.353976964950562,2851
13.374271154403687,2850
13.390619277954102,2849
13.4348304271698,2848
13.451987266540527,2847
13.466320753097534,2846
13.503051996231079,2845
13.540640354156494,2844
13.555768013000488,2843
13.595438718795776,2842
13.623305082321167,2841
13.648361444473267,2840
13.703295946121216,2839
13.712839841842651,2838
13.715799331665039,2837
13.738915920257568,2836
13.79593014717102,2835
13.818645477294922,2834
13.832873821258545,2833
13.866572380065918,2832
13.873143672943115,2831
13.936004638671875,2830
14.004356622695923,2829
14.010404109954834,2828
14.019111633300781,2827
14.030989646911621,2826
14.076887607574463,2825
14.107146501541138,2824
14.147515535354614,2823
14.169718503952026,2822
14.171752452850342,2821
14.18471360206604,2820
14.224140167236328,2819
14.230061769485474,2818
14.265907526016235,2817
14.360300779342651,2816
14.40479564666748,2815
14.406820297241211,2814
14.501119136810303,2813
14.526566982269287,2812
14.53478741645813,2811
14.542533874511719,2810
14.580796003341675,2809
14.623018026351929,2808
14.625020980834961,2807
14.629748106002808,2806
14.668303966522217,2805
14.673231601715088,2804
14.74525499343872,2803
14.762436389923096,2802
14.787471055984497,2801
14.813070297241211,2800
14.820966482162476,2799
14.891272783279419,2798
14.963547945022583,2797
15.023163795471191,2796
15.027272939682007,2795
15.07459020614624,2794
15.101494073867798,2793
15.111243486404419,2792
15.136550903320312,2791
15.191543817520142,2790
15.21742558479309,2789
15.223605632781982,2788
15.239598751068115,2787
15.241700649261475,2786
15.295297622680664,2785
15.302572011947632,2784
15.32744574546814,2783
15.348836421966553,2782
15.384511709213257,2781
15.407915592193604,2780
15.441170930862427,2779
15.444434404373169,2778
15.491329193115234,2777
15.569199562072754,2776
15.645179748535156,2775
15.676969528198242,2774
15.68698239326477,2773
15.721227407455444,2772
15.732733249664307,2771
15.773721933364868,2770
15.797407388687134,2769
15.996132612228394,2768
16.034286499023438,2767
16.089646339416504,2766
16.14269518852234,2765
16.196892738342285,2764
16.256483554840088,2763
16.258511066436768,2762
16.27064323425293,2761
16.29306197166443,2760
16.371267080307007,2759
16.39692759513855,2758
16.4364755153656,2757
16.479824542999268,2756
16.50824522972107,2755
16.52601432800293,2754
16.533983945846558,2753
16.55347967147827,2752
16.566720485687256,2751
16.595736980438232,2750
16.702542066574097,2749
16.75934672355652,2748
16.763875484466553,2747
16.783785820007324,2746
16.785796880722046,2745
16.853660106658936,2744
16.986035108566284,2743
17.0083270072937,2742
17.097652435302734,2741
17.110292196273804,2740
17.127803564071655,2739
17.16484045982361,2738
17.223248720169067,2737
17.25170063972473,2736
17.35937237739563,2735
17.442973136901855,2734
17.444997787475586,2733
17.457276582717896,2732
17.513768911361694,2731
17.51585578918457,2730
17.552091598510742,2729
17.569913148880005,2728
17.58981227874756,2727
17.613206386566162,2726
17.621155977249146,2725
17.63807702064514,2724
17.66540837287903,2723
17.700398921966553,2722
17.70864200592041,2721
17.751622915267944,2720
17.860090970993042,2719
17.896840572357178,2718
17.99677085876465,2717
18.0332453250885,2716
18.053707122802734,2715
18.093316078186035,2714
18.0975501537323,2713
18.141247987747192,2712
18.16708254814148,2711
18.180914640426636,2710
18.202895164489746,2709
18.3008451461792,2708
18.460541009902954,2707
18.519668102264404,2706
18.53302812576294,2705
18.54430913925171,2704
18.65275502204895,2703
18.66088056564331,2702
18.72260355949402,2701
18.750959396362305,2700
18.754987239837646,2699
18.92520022392273,2698
19.026127576828003,2697
19.171706199645996,2696
19.598393201828003,2695
19.64565873146057,2694
19.745269298553467,2693
19.990856647491455,2692
20.292717456817627,2691
20.32357668876648,2690
20.46740174293518,2689
20.582184076309204,2688
20.584219932556152,2687
20.58632779121399,2686
20.63226294517517,2685
20.761194229125977,2684
20.889434099197388,2683
20.944725036621094,2682
20.94857120513916,2681
21.147350072860718,2680
21.275334119796753,2679
21.37661910057068,2678
21.46800136566162,2677
21.486212968826294,2676
21.493459224700928,2675
21.628371477127075,2674
21.78211784362793,2673
21.895869493484497,2672
21.915558576583862,2671
21.94933533668518,2670
21.979848623275757,2669
22.08620309829712,2668
22.272079944610596,2667
22.425697803497314,2666
22.480406522750854,2665
22.560138702392578,2664
22.61051654815674,2663
22.618599891662598,2662
22.63467812538147,2661
22.853118181228638,2660
22.96235704421997,2659
22.977874994277954,2658
23.123201847076416,2657
23.233198881149292,2656
23.381309032440186,2655
23.42214846611023,2654
23.57253360748291,2653
23.59317421913147,2652
23.64142107963562,2651
23.647999048233032,2650
23.823047161102295,2649
23.84665584564209,2648
23.905097246170044,2647
23.964695692062378,2646
24.051356315612793,2645
24.161896467208862,2644
24.23116898536682,2643
24.29037094116211,2642
24.48475456237793,2641
24.504170417785645,2640
24.525195360183716,2639
24.71752667427063,2638
24.744745016098022,2637
25.217605113983154,2636
25.392622232437134,2635
25.459497928619385,2634
25.65229105949402,2633
25.700034856796265,2632
26.011565685272217,2631
26.180917263031006,2630
26.453850746154785,2629
26.528055667877197,2628
26.55139183998108,2627
26.57484197616577,2626
26.61426091194153,2625
26.6706862449646,2624
26.96669316291809,2623
27.119428396224976,2622
27.29264235496521,2621
27.453211545944214,2620
27.5200297832489,2619
27.533788204193115,2618
27.568902015686035,2617
27.6584792137146,2616
27.708409547805786,2615
27.781774044036865,2614
27.793043613433838,2613
28.023211002349854,2612
28.0949444770813,2611
28.11010241508484,2610
28.423988342285156,2609
28.4745192527771,2608
28.52167797088623,2607
29.483664989471436,2606
29.661080360412598,2605
29.891951084136963,2604
30.214689254760742,2603
30.312586307525635,2602
30.33375096321106,2601
30.347493171691895,2600
30.40087890625,2599
30.561400175094604,2598
30.57420253753662,2597
30.580307006835938,2596
31.021243810653687,2595
31.584977626800537,2594
32.65337824821472,2593
34.317527294158936,2592
35.22037172317505,2591
36.121792793273926,2590
36.282063245773315,2589
36.532849073410034,2588
37.09210801124573,2587
37.72718858718872,2586
39.33647656440735,2585
39.488285779953,2584
40.52525591850281,2583
40.809491872787476,2582
41.55440711975098,2581
41.783294677734375,2580
42.04172611236572,2579
42.29567575454712,2578
45.979010343551636,2577
46.21727538108826,2576
46.48800563812256,2575
57.29215955734253,2574
58.92386984825134,2573
