0.0045430660247802734,4940
0.009482860565185547,4939
0.013939142227172852,4938
0.018373966217041016,4937
0.022973060607910156,4936
0.02809000015258789,4935
0.03268694877624512,4934
0.03732490539550781,4933
0.04171609878540039,4932
0.04601001739501953,4931
0.050299882888793945,4930
0.0549159049987793,4929
0.059181928634643555,4928
0.06341791152954102,4927
0.06755399703979492,4926
0.07192778587341309,4925
0.07631587982177734,4924
0.0807499885559082,4923
0.08535408973693848,4922
0.08969783782958984,4921
0.09395694732666016,4920
0.09801101684570312,4919
0.10208010673522949,4918
0.10691285133361816,4917
0.11147403717041016,4916
0.11580801010131836,4915
0.12011408805847168,4914
0.12447404861450195,4913
0.1286790370941162,4912
0.1328270435333252,4911
0.13721990585327148,4910
0.14185690879821777,4909
0.14632582664489746,4908
0.15066194534301758,4907
0.15541696548461914,4906
0.15974998474121094,4905
0.1639699935913086,4904
0.1680309772491455,4903
0.17271208763122559,4902
0.17966985702514648,4901
0.18377685546875,4900
0.18835902214050293,4899
0.1927189826965332,4898
0.19692182540893555,4897
0.20591187477111816,4896
0.21036982536315918,4895
0.2146320343017578,4894
0.21894192695617676,4893
0.22321176528930664,4892
0.22751402854919434,4891
0.23201298713684082,4890
0.23655104637145996,4889
0.2410578727722168,4888
0.24538612365722656,4887
0.24936509132385254,4886
0.25327181816101074,4885
0.25705599784851074,4884
0.26070690155029297,4883
0.26433587074279785,4882
0.268021821975708,4881
0.27199602127075195,4880
0.2758769989013672,4879
0.2795679569244385,4878
0.2832019329071045,4877
0.28674793243408203,4876
0.2900209426879883,4875
0.29306983947753906,4874
0.2960798740386963,4873
0.2990870475769043,4872
0.3022480010986328,4871
0.3058178424835205,4870
0.30913400650024414,4869
0.31289005279541016,4868
0.3160438537597656,4867
0.31940388679504395,4866
0.32277584075927734,4865
0.32648396492004395,4864
0.3302140235900879,4863
0.3338608741760254,4862
0.337191104888916,4861
0.3403348922729492,4860
0.34339380264282227,4859
0.3465590476989746,4858
0.34967517852783203,4857
0.3528859615325928,4856
0.3561530113220215,4855
0.3594520092010498,4854
0.3627889156341553,4853
0.3663489818572998,4852
0.36975812911987305,4851
0.37354612350463867,4850
0.3777499198913574,4849
0.3813138008117676,4848
0.3851611614227295,4847
0.3894360065460205,4846
0.3938918113708496,4845
0.3979470729827881,4844
0.4019200801849365,4843
0.40575289726257324,4842
0.4094679355621338,4841
0.4132058620452881,4840
0.41692185401916504,4839
0.4206209182739258,4838
0.4243659973144531,4837
0.427919864654541,4836
0.43114495277404785,4835
0.43418407440185547,4834
0.43726396560668945,4833
0.440263032913208,4832
0.44339585304260254,4831
0.4465188980102539,4830
0.4496798515319824,4829
0.4551680088043213,4828
0.4586169719696045,4827
0.4627537727355957,4826
0.4661400318145752,4825
0.4720759391784668,4824
0.47731995582580566,4823
0.48078393936157227,4822
0.484238862991333,4821
0.4876210689544678,4820
0.4944767951965332,4819
0.49788880348205566,4818
0.5013778209686279,4817
0.5048868656158447,4816
0.5083520412445068,4815
0.5118618011474609,4814
0.518517017364502,4813
0.5221867561340332,4812
0.5259017944335938,4811
0.5307097434997559,4810
0.5341870784759521,4809
0.5380339622497559,4808
0.5419888496398926,4807
0.5459499359130859,4806
0.5516481399536133,4805
0.5556249618530273,4804
0.5595700740814209,4803
0.5635480880737305,4802
0.567486047744751,4801
0.571519136428833,4800
0.5757169723510742,4799
0.579658031463623,4798
0.5835599899291992,4797
0.5877699851989746,4796
0.5917751789093018,4795
0.5957620143890381,4794
0.5997519493103027,4793
0.6038880348205566,4792
0.6080029010772705,4791
0.6120438575744629,4790
0.6160049438476562,4789
0.6202130317687988,4788
0.6245889663696289,4787
0.628727912902832,4786
0.6326949596405029,4785
0.6368839740753174,4784
0.6410441398620605,4783
0.6449828147888184,4782
0.6488509178161621,4781
0.6529250144958496,4780
0.6569759845733643,4779
0.6608710289001465,4778
0.6646931171417236,4777
0.6686081886291504,4776
0.6727168560028076,4775
0.6766009330749512,4774
0.6803739070892334,4773
0.6842677593231201,4772
0.6882529258728027,4771
0.6921229362487793,4770
0.6958768367767334,4769
0.6996760368347168,4768
0.7036728858947754,4767
0.707744836807251,4766
0.7119460105895996,4765
0.7201948165893555,4764
0.7243649959564209,4763
0.7285089492797852,4762
0.7324349880218506,4761
0.7366170883178711,4760
0.7408509254455566,4759
0.7448668479919434,4758
0.7486519813537598,4757
0.7527320384979248,4756
0.7566699981689453,4755
0.7605221271514893,4754
0.7654728889465332,4753
0.7695419788360596,4752
0.7734837532043457,4751
0.7773439884185791,4750
0.7811629772186279,4749
0.7852189540863037,4748
0.7891700267791748,4747
0.7930078506469727,4746
0.7967009544372559,4745
0.800382137298584,4744
0.8043410778045654,4743
0.8082129955291748,4742
0.811957836151123,4741
0.8158748149871826,4740
0.8201770782470703,4739
0.8241739273071289,4738
0.8281087875366211,4737
0.8319880962371826,4736
0.8359367847442627,4735
0.8399899005889893,4734
0.8460009098052979,4733
0.8497519493103027,4732
0.8538358211517334,4731
0.8579070568084717,4730
0.8652398586273193,4729
0.8693959712982178,4728
0.8733458518981934,4727
0.8772177696228027,4726
0.8809859752655029,4725
0.8849070072174072,4724
0.8888609409332275,4723
0.8927059173583984,4722
0.8963558673858643,4721
0.8998899459838867,4720
0.9037480354309082,4719
0.9075107574462891,4718
0.9112217426300049,4717
0.9158849716186523,4716
0.919827938079834,4715
0.9237270355224609,4714
0.9274451732635498,4713
0.9357039928436279,4712
0.9391660690307617,4711
0.9427449703216553,4710
0.9459259510040283,4709
0.951744794845581,4708
0.9552521705627441,4707
0.9584448337554932,4706
0.9614949226379395,4705
0.9647479057312012,4704
0.9718937873840332,4703
0.9755830764770508,4702
0.9810588359832764,4701
0.9842720031738281,4700
0.987684965133667,4699
0.9911520481109619,4698
0.9946279525756836,4697
1.0048558712005615,4696
1.0080299377441406,4695
1.0110161304473877,4694
1.0170199871063232,4693
1.0203590393066406,4692
1.0235919952392578,4691
1.0266451835632324,4690
1.02970290184021,4689
1.0327341556549072,4688
1.036099910736084,4687
1.039289951324463,4686
1.042389154434204,4685
1.0453248023986816,4684
1.0496189594268799,4683
1.056365966796875,4682
1.0598080158233643,4681
1.0629620552062988,4680
1.0660970211029053,4679
1.0693919658660889,4678
1.072638988494873,4677
1.0757720470428467,4676
1.078779935836792,4675
1.0818159580230713,4674
1.088836908340454,4673
1.091925859451294,4672
1.0979030132293701,4671
1.1081130504608154,4670
1.1115729808807373,4669
1.1152689456939697,4668
1.119055986404419,4667
1.122891902923584,4666
1.1267578601837158,4665
1.1304950714111328,4664
1.134187936782837,4663
1.1381120681762695,4662
1.1420848369598389,4661
1.1459619998931885,4660
1.1496851444244385,4659
1.1619369983673096,4658
1.1734659671783447,4657
1.1775360107421875,4656
1.1814837455749512,4655
1.1858057975769043,4654
1.1913819313049316,4653
1.197700023651123,4652
1.2015249729156494,4651
1.2054369449615479,4650
1.2092740535736084,4649
1.2129759788513184,4648
1.2166240215301514,4647
1.222053050994873,4646
1.2259900569915771,4645
1.229733943939209,4644
1.234576940536499,4643
1.238368034362793,4642
1.2421741485595703,4641
1.2455389499664307,4640
1.2486298084259033,4639
1.251715898513794,4638
1.255007028579712,4637
1.2581851482391357,4636
1.2625129222869873,4635
1.2669651508331299,4634
1.270392894744873,4633
1.2737140655517578,4632
1.2768139839172363,4631
1.2798309326171875,4630
1.2828261852264404,4629
1.28957200050354,4628
1.292693853378296,4627
1.295699119567871,4626
1.2986829280853271,4625
1.3021879196166992,4624
1.3053951263427734,4623
1.3085110187530518,4622
1.3115301132202148,4621
1.314530849456787,4620
1.3175969123840332,4619
1.3211579322814941,4618
1.3243989944458008,4617
1.3274660110473633,4616
1.3333520889282227,4615
1.3370888233184814,4614
1.3403279781341553,4613
1.3434419631958008,4612
1.3464479446411133,4611
1.3562331199645996,4610
1.3593440055847168,4609
1.3664889335632324,4608
1.3701679706573486,4607
1.373514175415039,4606
1.3767387866973877,4605
1.3827118873596191,4604
1.3861091136932373,4603
1.3896598815917969,4602
1.3931899070739746,4601
1.400259017944336,4600
1.403770923614502,4599
1.4072778224945068,4598
1.4104058742523193,4597
1.4134490489959717,4596
1.4164588451385498,4595
1.4252879619598389,4594
1.4312939643859863,4593
1.434372901916504,4592
1.4406170845031738,4591
1.4436588287353516,4590
1.4466629028320312,4589
1.4496278762817383,4588
1.4539470672607422,4587
1.4572949409484863,4586
1.4639019966125488,4585
1.4674980640411377,4584
1.4710800647735596,4583
1.4743239879608154,4582
1.4773058891296387,4581
1.4802861213684082,4580
1.4832639694213867,4579
1.4864380359649658,4578
1.4895048141479492,4577
1.492509126663208,4576
1.4954628944396973,4575
1.4998538494110107,4574
1.5036289691925049,4573
1.5066540241241455,4572
1.5096240043640137,4571
1.5125799179077148,4570
1.51556396484375,4569
1.5187947750091553,4568
1.5228960514068604,4567
1.5267610549926758,4566
1.5339229106903076,4565
1.537322998046875,4564
1.5405409336090088,4563
1.543595790863037,4562
1.5466148853302002,4561
1.5496258735656738,4560
1.5588397979736328,4559
1.5618679523468018,4558
1.5649118423461914,4557
1.568000078201294,4556
1.5713508129119873,4555
1.574582815170288,4554
1.585447072982788,4553
1.5905189514160156,4552
1.5988681316375732,4551
1.6020359992980957,4550
1.6051621437072754,4549
1.608262062072754,4548
1.6112709045410156,4547
1.616623878479004,4546
1.6196110248565674,4545
1.6227500438690186,4544
1.6257927417755127,4543
1.6335468292236328,4542
1.6365768909454346,4541
1.6396629810333252,4540
1.645339012145996,4539
1.649487018585205,4538
1.652806043624878,4537
1.6560769081115723,4536
1.659104824066162,4535
1.6620728969573975,4534
1.6650488376617432,4533
1.6680259704589844,4532
1.672253131866455,4531
1.6751909255981445,4530
1.6781489849090576,4529
1.6811118125915527,4528
1.6866579055786133,4527
1.6896798610687256,4526
1.692784070968628,4525
1.6967871189117432,4524
1.6998889446258545,4523
1.703023910522461,4522
1.7061970233917236,4521
1.7093520164489746,4520
1.712522029876709,4519
1.7169559001922607,4518
1.7201828956604004,4517
1.7265870571136475,4516
1.7307898998260498,4515
1.7339890003204346,4514
1.737184762954712,4513
1.7403831481933594,4512
1.7435731887817383,4511
1.7467410564422607,4510
1.7554798126220703,4509
1.7586979866027832,4508
1.7677230834960938,4507
1.7741849422454834,4506
1.7774229049682617,4505
1.7817449569702148,4504
1.7885708808898926,4503
1.7932279109954834,4502
1.7962510585784912,4501
1.7993700504302979,4500
1.8024370670318604,4499
1.8054847717285156,4498
1.8085238933563232,4497
1.813141107559204,4496
1.8161370754241943,4495
1.8191609382629395,4494
1.8247740268707275,4493
1.8286418914794922,4492
1.831697940826416,4491
1.8355138301849365,4490
1.8386290073394775,4489
1.8446438312530518,4488
1.8550949096679688,4487
1.858102798461914,4486
1.8611268997192383,4485
1.8641901016235352,4484
1.8686659336090088,4483
1.8718628883361816,4482
1.875074863433838,4481
1.8782720565795898,4480
1.8814480304718018,4479
1.8846869468688965,4478
1.8940980434417725,4477
1.8973619937896729,4476
1.900622844696045,4475
1.9047057628631592,4474
1.9133567810058594,4473
1.9164581298828125,4472
1.9200327396392822,4471
1.9256458282470703,4470
1.9293270111083984,4469
1.9333629608154297,4468
1.9377460479736328,4467
1.9420499801635742,4466
1.9462990760803223,4465
1.9521629810333252,4464
1.9568400382995605,4463
1.9614269733428955,4462
1.9659337997436523,4461
1.971181869506836,4460
1.977877140045166,4459
1.9842760562896729,4458
1.9886291027069092,4457
1.9930598735809326,4456
1.9974968433380127,4455
2.0019638538360596,4454
2.0097639560699463,4453
2.013853073120117,4452
2.0179200172424316,4451
2.0266520977020264,4450
2.030794858932495,4449
2.0349578857421875,4448
2.0413808822631836,4447
2.045153856277466,4446
2.0548739433288574,4445
2.058743953704834,4444
2.0681817531585693,4443
2.0721828937530518,4442
2.0762078762054443,4441
2.0818960666656494,4440
2.085792064666748,4439
2.089607000350952,4438
2.0933640003204346,4437
2.0969958305358887,4436
2.1003079414367676,4435
2.103688955307007,4434
2.106933832168579,4433
2.1100387573242188,4432
2.1130449771881104,4431
2.1188008785247803,4430
2.12192702293396,4429
2.124974012374878,4428
2.1280019283294678,4427
2.133949041366577,4426
2.1422948837280273,4425
2.1464200019836426,4424
2.152733087539673,4423
2.1601860523223877,4422
2.1641509532928467,4421
2.1706321239471436,4420
2.1768369674682617,4419
2.1799230575561523,4418
2.1829640865325928,4417
2.187230110168457,4416
2.1908178329467773,4415
2.197222948074341,4414
2.201131820678711,4413
2.2075390815734863,4412
2.211359977722168,4411
2.2162909507751465,4410
2.219576835632324,4409
2.2227108478546143,4408
2.225821018218994,4407
2.228848934173584,4406
2.231851816177368,4405
2.23559308052063,4404
2.2390711307525635,4403
2.245184898376465,4402
2.2488248348236084,4401
2.2521591186523438,4400
2.2562508583068848,4399
2.2645888328552246,4398
2.2677950859069824,4397
2.27082896232605,4396
2.2738587856292725,4395
2.2786331176757812,4394
2.288905143737793,4393
2.3078529834747314,4392
2.3109290599823,4391
2.3140649795532227,4390
2.324104070663452,4389
2.328094959259033,4388
2.3312888145446777,4387
2.343153953552246,4386
2.349153995513916,4385
2.3521039485931396,4384
2.3578109741210938,4383
2.36093807220459,4382
2.3640639781951904,4381
2.3671610355377197,4380
2.370239019393921,4379
2.3733890056610107,4378
2.3765220642089844,4377
2.37963604927063,4376
2.385993003845215,4375
2.3912038803100586,4374
2.394376039505005,4373
2.3975560665130615,4372
2.4007809162139893,4371
2.4039928913116455,4370
2.407151937484741,4369
2.4103598594665527,4368
2.413529872894287,4367
2.4167041778564453,4366
2.423492908477783,4365
2.429910898208618,4364
2.4331018924713135,4363
2.437364101409912,4362
2.440554141998291,4361
2.4437479972839355,4360
2.446953058242798,4359
2.4526188373565674,4358
2.455902099609375,4357
2.461944818496704,4356
2.465193033218384,4355
2.4684488773345947,4354
2.4745171070098877,4353
2.481926918029785,4352
2.4856700897216797,4351
2.489323854446411,4350
2.4941442012786865,4349
2.4974658489227295,4348
2.5129289627075195,4347
2.5171170234680176,4346
2.5204949378967285,4345
2.523782968521118,4344
2.527343988418579,4343
2.5305778980255127,4342
2.5367069244384766,4341
2.5507678985595703,4340
2.553800106048584,4339
2.5568349361419678,4338
2.559922933578491,4337
2.563080072402954,4336
2.5661449432373047,4335
2.572211980819702,4334
2.5807671546936035,4333
2.5837788581848145,4332
2.5867998600006104,4331
2.5897529125213623,4330
2.592710018157959,4329
2.5986618995666504,4328
2.6038429737091064,4327
2.6068549156188965,4326
2.6134819984436035,4325
2.616515874862671,4324
2.6199681758880615,4323
2.622951030731201,4322
2.6262428760528564,4321
2.630445957183838,4320
2.633533000946045,4319
2.636528968811035,4318
2.641239881515503,4317
2.6461739540100098,4316
2.6524670124053955,4315
2.6589789390563965,4314
2.6653950214385986,4313
2.668536901473999,4312
2.674907922744751,4311
2.678162097930908,4310
2.6819958686828613,4309
2.685058832168579,4308
2.688096046447754,4307
2.6912009716033936,4306
2.6945719718933105,4305
2.697824001312256,4304
2.700892925262451,4303
2.7039549350738525,4302
2.707021951675415,4301
2.710279941558838,4300
2.713479995727539,4299
2.7197399139404297,4298
2.7309138774871826,4297
2.7340099811553955,4296
2.7371230125427246,4295
2.740154981613159,4294
2.7435739040374756,4293
2.746795177459717,4292
2.7498779296875,4291
2.752896785736084,4290
2.7640929222106934,4289
2.7672369480133057,4288
2.770339012145996,4287
2.773545980453491,4286
2.778613805770874,4285
2.781705141067505,4284
2.7867798805236816,4283
2.795626163482666,4282
2.7987060546875,4281
2.8046820163726807,4280
2.8076939582824707,4279
2.8108808994293213,4278
2.82372784614563,4277
2.826957941055298,4276
2.832324981689453,4275
2.8353700637817383,4274
2.8415210247039795,4273
2.847777843475342,4272
2.853886127471924,4271
2.8591771125793457,4270
2.8623239994049072,4269
2.8654849529266357,4268
2.868496894836426,4267
2.877642869949341,4266
2.883665084838867,4265
2.8868889808654785,4264
2.890446901321411,4263
2.895535945892334,4262
2.9043898582458496,4261
2.9073569774627686,4260
2.9133338928222656,4259
2.916351079940796,4258
2.922423839569092,4257
2.925758123397827,4256
2.928863048553467,4255
2.9319510459899902,4254
2.936250925064087,4253
2.9392199516296387,4252
2.946810007095337,4251
2.95080304145813,4250
2.9538509845733643,4249
2.957627058029175,4248
2.9606738090515137,4247
2.9637300968170166,4246
2.969336986541748,4245
2.97530198097229,4244
2.97918701171875,4243
2.9822580814361572,4242
2.988661766052246,4241
2.9938509464263916,4240
3.0046491622924805,4239
3.0076239109039307,4238
3.010586977005005,4237
3.0165159702301025,4236
3.0225539207458496,4235
3.0279948711395264,4234
3.0334391593933105,4233
3.0365850925445557,4232
3.0433309078216553,4231
3.046535015106201,4230
3.0566909313201904,4229
3.059800863265991,4228
3.065156936645508,4227
3.068213939666748,4226
3.071204900741577,4225
3.0743141174316406,4224
3.080543041229248,4223
3.083702802658081,4222
3.086766004562378,4221
3.0897679328918457,4220
3.0927441120147705,4219
3.0957109928131104,4218
3.1016669273376465,4217
3.104630947113037,4216
3.1107800006866455,4215
3.113877773284912,4214
3.116914987564087,4213
3.11997389793396,4212
3.122943162918091,4211
3.1259639263153076,4210
3.128925085067749,4209
3.1343460083007812,4208
3.1396000385284424,4207
3.142853021621704,4206
3.1458940505981445,4205
3.148880958557129,4204
3.1537508964538574,4203
3.1567230224609375,4202
3.1597039699554443,4201
3.1636300086975098,4200
3.1718239784240723,4199
3.1805851459503174,4198
3.183661937713623,4197
3.1878459453582764,4196
3.19155216217041,4195
3.200991153717041,4194
3.207113027572632,4193
3.2125000953674316,4192
3.218308925628662,4191
3.2213380336761475,4190
3.2300057411193848,4189
3.233042001724243,4188
3.240762948989868,4187
3.244861125946045,4186
3.2493090629577637,4185
3.2523488998413086,4184
3.2594809532165527,4183
3.2670280933380127,4182
3.2732057571411133,4181
3.2763800621032715,4180
3.2795348167419434,4179
3.282672882080078,4178
3.2867748737335205,4177
3.2924907207489014,4176
3.3001339435577393,4175
3.306464195251465,4174
3.3100340366363525,4173
3.318101167678833,4172
3.321084976196289,4171
3.3248159885406494,4170
3.331186056137085,4169
3.337712049484253,4168
3.340751886367798,4167
3.3439598083496094,4166
3.3471899032592773,4165
3.3502049446105957,4164
3.3531768321990967,4163
3.3561151027679443,4162
3.3590610027313232,4161
3.3665077686309814,4160
3.370216131210327,4159
3.3733668327331543,4158
3.3767361640930176,4157
3.379983901977539,4156
3.384537935256958,4155
3.3878087997436523,4154
3.3984179496765137,4153
3.4031460285186768,4152
3.406183958053589,4151
3.409435987472534,4150
3.414033889770508,4149
3.420322895050049,4148
3.4233319759368896,4147
3.429466962814331,4146
3.4340310096740723,4145
3.4429829120635986,4144
3.446075916290283,4143
3.4521210193634033,4142
3.458138942718506,4141
3.4611048698425293,4140
3.4671390056610107,4139
3.4775619506835938,4138
3.4827680587768555,4137
3.488050937652588,4136
3.4968857765197754,4135
3.5072851181030273,4134
3.5118391513824463,4133
3.5151541233062744,4132
3.5263500213623047,4131
3.5324959754943848,4130
3.5421509742736816,4129
3.5452959537506104,4128
3.548444986343384,4127
3.5535640716552734,4126
3.556629180908203,4125
3.571218967437744,4124
3.574341058731079,4123
3.580758810043335,4122
3.5838239192962646,4121
3.5913281440734863,4120
3.5943078994750977,4119
3.597280740737915,4118
3.600260019302368,4117
3.6032118797302246,4116
3.606204032897949,4115
3.612886905670166,4114
3.6192829608917236,4113
3.630429983139038,4112
3.633747100830078,4111
3.637017011642456,4110
3.640281915664673,4109
3.6437458992004395,4108
3.6509017944335938,4107
3.6598238945007324,4106
3.66593074798584,4105
3.674722909927368,4104
3.677685022354126,4103
3.680630922317505,4102
3.6856191158294678,4101
3.688636064529419,4100
3.694931983947754,4099
3.6994240283966064,4098
3.702436923980713,4097
3.7196428775787354,4096
3.722804069519043,4095
3.731428861618042,4094
3.737802743911743,4093
3.7410340309143066,4092
3.7448999881744385,4091
3.7481160163879395,4090
3.754141092300415,4089
3.757127046585083,4088
3.76009202003479,4087
3.768324851989746,4086
3.7742438316345215,4085
3.781120777130127,4084
3.784168004989624,4083
3.7901549339294434,4082
3.793426036834717,4081
3.8012008666992188,4080
3.810666084289551,4079
3.813822031021118,4078
3.8169338703155518,4077
3.8225150108337402,4076
3.825500011444092,4075
3.828549861907959,4074
3.8338029384613037,4073
3.8395018577575684,4072
3.844716787338257,4071
3.8504631519317627,4070
3.855112075805664,4069
3.8631410598754883,4068
3.8711159229278564,4067
3.8741331100463867,4066
3.879507064819336,4065
3.8850278854370117,4064
3.8939340114593506,4063
3.90010404586792,4062
3.9052698612213135,4061
3.9115071296691895,4060
3.9146530628204346,4059
3.923305034637451,4058
3.9344658851623535,4057
3.937437057495117,4056
3.940955877304077,4055
3.9448788166046143,4054
3.9478371143341064,4053
3.9507930278778076,4052
3.9537529945373535,4051
3.956784963607788,4050
3.959798812866211,4049
3.9649691581726074,4048
3.974423885345459,4047
3.9778378009796143,4046
3.9828948974609375,4045
4.003428936004639,4044
4.009837865829468,4043
4.013048887252808,4042
4.017155885696411,4041
4.020256042480469,4040
4.0265350341796875,4039
4.036484003067017,4038
4.043615102767944,4037
4.049860954284668,4036
4.059040069580078,4035
4.062046051025391,4034
4.065586090087891,4033
4.068580865859985,4032
4.071554899215698,4031
4.081717014312744,4030
4.084757089614868,4029
4.090793132781982,4028
4.109526872634888,4027
4.114656925201416,4026
4.117836952209473,4025
4.120913028717041,4024
4.12562894821167,4023
4.134026765823364,4022
4.143585920333862,4021
4.146873950958252,4020
4.149932861328125,4019
4.1529340744018555,4018
4.161273002624512,4017
4.1644980907440186,4016
4.167540073394775,4015
4.173563003540039,4014
4.17680287361145,4013
4.179961919784546,4012
4.1830151081085205,4011
4.194329023361206,4010
4.197433948516846,4009
4.2004759311676025,4008
4.208277940750122,4007
4.211564779281616,4006
4.225106954574585,4005
4.231329917907715,4004
4.234374046325684,4003
4.237364053726196,4002
4.24043607711792,4001
4.2446558475494385,4000
4.253507852554321,3999
4.256669044494629,3998
4.259865999221802,3997
4.271945953369141,3996
4.275897979736328,3995
4.279261112213135,3994
4.285536766052246,3993
4.288527965545654,3992
4.295531749725342,3991
4.299392938613892,3990
4.311381101608276,3989
4.325653791427612,3988
4.329391002655029,3987
4.336207866668701,3986
4.33923602104187,3985
4.35724401473999,3984
4.3752100467681885,3983
4.378191947937012,3982
4.384122848510742,3981
4.396523952484131,3980
4.402906894683838,3979
4.410928964614868,3978
4.414161920547485,3977
4.421972990036011,3976
4.428897857666016,3975
4.432132005691528,3974
4.435343027114868,3973
4.438592195510864,3972
4.447032928466797,3971
4.457207918167114,3970
4.4602789878845215,3969
4.4667909145355225,3968
4.473083019256592,3967
4.476075172424316,3966
4.487046003341675,3965
4.507826089859009,3964
4.5114500522613525,3963
4.514604806900024,3962
4.520824909210205,3961
4.533536195755005,3960
4.540075063705444,3959
4.545464992523193,3958
4.548561096191406,3957
4.556566953659058,3956
4.5677409172058105,3955
4.570884943008423,3954
4.585621118545532,3953
4.59335994720459,3952
4.596480131149292,3951
4.613025903701782,3950
4.6223320960998535,3949
4.625455856323242,3948
4.628642797470093,3947
4.6318199634552,3946
4.638176918029785,3945
4.641337871551514,3944
4.6485700607299805,3943
4.651782035827637,3942
4.657480001449585,3941
4.66069483757019,3940
4.664772033691406,3939
4.668911933898926,3938
4.679707050323486,3937
4.690592050552368,3936
4.69731593132019,3935
4.70754599571228,3934
4.7114341259002686,3933
4.71446418762207,3932
4.723789930343628,3931
4.727120876312256,3930
4.7326600551605225,3929
4.7359418869018555,3928
4.748139142990112,3927
4.754878997802734,3926
4.76019287109375,3925
4.764165878295898,3924
4.768181085586548,3923
4.772135019302368,3922
4.776325941085815,3921
4.780241966247559,3920
4.785639047622681,3919
4.8006980419158936,3918
4.811396837234497,3917
4.81545090675354,3916
4.819567918777466,3915
4.8314549922943115,3914
4.83695912361145,3913
4.845525026321411,3912
4.8494439125061035,3911
4.85339093208313,3910
4.857406139373779,3909
4.872045993804932,3908
4.881023168563843,3907
4.890376091003418,3906
4.895237922668457,3905
4.910193920135498,3904
4.914541006088257,3903
4.919013023376465,3902
4.923381805419922,3901
4.940821170806885,3900
4.9533209800720215,3899
4.95760178565979,3898
4.961880922317505,3897
4.967828035354614,3896
4.9720659255981445,3895
4.984771013259888,3894
4.992779970169067,3893
4.997102975845337,3892
5.00117301940918,3891
5.005210876464844,3890
5.009213924407959,3889
5.013302803039551,3888
5.0214619636535645,3887
5.026404857635498,3886
5.036595106124878,3885
5.043904066085815,3884
5.057231903076172,3883
5.061362028121948,3882
5.066056966781616,3881
5.071305990219116,3880
5.081444025039673,3879
5.090874910354614,3878
5.106368064880371,3877
5.1103880405426025,3876
5.114549875259399,3875
5.1305811405181885,3874
5.135238885879517,3873
5.139925003051758,3872
5.1445488929748535,3871
5.149825811386108,3870
5.154911994934082,3869
5.159920930862427,3868
5.1709678173065186,3867
5.17570686340332,3866
5.186185121536255,3865
5.217301845550537,3864
5.224480152130127,3863
5.229557037353516,3862
5.254069089889526,3861
5.259065866470337,3860
5.281653165817261,3859
5.304771900177002,3858
5.3097288608551025,3857
5.336352109909058,3856
5.341408014297485,3855
5.353904962539673,3854
5.367415904998779,3853
5.376919984817505,3852
5.387032985687256,3851
5.408409833908081,3850
5.413306951522827,3849
5.430253982543945,3848
5.434861898422241,3847
5.455479860305786,3846
5.460155010223389,3845
5.468590974807739,3844
5.478269100189209,3843
5.483345985412598,3842
5.4928600788116455,3841
5.498128890991211,3840
5.50521993637085,3839
5.522903919219971,3838
5.531023025512695,3837
5.537489891052246,3836
5.563282012939453,3835
5.568027019500732,3834
5.572716951370239,3833
5.580704927444458,3832
5.601426124572754,3831
5.6247429847717285,3830
5.637508869171143,3829
5.642124891281128,3828
5.647050857543945,3827
5.660907030105591,3826
5.673847913742065,3825
5.683703899383545,3824
5.702179908752441,3823
5.732064962387085,3822
5.736573934555054,3821
5.746712923049927,3820
5.751523971557617,3819
5.761286020278931,3818
5.781748056411743,3817
5.78626012802124,3816
5.796055793762207,3815
5.820374965667725,3814
5.835068941116333,3813
5.8501598834991455,3812
5.886920928955078,3811
5.921474933624268,3810
5.946905851364136,3809
5.958434820175171,3808
5.964749813079834,3807
5.971420049667358,3806
5.975495100021362,3805
5.983547925949097,3804
5.989064931869507,3803
6.001929044723511,3802
6.005880832672119,3801
6.009844064712524,3800
6.013780117034912,3799
6.018725872039795,3798
6.025291919708252,3797
6.0294859409332275,3796
6.036380052566528,3795
6.040292024612427,3794
6.064237833023071,3793
6.067538022994995,3792
6.078088998794556,3791
6.089144945144653,3790
6.100517988204956,3789
6.115872859954834,3788
6.127095937728882,3787
6.130412817001343,3786
6.139645099639893,3785
6.146036148071289,3784
6.153088092803955,3783
6.159635066986084,3782
6.174694061279297,3781
6.184539079666138,3780
6.191275119781494,3779
6.206103801727295,3778
6.212850093841553,3777
6.217751979827881,3776
6.224501848220825,3775
6.23147988319397,3774
6.236897945404053,3773
6.244740962982178,3772
6.256951808929443,3771
6.26090407371521,3770
6.265377998352051,3769
6.27177882194519,3768
6.284034967422485,3767
6.288363933563232,3766
6.292777061462402,3765
6.299609899520874,3764
6.303715944290161,3763
6.308006048202515,3762
6.312381982803345,3761
6.32043719291687,3760
6.355641841888428,3759
6.3741679191589355,3758
6.378418922424316,3757
6.416122913360596,3756
6.421856164932251,3755
6.457534074783325,3754
6.461627960205078,3753
6.4771809577941895,3752
6.4907050132751465,3751
6.49931788444519,3750
6.503460884094238,3749
6.5096399784088135,3748
6.5335869789123535,3747
6.553915023803711,3746
6.562129974365234,3745
6.567579030990601,3744
6.577042102813721,3743
6.581501007080078,3742
6.592022895812988,3741
6.598415851593018,3740
6.607356071472168,3739
6.639994859695435,3738
6.647275924682617,3737
6.6555869579315186,3736
6.660032033920288,3735
6.671098947525024,3734
6.674274921417236,3733
6.68057107925415,3732
6.686072826385498,3731
6.689602851867676,3730
6.699141025543213,3729
6.7024009227752686,3728
6.7140069007873535,3727
6.720326900482178,3726
6.736459970474243,3725
6.739552974700928,3724
6.7427308559417725,3723
6.7486491203308105,3722
6.762840986251831,3721
6.77325701713562,3720
6.791810989379883,3719
6.803555011749268,3718
6.807271957397461,3717
6.8263938426971436,3716
6.8523900508880615,3715
6.860860109329224,3714
6.871537923812866,3713
6.912550926208496,3712
6.925336837768555,3711
6.932044982910156,3710
6.94152307510376,3709
6.945858955383301,3708
6.951565980911255,3707
6.963578939437866,3706
6.969486951828003,3705
6.976064920425415,3704
6.985771179199219,3703
6.989804983139038,3702
6.994047164916992,3701
7.0019848346710205,3700
7.005958080291748,3699
7.027709007263184,3698
7.041515827178955,3697
7.051527976989746,3696
7.05954909324646,3695
7.071110010147095,3694
7.077980995178223,3693
7.085261821746826,3692
7.1027610301971436,3691
7.122542858123779,3690
7.131820917129517,3689
7.135906934738159,3688
7.151810884475708,3687
7.155741930007935,3686
7.1713948249816895,3685
7.179173946380615,3684
7.184974908828735,3683
7.2205541133880615,3682
7.224901914596558,3681
7.236006021499634,3680
7.24266791343689,3679
7.247892141342163,3678
7.263962984085083,3677
7.269917964935303,3676
7.2749409675598145,3675
7.27941107749939,3674
7.294092893600464,3673
7.302703857421875,3672
7.319659948348999,3671
7.341280937194824,3670
7.345728874206543,3669
7.350044012069702,3668
7.354265928268433,3667
7.358439922332764,3666
7.362571954727173,3665
7.377346992492676,3664
7.383957147598267,3663
7.38824987411499,3662
7.392441987991333,3661
7.426289081573486,3660
7.433940172195435,3659
7.447191953659058,3658
7.458416938781738,3657
7.479906797409058,3656
7.501844167709351,3655
7.509073972702026,3654
7.513141870498657,3653
7.5329389572143555,3652
7.565837860107422,3651
7.577656984329224,3650
7.589869976043701,3649
7.593796968460083,3648
7.597827911376953,3647
7.607351779937744,3646
7.611137866973877,3645
7.6405348777771,3644
7.649613857269287,3643
7.664550065994263,3642
7.668806076049805,3641
7.673005819320679,3640
7.677052974700928,3639
7.682197093963623,3638
7.691542863845825,3637
7.710093975067139,3636
7.714235067367554,3635
7.723002910614014,3634
7.726963043212891,3633
7.7579028606414795,3632
7.765945911407471,3631
7.775377988815308,3630
7.789386749267578,3629
7.7934229373931885,3628
7.807430982589722,3627
7.81525993347168,3626
7.82085394859314,3625
7.8249921798706055,3624
7.833193063735962,3623
7.8392109870910645,3622
7.871767997741699,3621
7.901514768600464,3620
7.938906908035278,3619
7.946960926055908,3618
7.955073833465576,3617
7.958988904953003,3616
7.9669411182403564,3615
7.983636140823364,3614
8.009728193283081,3613
8.03580093383789,3612
8.058702945709229,3611
8.065652132034302,3610
8.088526010513306,3609
8.093605995178223,3608
8.100353956222534,3607
8.104264974594116,3606
8.10823106765747,3605
8.112190961837769,3604
8.116184949874878,3603
8.12613582611084,3602
8.130252838134766,3601
8.141330003738403,3600
8.155269861221313,3599
8.161576986312866,3598
8.172154903411865,3597
8.185196876525879,3596
8.18924593925476,3595
8.196420907974243,3594
8.206446886062622,3593
8.210069179534912,3592
8.221349954605103,3591
8.23202109336853,3590
8.25701093673706,3589
8.269701957702637,3588
8.2793869972229,3587
8.283313989639282,3586
8.287213802337646,3585
8.296046018600464,3584
8.31627607345581,3583
8.324917793273926,3582
8.330358982086182,3581
8.36020278930664,3580
8.371338129043579,3579
8.385221004486084,3578
8.401297092437744,3577
8.407672882080078,3576
8.412046909332275,3575
8.427200078964233,3574
8.432418823242188,3573
8.437646865844727,3572
8.442433834075928,3571
8.447995901107788,3570
8.455940961837769,3569
8.465259790420532,3568
8.473743915557861,3567
8.489547967910767,3566
8.494318962097168,3565
8.516248941421509,3564
8.537829875946045,3563
8.547884941101074,3562
8.57241678237915,3561
8.598422765731812,3560
8.60950493812561,3559
8.66433596611023,3558
8.67483401298523,3557
8.680225849151611,3556
8.758041858673096,3555
8.795325994491577,3554
8.807158946990967,3553
8.81213092803955,3552
8.851157903671265,3551
8.874038934707642,3550
8.890964031219482,3549
8.897187948226929,3548
8.903903007507324,3547
8.907936811447144,3546
8.913880825042725,3545
8.918299913406372,3544
8.934704065322876,3543
8.942744970321655,3542
8.957465887069702,3541
8.961616039276123,3540
8.9705491065979,3539
8.983537912368774,3538
8.992642879486084,3537
9.026576042175293,3536
9.0349440574646,3535
9.048882007598877,3534
9.053538799285889,3533
9.058231830596924,3532
9.121844053268433,3531
9.126408100128174,3530
9.130939960479736,3529
9.13831901550293,3528
9.153640985488892,3527
9.164416790008545,3526
9.171000957489014,3525
9.19038701057434,3524
9.208038091659546,3523
9.237301111221313,3522
9.257120132446289,3521
9.272549867630005,3520
9.277086019515991,3519
9.299262046813965,3518
9.316967010498047,3517
9.330260992050171,3516
9.335309982299805,3515
9.340085744857788,3514
9.348342895507812,3513
9.353580951690674,3512
9.372960090637207,3511
9.377883911132812,3510
9.410462141036987,3509
9.424704790115356,3508
9.508256912231445,3507
9.514830827713013,3506
9.527667999267578,3505
9.55473017692566,3504
9.578789949417114,3503
9.586745977401733,3502
9.596160888671875,3501
9.600279808044434,3500
9.61323881149292,3499
9.652032136917114,3498
9.662523984909058,3497
9.667938947677612,3496
9.67176103591919,3495
9.675402164459229,3494
9.678844928741455,3493
9.68447494506836,3492
9.691452026367188,3491
9.699367046356201,3490
9.702574014663696,3489
9.705594062805176,3488
9.708590030670166,3487
9.711771965026855,3486
9.715195894241333,3485
9.721495866775513,3484
9.724523067474365,3483
9.733782768249512,3482
9.739277839660645,3481
9.768465042114258,3480
9.77457594871521,3479
9.777647972106934,3478
9.805798053741455,3477
9.808790922164917,3476
9.820904016494751,3475
9.824015855789185,3474
9.832998037338257,3473
9.836237907409668,3472
9.839296102523804,3471
9.848117113113403,3470
9.857494831085205,3469
9.879705905914307,3468
9.885631084442139,3467
9.899464130401611,3466
9.902610063552856,3465
9.905672073364258,3464
9.9181809425354,3463
9.924752950668335,3462
9.938794136047363,3461
9.96205186843872,3460
9.96566104888916,3459
10.00192403793335,3458
10.021528005599976,3457
10.025368928909302,3456
10.028733015060425,3455
10.031989812850952,3454
10.053173065185547,3453
10.069344758987427,3452
10.089516878128052,3451
10.095016956329346,3450
10.099015951156616,3449
10.121484994888306,3448
10.12513017654419,3447
10.13697600364685,3446
10.140450954437256,3445
10.143596887588501,3444
10.169574975967407,3443
10.179013013839722,3442
10.18218994140625,3441
10.18649697303772,3440
10.19310975074768,3439
10.216866970062256,3438
10.237704992294312,3437
10.24081015586853,3436
10.243866920471191,3435
10.25280499458313,3434
10.268038988113403,3433
10.29327392578125,3432
10.297391891479492,3431
10.3090341091156,3430
10.315468788146973,3429
10.319420099258423,3428
10.34964895248413,3427
10.357846975326538,3426
10.361778020858765,3425
10.367614030838013,3424
10.372144937515259,3423
10.389132976531982,3422
10.392143964767456,3421
10.399410963058472,3420
10.41038703918457,3419
10.418990850448608,3418
10.423236846923828,3417
10.431576013565063,3416
10.437659978866577,3415
10.452204942703247,3414
10.456315994262695,3413
10.467427968978882,3412
10.472301006317139,3411
10.475316047668457,3410
10.480129957199097,3409
10.483232021331787,3408
10.491333961486816,3407
10.494327783584595,3406
10.501067876815796,3405
10.50415587425232,3404
10.514693021774292,3403
10.530854940414429,3402
10.537345886230469,3401
10.550210952758789,3400
10.556490182876587,3399
10.55954909324646,3398
10.564574956893921,3397
10.567771911621094,3396
10.587648153305054,3395
10.617445945739746,3394
10.620544910430908,3393
10.63004994392395,3392
10.633352994918823,3391
10.636566877365112,3390
10.647442102432251,3389
10.654345989227295,3388
10.661712884902954,3387
10.667839050292969,3386
10.68214201927185,3385
10.696094036102295,3384
10.711014986038208,3383
10.714194059371948,3382
10.717332124710083,3381
10.725393056869507,3380
10.728522777557373,3379
10.739561080932617,3378
10.75684905052185,3377
10.759907007217407,3376
10.78395390510559,3375
10.791847944259644,3374
10.794981956481934,3373
10.808016061782837,3372
10.82744574546814,3371
10.841706037521362,3370
10.859691858291626,3369
10.898559093475342,3368
10.912628173828125,3367
10.937371015548706,3366
10.940498113632202,3365
10.950837135314941,3364
10.953903913497925,3363
10.96167802810669,3362
11.013270854949951,3361
11.031569004058838,3360
11.037078857421875,3359
11.040217876434326,3358
11.046891927719116,3357
11.07513689994812,3356
11.079224824905396,3355
11.094672918319702,3354
11.105096101760864,3353
11.118208169937134,3352
11.166254997253418,3351
11.169984817504883,3350
11.181013107299805,3349
11.185158967971802,3348
11.205397844314575,3347
11.224472999572754,3346
11.228271007537842,3345
11.236418962478638,3344
11.245820999145508,3343
11.26724886894226,3342
11.302304029464722,3341
11.30596375465393,3340
11.314252853393555,3339
11.318630933761597,3338
11.322906970977783,3337
11.331509113311768,3336
11.362537145614624,3335
11.423693895339966,3334
11.430490970611572,3333
11.459733009338379,3332
11.46845817565918,3331
11.475534915924072,3330
11.518054962158203,3329
11.531967163085938,3328
11.536793947219849,3327
11.551415920257568,3326
11.559401988983154,3325
11.575851917266846,3324
11.624062061309814,3323
11.631335020065308,3322
11.651118993759155,3321
11.65565800666809,3320
11.668645858764648,3319
11.687698125839233,3318
11.699479818344116,3317
11.724254131317139,3316
11.746829986572266,3315
11.764518976211548,3314
11.767761945724487,3313
11.81229305267334,3312
11.819199085235596,3311
11.840296983718872,3310
11.84474515914917,3309
11.86546015739441,3308
11.868461847305298,3307
11.871463060379028,3306
11.883471965789795,3305
11.886738061904907,3304
11.903167009353638,3303
11.906192064285278,3302
11.929021120071411,3301
11.944298028945923,3300
11.955928802490234,3299
11.958985090255737,3298
11.96987509727478,3297
11.976578950881958,3296
11.980385780334473,3295
11.99027705192566,3294
11.993698835372925,3293
12.017786026000977,3292
12.020945072174072,3291
12.08656096458435,3290
12.096643924713135,3289
12.100139856338501,3288
12.106542825698853,3287
12.109678030014038,3286
12.117188930511475,3285
12.143271923065186,3284
12.154548168182373,3283
12.167425870895386,3282
12.185513019561768,3281
12.188560009002686,3280
12.199527025222778,3279
12.218618869781494,3278
12.259519100189209,3277
12.265591859817505,3276
12.268587827682495,3275
12.271579027175903,3274
12.274592161178589,3273
12.283938884735107,3272
12.28759503364563,3271
12.29696011543274,3270
12.304699897766113,3269
12.308940887451172,3268
12.314583778381348,3267
12.322490930557251,3266
12.358319997787476,3265
12.370102882385254,3264
12.379072904586792,3263
12.412379026412964,3262
12.423765897750854,3261
12.443670988082886,3260
12.457773923873901,3259
12.468559980392456,3258
12.48478388786316,3257
12.507008790969849,3256
12.51752519607544,3255
12.527338027954102,3254
12.534387111663818,3253
12.541303873062134,3252
12.575592041015625,3251
12.582520961761475,3250
12.595776796340942,3249
12.598819017410278,3248
12.610933780670166,3247
12.616997003555298,3246
12.702633142471313,3245
12.708927154541016,3244
12.73761796951294,3243
12.74313998222351,3242
12.748253107070923,3241
12.779627799987793,3240
12.790965795516968,3239
12.826851844787598,3238
12.84044885635376,3237
12.917545080184937,3236
12.920811176300049,3235
12.93065094947815,3234
12.961270809173584,3233
12.982159852981567,3232
12.992045879364014,3231
13.013593912124634,3230
13.02016282081604,3229
13.02324891090393,3228
13.026270151138306,3227
13.039522886276245,3226
13.059255838394165,3225
13.105201959609985,3224
13.119663953781128,3223
13.122776985168457,3222
13.133867025375366,3221
13.140295028686523,3220
13.180526971817017,3219
13.219944953918457,3218
13.22374415397644,3217
13.237875938415527,3216
13.245203971862793,3215
13.269448041915894,3214
13.289642095565796,3213
13.296175003051758,3212
13.324733018875122,3211
13.327915906906128,3210
13.342331886291504,3209
13.345615863800049,3208
13.396778106689453,3207
13.39988374710083,3206
13.402976036071777,3205
13.409610033035278,3204
13.424131870269775,3203
13.431945085525513,3202
13.443422079086304,3201
13.46450400352478,3200
13.468026876449585,3199
13.483197927474976,3198
13.488529920578003,3197
13.510014057159424,3196
13.552592992782593,3195
13.570075988769531,3194
13.577377796173096,3193
13.592741012573242,3192
13.624186038970947,3191
13.664278984069824,3190
13.66853380203247,3189
13.683640956878662,3188
13.68878984451294,3187
13.715849161148071,3186
13.731841802597046,3185
13.769207954406738,3184
13.776692152023315,3183
13.802314043045044,3182
13.809355974197388,3181
13.842841863632202,3180
13.856172800064087,3179
13.860538959503174,3178
13.873153924942017,3177
13.906072854995728,3176
13.920413970947266,3175
13.935946941375732,3174
13.94213318824768,3173
13.945127964019775,3172
13.948125123977661,3171
13.9616060256958,3170
13.966880083084106,3169
13.971216917037964,3168
14.050694942474365,3167
14.061113834381104,3166
14.064132928848267,3165
14.075228929519653,3164
14.087052822113037,3163
14.09140396118164,3162
14.099133968353271,3161
14.102701902389526,3160
14.11167597770691,3159
14.114886045455933,3158
14.152012825012207,3157
14.16149091720581,3156
14.170243978500366,3155
14.191706895828247,3154
14.209059000015259,3153
14.212178945541382,3152
14.236079931259155,3151
14.272961854934692,3150
14.277334928512573,3149
14.282470941543579,3148
14.289721012115479,3147
14.294509887695312,3146
14.300354957580566,3145
14.30529499053955,3144
14.33434796333313,3143
14.344252109527588,3142
14.37062692642212,3141
14.373728036880493,3140
14.381190061569214,3139
14.385931968688965,3138
14.417301177978516,3137
14.434441089630127,3136
14.459696054458618,3135
14.480874061584473,3134
14.506945848464966,3133
14.51741909980774,3132
14.532402038574219,3131
14.546679973602295,3130
14.583992958068848,3129
14.590288877487183,3128
14.602066993713379,3127
14.605204105377197,3126
14.61729383468628,3125
14.623523950576782,3124
14.632575035095215,3123
14.651681900024414,3122
14.658611059188843,3121
14.691480875015259,3120
14.72444200515747,3119
14.730116844177246,3118
14.733412981033325,3117
14.736629962921143,3116
14.761261940002441,3115
14.771049976348877,3114
14.782827138900757,3113
14.790177822113037,3112
14.79635214805603,3111
14.834904909133911,3110
14.855411052703857,3109
14.86841893196106,3108
14.879384994506836,3107
14.894436836242676,3106
14.903097867965698,3105
14.908600807189941,3104
14.917194843292236,3103
14.978506088256836,3102
15.04967999458313,3101
15.056267976760864,3100
15.089838981628418,3099
15.127946138381958,3098
15.157819032669067,3097
15.194603204727173,3096
15.197632074356079,3095
15.201024770736694,3094
15.228258848190308,3093
15.239343881607056,3092
15.317682027816772,3091
15.321726083755493,3090
15.36246109008789,3089
15.387256860733032,3088
15.395559072494507,3087
15.40012502670288,3086
15.411870002746582,3085
15.470746040344238,3084
15.474045991897583,3083
15.48535418510437,3082
15.507872104644775,3081
15.537513971328735,3080
15.546674966812134,3079
15.587264776229858,3078
15.590464115142822,3077
15.618733882904053,3076
15.631500959396362,3075
15.644715070724487,3074
15.648831129074097,3073
15.65793490409851,3072
15.661273002624512,3071
15.687849998474121,3070
15.703008890151978,3069
15.709205865859985,3068
15.713097095489502,3067
15.731230974197388,3066
15.769950151443481,3065
15.802741765975952,3064
15.812680959701538,3063
15.863788843154907,3062
15.881433963775635,3061
15.88698410987854,3060
15.978912115097046,3059
16.002292156219482,3058
16.026726961135864,3057
16.07230496406555,3056
16.106757879257202,3055
16.144949913024902,3054
16.153761863708496,3053
16.16210389137268,3052
16.223196029663086,3051
16.23184609413147,3050
16.26336693763733,3049
16.316561937332153,3048
16.34774398803711,3047
16.406157970428467,3046
16.43014693260193,3045
16.476167917251587,3044
16.488194942474365,3043
16.49309492111206,3042
16.59160590171814,3041
16.609734058380127,3040
16.619823932647705,3039
16.627291917800903,3038
16.714699745178223,3037
16.735648155212402,3036
16.74958896636963,3035
16.796011924743652,3034
16.799478769302368,3033
16.82717990875244,3032
16.844093084335327,3031
16.85607409477234,3030
16.870002031326294,3029
16.916628122329712,3028
16.932469844818115,3027
16.946231842041016,3026
16.977418899536133,3025
17.003325939178467,3024
17.03875994682312,3023
17.04523777961731,3022
17.048254013061523,3021
17.104074954986572,3020
17.111452102661133,3019
17.128763914108276,3018
17.14998483657837,3017
17.17142415046692,3016
17.178592205047607,3015
17.181813955307007,3014
17.210628032684326,3013
17.240113973617554,3012
17.281721830368042,3011
17.31658101081848,3010
17.325891971588135,3009
17.35509991645813,3008
17.367536067962646,3007
17.372248888015747,3006
17.427227020263672,3005
17.43464684486389,3004
17.462794065475464,3003
17.569236993789673,3002
17.58036494255066,3001
17.669493913650513,3000
17.683820962905884,2999
17.71361017227173,2998
17.79433512687683,2997
17.79900097846985,2996
17.83869695663452,2995
17.86369490623474,2994
17.890777826309204,2993
17.898308038711548,2992
17.90846300125122,2991
17.944491147994995,2990
17.95532512664795,2989
18.020901918411255,2988
18.0663959980011,2987
18.077184200286865,2986
18.08231210708618,2985
18.136927127838135,2984
18.142698049545288,2983
18.230838775634766,2982
18.257642030715942,2981
18.281702995300293,2980
18.297400951385498,2979
18.320619821548462,2978
18.33173680305481,2977
18.405860900878906,2976
18.441280841827393,2975
18.47214913368225,2974
18.48654079437256,2973
18.49280595779419,2972
18.49586296081543,2971
18.536877870559692,2970
18.54652500152588,2969
18.678813934326172,2968
18.718509912490845,2967
18.733211994171143,2966
18.74873685836792,2965
18.77203893661499,2964
18.77572989463806,2963
18.878292083740234,2962
18.888949155807495,2961
18.912747859954834,2960
18.964311838150024,2959
18.99283480644226,2958
19.013550996780396,2957
19.036251068115234,2956
19.04861807823181,2955
19.197736978530884,2954
19.213556051254272,2953
19.22865605354309,2952
19.258092880249023,2951
19.267868995666504,2950
19.281983137130737,2949
19.327542781829834,2948
19.345221042633057,2947
19.37796378135681,2946
19.386992931365967,2945
19.391150951385498,2944
19.441102981567383,2943
19.462913990020752,2942
19.502507209777832,2941
19.528604984283447,2940
19.57437300682068,2939
19.578354120254517,2938
19.587499856948853,2937
19.68873882293701,2936
19.69586181640625,2935
19.79166293144226,2934
19.873308897018433,2933
19.954497814178467,2932
