0.0760946273803711,3159
0.1004023551940918,3158
0.12512969970703125,3157
0.14976811408996582,3156
0.1749267578125,3155
0.1993410587310791,3154
0.22405362129211426,3153
0.24870610237121582,3152
0.273303747177124,3151
0.29799461364746094,3150
0.3227365016937256,3149
0.3475034236907959,3148
0.371814489364624,3147
0.3967430591583252,3146
0.421353816986084,3145
0.44620752334594727,3144
0.470827579498291,3143
0.4958634376525879,3142
0.5209503173828125,3141
0.5453486442565918,3140
0.5701215267181396,3139
0.5946168899536133,3138
0.618976354598999,3137
0.6436212062835693,3136
0.6685163974761963,3135
0.6931819915771484,3134
0.7175085544586182,3133
0.7421853542327881,3132
0.7667999267578125,3131
0.7912197113037109,3130
0.8159260749816895,3129
0.8408780097961426,3128
0.8653287887573242,3127
0.8895752429962158,3126
0.9142162799835205,3125
0.9388034343719482,3124
0.9629998207092285,3123
0.9878082275390625,3122
1.0128800868988037,3121
1.0372869968414307,3120
1.0619080066680908,3119
1.0871636867523193,3118
1.1118907928466797,3117
1.1364233493804932,3116
1.161381721496582,3115
1.186868667602539,3114
1.2111341953277588,3113
1.2356388568878174,3112
1.260146141052246,3111
1.2849843502044678,3110
1.3096184730529785,3109
1.3340868949890137,3108
1.3589756488800049,3107
1.3837065696716309,3106
1.4083137512207031,3105
1.4325897693634033,3104
1.4573314189910889,3103
1.4823172092437744,3102
1.506650686264038,3101
1.5312409400939941,3100
1.5560810565948486,3099
1.580979347229004,3098
1.6053516864776611,3097
1.629713773727417,3096
1.6548914909362793,3095
1.6797451972961426,3094
1.7042291164398193,3093
1.728654146194458,3092
1.7537648677825928,3091
1.7781987190246582,3090
1.8026540279388428,3089
1.8270223140716553,3088
1.8518640995025635,3087
1.8765203952789307,3086
1.9011633396148682,3085
1.9255030155181885,3084
1.950437307357788,3083
1.9749631881713867,3082
1.9992163181304932,3081
2.0235283374786377,3080
2.0486526489257812,3079
2.073544979095459,3078
2.098104476928711,3077
2.1229159832000732,3076
2.1480965614318848,3075
2.1723406314849854,3074
2.1964833736419678,3073
2.221461296081543,3072
2.246509552001953,3071
2.270780563354492,3070
2.2950475215911865,3069
2.3199262619018555,3068
2.34470534324646,3067
2.369039535522461,3066
2.3933095932006836,3065
2.4184889793395996,3064
2.4429214000701904,3063
2.4673056602478027,3062
2.491661548614502,3061
2.516531229019165,3060
2.541267156600952,3059
2.565582513809204,3058
2.590167999267578,3057
2.6148738861083984,3056
2.639507293701172,3055
2.6638967990875244,3054
2.6882925033569336,3053
2.713514804840088,3052
2.7381551265716553,3051
2.7623801231384277,3050
2.78696346282959,3049
2.811105251312256,3048
2.835322141647339,3047
2.8594391345977783,3046
2.8837125301361084,3045
2.9086012840270996,3044
2.9327025413513184,3043
2.95710825920105,3042
2.981527805328369,3041
3.0062062740325928,3040
3.030639171600342,3039
3.0548369884490967,3038
3.078446388244629,3037
3.102198362350464,3036
3.124629259109497,3035
3.1459927558898926,3034
3.1681907176971436,3033
3.1924526691436768,3032
3.2163727283477783,3031
3.240194082260132,3030
3.2648940086364746,3029
3.2895755767822266,3028
3.31391978263855,3027
3.337977170944214,3026
3.362596273422241,3025
3.3874709606170654,3024
3.411891460418701,3023
3.435943841934204,3022
3.4606621265411377,3021
3.4853672981262207,3020
3.509830951690674,3019
3.5338244438171387,3018
3.558598518371582,3017
3.5831191539764404,3016
3.6077768802642822,3015
3.6318793296813965,3014
3.6566085815429688,3013
3.681705951690674,3012
3.7060348987579346,3011
3.730210781097412,3010
3.7551558017730713,3009
3.779716968536377,3008
3.804051637649536,3007
3.828108310699463,3006
3.8533966541290283,3005
3.8776049613952637,3004
3.901855230331421,3003
3.9264075756073,3002
3.9514360427856445,3001
3.9755935668945312,3000
3.99997878074646,2999
4.024724721908569,2998
4.04950213432312,2997
4.073522329330444,2996
4.098351955413818,2995
4.123054265975952,2994
4.1476359367370605,2993
4.171795129776001,2992
4.196557521820068,2991
4.220786094665527,2990
4.245349168777466,2989
4.2701942920684814,2988
4.2945191860198975,2987
4.318898439407349,2986
4.343765735626221,2985
4.368464469909668,2984
4.392600774765015,2983
4.416954278945923,2982
4.441878318786621,2981
4.465997219085693,2980
4.490083932876587,2979
4.514679908752441,2978
4.539565324783325,2977
4.563534736633301,2976
4.587690353393555,2975
4.612528085708618,2974
4.637141704559326,2973
4.660902500152588,2972
4.685458421707153,2971
4.710094928741455,2970
4.7344770431518555,2969
4.758362531661987,2968
4.783037424087524,2967
4.807513236999512,2966
4.831902503967285,2965
4.8563923835754395,2964
4.8807196617126465,2963
4.905201435089111,2962
4.929774761199951,2961
4.953715801239014,2960
4.977850437164307,2959
5.002681016921997,2958
5.027333974838257,2957
5.051179885864258,2956
5.07532525062561,2955
5.100343465805054,2954
5.124203681945801,2953
5.148359537124634,2952
5.172818899154663,2951
5.1974663734436035,2950
5.221518516540527,2949
5.245455265045166,2948
5.2697460651397705,2947
5.294494867324829,2946
5.3185529708862305,2945
5.342883110046387,2944
5.36738920211792,2943
5.391933441162109,2942
5.4160683155059814,2941
5.4405012130737305,2940
5.465036392211914,2939
5.489731788635254,2938
5.51401948928833,2937
5.538166284561157,2936
5.562407732009888,2935
5.586835622787476,2934
5.61138129234314,2933
5.635265350341797,2932
5.659530401229858,2931
5.6843273639678955,2930
5.7088024616241455,2929
5.7328338623046875,2928
5.757218599319458,2927
5.781955242156982,2926
5.805758714675903,2925
5.829434871673584,2924
5.854099273681641,2923
5.878872394561768,2922
5.9024879932403564,2921
5.926488399505615,2920
5.951314210891724,2919
5.975469589233398,2918
5.999378681182861,2917
6.023802995681763,2916
6.048085927963257,2915
6.072301626205444,2914
6.096297025680542,2913
6.120580673217773,2912
6.144909620285034,2911
6.1691272258758545,2910
6.193300485610962,2909
6.217331171035767,2908
6.24194860458374,2907
6.26667594909668,2906
6.290817737579346,2905
6.315035104751587,2904
6.3394856452941895,2903
6.364205360412598,2902
6.388000249862671,2901
6.412005424499512,2900
6.436561584472656,2899
6.461164951324463,2898
6.4847917556762695,2897
6.508477210998535,2896
6.533413887023926,2895
6.557981967926025,2894
6.58190393447876,2893
6.605785369873047,2892
6.630614280700684,2891
6.654778003692627,2890
6.678646802902222,2889
6.703158378601074,2888
6.72731351852417,2887
6.751545429229736,2886
6.775929927825928,2885
6.800135374069214,2884
6.824331045150757,2883
6.848749876022339,2882
6.87333869934082,2881
6.897190809249878,2880
6.921845436096191,2879
6.9466516971588135,2878
6.9704084396362305,2877
6.99436354637146,2876
7.01911997795105,2875
7.043412208557129,2874
7.067399263381958,2873
7.091336965560913,2872
7.11631178855896,2871
7.139964580535889,2870
7.163990020751953,2869
7.188097715377808,2868
7.212689399719238,2867
7.236760377883911,2866
7.260399103164673,2865
7.284883260726929,2864
7.309311628341675,2863
7.333246469497681,2862
7.356967926025391,2861
7.381361722946167,2860
7.405880928039551,2859
7.429534196853638,2858
7.453941345214844,2857
7.478069543838501,2856
7.502022981643677,2855
7.526156663894653,2854
7.550409555435181,2853
7.574220180511475,2852
7.598517179489136,2851
7.622873783111572,2850
7.646592855453491,2849
7.670151710510254,2848
7.694819927215576,2847
7.718840599060059,2846
7.742518186569214,2845
7.766298770904541,2844
7.79083776473999,2843
7.814674615859985,2842
7.8386008739471436,2841
7.862555503845215,2840
7.8869428634643555,2839
7.911011695861816,2838
7.934590816497803,2837
7.958818674087524,2836
7.983187913894653,2835
8.007263422012329,2834
8.030881643295288,2833
8.05516004562378,2832
8.079474449157715,2831
8.102990865707397,2830
8.127337217330933,2829
8.151103496551514,2828
8.175263166427612,2827
8.199407577514648,2826
8.223401308059692,2825
8.247307538986206,2824
8.271569728851318,2823
8.295479774475098,2822
8.318125486373901,2821
8.340550899505615,2820
8.36388349533081,2819
8.386083126068115,2818
8.408674955368042,2817
8.431882858276367,2816
8.454904794692993,2815
8.475704669952393,2814
8.495575666427612,2813
8.517300128936768,2812
8.540582656860352,2811
8.56262731552124,2810
8.583816289901733,2809
8.607013702392578,2808
8.629748344421387,2807
8.65223741531372,2806
8.673364400863647,2805
8.696946382522583,2804
8.718371152877808,2803
8.74049973487854,2802
8.762188911437988,2801
8.785642862319946,2800
8.806893110275269,2799
8.828590869903564,2798
8.851695775985718,2797
8.874374628067017,2796
8.896519422531128,2795
8.917903423309326,2794
8.941493272781372,2793
8.962821006774902,2792
8.985291481018066,2791
9.007022142410278,2790
9.030514001846313,2789
9.051522970199585,2788
9.073490381240845,2787
9.096216917037964,2786
9.119035243988037,2785
9.140408277511597,2784
9.162013530731201,2783
9.185280323028564,2782
9.206723928451538,2781
9.228891134262085,2780
9.250736236572266,2779
9.273895740509033,2778
9.294860363006592,2777
9.317024230957031,2776
9.339807748794556,2775
9.362635850906372,2774
9.384173393249512,2773
9.40563678741455,2772
9.429007768630981,2771
9.45086407661438,2770
9.47370171546936,2769
9.495951175689697,2768
9.518522024154663,2767
9.539579153060913,2766
9.560654401779175,2765
9.583599090576172,2764
9.606216192245483,2763
9.627256155014038,2762
9.648638248443604,2761
9.67151403427124,2760
9.692789077758789,2759
9.713929653167725,2758
9.735892057418823,2757
9.758450746536255,2756
9.77958631515503,2755
9.800533771514893,2754
9.82321572303772,2753
9.844963073730469,2752
9.866006135940552,2751
9.887290000915527,2750
9.910192012786865,2749
9.931264162063599,2748
9.952265501022339,2747
9.97408413887024,2746
9.997167110443115,2745
10.020223379135132,2744
10.042479991912842,2743
10.065453052520752,2742
10.086719274520874,2741
10.108162879943848,2740
10.12918734550476,2739
10.151225805282593,2738
10.172199726104736,2737
10.194120645523071,2736
10.215137958526611,2735
10.237204551696777,2734
10.258235931396484,2733
10.280144214630127,2732
10.301074266433716,2731
10.322898864746094,2730
10.343769073486328,2729
10.365622758865356,2728
10.386532545089722,2727
10.40836477279663,2726
10.429223775863647,2725
10.450937509536743,2724
10.471877574920654,2723
10.493619918823242,2722
10.514463901519775,2721
10.536173105239868,2720
10.55710244178772,2719
10.578673601150513,2718
10.599647283554077,2717
10.621166706085205,2716
10.642108678817749,2715
10.663617849349976,2714
10.684638023376465,2713
10.706117153167725,2712
10.727131128311157,2711
10.748523473739624,2710
10.769522666931152,2709
10.790908336639404,2708
10.812056064605713,2707
10.833379030227661,2706
10.854462385177612,2705
10.875930309295654,2704
10.897505521774292,2703
10.919880151748657,2702
10.942538022994995,2701
10.965253114700317,2700
10.986980438232422,2699
11.008157968521118,2698
11.02958345413208,2697
11.051383256912231,2696
11.073556900024414,2695
11.095495462417603,2694
11.117362260818481,2693
11.13944959640503,2692
11.161396741867065,2691
11.183669805526733,2690
11.205673456192017,2689
11.227567195892334,2688
11.24939513206482,2687
11.271320819854736,2686
11.293218851089478,2685
11.315394163131714,2684
11.337124586105347,2683
11.358530521392822,2682
11.380253553390503,2681
11.401904582977295,2680
11.423117637634277,2679
11.44515061378479,2678
11.46788239479065,2677
11.489823818206787,2676
11.510555982589722,2675
11.531920671463013,2674
11.552821159362793,2673
11.573424577713013,2672
11.594104290008545,2671
11.61465573310852,2670
11.635376691818237,2669
11.655939102172852,2668
11.676582098007202,2667
11.69728708267212,2666
11.718038320541382,2665
11.738629579544067,2664
11.759252786636353,2663
11.779824018478394,2662
11.800460577011108,2661
11.82112741470337,2660
11.84166669845581,2659
11.862181901931763,2658
11.882819652557373,2657
11.903538227081299,2656
11.924134969711304,2655
11.944827318191528,2654
11.965651035308838,2653
11.986302375793457,2652
12.006980419158936,2651
12.028436422348022,2650
12.050288438796997,2649
12.072666645050049,2648
12.094010591506958,2647
12.114579677581787,2646
12.13524603843689,2645
12.155943155288696,2644
12.176537036895752,2643
12.197153091430664,2642
12.217774391174316,2641
12.238396167755127,2640
12.259422063827515,2639
12.28067398071289,2638
12.301651954650879,2637
12.322527170181274,2636
12.34504246711731,2635
12.367207527160645,2634
12.38787031173706,2633
12.408422946929932,2632
12.430578231811523,2631
12.45308542251587,2630
12.473768949508667,2629
12.494426727294922,2628
12.515786409378052,2627
12.538342475891113,2626
12.559228897094727,2625
12.579890727996826,2624
12.600864171981812,2623
12.623432636260986,2622
12.645184993743896,2621
12.665823698043823,2620
12.686550378799438,2619
12.708908796310425,2618
12.73119306564331,2617
12.751810312271118,2616
12.77232813835144,2615
12.793867349624634,2614
12.816412210464478,2613
12.837037086486816,2612
12.85756254196167,2611
12.878563642501831,2610
12.901135206222534,2609
12.922621011734009,2608
12.943174362182617,2607
12.96420407295227,2606
12.986746311187744,2605
13.00968074798584,2604
13.031863927841187,2603
13.052364349365234,2602
13.07437777519226,2601
13.096736431121826,2600
13.117201328277588,2599
13.137625694274902,2598
13.158775091171265,2597
13.181306838989258,2596
13.202096223831177,2595
13.222615242004395,2594
13.24324345588684,2593
13.265612840652466,2592
13.287551641464233,2591
13.307962417602539,2590
13.328293800354004,2589
13.350208044052124,2588
13.372416496276855,2587
13.39288854598999,2586
13.413216590881348,2585
13.434191703796387,2584
13.456640720367432,2583
13.477460384368896,2582
13.49787974357605,2581
13.518523454666138,2580
13.540849924087524,2579
13.563088178634644,2578
13.585476875305176,2577
13.606902837753296,2576
13.628966093063354,2575
13.651296615600586,2574
13.671586751937866,2573
13.691837787628174,2572
13.713054418563843,2571
13.735413312911987,2570
13.755934476852417,2569
13.776253938674927,2568
13.796808004379272,2567
13.819133043289185,2566
13.840681076049805,2565
13.861018419265747,2564
13.881338119506836,2563
13.903263568878174,2562
13.92531156539917,2561
13.945588111877441,2560
13.965829610824585,2559
13.986964464187622,2558
14.0094153881073,2557
14.0301513671875,2556
14.050511360168457,2555
14.071002721786499,2554
14.093275547027588,2553
14.11490774154663,2552
14.135274410247803,2551
14.155595064163208,2550
14.177411317825317,2549
14.199549674987793,2548
14.219847917556763,2547
14.24009370803833,2546
14.261140584945679,2545
14.283531665802002,2544
14.304022073745728,2543
14.324268817901611,2542
14.344831466674805,2541
14.367172241210938,2540
14.388911247253418,2539
14.409213542938232,2538
14.429515838623047,2537
14.451798677444458,2536
14.474045991897583,2535
14.494230270385742,2534
14.516074180603027,2533
14.538197755813599,2532
14.560465335845947,2531
14.581212759017944,2530
14.603513240814209,2529
14.624369144439697,2528
14.646562814712524,2527
14.668285369873047,2526
14.690303087234497,2525
14.710610628128052,2524
14.732602596282959,2523
14.755205631256104,2522
14.776807069778442,2521
14.796987056732178,2520
14.818701267242432,2519
14.841700077056885,2518
14.86253833770752,2517
14.8827543258667,2516
14.903714656829834,2515
14.926830291748047,2514
14.947650671005249,2513
14.96789264678955,2512
14.988504886627197,2511
15.011488199234009,2510
15.033325672149658,2509
15.053491830825806,2508
15.07437014579773,2507
15.0970139503479,2506
15.11912202835083,2505
15.139404058456421,2504
15.16088342666626,2503
15.182944536209106,2502
15.205180168151855,2501
15.225965738296509,2500
15.248071670532227,2499
15.268951416015625,2498
15.291250944137573,2497
15.313138246536255,2496
15.335216522216797,2495
15.355595588684082,2494
15.377417802810669,2493
15.399819612503052,2492
15.421518564224243,2491
15.441537618637085,2490
15.462661027908325,2489
15.48555612564087,2488
15.506765127182007,2487
15.526904821395874,2486
15.547574520111084,2485
15.570565700531006,2484
15.591814041137695,2483
15.611989736557007,2482
15.632282972335815,2481
15.655186414718628,2480
15.677038431167603,2479
15.697200536727905,2478
15.717783212661743,2477
15.740326404571533,2476
15.762359142303467,2475
15.782689094543457,2474
15.803680658340454,2473
15.825822830200195,2472
15.847931623458862,2471
15.869113206863403,2470
15.891037464141846,2469
15.912072896957397,2468
15.934025049209595,2467
15.956040143966675,2466
15.978250503540039,2465
15.998428344726562,2464
16.020049810409546,2463
16.042314767837524,2462
16.064232349395752,2461
16.084351539611816,2460
16.105188369750977,2459
16.12790608406067,2458
16.14958691596985,2457
16.16974401473999,2456
16.19006609916687,2455
16.212974548339844,2454
16.234858512878418,2453
16.254981517791748,2452
16.27506709098816,2451
16.297635555267334,2450
16.31983709335327,2449
16.339995622634888,2448
16.36031723022461,2447
16.382639408111572,2446
16.40480136871338,2445
16.425867319107056,2444
16.446540355682373,2443
16.46863293647766,2442
16.49077534675598,2441
16.5123610496521,2440
16.533867835998535,2439
16.555251121520996,2438
16.577069997787476,2437
16.599098205566406,2436
16.621233463287354,2435
16.641494750976562,2434
16.662492990493774,2433
16.684847354888916,2432
16.706732034683228,2431
16.726919651031494,2430
16.747337102890015,2429
16.769901275634766,2428
16.792041063308716,2427
16.812065362930298,2426
16.832053422927856,2425
16.85423970222473,2424
16.876638650894165,2423
16.896663188934326,2422
16.91657829284668,2421
16.938430309295654,2420
16.960866451263428,2419
16.981722593307495,2418
17.001869678497314,2417
17.02378797531128,2416
17.04572606086731,2415
17.06734585762024,2414
17.087687969207764,2413
17.10962414741516,2412
17.1312038898468,2411
24.565699577331543,2410
