0.07752847671508789,3159
0.10321617126464844,3158
0.12853121757507324,3157
0.15373539924621582,3156
0.1790778636932373,3155
0.20470929145812988,3154
0.22972321510314941,3153
0.254772424697876,3152
0.28028392791748047,3151
0.3055610656738281,3150
0.33069729804992676,3149
0.3559751510620117,3148
0.3814702033996582,3147
0.40656137466430664,3146
0.4316561222076416,3145
0.45683741569519043,3144
0.48213815689086914,3143
0.5074625015258789,3142
0.5328214168548584,3141
0.5580458641052246,3140
0.5831327438354492,3139
0.6086483001708984,3138
0.6342952251434326,3137
0.659562349319458,3136
0.6846592426300049,3135
0.7101602554321289,3134
0.735663890838623,3133
0.7610633373260498,3132
0.7860383987426758,3131
0.8115615844726562,3130
0.8370771408081055,3129
0.8624873161315918,3128
0.8873496055603027,3127
0.9128661155700684,3126
0.9384124279022217,3125
0.9637298583984375,3124
0.988847017288208,3123
1.014108419418335,3122
1.0397365093231201,3121
1.065044641494751,3120
1.0901234149932861,3119
1.1155540943145752,3118
1.1410348415374756,3117
1.1663544178009033,3116
1.191300630569458,3115
1.2165820598602295,3114
1.2421469688415527,3113
1.2674124240875244,3112
1.2925338745117188,3111
1.3173973560333252,3110
1.3429853916168213,3109
1.3683195114135742,3108
1.393585205078125,3107
1.4186089038848877,3106
1.444298267364502,3105
1.4697096347808838,3104
1.4947717189788818,3103
1.5197412967681885,3102
1.54524827003479,3101
1.5705044269561768,3100
1.5952582359313965,3099
1.6200587749481201,3098
1.6454358100891113,3097
1.6705775260925293,3096
1.6951496601104736,3095
1.719860553741455,3094
1.745293140411377,3093
1.770601749420166,3092
1.7951815128326416,3091
1.819892406463623,3090
1.8452327251434326,3089
1.8705568313598633,3088
1.8951895236968994,3087
1.9198634624481201,3086
1.9452264308929443,3085
1.9704952239990234,3084
1.9950623512268066,3083
2.020021915435791,3082
2.0456886291503906,3081
2.0712759494781494,3080
2.095956563949585,3079
2.120628833770752,3078
2.14591646194458,3077
2.1711204051971436,3076
2.195925712585449,3075
2.2205052375793457,3074
2.2457175254821777,3073
2.270932912826538,3072
2.295771598815918,3071
2.320396900177002,3070
2.3455252647399902,3069
2.370755672454834,3068
2.395388603210449,3067
2.4202163219451904,3066
2.445371389389038,3065
2.4705986976623535,3064
2.4953725337982178,3063
2.5201897621154785,3062
2.545379877090454,3061
2.570521354675293,3060
2.595163583755493,3059
2.6199991703033447,3058
2.6451969146728516,3057
2.670379400253296,3056
2.695077419281006,3055
2.719893455505371,3054
2.745314836502075,3053
2.770486354827881,3052
2.795198917388916,3051
2.8200645446777344,3050
2.8454971313476562,3049
2.870541572570801,3048
2.895111083984375,3047
2.919729709625244,3046
2.945082187652588,3045
2.9701452255249023,3044
2.9949264526367188,3043
3.0198631286621094,3042
3.0455539226531982,3041
3.070650577545166,3040
3.0951197147369385,3039
3.119753360748291,3038
3.144993543624878,3037
3.1701834201812744,3036
3.1946513652801514,3035
3.2191662788391113,3034
3.244377374649048,3033
3.269512176513672,3032
3.293850898742676,3031
3.31831693649292,3030
3.3435723781585693,3029
3.3686437606811523,3028
3.3933703899383545,3027
3.4177567958831787,3026
3.4429523944854736,3025
3.468032121658325,3024
3.4927375316619873,3023
3.5171029567718506,3022
3.5421438217163086,3021
3.5672671794891357,3020
3.592013120651245,3019
3.6171019077301025,3018
3.6422994136810303,3017
3.6674423217773438,3016
3.6922574043273926,3015
3.716937303543091,3014
3.7419042587280273,3013
3.766855478286743,3012
3.7911977767944336,3011
3.8156893253326416,3010
3.8407862186431885,3009
3.865752935409546,3008
3.8901822566986084,3007
3.914663553237915,3006
3.9397294521331787,3005
3.964841604232788,3004
3.9892544746398926,3003
4.013774633407593,3002
4.038345813751221,3001
4.062517404556274,3000
4.08569598197937,2999
4.108936548233032,2998
4.132786512374878,2997
4.157105445861816,2996
4.1803879737854,2995
4.203644037246704,2994
4.227465391159058,2993
4.251744031906128,2992
4.274842023849487,2991
4.298033714294434,2990
4.321752071380615,2989
4.3460471630096436,2988
4.369395971298218,2987
4.392597675323486,2986
4.416156053543091,2985
4.440447092056274,2984
4.463739633560181,2983
4.487126588821411,2982
4.510905027389526,2981
4.535252332687378,2980
4.558813810348511,2979
4.583130359649658,2978
4.606739044189453,2977
4.630963087081909,2976
4.654782772064209,2975
4.6789727210998535,2974
4.702508449554443,2973
4.726728677749634,2972
4.7510411739349365,2971
4.774798154830933,2970
4.798286437988281,2969
4.822604417800903,2968
4.847004413604736,2967
4.87022590637207,2966
4.893752813339233,2965
4.918353796005249,2964
4.942615270614624,2963
4.965695858001709,2962
4.9890055656433105,2961
5.013690710067749,2960
5.0377326011657715,2959
5.060976505279541,2958
5.084310054779053,2957
5.109161853790283,2956
5.133046865463257,2955
5.15609884262085,2954
5.179399013519287,2953
5.204186201095581,2952
5.228096008300781,2951
5.250402212142944,2950
5.2738165855407715,2949
5.298551082611084,2948
5.3225977420806885,2947
5.345691442489624,2946
5.369200944900513,2945
5.393750905990601,2944
5.417782306671143,2943
5.440756797790527,2942
5.465054273605347,2941
5.489091873168945,2940
5.5131731033325195,2939
5.536540269851685,2938
5.560682773590088,2937
5.584487438201904,2936
5.608633041381836,2935
5.632601261138916,2934
5.656590461730957,2933
5.680201053619385,2932
5.704531908035278,2931
5.728707790374756,2930
5.751865386962891,2929
5.775656223297119,2928
5.800065994262695,2927
5.824145078659058,2926
5.847291946411133,2925
5.870703220367432,2924
5.895479202270508,2923
5.91927433013916,2922
5.942241191864014,2921
5.965674161911011,2920
5.990451812744141,2919
6.014073133468628,2918
6.037119388580322,2917
6.060165643692017,2916
6.08497166633606,2915
6.108682870864868,2914
6.131739139556885,2913
6.154966115951538,2912
6.179625988006592,2911
6.203626394271851,2910
6.22651481628418,2909
6.249878883361816,2908
6.274416923522949,2907
6.298278570175171,2906
6.321202993392944,2905
6.345179796218872,2904
6.369599342346191,2903
6.39367151260376,2902
6.41681432723999,2901
6.440972805023193,2900
6.464839458465576,2899
6.488776206970215,2898
6.512284278869629,2897
6.537074327468872,2896
6.5619590282440186,2895
6.5864787101745605,2894
6.61092734336853,2893
6.634536504745483,2892
6.6584413051605225,2891
6.682706117630005,2890
6.706786155700684,2889
6.729789733886719,2888
6.753450632095337,2887
6.77780818939209,2886
6.801746606826782,2885
6.824708461761475,2884
6.848298788070679,2883
6.8730010986328125,2882
6.896602392196655,2881
6.919635057449341,2880
6.942813873291016,2879
6.967545747756958,2878
6.990922689437866,2877
7.013859510421753,2876
7.037062168121338,2875
7.061787128448486,2874
7.085527420043945,2873
7.108537435531616,2872
7.131692409515381,2871
7.156316041946411,2870
7.1801793575286865,2869
7.202991962432861,2868
7.226545572280884,2867
7.251062870025635,2866
7.275021076202393,2865
7.298160076141357,2864
7.322080612182617,2863
7.346177101135254,2862
7.37012505531311,2861
7.393146991729736,2860
7.417169094085693,2859
7.44076681137085,2858
7.4647438526153564,2857
7.488429307937622,2856
7.512185096740723,2855
7.535707473754883,2854
7.559907674789429,2853
7.5838377475738525,2852
7.607043743133545,2851
7.63032078742981,2850
7.654505252838135,2849
7.678467512130737,2848
7.7012245655059814,2847
7.724490165710449,2846
7.748805999755859,2845
7.772757053375244,2844
7.7956626415252686,2843
7.818664312362671,2842
7.843057155609131,2841
7.866950273513794,2840
7.888914346694946,2839
7.911120653152466,2838
7.935823202133179,2837
7.959989786148071,2836
7.983244180679321,2835
8.006457805633545,2834
8.031023263931274,2833
8.055179595947266,2832
8.078436851501465,2831
8.10172724723816,2830
8.126177787780762,2829
8.150294303894043,2828
8.173449754714966,2827
8.197027444839478,2826
8.221310377120972,2825
8.245408058166504,2824
8.268690586090088,2823
8.29276442527771,2822
8.316526412963867,2821
8.340302228927612,2820
8.363525867462158,2819
8.387917757034302,2818
8.41133975982666,2817
8.434882164001465,2816
8.458150863647461,2815
8.482475519180298,2814
8.505570650100708,2813
8.528858184814453,2812
8.55272126197815,2811
8.576701164245605,2810
8.600204467773438,2809
8.62346363067627,2808
8.64753794670105,2807
8.671323776245117,2806
8.69496488571167,2805
8.71823000907898,2804
8.742237567901611,2803
8.76616907119751,2802
8.789201498031616,2801
8.81279993057251,2800
8.836870670318604,2799
8.860455513000488,2798
8.883920907974243,2797
8.907091856002808,2796
8.931434631347656,2795
8.954638719558716,2794
8.978094577789307,2793
9.001786470413208,2792
9.025841474533081,2791
9.049419641494751,2790
9.07251501083374,2789
9.096397399902344,2788
9.12029480934143,2787
9.14363956451416,2786
9.167124032974243,2785
9.190982818603516,2784
9.214909315109253,2783
9.238069534301758,2782
9.261528491973877,2781
9.285664558410645,2780
9.309058904647827,2779
9.332646608352661,2778
9.35596251487732,2777
9.380382061004639,2776
9.403562545776367,2775
9.426602125167847,2774
9.449932098388672,2773
9.473799705505371,2772
9.496882438659668,2771
9.519941329956055,2770
9.543511390686035,2769
9.567268371582031,2768
9.590328216552734,2767
9.613390922546387,2766
9.637184619903564,2765
9.660770654678345,2764
9.683747053146362,2763
9.706880569458008,2762
9.731030941009521,2761
9.75431489944458,2760
9.777369976043701,2759
9.800616264343262,2758
9.824470520019531,2757
9.848001956939697,2756
9.870975732803345,2755
9.894536018371582,2754
9.918370723724365,2753
9.94193172454834,2752
9.96535849571228,2751
9.989164113998413,2750
10.012622117996216,2749
10.035686731338501,2748
10.058745622634888,2747
10.082555532455444,2746
10.105515956878662,2745
10.128466367721558,2744
10.151583671569824,2743
10.175414323806763,2742
10.198328971862793,2741
10.221312284469604,2740
10.24472689628601,2739
10.268229961395264,2738
10.290735721588135,2737
10.31095004081726,2736
10.33280086517334,2735
10.355734586715698,2734
10.375820875167847,2733
10.39723014831543,2732
10.420588493347168,2731
10.444151639938354,2730
10.46726131439209,2729
10.489983320236206,2728
10.513513803482056,2727
10.536351442337036,2726
10.559024572372437,2725
10.581665515899658,2724
10.605526447296143,2723
10.628384113311768,2722
10.650814056396484,2721
10.673316717147827,2720
10.696916103363037,2719
10.719250679016113,2718
10.741020441055298,2717
10.76305627822876,2716
10.786412477493286,2715
10.807665586471558,2714
10.829996347427368,2713
10.852299213409424,2712
10.875833511352539,2711
10.897772312164307,2710
10.919732093811035,2709
10.941996812820435,2708
10.965073823928833,2707
10.987054586410522,2706
11.009162664413452,2705
11.032175779342651,2704
11.055698156356812,2703
11.077945709228516,2702
11.100182294845581,2701
11.123723268508911,2700
11.147562026977539,2699
11.1706862449646,2698
11.19367265701294,2697
11.217803955078125,2696
11.24188494682312,2695
11.265885591506958,2694
11.289532661437988,2693
11.313915252685547,2692
11.337775468826294,2691
11.360553979873657,2690
11.383253574371338,2689
11.407102108001709,2688
11.43060302734375,2687
11.453034162521362,2686
11.475814819335938,2685
11.498413562774658,2684
11.52056884765625,2683
11.54302191734314,2682
11.565317630767822,2681
11.587733507156372,2680
11.610069513320923,2679
11.632521867752075,2678
11.654932022094727,2677
11.677062749862671,2676
11.699621438980103,2675
11.72181510925293,2674
11.744504928588867,2673
11.76677131652832,2672
11.789382934570312,2671
11.811718940734863,2670
11.834313869476318,2669
11.85655665397644,2668
11.879254817962646,2667
11.90147614479065,2666
11.924224853515625,2665
11.946617126464844,2664
11.969212055206299,2663
11.99155879020691,2662
12.01448130607605,2661
12.03656268119812,2660
12.059517860412598,2659
12.0816330909729,2658
12.104285478591919,2657
12.126702547073364,2656
12.14918828010559,2655
12.171917915344238,2654
12.194141864776611,2653
12.21702527999878,2652
12.239245653152466,2651
12.262292623519897,2650
12.284666776657104,2649
12.307087898254395,2648
12.329859733581543,2647
12.35324501991272,2646
12.376463890075684,2645
12.398838758468628,2644
12.422194719314575,2643
12.44556999206543,2642
12.468585729598999,2641
12.490708589553833,2640
12.513014554977417,2639
12.535982608795166,2638
12.560302734375,2637
12.582761764526367,2636
12.60612940788269,2635
12.629876136779785,2634
12.654024362564087,2633
12.67734694480896,2632
12.699652194976807,2631
12.720277786254883,2630
12.742834568023682,2629
12.764740228652954,2628
12.785194873809814,2627
12.805432081222534,2626
12.827395915985107,2625
12.849953651428223,2624
12.870108842849731,2623
12.89018726348877,2622
12.910998106002808,2621
12.933609008789062,2620
12.955333232879639,2619
12.976276636123657,2618
12.998475551605225,2617
13.02150821685791,2616
13.04386568069458,2615
13.064186573028564,2614
13.0842924118042,2613
13.10570216178894,2612
13.128256797790527,2611
13.148625135421753,2610
13.168630838394165,2609
13.189178228378296,2608
13.211785078048706,2607
13.23366403579712,2606
13.25397276878357,2605
13.274178743362427,2604
13.296078205108643,2603
13.318439960479736,2602
13.338573694229126,2601
13.358546257019043,2600
13.379266023635864,2599
13.401808261871338,2598
13.423187494277954,2597
13.443360805511475,2596
13.46347975730896,2595
13.48550271987915,2594
13.507728338241577,2593
13.527771472930908,2592
13.547837734222412,2591
13.568567037582397,2590
13.591092586517334,2589
13.612266302108765,2588
13.632569789886475,2587
13.652873992919922,2586
13.67501950263977,2585
13.697115898132324,2584
13.71718978881836,2583
13.737175226211548,2582
13.758134126663208,2581
13.780590772628784,2580
13.801310777664185,2579
13.821338891983032,2578
13.841487646102905,2577
13.863628149032593,2576
13.885679006576538,2575
13.906653881072998,2574
13.928442478179932,2573
13.952289819717407,2572
13.97592806816101,2571
13.999560117721558,2570
14.02295994758606,2569
14.045594930648804,2568
14.06948971748352,2567
14.093040943145752,2566
14.116485357284546,2565
14.140202283859253,2564
14.164192199707031,2563
14.187889814376831,2562
14.21133279800415,2561
14.234941720962524,2560
14.258928775787354,2559
14.28273606300354,2558
14.306232452392578,2557
14.329653263092041,2556
14.353579044342041,2555
14.377445936203003,2554
14.400908708572388,2553
14.424377679824829,2552
14.448088645935059,2551
14.472139596939087,2550
14.495513916015625,2549
14.519204139709473,2548
14.54293179512024,2547
14.566865921020508,2546
14.590405464172363,2545
14.613484144210815,2544
14.636825323104858,2543
14.660690546035767,2542
14.684407472610474,2541
14.707566499710083,2540
14.730838537216187,2539
14.754647970199585,2538
14.778396606445312,2537
14.80148458480835,2536
14.824615955352783,2535
14.84826111793518,2534
14.872203588485718,2533
14.89552640914917,2532
14.918830871582031,2531
14.942137241363525,2530
14.965967893600464,2529
14.989414691925049,2528
15.012589931488037,2527
15.035799980163574,2526
15.059691905975342,2525
15.083364725112915,2524
15.106499671936035,2523
15.129688501358032,2522
15.1535005569458,2521
15.177226781845093,2520
15.200304508209229,2519
15.223472118377686,2518
15.247012853622437,2517
15.270812749862671,2516
15.29386568069458,2515
15.316989421844482,2514
15.340354204177856,2513
15.364158391952515,2512
15.38776445388794,2511
15.411187410354614,2510
15.434593439102173,2509
15.458457231521606,2508
15.482366800308228,2507
15.506314039230347,2506
15.529566526412964,2505
15.553445816040039,2504
15.577458381652832,2503
15.601367950439453,2502
15.624550819396973,2501
15.648167610168457,2500
15.672234296798706,2499
15.696054935455322,2498
15.719052791595459,2497
15.742386102676392,2496
15.766522884368896,2495
15.790363550186157,2494
15.813578128814697,2493
15.836801052093506,2492
15.86088490486145,2491
15.884915351867676,2490
15.908064126968384,2489
15.93110203742981,2488
15.954821586608887,2487
15.979089260101318,2486
16.002084970474243,2485
16.025157690048218,2484
16.048563957214355,2483
16.072819232940674,2482
16.096441745758057,2481
16.119539737701416,2480
16.142901182174683,2479
16.167071104049683,2478
16.190827131271362,2477
16.213910341262817,2476
16.23721671104431,2475
16.26128363609314,2474
16.285245180130005,2473
16.308722734451294,2472
16.332276582717896,2471
16.35606837272644,2470
16.37987232208252,2469
16.403456449508667,2468
16.42716360092163,2467
16.450822353363037,2466
16.47459864616394,2465
16.498404026031494,2464
16.52234387397766,2463
16.545701265335083,2462
16.56930923461914,2461
16.593087911605835,2460
16.6167471408844,2459
16.639753818511963,2458
16.663228034973145,2457
16.68709421157837,2456
16.711003065109253,2455
16.73403286933899,2454
16.75734782218933,2453
16.781206846237183,2452
16.80501389503479,2451
16.828073024749756,2450
16.850987911224365,2449
16.874813079833984,2448
16.89882469177246,2447
16.921741724014282,2446
16.94472908973694,2445
16.96798348426819,2444
16.99213433265686,2443
17.015453815460205,2442
17.038420915603638,2441
17.06160545349121,2440
17.085684537887573,2439
17.109272241592407,2438
17.131998538970947,2437
17.155015230178833,2436
17.17897915840149,2435
17.20263409614563,2434
17.225770235061646,2433
17.248929262161255,2432
17.272786617279053,2431
17.296433925628662,2430
17.31978750228882,2429
17.343047857284546,2428
17.366711139678955,2427
17.390214920043945,2426
17.413766860961914,2425
17.437088012695312,2424
17.460503339767456,2423
17.48381471633911,2422
17.507314205169678,2421
17.530899047851562,2420
17.55435037612915,2419
17.577627658843994,2418
17.601399660110474,2417
17.6251323223114,2416
17.64818525314331,2415
17.67115616798401,2414
17.69487977027893,2413
17.71886372566223,2412
28.05226969718933,2411
30.348706483840942,2410
