0.004273891448974609,4940
0.00849604606628418,4939
0.013463020324707031,4938
0.017539024353027344,4937
0.021876811981201172,4936
0.026408910751342773,4935
0.030581951141357422,4934
0.03468799591064453,4933
0.038841962814331055,4932
0.04288506507873535,4931
0.04687094688415527,4930
0.05077195167541504,4929
0.05480194091796875,4928
0.058763980865478516,4927
0.06266212463378906,4926
0.06648802757263184,4925
0.07042193412780762,4924
0.07444405555725098,4923
0.0784308910369873,4922
0.08228087425231934,4921
0.08618497848510742,4920
0.09000277519226074,4919
0.09375596046447754,4918
0.09744000434875488,4917
0.10126686096191406,4916
0.10512304306030273,4915
0.10886073112487793,4914
0.11258792877197266,4913
0.11632609367370605,4912
0.12020182609558105,4911
0.12404489517211914,4910
0.12781095504760742,4909
0.13147497177124023,4908
0.13536882400512695,4907
0.1392381191253662,4906
0.1429901123046875,4905
0.14665794372558594,4904
0.15009307861328125,4903
0.15323996543884277,4902
0.15806293487548828,4901
0.16103076934814453,4900
0.16395783424377441,4899
0.16705894470214844,4898
0.1704399585723877,4897
0.17670178413391113,4896
0.17963194847106934,4895
0.18278193473815918,4894
0.1862049102783203,4893
0.18936800956726074,4892
0.19251084327697754,4891
0.19553089141845703,4890
0.1984858512878418,4889
0.2017230987548828,4888
0.20537686347961426,4887
0.20859098434448242,4886
0.21181106567382812,4885
0.21504616737365723,4884
0.21851587295532227,4883
0.22212505340576172,4882
0.22603106498718262,4881
0.2296738624572754,4880
0.23303008079528809,4879
0.23619508743286133,4878
0.23934197425842285,4877
0.2426290512084961,4876
0.24575495719909668,4875
0.24874210357666016,4874
0.25208282470703125,4873
0.25539708137512207,4872
0.2588191032409668,4871
0.2624077796936035,4870
0.2661130428314209,4869
0.27063703536987305,4868
0.2744269371032715,4867
0.27811193466186523,4866
0.28172802925109863,4865
0.2852458953857422,4864
0.28861498832702637,4863
0.29164576530456543,4862
0.2945871353149414,4861
0.2974681854248047,4860
0.30036282539367676,4859
0.30327606201171875,4858
0.3062319755554199,4857
0.30911684036254883,4856
0.312028169631958,4855
0.3149080276489258,4854
0.318483829498291,4853
0.32199907302856445,4852
0.32510900497436523,4851
0.3285360336303711,4850
0.33280301094055176,4849
0.3363990783691406,4848
0.3406848907470703,4847
0.344789981842041,4846
0.34879398345947266,4845
0.3526298999786377,4844
0.3563239574432373,4843
0.3600177764892578,4842
0.36371397972106934,4841
0.36737990379333496,4840
0.3709590435028076,4839
0.37421679496765137,4838
0.37724900245666504,4837
0.38017988204956055,4836
0.38344383239746094,4835
0.38695192337036133,4834
0.39060401916503906,4833
0.39421987533569336,4832
0.3977048397064209,4831
0.4014167785644531,4830
0.40520691871643066,4829
0.41086411476135254,4828
0.4140479564666748,4827
0.4176790714263916,4826
0.42063093185424805,4825
0.42558884620666504,4824
0.43010997772216797,4823
0.43318700790405273,4822
0.4363718032836914,4821
0.43956899642944336,4820
0.44565916061401367,4819
0.44861793518066406,4818
0.4515960216522217,4817
0.4545109272003174,4816
0.45745396614074707,4815
0.4603559970855713,4814
0.4659860134124756,4813
0.46927881240844727,4812
0.4724128246307373,4811
0.476154088973999,4810
0.47913384437561035,4809
0.48210811614990234,4808
0.4851229190826416,4807
0.48812413215637207,4806
0.4924299716949463,4805
0.4955308437347412,4804
0.49872612953186035,4803
0.5019707679748535,4802
0.5050070285797119,4801
0.508145809173584,4800
0.5111038684844971,4799
0.5140149593353271,4798
0.516913890838623,4797
0.519873857498169,4796
0.5227749347686768,4795
0.5258097648620605,4794
0.5287480354309082,4793
0.5316569805145264,4792
0.5349159240722656,4791
0.5381088256835938,4790
0.5411849021911621,4789
0.5441970825195312,4788
0.5472948551177979,4787
0.551379919052124,4786
0.5548708438873291,4785
0.5585289001464844,4784
0.5623898506164551,4783
0.5664029121398926,4782
0.5703530311584473,4781
0.5743069648742676,4780
0.5781760215759277,4779
0.5820598602294922,4778
0.5860629081726074,4777
0.5900490283966064,4776
0.5941269397735596,4775
0.5982158184051514,4774
0.6024758815765381,4773
0.6065938472747803,4772
0.6105520725250244,4771
0.6144921779632568,4770
0.6188950538635254,4769
0.6233088970184326,4768
0.6275198459625244,4767
0.6318509578704834,4766
0.6362848281860352,4765
0.6450510025024414,4764
0.6493628025054932,4763
0.6541109085083008,4762
0.6585378646850586,4761
0.6629407405853271,4760
0.667396068572998,4759
0.6717290878295898,4758
0.6759159564971924,4757
0.6798958778381348,4756
0.6840717792510986,4755
0.6888129711151123,4754
0.6942670345306396,4753
0.6982870101928711,4752
0.7028319835662842,4751
0.7071647644042969,4750
0.7113490104675293,4749
0.7153980731964111,4748
0.7201347351074219,4747
0.7245979309082031,4746
0.7290217876434326,4745
0.7333450317382812,4744
0.7378721237182617,4743
0.7424030303955078,4742
0.7465560436248779,4741
0.7507481575012207,4740
0.7548441886901855,4739
0.7587308883666992,4738
0.7624330520629883,4737
0.7660510540008545,4736
0.7696990966796875,4735
0.7733159065246582,4734
0.7786898612976074,4733
0.7819581031799316,4732
0.7854928970336914,4731
0.7890539169311523,4730
0.7957150936126709,4729
0.7988729476928711,4728
0.8019309043884277,4727
0.8050029277801514,4726
0.8080639839172363,4725
0.8110859394073486,4724
0.8140788078308105,4723
0.8175139427185059,4722
0.8207647800445557,4721
0.8239641189575195,4720
0.8269898891448975,4719
0.8299779891967773,4718
0.8331360816955566,4717
0.8370089530944824,4716
0.8401529788970947,4715
0.8432228565216064,4714
0.8462519645690918,4713
0.8534460067749023,4712
0.8564651012420654,4711
0.8594138622283936,4710
0.8623929023742676,4709
0.8682947158813477,4708
0.8714559078216553,4707
0.8745441436767578,4706
0.877586841583252,4705
0.8805880546569824,4704
0.8869459629058838,4703
0.8900017738342285,4702
0.8952710628509521,4701
0.898291826248169,4700
0.9012541770935059,4699
0.90419602394104,4698
0.9071149826049805,4697
0.916693925857544,4696
0.919644832611084,4695
0.9225819110870361,4694
0.9280920028686523,4693
0.9310379028320312,4692
0.9343869686126709,4691
0.9376280307769775,4690
0.9409000873565674,4689
0.9439420700073242,4688
0.9469008445739746,4687
0.9501519203186035,4686
0.9533169269561768,4685
0.9564337730407715,4684
0.9608910083770752,4683
0.9670369625091553,4682
0.9700798988342285,4681
0.9731659889221191,4680
0.9761860370635986,4679
0.9793078899383545,4678
0.9823501110076904,4677
0.9854497909545898,4676
0.9885008335113525,4675
0.9916210174560547,4674
0.9982881546020508,4673
1.001431941986084,4672
1.0075199604034424,4671
1.0168030261993408,4670
1.02003812789917,4669
1.0231239795684814,4668
1.0261549949645996,4667
1.0291318893432617,4666
1.03212308883667,4665
1.035099983215332,4664
1.0381600856781006,4663
1.0411760807037354,4662
1.0442368984222412,4661
1.0474538803100586,4660
1.0508551597595215,4659
1.0612049102783203,4658
1.0710020065307617,4657
1.0743680000305176,4656
1.078089952468872,4655
1.0815260410308838,4654
1.0866360664367676,4653
1.0931377410888672,4652
1.0971739292144775,4651
1.101489782333374,4650
1.1055889129638672,4649
1.1096320152282715,4648
1.1138160228729248,4647
1.12009596824646,4646
1.1243140697479248,4645
1.1284279823303223,4644
1.1341381072998047,4643
1.1384549140930176,4642
1.1431410312652588,4641
1.1473629474639893,4640
1.1517889499664307,4639
1.1560218334197998,4638
1.1600911617279053,4637
1.163938045501709,4636
1.1699261665344238,4635
1.1755807399749756,4634
1.1793298721313477,4633
1.1832690238952637,4632
1.1873230934143066,4631
1.1912519931793213,4630
1.1950697898864746,4629
1.2028589248657227,4628
1.2067649364471436,4627
1.2105650901794434,4626
1.2140378952026367,4625
1.217499017715454,4624
1.2207379341125488,4623
1.2239348888397217,4622
1.2270569801330566,4621
1.230198860168457,4620
1.2337689399719238,4619
1.2370941638946533,4618
1.2403807640075684,4617
1.2438368797302246,4616
1.2506470680236816,4615
1.254918098449707,4614
1.259018898010254,4613
1.2629218101501465,4612
1.2669899463653564,4611
1.27852201461792,4610
1.2822210788726807,4609
1.2913899421691895,4608
1.2951478958129883,4607
1.2986490726470947,4606
1.302337884902954,4605
1.3098578453063965,4604
1.3131580352783203,4603
1.3165709972381592,4602
1.320157766342163,4601
1.3276619911193848,4600
1.3314311504364014,4599
1.3353779315948486,4598
1.3393149375915527,4597
1.3430938720703125,4596
1.3468379974365234,4595
1.3572001457214355,4594
1.3640010356903076,4593
1.367729902267456,4592
1.3750150203704834,4591
1.3788259029388428,4590
1.3826768398284912,4589
1.3871779441833496,4588
1.391244888305664,4587
1.3951749801635742,4586
1.402554988861084,4585
1.4064569473266602,4584
1.4102509021759033,4583
1.4138867855072021,4582
1.4177939891815186,4581
1.4216880798339844,4580
1.4255127906799316,4579
1.429163932800293,4578
1.4329688549041748,4577
1.4369618892669678,4576
1.4408690929412842,4575
1.4465720653533936,4574
1.451624870300293,4573
1.4555540084838867,4572
1.459263801574707,4571
1.4625561237335205,4570
1.4658889770507812,4569
1.4692168235778809,4568
1.4731130599975586,4567
1.4768359661102295,4566
1.484368085861206,4565
1.4875750541687012,4564
1.4907259941101074,4563
1.4937918186187744,4562
1.4967679977416992,4561
1.500380039215088,4560
1.5101230144500732,4559
1.513084888458252,4558
1.5163650512695312,4557
1.519711971282959,4556
1.5228090286254883,4555
1.5257959365844727,4554
1.5376617908477783,4553
1.5430819988250732,4552
1.5526759624481201,4551
1.555840015411377,4550
1.5589728355407715,4549
1.5619759559631348,4548
1.564932107925415,4547
1.5710828304290771,4546
1.5741369724273682,4545
1.577138900756836,4544
1.580096960067749,4543
1.588442087173462,4542
1.5921518802642822,4541
1.5955169200897217,4540
1.6023879051208496,4539
1.606919765472412,4538
1.6101088523864746,4537
1.6131870746612549,4536
1.6165568828582764,4535
1.6200218200683594,4534
1.6235041618347168,4533
1.627073049545288,4532
1.6322789192199707,4531
1.6360890865325928,4530
1.6399250030517578,4529
1.6436920166015625,4528
1.6505210399627686,4527
1.6542870998382568,4526
1.6580650806427002,4525
1.6625080108642578,4524
1.6657037734985352,4523
1.6692898273468018,4522
1.6726577281951904,4521
1.676191806793213,4520
1.6797459125518799,4519
1.6849069595336914,4518
1.6888811588287354,4517
1.6963419914245605,4516
1.7015788555145264,4515
1.705475091934204,4514
1.7091848850250244,4513
1.7127480506896973,4512
1.716491937637329,4511
1.7203419208526611,4510
1.7301969528198242,4509
1.7335968017578125,4508
1.7435529232025146,4507
1.750072956085205,4506
1.7534828186035156,4505
1.7580978870391846,4504
1.7648828029632568,4503
1.7703559398651123,4502
1.7741219997406006,4501
1.77811598777771,4500
1.7820510864257812,4499
1.786005973815918,4498
1.7898449897766113,4497
1.7955150604248047,4496
1.7990930080413818,4495
1.8028829097747803,4494
1.8098390102386475,4493
1.8143658638000488,4492
1.8178417682647705,4491
1.8221790790557861,4490
1.8255767822265625,4489
1.831650972366333,4488
1.844296932220459,4487
1.847801923751831,4486
1.8514189720153809,4485
1.855201005935669,4484
1.8603968620300293,4483
1.8637018203735352,4482
1.867048978805542,4481
1.8705031871795654,4480
1.8741919994354248,4479
1.8778307437896729,4478
1.8881840705871582,4477
1.891840934753418,4476
1.8954038619995117,4475
1.8995029926300049,4474
1.9103648662567139,4473
1.9140851497650146,4472
1.9180190563201904,4471
1.9243388175964355,4470
1.9279868602752686,4469
1.9315569400787354,4468
1.9352669715881348,4467
1.938981056213379,4466
1.942573070526123,4465
1.9468610286712646,4464
1.9499120712280273,4463
1.9529240131378174,4462
1.9558899402618408,4461
1.9588110446929932,4460
1.9617578983306885,4459
1.964775800704956,4458
1.9686119556427002,4457
1.971790075302124,4456
1.9747707843780518,4455
1.9776880741119385,4454
1.9843099117279053,4453
1.9877259731292725,4452
1.9909439086914062,4451
1.9971058368682861,4450
2.000809907913208,4449
2.0042150020599365,4448
2.0100810527801514,4447
2.013662815093994,4446
2.0232770442962646,4445
2.0269949436187744,4444
2.035398006439209,4443
2.038567066192627,4442
2.0416839122772217,4441
2.046090841293335,4440
2.0491487979888916,4439
2.0524189472198486,4438
2.055475950241089,4437
2.0584380626678467,4436
2.061357021331787,4435
2.064260959625244,4434
2.067147970199585,4433
2.0700409412384033,4432
2.0729310512542725,4431
2.0783169269561768,4430
2.0812439918518066,4429
2.084508180618286,4428
2.0877199172973633,4427
2.093989133834839,4426
2.1024601459503174,4425
2.1065869331359863,4424
2.112499952316284,4423
2.119684934616089,4422
2.123584032058716,4421
2.129650831222534,4420
2.1359598636627197,4419
2.1393001079559326,4418
2.142414093017578,4417
2.1454410552978516,4416
2.148469924926758,4415
2.153719902038574,4414
2.1567211151123047,4413
2.161512851715088,4412
2.164438009262085,4411
2.1683900356292725,4410
2.1713080406188965,4409
2.1742188930511475,4408
2.1771199703216553,4407
2.180130958557129,4406
2.183264970779419,4405
2.1870157718658447,4404
2.190096139907837,4403
2.1957778930664062,4402
2.199293851852417,4401
2.202327013015747,4400
2.205983877182007,4399
2.2140698432922363,4398
2.2173638343811035,4397
2.220641851425171,4396
2.223706007003784,4395
2.228358030319214,4394
2.238471746444702,4393
2.256761074066162,4392
2.259809970855713,4391
2.262877941131592,4390
2.2729740142822266,4389
2.27655291557312,4388
2.2795538902282715,4387
2.291548013687134,4386
2.297393798828125,4385
2.3003058433532715,4384
2.3056418895721436,4383
2.308568000793457,4382
2.311537742614746,4381
2.314532995223999,4380
2.3175909519195557,4379
2.320707082748413,4378
2.323809862136841,4377
2.3269548416137695,4376
2.3332889080047607,4375
2.3384618759155273,4374
2.341804027557373,4373
2.3450748920440674,4372
2.3482720851898193,4371
2.351691961288452,4370
2.354944944381714,4369
2.3579938411712646,4368
2.3609650135040283,4367
2.3639168739318848,4366
2.3701839447021484,4365
2.376132011413574,4364
2.3791511058807373,4363
2.3832108974456787,4362
2.386324882507324,4361
2.389508008956909,4360
2.3926608562469482,4359
2.398210048675537,4358
2.4013800621032715,4357
2.4073450565338135,4356
2.4105379581451416,4355
2.4137439727783203,4354
2.4195408821105957,4353
2.4259119033813477,4352
2.4291388988494873,4351
2.4323251247406006,4350
2.4370038509368896,4349
2.4402339458465576,4348
2.4554758071899414,4347
2.459334135055542,4346
2.4625699520111084,4345
2.465820074081421,4344
2.469059944152832,4343
2.472203016281128,4342
2.47865891456604,4341
2.4933948516845703,4340
2.496303081512451,4339
2.499234914779663,4338
2.502213954925537,4337
2.5052099227905273,4336
2.508092164993286,4335
2.51397705078125,4334
2.52181077003479,4333
2.524754762649536,4332
2.5277628898620605,4331
2.530655860900879,4330
2.534179925918579,4329
2.5405988693237305,4328
2.5456838607788086,4327
2.548527956008911,4326
2.5543038845062256,4325
2.5572509765625,4324
2.5605809688568115,4323
2.5635199546813965,4322
2.5666589736938477,4321
2.570847988128662,4320
2.5738890171051025,4319
2.576838731765747,4318
2.5814361572265625,4317
2.5859198570251465,4316
2.5920259952545166,4315
2.5981500148773193,4314
2.604832887649536,4313
2.6078639030456543,4312
2.61381196975708,4311
2.61700701713562,4310
2.620760917663574,4309
2.6237549781799316,4308
2.6267340183258057,4307
2.629678964614868,4306
2.632647752761841,4305
2.6355879306793213,4304
2.638579845428467,4303
2.6416497230529785,4302
2.644775152206421,4301
2.647751808166504,4300
2.6510250568389893,4299
2.6574220657348633,4298
2.6680901050567627,4297
2.6713058948516846,4296
2.6743879318237305,4295
2.67740797996521,4294
2.6803970336914062,4293
2.683500051498413,4292
2.68654203414917,4291
2.6895530223846436,4290
2.7006709575653076,4289
2.703821897506714,4288
2.7068679332733154,4287
2.709913969039917,4286
2.7147397994995117,4285
2.718086004257202,4284
2.7231578826904297,4283
2.731158971786499,4282
2.734459161758423,4281
2.7410199642181396,4280
2.7440600395202637,4279
2.7470169067382812,4278
2.7604918479919434,4277
2.763528823852539,4276
2.7687411308288574,4275
2.7717440128326416,4274
2.7777698040008545,4273
2.7839930057525635,4272
2.7901508808135986,4271
2.7951600551605225,4270
2.7981019020080566,4269
2.801409959793091,4268
2.804593086242676,4267
2.8132448196411133,4266
2.8193960189819336,4265
2.8225388526916504,4264
2.826162815093994,4263
2.8309438228607178,4262
2.8398308753967285,4261
2.8428640365600586,4260
2.8489749431610107,4259
2.8522868156433105,4258
2.8584177494049072,4257
2.861353874206543,4256
2.864269971847534,4255
2.8677401542663574,4254
2.872653007507324,4253
2.875870943069458,4252
2.8831069469451904,4251
2.887139081954956,4250
2.8903698921203613,4249
2.894193172454834,4248
2.897202968597412,4247
2.900484085083008,4246
2.9064559936523438,4245
2.912341833114624,4244
2.9162228107452393,4243
2.9192280769348145,4242
2.925903081893921,4241
2.930795907974243,4240
2.941786050796509,4239
2.9448609352111816,4238
2.947942018508911,4237
2.955054998397827,4236
2.962625026702881,4235
2.969283103942871,4234
2.9756457805633545,4233
2.979196786880493,4232
2.985775947570801,4231
2.989116907119751,4230
2.9994099140167236,4229
3.0024397373199463,4228
3.007620096206665,4227
3.0107131004333496,4226
3.013782024383545,4225
3.016824960708618,4224
3.0231058597564697,4223
3.02616286277771,4222
3.029181957244873,4221
3.0322768688201904,4220
3.0353457927703857,4219
3.0388100147247314,4218
3.045297861099243,4217
3.0483598709106445,4216
3.0545997619628906,4215
3.0575759410858154,4214
3.0605239868164062,4213
3.063441038131714,4212
3.0663399696350098,4211
3.069317102432251,4210
3.072240114212036,4209
3.0775580406188965,4208
3.082612991333008,4207
3.0855510234832764,4206
3.088484048843384,4205
3.091438055038452,4204
3.0962941646575928,4203
3.099209785461426,4202
3.1021370887756348,4201
3.105997085571289,4200
3.1138527393341064,4199
3.1221799850463867,4198
3.1250929832458496,4197
3.1291539669036865,4196
3.1327080726623535,4195
3.1415600776672363,4194
3.1476969718933105,4193
3.153049945831299,4192
3.1586029529571533,4191
3.1615238189697266,4190
3.169362783432007,4189
3.1722819805145264,4188
3.1797828674316406,4187
3.1838340759277344,4186
3.1882097721099854,4185
3.191622018814087,4184
3.198603868484497,4183
3.2054860591888428,4182
3.211566925048828,4181
3.2146248817443848,4180
3.217564821243286,4179
3.2206239700317383,4178
3.2247531414031982,4177
3.2306418418884277,4176
3.238556146621704,4175
3.2450778484344482,4174
3.248034954071045,4173
3.255337953567505,4172
3.2582671642303467,4171
3.2612669467926025,4170
3.2667739391326904,4169
3.2730841636657715,4168
3.276392936706543,4167
3.279503107070923,4166
3.2825021743774414,4165
3.285491943359375,4164
3.2885138988494873,4163
3.2915329933166504,4162
3.294508934020996,4161
3.301969051361084,4160
3.306020975112915,4159
3.309100866317749,4158
3.3121609687805176,4157
3.3150980472564697,4156
3.319350004196167,4155
3.3223211765289307,4154
3.3322038650512695,4153
3.3368380069732666,4152
3.3402280807495117,4151
3.3433709144592285,4150
3.347827911376953,4149
3.3539907932281494,4148
3.357329845428467,4147
3.3630449771881104,4146
3.3674919605255127,4145
3.376577854156494,4144
3.379707098007202,4143
3.386077880859375,4142
3.3928799629211426,4141
3.3962759971618652,4140
3.402588129043579,4139
3.413957118988037,4138
3.4193859100341797,4137
3.4252641201019287,4136
3.433901071548462,4135
3.444453001022339,4134
3.4487099647521973,4133
3.451781988143921,4132
3.4630379676818848,4131
3.4688990116119385,4130
3.4782838821411133,4129
3.4812400341033936,4128
3.4841718673706055,4127
3.489377021789551,4126
3.492527961730957,4125
3.5066030025482178,4124
3.509881019592285,4123
3.516044855117798,4122
3.5190188884735107,4121
3.527113914489746,4120
3.530211925506592,4119
3.5332179069519043,4118
3.536195993423462,4117
3.5395939350128174,4116
3.5428779125213623,4115
3.549301862716675,4114
3.556351900100708,4113
3.5677878856658936,4112
3.5708017349243164,4111
3.57401704788208,4110
3.5770957469940186,4109
3.5801148414611816,4108
3.587211847305298,4107
3.596881151199341,4106
3.6035068035125732,4105
3.6131718158721924,4104
3.616176128387451,4103
3.619142770767212,4102
3.6240859031677246,4101
3.6270670890808105,4100
3.6331350803375244,4099
3.637725830078125,4098
3.641075849533081,4097
3.6587040424346924,4096
3.6617178916931152,4095
3.669847011566162,4094
3.6757869720458984,4093
3.678725004196167,4092
3.6821391582489014,4091
3.6851351261138916,4090
3.691565990447998,4089
3.6947200298309326,4088
3.6977410316467285,4087
3.7061429023742676,4086
3.712225914001465,4085
3.718799114227295,4084
3.721788167953491,4083
3.727496862411499,4082
3.730499029159546,4081
3.7379698753356934,4080
3.747627019882202,4079
3.7505710124969482,4078
3.7534990310668945,4077
3.758876085281372,4076
3.761802911758423,4075
3.7648260593414307,4074
3.7700510025024414,4073
3.7759740352630615,4072
3.7814688682556152,4071
3.787625789642334,4070
3.792689085006714,4069
3.801447868347168,4068
3.8100028038024902,4067
3.8132100105285645,4066
3.818516969680786,4065
3.824234962463379,4064
3.8336589336395264,4063
3.8401987552642822,4062
3.845546007156372,4061
3.8522379398345947,4060
3.855468988418579,4059
3.8644018173217773,4058
3.876614809036255,4057
3.879734992980957,4056
3.8833348751068115,4055
3.887310028076172,4054
3.890293836593628,4053
3.8933069705963135,4052
3.8962979316711426,4051
3.89931583404541,4050
3.902294874191284,4049
3.907409906387329,4048
3.916468858718872,4047
3.9194228649139404,4046
3.924186944961548,4045
3.9459030628204346,4044
3.952094793319702,4043
3.9550960063934326,4042
3.9590489864349365,4041
3.961988925933838,4040
3.967719793319702,4039
3.9774608612060547,4038
3.9838950634002686,4037
3.9898979663848877,4036
3.998868942260742,4035
4.001916170120239,4034
4.006129741668701,4033
4.0094687938690186,4032
4.012551784515381,4031
4.02222204208374,4030
4.025496959686279,4029
4.031665086746216,4028
4.049970865249634,4027
4.054819107055664,4026
4.057841062545776,4025
4.060855865478516,4024
4.0652220249176025,4023
4.073786973953247,4022
4.083173990249634,4021
4.08623194694519,4020
4.089654922485352,4019
4.092864990234375,4018
4.100924015045166,4017
4.1038899421691895,4016
4.107035160064697,4015
4.11308479309082,4014
4.1160218715667725,4013
4.118940114974976,4012
4.122065782546997,4011
4.133244752883911,4010
4.136275768280029,4009
4.139657974243164,4008
4.1472859382629395,4007
4.150321006774902,4006
4.16385293006897,4005
4.17006516456604,4004
4.1734559535980225,4003
4.176663875579834,4002
4.179796934127808,4001
4.183715105056763,4000
4.192913055419922,3999
4.196069002151489,3998
4.199221849441528,3997
4.211353063583374,3996
4.214544057846069,3995
4.217714786529541,3994
4.224240064620972,3993
4.22747802734375,3992
4.2341859340667725,3991
4.2381181716918945,3990
4.24914813041687,3989
4.261358976364136,3988
4.264430999755859,3987
4.270524024963379,3986
4.273770809173584,3985
4.29106593132019,3984
4.309501886367798,3983
4.312636137008667,3982
4.318705081939697,3981
4.330911874771118,3980
4.337386846542358,3979
4.345489025115967,3978
4.348533868789673,3977
4.355933904647827,3976
4.362513065338135,3975
4.3655641078948975,3974
4.368567943572998,3973
4.371548891067505,3972
4.379184007644653,3971
4.389817953109741,3970
4.392959833145142,3969
4.399794816970825,3968
4.40659499168396,3967
4.409653902053833,3966
4.420522928237915,3965
4.4414520263671875,3964
4.4451141357421875,3963
4.448058128356934,3962
4.454023838043213,3961
4.466232061386108,3960
4.472551107406616,3959
4.477955102920532,3958
4.480976104736328,3957
4.489113092422485,3956
4.500401020050049,3955
4.503566026687622,3954
4.517972946166992,3953
4.525804042816162,3952
4.529010772705078,3951
4.54590106010437,3950
4.555622100830078,3949
4.558861017227173,3948
4.562075138092041,3947
4.56522011756897,3946
4.571660041809082,3945
4.574892997741699,3944
4.581909894943237,3943
4.585155010223389,3942
4.591299057006836,3941
4.594748020172119,3940
4.598691940307617,3939
4.603404998779297,3938
4.61452579498291,3937
4.625810861587524,3936
4.632368087768555,3935
4.643751859664917,3934
4.64825701713562,3933
4.6517720222473145,3932
4.661733150482178,3931
4.664989948272705,3930
4.670841932296753,3929
4.674386978149414,3928
4.6852569580078125,3927
4.690492868423462,3926
4.694455862045288,3925
4.697386980056763,3924
4.700371980667114,3923
4.70330286026001,3922
4.706740856170654,3921
4.709947109222412,3920
4.714142799377441,3919
4.7255449295043945,3918
4.733659982681274,3917
4.736841917037964,3916
4.740255832672119,3915
4.749040126800537,3914
4.753217935562134,3913
4.760354995727539,3912
4.763459920883179,3911
4.766448020935059,3910
4.769453048706055,3909
4.780381917953491,3908
4.78627610206604,3907
4.792707920074463,3906
4.795803070068359,3905
4.805742979049683,3904
4.808873891830444,3903
4.811884880065918,3902
4.814834833145142,3901
4.826718807220459,3900
4.83539080619812,3899
4.838628053665161,3898
4.841845989227295,3897
4.846246004104614,3896
4.84923791885376,3895
4.858179092407227,3894
4.864003896713257,3893
4.867117881774902,3892
4.870300054550171,3891
4.873685836791992,3890
4.876847982406616,3889
4.879853963851929,3888
4.885751962661743,3887
4.889384984970093,3886
4.897291898727417,3885
4.9029529094696045,3884
4.913822889328003,3883
4.916841983795166,3882
4.920532941818237,3881
4.924970865249634,3880
4.932997941970825,3879
4.941126108169556,3878
4.953127145767212,3877
4.956722974777222,3876
4.960025072097778,3875
4.970896005630493,3874
4.974276065826416,3873
4.9775190353393555,3872
4.980588912963867,3871
4.9836180210113525,3870
4.986685752868652,3869
4.990012168884277,3868
4.996238946914673,3867
4.999262809753418,3866
5.0054991245269775,3865
5.023856163024902,3864
5.028461933135986,3863
5.031484842300415,3862
5.046816825866699,3861
5.0498411655426025,3860
5.064038038253784,3859
5.078139066696167,3858
5.0810558795928955,3857
5.097402095794678,3856
5.10040283203125,3855
5.108254909515381,3854
5.116220951080322,3853
5.122235059738159,3852
5.128730058670044,3851
5.143159866333008,3850
5.146260976791382,3849
5.157402038574219,3848
5.160551071166992,3847
5.174321889877319,3846
5.177430868148804,3845
5.182760953903198,3844
5.189237833023071,3843
5.192396879196167,3842
5.198735952377319,3841
5.2018890380859375,3840
5.20675802230835,3839
5.218086004257202,3838
5.223205089569092,3837
5.227686166763306,3836
5.244348049163818,3835
5.24747896194458,3834
5.250611782073975,3833
5.2557008266448975,3832
5.2689368724823,3831
5.284327745437622,3830
5.292810916900635,3829
5.295904874801636,3828
5.298910856246948,3827
5.307560920715332,3826
5.315362930297852,3825
5.321360111236572,3824
5.333492994308472,3823
5.35319185256958,3822
5.356287956237793,3821
5.362239837646484,3820
5.365186929702759,3819
5.371335744857788,3818
5.384691953659058,3817
5.3879289627075195,3816
5.394335985183716,3815
5.410629987716675,3814
5.41935396194458,3813
5.4291369915008545,3812
5.45238995552063,3811
5.475513935089111,3810
5.494387865066528,3809
5.50279688835144,3808
5.5076210498809814,3807
5.512693881988525,3806
5.515728950500488,3805
5.522017955780029,3804
5.526391983032227,3803
5.53601598739624,3802
5.539062976837158,3801
5.5421600341796875,3800
5.545212745666504,3799
5.549009084701538,3798
5.554001092910767,3797
5.557361125946045,3796
5.562929153442383,3795
5.566020965576172,3794
5.585746765136719,3793
5.58925199508667,3792
5.599193096160889,3791
5.609795093536377,3790
5.620581150054932,3789
5.634493827819824,3788
5.645060062408447,3787
5.648113012313843,3786
5.656707048416138,3785
5.662129163742065,3784
5.6683008670806885,3783
5.674694776535034,3782
5.688462018966675,3781
5.696697950363159,3780
5.7020180225372314,3779
5.71470308303833,3778
5.719772815704346,3777
5.723431825637817,3776
5.728457927703857,3775
5.733575820922852,3774
5.737804889678955,3773
5.744112014770508,3772
5.753256797790527,3771
5.756304025650024,3770
5.759771108627319,3769
5.764485120773315,3768
5.773314952850342,3767
5.776408910751343,3766
5.779404878616333,3765
5.78424596786499,3764
5.787196159362793,3763
5.790179967880249,3762
5.793129920959473,3761
5.798854112625122,3760
5.824092149734497,3759
5.837518930435181,3758
5.840850830078125,3757
5.869869947433472,3756
5.874645948410034,3755
5.904991865158081,3754
5.908267974853516,3753
5.921141862869263,3752
5.93456506729126,3751
5.943108081817627,3750
5.947524070739746,3749
5.954208850860596,3748
5.9774169921875,3747
5.996604919433594,3746
6.004750967025757,3745
6.009593963623047,3744
6.018695831298828,3743
6.023092985153198,3742
6.034480094909668,3741
6.041177034378052,3740
6.049820899963379,3739
6.080729007720947,3738
6.087476968765259,3737
6.0952208042144775,3736
6.09939980506897,3735
6.110099792480469,3734
6.113132953643799,3733
6.119124889373779,3732
6.124769926071167,3731
6.1283979415893555,3730
6.137166976928711,3729
6.1403539180755615,3728
6.152124881744385,3727
6.158600807189941,3726
6.173784017562866,3725
6.176937818527222,3724
6.180023908615112,3723
6.185618877410889,3722
6.199306964874268,3721
6.209565877914429,3720
6.227039813995361,3719
6.237052917480469,3718
6.2404210567474365,3717
6.25468111038208,3716
6.273948907852173,3715
6.28021502494812,3714
6.288579940795898,3713
6.318699836730957,3712
6.327916860580444,3711
6.332656145095825,3710
6.3399107456207275,3709
6.343297958374023,3708
6.347433805465698,3707
6.355906963348389,3706
6.360145807266235,3705
6.364903926849365,3704
6.3722169399261475,3703
6.375303745269775,3702
6.378335952758789,3701
6.384261131286621,3700
6.387224912643433,3699
6.4044189453125,3698
6.415172100067139,3697
6.422891855239868,3696
6.428916931152344,3695
6.437745809555054,3694
6.443175792694092,3693
6.448722839355469,3692
6.462625026702881,3691
6.478879928588867,3690
6.486618995666504,3689
6.490200042724609,3688
6.503051996231079,3687
6.506158113479614,3686
6.518533945083618,3685
6.524225950241089,3684
6.5287511348724365,3683
6.55527400970459,3682
6.5587639808654785,3681
6.5658180713653564,3680
6.570185899734497,3679
6.573192834854126,3678
6.58397102355957,3677
6.5881431102752686,3676
6.591552019119263,3675
6.594920873641968,3674
6.605592966079712,3673
6.611788034439087,3672
6.624454736709595,3671
6.641377925872803,3670
6.644789934158325,3669
6.648283004760742,3668
6.651803016662598,3667
6.6553449630737305,3666
6.658936023712158,3665
6.670600891113281,3664
6.67592191696167,3663
6.679395914077759,3662
6.68277907371521,3661
6.711455821990967,3660
6.717630863189697,3659
6.7288618087768555,3658
6.738654851913452,3657
6.755796909332275,3656
6.773005962371826,3655
6.779011011123657,3654
6.78220796585083,3653
6.798907041549683,3652
6.827165842056274,3651
6.836862802505493,3650
6.847251892089844,3649
6.850526809692383,3648
6.853777885437012,3647
6.861159086227417,3646
6.864289999008179,3645
6.886842966079712,3644
6.894191026687622,3643
6.9065210819244385,3642
6.910010099411011,3641
6.913146018981934,3640
6.916177749633789,3639
6.919965982437134,3638
6.9273598194122314,3637
6.943119049072266,3636
6.946326971054077,3635
6.953227996826172,3634
6.956694841384888,3633
6.980406999588013,3632
6.986465930938721,3631
6.9938437938690186,3630
7.004847049713135,3629
7.008064031600952,3628
7.01882791519165,3627
7.025086879730225,3626
7.029374837875366,3625
7.032543897628784,3624
7.038806915283203,3623
7.043433904647827,3622
7.068696022033691,3621
7.092782974243164,3620
7.12172794342041,3619
7.127820014953613,3618
7.1340789794921875,3617
7.137260913848877,3616
7.143723964691162,3615
7.156440019607544,3614
7.1768639087677,3613
7.197457790374756,3612
7.215678930282593,3611
7.222215890884399,3610
7.2427051067352295,3609
7.2467429637908936,3608
7.251935958862305,3607
7.254929780960083,3606
7.258312940597534,3605
7.261527061462402,3604
7.264575958251953,3603
7.271869897842407,3602
7.274910926818848,3601
7.2835118770599365,3600
7.295334100723267,3599
7.301448822021484,3598
7.310950040817261,3597
7.322193145751953,3596
7.3253560066223145,3595
7.331115961074829,3594
7.339562892913818,3593
7.342756032943726,3592
7.352149963378906,3591
7.360246896743774,3590
7.379971981048584,3589
7.390574932098389,3588
7.398159980773926,3587
7.401422023773193,3586
7.404767990112305,3585
7.411454916000366,3584
7.426210880279541,3583
7.432488918304443,3582
7.436445951461792,3581
7.459723949432373,3580
7.468396902084351,3579
7.479721784591675,3578
7.491810083389282,3577
7.496575832366943,3576
7.499608039855957,3575
7.509103059768677,3574
7.512150049209595,3573
7.515126943588257,3572
7.518055200576782,3571
7.521028995513916,3570
7.526075124740601,3569
7.531718730926514,3568
7.5363569259643555,3567
7.545832872390747,3566
7.548791885375977,3565
7.5610668659210205,3564
7.574154853820801,3563
7.5802319049835205,3562
7.595923900604248,3561
7.61103892326355,3560
7.617702007293701,3559
7.651320934295654,3558
7.658286094665527,3557
7.661452054977417,3556
7.709190130233765,3555
7.731350898742676,3554
7.738764047622681,3553
7.742105007171631,3552
7.764662027359009,3551
7.780212879180908,3550
7.792428970336914,3549
7.797115087509155,3548
7.802182912826538,3547
7.80549693107605,3546
7.809990882873535,3545
7.813014030456543,3544
7.824978828430176,3543
7.831027984619141,3542
7.842193126678467,3541
7.845340013504028,3540
7.850765943527222,3539
7.859203100204468,3538
7.865247011184692,3537
7.888401746749878,3536
7.89424204826355,3535
7.902912855148315,3534
7.905894994735718,3533
7.908931016921997,3532
7.951635837554932,3531
7.9547271728515625,3530
7.957895755767822,3529
7.962374925613403,3528
7.972337007522583,3527
7.979325771331787,3526
7.982984781265259,3525
7.995356798171997,3524
8.007461071014404,3523
8.027236938476562,3522
8.039815902709961,3521
8.050304889678955,3520
8.053568840026855,3519
8.06868290901184,3518
8.081105947494507,3517
8.090394973754883,3516
8.093852043151855,3515
8.096977949142456,3514
8.102436065673828,3513
8.105315923690796,3512
8.116873979568481,3511
8.119790077209473,3510
8.13978886604309,3509
8.149241924285889,3508
8.203526020050049,3507
8.207955837249756,3506
8.21668291091919,3505
8.236202955245972,3504
8.25518798828125,3503
8.261348009109497,3502
8.268817901611328,3501
8.271841049194336,3500
8.282502174377441,3499
8.313786029815674,3498
8.322197914123535,3497
8.326644897460938,3496
8.329766988754272,3495
8.332833051681519,3494
8.335803985595703,3493
8.34067702293396,3492
8.346811056137085,3491
8.353774070739746,3490
8.356868028640747,3489
8.360201835632324,3488
8.36345386505127,3487
8.366564989089966,3486
8.369616031646729,3485
8.375607013702393,3484
8.378613948822021,3483
8.387111186981201,3482
8.392760992050171,3481
8.42116904258728,3480
8.427515029907227,3479
8.430641889572144,3478
8.457602977752686,3477
8.46095895767212,3476
8.472399950027466,3475
8.4757821559906,3474
8.484205961227417,3473
8.487298011779785,3472
8.490401983261108,3471
8.499368906021118,3470
8.508395910263062,3469
8.528392791748047,3468
8.533864974975586,3467
8.547776937484741,3466
8.55080795288086,3465
8.553778886795044,3464
8.565654039382935,3463
8.572139024734497,3462
8.584996938705444,3461
8.608241081237793,3460
8.611239194869995,3459
8.646324872970581,3458
8.664894819259644,3457
8.668540954589844,3456
8.671506881713867,3455
8.674524068832397,3454
8.695008993148804,3453
8.71000599861145,3452
8.726861953735352,3451
8.731305837631226,3450
8.734524011611938,3449
8.753870964050293,3448
8.757066011428833,3447
8.767729759216309,3446
8.770928144454956,3445
8.774202108383179,3444
8.799889087677002,3443
8.808966875076294,3442
8.811866998672485,3441
8.815840005874634,3440
8.822190046310425,3439
8.843580961227417,3438
8.862574100494385,3437
8.865577936172485,3436
8.868582010269165,3435
8.876214981079102,3434
8.888914823532104,3433
8.909816026687622,3432
8.913076877593994,3431
8.922471761703491,3430
8.927798986434937,3429
8.930953979492188,3428
8.961365938186646,3427
8.969080924987793,3426
8.972487926483154,3425
8.97731900215149,3424
8.981122016906738,3423
8.99569296836853,3422
8.99872088432312,3421
9.005393028259277,3420
9.016799926757812,3419
9.025264024734497,3418
9.0298171043396,3417
9.038059949874878,3416
9.04425597190857,3415
9.058353185653687,3414
9.062371015548706,3413
9.072779893875122,3412
9.078222036361694,3411
9.081434965133667,3410
9.08608889579773,3409
9.089172840118408,3408
9.097655057907104,3407
9.100765943527222,3406
9.106961727142334,3405
9.110332727432251,3404
9.120743036270142,3403
9.136615753173828,3402
9.142928123474121,3401
9.155375003814697,3400
9.161633014678955,3399
9.164759874343872,3398
9.169534921646118,3397
9.17254900932312,3396
9.191389799118042,3395
9.222393035888672,3394
9.225736856460571,3393
9.23515796661377,3392
9.238199949264526,3391
9.241158723831177,3390
9.2514328956604,3389
9.25786280632019,3388
9.265634059906006,3387
9.27170205116272,3386
9.286050081253052,3385
9.300473928451538,3384
9.315025806427002,3383
9.317975044250488,3382
9.32091212272644,3381
9.328601121902466,3380
9.331549882888794,3379
9.342470169067383,3378
9.359163999557495,3377
9.362114906311035,3376
9.385601043701172,3375
9.39308476448059,3374
9.39603304862976,3373
9.40810489654541,3372
9.425460815429688,3371
9.437628746032715,3370
9.453224897384644,3369
9.487660884857178,3368
9.501903057098389,3367
9.52526593208313,3366
9.52822995185852,3365
9.538424968719482,3364
9.541492938995361,3363
9.549224853515625,3362
9.599483013153076,3361
9.61718487739563,3360
9.62240195274353,3359
9.625587940216064,3358
9.631779909133911,3357
9.657378911972046,3356
9.661103010177612,3355
9.674659967422485,3354
9.684394836425781,3353
9.695838928222656,3352
9.739967823028564,3351
9.74385404586792,3350
9.754093885421753,3349
9.757916927337646,3348
9.776854038238525,3347
9.795806884765625,3346
9.799011945724487,3345
9.806140184402466,3344
9.814948081970215,3343
9.83276891708374,3342
9.865376949310303,3341
9.868449926376343,3340
9.876337766647339,3339
9.879884958267212,3338
9.883452892303467,3337
9.891425848007202,3336
9.92083191871643,3335
9.98167109489441,3334
9.988165140151978,3333
