0.05358076095581055,3159
0.06769847869873047,3158
0.08198761940002441,3157
0.09691810607910156,3156
0.1118619441986084,3155
0.12671422958374023,3154
0.14109206199645996,3153
0.15520668029785156,3152
0.1692976951599121,3151
0.1837620735168457,3150
0.19800329208374023,3149
0.21198701858520508,3148
0.22606611251831055,3147
0.24017882347106934,3146
0.2541985511779785,3145
0.26818227767944336,3144
0.282184362411499,3143
0.2961583137512207,3142
0.3101534843444824,3141
0.3241286277770996,3140
0.33808279037475586,3139
0.3521442413330078,3138
0.36609506607055664,3137
0.38005733489990234,3136
0.3940305709838867,3135
0.4080495834350586,3134
0.4219939708709717,3133
0.4359312057495117,3132
0.4498932361602783,3131
0.46381688117980957,3130
0.4777531623840332,3129
0.49173998832702637,3128
0.5056884288787842,3127
0.5196661949157715,3126
0.5336260795593262,3125
0.5475494861602783,3124
0.5614523887634277,3123
0.5753934383392334,3122
0.589310884475708,3121
0.6032359600067139,3120
0.6171591281890869,3119
0.6310780048370361,3118
0.6449933052062988,3117
0.6589126586914062,3116
0.6728389263153076,3115
0.6868007183074951,3114
0.7007191181182861,3113
0.7146072387695312,3112
0.7284653186798096,3111
0.742377519607544,3110
0.756239652633667,3109
0.7701036930084229,3108
0.7840056419372559,3107
0.7978706359863281,3106
0.8117413520812988,3105
0.8256235122680664,3104
0.8395006656646729,3103
0.8534719944000244,3102
0.8673675060272217,3101
0.8813598155975342,3100
0.8953437805175781,3099
0.9092202186584473,3098
0.9231865406036377,3097
0.937140941619873,3096
0.9510979652404785,3095
0.9649808406829834,3094
0.9789321422576904,3093
0.9929203987121582,3092
1.006829023361206,3091
1.0207901000976562,3090
1.0347418785095215,3089
1.048670768737793,3088
1.0625224113464355,3087
1.0763802528381348,3086
1.0903701782226562,3085
1.1042299270629883,3084
1.11836576461792,3083
1.1329565048217773,3082
1.1475234031677246,3081
1.162156581878662,3080
1.1766388416290283,3079
1.1909205913543701,3078
1.2049341201782227,3077
1.2187690734863281,3076
1.2326774597167969,3075
1.2466328144073486,3074
1.2604668140411377,3073
1.2742893695831299,3072
1.2881402969360352,3071
1.30191969871521,3070
1.3157362937927246,3069
1.3295602798461914,3068
1.343393325805664,3067
1.3572475910186768,3066
1.371049404144287,3065
1.3853392601013184,3064
1.3996546268463135,3063
1.4134774208068848,3062
1.4273853302001953,3061
1.441185474395752,3060
1.4551341533660889,3059
1.4693303108215332,3058
1.4838755130767822,3057
1.499384880065918,3056
1.5133872032165527,3055
1.5272202491760254,3054
1.5411036014556885,3053
1.554988145828247,3052
1.5687789916992188,3051
1.5826735496520996,3050
1.5964717864990234,3049
1.6102731227874756,3048
1.6240594387054443,3047
1.637927532196045,3046
1.6518723964691162,3045
1.6656608581542969,3044
1.679445743560791,3043
1.6933228969573975,3042
1.7070984840393066,3041
1.7209203243255615,3040
1.734833002090454,3039
1.748600721359253,3038
1.7624866962432861,3037
1.7764623165130615,3036
1.7902631759643555,3035
1.8040492534637451,3034
1.8178339004516602,3033
1.8316051959991455,3032
1.8453257083892822,3031
1.859076738357544,3030
1.8729650974273682,3029
1.8867874145507812,3028
1.9006309509277344,3027
1.9143705368041992,3026
1.9281036853790283,3025
1.9418323040008545,3024
1.9555766582489014,3023
1.9693231582641602,3022
1.9830563068389893,3021
1.9968953132629395,3020
2.010622978210449,3019
2.024373769760132,3018
2.038111448287964,3017
2.0518531799316406,3016
2.065619945526123,3015
2.079322576522827,3014
2.093139171600342,3013
2.1068837642669678,3012
2.1206982135772705,3011
2.1344308853149414,3010
2.148146390914917,3009
2.1618850231170654,3008
2.1756277084350586,3007
2.1894094944000244,3006
2.2032647132873535,3005
2.2169671058654785,3004
2.2306835651397705,3003
2.244384288787842,3002
2.2580978870391846,3001
2.2718074321746826,3000
2.2855653762817383,2999
2.299311876296997,2998
2.313040018081665,2997
2.326735258102417,2996
2.340496301651001,2995
2.3542020320892334,2994
2.367931604385376,2993
2.3816628456115723,2992
2.3954691886901855,2991
2.409196138381958,2990
2.4228875637054443,2989
2.4366343021392822,2988
2.4503464698791504,2987
2.4640488624572754,2986
2.4777843952178955,2985
2.4916176795959473,2984
2.5053741931915283,2983
2.5191290378570557,2982
2.5328831672668457,2981
2.5466060638427734,2980
2.560333251953125,2979
2.574064254760742,2978
2.587775945663452,2977
2.601475238800049,2976
2.615185499191284,2975
2.629077196121216,2974
2.6428093910217285,2973
2.656538248062134,2972
2.6702020168304443,2971
2.6839871406555176,2970
2.6977248191833496,2969
2.7114388942718506,2968
2.72514009475708,2967
2.7388384342193604,2966
2.752544641494751,2965
2.7662596702575684,2964
2.779975175857544,2963
2.793666124343872,2962
2.8073925971984863,2961
2.82106351852417,2960
2.834744691848755,2959
2.848457098007202,2958
2.862138032913208,2957
2.8758063316345215,2956
2.889465570449829,2955
2.9031028747558594,2954
2.916790246963501,2953
2.93046498298645,2952
2.9441370964050293,2951
2.9578089714050293,2950
2.971506118774414,2949
2.9852492809295654,2948
2.998891592025757,2947
3.012577533721924,2946
3.0262413024902344,2945
3.0398788452148438,2944
3.0534963607788086,2943
3.0671489238739014,2942
3.080806255340576,2941
3.094461441040039,2940
3.1081390380859375,2939
3.1218459606170654,2938
3.135516881942749,2937
3.149279832839966,2936
3.163003921508789,2935
3.1767501831054688,2934
3.1906003952026367,2933
3.204394578933716,2932
3.218129873275757,2931
3.2318649291992188,2930
3.245624542236328,2929
3.259366035461426,2928
3.2730956077575684,2927
3.286952018737793,2926
3.300771713256836,2925
3.314518690109253,2924
3.3282389640808105,2923
3.3419487476348877,2922
3.3556880950927734,2921
3.3694310188293457,2920
3.383151054382324,2919
3.396862506866455,2918
3.410595178604126,2917
3.424330234527588,2916
3.4380362033843994,2915
3.4517412185668945,2914
3.465442657470703,2913
3.4791650772094727,2912
3.4931693077087402,2911
3.507582187652588,2910
3.521312952041626,2909
3.5350327491760254,2908
3.548726797103882,2907
3.5624430179595947,2906
3.5761477947235107,2905
3.5898427963256836,2904
3.603562116622925,2903
3.6172468662261963,2902
3.6309056282043457,2901
3.6445999145507812,2900
3.6583268642425537,2899
3.672013521194458,2898
3.6857340335845947,2897
3.6994175910949707,2896
3.713106870651245,2895
3.7267887592315674,2894
3.740471839904785,2893
3.754639148712158,2892
3.7685742378234863,2891
3.782245635986328,2890
3.7958927154541016,2889
3.8095860481262207,2888
3.823218584060669,2887
3.836865186691284,2886
3.850511074066162,2885
3.864173650741577,2884
3.87788724899292,2883
3.8915419578552246,2882
3.9052035808563232,2881
3.9188313484191895,2880
3.9324748516082764,2879
3.9461092948913574,2878
3.959725856781006,2877
3.9733529090881348,2876
3.98703932762146,2875
4.000654220581055,2874
4.014296054840088,2873
4.0279011726379395,2872
4.041533708572388,2871
4.055151462554932,2870
4.068760395050049,2869
4.082346200942993,2868
4.095914840698242,2867
4.109518527984619,2866
4.123126268386841,2865
4.136727809906006,2864
4.1503260135650635,2863
4.163883924484253,2862
4.177502632141113,2861
4.191197872161865,2860
4.204852104187012,2859
4.218481063842773,2858
4.232049942016602,2857
4.245603084564209,2856
4.259204387664795,2855
4.2728111743927,2854
4.286498069763184,2853
4.300083160400391,2852
4.313659906387329,2851
4.327242374420166,2850
4.340817451477051,2849
4.35440731048584,2848
4.3679656982421875,2847
4.381541013717651,2846
4.395092964172363,2845
4.40864634513855,2844
4.4222753047943115,2843
4.435799837112427,2842
4.449380397796631,2841
4.462970018386841,2840
4.476614236831665,2839
4.490203142166138,2838
4.503805637359619,2837
4.517409324645996,2836
4.5310046672821045,2835
4.54458475112915,2834
4.558236837387085,2833
4.571817636489868,2832
4.58540153503418,2831
4.598927736282349,2830
4.612531661987305,2829
4.626081228256226,2828
4.6396331787109375,2827
4.653225660324097,2826
4.6667821407318115,2825
4.680361747741699,2824
4.693931818008423,2823
4.70862078666687,2822
4.722494602203369,2821
4.736048460006714,2820
4.7495949268341064,2819
4.763156414031982,2818
4.776709079742432,2817
4.79027533531189,2816
4.803809881210327,2815
4.817365407943726,2814
4.830905199050903,2813
4.844465017318726,2812
4.857985973358154,2811
4.87156081199646,2810
4.885128021240234,2809
4.898665904998779,2808
4.912221670150757,2807
4.9258036613464355,2806
4.939361810684204,2805
4.952897787094116,2804
4.966456651687622,2803
4.979994297027588,2802
4.993745803833008,2801
5.007307767868042,2800
5.021013021469116,2799
5.034553050994873,2798
5.0481085777282715,2797
5.061733961105347,2796
5.075260162353516,2795
5.0890302658081055,2794
5.102641344070435,2793
5.116268157958984,2792
5.129845857620239,2791
5.143450975418091,2790
5.156996965408325,2789
5.170525074005127,2788
5.184018611907959,2787
5.197594881057739,2786
5.211176156997681,2785
5.2247138023376465,2784
5.238203763961792,2783
5.251721382141113,2782
5.265211820602417,2781
5.278700113296509,2780
5.292169094085693,2779
5.305663347244263,2778
5.319158315658569,2777
5.332660913467407,2776
5.346139430999756,2775
5.3596510887146,2774
5.373128652572632,2773
5.386617422103882,2772
5.40007472038269,2771
5.413565397262573,2770
5.427063465118408,2769
5.440518379211426,2768
5.453974485397339,2767
5.467433214187622,2766
5.480903625488281,2765
5.494385004043579,2764
5.507923364639282,2763
5.52211856842041,2762
5.535635232925415,2761
5.549138069152832,2760
5.5625998973846436,2759
5.576076030731201,2758
5.589543104171753,2757
5.603038311004639,2756
5.616509437561035,2755
5.629951000213623,2754
5.643451929092407,2753
5.656906366348267,2752
5.670388221740723,2751
5.683849573135376,2750
5.697325944900513,2749
5.710748672485352,2748
5.724192142486572,2747
5.73765230178833,2746
5.7510809898376465,2745
5.764505863189697,2744
5.777926445007324,2743
5.791379451751709,2742
5.804825067520142,2741
5.818254232406616,2740
5.831645727157593,2739
5.845047235488892,2738
5.858454465866089,2737
5.871858596801758,2736
5.88524866104126,2735
5.898674964904785,2734
5.912063837051392,2733
5.925500154495239,2732
5.938876152038574,2731
5.9522621631622314,2730
5.96565055847168,2729
5.97904109954834,2728
5.992478132247925,2727
6.005844831466675,2726
6.019204378128052,2725
6.032601356506348,2724
6.045960426330566,2723
6.059316635131836,2722
6.072826623916626,2721
6.086939096450806,2720
6.101025581359863,2719
6.114523410797119,2718
6.128171682357788,2717
6.141538143157959,2716
6.1548755168914795,2715
6.168316602706909,2714
6.181705951690674,2713
6.195560455322266,2712
6.209207057952881,2711
6.222672462463379,2710
6.2361159324646,2709
6.249545574188232,2708
6.262895107269287,2707
6.276327610015869,2706
6.28968358039856,2705
6.303012132644653,2704
6.3163416385650635,2703
6.329664707183838,2702
6.3429811000823975,2701
6.356299877166748,2700
6.369587659835815,2699
6.382896423339844,2698
6.396200180053711,2697
6.409479856491089,2696
6.4227893352508545,2695
6.436094045639038,2694
6.449358224868774,2693
6.462656736373901,2692
6.475964546203613,2691
6.489300489425659,2690
6.502648591995239,2689
6.515961170196533,2688
6.529260873794556,2687
6.5425636768341064,2686
6.555850982666016,2685
6.569142818450928,2684
6.582475185394287,2683
6.595782518386841,2682
6.60907769203186,2681
6.622381687164307,2680
6.6357786655426025,2679
6.649079084396362,2678
6.662395238876343,2677
6.675693988800049,2676
6.688970327377319,2675
6.702249765396118,2674
6.716105222702026,2673
6.729387521743774,2672
6.7426605224609375,2671
6.755922555923462,2670
6.7692155838012695,2669
6.78260612487793,2668
6.7958714962005615,2667
6.809126853942871,2666
6.822426080703735,2665
6.835703372955322,2664
6.848967790603638,2663
6.862230062484741,2662
6.875500202178955,2661
6.888771295547485,2660
6.902050256729126,2659
6.915666103363037,2658
6.928926467895508,2657
6.942188024520874,2656
6.955453157424927,2655
6.968718528747559,2654
6.981980800628662,2653
6.9953062534332275,2652
7.008554697036743,2651
7.02181077003479,2650
7.035084247589111,2649
7.0483238697052,2648
7.061578989028931,2647
7.074831008911133,2646
7.088053226470947,2645
7.101283550262451,2644
7.114521026611328,2643
7.127741575241089,2642
7.14096736907959,2641
7.154175043106079,2640
7.167430400848389,2639
7.180661678314209,2638
7.193985223770142,2637
7.207259654998779,2636
7.220494747161865,2635
7.2337541580200195,2634
7.247051477432251,2633
7.260266542434692,2632
7.273478031158447,2631
7.286686897277832,2630
7.299879550933838,2629
7.3130738735198975,2628
7.326273202896118,2627
7.339477062225342,2626
7.352650165557861,2625
7.365841865539551,2624
7.3790411949157715,2623
7.392309665679932,2622
7.40549111366272,2621
7.41867470741272,2620
7.43185830116272,2619
7.445065498352051,2618
7.458230972290039,2617
7.471438407897949,2616
7.48462176322937,2615
7.4978063106536865,2614
7.511539697647095,2613
7.525245904922485,2612
7.53914999961853,2611
7.552507162094116,2610
7.565673112869263,2609
7.578833818435669,2608
7.591977596282959,2607
7.605127573013306,2606
7.6182801723480225,2605
7.631415843963623,2604
7.644576072692871,2603
7.657727479934692,2602
7.6708643436431885,2601
7.684005260467529,2600
7.6971352100372314,2599
7.710261583328247,2598
7.723449945449829,2597
7.7365827560424805,2596
7.749744892120361,2595
7.7628748416900635,2594
7.775972127914429,2593
7.789117813110352,2592
7.8022520542144775,2591
7.81537652015686,2590
7.82846474647522,2589
7.8415915966033936,2588
7.854716539382935,2587
7.867812395095825,2586
7.8809099197387695,2585
7.894024610519409,2584
7.907108306884766,2583
7.920215368270874,2582
7.9333176612854,2581
7.9463934898376465,2580
7.959495782852173,2579
7.972599744796753,2578
7.985675811767578,2577
7.998848915100098,2576
8.011938333511353,2575
8.025009870529175,2574
8.038093566894531,2573
8.051183938980103,2572
8.064267635345459,2571
8.07731580734253,2570
8.090390682220459,2569
8.103464603424072,2568
8.116527318954468,2567
8.129608631134033,2566
8.14268708229065,2565
8.155771255493164,2564
8.168837070465088,2563
8.181907653808594,2562
8.195054292678833,2561
8.20818281173706,2560
8.221234560012817,2559
8.234270334243774,2558
8.247359275817871,2557
8.26049518585205,2556
8.273568153381348,2555
8.286633491516113,2554
8.299801349639893,2553
8.312878847122192,2552
8.32591438293457,2551
8.338988304138184,2550
8.352036476135254,2549
8.365073680877686,2548
8.378103017807007,2547
8.391146659851074,2546
8.404158592224121,2545
8.417195081710815,2544
8.430199146270752,2543
8.443230152130127,2542
8.456228256225586,2541
8.46926498413086,2540
8.48226523399353,2539
8.495293140411377,2538
8.508394956588745,2537
8.522166967391968,2536
8.535935163497925,2535
8.54966926574707,2534
8.563425064086914,2533
8.577025651931763,2532
8.59004282951355,2531
8.60306429862976,2530
8.61608338356018,2529
8.62915825843811,2528
8.642171621322632,2527
8.655174255371094,2526
8.668148756027222,2525
8.681319236755371,2524
8.694468021392822,2523
8.707805871963501,2522
8.720932006835938,2521
8.733936309814453,2520
8.746943950653076,2519
8.759940385818481,2518
8.772918939590454,2517
8.785918951034546,2516
8.798895359039307,2515
8.811868906021118,2514
8.824848890304565,2513
8.837820291519165,2512
8.850806951522827,2511
8.86379337310791,2510
8.876871585845947,2509
8.889830827713013,2508
8.902793169021606,2507
8.915757656097412,2506
8.928877353668213,2505
8.941838502883911,2504
8.954806804656982,2503
8.967771053314209,2502
8.980820178985596,2501
8.993849992752075,2500
9.006818771362305,2499
9.019783973693848,2498
9.032726287841797,2497
9.045684814453125,2496
9.05865216255188,2495
9.071601629257202,2494
9.084543704986572,2493
9.097577095031738,2492
9.11053204536438,2491
9.123496770858765,2490
9.136456966400146,2489
9.1494300365448,2488
9.162405014038086,2487
9.17534327507019,2486
9.188287496566772,2485
9.2012460231781,2484
9.214270114898682,2483
9.227213144302368,2482
9.24016284942627,2481
9.253350734710693,2480
9.26655912399292,2479
9.279506206512451,2478
9.292462587356567,2477
9.305420875549316,2476
9.318348169326782,2475
9.331275224685669,2474
9.34423041343689,2473
9.35715913772583,2472
9.37009572982788,2471
9.383008480072021,2470
9.395933389663696,2469
9.408848285675049,2468
9.421753883361816,2467
9.434759378433228,2466
9.447714805603027,2465
9.460750579833984,2464
9.47367811203003,2463
9.486588716506958,2462
9.499507665634155,2461
9.51242446899414,2460
9.525336503982544,2459
9.538224458694458,2458
9.55150318145752,2457
9.564877271652222,2456
9.577806949615479,2455
9.590699911117554,2454
9.603593587875366,2453
9.61658787727356,2452
9.630215406417847,2451
9.643821001052856,2450
9.657169342041016,2449
9.670794248580933,2448
9.684418201446533,2447
9.697470426559448,2446
9.71035099029541,2445
9.723241567611694,2444
9.736148357391357,2443
9.749039649963379,2442
9.761937379837036,2441
9.77483081817627,2440
9.787729501724243,2439
9.80060076713562,2438
9.813437461853027,2437
9.826294183731079,2436
9.839133739471436,2435
9.853476762771606,2434
9.86634612083435,2433
9.879239320755005,2432
9.89210319519043,2431
9.904972314834595,2430
9.91783595085144,2429
9.930716276168823,2428
9.94358491897583,2427
9.95645546913147,2426
9.969298124313354,2425
9.982161521911621,2424
9.995291948318481,2423
10.008792877197266,2422
10.022283554077148,2421
10.035771608352661,2420
10.049309253692627,2419
10.06282353401184,2418
10.076333045959473,2417
10.089831590652466,2416
10.103333234786987,2415
10.11683440208435,2414
10.130324125289917,2413
10.143416166305542,2412
12.937477111816406,2411
13.591556310653687,2410
