0.07778692245483398,3159
0.10363221168518066,3158
0.12911677360534668,3157
0.1547102928161621,3156
0.18059659004211426,3155
0.2061774730682373,3154
0.23154234886169434,3153
0.2568962574005127,3152
0.2827906608581543,3151
0.30825257301330566,3150
0.33353328704833984,3149
0.3591337203979492,3148
0.3850994110107422,3147
0.4108307361602783,3146
0.4359934329986572,3145
0.46152234077453613,3144
0.4874231815338135,3143
0.5127010345458984,3142
0.5380234718322754,3141
0.5639233589172363,3140
0.5899670124053955,3139
0.6151375770568848,3138
0.6402378082275391,3137
0.666013240814209,3136
0.6917271614074707,3135
0.7168173789978027,3134
0.7421138286590576,3133
0.7676856517791748,3132
0.7934451103210449,3131
0.8184788227081299,3130
0.8438153266906738,3129
0.8693335056304932,3128
0.89491868019104,3127
0.9200854301452637,3126
0.9452173709869385,3125
0.9706926345825195,3124
0.9963481426239014,3123
1.021582841873169,3122
1.0467050075531006,3121
1.0724177360534668,3120
1.0981481075286865,3119
1.1236040592193604,3118
1.149280309677124,3117
1.1746878623962402,3116
1.1999762058258057,3115
1.2254600524902344,3114
1.250779628753662,3113
1.2759931087493896,3112
1.301302433013916,3111
1.3266632556915283,3110
1.3520760536193848,3109
1.3773956298828125,3108
1.4029123783111572,3107
1.4280927181243896,3106
1.4534194469451904,3105
1.4784901142120361,3104
1.5038542747497559,3103
1.5291032791137695,3102
1.554502010345459,3101
1.5798099040985107,3100
1.605334758758545,3099
1.630359172821045,3098
1.655663251876831,3097
1.6808855533599854,3096
1.7059822082519531,3095
1.7312309741973877,3094
1.7561910152435303,3093
1.7815849781036377,3092
1.806793451309204,3091
1.8321881294250488,3090
1.8567311763763428,3089
1.8802704811096191,3088
1.9043738842010498,3087
1.9277451038360596,3086
1.9520883560180664,3085
1.9758405685424805,3084
1.9998805522918701,3083
2.02376389503479,3082
2.0477142333984375,3081
2.07206654548645,3080
2.095720052719116,3079
2.1201391220092773,3078
2.144826889038086,3077
2.16925048828125,3076
2.1931746006011963,3075
2.218007802963257,3074
2.2427353858947754,3073
2.266439914703369,3072
2.289957046508789,3071
2.314445972442627,3070
2.3386824131011963,3069
2.362229585647583,3068
2.3859550952911377,3067
2.410740375518799,3066
2.434823513031006,3065
2.4588587284088135,3064
2.482816457748413,3063
2.507373809814453,3062
2.5309629440307617,3061
2.554615020751953,3060
2.579249858856201,3059
2.603139638900757,3058
2.626836061477661,3057
2.6504945755004883,3056
2.675153970718384,3055
2.698577404022217,3054
2.7222580909729004,3053
2.7465062141418457,3052
2.7711424827575684,3051
2.795584201812744,3050
2.8196847438812256,3049
2.844282865524292,3048
2.868008613586426,3047
2.8914575576782227,3046
2.915189266204834,3045
2.939634323120117,3044
2.9632232189178467,3043
2.9866702556610107,3042
3.010896921157837,3041
3.035149097442627,3040
3.058089256286621,3039
3.082051992416382,3038
3.107675552368164,3037
3.132587194442749,3036
3.157257556915283,3035
3.1814992427825928,3034
3.206866979598999,3033
3.2317309379577637,3032
3.2568061351776123,3031
3.282350778579712,3030
3.307685375213623,3029
3.332772970199585,3028
3.357922315597534,3027
3.3833208084106445,3026
3.408212661743164,3025
3.433028221130371,3024
3.458080530166626,3023
3.4834187030792236,3022
3.508284091949463,3021
3.5333216190338135,3020
3.558837890625,3019
3.5841383934020996,3018
3.6092214584350586,3017
3.6344010829925537,3016
3.659987211227417,3015
3.6851019859313965,3014
3.710298538208008,3013
3.7356626987457275,3012
3.7609004974365234,3011
3.7857472896575928,3010
3.8105719089508057,3009
3.8359997272491455,3008
3.8609344959259033,3007
3.8856992721557617,3006
3.910907030105591,3005
3.9362480640411377,3004
3.961290121078491,3003
3.98618483543396,3002
4.011576890945435,3001
4.036888360977173,3000
4.061996936798096,2999
4.087184190750122,2998
4.112585067749023,2997
4.13754677772522,2996
4.162461519241333,2995
4.18743109703064,2994
4.2126710414886475,2993
4.237289190292358,2992
4.262234210968018,2991
4.287755966186523,2990
4.312950372695923,2989
4.337806463241577,2988
4.362841606140137,2987
4.388264179229736,2986
4.413156986236572,2985
4.438123941421509,2984
4.463343620300293,2983
4.488576650619507,2982
4.513698577880859,2981
4.538661956787109,2980
4.563981771469116,2979
4.589019775390625,2978
4.613969326019287,2977
4.6389265060424805,2976
4.664229154586792,2975
4.689060688018799,2974
4.713794946670532,2973
4.73892068862915,2972
4.764066219329834,2971
4.788908004760742,2970
4.8138508796691895,2969
4.839216470718384,2968
4.863898515701294,2967
4.888588905334473,2966
4.913466691970825,2965
4.938702821731567,2964
4.963390588760376,2963
4.988028287887573,2962
5.013199090957642,2961
5.038206100463867,2960
5.062876224517822,2959
5.087469816207886,2958
5.112864255905151,2957
5.137704610824585,2956
5.162517309188843,2955
5.1873555183410645,2954
5.212775707244873,2953
5.237979888916016,2952
5.262683629989624,2951
5.287719488143921,2950
5.3130409717559814,2949
5.338210105895996,2948
5.362869501113892,2947
5.388012886047363,2946
5.413265705108643,2945
5.4386584758758545,2944
5.463736295700073,2943
5.488940477371216,2942
5.51418399810791,2941
5.539488315582275,2940
5.5647900104522705,2939
5.5897626876831055,2938
5.615032196044922,2937
5.640338182449341,2936
5.665510892868042,2935
5.690185785293579,2934
5.7152581214904785,2933
5.740748643875122,2932
5.7657575607299805,2931
5.790283918380737,2930
5.8152711391448975,2929
5.840712547302246,2928
5.865659236907959,2927
5.890190362930298,2926
5.91508674621582,2925
5.9406304359436035,2924
5.9655680656433105,2923
5.990365743637085,2922
6.015065431594849,2921
6.040694952011108,2920
6.065703868865967,2919
6.090322971343994,2918
6.11496639251709,2917
6.140488862991333,2916
6.165502071380615,2915
6.190154790878296,2914
6.214917898178101,2913
6.2402355670928955,2912
6.265306234359741,2911
6.289872169494629,2910
6.314883470535278,2909
6.340107440948486,2908
6.365324020385742,2907
6.3900322914123535,2906
6.415203809738159,2905
6.440183162689209,2904
6.465285062789917,2903
6.4902424812316895,2902
6.515292167663574,2901
6.540220260620117,2900
6.56536602973938,2899
6.590620279312134,2898
6.615396738052368,2897
6.640468120574951,2896
6.66566014289856,2895
6.690747976303101,2894
6.715497732162476,2893
6.739381313323975,2892
6.763995409011841,2891
6.787823438644409,2890
6.810960054397583,2889
6.834350347518921,2888
6.859119415283203,2887
6.882825613021851,2886
6.905936241149902,2885
6.929338455200195,2884
6.9541590213775635,2883
6.977779150009155,2882
7.000888824462891,2881
7.024160623550415,2880
7.04904842376709,2879
7.0728983879089355,2878
7.095904350280762,2877
7.119359254837036,2876
7.143976211547852,2875
7.167873859405518,2874
7.190782070159912,2873
7.21465539932251,2872
7.23902153968811,2871
7.263059854507446,2870
7.28623104095459,2869
7.310382843017578,2868
7.334205389022827,2867
7.358152389526367,2866
7.381440877914429,2865
7.405390977859497,2864
7.429057359695435,2863
7.452932357788086,2862
7.476882457733154,2861
7.500289440155029,2860
7.523828983306885,2859
7.547979116439819,2858
7.572078466415405,2857
7.59501838684082,2856
7.618478059768677,2855
7.642811298370361,2854
7.666609764099121,2853
7.689401149749756,2852
7.71275782585144,2851
7.737238645553589,2850
7.761050701141357,2849
7.783940076828003,2848
7.806903839111328,2847
7.831517934799194,2846
7.85539984703064,2845
7.878301620483398,2844
7.901294708251953,2843
7.9258222579956055,2842
7.949554920196533,2841
7.9738993644714355,2840
7.998323202133179,2839
8.02358078956604,2838
8.048008680343628,2837
8.071509838104248,2836
8.096133708953857,2835
8.121382236480713,2834
8.146315336227417,2833
8.170660257339478,2832
8.195362091064453,2831
8.220369815826416,2830
8.24518895149231,2829
8.269677639007568,2828
8.294640302658081,2827
8.319424629211426,2826
8.344383239746094,2825
8.36922001838684,2824
8.394003629684448,2823
8.41874074935913,2822
8.443561553955078,2821
8.468472242355347,2820
8.493080615997314,2819
8.517588138580322,2818
8.542538404464722,2817
8.567460298538208,2816
8.59168028831482,2815
8.616185665130615,2814
8.641292810440063,2813
8.666101217269897,2812
8.69033670425415,2811
8.71480107307434,2810
8.739872455596924,2809
8.764622688293457,2808
8.788828611373901,2807
8.813004732131958,2806
8.838061094284058,2805
8.862834930419922,2804
8.887019872665405,2803
8.911355972290039,2802
8.936501741409302,2801
8.961634635925293,2800
8.985868453979492,2799
9.01010513305664,2798
9.035290718078613,2797
9.06030821800232,2796
9.08469820022583,2795
9.10896921157837,2794
9.13401174545288,2793
9.158900260925293,2792
9.183484315872192,2791
9.207677364349365,2790
9.232487440109253,2789
9.257446050643921,2788
9.282141208648682,2787
9.306354284286499,2786
9.331075429916382,2785
9.355905294418335,2784
9.38079833984375,2783
9.405065536499023,2782
9.429691076278687,2781
9.454523086547852,2780
9.479374170303345,2779
9.503706216812134,2778
9.528271913528442,2777
9.553085565567017,2776
9.578043699264526,2775
9.602266311645508,2774
9.626609325408936,2773
9.651062250137329,2772
9.675957441329956,2771
9.700230836868286,2770
9.724613666534424,2769
9.749083757400513,2768
9.774110078811646,2767
9.798546552658081,2766
9.823076963424683,2765
9.84723424911499,2764
9.872251510620117,2763
9.896968841552734,2762
9.921276569366455,2761
9.945616960525513,2760
9.970271587371826,2759
9.995167255401611,2758
10.01929235458374,2757
10.043819427490234,2756
10.068360328674316,2755
10.093302011489868,2754
10.117498636245728,2753
10.141757011413574,2752
10.166325807571411,2751
10.19135570526123,2750
10.216106176376343,2749
10.240281343460083,2748
10.264591217041016,2747
10.289458751678467,2746
10.314103126525879,2745
10.3385329246521,2744
10.363133668899536,2743
10.388075351715088,2742
10.412572860717773,2741
10.437075853347778,2740
10.46169638633728,2739
10.48665475845337,2738
10.511255502700806,2737
10.53576397895813,2736
10.56022572517395,2735
10.585128545761108,2734
10.609727382659912,2733
10.633903980255127,2732
10.658353805541992,2731
10.683086156845093,2730
10.70754075050354,2729
10.73163914680481,2728
10.755968809127808,2727
10.78064489364624,2726
10.805014610290527,2725
10.82888913154602,2724
10.85298228263855,2723
10.877718448638916,2722
10.90204119682312,2721
10.926009893417358,2720
10.950026988983154,2719
10.974583625793457,2718
10.99906873703003,2717
11.023138284683228,2716
11.047047853469849,2715
11.071512222290039,2714
11.096081733703613,2713
11.120200634002686,2712
11.144076108932495,2711
11.168488025665283,2710
11.193112134933472,2709
11.217158794403076,2708
11.24106216430664,2707
11.265400171279907,2706
11.290052890777588,2705
11.314321756362915,2704
11.338437795639038,2703
11.363083124160767,2702
11.387741804122925,2701
11.411972045898438,2700
11.435967683792114,2699
11.460146188735962,2698
11.48472547531128,2697
11.50918436050415,2696
11.533195972442627,2695
11.557221174240112,2694
11.58183741569519,2693
11.606253623962402,2692
11.630204439163208,2691
11.654090166091919,2690
11.678532600402832,2689
11.703081369400024,2688
11.72680139541626,2687
11.750771045684814,2686
11.775100708007812,2685
11.799707651138306,2684
11.823627233505249,2683
11.847567081451416,2682
11.871929168701172,2681
11.896464109420776,2680
11.920533180236816,2679
11.944519996643066,2678
11.968265533447266,2677
11.991697072982788,2676
12.014605045318604,2675
12.037109613418579,2674
12.059769868850708,2673
12.083226680755615,2672
12.106405973434448,2671
12.128804922103882,2670
12.15121340751648,2669
12.174600839614868,2668
12.197921514511108,2667
12.220420122146606,2666
12.242856740951538,2665
12.26597547531128,2664
12.289605379104614,2663
12.312390327453613,2662
12.33572506904602,2661
12.359081506729126,2660
12.382611751556396,2659
12.40518307685852,2658
12.427725553512573,2657
12.450661182403564,2656
12.474172830581665,2655
12.496991872787476,2654
12.519405841827393,2653
12.541938304901123,2652
12.565425395965576,2651
12.588500738143921,2650
12.610910892486572,2649
12.633424758911133,2648
12.656728267669678,2647
12.679955244064331,2646
12.702324867248535,2645
12.724713563919067,2644
12.747797012329102,2643
12.771054744720459,2642
12.793391704559326,2641
12.815628290176392,2640
12.838342666625977,2639
12.862177848815918,2638
12.88497018814087,2637
12.907799243927002,2636
12.930952548980713,2635
12.954593420028687,2634
12.977756977081299,2633
13.000227212905884,2632
13.022648811340332,2631
13.045220851898193,2630
13.067912340164185,2629
13.090399980545044,2628
13.113258600234985,2627
13.135759353637695,2626
13.158592700958252,2625
13.178978204727173,2624
13.202033042907715,2623
13.22580599784851,2622
13.249709844589233,2621
13.273349046707153,2620
13.296537399291992,2619
13.320065021514893,2618
13.344006299972534,2617
13.36781120300293,2616
13.391668319702148,2615
13.41583251953125,2614
13.439699172973633,2613
13.463785886764526,2612
13.487606287002563,2611
13.511603593826294,2610
13.535451650619507,2609
13.559276103973389,2608
13.583303451538086,2607
13.60692310333252,2606
13.630912065505981,2605
13.65476393699646,2604
13.678678274154663,2603
13.702587127685547,2602
13.726257562637329,2601
13.750264883041382,2600
13.77393627166748,2599
13.797764539718628,2598
13.821902990341187,2597
13.84576416015625,2596
13.869757175445557,2595
13.893820762634277,2594
13.918128252029419,2593
13.942046642303467,2592
13.965656995773315,2591
13.990070104598999,2590
14.01409125328064,2589
14.037981510162354,2588
14.061967849731445,2587
14.086204528808594,2586
14.110368013381958,2585
14.134116411209106,2584
14.15769624710083,2583
14.181850671768188,2582
14.205880880355835,2581
14.229516983032227,2580
14.253207683563232,2579
14.277331113815308,2578
14.301162004470825,2577
14.324875116348267,2576
14.348551511764526,2575
14.372699499130249,2574
14.39651107788086,2573
14.420145273208618,2572
14.443873167037964,2571
14.468030452728271,2570
14.491757869720459,2569
14.51533842086792,2568
14.539092302322388,2567
14.563116073608398,2566
14.586893796920776,2565
14.610617876052856,2564
14.634536027908325,2563
14.658772230148315,2562
14.68273377418518,2561
14.706502676010132,2560
14.730634689331055,2559
14.754656314849854,2558
14.778217554092407,2557
14.801787376403809,2556
14.8258638381958,2555
14.849644660949707,2554
14.873188734054565,2553
14.896820068359375,2552
14.920888662338257,2551
14.9446120262146,2550
14.968151092529297,2549
14.991844177246094,2548
15.01601266860962,2547
15.039626121520996,2546
15.063275814056396,2545
15.087113618850708,2544
15.11119556427002,2543
15.1347815990448,2542
15.158323049545288,2541
15.182102918624878,2540
15.206114530563354,2539
15.229573011398315,2538
15.253171682357788,2537
15.277074337005615,2536
15.301056861877441,2535
15.324591159820557,2534
15.34817886352539,2533
15.372164487838745,2532
15.396002531051636,2531
15.419534683227539,2530
15.443034648895264,2529
15.46716046333313,2528
15.490784168243408,2527
15.514315605163574,2526
15.537918090820312,2525
15.561964988708496,2524
15.585794687271118,2523
15.609519243240356,2522
15.63347840309143,2521
15.657514810562134,2520
15.681116580963135,2519
15.704824447631836,2518
15.728612899780273,2517
15.752504348754883,2516
15.77592658996582,2515
15.799421548843384,2514
15.823291063308716,2513
15.847171783447266,2512
15.870610237121582,2511
15.894139528274536,2510
15.918214559555054,2509
15.942047119140625,2508
15.965651512145996,2507
15.989168405532837,2506
16.01319193840027,2505
16.036948919296265,2504
16.060577392578125,2503
16.084121227264404,2502
16.10814929008484,2501
16.13201093673706,2500
16.155590772628784,2499
16.179611921310425,2498
16.203916549682617,2497
16.227439403533936,2496
16.25116801261902,2495
16.274977207183838,2494
16.298949241638184,2493
16.322508573532104,2492
16.346017360687256,2491
16.36985182762146,2490
16.39375901222229,2489
16.41719079017639,2488
16.44066858291626,2487
16.4646098613739,2486
16.48832941055298,2485
16.51170563697815,2484
16.535189628601074,2483
16.559123516082764,2482
16.58277940750122,2481
16.606276512145996,2480
16.629732608795166,2479
16.653648138046265,2478
16.67722511291504,2477
16.700578927993774,2476
16.72416615486145,2475
16.74800729751587,2474
16.77139925956726,2473
16.794774532318115,2472
16.81840944290161,2471
16.841288805007935,2470
16.863130569458008,2469
16.884845972061157,2468
16.907092332839966,2467
16.929874181747437,2466
16.95170307159424,2465
16.973573923110962,2464
16.995895385742188,2463
17.018603086471558,2462
17.04082751274109,2461
17.062853574752808,2460
17.085464000701904,2459
17.108399868011475,2458
17.131291389465332,2457
17.153433322906494,2456
17.17617106437683,2455
17.198758602142334,2454
17.221667528152466,2453
17.244319200515747,2452
17.267121076583862,2451
17.28924870491028,2450
17.31196904182434,2449
17.334900617599487,2448
17.357897520065308,2447
17.37968420982361,2446
17.402294158935547,2445
17.425273180007935,2444
17.448127269744873,2443
17.470048904418945,2442
17.49232268333435,2441
17.515442371368408,2440
17.538240671157837,2439
17.5600802898407,2438
17.582245111465454,2437
17.60547399520874,2436
17.628528118133545,2435
17.650197505950928,2434
17.671982526779175,2433
17.694865703582764,2432
17.71819543838501,2431
17.739951610565186,2430
17.76166272163391,2429
17.783913612365723,2428
17.80736494064331,2427
17.829582452774048,2426
17.851327896118164,2425
17.873478174209595,2424
17.896729469299316,2423
17.919453859329224,2422
17.94111466407776,2421
17.96346664428711,2420
17.986616373062134,2419
18.00947070121765,2418
18.03121781349182,2417
18.0543429851532,2416
18.078316688537598,2415
18.10187005996704,2414
18.12536358833313,2413
18.148527145385742,2412
28.98742985725403,2411
31.184067964553833,2410
