0.03267717361450195,14108
0.0648491382598877,14107
0.09414505958557129,14106
0.12233591079711914,14105
0.15044927597045898,14104
0.17972707748413086,14103
0.2084031105041504,14102
0.23733925819396973,14101
0.2659921646118164,14100
0.2947571277618408,14099
0.32324910163879395,14098
0.3523099422454834,14097
0.38086605072021484,14096
0.40909624099731445,14095
0.4378840923309326,14094
0.4673960208892822,14093
0.4958782196044922,14092
0.5244731903076172,14091
0.5533061027526855,14090
0.5816240310668945,14089
0.6100332736968994,14088
0.6386122703552246,14087
0.6679222583770752,14086
0.6963419914245605,14085
0.7244391441345215,14084
0.7528631687164307,14083
0.7810769081115723,14082
0.8096292018890381,14081
0.8382272720336914,14080
0.8667969703674316,14079
0.8950510025024414,14078
0.9234211444854736,14077
0.9524412155151367,14076
0.9811081886291504,14075
1.0094141960144043,14074
1.0375101566314697,14073
1.0657179355621338,14072
1.0937583446502686,14071
1.1225521564483643,14070
1.1511211395263672,14069
1.1803481578826904,14068
1.208942174911499,14067
1.2372610569000244,14066
1.2640681266784668,14065
1.2885632514953613,14064
1.3136932849884033,14063
1.3367412090301514,14062
1.3628520965576172,14061
1.3898451328277588,14060
1.413635015487671,14059
1.4411182403564453,14058
1.4666433334350586,14057
1.5208191871643066,14056
1.549699068069458,14055
1.578226089477539,14054
1.6067051887512207,14053
1.6352992057800293,14052
1.659925937652588,14051
1.683929204940796,14050
1.7076301574707031,14049
1.731903314590454,14048
1.75608229637146,14047
1.7803130149841309,14046
1.8042809963226318,14045
1.8275392055511475,14044
1.8520472049713135,14043
1.876272201538086,14042
1.901442050933838,14041
1.9272582530975342,14040
1.9555580615997314,14039
1.9791369438171387,14038
2.002655267715454,14037
2.025418996810913,14036
2.049504041671753,14035
2.073263168334961,14034
2.0978810787200928,14033
2.121669054031372,14032
2.1488890647888184,14031
2.173945188522339,14030
2.1998090744018555,14029
2.2247133255004883,14028
2.2537970542907715,14027
2.2822163105010986,14026
2.311312198638916,14025
2.3397650718688965,14024
2.3689582347869873,14023
2.397516965866089,14022
2.425199031829834,14021
2.4535441398620605,14020
2.4861550331115723,14019
2.5180552005767822,14018
2.5499072074890137,14017
2.5798609256744385,14016
2.6085119247436523,14015
2.6372342109680176,14014
2.6650612354278564,14013
2.6883561611175537,14012
2.7115941047668457,14011
2.7344722747802734,14010
2.757249116897583,14009
2.7801079750061035,14008
2.803091287612915,14007
2.826723098754883,14006
2.8533689975738525,14005
2.881420135498047,14004
2.9093172550201416,14003
2.933211088180542,14002
2.9615910053253174,14001
2.9905471801757812,14000
3.019033193588257,13999
3.0479371547698975,13998
3.076402187347412,13997
3.104889154434204,13996
3.133181095123291,13995
3.1621851921081543,13994
3.1907660961151123,13993
3.219832181930542,13992
3.2484259605407715,13991
3.276844024658203,13990
3.3052992820739746,13989
3.333639144897461,13988
3.361560106277466,13987
3.3858323097229004,13986
3.412720203399658,13985
3.454241991043091,13984
3.4830541610717773,13983
3.51212215423584,13982
3.5405731201171875,13981
3.5688750743865967,13980
3.5965240001678467,13979
3.6246562004089355,13978
3.652266025543213,13977
3.681209087371826,13976
3.7097272872924805,13975
3.738734006881714,13974
3.7677853107452393,13973
3.7966132164001465,13972
3.825329065322876,13971
3.8532960414886475,13970
3.8819620609283447,13969
3.911271095275879,13968
3.939868211746216,13967
3.968756914138794,13966
3.997030258178711,13965
4.034638166427612,13964
4.063449144363403,13963
4.092006206512451,13962
4.1201331615448,13961
4.144765138626099,13960
4.167444229125977,13959
4.190559148788452,13958
4.213229179382324,13957
4.236764192581177,13956
4.263504266738892,13955
4.292042255401611,13954
4.320981025695801,13953
4.35029411315918,13952
4.378927230834961,13951
4.407472133636475,13950
4.4359259605407715,13949
4.4643309116363525,13948
4.493223190307617,13947
4.524862289428711,13946
4.5545971393585205,13945
4.583853006362915,13944
4.612329959869385,13943
4.641843318939209,13942
4.670689105987549,13941
4.699285984039307,13940
4.727041006088257,13939
4.750981092453003,13938
4.774400949478149,13937
4.797835111618042,13936
4.820770978927612,13935
4.843713998794556,13934
4.866601228713989,13933
4.88944411277771,13932
4.91239333152771,13931
4.943098068237305,13930
4.969722032546997,13929
4.998208999633789,13928
5.026155948638916,13927
5.054548263549805,13926
5.083162069320679,13925
5.112391233444214,13924
5.141465187072754,13923
5.170270204544067,13922
5.199659109115601,13921
5.22782301902771,13920
5.258202075958252,13919
5.286962270736694,13918
5.315701007843018,13917
5.343938112258911,13916
5.372209072113037,13915
5.4015491008758545,13914
5.429718971252441,13913
5.457487106323242,13912
5.480551242828369,13911
5.506003141403198,13910
5.5339813232421875,13909
5.561706066131592,13908
5.585922002792358,13907
5.608763217926025,13906
5.631771087646484,13905
5.659275054931641,13904
5.687699317932129,13903
5.714718341827393,13902
5.741307258605957,13901
5.768415212631226,13900
5.792378187179565,13899
5.820190191268921,13898
5.8441221714019775,13897
5.870655298233032,13896
5.904190301895142,13895
5.9324541091918945,13894
5.960560083389282,13893
5.988893270492554,13892
6.017703294754028,13891
6.056041955947876,13890
6.083424091339111,13889
6.106614112854004,13888
6.131371974945068,13887
6.160181045532227,13886
6.188873291015625,13885
6.217177152633667,13884
6.244808197021484,13883
6.267860174179077,13882
6.290779113769531,13881
6.313481330871582,13880
6.336494207382202,13879
6.360987186431885,13878
6.386682033538818,13877
6.415290117263794,13876
6.4435670375823975,13875
6.472389221191406,13874
6.500749111175537,13873
6.528901100158691,13872
6.584963083267212,13871
6.613486051559448,13870
6.642316102981567,13869
6.670650243759155,13868
6.699557065963745,13867
6.727754354476929,13866
6.7564473152160645,13865
6.785097122192383,13864
6.840721130371094,13863
6.8697803020477295,13862
6.898450136184692,13861
6.924180269241333,13860
6.947018146514893,13859
6.969717025756836,13858
6.992601156234741,13857
7.015264987945557,13856
7.038721084594727,13855
7.062601327896118,13854
7.08663010597229,13853
7.116366147994995,13852
7.140287160873413,13851
7.163406133651733,13850
7.188517093658447,13849
7.211972236633301,13848
7.236770153045654,13847
7.262256145477295,13846
7.287818193435669,13845
7.312740087509155,13844
7.337140321731567,13843
7.362905025482178,13842
7.391984224319458,13841
7.420798301696777,13840
7.44662618637085,13839
7.470990180969238,13838
7.496495008468628,13837
7.523731231689453,13836
7.5505499839782715,13835
7.574158191680908,13834
7.600001096725464,13833
7.6227240562438965,13832
7.645610094070435,13831
7.668334007263184,13830
7.6912102699279785,13829
7.713869094848633,13828
7.737491130828857,13827
7.765192270278931,13826
7.794225215911865,13825
7.823282241821289,13824
7.85104513168335,13823
7.8793251514434814,13822
7.9080140590667725,13821
7.937017202377319,13820
7.965318202972412,13819
7.993133068084717,13818
8.019054174423218,13817
8.04778528213501,13816
8.07626223564148,13815
8.104835033416748,13814
8.132894277572632,13813
8.16748309135437,13812
8.195643186569214,13811
8.222830057144165,13810
8.250982284545898,13809
8.306815147399902,13808
8.32968020439148,13807
8.375254154205322,13806
8.397978067398071,13805
8.420732259750366,13804
8.445870161056519,13803
8.479802131652832,13802
8.508932113647461,13801
8.537736177444458,13800
8.566079139709473,13799
8.594598054885864,13798
8.652162075042725,13797
8.680524110794067,13796
8.709286212921143,13795
8.737970113754272,13794
8.765866994857788,13793
8.798461198806763,13792
8.855184078216553,13791
8.892893314361572,13790
8.921049118041992,13789
8.948323011398315,13788
8.971533060073853,13787
8.994538068771362,13786
9.018157005310059,13785
9.043849229812622,13784
9.06671929359436,13783
9.08953595161438,13782
9.112293243408203,13781
9.135794162750244,13780
9.158880949020386,13779
9.18213701248169,13778
9.208214044570923,13777
9.231327295303345,13776
9.257513999938965,13775
9.286269187927246,13774
9.315211057662964,13773
9.343508243560791,13772
9.371981143951416,13771
9.400289058685303,13770
9.429402112960815,13769
9.45805835723877,13768
9.486342191696167,13767
9.515368223190308,13766
9.552102088928223,13765
9.581025123596191,13764
9.609284162521362,13763
9.637654066085815,13762
9.668513059616089,13761
9.691923141479492,13760
9.714730978012085,13759
9.737487077713013,13758
9.775790214538574,13757
9.799144268035889,13756
9.82562518119812,13755
9.849566221237183,13754
9.87616515159607,13753
9.904844045639038,13752
9.933457136154175,13751
9.962269306182861,13750
9.99102520942688,13749
10.01816701889038,13748
10.04532504081726,13747
10.086883068084717,13746
10.116505146026611,13745
10.145600080490112,13744
10.174981117248535,13743
10.20396900177002,13742
10.232056140899658,13741
10.260808229446411,13740
10.290597200393677,13739
10.320569038391113,13738
10.349252223968506,13737
10.377514123916626,13736
10.405532121658325,13735
10.430286169052124,13734
10.45313310623169,13733
10.47639513015747,13732
10.49914813041687,13731
10.524877071380615,13730
10.553727149963379,13729
10.582845211029053,13728
10.611406087875366,13727
10.639425039291382,13726
10.665871143341064,13725
10.694539070129395,13724
10.723012208938599,13723
10.751629114151001,13722
10.780109167098999,13721
10.808897972106934,13720
10.83714509010315,13719
10.865382194519043,13718
10.894283056259155,13717
10.926154375076294,13716
10.9550142288208,13715
10.984071254730225,13714
11.01640510559082,13713
11.044623136520386,13712
11.069693088531494,13711
11.093135118484497,13710
11.11612319946289,13709
11.138963222503662,13708
11.161811113357544,13707
11.184809923171997,13706
11.207602262496948,13705
11.234539985656738,13704
11.262746095657349,13703
11.292204141616821,13702
11.321583032608032,13701
11.349652290344238,13700
11.37796926498413,13699
11.406708240509033,13698
11.463507175445557,13697
11.492538213729858,13696
11.520700216293335,13695
11.549416303634644,13694
11.57797122001648,13693
11.614729166030884,13692
11.643367290496826,13691
11.680996179580688,13690
11.707322120666504,13689
11.730785131454468,13688
11.756761074066162,13687
11.787476301193237,13686
11.815224170684814,13685
11.839426040649414,13684
11.862302303314209,13683
11.885163068771362,13682
11.908076047897339,13681
11.93148422241211,13680
11.954548358917236,13679
11.977569103240967,13678
12.001649141311646,13677
12.02974820137024,13676
12.059543132781982,13675
12.088299036026001,13674
12.117114067077637,13673
12.141703128814697,13672
12.165390014648438,13671
12.189797163009644,13670
12.213109970092773,13669
12.237802982330322,13668
12.261500120162964,13667
12.285251140594482,13666
12.321700096130371,13665
12.347057104110718,13664
12.383088111877441,13663
12.407585144042969,13662
12.434384107589722,13661
12.458065271377563,13660
12.486749172210693,13659
12.51029920578003,13658
12.536712169647217,13657
12.564118146896362,13656
12.593945026397705,13655
12.616918087005615,13654
12.640116930007935,13653
12.676928997039795,13652
12.70468020439148,13651
12.733428955078125,13650
12.762156009674072,13649
12.790884017944336,13648
12.847131252288818,13647
12.876070261001587,13646
12.904712200164795,13645
12.933265209197998,13644
12.961910009384155,13643
13.019541025161743,13642
13.044990301132202,13641
13.069133996963501,13640
13.092788219451904,13639
13.120049238204956,13638
13.147921085357666,13637
13.172232151031494,13636
13.19821310043335,13635
13.225158214569092,13634
13.24783730506897,13633
13.270517110824585,13632
13.293232202529907,13631
13.315925121307373,13630
13.338922023773193,13629
13.36690616607666,13628
13.390473127365112,13627
13.436261177062988,13626
13.459979057312012,13625
13.489713191986084,13624
13.518326997756958,13623
13.547948122024536,13622
13.576373100280762,13621
13.604948997497559,13620
13.63205599784851,13619
13.655388116836548,13618
13.682796001434326,13617
13.711854219436646,13616
13.740713119506836,13615
13.76976203918457,13614
13.798738241195679,13613
13.826409339904785,13612
13.849481344223022,13611
13.87250304222107,13610
13.895742177963257,13609
13.918856143951416,13608
13.942020177841187,13607
13.965234279632568,13606
13.988432168960571,13605
14.011351108551025,13604
14.040771007537842,13603
14.095897197723389,13602
14.124772071838379,13601
14.153178215026855,13600
14.181997060775757,13599
14.210721969604492,13598
14.238961219787598,13597
14.268164157867432,13596
14.297393083572388,13595
14.326556205749512,13594
14.355847120285034,13593
14.385146141052246,13592
14.414084196090698,13591
14.442790269851685,13590
14.471311092376709,13589
14.49981427192688,13588
14.540067195892334,13587
14.568340301513672,13586
14.596660137176514,13585
14.625118255615234,13584
14.652582168579102,13583
14.681071043014526,13582
14.709737300872803,13581
14.738379001617432,13580
14.788876056671143,13579
14.817911148071289,13578
14.846796989440918,13577
14.876055002212524,13576
14.90519118309021,13575
14.934839010238647,13574
14.972987174987793,13573
15.0019052028656,13572
15.033462047576904,13571
15.06811809539795,13570
15.099903345108032,13569
15.131611108779907,13568
15.170124053955078,13567
15.201037168502808,13566
15.231019020080566,13565
15.260083198547363,13564
15.288840293884277,13563
15.318490028381348,13562
15.348206043243408,13561
15.377370119094849,13560
15.405996084213257,13559
15.435018301010132,13558
15.464397192001343,13557
15.522256135940552,13556
15.552991151809692,13555
15.583031177520752,13554
15.611740112304688,13553
15.640457153320312,13552
15.66975212097168,13551
15.706475973129272,13550
15.734858989715576,13549
15.763402223587036,13548
15.800201177597046,13547
15.829050064086914,13546
15.885240077972412,13545
15.940140008926392,13544
15.96930193901062,13543
15.998507022857666,13542
16.02714705467224,13541
16.05424928665161,13540
16.077131032943726,13539
16.100561141967773,13538
16.12368607521057,13537
16.152369260787964,13536
16.181069135665894,13535
16.21019697189331,13534
16.239038228988647,13533
16.275805234909058,13532
16.305952072143555,13531
16.33562707901001,13530
16.364978313446045,13529
16.393510103225708,13528
16.421831130981445,13527
16.457906246185303,13526
16.48670506477356,13525
16.515928030014038,13524
16.557523250579834,13523
16.58595609664917,13522
16.614614963531494,13521
16.642239332199097,13520
16.669148206710815,13519
16.69736909866333,13518
16.726294994354248,13517
16.75361728668213,13516
16.776620149612427,13515
16.79956293106079,13514
16.834095239639282,13513
16.862250089645386,13512
16.890303373336792,13511
16.924376010894775,13510
16.960893154144287,13509
16.992515087127686,13508
17.021312952041626,13507
17.050462245941162,13506
17.07948112487793,13505
17.10793900489807,13504
17.143968105316162,13503
17.172554969787598,13502
17.197819232940674,13501
17.222355127334595,13500
17.246742963790894,13499
17.271228075027466,13498
17.294913053512573,13497
17.318742036819458,13496
17.343095064163208,13495
17.366457223892212,13494
17.39177703857422,13493
17.420042991638184,13492
17.45753312110901,13491
17.48140811920166,13490
17.50747323036194,13489
17.535771131515503,13488
17.585775136947632,13487
17.62058711051941,13486
17.64943218231201,13485
17.73294425010681,13484
17.76188015937805,13483
17.790584087371826,13482
17.8180410861969,13481
17.873276233673096,13480
17.902003288269043,13479
17.93026828765869,13478
17.958831071853638,13477
17.987389087677002,13476
18.016080141067505,13475
18.04537320137024,13474
18.092916250228882,13473
18.119056224822998,13472
18.14219903945923,13471
18.165186166763306,13470
18.188374042510986,13469
18.223342180252075,13468
18.246613025665283,13467
18.27338218688965,13466
18.2989239692688,13465
18.321993350982666,13464
18.35248827934265,13463
18.38158893585205,13462
18.410701036453247,13461
18.461809158325195,13460
18.5008602142334,13459
18.530192136764526,13458
18.55908513069153,13457
18.5884530544281,13456
18.61793303489685,13455
18.647181034088135,13454
18.675928115844727,13453
18.70508313179016,13452
18.733410120010376,13451
18.76073694229126,13450
18.783955335617065,13449
18.807355165481567,13448
18.83022713661194,13447
18.8529531955719,13446
18.875805139541626,13445
18.898564100265503,13444
18.921257257461548,13443
18.94537329673767,13442
18.974160194396973,13441
19.00259304046631,13440
19.032573223114014,13439
19.06063413619995,13438
19.088942050933838,13437
19.121311902999878,13436
19.150954008102417,13435
19.220853090286255,13434
19.249897241592407,13433
19.278111934661865,13432
19.307430267333984,13431
19.34739398956299,13430
19.376432180404663,13429
19.405152082443237,13428
19.43354320526123,13427
19.463410139083862,13426
19.49186611175537,13425
19.520945072174072,13424
19.550080060958862,13423
19.60236120223999,13422
19.66181230545044,13421
19.688225030899048,13420
19.711583137512207,13419
19.739148139953613,13418
19.76541519165039,13417
19.79906725883484,13416
19.83253026008606,13415
19.862139225006104,13414
19.890374183654785,13413
19.917384147644043,13412
19.96972894668579,13411
19.998378038406372,13410
20.03242325782776,13409
