0.4743921756744385,8776
0.5632245540618896,8775
0.6499910354614258,8774
0.7336409091949463,8773
0.8221657276153564,8772
0.9102652072906494,8771
0.998481273651123,8770
1.086601734161377,8769
1.1745665073394775,8768
1.2631182670593262,8767
1.3513433933258057,8766
1.439180850982666,8765
1.5256223678588867,8764
1.613067388534546,8763
1.7011775970458984,8762
1.7893292903900146,8761
1.8768486976623535,8760
1.9648118019104004,8759
2.0530669689178467,8758
2.1418869495391846,8757
2.2300188541412354,8756
2.318293333053589,8755
2.4063100814819336,8754
2.4942476749420166,8753
2.5822153091430664,8752
2.6702911853790283,8751
2.759814977645874,8750
2.8505022525787354,8749
2.941527843475342,8748
3.0324621200561523,8747
3.1235976219177246,8746
3.2144362926483154,8745
3.3055810928344727,8744
3.3964481353759766,8743
3.4875845909118652,8742
3.5784406661987305,8741
3.6695072650909424,8740
3.760514736175537,8739
3.8514678478240967,8738
3.9424428939819336,8737
4.03339958190918,8736
4.1255340576171875,8735
4.216238975524902,8734
4.30743145942688,8733
4.398163080215454,8732
4.48974347114563,8731
4.5814878940582275,8730
4.673096656799316,8729
4.7649085521698,8728
4.856616497039795,8727
4.948136568069458,8726
5.039731025695801,8725
5.131324529647827,8724
5.222909212112427,8723
5.314763307571411,8722
5.406339168548584,8721
5.497779846191406,8720
5.589181661605835,8719
5.680475234985352,8718
5.771845817565918,8717
5.8632683753967285,8716
5.954639196395874,8715
6.0462493896484375,8714
6.137535333633423,8713
6.229062080383301,8712
6.3203444480896,8711
6.411848306655884,8710
6.502919673919678,8709
6.594365119934082,8708
6.68542218208313,8707
6.776698589324951,8706
6.867955446243286,8705
6.959330797195435,8704
7.050680637359619,8703
7.141903400421143,8702
7.2333972454071045,8701
7.324353218078613,8700
7.415522813796997,8699
7.506717205047607,8698
7.5979578495025635,8697
7.6889567375183105,8696
7.7800915241241455,8695
7.871422290802002,8694
7.960571527481079,8693
8.048207998275757,8692
8.135772228240967,8691
8.223297595977783,8690
8.310895204544067,8689
8.398507118225098,8688
8.486086368560791,8687
8.573860168457031,8686
8.66150188446045,8685
8.749244689941406,8684
8.836689233779907,8683
8.924250841140747,8682
9.011245012283325,8681
9.098171949386597,8680
9.187647819519043,8679
9.27445101737976,8678
9.361605167388916,8677
9.448392152786255,8676
9.535540103912354,8675
9.622370958328247,8674
9.709761142730713,8673
9.796828508377075,8672
9.8841073513031,8671
9.971384286880493,8670
10.059055089950562,8669
10.1493821144104,8668
10.236357927322388,8667
10.323535680770874,8666
10.41050124168396,8665
10.497466564178467,8664
10.584220170974731,8663
10.67132306098938,8662
10.758308410644531,8661
10.845362901687622,8660
10.932059049606323,8659
11.019249677658081,8658
11.105924844741821,8657
11.192806959152222,8656
11.2769455909729,8655
11.363479137420654,8654
11.450506210327148,8653
11.537455797195435,8652
11.624496936798096,8651
11.711553812026978,8650
11.798541784286499,8649
11.885546922683716,8648
11.972503662109375,8647
12.059765577316284,8646
12.147007942199707,8645
12.234298706054688,8644
12.321701049804688,8643
12.408958196640015,8642
12.495978593826294,8641
12.582915782928467,8640
12.669788360595703,8639
12.756776809692383,8638
12.843728303909302,8637
12.930457830429077,8636
13.017239809036255,8635
13.103935956954956,8634
13.190671682357788,8633
13.277449607849121,8632
13.364340543746948,8631
13.448805809020996,8630
13.532397031784058,8629
13.618778705596924,8628
13.70492672920227,8627
13.791757106781006,8626
13.878084421157837,8625
13.96344804763794,8624
14.04792308807373,8623
14.133478164672852,8622
14.217674255371094,8621
14.303171634674072,8620
14.390891075134277,8619
14.479434490203857,8618
14.566219091415405,8617
14.652796030044556,8616
14.739240169525146,8615
14.825533628463745,8614
14.9120774269104,8613
14.998597860336304,8612
15.085330247879028,8611
15.171767950057983,8610
15.257972240447998,8609
15.344437837600708,8608
15.431108951568604,8607
15.517535924911499,8606
15.604167222976685,8605
15.694944858551025,8604
15.781055212020874,8603
15.86378002166748,8602
15.946797132492065,8601
16.030006647109985,8600
16.112783193588257,8599
16.195765018463135,8598
16.27872610092163,8597
16.36164665222168,8596
16.44450807571411,8595
16.527440547943115,8594
16.610130548477173,8593
16.692741870880127,8592
16.775541067123413,8591
16.859063625335693,8590
16.94808840751648,8589
17.034967184066772,8588
17.125859260559082,8587
17.21648907661438,8586
17.306875467300415,8585
17.396758794784546,8584
17.487210035324097,8583
17.57765221595764,8582
17.66786813735962,8581
17.75807476043701,8580
17.848429441452026,8579
17.93884038925171,8578
18.028964519500732,8577
18.119415044784546,8576
18.210017442703247,8575
18.30018663406372,8574
18.390044450759888,8573
18.47970151901245,8572
18.569255352020264,8571
18.65898609161377,8570
18.74951148033142,8569
18.83968997001648,8568
18.930156469345093,8567
19.020796298980713,8566
19.111079931259155,8565
19.203919887542725,8564
19.29425311088562,8563
19.38479971885681,8562
19.47463893890381,8561
19.56545114517212,8560
19.656372785568237,8559
19.74708318710327,8558
19.837279319763184,8557
19.926666975021362,8556
20.016320943832397,8555
20.105407238006592,8554
20.19472336769104,8553
20.28481101989746,8552
20.37501287460327,8551
20.46516442298889,8550
20.555076122283936,8549
20.645092964172363,8548
20.735079050064087,8547
20.824962377548218,8546
20.91467785835266,8545
21.005096197128296,8544
21.09530234336853,8543
21.185502290725708,8542
21.275460481643677,8541
21.364102840423584,8540
21.453391313552856,8539
21.542344331741333,8538
21.63198971748352,8537
21.722391843795776,8536
21.812813758850098,8535
21.903160333633423,8534
21.99328899383545,8533
22.083685398101807,8532
22.173855781555176,8531
22.26241421699524,8530
22.34898090362549,8529
22.4352707862854,8528
22.521897792816162,8527
22.60843825340271,8526
22.694844961166382,8525
22.781280040740967,8524
22.867895364761353,8523
22.95451784133911,8522
23.040952444076538,8521
23.12717032432556,8520
23.213590621948242,8519
23.29968547821045,8518
23.385749578475952,8517
23.4715359210968,8516
23.55772376060486,8515
23.643529653549194,8514
23.72964096069336,8513
23.815385341644287,8512
23.90157914161682,8511
23.98737621307373,8510
24.074777841567993,8509
24.160589933395386,8508
24.246765851974487,8507
24.332544803619385,8506
24.420910120010376,8505
24.50785493850708,8504
24.593839645385742,8503
24.679737091064453,8502
24.765741109848022,8501
24.85157561302185,8500
24.937865495681763,8499
25.024014711380005,8498
25.110032558441162,8497
25.19643521308899,8496
25.282683849334717,8495
25.369290590286255,8494
25.45586895942688,8493
25.541932106018066,8492
25.62819480895996,8491
25.71551537513733,8490
25.797804832458496,8489
25.88450527191162,8488
25.971095323562622,8487
26.057998180389404,8486
26.14483118057251,8485
26.231505870819092,8484
26.318342208862305,8483
26.404910802841187,8482
26.491634130477905,8481
26.576345443725586,8480
26.6612069606781,8479
26.747443914413452,8478
26.834051847457886,8477
26.920149326324463,8476
27.006004571914673,8475
27.092471599578857,8474
27.178731203079224,8473
27.26580047607422,8472
27.35211682319641,8471
27.438615083694458,8470
27.524617910385132,8469
27.611029624938965,8468
27.697187662124634,8467
27.784664154052734,8466
27.87303853034973,8465
27.962388515472412,8464
28.051730632781982,8463
28.14110779762268,8462
28.230450868606567,8461
28.319966793060303,8460
28.40916657447815,8459
28.498491048812866,8458
28.58761954307556,8457
28.676960468292236,8456
28.76646852493286,8455
28.855527639389038,8454
28.94559359550476,8453
29.034940719604492,8452
29.124075651168823,8451
29.21611976623535,8450
29.305450439453125,8449
29.39474868774414,8448
29.484176874160767,8447
29.574257612228394,8446
29.664087057113647,8445
29.753750801086426,8444
29.843680381774902,8443
29.933481693267822,8442
30.0234637260437,8441
30.11333680152893,8440
30.203092098236084,8439
30.292832374572754,8438
30.382749319076538,8437
30.472548007965088,8436
30.56238341331482,8435
30.652446746826172,8434
30.74242329597473,8433
30.832046508789062,8432
30.922495365142822,8431
31.012420415878296,8430
31.10223126411438,8429
31.1921865940094,8428
31.281808137893677,8427
31.371544122695923,8426
31.46128559112549,8425
31.55099081993103,8424
31.64074969291687,8423
31.730481386184692,8422
31.820173501968384,8421
31.909931898117065,8420
31.999555826187134,8419
32.089375019073486,8418
32.17901134490967,8417
32.268736362457275,8416
32.35853719711304,8415
32.44827747344971,8414
32.538029193878174,8413
32.62759733200073,8412
32.7174756526947,8411
32.80710220336914,8410
32.896844148635864,8409
32.986669063568115,8408
33.07338833808899,8407
33.15929055213928,8406
33.24536752700806,8405
33.3314094543457,8404
33.41752099990845,8403
33.503762006759644,8402
33.589829206466675,8401
33.675880670547485,8400
33.76207113265991,8399
33.84810495376587,8398
33.93416094779968,8397
34.02018070220947,8396
34.10617780685425,8395
34.19145083427429,8394
34.277167320251465,8393
34.36245059967041,8392
34.448333740234375,8391
34.533703088760376,8390
34.61931490898132,8389
34.704745292663574,8388
34.790279150009155,8387
34.875686168670654,8386
34.961397647857666,8385
35.046611309051514,8384
35.131993770599365,8383
35.220030307769775,8382
35.3057541847229,8381
35.39094018936157,8380
35.47653603553772,8379
35.56182527542114,8378
35.647381067276,8377
35.732579708099365,8376
35.8179566860199,8375
35.903236627578735,8374
35.9886999130249,8373
36.07399272918701,8372
36.15953183174133,8371
36.24482727050781,8370
36.329407930374146,8369
36.40928387641907,8368
36.494231939315796,8367
36.579745292663574,8366
36.66521120071411,8365
36.75062274932861,8364
36.83610939979553,8363
36.92154884338379,8362
37.00558114051819,8361
37.09126353263855,8360
37.176602840423584,8359
37.262158155441284,8358
37.34775948524475,8357
37.433313846588135,8356
37.518423557281494,8355
37.60405993461609,8354
37.689536571502686,8353
37.77502369880676,8352
37.86045432090759,8351
37.946009159088135,8350
38.03062987327576,8349
38.116026878356934,8348
38.20137977600098,8347
38.286869287490845,8346
38.37228345870972,8345
38.45759129524231,8344
38.54301357269287,8343
38.62537455558777,8342
38.70818567276001,8341
38.79353880882263,8340
38.87846350669861,8339
38.96390771865845,8338
39.04875564575195,8337
39.13279318809509,8336
39.218565225601196,8335
39.30106043815613,8334
39.38403630256653,8333
39.46745276451111,8332
39.55303978919983,8331
39.64031624794006,8330
39.72683668136597,8329
39.81189799308777,8328
39.89703297615051,8327
39.98218607902527,8326
40.06710648536682,8325
40.152151584625244,8324
40.237091302871704,8323
40.321439027786255,8322
40.40667676925659,8321
40.49150371551514,8320
40.576375246047974,8319
40.661476373672485,8318
40.74645924568176,8317
40.83251714706421,8316
40.92142057418823,8315
41.00861954689026,8314
41.097362756729126,8313
41.1867938041687,8312
41.27625489234924,8311
41.36571741104126,8310
41.45506811141968,8309
41.54447603225708,8308
41.633514404296875,8307
41.723061323165894,8306
41.812463998794556,8305
41.90176224708557,8304
41.99117398262024,8303
42.080639362335205,8302
42.16997981071472,8301
42.25924587249756,8300
42.348549127578735,8299
42.43787217140198,8298
42.52709197998047,8297
42.61645460128784,8296
42.70585584640503,8295
42.79518413543701,8294
42.88424801826477,8293
42.97354173660278,8292
43.06280851364136,8291
43.15132975578308,8290
43.2405059337616,8289
43.32978820800781,8288
43.4191038608551,8287
43.50831460952759,8286
43.5975284576416,8285
43.68657684326172,8284
43.77550435066223,8283
43.8644483089447,8282
43.953591108322144,8281
44.04006624221802,8280
44.12644934654236,8279
44.21165657043457,8278
44.29703402519226,8277
44.38235282897949,8276
44.46764945983887,8275
44.55303478240967,8274
44.638450145721436,8273
44.72375154495239,8272
44.809165477752686,8271
44.89461898803711,8270
44.980051040649414,8269
45.066413164138794,8268
45.15534710884094,8267
45.24416947364807,8266
45.33321142196655,8265
45.42227864265442,8264
45.5111768245697,8263
45.600032567977905,8262
45.68886613845825,8261
45.77786874771118,8260
45.86674690246582,8259
45.9559268951416,8258
46.04503083229065,8257
46.13387846946716,8256
46.22277069091797,8255
46.31165552139282,8254
46.40054678916931,8253
46.48944926261902,8252
46.57847023010254,8251
46.66727614402771,8250
46.75627398490906,8249
46.84510850906372,8248
46.93395185470581,8247
47.02291440963745,8246
47.112149715423584,8245
47.20126390457153,8244
47.29046940803528,8243
47.37909293174744,8242
47.4684681892395,8241
47.557682514190674,8240
47.646756172180176,8239
47.735658407211304,8238
47.82454586029053,8237
47.91338610649109,8236
48.00187587738037,8235
48.09066128730774,8234
48.17970275878906,8233
48.26642346382141,8232
48.35157752037048,8231
48.43663048744202,8230
48.5221586227417,8229
48.60727000236511,8228
48.692591190338135,8227
48.777710914611816,8226
48.86285734176636,8225
48.948023319244385,8224
49.033408880233765,8223
49.11868858337402,8222
49.20648789405823,8221
49.29033350944519,8220
49.37954115867615,8219
49.46847891807556,8218
49.5573046207428,8217
49.64589238166809,8216
49.734798192977905,8215
49.823490381240845,8214
49.912195920944214,8213
50.00047039985657,8212
50.08931279182434,8211
50.17806935310364,8210
50.266855239868164,8209
50.35547733306885,8208
50.44346642494202,8207
50.53125500679016,8206
50.619136810302734,8205
50.706947803497314,8204
50.79599165916443,8203
50.88503432273865,8202
50.97331953048706,8201
51.06182527542114,8200
51.150556802749634,8199
51.23948812484741,8198
51.32773947715759,8197
51.41519546508789,8196
51.5038058757782,8195
51.59246301651001,8194
51.68098187446594,8193
51.769819021224976,8192
51.857903480529785,8191
51.94670748710632,8190
52.035170793533325,8189
52.124043226242065,8188
52.21219325065613,8187
52.30010008811951,8186
52.387733697891235,8185
52.475574016571045,8184
52.56299543380737,8183
52.651400327682495,8182
52.73674249649048,8181
52.821556091308594,8180
52.906259059906006,8179
52.99121642112732,8178
53.07627820968628,8177
53.16137504577637,8176
53.24626922607422,8175
53.331305265426636,8174
53.41623854637146,8173
53.5009822845459,8172
53.58602166175842,8171
53.67098903656006,8170
53.75800681114197,8169
53.84599471092224,8168
53.93449354171753,8167
54.022796869277954,8166
54.11220359802246,8165
54.20007920265198,8164
54.287614822387695,8163
54.37520956993103,8162
54.46277475357056,8161
54.55056643486023,8160
54.63927412033081,8159
54.72793984413147,8158
54.815805196762085,8157
54.904216289520264,8156
54.99271512031555,8155
55.081331729888916,8154
55.16962003707886,8153
55.25802135467529,8152
55.34661936759949,8151
55.43513560295105,8150
55.523401975631714,8149
55.611428022384644,8148
55.699524879455566,8147
55.78780651092529,8146
55.87644004821777,8145
55.964839220047,8144
56.05334758758545,8143
56.14169239997864,8142
56.23009133338928,8141
56.31780552864075,8140
56.405176639556885,8139
56.49259066581726,8138
56.57957100868225,8137
56.66751027107239,8136
56.75550365447998,8135
56.84376072883606,8134
56.93196654319763,8133
57.02037310600281,8132
57.10770606994629,8131
57.19228267669678,8130
57.276875734329224,8129
57.36144804954529,8128
57.446327209472656,8127
57.53090977668762,8126
57.61522197723389,8125
57.69996786117554,8124
57.784687757492065,8123
57.8692193031311,8122
57.954063415527344,8121
58.0387225151062,8120
58.12307643890381,8119
58.21092629432678,8118
58.2968270778656,8117
58.384289026260376,8116
58.47228980064392,8115
58.56032085418701,8114
58.64826059341431,8113
58.73643255233765,8112
58.824650049209595,8111
58.91276669502258,8110
59.00113558769226,8109
59.089102268218994,8108
59.17951846122742,8107
59.26781415939331,8106
59.356009006500244,8105
59.444313526153564,8104
59.5326361656189,8103
59.620683431625366,8102
59.708221673965454,8101
59.79521083831787,8100
59.88234329223633,8099
59.9697003364563,8098
60.057318925857544,8097
60.14543795585632,8096
60.233837842941284,8095
60.322230100631714,8094
60.41054010391235,8093
60.49871563911438,8092
60.58703684806824,8091
60.675339221954346,8090
60.763545513153076,8089
60.85192608833313,8088
60.94031739234924,8087
61.0288405418396,8086
61.11692786216736,8085
61.20532202720642,8084
61.29370737075806,8083
61.38199496269226,8082
61.46668028831482,8081
61.55094003677368,8080
61.63531756401062,8079
61.71977663040161,8078
61.80420708656311,8077
61.888466358184814,8076
61.97271919250488,8075
62.057207107543945,8074
62.14163422584534,8073
62.225870847702026,8072
62.31004214286804,8071
62.394272327423096,8070
62.480281829833984,8069
62.568182706832886,8068
62.655959367752075,8067
62.74410438537598,8066
62.83185601234436,8065
62.919140577316284,8064
63.0065484046936,8063
63.09415793418884,8062
63.181740045547485,8061
63.26906657218933,8060
63.35657572746277,8059
63.444127559661865,8058
63.531617403030396,8057
63.61880397796631,8056
63.70629167556763,8055
63.79382395744324,8054
63.881439447402954,8053
63.96887230873108,8052
64.05611276626587,8051
64.14489722251892,8050
64.23231673240662,8049
64.3194637298584,8048
64.40692639350891,8047
64.494393825531,8046
64.58199381828308,8045
64.66948771476746,8044
64.75678539276123,8043
64.84431099891663,8042
64.93172335624695,8041
65.01926970481873,8040
65.10636639595032,8039
65.19352793693542,8038
65.28090786933899,8037
65.36845993995667,8036
65.45573949813843,8035
65.54267477989197,8034
65.62978219985962,8033
65.71727395057678,8032
65.80452179908752,8031
65.89183902740479,8030
65.97882008552551,8029
66.06606483459473,8028
66.15281391143799,8027
66.23700261116028,8026
66.32105898857117,8025
66.40514707565308,8024
66.4891710281372,8023
66.57320380210876,8022
66.65728545188904,8021
66.74141478538513,8020
66.82546186447144,8019
66.90953040122986,8018
66.99341368675232,8017
67.07751631736755,8016
67.16172885894775,8015
67.24204754829407,8014
67.33044266700745,8013
67.41651821136475,8012
67.50388932228088,8011
67.59116697311401,8010
67.67851209640503,8009
67.7658371925354,8008
67.85285663604736,8007
67.93988966941833,8006
68.0273928642273,8005
68.11538195610046,8004
68.20313048362732,8003
68.29096031188965,8002
68.37873363494873,8001
68.46655368804932,8000
68.5546064376831,7999
68.64240002632141,7998
68.73037719726562,7997
68.81842708587646,7996
68.9061598777771,7995
68.99381303787231,7994
69.08154916763306,7993
69.16926312446594,7992
69.25960755348206,7991
69.34749054908752,7990
69.4351954460144,7989
69.52309370040894,7988
69.61082148551941,7987
69.69863367080688,7986
69.7862401008606,7985
69.8739333152771,7984
69.96169996261597,7983
70.04947090148926,7982
70.13722634315491,7981
70.22487163543701,7980
70.3125467300415,7979
70.40047335624695,7978
70.48599052429199,7977
70.57011246681213,7976
70.65411734580994,7975
70.7380883693695,7974
70.82192158699036,7973
70.90607261657715,7972
70.99000358581543,7971
71.0738308429718,7970
71.15772557258606,7969
71.24158430099487,7968
71.32554578781128,7967
71.40936470031738,7966
71.49313926696777,7965
71.5814266204834,7964
71.66848278045654,7963
71.75601315498352,7962
71.84360909461975,7961
71.93141913414001,7960
72.01914262771606,7959
72.1070168018341,7958
72.19479703903198,7957
72.28239941596985,7956
72.37008047103882,7955
72.45789694786072,7954
72.54550170898438,7953
72.63305306434631,7952
72.72072529792786,7951
72.80816888809204,7950
72.89574694633484,7949
72.98321390151978,7948
73.07069659233093,7947
73.15767574310303,7946
73.24550938606262,7945
73.33317804336548,7944
73.42088460922241,7943
73.50866317749023,7942
73.59645128250122,7941
73.6841733455658,7940
73.77199673652649,7939
73.85950994491577,7938
73.94747281074524,7937
74.03519201278687,7936
74.12403464317322,7935
74.21189975738525,7934
74.29963326454163,7933
74.38737392425537,7932
74.47490453720093,7931
74.56190514564514,7930
74.648921251297,7929
74.73324918746948,7928
74.81709599494934,7927
74.9009907245636,7926
74.98506116867065,7925
75.06888890266418,7924
75.15270137786865,7923
75.23659825325012,7922
75.32041597366333,7921
75.40413784980774,7920
75.48807549476624,7919
75.57198405265808,7918
75.65585923194885,7917
75.7376754283905,7916
75.82568550109863,7915
75.9112913608551,7914
75.99851107597351,7913
76.08541488647461,7912
76.17206478118896,7911
76.25879240036011,7910
76.34559750556946,7909
76.43262267112732,7908
76.51948142051697,7907
76.6064236164093,7906
76.6932692527771,7905
76.77984070777893,7904
76.86646962165833,7903
76.95323872566223,7902
77.03997421264648,7901
77.12698745727539,7900
77.21372103691101,7899
77.30039620399475,7898
77.38674712181091,7897
77.47358918190002,7896
77.56018829345703,7895
77.64684128761292,7894
77.73353862762451,7893
77.82021188735962,7892
77.90699601173401,7891
77.9936306476593,7890
78.08035707473755,7889
78.16724228858948,7888
78.25411367416382,7887
78.34085130691528,7886
78.42747354507446,7885
78.51406645774841,7884
78.60077357292175,7883
78.68757319450378,7882
78.77434468269348,7881
78.86109519004822,7880
78.94784021377563,7879
79.0345151424408,7878
79.12152576446533,7877
79.21084785461426,7876
79.29765510559082,7875
79.38433408737183,7874
79.47114133834839,7873
79.55638265609741,7872
79.63992953300476,7871
79.72334313392639,7870
79.80691289901733,7869
79.89050006866455,7868
79.97414135932922,7867
80.05774593353271,7866
80.14139699935913,7865
80.22487473487854,7864
80.30836629867554,7863
80.39201879501343,7862
80.47576403617859,7861
80.55915188789368,7860
80.64528775215149,7859
80.73166918754578,7858
80.81904363632202,7857
80.90629601478577,7856
80.99359011650085,7855
81.08084654808044,7854
81.16814374923706,7853
81.25540208816528,7852
81.3410165309906,7851
81.42731285095215,7850
81.51434826850891,7849
81.60161828994751,7848
81.6888473033905,7847
81.77593731880188,7846
81.8631100654602,7845
81.95019054412842,7844
82.03738903999329,7843
82.12475514411926,7842
82.21204161643982,7841
82.29912519454956,7840
82.38599944114685,7839
82.47310042381287,7838
82.56000185012817,7837
82.64713788032532,7836
82.7343819141388,7835
82.82141208648682,7834
82.90873265266418,7833
82.99570846557617,7832
83.0826621055603,7831
83.1696560382843,7830
83.2566864490509,7829
83.34383606910706,7828
83.43079042434692,7827
83.51793003082275,7826
83.60495781898499,7825
83.69145393371582,7824
83.77471160888672,7823
83.85817003250122,7822
83.94158434867859,7821
84.02506351470947,7820
84.10938835144043,7819
84.19279742240906,7818
84.27623844146729,7817
84.3597481250763,7816
84.44296073913574,7815
84.52617907524109,7814
84.60944175720215,7813
84.69293880462646,7812
84.7760272026062,7811
84.85905432701111,7810
84.94374942779541,7809
85.02724409103394,7808
85.11347460746765,7807
85.19816064834595,7806
85.27998876571655,7805
85.36496305465698,7804
85.45074343681335,7803
85.53543853759766,7802
85.61767840385437,7801
85.69650721549988,7800
85.78067231178284,7799
85.86523628234863,7798
85.95082139968872,7797
86.03590655326843,7796
86.12014770507812,7795
86.20287799835205,7794
86.28661322593689,7793
86.37460398674011,7792
86.45348811149597,7791
86.53207349777222,7790
86.61064410209656,7789
86.68928647041321,7788
86.76798462867737,7787
86.84639525413513,7786
86.92512273788452,7785
87.0038890838623,7784
87.0827124118805,7783
87.16151642799377,7782
87.24012613296509,7781
87.3185338973999,7780
87.39724826812744,7779
87.47607350349426,7778
87.55909156799316,7777
87.64248657226562,7776
87.72901844978333,7775
87.81580996513367,7774
87.90245223045349,7773
87.98913359642029,7772
88.07546591758728,7771
88.1612286567688,7770
88.24781584739685,7769
88.33434653282166,7768
88.42071843147278,7767
88.50713086128235,7766
88.59350490570068,7765
88.67988610267639,7764
88.76665902137756,7763
88.85249447822571,7762
88.93844318389893,7761
89.02376222610474,7760
89.10907411575317,7759
89.1980414390564,7758
89.28476285934448,7757
89.37137746810913,7756
89.45749235153198,7755
89.54372477531433,7754
89.63030767440796,7753
89.71687841415405,7752
89.80319261550903,7751
89.8895034790039,7750
89.97580766677856,7749
90.06244039535522,7748
90.1489405632019,7747
90.23476099967957,7746
90.3211407661438,7745
90.40756630897522,7744
90.49380731582642,7743
90.57996845245361,7742
90.66546058654785,7741
90.75102543830872,7740
90.83630013465881,7739
90.92216110229492,7738
91.00869488716125,7737
91.09516215324402,7736
91.1813657283783,7735
91.26743578910828,7734
91.35366034507751,7733
91.43992519378662,7732
91.52609252929688,7731
91.6124541759491,7730
91.69868087768555,7729
91.78474164009094,7728
91.86968731880188,7727
91.95597553253174,7726
92.0419270992279,7725
92.1285400390625,7724
92.21477389335632,7723
92.30083060264587,7722
92.38699197769165,7721
92.47259998321533,7720
92.55823397636414,7719
92.6434257030487,7718
92.72883582115173,7717
92.81511807441711,7716
92.90127372741699,7715
92.98425388336182,7714
93.06688237190247,7713
93.14960980415344,7712
93.23226642608643,7711
93.31506896018982,7710
93.39782905578613,7709
93.480721950531,7708
93.56362891197205,7707
93.64632749557495,7706
93.7294807434082,7705
93.81221795082092,7704
93.89506125450134,7703
93.97737002372742,7702
94.0595452785492,7701
94.14292526245117,7700
94.22504425048828,7699
94.30694842338562,7698
94.38911271095276,7697
94.47114253044128,7696
94.55346250534058,7695
94.63547229766846,7694
94.7176821231842,7693
94.79971051216125,7692
94.88177442550659,7691
94.96412515640259,7690
95.04682397842407,7689
95.13186526298523,7688
95.2138741016388,7687
95.29615521430969,7686
95.3783438205719,7685
95.46022582054138,7684
95.54252219200134,7683
95.62443470954895,7682
95.70665168762207,7681
95.78880405426025,7680
95.8709065914154,7679
95.95307779312134,7678
96.03531694412231,7677
96.1174590587616,7676
96.19982075691223,7675
96.28254795074463,7674
96.36376786231995,7673
96.4413628578186,7672
96.52377033233643,7671
96.60634875297546,7670
96.68896007537842,7669
96.77147507667542,7668
96.85401225090027,7667
96.93666887283325,7666
97.01908898353577,7665
97.10162353515625,7664
97.18226909637451,7663
97.26328992843628,7662
97.34578227996826,7661
97.42841029167175,7660
97.51088523864746,7659
97.59303879737854,7658
97.67524766921997,7657
97.7577006816864,7656
97.84049105644226,7655
97.92283821105957,7654
98.00527834892273,7653
98.08751010894775,7652
98.16938185691833,7651
98.2515914440155,7650
98.33405232429504,7649
98.41948938369751,7648
98.50492262840271,7647
98.59024810791016,7646
98.6755530834198,7645
98.76104187965393,7644
98.84648275375366,7643
98.93188762664795,7642
99.01731586456299,7641
99.10281801223755,7640
99.19079279899597,7639
99.27625679969788,7638
99.36149072647095,7637
99.44677901268005,7636
99.53230619430542,7635
99.61774945259094,7634
99.70315980911255,7633
99.78854131698608,7632
99.87398099899292,7631
99.95942234992981,7630
100.04464316368103,7629
100.13001751899719,7628
100.21534609794617,7627
100.30062770843506,7626
100.3861391544342,7625
100.47144627571106,7624
100.5567376613617,7623
100.64188265800476,7622
100.72711992263794,7621
100.81242108345032,7620
100.89745354652405,7619
100.9827389717102,7618
101.06799387931824,7617
101.15322279930115,7616
101.23839473724365,7615
101.32354211807251,7614
101.40872955322266,7613
101.49371862411499,7612
101.57871437072754,7611
101.66384172439575,7610
101.7489538192749,7609
101.83414793014526,7608
101.91938614845276,7607
102.00445675849915,7606
102.08965349197388,7605
102.17514681816101,7604
102.26041293144226,7603
102.34549617767334,7602
102.43055057525635,7601
102.51607418060303,7600
102.60179042816162,7599
102.68772053718567,7598
102.77355647087097,7597
102.85959053039551,7596
102.94571113586426,7595
103.03173327445984,7594
103.11657643318176,7593
103.20235466957092,7592
103.28843712806702,7591
103.37472867965698,7590
103.46061110496521,7589
103.54646229743958,7588
103.63224840164185,7587
103.71803712844849,7586
103.80366396903992,7585
103.88938879966736,7584
103.97514820098877,7583
104.06009793281555,7582
104.14331245422363,7581
104.22550392150879,7580
104.30750107765198,7579
104.38959050178528,7578
104.4718451499939,7577
104.55401396751404,7576
104.63634753227234,7575
104.71841382980347,7574
104.8005862236023,7573
104.88271498680115,7572
104.96484303474426,7571
105.04711866378784,7570
105.12856960296631,7569
105.20985460281372,7568
105.29151225090027,7567
105.37299299240112,7566
105.4543445110321,7565
105.53585267066956,7564
105.6171236038208,7563
105.69868111610413,7562
105.77999782562256,7561
105.8615128993988,7560
105.94296288490295,7559
106.0245943069458,7558
106.10623693466187,7557
106.18780517578125,7556
106.27235007286072,7555
106.35383152961731,7554
106.43535017967224,7553
106.51700568199158,7552
106.59846115112305,7551
106.68003463745117,7550
106.76147747039795,7549
106.84301376342773,7548
106.92446041107178,7547
107.00594019889832,7546
107.08779263496399,7545
107.16938209533691,7544
107.25076484680176,7543
107.33236026763916,7542
107.41095757484436,7541
107.49326753616333,7540
107.57503366470337,7539
107.65677285194397,7538
107.7384762763977,7537
107.8202383518219,7536
107.90195560455322,7535
107.98362112045288,7534
108.06540751457214,7533
108.14690923690796,7532
108.22856712341309,7531
108.31023573875427,7530
108.39185810089111,7529
108.47373676300049,7528
108.55530190467834,7527
108.63704180717468,7526
108.71869921684265,7525
108.80029845237732,7524
108.88183164596558,7523
108.96362090110779,7522
109.04508137702942,7521
109.12647891044617,7520
109.21046090126038,7519
109.2921850681305,7518
109.37373471260071,7517
109.45523023605347,7516
109.5351574420929,7515
109.61263966560364,7514
109.69300413131714,7513
109.77376747131348,7512
109.85500645637512,7511
109.9360818862915,7510
110.01652550697327,7509
110.0960476398468,7508
110.17445945739746,7507
110.25307250022888,7506
110.33158683776855,7505
110.41107249259949,7504
110.4925684928894,7503
110.57550191879272,7502
110.65785837173462,7501
110.73913860321045,7500
110.8200330734253,7499
110.90094113349915,7498
110.98180627822876,7497
111.06290888786316,7496
111.14384198188782,7495
111.22488188743591,7494
111.30503296852112,7493
111.38606357574463,7492
111.4670581817627,7491
111.54790472984314,7490
111.62885856628418,7489
111.70962858200073,7488
111.79249501228333,7487
111.87874364852905,7486
111.95567774772644,7485
112.03290367126465,7484
112.11008930206299,7483
112.18726396560669,7482
112.2644248008728,7481
112.341379404068,7480
112.41846203804016,7479
112.49542093276978,7478
112.57230401039124,7477
112.64910125732422,7476
112.72588300704956,7475
112.80296874046326,7474
112.88001203536987,7473
112.95706558227539,7472
113.0356662273407,7471
113.11819553375244,7470
113.20023679733276,7469
113.28489136695862,7468
113.3694715499878,7467
113.45424675941467,7466
113.53878784179688,7465
113.62319231033325,7464
113.70761132240295,7463
113.79188108444214,7462
113.87623071670532,7461
113.9605553150177,7460
114.045077085495,7459
114.13065600395203,7458
114.21566438674927,7457
114.30077266693115,7456
114.38578796386719,7455
114.47098660469055,7454
114.5560073852539,7453
114.64099979400635,7452
114.72650361061096,7451
114.8117527961731,7450
114.89659237861633,7449
114.98181772232056,7448
115.06685376167297,7447
115.15178394317627,7446
115.23683857917786,7445
115.32198071479797,7444
115.40693283081055,7443
115.4919958114624,7442
115.5770845413208,7441
115.66212773323059,7440
115.74717807769775,7439
115.83211398124695,7438
115.91707110404968,7437
116.00208830833435,7436
116.08709645271301,7435
116.17185521125793,7434
116.25687289237976,7433
116.34189701080322,7432
116.42695808410645,7431
116.51172852516174,7430
116.59664559364319,7429
116.68154883384705,7428
116.76615858078003,7427
116.85064959526062,7426
116.93551254272461,7425
117.02055406570435,7424
117.1057014465332,7423
117.1910514831543,7422
117.27613425254822,7421
117.36059665679932,7420
117.44550919532776,7419
117.53044724464417,7418
117.61544942855835,7417
117.70040345191956,7416
117.78537702560425,7415
117.87034130096436,7414
117.95518946647644,7413
118.0400767326355,7412
118.12451124191284,7411
118.20779728889465,7410
118.28912448883057,7409
118.37048816680908,7408
118.4518837928772,7407
118.53307819366455,7406
118.61446857452393,7405
118.69590473175049,7404
118.77719521522522,7403
118.85849285125732,7402
118.94026565551758,7401
119.02160739898682,7400
119.10295176506042,7399
119.18658947944641,7398
119.26707935333252,7397
119.34755349159241,7396
119.42846512794495,7395
119.50910258293152,7394
119.5896167755127,7393
119.67050552368164,7392
119.75123023986816,7391
119.83208394050598,7390
119.91263604164124,7389
119.99341011047363,7388
120.07422494888306,7387
120.15477991104126,7386
120.23543858528137,7385
120.3162362575531,7384
120.39994883537292,7383
120.48082375526428,7382
120.56151747703552,7381
120.6421914100647,7380
120.7226254940033,7379
120.8032341003418,7378
120.88390684127808,7377
120.96450424194336,7376
121.04525399208069,7375
121.12584972381592,7374
121.206533908844,7373
121.2873740196228,7372
121.36779761314392,7371
121.44831871986389,7370
121.52925872802734,7369
121.61061215400696,7368
121.68748593330383,7367
121.76827073097229,7366
121.84928488731384,7365
121.9303069114685,7364
122.01148343086243,7363
122.0928282737732,7362
122.1741099357605,7361
122.25521683692932,7360
122.33626627922058,7359
122.41696333885193,7358
122.49555039405823,7357
122.57563710212708,7356
122.6566412448883,7355
122.73776602745056,7354
122.81984519958496,7353
122.90077519416809,7352
122.98161196708679,7351
123.06260919570923,7350
123.14451169967651,7349
123.22534728050232,7348
123.30624914169312,7347
123.38690733909607,7346
123.46779084205627,7345
123.54859232902527,7344
123.62958526611328,7343
123.71229076385498,7342
123.79668045043945,7341
123.88068175315857,7340
123.96511340141296,7339
124.04957699775696,7338
124.13534498214722,7337
124.21968269348145,7336
124.30398654937744,7335
124.38842415809631,7334
124.47288203239441,7333
124.55670976638794,7332
124.64087677001953,7331
124.72501230239868,7330
124.80918049812317,7329
124.8936607837677,7328
124.9773919582367,7327
125.0609495639801,7326
125.14448523521423,7325
125.22791457176208,7324
125.31188535690308,7323
125.3964855670929,7322
125.48092079162598,7321
125.56497812271118,7320
125.64914274215698,7319
125.73353552818298,7318
125.81773829460144,7317
125.90176796913147,7316
125.98612785339355,7315
126.07053637504578,7314
126.15501284599304,7313
126.23893618583679,7312
126.32309627532959,7311
126.40729689598083,7310
126.49151182174683,7309
126.57567858695984,7308
126.65959525108337,7307
126.743332862854,7306
126.82680225372314,7305
126.91004395484924,7304
126.99334216117859,7303
127.07773280143738,7302
127.1623260974884,7301
127.2465431690216,7300
127.32951068878174,7299
127.41399431228638,7298
127.4983823299408,7297
127.58259582519531,7296
127.66694808006287,7295
127.75115275382996,7294
127.83547234535217,7293
127.91958546638489,7292
128.0036313533783,7291
128.0879111289978,7290
128.17188358306885,7289
128.2558732032776,7288
128.34001278877258,7287
128.42431235313416,7286
128.50800824165344,7285
128.59137415885925,7284
128.6748411655426,7283
128.75841069221497,7282
128.84172129631042,7281
128.92591953277588,7280
129.00993967056274,7279
129.09188175201416,7278
129.17264771461487,7277
129.2559404373169,7276
129.33654975891113,7275
129.41723012924194,7274
129.49795794487,7273
129.5785894393921,7272
129.6593005657196,7271
129.74006485939026,7270
129.82075786590576,7269
129.90124130249023,7268
129.9821743965149,7267
130.06295442581177,7266
130.14233708381653,7265
130.22224950790405,7264
130.30234336853027,7263
130.38219547271729,7262
130.46207857131958,7261
130.54239177703857,7260
130.62231826782227,7259
130.70246481895447,7258
130.78242015838623,7257
130.86257696151733,7256
130.9426519870758,7255
131.02283835411072,7254
131.10282850265503,7253
131.18295240402222,7252
131.26593112945557,7251
131.34644961357117,7250
131.4262933731079,7249
131.50643014907837,7248
131.5864601135254,7247
131.6663966178894,7246
131.7464189529419,7245
131.82624292373657,7244
131.90606904029846,7243
131.98616981506348,7242
132.0662202835083,7241
132.1461730003357,7240
132.22627305984497,7239
132.30615425109863,7238
132.38526821136475,7237
132.45996689796448,7236
132.54004430770874,7235
132.62013006210327,7234
132.70055985450745,7233
132.78076314926147,7232
132.86106157302856,7231
132.9412543773651,7230
133.02133750915527,7229
133.10131430625916,7228
133.1814682483673,7227
133.26163363456726,7226
133.34155130386353,7225
133.4218304157257,7224
133.50154852867126,7223
133.5817620754242,7222
133.66190481185913,7221
133.74204564094543,7220
133.82214832305908,7219
133.90224480628967,7218
133.98224663734436,7217
134.06215810775757,7216
134.14323115348816,7215
134.22317576408386,7214
134.30317497253418,7213
134.38339352607727,7212
134.4634189605713,7211
134.54341173171997,7210
134.61959552764893,7209
134.69603443145752,7208
134.77585816383362,7207
134.85519003868103,7206
134.93501377105713,7205
135.01443433761597,7204
135.09286665916443,7203
135.1704125404358,7202
135.24715924263,7201
135.32335209846497,7200
135.40106868743896,7199
135.48035717010498,7198
135.56149005889893,7197
135.64355611801147,7196
135.7235836982727,7195
135.8032341003418,7194
135.882794380188,7193
135.9623212814331,7192
136.0422167778015,7191
136.1217863559723,7190
136.2014696598053,7189
136.280601978302,7188
136.3601574897766,7187
136.4395980834961,7186
136.51912999153137,7185
136.59876346588135,7184
136.67839646339417,7183
136.7581443786621,7182
136.8405647277832,7181
136.9227590560913,7180
136.99829769134521,7179
137.07388520240784,7178
137.14953064918518,7177
137.22540593147278,7176
137.30082273483276,7175
137.37637639045715,7174
137.45195817947388,7173
137.52763175964355,7172
137.60322546958923,7171
137.67873787879944,7170
137.75437688827515,7169
137.8298213481903,7168
137.905371427536,7167
137.98090410232544,7166
138.05836749076843,7165
138.1397602558136,7164
138.22170495986938,7163
138.30449080467224,7162
138.38752675056458,7161
138.47082781791687,7160
138.5540521144867,7159
138.63732051849365,7158
138.72044801712036,7157
138.80359053611755,7156
138.887056350708,7155
138.97055912017822,7154
139.05408334732056,7153
139.1374111175537,7152
139.22317051887512,7151
139.30629754066467,7150
139.3893609046936,7149
139.47255325317383,7148
139.5557951927185,7147
139.63903284072876,7146
139.72231483459473,7145
139.8054645061493,7144
139.88926911354065,7143
139.97313570976257,7142
140.05688619613647,7141
140.1408052444458,7140
140.22452473640442,7139
140.30814909934998,7138
140.39186334609985,7137
140.47586297988892,7136
140.55971479415894,7135
140.64340209960938,7134
140.72723603248596,7133
140.81078577041626,7132
140.8946888446808,7131
140.9784450531006,7130
141.06240677833557,7129
141.1461353302002,7128
141.22994899749756,7127
141.3135485649109,7126
141.39756631851196,7125
141.48131775856018,7124
141.56469106674194,7123
141.6484351158142,7122
141.7324414253235,7121
141.8163514137268,7120
141.9001088142395,7119
141.98371481895447,7118
142.06752133369446,7117
142.15130829811096,7116
142.2350046634674,7115
142.3187267780304,7114
142.40244221687317,7113
142.48621487617493,7112
142.57000541687012,7111
142.65376114845276,7110
142.73741626739502,7109
142.82094192504883,7108
142.90459060668945,7107
142.98840069770813,7106
143.07209658622742,7105
143.15571427345276,7104
143.23952054977417,7103
143.32118272781372,7102
143.40103220939636,7101
143.48111653327942,7100
143.56115412712097,7099
143.64116978645325,7098
143.72127676010132,7097
143.8011748790741,7096
143.8811011314392,7095
143.96103405952454,7094
144.0408968925476,7093
144.1219561100006,7092
144.20209217071533,7091
144.28219413757324,7090
144.36183190345764,7089
144.4411642551422,7088
144.52068948745728,7087
144.6000621318817,7086
144.67937231063843,7085
144.75904941558838,7084
144.8384280204773,7083
144.91787219047546,7082
144.99741411209106,7081
145.0769612789154,7080
145.1562294960022,7079
145.23579382896423,7078
145.3151216506958,7077
145.3946089744568,7076
145.47648310661316,7075
145.55656957626343,7074
145.63591361045837,7073
145.71544480323792,7072
145.7947702407837,7071
145.87429213523865,7070
145.9534900188446,7069
146.03341627120972,7068
146.11744213104248,7067
146.20012378692627,7066
146.2824740409851,7065
146.36533308029175,7064
146.44475889205933,7063
146.524001121521,7062
146.60380721092224,7061
146.68392753601074,7060
146.76167392730713,7059
146.8412230014801,7058
146.92447066307068,7057
147.00482773780823,7056
147.08503246307373,7055
147.17151069641113,7054
147.2518367767334,7053
147.33207511901855,7052
147.41199111938477,7051
147.49207615852356,7050
147.57314276695251,7049
325.4148850440979,7048
