0.6288547515869141,11260
0.7733995914459229,11259
0.9164280891418457,11258
1.0608081817626953,11257
1.205049753189087,11256
1.348158597946167,11255
1.4919393062591553,11254
1.6349384784698486,11253
1.7806365489959717,11252
1.9236276149749756,11251
2.0660769939422607,11250
2.209799289703369,11249
2.3528428077697754,11248
2.4952094554901123,11247
2.637471914291382,11246
2.7797749042510986,11245
2.922661304473877,11244
3.0656025409698486,11243
3.208144187927246,11242
3.351224899291992,11241
3.4941275119781494,11240
3.635694980621338,11239
3.7788760662078857,11238
3.9222989082336426,11237
4.064991235733032,11236
4.2077836990356445,11235
4.350116014480591,11234
4.493255853652954,11233
4.635429859161377,11232
4.777081727981567,11231
4.919270277023315,11230
5.061175584793091,11229
5.203408479690552,11228
5.346525192260742,11227
5.488798379898071,11226
5.630624532699585,11225
5.771827936172485,11224
5.909616947174072,11223
6.051153898239136,11222
6.195279359817505,11221
6.341737508773804,11220
6.483721017837524,11219
6.625879287719727,11218
6.767499923706055,11217
6.909581899642944,11216
7.051856279373169,11215
7.193599224090576,11214
7.335318088531494,11213
7.477260112762451,11212
7.620023965835571,11211
7.766472816467285,11210
7.9061667919158936,11209
8.043147087097168,11208
8.180800676345825,11207
8.317305088043213,11206
8.457109212875366,11205
8.596309185028076,11204
8.7368745803833,11203
8.873488664627075,11202
9.013962507247925,11201
9.159325122833252,11200
9.308210134506226,11199
9.45693063735962,11198
9.605475425720215,11197
9.754104852676392,11196
9.902636051177979,11195
10.0511953830719,11194
10.199911832809448,11193
10.348816394805908,11192
10.49708604812622,11191
10.646268844604492,11190
10.794101476669312,11189
10.943130731582642,11188
11.091559410095215,11187
11.24029016494751,11186
11.388976097106934,11185
11.537036657333374,11184
11.686073780059814,11183
11.833787202835083,11182
11.982843160629272,11181
12.131343364715576,11180
12.28005862236023,11179
12.428670644760132,11178
12.57749342918396,11177
12.72583293914795,11176
12.874256372451782,11175
13.022448301315308,11174
13.170738697052002,11173
13.31842041015625,11172
13.466930389404297,11171
13.614855527877808,11170
13.763018369674683,11169
13.91118311882019,11168
14.058924436569214,11167
14.207404851913452,11166
14.354540586471558,11165
14.498774766921997,11164
14.640685796737671,11163
14.783562660217285,11162
14.925517082214355,11161
15.067101001739502,11160
15.208515167236328,11159
15.350820779800415,11158
15.492659330368042,11157
15.634417533874512,11156
15.776508569717407,11155
15.917508602142334,11154
16.058640003204346,11153
16.20020341873169,11152
16.34149146080017,11151
16.48251724243164,11150
16.62336564064026,11149
16.76344108581543,11148
16.906224012374878,11147
17.046892881393433,11146
17.189590454101562,11145
17.33121156692505,11144
17.47327947616577,11143
17.6145281791687,11142
17.75718355178833,11141
17.898292541503906,11140
18.040971755981445,11139
18.18274450302124,11138
18.325811624526978,11137
18.466663360595703,11136
18.609236478805542,11135
18.751419067382812,11134
18.893483877182007,11133
19.035059213638306,11132
19.17673945426941,11131
19.31802749633789,11130
19.460298776626587,11129
19.60387682914734,11128
19.74745488166809,11127
19.891435623168945,11126
20.0350022315979,11125
20.178985118865967,11124
20.322260856628418,11123
20.46635365486145,11122
20.612401247024536,11121
20.760703802108765,11120
20.908180236816406,11119
21.056921243667603,11118
21.204516649246216,11117
21.35337233543396,11116
21.501944065093994,11115
21.649971961975098,11114
21.79876446723938,11113
21.946306943893433,11112
22.094581365585327,11111
22.242105960845947,11110
22.39077591896057,11109
22.53888177871704,11108
22.68733549118042,11107
22.835188627243042,11106
22.983088731765747,11105
23.13118290901184,11104
23.279335975646973,11103
23.427680253982544,11102
23.57567524909973,11101
23.72445583343506,11100
23.871774911880493,11099
24.02059507369995,11098
24.16784906387329,11097
24.316745042800903,11096
24.465014457702637,11095
24.612978219985962,11094
24.76122546195984,11093
24.90881609916687,11092
25.05650520324707,11091
25.204543352127075,11090
25.352298259735107,11089
25.500409841537476,11088
25.648075580596924,11087
25.795923948287964,11086
25.943737268447876,11085
26.091302633285522,11084
26.23870348930359,11083
26.381255865097046,11082
26.523207902908325,11081
26.665127754211426,11080
26.806143760681152,11079
26.94693350791931,11078
27.087804317474365,11077
27.228705406188965,11076
27.369506359100342,11075
27.511682748794556,11074
27.65232253074646,11073
27.792567491531372,11072
27.93222427368164,11071
28.0738046169281,11070
28.213521718978882,11069
28.354291677474976,11068
28.49391794204712,11067
28.633422136306763,11066
28.775495290756226,11065
28.916388750076294,11064
29.05735421180725,11063
29.19884467124939,11062
29.341126680374146,11061
29.482213258743286,11060
29.62381935119629,11059
29.76482582092285,11058
29.907318592071533,11057
30.048142910003662,11056
30.19014596939087,11055
30.33188772201538,11054
30.474241495132446,11053
30.61559510231018,11052
30.758235454559326,11051
30.90093731880188,11050
31.044363021850586,11049
31.187601566314697,11048
31.331711769104004,11047
31.474304914474487,11046
31.618022203445435,11045
31.760730266571045,11044
31.903350353240967,11043
32.046985149383545,11042
32.190250635147095,11041
32.33413076400757,11040
32.475789070129395,11039
32.61814546585083,11038
32.76068353652954,11037
32.9025456905365,11036
33.04289507865906,11035
33.184635639190674,11034
33.329832792282104,11033
33.475565671920776,11032
33.61814212799072,11031
33.76030468940735,11030
33.90311574935913,11029
34.04542374610901,11028
34.188528060913086,11027
34.32977056503296,11026
34.47274851799011,11025
34.61464285850525,11024
34.75749969482422,11023
34.90584897994995,11022
35.045029163360596,11021
35.183456897735596,11020
35.321274757385254,11019
35.45930528640747,11018
35.5979220867157,11017
35.73694443702698,11016
35.87588548660278,11015
36.01560997962952,11014
36.153326749801636,11013
36.30025100708008,11012
36.44740700721741,11011
36.59547257423401,11010
36.7430624961853,11009
36.89050006866455,11008
37.03838109970093,11007
37.18551468849182,11006
37.33358192443848,11005
37.480756998062134,11004
37.62872052192688,11003
37.77579855918884,11002
37.92269253730774,11001
38.06923198699951,11000
38.21576118469238,10999
38.36309313774109,10998
38.50966119766235,10997
38.65638971328735,10996
38.80342698097229,10995
38.94943809509277,10994
39.09552621841431,10993
39.24217104911804,10992
39.389220237731934,10991
39.53545022010803,10990
39.68160939216614,10989
39.827874183654785,10988
39.97415089607239,10987
40.120073080062866,10986
40.26581287384033,10985
40.412034034729004,10984
40.558398485183716,10983
40.704352140426636,10982
40.85134291648865,10981
40.99878144264221,10980
41.14652371406555,10979
41.29351806640625,10978
41.4363739490509,10977
41.578022480010986,10976
41.71899914741516,10975
41.86082720756531,10974
42.00235080718994,10973
42.14577674865723,10972
42.28825831413269,10971
42.4311945438385,10970
42.57386136054993,10969
42.71666717529297,10968
42.85847473144531,10967
43.00132989883423,10966
43.14323091506958,10965
43.286052227020264,10964
43.429104804992676,10963
43.57103967666626,10962
43.71399998664856,10961
43.858787059783936,10960
44.0020854473114,10959
44.144941329956055,10958
44.288121938705444,10957
44.43066430091858,10956
44.57411980628967,10955
44.71554183959961,10954
44.85906744003296,10953
45.00098729133606,10952
45.1442768573761,10951
45.28702473640442,10950
45.42923593521118,10949
45.571911334991455,10948
45.71459174156189,10947
45.857868909835815,10946
46.00108504295349,10945
46.144450664520264,10944
46.286060094833374,10943
46.42994546890259,10942
46.57164931297302,10941
46.71518516540527,10940
46.857553482055664,10939
47.00198817253113,10938
47.14483022689819,10937
47.28784441947937,10936
47.43046736717224,10935
47.574610233306885,10934
47.72197461128235,10933
47.86957240104675,10932
48.0174560546875,10931
48.16509675979614,10930
48.31327843666077,10929
48.459850549697876,10928
48.607256174087524,10927
48.75401306152344,10926
48.901450872421265,10925
49.04819846153259,10924
49.194491147994995,10923
49.34102392196655,10922
49.487996339797974,10921
49.635029315948486,10920
49.780975341796875,10919
49.92724823951721,10918
50.07294964790344,10917
50.21941375732422,10916
50.364558696746826,10915
50.50995326042175,10914
50.656118869781494,10913
50.80124831199646,10912
50.94654965400696,10911
51.09195280075073,10910
51.23798084259033,10909
51.38351321220398,10908
51.52909278869629,10907
51.67560863494873,10906
51.821906089782715,10905
51.967363595962524,10904
52.11274766921997,10903
52.25846552848816,10902
52.404035568237305,10901
52.54931044578552,10900
52.694878816604614,10899
52.84101462364197,10898
52.987998962402344,10897
53.133036613464355,10896
53.275519132614136,10895
53.4178249835968,10894
53.56066036224365,10893
53.70343542098999,10892
53.845860958099365,10891
53.98896908760071,10890
54.130882263183594,10889
54.27376914024353,10888
54.415303468704224,10887
54.55817127227783,10886
54.70037889480591,10885
54.84340977668762,10884
54.98497986793518,10883
55.12803649902344,10882
55.26940321922302,10881
55.411906719207764,10880
55.55453062057495,10879
55.699424266815186,10878
55.84227657318115,10877
55.984025955200195,10876
56.12662720680237,10875
56.26875424385071,10874
56.411498069763184,10873
56.55364370346069,10872
56.69654107093811,10871
56.83827781677246,10870
56.981340646743774,10869
57.1234655380249,10868
57.267080545425415,10867
57.41037583351135,10866
57.552138805389404,10865
57.69573736190796,10864
57.83815121650696,10863
57.98135948181152,10862
58.12332606315613,10861
58.26694679260254,10860
58.40980076789856,10859
58.55362796783447,10858
58.69621467590332,10857
58.83881378173828,10856
58.981366872787476,10855
59.12471151351929,10854
59.267717599868774,10853
59.40868520736694,10852
59.55176329612732,10851
59.6923143863678,10850
59.83244490623474,10849
59.970388650894165,10848
60.1144802570343,10847
60.25961923599243,10846
60.4014413356781,10845
60.54266881942749,10844
60.68394637107849,10843
60.82496738433838,10842
60.965824842453,10841
61.10722041130066,10840
61.2477080821991,10839
61.38841009140015,10838
61.52807664871216,10837
61.66933989524841,10836
61.814905881881714,10835
61.96050548553467,10834
62.10665416717529,10833
62.2523136138916,10832
62.39776158332825,10831
62.54332113265991,10830
62.68882083892822,10829
62.83518862724304,10828
62.98066020011902,10827
63.12674355506897,10826
63.272310972213745,10825
63.418325424194336,10824
63.56398153305054,10823
63.710076332092285,10822
63.85542297363281,10821
64.00084853172302,10820
64.14605712890625,10819
64.29147100448608,10818
64.43725371360779,10817
64.58413672447205,10816
64.73151516914368,10815
64.87766647338867,10814
65.0192756652832,10813
65.16139078140259,10812
65.30322575569153,10811
65.4453854560852,10810
65.58644437789917,10809
65.72933888435364,10808
65.86998772621155,10807
66.01235842704773,10806
66.15870642662048,10805
66.30623722076416,10804
66.45381045341492,10803
66.60080242156982,10802
66.74878239631653,10801
66.89550447463989,10800
67.04360675811768,10799
67.19093775749207,10798
67.33839058876038,10797
67.48594880104065,10796
67.63305449485779,10795
67.78067755699158,10794
67.92760276794434,10793
68.07568907737732,10792
68.223219871521,10791
68.37070441246033,10790
68.51857852935791,10789
68.66563177108765,10788
68.81339406967163,10787
68.9603853225708,10786
69.10808682441711,10785
69.25554513931274,10784
69.4003176689148,10783
69.54223489761353,10782
69.68390464782715,10781
69.82580947875977,10780
69.96777367591858,10779
70.10999274253845,10778
70.25150060653687,10777
70.39405632019043,10776
70.53419399261475,10775
70.68204665184021,10774
70.8291130065918,10773
70.97643971443176,10772
71.12412810325623,10771
71.27084302902222,10770
71.4184958934784,10769
71.56499910354614,10768
71.71228075027466,10767
71.85952544212341,10766
72.00631403923035,10765
72.1539204120636,10764
72.30065417289734,10763
72.4483289718628,10762
72.59558629989624,10761
72.74170064926147,10760
72.88792252540588,10759
73.03442740440369,10758
73.18138599395752,10757
73.32786059379578,10756
73.473801612854,10755
73.62055826187134,10754
73.76585292816162,10753
73.91121745109558,10752
74.05149388313293,10751
74.1921157836914,10750
74.3320746421814,10749
74.47092509269714,10748
74.60993957519531,10747
74.7487440109253,10746
74.88847208023071,10745
75.02689480781555,10744
75.16604733467102,10743
75.31093955039978,10742
75.45592021942139,10741
75.60124039649963,10740
75.74749827384949,10739
75.89353775978088,10738
76.0398964881897,10737
76.18616223335266,10736
76.33188915252686,10735
76.47814798355103,10734
76.62448954582214,10733
76.77162909507751,10732
76.91950988769531,10731
77.06597232818604,10730
77.2134735584259,10729
77.36061978340149,10728
77.50823950767517,10727
77.65569043159485,10726
77.80276012420654,10725
77.95047354698181,10724
78.0968816280365,10723
78.24439525604248,10722
78.39138698577881,10721
78.53841972351074,10720
78.68015146255493,10719
78.82149076461792,10718
78.9634644985199,10717
79.10399770736694,10716
79.24646306037903,10715
79.38737034797668,10714
79.52936244010925,10713
79.67088437080383,10712
79.81697010993958,10711
79.96390008926392,10710
80.11082911491394,10709
80.25842595100403,10708
80.40512013435364,10707
80.55256509780884,10706
80.69969153404236,10705
80.84717011451721,10704
80.99459314346313,10703
81.14133358001709,10702
81.2889416217804,10701
81.43596863746643,10700
81.5837790966034,10699
81.73107528686523,10698
81.87818312644958,10697
82.02551507949829,10696
82.17196559906006,10695
82.31970834732056,10694
82.46641635894775,10693
82.61383628845215,10692
82.76126050949097,10691
82.90840411186218,10690
83.05140852928162,10689
83.19233918190002,10688
83.3337516784668,10687
83.47449612617493,10686
83.61625528335571,10685
83.75701713562012,10684
83.8985538482666,10683
84.03921127319336,10682
84.17999267578125,10681
84.32641673088074,10680
84.47268748283386,10679
84.61949753761292,10678
84.76535058021545,10677
84.9113700389862,10676
85.05721855163574,10675
85.20295548439026,10674
85.34897589683533,10673
85.49476265907288,10672
85.6418969631195,10671
85.78712511062622,10670
85.9322304725647,10669
86.07734322547913,10668
86.22349071502686,10667
86.36958479881287,10666
86.5165627002716,10665
86.6636962890625,10664
86.81031775474548,10663
86.95552778244019,10662
87.10057258605957,10661
87.24633836746216,10660
87.3914430141449,10659
87.53666925430298,10658
87.6807746887207,10657
87.82209372520447,10656
87.96189832687378,10655
88.10169053077698,10654
88.24187016487122,10653
88.38127613067627,10652
88.52152419090271,10651
88.66170001029968,10650
88.80320835113525,10649
88.9490909576416,10648
89.09570908546448,10647
89.24311661720276,10646
89.38958477973938,10645
89.53759860992432,10644
89.68484091758728,10643
89.83185362815857,10642
89.97915315628052,10641
90.12611556053162,10640
90.27376461029053,10639
90.42036509513855,10638
90.56810808181763,10637
90.71533679962158,10636
90.86260485649109,10635
91.00975894927979,10634
91.15678882598877,10633
91.30422306060791,10632
91.45098805427551,10631
91.59852266311646,10630
91.74574112892151,10629
91.89339208602905,10628
92.0404462814331,10627
92.18285298347473,10626
92.32447338104248,10625
92.46559166908264,10624
92.60726499557495,10623
92.7486298084259,10622
92.89033818244934,10621
93.03109836578369,10620
93.17273163795471,10619
93.31370687484741,10618
93.46151971817017,10617
93.6086220741272,10616
93.75522923469543,10615
93.90269660949707,10614
94.04887771606445,10613
94.1961567401886,10612
94.34283590316772,10611
94.49012207984924,10610
94.63757538795471,10609
94.78453350067139,10608
94.93182444572449,10607
95.07823395729065,10606
95.22499799728394,10605
95.37126064300537,10604
95.51772403717041,10603
95.66456866264343,10602
95.81065464019775,10601
95.9578013420105,10600
96.10350775718689,10599
96.2496612071991,10598
96.39569234848022,10597
96.54269480705261,10596
96.68327713012695,10595
96.8227903842926,10594
96.96262311935425,10593
97.10181427001953,10592
97.24150109291077,10591
97.38106369972229,10590
97.52238702774048,10589
97.66251969337463,10588
97.80062365531921,10587
97.94554281234741,10586
98.09123420715332,10585
98.23591947555542,10584
98.38116693496704,10583
98.52550435066223,10582
98.67030358314514,10581
98.8146231174469,10580
98.95926022529602,10579
99.1041567325592,10578
99.25058674812317,10577
99.3966703414917,10576
99.54353928565979,10575
99.6912853717804,10574
99.83851552009583,10573
99.98523736000061,10572
100.13111615180969,10571
100.27663683891296,10570
100.42332315444946,10569
100.5689754486084,10568
100.71490168571472,10567
100.86076855659485,10566
101.0066511631012,10565
101.15262532234192,10564
101.29445433616638,10563
101.43568515777588,10562
101.57728934288025,10561
101.71788263320923,10560
101.85921335220337,10559
102.00022149085999,10558
102.14189267158508,10557
102.28343749046326,10556
102.42403268814087,10555
102.5709879398346,10554
102.7168915271759,10553
102.86442947387695,10552
103.01061654090881,10551
103.15797901153564,10550
103.30507016181946,10549
103.45166683197021,10548
103.59886026382446,10547
103.74480628967285,10546
103.89228439331055,10545
104.03837180137634,10544
104.18554854393005,10543
104.33266592025757,10542
104.47929739952087,10541
104.62650942802429,10540
104.77258658409119,10539
104.91967272758484,10538
105.06615376472473,10537
105.2132511138916,10536
105.36023736000061,10535
105.50661849975586,10534
105.65372490882874,10533
105.79962301254272,10532
105.9425597190857,10531
106.08355069160461,10530
106.22497177124023,10529
106.36588859558105,10528
106.50615096092224,10527
106.64763903617859,10526
106.7880802154541,10525
106.92945003509521,10524
107.06918716430664,10523
107.21135902404785,10522
107.35467600822449,10521
107.5006217956543,10520
107.64616823196411,10519
107.7914719581604,10518
107.93778109550476,10517
108.07840943336487,10516
108.21990776062012,10515
108.3635573387146,10514
108.50598931312561,10513
108.64753365516663,10512
108.79303884506226,10511
108.93311810493469,10510
109.0715754032135,10509
109.21431541442871,10508
109.35758256912231,10507
109.496422290802,10506
109.63745832443237,10505
109.77916741371155,10504
109.92355966567993,10503
110.0681574344635,10502
110.21312355995178,10501
110.35774731636047,10500
110.49360060691833,10499
110.62786388397217,10498
110.76286911964417,10497
110.89931797981262,10496
111.0323474407196,10495
111.16761040687561,10494
111.30174374580383,10493
111.43645644187927,10492
111.57153105735779,10491
111.71277475357056,10490
111.85742020606995,10489
112.00220918655396,10488
112.14714789390564,10487
112.29333519935608,10486
112.43795537948608,10485
112.58324837684631,10484
112.72774744033813,10483
112.87296223640442,10482
113.0180914402008,10481
113.16321110725403,10480
113.30969333648682,10479
113.45607280731201,10478
113.60234451293945,10477
113.74926114082336,10476
113.89487886428833,10475
114.04192113876343,10474
114.18784618377686,10473
114.33426570892334,10472
114.48055267333984,10471
114.62704157829285,10470
114.77392411231995,10469
114.91942930221558,10468
115.06645512580872,10467
115.21182990074158,10466
115.35824465751648,10465
115.50443243980408,10464
115.65080833435059,10463
115.79742312431335,10462
115.94260692596436,10461
116.08937072753906,10460
116.23453879356384,10459
116.3813648223877,10458
116.52781939506531,10457
116.67392611503601,10456
116.82081389427185,10455
116.96574449539185,10454
117.11250853538513,10453
117.25790810585022,10452
117.4036476612091,10451
117.54427337646484,10450
117.6846821308136,10449
117.8256905078888,10448
117.96562623977661,10447
118.10663294792175,10446
118.24669003486633,10445
118.38761448860168,10444
118.52752733230591,10443
118.66680026054382,10442
118.80659294128418,10441
118.94591236114502,10440
119.08667588233948,10439
119.22544479370117,10438
119.36583161354065,10437
119.50437808036804,10436
119.64405632019043,10435
119.78358483314514,10434
119.92717146873474,10433
120.06722617149353,10432
120.20641756057739,10431
120.34601616859436,10430
120.48490476608276,10429
120.62547087669373,10428
120.7643473148346,10427
120.90425252914429,10426
121.04309868812561,10425
121.18169736862183,10424
121.32074689865112,10423
121.45719146728516,10422
121.5982551574707,10421
121.73900318145752,10420
121.87971901893616,10419
122.0204222202301,10418
122.15992450714111,10417
122.29860401153564,10416
122.43715643882751,10415
122.57849478721619,10414
122.71871423721313,10413
122.85811877250671,10412
122.99904203414917,10411
123.13878512382507,10410
123.27873945236206,10409
123.41866064071655,10408
123.55863642692566,10407
123.70205497741699,10406
123.84609460830688,10405
123.99082827568054,10404
124.13637018203735,10403
124.2804262638092,10402
124.42536425590515,10401
124.56963467597961,10400
124.71435523033142,10399
124.85895347595215,10398
125.00444197654724,10397
125.14987564086914,10396
125.29580616950989,10395
125.44114899635315,10394
125.58629417419434,10393
125.73214101791382,10392
125.8776159286499,10391
126.0235047340393,10390
126.16927862167358,10389
126.31522178649902,10388
126.46095895767212,10387
126.60630512237549,10386
126.75247859954834,10385
126.89796161651611,10384
127.04395413398743,10383
127.18981528282166,10382
127.3355643749237,10381
127.48135042190552,10380
127.62634563446045,10379
127.77246522903442,10378
127.91760873794556,10377
128.06359434127808,10376
128.20920276641846,10375
128.3546335697174,10374
128.50036072731018,10373
128.64480137825012,10372
128.79053616523743,10371
128.9354555606842,10370
129.08066868782043,10369
129.22607421875,10368
129.37081694602966,10367
129.51244807243347,10366
129.65231919288635,10365
129.7919955253601,10364
129.93122220039368,10363
130.07051420211792,10362
130.21112704277039,10361
130.3499255180359,10360
130.48961520195007,10359
130.6273651123047,10358
130.76696038246155,10357
130.9052813053131,10356
131.04500126838684,10355
131.18507766723633,10354
131.32446551322937,10353
131.46392846107483,10352
131.60279512405396,10351
131.74332475662231,10350
131.88315725326538,10349
132.0242645740509,10348
132.1627073287964,10347
132.30222129821777,10346
132.4407217502594,10345
132.58010625839233,10344
132.72056555747986,10343
132.8600194454193,10342
132.99998450279236,10341
133.13970804214478,10340
133.27723121643066,10339
133.4173126220703,10338
133.55799293518066,10337
133.6982729434967,10336
133.8388044834137,10335
133.97777032852173,10334
134.11690855026245,10333
134.25676941871643,10332
134.39744424819946,10331
134.53631496429443,10330
134.67584991455078,10329
134.8147451877594,10328
134.9543924331665,10327
135.09250164031982,10326
135.2318685054779,10325
135.37181067466736,10324
135.51082038879395,10323
135.65036392211914,10322
135.78728985786438,10321
135.92711567878723,10320
136.06447553634644,10319
136.19856691360474,10318
136.33466243743896,10317
136.47461223602295,10316
136.6171600818634,10315
136.75647640228271,10314
136.8967535495758,10313
137.03502249717712,10312
137.1803433895111,10311
137.3253312110901,10310
137.4688618183136,10309
137.60926389694214,10308
137.74873638153076,10307
137.88964676856995,10306
138.02920389175415,10305
138.16975831985474,10304
138.30989027023315,10303
138.44957184791565,10302
138.58702182769775,10301
138.7236189842224,10300
138.86487245559692,10299
139.00832986831665,10298
139.15331983566284,10297
139.2930450439453,10296
139.43253660202026,10295
139.57470178604126,10294
139.71954464912415,10293
139.86509156227112,10292
140.00838971138,10291
140.14766359329224,10290
140.28748059272766,10289
140.42668533325195,10288
140.56752061843872,10287
140.7054054737091,10286
140.8435881137848,10285
140.98287296295166,10284
141.12243556976318,10283
141.25903034210205,10282
141.3966178894043,10281
141.54011225700378,10280
141.6827666759491,10279
141.82405734062195,10278
141.9633083343506,10277
142.10222172737122,10276
142.24081301689148,10275
142.38302087783813,10274
142.52593898773193,10273
142.66924452781677,10272
142.8090524673462,10271
142.9472541809082,10270
143.08479404449463,10269
143.22445464134216,10268
143.36268377304077,10267
143.5002543926239,10266
143.64006543159485,10265
143.78048467636108,10264
143.9210901260376,10263
144.0582799911499,10262
144.1963791847229,10261
144.33220314979553,10260
144.47490859031677,10259
144.61856746673584,10258
144.76262187957764,10257
144.9044668674469,10256
145.0449414253235,10255
145.18402814865112,10254
145.32650685310364,10253
145.4708375930786,10252
145.6109356880188,10251
145.75020241737366,10250
145.89012122154236,10249
146.02710151672363,10248
146.16700339317322,10247
146.30566501617432,10246
146.4428563117981,10245
146.57759809494019,10244
146.71234226226807,10243
146.8421540260315,10242
146.97872734069824,10241
147.12209057807922,10240
147.26725125312805,10239
147.41181874275208,10238
147.55682110786438,10237
147.69802689552307,10236
147.83780694007874,10235
147.9786422252655,10234
148.1198649406433,10233
148.25709891319275,10232
148.39606857299805,10231
148.53682446479797,10230
148.67662477493286,10229
148.8143093585968,10228
148.9512665271759,10227
149.0865352153778,10226
149.2297523021698,10225
149.37409138679504,10224
149.5196976661682,10223
149.66507530212402,10222
149.81043934822083,10221
149.95130014419556,10220
150.09051895141602,10219
150.22959160804749,10218
150.36907649040222,10217
150.50849676132202,10216
150.64826655387878,10215
150.78653812408447,10214
150.92614078521729,10213
151.0649528503418,10212
151.20566654205322,10211
151.3470447063446,10210
151.48105192184448,10209
151.61855912208557,10208
151.7507050037384,10207
151.8848352432251,10206
152.0184075832367,10205
152.15246558189392,10204
152.28803873062134,10203
152.420672416687,10202
152.5587739944458,10201
152.70215439796448,10200
152.8463110923767,10199
152.99051928520203,10198
153.1344575881958,10197
153.27890849113464,10196
153.42267560958862,10195
153.5678939819336,10194
153.7118489742279,10193
153.85674476623535,10192
154.00118494033813,10191
154.14495038986206,10190
154.28947830200195,10189
154.43330311775208,10188
154.57779479026794,10187
154.72195529937744,10186
154.867520570755,10185
155.0127420425415,10184
155.1576714515686,10183
155.3029727935791,10182
155.4472210407257,10181
155.59284019470215,10180
155.73724937438965,10179
155.88224911689758,10178
156.02730536460876,10177
156.17231464385986,10176
156.31721949577332,10175
156.4617886543274,10174
156.60654497146606,10173
156.75090408325195,10172
156.89580583572388,10171
157.03976964950562,10170
157.18452143669128,10169
157.32871055603027,10168
157.4729995727539,10167
157.61659145355225,10166
157.76080536842346,10165
157.90457606315613,10164
158.04738855361938,10163
158.18590998649597,10162
158.32391667366028,10161
158.462664604187,10160
158.60090517997742,10159
158.73951530456543,10158
158.87911558151245,10157
159.01735281944275,10156
159.15631294250488,10155
159.29370737075806,10154
159.4329559803009,10153
159.57160472869873,10152
159.70914387702942,10151
159.84759068489075,10150
159.9852888584137,10149
160.12369084358215,10148
160.26197624206543,10147
160.40132427215576,10146
160.54355931282043,10145
160.68331718444824,10144
160.82299089431763,10143
160.96271085739136,10142
161.1013367176056,10141
161.24125862121582,10140
161.380206823349,10139
161.5197138786316,10138
161.6593952178955,10137
161.79819416999817,10136
161.93814849853516,10135
162.07473134994507,10134
162.21449041366577,10133
162.35397481918335,10132
162.49326944351196,10131
162.63238883018494,10130
162.77094388008118,10129
162.9095549583435,10128
163.04691624641418,10127
163.18666124343872,10126
163.3272385597229,10125
163.46546173095703,10124
163.6055281162262,10123
163.74405527114868,10122
163.8833622932434,10121
164.02141785621643,10120
164.16057443618774,10119
164.30369472503662,10118
164.44730257987976,10117
164.59117674827576,10116
164.7347321510315,10115
164.87952709197998,10114
165.0229377746582,10113
165.16700625419617,10112
165.3104612827301,10111
165.45413208007812,10110
165.59810209274292,10109
165.7417004108429,10108
165.88700675964355,10107
166.03121399879456,10106
166.17629957199097,10105
166.32146072387695,10104
166.4656732082367,10103
166.61080718040466,10102
166.75451731681824,10101
166.8995656967163,10100
167.0437331199646,10099
167.18856167793274,10098
167.33358216285706,10097
167.47763180732727,10096
167.6227743625641,10095
167.7669973373413,10094
167.9117739200592,10093
168.05598068237305,10092
168.2001588344574,10091
168.34402561187744,10090
168.4888665676117,10089
168.6329493522644,10088
168.77714824676514,10087
168.92124247550964,10086
169.06541800498962,10085
169.21009039878845,10084
169.3536515235901,10083
169.4975368976593,10082
169.63686990737915,10081
169.7765769958496,10080
169.91495609283447,10079
170.05308175086975,10078
170.1912968158722,10077
170.32867813110352,10076
170.46688580513,10075
170.60463070869446,10074
170.7434651851654,10073
170.88134121894836,10072
171.01906442642212,10071
171.1573281288147,10070
171.29538822174072,10069
171.43357062339783,10068
171.57131171226501,10067
171.7093300819397,10066
171.84707856178284,10065
171.98429131507874,10064
172.12558245658875,10063
172.26558446884155,10062
172.40454053878784,10061
172.54373979568481,10060
172.68308925628662,10059
172.82274961471558,10058
172.96203184127808,10057
173.10033774375916,10056
173.2398386001587,10055
173.37698793411255,10054
173.51514506340027,10053
173.65479135513306,10052
173.79414653778076,10051
173.9343900680542,10050
174.07213068008423,10049
174.2115921974182,10048
174.35030007362366,10047
174.49040842056274,10046
174.6285924911499,10045
174.7667317390442,10044
174.90576314926147,10043
175.04388308525085,10042
175.18275094032288,10041
175.32003164291382,10040
175.45956802368164,10039
175.59864926338196,10038
175.73670172691345,10037
175.87420630455017,10036
176.01221299171448,10035
176.15000009536743,10034
176.28490614891052,10033
176.4183259010315,10032
176.556391954422,10031
176.69681596755981,10030
176.83716201782227,10029
176.97621965408325,10028
177.11372327804565,10027
177.2542109489441,10026
177.39762949943542,10025
177.54181456565857,10024
177.6856119632721,10023
177.8253688812256,10022
177.96410012245178,10021
178.10133981704712,10020
178.24152970314026,10019
178.38037061691284,10018
178.51921153068542,10017
178.65889072418213,10016
178.79805827140808,10015
178.9356541633606,10014
179.0699818134308,10013
179.21253657341003,10012
179.35539078712463,10011
179.4964518547058,10010
179.63621163368225,10009
179.77374482154846,10008
179.9114284515381,10007
180.04916834831238,10006
180.1932864189148,10005
180.3370635509491,10004
180.48143100738525,10003
180.62574553489685,10002
180.76862263679504,10001
180.90706062316895,10000
181.04287886619568,9999
181.18038868904114,9998
181.31635856628418,9997
181.45510458946228,9996
181.5920374393463,9995
181.72866797447205,9994
181.86465573310852,9993
182.00278186798096,9992
182.1418695449829,9991
182.27696323394775,9990
182.4131498336792,9989
182.55119919776917,9988
182.69447541236877,9987
182.8378164768219,9986
182.98211145401,9985
183.12372708320618,9984
183.26033282279968,9983
183.39657735824585,9982
183.5319619178772,9981
183.67227244377136,9980
183.81254887580872,9979
183.95410108566284,9978
184.09506678581238,9977
184.23611307144165,9976
184.3771526813507,9975
184.51501321792603,9974
184.6533386707306,9973
184.79075694084167,9972
184.92870020866394,9971
185.06640434265137,9970
185.2041482925415,9969
185.3412754535675,9968
185.4791419506073,9967
185.61860156059265,9966
185.756920337677,9965
185.89428877830505,9964
186.0286350250244,9963
186.16326546669006,9962
186.3042459487915,9961
186.4473361968994,9960
186.59016513824463,9959
186.73287439346313,9958
186.87522053718567,9957
187.01802825927734,9956
187.15638995170593,9955
187.2944610118866,9954
187.43774604797363,9953
187.57744240760803,9952
187.715891122818,9951
187.85519337654114,9950
187.99411582946777,9949
188.13229060173035,9948
188.27166557312012,9947
188.4118549823761,9946
188.5488669872284,9945
188.68576741218567,9944
188.8232820034027,9943
188.96512484550476,9942
189.108416557312,9941
189.25056505203247,9940
189.39350390434265,9939
189.53683280944824,9938
189.67869067192078,9937
189.81831908226013,9936
189.96053075790405,9935
190.1002151966095,9934
190.24298739433289,9933
190.37847089767456,9932
190.51902961730957,9931
190.65888357162476,9930
190.79837274551392,9929
190.93540620803833,9928
191.0677306652069,9927
191.20477175712585,9926
191.34648609161377,9925
191.49214339256287,9924
191.63678121566772,9923
191.78172540664673,9922
191.92632293701172,9921
192.06874060630798,9920
192.21057629585266,9919
192.35409593582153,9918
192.49751996994019,9917
192.63998579978943,9916
192.77529406547546,9915
192.9140601158142,9914
193.05252933502197,9913
193.1904330253601,9912
193.3272578716278,9911
193.4594807624817,9910
193.59516286849976,9909
193.73555946350098,9908
193.87766885757446,9907
194.01937246322632,9906
194.16169929504395,9905
194.30387115478516,9904
194.4459114074707,9903
194.58623504638672,9902
194.72916197776794,9901
194.87228918075562,9900
195.0097234249115,9899
195.14565515518188,9898
195.28321599960327,9897
195.4213490486145,9896
195.5566279888153,9895
195.6921558380127,9894
195.82798552513123,9893
195.9662311077118,9892
196.10910654067993,9891
196.25101494789124,9890
196.39321660995483,9889
196.53548502922058,9888
196.67768239974976,9887
196.8194456100464,9886
196.960102558136,9885
197.10238361358643,9884
197.24083590507507,9883
197.37692856788635,9882
197.51557302474976,9881
197.65429186820984,9880
197.79224920272827,9879
197.92686772346497,9878
198.06055426597595,9877
198.1946132183075,9876
198.3289816379547,9875
198.46711349487305,9874
198.6084554195404,9873
198.75008177757263,9872
198.89189076423645,9871
199.03315949440002,9870
199.17528700828552,9869
199.3155083656311,9868
199.45583868026733,9867
199.59989738464355,9866
199.7387626171112,9865
199.87589740753174,9864
200.0150763988495,9863
200.1551170349121,9862
200.2951009273529,9861
200.43150806427002,9860
200.56945514678955,9859
200.7091953754425,9858
200.85323667526245,9857
200.99800491333008,9856
201.14227032661438,9855
201.28722167015076,9854
201.432692527771,9853
201.57442498207092,9852
201.71774411201477,9851
201.86099362373352,9850
201.99865770339966,9849
202.13792181015015,9848
202.27722692489624,9847
202.4179973602295,9846
202.55482864379883,9845
202.6904640197754,9844
202.82651281356812,9843
202.96614813804626,9842
203.10929417610168,9841
203.25201606750488,9840
203.394681930542,9839
203.53716659545898,9838
203.67956924438477,9837
203.81970405578613,9836
203.95815920829773,9835
204.09622812271118,9834
204.2343361377716,9833
204.37238788604736,9832
204.50978183746338,9831
204.64794158935547,9830
204.7845335006714,9829
204.92164874076843,9828
205.05850172042847,9827
205.1966347694397,9826
205.33874249458313,9825
205.46926641464233,9824
205.60172414779663,9823
205.73279929161072,9822
205.86522245407104,9821
205.99756789207458,9820
206.13118815422058,9819
206.26277351379395,9818
206.39385962486267,9817
206.52573370933533,9816
206.66836619377136,9815
206.81065154075623,9814
206.9528729915619,9813
207.09530091285706,9812
207.23785305023193,9811
207.37965393066406,9810
207.52153205871582,9809
207.66487646102905,9808
207.80789375305176,9807
207.95101165771484,9806
208.0938880443573,9805
208.23623490333557,9804
208.3794140815735,9803
208.52147150039673,9802
208.66436409950256,9801
208.80715894699097,9800
208.95026898384094,9799
209.09302473068237,9798
209.23523998260498,9797
209.37879276275635,9796
209.52224326133728,9795
209.66680812835693,9794
209.8110921382904,9793
209.9553623199463,9792
210.0983109474182,9791
210.24082398414612,9790
210.384104013443,9789
210.5259861946106,9788
210.66899704933167,9787
210.81125712394714,9786
210.95399022102356,9785
211.0980203151703,9784
211.24047231674194,9783
211.38484025001526,9782
211.5277078151703,9781
211.67170786857605,9780
211.8155300617218,9779
211.95868730545044,9778
212.10271906852722,9777
212.24545240402222,9776
212.3840742111206,9775
212.5223424434662,9774
212.6610198020935,9773
212.80015802383423,9772
212.93817567825317,9771
213.076824426651,9770
213.21536707878113,9769
213.35383892059326,9768
213.4923734664917,9767
213.63063621520996,9766
213.7694878578186,9765
213.9074068069458,9764
214.04532933235168,9763
214.1835582256317,9762
214.32199954986572,9761
214.46041297912598,9760
214.59855890274048,9759
214.73971891403198,9758
214.87860870361328,9757
215.01676559448242,9756
215.15486121177673,9755
215.2930769920349,9754
215.43032097816467,9753
215.56861019134521,9752
215.70553350448608,9751
215.84408283233643,9750
215.98130536079407,9749
216.11940217018127,9748
216.2567319869995,9747
216.39481163024902,9746
216.5321605205536,9745
216.66878056526184,9744
216.8062229156494,9743
216.9438488483429,9742
217.0804250240326,9741
217.2169909477234,9740
217.35490655899048,9739
217.49243068695068,9738
217.62964344024658,9737
217.76828265190125,9736
217.9060468673706,9735
218.04322266578674,9734
218.1800286769867,9733
218.31684684753418,9732
218.4582908153534,9731
218.60028290748596,9730
218.7421839237213,9729
218.88465213775635,9728
219.02597737312317,9727
219.16735935211182,9726
219.3091423511505,9725
219.45162224769592,9724
219.59544897079468,9723
219.73732233047485,9722
219.88030910491943,9721
220.02216863632202,9720
220.16396713256836,9719
220.30653834342957,9718
220.44899535179138,9717
220.59230732917786,9716
220.73447608947754,9715
220.87703037261963,9714
221.01951670646667,9713
221.1623044013977,9712
221.30501675605774,9711
221.44693231582642,9710
221.58964896202087,9709
221.73223853111267,9708
221.87455821037292,9707
222.0175244808197,9706
222.16042685508728,9705
222.304354429245,9704
222.4479660987854,9703
222.5911419391632,9702
222.73490500450134,9701
222.87693428993225,9700
223.02054643630981,9699
223.1631624698639,9698
223.30651903152466,9697
223.45003366470337,9696
223.59327626228333,9695
223.7371015548706,9694
223.875803232193,9693
224.01419520378113,9692
224.15240287780762,9691
224.29082775115967,9690
224.42969608306885,9689
224.56777501106262,9688
224.70697283744812,9687
224.84485363960266,9686
224.98284125328064,9685
225.12114191055298,9684
225.25919270515442,9683
225.3978147506714,9682
225.53570008277893,9681
225.67401385307312,9680
225.81218767166138,9679
225.95004796981812,9678
226.0882544517517,9677
226.22612309455872,9676
226.3673050403595,9675
226.50513005256653,9674
226.6431486606598,9673
226.78133535385132,9672
226.91903257369995,9671
227.05765080451965,9670
227.19544053077698,9669
227.33249020576477,9668
227.47031378746033,9667
227.60623121261597,9666
227.7440586090088,9665
227.8821177482605,9664
228.02047443389893,9663
228.15881514549255,9662
228.29621195793152,9661
228.43381810188293,9660
228.57100367546082,9659
228.70909547805786,9658
228.84660506248474,9657
228.9843966960907,9656
229.121155500412,9655
229.2580771446228,9654
229.39510416984558,9653
229.53179287910461,9652
229.66969656944275,9651
229.80710101127625,9650
229.9444990158081,9649
230.07889699935913,9648
230.2149498462677,9647
230.34977078437805,9646
230.48061299324036,9645
230.61375093460083,9644
230.74980235099792,9643
230.88779211044312,9642
231.02347779273987,9641
231.158846616745,9640
231.29527592658997,9639
231.43314790725708,9638
231.5759298801422,9637
231.71848797798157,9636
231.86011385917664,9635
232.00141429901123,9634
232.13731026649475,9633
232.2741940021515,9632
232.41040682792664,9631
232.5467026233673,9630
232.68399786949158,9629
232.81923532485962,9628
232.95665788650513,9627
233.09454870224,9626
233.23096561431885,9625
233.3662178516388,9624
233.50635170936584,9623
233.65017175674438,9622
233.79374718666077,9621
233.93204069137573,9620
234.06975030899048,9619
234.20538973808289,9618
234.34434866905212,9617
234.48687529563904,9616
234.6298565864563,9615
234.77301716804504,9614
234.91515183448792,9613
235.05864357948303,9612
235.20042514801025,9611
235.33911681175232,9610
235.47647428512573,9609
235.61420106887817,9608
235.75249600410461,9607
235.8893177509308,9606
236.02720522880554,9605
236.1641411781311,9604
236.3019630908966,9603
236.4387183189392,9602
236.57776808738708,9601
236.71769976615906,9600
236.85370016098022,9599
236.98832964897156,9598
237.12536811828613,9597
237.26810359954834,9596
237.4121868610382,9595
237.55620217323303,9594
237.6995325088501,9593
237.8404619693756,9592
237.97641038894653,9591
238.11368823051453,9590
238.252423286438,9589
238.39343976974487,9588
238.53461360931396,9587
238.67505145072937,9586
238.8163776397705,9585
238.9565145969391,9584
239.0955913066864,9583
239.23281979560852,9582
239.3698000907898,9581
239.50607538223267,9580
239.6440031528473,9579
239.7808563709259,9578
239.91895055770874,9577
240.05452227592468,9576
240.19106078147888,9575
240.32759833335876,9574
240.46522760391235,9573
240.60037875175476,9572
240.7330503463745,9571
240.86564993858337,9570
241.00454425811768,9569
241.14519691467285,9568
241.28543400764465,9567
241.42564582824707,9566
241.5662100315094,9565
241.70579385757446,9564
241.8421447277069,9563
241.97681307792664,9562
242.11655163764954,9561
242.2568163871765,9560
242.39452028274536,9559
242.53003811836243,9558
242.66583275794983,9557
242.803466796875,9556
242.9381878376007,9555
243.07311606407166,9554
243.21142029762268,9553
243.35054659843445,9552
243.48670935630798,9551
243.62112402915955,9550
243.7548291683197,9549
243.89504551887512,9548
244.03749299049377,9547
244.17970395088196,9546
244.32326102256775,9545
244.46646690368652,9544
244.60935020446777,9543
244.7498073577881,9542
244.88704109191895,9541
245.0289430618286,9540
245.16848587989807,9539
245.30807971954346,9538
245.4490625858307,9537
245.5839478969574,9536
245.7241916656494,9535
245.86127042770386,9534
246.0009925365448,9533
246.13786220550537,9532
246.2730474472046,9531
246.40977573394775,9530
246.55032992362976,9529
246.6933662891388,9528
246.83688950538635,9527
246.97981095314026,9526
247.12366318702698,9525
247.26701164245605,9524
247.40897488594055,9523
247.5510926246643,9522
247.69404435157776,9521
247.83630990982056,9520
247.97963547706604,9519
248.11598658561707,9518
248.25497198104858,9517
248.39430809020996,9516
248.532372713089,9515
248.6702754497528,9514
248.80354857444763,9513
248.9395911693573,9512
249.08058094978333,9511
249.22398400306702,9510
249.3677201271057,9509
249.5110900402069,9508
249.6537961959839,9507
249.79732131958008,9506
249.9396448135376,9505
250.08138370513916,9504
250.22390913963318,9503
250.3666033744812,9502
250.50596070289612,9501
250.6418743133545,9500
250.78039526939392,9499
250.9184136390686,9498
251.05747079849243,9497
251.19277787208557,9496
251.3286325931549,9495
251.46457433700562,9494
251.6055166721344,9493
251.74773263931274,9492
251.89033341407776,9491
252.03306031227112,9490
252.17535066604614,9489
252.3182909488678,9488
252.45945286750793,9487
252.5998136997223,9486
252.73968243598938,9485
252.8754918575287,9484
253.00820112228394,9483
253.14508771896362,9482
253.28306794166565,9481
253.42178440093994,9480
253.55826044082642,9479
253.69256806373596,9478
253.8259632587433,9477
253.96591973304749,9476
254.10787510871887,9475
254.24970841407776,9474
254.3908450603485,9473
254.53205275535583,9472
254.67364954948425,9471
254.8124384880066,9470
254.94781112670898,9469
255.08250069618225,9468
255.21725583076477,9467
255.3520896434784,9466
255.48677372932434,9465
255.62203216552734,9464
255.75851774215698,9463
255.8969156742096,9462
256.033002614975,9461
256.1712837219238,9460
256.3138282299042,9459
256.4495658874512,9458
256.58433842658997,9457
256.71786427497864,9456
256.8526201248169,9455
256.98404693603516,9454
257.11775732040405,9453
257.25051641464233,9452
257.3849799633026,9451
257.51945757865906,9450
257.66039538383484,9449
257.8037579059601,9448
257.9461975097656,9447
258.08878207206726,9446
258.2321105003357,9445
258.37496972084045,9444
258.5181405544281,9443
258.6612901687622,9442
258.80383372306824,9441
258.9472486972809,9440
259.08946466445923,9439
259.2328689098358,9438
259.3759777545929,9437
259.5188043117523,9436
259.6623282432556,9435
259.804678440094,9434
259.9480631351471,9433
260.0908188819885,9432
260.233726978302,9431
260.3766784667969,9430
260.51951694488525,9429
260.6624457836151,9428
260.8055508136749,9427
260.94772267341614,9426
261.09170174598694,9425
261.2340064048767,9424
261.3772773742676,9423
261.5206232070923,9422
261.66310119628906,9421
261.8068058490753,9420
261.9490432739258,9419
262.0920708179474,9418
262.2350480556488,9417
262.3778238296509,9416
262.5211272239685,9415
262.6641173362732,9414
262.8067395687103,9413
262.94942927360535,9412
263.09130477905273,9411
263.2318711280823,9410
263.36905169487,9409
263.5061445236206,9408
263.6430866718292,9407
263.77993297576904,9406
263.91692209243774,9405
264.05346059799194,9404
264.1896433830261,9403
264.3261058330536,9402
264.46291756629944,9401
264.59921169281006,9400
264.7341113090515,9399
264.86881160736084,9398
265.0036189556122,9397
265.13996601104736,9396
265.27506136894226,9395
265.4105541706085,9394
265.54693055152893,9393
265.68448185920715,9392
265.82029008865356,9391
265.955228805542,9390
266.0929181575775,9389
266.228120803833,9388
266.36307096481323,9387
266.49789333343506,9386
266.63355326652527,9385
266.76904296875,9384
266.903826713562,9383
267.0406656265259,9382
267.17465448379517,9381
267.311719417572,9380
267.44748163223267,9379
267.5865058898926,9378
267.72385478019714,9377
267.86261463165283,9376
268.00104784965515,9375
268.13848304748535,9374
268.2777781486511,9373
268.41491436958313,9372
268.55411195755005,9371
268.69168734550476,9370
268.83123874664307,9369
268.97009325027466,9368
269.1080994606018,9367
269.24692726135254,9366
269.3870689868927,9365
269.5308196544647,9364
269.67360973358154,9363
269.81677889823914,9362
269.9600021839142,9361
270.10263299942017,9360
270.2464532852173,9359
270.389319896698,9358
270.5326337814331,9357
270.6756706237793,9356
270.81865215301514,9355
270.96211862564087,9354
271.10503244400024,9353
271.2479176521301,9352
271.3913016319275,9351
271.5333528518677,9350
271.6768651008606,9349
271.81991600990295,9348
271.96237874031067,9347
272.10544300079346,9346
272.24736428260803,9345
272.3904814720154,9344
272.5331280231476,9343
272.6756978034973,9342
272.81851077079773,9341
272.9613220691681,9340
273.10433053970337,9339
273.24755001068115,9338
273.38952708244324,9337
273.5329179763794,9336
273.67543601989746,9335
273.8183624744415,9334
273.96123909950256,9333
274.1035592556,9332
274.24655985832214,9331
274.3887720108032,9330
274.531085729599,9329
274.6712610721588,9328
274.80804109573364,9327
274.9463505744934,9326
275.0834219455719,9325
275.2204740047455,9324
275.35744285583496,9323
275.4934711456299,9322
275.6294333934784,9321
275.76671051979065,9320
275.9021508693695,9319
276.0380320549011,9318
276.1735911369324,9317
276.30945682525635,9316
276.4457652568817,9315
276.5803394317627,9314
276.7164161205292,9313
276.8512189388275,9312
276.98632168769836,9311
277.1245698928833,9310
277.26043486595154,9309
277.39631271362305,9308
277.5308532714844,9307
277.66532468795776,9306
277.79984426498413,9305
277.9352562427521,9304
278.0701448917389,9303
278.2058494091034,9302
278.3413143157959,9301
278.4753680229187,9300
278.612637758255,9299
278.74961853027344,9298
278.8860123157501,9297
279.02276825904846,9296
279.15933752059937,9295
279.2957968711853,9294
279.43330240249634,9293
279.56951785087585,9292
279.70615577697754,9291
279.84269428253174,9290
279.9795985221863,9289
280.1164536476135,9288
280.2529504299164,9287
280.39000153541565,9286
280.5261480808258,9285
280.6631865501404,9284
280.7996072769165,9283
280.9348669052124,9282
281.0714592933655,9281
281.2069296836853,9280
281.34135842323303,9279
281.4729082584381,9278
281.60886883735657,9277
281.74711894989014,9276
281.8861632347107,9275
282.02051162719727,9274
282.15638875961304,9273
282.2939102649689,9272
282.4360353946686,9271
282.5784182548523,9270
282.7188067436218,9269
282.85633182525635,9268
282.99356174468994,9267
283.1309630870819,9266
283.26922035217285,9265
283.4059703350067,9264
283.54402685165405,9263
283.681978225708,9262
283.81715202331543,9261
283.9517478942871,9260
284.0850086212158,9259
284.2262589931488,9258
284.36806058883667,9257
284.50695729255676,9256
284.64605736732483,9255
284.7816061973572,9254
284.91847014427185,9253
285.0582377910614,9252
285.1997482776642,9251
285.3417766094208,9250
285.48298263549805,9249
285.62388920783997,9248
285.76115894317627,9247
285.8969352245331,9246
286.0339593887329,9245
286.17093229293823,9244
286.306823015213,9243
286.4432096481323,9242
286.5770401954651,9241
286.7152795791626,9240
286.85195422172546,9239
286.98713970184326,9238
287.12086629867554,9237
287.2529923915863,9236
287.3907389640808,9235
287.5318748950958,9234
287.6736550331116,9233
287.81663632392883,9232
287.95398592948914,9231
288.08975315093994,9230
288.2242703437805,9229
288.36189222335815,9228
288.50267577171326,9227
288.6425049304962,9226
288.78331184387207,9225
288.92325615882874,9224
289.06010031700134,9223
289.19631791114807,9222
289.3315875530243,9221
289.46885108947754,9220
289.6049814224243,9219
289.74273204803467,9218
289.88021087646484,9217
290.0150525569916,9216
290.1527705192566,9215
290.2900438308716,9214
290.42788004875183,9213
290.5633680820465,9212
290.69881653785706,9211
290.8327651023865,9210
290.96923446655273,9209
291.1098392009735,9208
291.25098967552185,9207
291.39139699935913,9206
291.5325891971588,9205
291.673531293869,9204
291.81036162376404,9203
291.9455678462982,9202
292.0864133834839,9201
292.2275161743164,9200
292.3638527393341,9199
292.4999716281891,9198
292.63829922676086,9197
292.774391412735,9196
292.90809202194214,9195
293.0450873374939,9194
293.1828942298889,9193
293.3187575340271,9192
293.45264887809753,9191
293.5856075286865,9190
293.71901774406433,9189
293.85303020477295,9188
293.99359107017517,9187
294.1344938278198,9186
294.27498412132263,9185
294.41689014434814,9184
294.5584189891815,9183
294.69654417037964,9182
294.8347861766815,9181
294.97489643096924,9180
295.1132833957672,9179
295.2533710002899,9178
295.3893258571625,9177
295.5279874801636,9176
295.66549158096313,9175
295.80409264564514,9174
295.9402961730957,9173
296.07354712486267,9172
296.2109520435333,9171
296.3527944087982,9170
296.49545311927795,9169
296.6387424468994,9168
296.7818217277527,9167
296.9245355129242,9166
297.06343364715576,9165
297.2022190093994,9164
297.34113073349,9163
297.4810652732849,9162
297.61517548561096,9161
297.75247287750244,9160
297.8897831439972,9159
298.02722454071045,9158
298.163373708725,9157
298.29593682289124,9156
298.43001890182495,9155
298.5624816417694,9154
298.6990694999695,9153
298.8401925563812,9152
298.9808461666107,9151
299.121253490448,9150
299.26170659065247,9149
299.4017119407654,9148
299.5407829284668,9147
299.67822265625,9146
299.8168547153473,9145
299.95669889450073,9144
300.091091632843,9143
300.2278296947479,9142
300.3643729686737,9141
300.5023183822632,9140
300.640677690506,9139
300.7743468284607,9138
300.9103810787201,9137
301.04429149627686,9136
301.1814365386963,9135
301.3222186565399,9134
301.4628875255585,9133
301.6037051677704,9132
301.744606256485,9131
301.8846912384033,9130
302.02516651153564,9129
302.16315746307373,9128
302.30425000190735,9127
302.4462146759033,9126
302.58677554130554,9125
302.72199058532715,9124
302.85882782936096,9123
302.995707988739,9122
303.1331536769867,9121
303.2674489021301,9120
303.401654958725,9119
303.5328679084778,9118
303.6661055088043,9117
303.79886054992676,9116
303.9373633861542,9115
304.07737612724304,9114
304.2176218032837,9113
304.35756373405457,9112
304.498416185379,9111
304.63755989074707,9110
304.7736828327179,9109
304.9132397174835,9108
305.05450224876404,9107
305.1950032711029,9106
305.32869482040405,9105
305.4643189907074,9104
305.60029673576355,9103
305.73755860328674,9102
305.8700911998749,9101
306.00401282310486,9100
306.13931703567505,9099
306.2802965641022,9098
306.422975063324,9097
306.5656156539917,9096
306.70765256881714,9095
306.85071992874146,9094
306.9920723438263,9093
307.13221502304077,9092
307.2743067741394,9091
307.41148686408997,9090
307.5491318702698,9089
307.6861162185669,9088
307.8235640525818,9087
307.9611394405365,9086
308.09586668014526,9085
308.2310314178467,9084
308.36429238319397,9083
308.49996972084045,9082
308.63950991630554,9081
308.77967953681946,9080
308.9201090335846,9079
309.06046319007874,9078
309.20105624198914,9077
309.3413209915161,9076
309.4785270690918,9075
309.61373925209045,9074
309.7502181529999,9073
309.8853223323822,9072
310.0214493274689,9071
310.15840315818787,9070
310.29383730888367,9069
310.43009090423584,9068
310.56569623947144,9067
310.70312762260437,9066
310.8418571949005,9065
310.97797536849976,9064
311.10895442962646,9063
311.2383625507355,9062
311.370418548584,9061
311.5001494884491,9060
311.63241839408875,9059
311.76562118530273,9058
311.89844489097595,9057
312.0324535369873,9056
312.1682891845703,9055
312.3084807395935,9054
312.4512588977814,9053
312.59223794937134,9052
312.73499631881714,9051
312.87730979919434,9050
313.0197334289551,9049
313.16246032714844,9048
313.3040385246277,9047
313.4463233947754,9046
313.588351726532,9045
313.7302768230438,9044
313.87207984924316,9043
314.0136249065399,9042
314.1553657054901,9041
314.2973437309265,9040
314.4390833377838,9039
314.5811517238617,9038
314.72292399406433,9037
314.86532330513,9036
315.0059154033661,9035
315.1473536491394,9034
315.28785133361816,9033
315.430299282074,9032
315.57122135162354,9031
315.7124614715576,9030
315.85327529907227,9029
315.99439239501953,9028
316.1354944705963,9027
316.27629113197327,9026
316.4187934398651,9025
316.5592300891876,9024
316.7006981372833,9023
316.8411843776703,9022
316.98325967788696,9021
317.12406849861145,9020
317.2652451992035,9019
317.406236410141,9018
317.54742407798767,9017
317.68871450424194,9016
317.8298649787903,9015
317.96864676475525,9014
318.10567927360535,9013
318.24247646331787,9012
318.3797879219055,9011
318.5166971683502,9010
318.65345907211304,9009
318.7904884815216,9008
318.92639350891113,9007
319.0637390613556,9006
319.20007514953613,9005
319.3365578651428,9004
319.4736771583557,9003
319.60952615737915,9002
319.7466809749603,9001
319.882080078125,9000
320.0177140235901,8999
320.15368485450745,8998
320.2903423309326,8997
320.4300706386566,8996
320.5652046203613,8995
320.7011618614197,8994
320.8370683193207,8993
320.9721636772156,8992
321.10851407051086,8991
321.244455575943,8990
321.3813211917877,8989
321.51674032211304,8988
321.652396440506,8987
321.7883780002594,8986
321.9240424633026,8985
322.0606219768524,8984
322.19612741470337,8983
322.3319323062897,8982
322.4677724838257,8981
322.60283970832825,8980
322.73902654647827,8979
322.8736791610718,8978
323.01044726371765,8977
323.1468884944916,8976
323.28244137763977,8975
323.41969871520996,8974
323.5559661388397,8973
323.6929883956909,8972
323.82881116867065,8971
323.96475100517273,8970
324.10285568237305,8969
324.2432646751404,8968
324.38471007347107,8967
324.52530336380005,8966
324.6664409637451,8965
324.807785987854,8964
324.9483983516693,8963
325.0899119377136,8962
325.2306389808655,8961
325.3716070652008,8960
325.51255536079407,8959
325.65342235565186,8958
325.794308423996,8957
325.93504309654236,8956
326.07685923576355,8955
326.2180235385895,8954
326.35982060432434,8953
326.50103998184204,8952
326.64273715019226,8951
326.7830500602722,8950
326.92432594299316,8949
327.06483459472656,8948
327.20666766166687,8947
327.34730768203735,8946
327.48798751831055,8945
327.629079580307,8944
327.76942014694214,8943
327.9104309082031,8942
328.05108976364136,8941
328.1924042701721,8940
328.33301424980164,8939
328.47412395477295,8938
328.61522102355957,8937
328.75626277923584,8936
328.897225856781,8935
329.0376739501953,8934
329.1788032054901,8933
329.3188810348511,8932
329.46000838279724,8931
329.6000530719757,8930
329.73658323287964,8929
329.8737459182739,8928
330.01010251045227,8927
330.1467185020447,8926
330.28379344940186,8925
330.42045164108276,8924
330.557559967041,8923
330.6945061683655,8922
330.83059763908386,8921
330.9674723148346,8920
331.1031594276428,8919
331.2409884929657,8918
331.37748169898987,8917
331.5144190788269,8916
331.6517667770386,8915
331.7873330116272,8914
331.9248380661011,8913
332.06232738494873,8912
332.2010004520416,8911
332.33800077438354,8910
332.47486901283264,8909
332.6128990650177,8908
332.74842858314514,8907
332.88592410087585,8906
333.0218906402588,8905
333.1579773426056,8904
333.2949261665344,8903
333.4292685985565,8902
333.5651879310608,8901
333.7004222869873,8900
333.8352794647217,8899
333.97100853919983,8898
334.1004719734192,8897
334.2312376499176,8896
334.35917258262634,8895
334.49062037467957,8894
334.62479066848755,8893
334.75823044776917,8892
334.8942165374756,8891
335.028879404068,8890
335.1628260612488,8889
335.29730319976807,8888
335.4286940097809,8887
335.55994033813477,8886
335.6873698234558,8885
335.81682991981506,8884
335.9484369754791,8883
336.07554602622986,8882
336.2065386772156,8881
336.3404743671417,8880
336.47420144081116,8879
336.60951256752014,8878
336.7425241470337,8877
336.873188495636,8876
337.0012218952179,8875
337.1288208961487,8874
337.25665497779846,8873
337.38533425331116,8872
337.5164613723755,8871
337.6481420993805,8870
337.78333139419556,8869
337.9186406135559,8868
338.05428981781006,8867
338.1879687309265,8866
338.3188359737396,8865
338.4458055496216,8864
338.575790643692,8863
338.705792427063,8862
338.8355007171631,8861
338.96172523498535,8860
339.0913074016571,8859
339.21934390068054,8858
339.3486793041229,8857
339.481244802475,8856
339.6124258041382,8855
339.74296617507935,8854
339.8716416358948,8853
339.9999542236328,8852
340.131206035614,8851
340.26021003723145,8850
340.3870041370392,8849
340.5164270401001,8848
340.64341044425964,8847
340.7732615470886,8846
340.9001693725586,8845
341.0330579280853,8844
341.164026260376,8843
341.2966408729553,8842
341.4300217628479,8841
341.56087040901184,8840
341.6923756599426,8839
341.8226959705353,8838
341.95228004455566,8837
342.08514380455017,8836
342.216970205307,8835
342.3488733768463,8834
342.4818615913391,8833
342.6107177734375,8832
342.7426836490631,8831
342.87101197242737,8830
343.0033149719238,8829
343.13417196273804,8828
343.26629066467285,8827
343.39894938468933,8826
343.5294086933136,8825
343.65928649902344,8824
343.79100370407104,8823
343.92105293273926,8822
344.05386662483215,8821
344.18437480926514,8820
344.3173427581787,8819
344.45279836654663,8818
344.5848045349121,8817
344.71936416625977,8816
344.8575167655945,8815
344.9953987598419,8814
345.13112616539,8813
345.2658393383026,8812
345.4038562774658,8811
345.54495787620544,8810
345.68628573417664,8809
345.8243477344513,8808
345.9594964981079,8807
346.09367084503174,8806
346.22845578193665,8805
346.3631718158722,8804
346.49882888793945,8803
346.63441371917725,8802
346.77035117149353,8801
346.9069473743439,8800
347.03767824172974,8799
347.1687557697296,8798
347.30441641807556,8797
347.4413297176361,8796
347.58002829551697,8795
347.71423506736755,8794
347.84756731987,8793
347.9819586277008,8792
348.1214191913605,8791
348.26429176330566,8790
348.40625166893005,8789
348.54803228378296,8788
348.6875422000885,8787
348.82363200187683,8786
348.95802450180054,8785
349.0938575267792,8784
349.227858543396,8783
349.3639016151428,8782
349.4996654987335,8781
349.6346974372864,8780
349.767293214798,8779
349.90314197540283,8778
350.0387396812439,8777
350.1730833053589,8776
350.3047339916229,8775
350.43381333351135,8774
350.56520080566406,8773
350.6974277496338,8772
350.8343312740326,8771
350.9737195968628,8770
351.11433458328247,8769
351.2482259273529,8768
351.3822617530823,8767
351.51588344573975,8766
351.653445482254,8765
351.79161167144775,8764
351.93042492866516,8763
352.0688090324402,8762
352.20736956596375,8761
352.34591364860535,8760
352.48208117485046,8759
352.61766362190247,8758
352.7536528110504,8757
352.88875675201416,8756
353.02386713027954,8755
353.1607654094696,8754
353.2959153652191,8753
353.4309034347534,8752
353.56860852241516,8751
353.7047026157379,8750
353.8422553539276,8749
353.9754991531372,8748
354.10872507095337,8747
354.238733291626,8746
354.37106108665466,8745
354.5063304901123,8744
354.6443877220154,8743
354.78374457359314,8742
354.92533135414124,8741
355.0664520263672,8740
355.2043216228485,8739
355.3403904438019,8738
355.4767644405365,8737
355.6179621219635,8736
355.7559199333191,8735
355.8912880420685,8734
356.02835178375244,8733
356.16535329818726,8732
356.29800939559937,8731
356.4343922138214,8730
356.56912755966187,8729
356.70701575279236,8728
356.8403887748718,8727
356.9718723297119,8726
357.1038956642151,8725
357.23263907432556,8724
357.3641231060028,8723
357.49966835975647,8722
357.6379222869873,8721
357.7772858142853,8720
357.9172194004059,8719
358.0564410686493,8718
358.19267201423645,8717
358.32909059524536,8716
358.4665997028351,8715
358.60176825523376,8714
358.74016189575195,8713
358.872606754303,8712
359.00824785232544,8711
359.1451051235199,8710
359.2825839519501,8709
359.41587471961975,8708
359.55037808418274,8707
359.68260431289673,8706
359.8204576969147,8705
359.96004939079285,8704
360.1009373664856,8703
360.24254751205444,8702
360.3810861110687,8701
360.5212821960449,8700
360.66141653060913,8699
360.8012101650238,8698
360.93629455566406,8697
361.0722281932831,8696
361.20928263664246,8695
361.34423565864563,8694
361.4778597354889,8693
361.60864424705505,8692
361.73875665664673,8691
361.8696002960205,8690
362.0016293525696,8689
362.1362714767456,8688
362.27398443222046,8687
362.41238284111023,8686
362.55248832702637,8685
362.6914732456207,8684
362.8305563926697,8683
362.9698419570923,8682
363.10877656936646,8681
363.2465355396271,8680
363.37949800491333,8679
363.51501083374023,8678
363.65042877197266,8677
363.78416562080383,8676
363.91733837127686,8675
364.0472433567047,8674
364.1789083480835,8673
364.31295800209045,8672
364.44480323791504,8671
364.58201265335083,8670
364.7206184864044,8669
364.8595323562622,8668
365.00056982040405,8667
365.14208126068115,8666
365.2810060977936,8665
365.4213299751282,8664
365.5607805252075,8663
365.6952774524689,8662
365.83166694641113,8661
365.96767592430115,8660
366.10601925849915,8659
366.2406392097473,8658
366.3718159198761,8657
366.5043456554413,8656
366.6352536678314,8655
366.77161622047424,8654
366.90994596481323,8653
367.04847168922424,8652
367.1890912055969,8651
367.3295564651489,8650
367.4660952091217,8649
367.6053829193115,8648
367.7450063228607,8647
367.8798463344574,8646
368.0151479244232,8645
368.1503179073334,8644
368.2859535217285,8643
368.4196660518646,8642
368.5516233444214,8641
368.68274211883545,8640
368.81189346313477,8639
368.9434449672699,8638
369.0748767852783,8637
369.2101421356201,8636
369.34933710098267,8635
369.48942375183105,8634
369.63008189201355,8633
369.76850175857544,8632
369.9067325592041,8631
370.04620242118835,8630
370.18048667907715,8629
370.3134112358093,8628
370.4514117240906,8627
370.5869619846344,8626
370.7228229045868,8625
370.8566563129425,8624
370.98933243751526,8623
371.1223831176758,8622
371.2544493675232,8621
371.38929891586304,8620
371.52829599380493,8619
371.667592048645,8618
371.8082346916199,8617
371.9490385055542,8616
372.08806562423706,8615
372.22700691223145,8614
372.3670983314514,8613
372.50022196769714,8612
372.63693022727966,8611
372.772833108902,8610
372.90886092185974,8609
373.043048620224,8608
373.17415165901184,8607
373.30469155311584,8606
373.4341719150543,8605
373.566775560379,8604
373.701212644577,8603
373.8385615348816,8602
373.9774720668793,8601
374.1180536746979,8600
374.25768280029297,8599
374.3927972316742,8598
374.528559923172,8597
374.66365242004395,8596
374.79797983169556,8595
374.93337965011597,8594
375.0688145160675,8593
375.2042214870453,8592
375.3387997150421,8591
375.47406244277954,8590
375.6090929508209,8589
375.7466948032379,8588
375.8838965892792,8587
376.0131003856659,8586
376.14518117904663,8585
376.27645802497864,8584
376.4093563556671,8583
376.542439699173,8582
376.6742641925812,8581
376.80659437179565,8580
376.93802404403687,8579
377.0692596435547,8578
377.20996713638306,8577
377.3501822948456,8576
377.4905786514282,8575
377.63123321533203,8574
377.7713530063629,8573
377.91173815727234,8572
378.05225801467896,8571
378.192421913147,8570
378.3328776359558,8569
378.47343921661377,8568
378.60448598861694,8567
378.7358431816101,8566
378.866984128952,8565
378.99771428108215,8564
379.12647581100464,8563
379.2541489601135,8562
379.385449886322,8561
379.51256346702576,8560
379.64258337020874,8559
379.7743923664093,8558
379.90336632728577,8557
380.03394651412964,8556
380.16295075416565,8555
380.2927715778351,8554
380.42593002319336,8553
380.5534248352051,8552
380.68308329582214,8551
380.81284165382385,8550
380.93981432914734,8549
381.06991481781006,8548
381.1995780467987,8547
381.3308901786804,8546
381.4645800590515,8545
381.59321331977844,8544
381.7255153656006,8543
381.8567261695862,8542
381.98907995224,8541
382.121865272522,8540
382.26293301582336,8539
382.4034307003021,8538
382.5452809333801,8537
382.6856300830841,8536
382.8272476196289,8535
382.9685072898865,8534
383.10929131507874,8533
383.2508764266968,8532
383.3915448188782,8531
383.53197717666626,8530
383.6726031303406,8529
383.81321716308594,8528
383.9538996219635,8527
384.0941832065582,8526
384.2351610660553,8525
384.37540340423584,8524
384.5164098739624,8523
384.65687584877014,8522
384.7971930503845,8521
384.9369752407074,8520
385.0772910118103,8519
385.217999458313,8518
385.3580780029297,8517
385.4979898929596,8516
385.638023853302,8515
385.7781240940094,8514
385.9138560295105,8513
386.0485932826996,8512
386.18384742736816,8511
386.31879234313965,8510
386.4528777599335,8509
386.5880835056305,8508
386.723210811615,8507
386.8581848144531,8506
386.9924144744873,8505
387.12640738487244,8504
387.2609667778015,8503
387.39492988586426,8502
387.5297706127167,8501
387.664922952652,8500
387.80094289779663,8499
387.9370102882385,8498
388.0725152492523,8497
388.2084517478943,8496
388.34583020210266,8495
388.48251128196716,8494
388.6184232234955,8493
388.75348019599915,8492
388.88942646980286,8491
389.0254416465759,8490
389.1604256629944,8489
389.29688811302185,8488
389.431116104126,8487
389.5660901069641,8486
389.7012083530426,8485
389.8363571166992,8484
389.97246646881104,8483
390.1071524620056,8482
390.2424511909485,8481
390.3778040409088,8480
390.5123293399811,8479
390.64835691452026,8478
390.7823898792267,8477
390.91892647743225,8476
391.05481696128845,8475
391.18940234184265,8474
391.3253993988037,8473
391.46163177490234,8472
391.59747791290283,8471
391.7329115867615,8470
391.8673565387726,8469
392.0033736228943,8468
392.14041805267334,8467
392.2808256149292,8466
392.4217302799225,8465
392.5628900527954,8464
392.70417618751526,8463
392.8453450202942,8462
392.98617720603943,8461
393.1276786327362,8460
393.2677049636841,8459
393.4098677635193,8458
393.5508670806885,8457
393.6921534538269,8456
393.8337445259094,8455
393.97457909584045,8454
394.11592960357666,8453
394.25706124305725,8452
394.3972136974335,8451
394.53895568847656,8450
394.68005537986755,8449
394.82088470458984,8448
394.96243810653687,8447
395.10255765914917,8446
395.24325489997864,8445
395.3835301399231,8444
395.5238356590271,8443
395.66425347328186,8442
395.80453968048096,8441
395.9449803829193,8440
396.0855824947357,8439
396.2259874343872,8438
396.366183757782,8437
396.50646686553955,8436
396.6459655761719,8435
396.78597497940063,8434
396.9258551597595,8433
397.06657242774963,8432
397.2078549861908,8431
397.34914898872375,8430
397.4904406070709,8429
397.62743282318115,8428
397.7618725299835,8427
397.89599561691284,8426
398.03022265434265,8425
398.16473412513733,8424
398.29859733581543,8423
398.43322253227234,8422
398.567800283432,8421
398.7023856639862,8420
398.83572721481323,8419
398.9702036380768,8418
399.10482382774353,8417
399.2394497394562,8416
399.37339091300964,8415
399.50691533088684,8414
399.640508890152,8413
399.7739260196686,8412
399.90770173072815,8411
400.04444909095764,8410
400.18038868904114,8409
400.31617164611816,8408
400.45049571990967,8407
400.5847954750061,8406
400.71952414512634,8405
400.853346824646,8404
400.9892008304596,8403
401.12346482276917,8402
401.2578761577606,8401
401.3924353122711,8400
401.5266947746277,8399
401.66232776641846,8398
401.7968952655792,8397
401.93197560310364,8396
402.06757283210754,8395
402.20190930366516,8394
402.3378622531891,8393
402.4724726676941,8392
402.6086702346802,8391
402.74380826950073,8390
402.8785002231598,8389
403.01410150527954,8388
403.14793372154236,8387
403.28283500671387,8386
403.4182999134064,8385
403.553964138031,8384
403.69083046913147,8383
403.8236632347107,8382
403.95875811576843,8381
404.0941789150238,8380
404.22738242149353,8379
404.3595824241638,8378
404.4945056438446,8377
404.63216638565063,8376
404.77125000953674,8375
404.90528440475464,8374
405.03957295417786,8373
405.1756339073181,8372
405.31606554985046,8371
405.4560601711273,8370
405.5965175628662,8369
405.73054695129395,8368
405.8665816783905,8367
406.00171089172363,8366
406.13792729377747,8365
406.2732746601105,8364
406.4092056751251,8363
406.5452163219452,8362
406.6783845424652,8361
406.80934834480286,8360
406.94454622268677,8359
407.0829474925995,8358
407.2226059436798,8357
407.36019825935364,8356
407.49481201171875,8355
407.62904810905457,8354
407.76300501823425,8353
407.90174317359924,8352
408.0421555042267,8351
408.18244099617004,8350
408.32255458831787,8349
408.4596519470215,8348
408.5936996936798,8347
408.72879338264465,8346
408.8616554737091,8345
408.99578762054443,8344
409.12929916381836,8343
409.26394176483154,8342
409.39780926704407,8341
409.53286576271057,8340
409.6636760234833,8339
409.79280710220337,8338
409.9219055175781,8337
410.05887246131897,8336
410.19803047180176,8335
410.3369472026825,8334
410.470988035202,8333
410.604434967041,8332
410.7377486228943,8331
410.8704876899719,8330
411.0075647830963,8329
411.1450307369232,8328
411.28269600868225,8327
411.418927192688,8326
411.5516436100006,8325
411.6850435733795,8324
411.8187618255615,8323
411.95183515548706,8322
412.08825612068176,8321
412.2209804058075,8320
412.3544192314148,8319
412.4898416996002,8318
412.6240313053131,8317
412.75712871551514,8316
412.8874237537384,8315
413.02208065986633,8314
413.16217613220215,8313
413.3014533519745,8312
413.4412772655487,8311
413.58164620399475,8310
413.71777176856995,8309
413.852178812027,8308
413.9900152683258,8307
414.1279401779175,8306
414.26340413093567,8305
414.39819741249084,8304
414.53419160842896,8303
414.66782569885254,8302
414.803733587265,8301
414.9399392604828,8300
415.0745162963867,8299
415.2068009376526,8298
415.3394637107849,8297
415.4686658382416,8296
415.60372519493103,8295
415.7437915802002,8294
415.88519978523254,8293
416.0269958972931,8292
416.1686110496521,8291
416.30689668655396,8290
416.44383358955383,8289
416.5814423561096,8288
416.7185719013214,8287
416.85750699043274,8286
416.9912362098694,8285
417.12828397750854,8284
417.26395869255066,8283
417.397652387619,8282
417.5325651168823,8281
417.6642110347748,8280
417.79827523231506,8279
417.93419647216797,8278
418.07384967803955,8277
418.21423983573914,8276
418.35510873794556,8275
418.49509620666504,8274
418.63513684272766,8273
418.77452516555786,8272
418.91414070129395,8271
419.05406856536865,8270
419.1945471763611,8269
419.328129529953,8268
419.46436190605164,8267
419.5988495349884,8266
419.7353799343109,8265
419.8675694465637,8264
420.00106620788574,8263
420.13507986068726,8262
420.274964094162,8261
420.41451930999756,8260
420.5539917945862,8259
420.6934025287628,8258
420.83159732818604,8257
420.9694559574127,8256
421.10833716392517,8255
421.24393796920776,8254
421.37669920921326,8253
421.51151728630066,8252
421.6466498374939,8251
421.7776937484741,8250
421.90792870521545,8249
422.04127526283264,8248
422.17926692962646,8247
422.3177363872528,8246
422.45617508888245,8245
422.5945200920105,8244
422.73401737213135,8243
422.8692412376404,8242
423.00682640075684,8241
423.14206624031067,8240
423.2730095386505,8239
423.40763783454895,8238
423.5408353805542,8237
423.67299151420593,8236
423.8037464618683,8235
423.93428468704224,8234
424.066730260849,8233
424.20534443855286,8232
424.3455581665039,8231
424.48452734947205,8230
424.624489068985,8229
424.7603144645691,8228
424.89465618133545,8227
425.03050327301025,8226
425.1639633178711,8225
425.29869771003723,8224
425.43272972106934,8223
425.56666827201843,8222
425.7012481689453,8221
425.83536028862,8220
425.97121238708496,8219
426.106360912323,8218
426.2444405555725,8217
426.3804166316986,8216
426.51136445999146,8215
426.6429018974304,8214
426.775221824646,8213
426.90416073799133,8212
427.0365056991577,8211
427.1647295951843,8210
427.29660201072693,8209
427.4277355670929,8208
427.5611734390259,8207
427.6992027759552,8206
427.83976578712463,8205
427.97920298576355,8204
428.12029218673706,8203
428.26011300086975,8202
428.4004764556885,8201
428.541157245636,8200
428.6811635494232,8199
428.82112431526184,8198
428.96194791793823,8197
429.10134172439575,8196
429.24218916893005,8195
429.38263058662415,8194
429.52289390563965,8193
429.6636390686035,8192
429.8036642074585,8191
429.9433228969574,8190
430.0844404697418,8189
430.22440242767334,8188
430.3647563457489,8187
430.50567531585693,8186
430.64521408081055,8185
430.7860987186432,8184
430.92621541023254,8183
431.06604981422424,8182
431.20703172683716,8181
431.3476176261902,8180
431.48681712150574,8179
431.6270418167114,8178
431.7667670249939,8177
431.90669655799866,8176
432.0463271141052,8175
432.18647933006287,8174
432.3261470794678,8173
432.46653509140015,8172
432.60593128204346,8171
432.7453064918518,8170
432.88448905944824,8169
433.0236864089966,8168
433.1631031036377,8167
433.2965190410614,8166
433.43004608154297,8165
433.56346821784973,8164
433.69702672958374,8163
433.8303952217102,8162
433.96479082107544,8161
434.0983829498291,8160
434.23099756240845,8159
434.3631284236908,8158
434.49534821510315,8157
434.62940859794617,8156
434.7617609500885,8155
434.8938889503479,8154
435.0258984565735,8153
435.1581301689148,8152
435.2902035713196,8151
435.4226596355438,8150
435.5578269958496,8149
435.6947343349457,8148
435.82935667037964,8147
435.9623348712921,8146
436.0969169139862,8145
436.231486082077,8144
436.3649263381958,8143
436.49928879737854,8142
436.6322543621063,8141
436.76639890670776,8140
436.9003312587738,8139
437.03453850746155,8138
437.16882514953613,8137
437.3032155036926,8136
437.43850660324097,8135
437.57380199432373,8134
437.7086148262024,8133
437.84518027305603,8132
437.9812099933624,8131
438.1152651309967,8130
438.2517161369324,8129
438.38638257980347,8128
438.5226893424988,8127
438.6574454307556,8126
438.79470562934875,8125
438.93066596984863,8124
439.0660173892975,8123
439.20218658447266,8122
439.3374845981598,8121
439.47616505622864,8120
439.6169204711914,8119
439.7568802833557,8118
439.89712738990784,8117
440.0378830432892,8116
440.1769332885742,8115
440.31777715682983,8114
440.45766401290894,8113
440.5977830886841,8112
440.73761534690857,8111
440.8778338432312,8110
441.0176303386688,8109
441.1584577560425,8108
441.2980103492737,8107
441.43828797340393,8106
441.5783631801605,8105
441.718293428421,8104
441.8584055900574,8103
441.9988467693329,8102
442.137818813324,8101
442.2785565853119,8100
442.41814160346985,8099
442.5585446357727,8098
442.69880867004395,8097
442.8389182090759,8096
442.97897505760193,8095
443.11942195892334,8094
443.25834441185,8093
443.39879989624023,8092
443.53774762153625,8091
443.6779990196228,8090
443.8171057701111,8089
443.9574933052063,8088
444.0965085029602,8087
444.2358500957489,8086
444.37594628334045,8085
444.5148527622223,8084
444.65342926979065,8083
444.7919006347656,8082
444.93098616600037,8081
445.0697441101074,8080
445.20674872398376,8079
445.3391456604004,8078
445.47161293029785,8077
445.60378432273865,8076
445.73625779151917,8075
445.8696653842926,8074
446.00284337997437,8073
446.1351013183594,8072
446.2674808502197,8071
446.3997368812561,8070
446.53258085250854,8069
446.66500067710876,8068
446.799015045166,8067
446.93133449554443,8066
447.0633854866028,8065
447.19565510749817,8064
447.32793068885803,8063
447.46278524398804,8062
447.59592461586,8061
447.73307371139526,8060
447.86667346954346,8059
448.00030040740967,8058
448.13468980789185,8057
448.26808428764343,8056
448.402987241745,8055
448.53837037086487,8054
448.67205929756165,8053
448.80799078941345,8052
448.9413990974426,8051
449.0772399902344,8050
449.2130699157715,8049
449.3483421802521,8048
449.4844596385956,8047
449.6192092895508,8046
449.7542681694031,8045
449.8900740146637,8044
450.0250279903412,8043
450.1607074737549,8042
450.2964975833893,8041
450.4310324192047,8040
450.56732964515686,8039
450.7017903327942,8038
450.8376829624176,8037
450.9729940891266,8036
451.1084711551666,8035
451.2443747520447,8034
451.3784143924713,8033
451.51228880882263,8032
451.6478831768036,8031
451.7799074649811,8030
451.91224455833435,8029
452.0458085536957,8028
452.1832149028778,8027
452.3219518661499,8026
452.45647621154785,8025
452.5897741317749,8024
452.7248899936676,8023
452.86198925971985,8022
453.0019977092743,8021
453.14205837249756,8020
453.2813711166382,8019
453.4182357788086,8018
453.5525212287903,8017
453.68628692626953,8016
453.82194685935974,8015
453.9573509693146,8014
454.0919282436371,8013
454.22744822502136,8012
454.36127638816833,8011
454.495769739151,8010
454.6278576850891,8009
454.7636730670929,8008
454.9027199745178,8007
455.0419034957886,8006
455.1749007701874,8005
455.3091468811035,8004
455.44185304641724,8003
455.5746896266937,8002
455.71132946014404,8001
455.8510196208954,8000
455.9907193183899,7999
456.1302764415741,7998
456.2699296474457,7997
456.40293431282043,7996
456.5341827869415,7995
456.6656789779663,7994
456.79766297340393,7993
456.93074560165405,7992
457.06446981430054,7991
457.19869923591614,7990
457.3316242694855,7989
457.4645748138428,7988
457.59670543670654,7987
457.72875905036926,7986
457.85612201690674,7985
457.982871055603,7984
458.1083998680115,7983
458.24001359939575,7982
458.37763929367065,7981
458.5150349140167,7980
458.6522526741028,7979
458.7874526977539,7978
458.9188189506531,7977
459.0507528781891,7976
459.18193793296814,7975
459.3189101219177,7974
459.4546673297882,7973
459.590936422348,7972
459.7273988723755,7971
459.86307072639465,7970
459.9999153614044,7969
460.134316444397,7968
460.26718401908875,7967
460.40223479270935,7966
460.5368642807007,7965
460.67150926589966,7964
460.80674934387207,7963
460.93947434425354,7962
461.0746476650238,7961
461.20889592170715,7960
461.34510350227356,7959
461.47866678237915,7958
461.6111969947815,7957
461.74538111686707,7956
461.88402915000916,7955
462.0221629142761,7954
462.1607813835144,7953
462.30023860931396,7952
462.4385268688202,7951
462.57577109336853,7950
462.7104938030243,7949
462.84487891197205,7948
462.9834132194519,7947
463.1236357688904,7946
463.25970673561096,7945
463.3949966430664,7944
463.5295865535736,7943
463.66557478904724,7942
463.801429271698,7941
463.93411087989807,7940
464.06953406333923,7939
464.20606303215027,7938
464.3411228656769,7937
464.4744563102722,7936
464.60688638687134,7935
464.73682832717896,7934
464.87226915359497,7933
465.0104036331177,7932
465.1483328342438,7931
465.2872796058655,7930
465.4257776737213,7929
465.5645272731781,7928
465.70265650749207,7927
465.8390657901764,7926
465.9729382991791,7925
466.1110625267029,7924
466.2489683628082,7923
466.3843729496002,7922
466.52106952667236,7921
466.6566743850708,7920
466.7890462875366,7919
466.925998210907,7918
467.0612061023712,7917
467.19524908065796,7916
467.32744884490967,7915
467.45703625679016,7914
467.5906491279602,7913
467.7297194004059,7912
467.8686878681183,7911
468.00778555870056,7910
468.14731764793396,7909
468.2857439517975,7908
468.42283630371094,7907
468.55644392967224,7906
468.69183921813965,7905
468.82732605934143,7904
468.96335649490356,7903
469.0933153629303,7902
469.2250955104828,7901
469.3574929237366,7900
469.490181684494,7899
469.62164425849915,7898
469.7547528743744,7897
469.88382720947266,7896
470.0120265483856,7895
470.14061188697815,7894
470.27698516845703,7893
470.414452791214,7892
470.5510802268982,7891
470.6877202987671,7890
470.82461500167847,7889
470.9617908000946,7888
471.09550499916077,7887
471.23263239860535,7886
471.37088561058044,7885
471.5101709365845,7884
471.6490511894226,7883
471.78207659721375,7882
471.9165222644806,7881
472.05137825012207,7880
472.18735122680664,7879
472.3212580680847,7878
472.4557030200958,7877
472.5853464603424,7876
472.71885871887207,7875
472.8518862724304,7874
472.98944330215454,7873
473.1279537677765,7872
473.26662039756775,7871
473.40456676483154,7870
473.54275035858154,7869
473.68172883987427,7868
473.819881439209,7867
473.9545569419861,7866
474.089558839798,7865
474.2234125137329,7864
474.3587589263916,7863
474.49269461631775,7862
474.62717604637146,7861
474.76162695884705,7860
474.89614748954773,7859
475.0307295322418,7858
475.1657295227051,7857
475.3012673854828,7856
475.4386713504791,7855
475.56688380241394,7854
475.69879269599915,7853
475.83039951324463,7852
475.96015787124634,7851
476.09159302711487,7850
476.2209281921387,7849
476.3496515750885,7848
476.48147916793823,7847
476.61243081092834,7846
476.7512927055359,7845
476.8918676376343,7844
477.0308449268341,7843
477.1707034111023,7842
477.31050419807434,7841
477.4497790336609,7840
477.59001302719116,7839
477.73026609420776,7838
477.8695168495178,7837
478.00988030433655,7836
478.14866304397583,7835
478.28781247138977,7834
478.42816138267517,7833
478.5668387413025,7832
478.7061631679535,7831
478.84593415260315,7830
478.9847159385681,7829
479.1239559650421,7828
479.26252698898315,7827
479.401287317276,7826
479.54022908210754,7825
479.67840456962585,7824
479.81689834594727,7823
479.9549789428711,7822
480.0941927433014,7821
480.23295044898987,7820
480.3704707622528,7819
480.5077793598175,7818
480.6452567577362,7817
480.7829327583313,7816
480.9207212924957,7815
481.05808186531067,7814
481.19623279571533,7813
481.333633184433,7812
481.4709310531616,7811
481.6081974506378,7810
481.7460172176361,7809
481.88494849205017,7808
482.0224006175995,7807
482.1598708629608,7806
482.29732370376587,7805
482.4319269657135,7804
482.5635883808136,7803
482.6957952976227,7802
482.82875084877014,7801
482.9618241786957,7800
483.0949125289917,7799
483.22842931747437,7798
483.36288022994995,7797
483.4973940849304,7796
483.63161182403564,7795
483.7665820121765,7794
483.89970684051514,7793
484.0353775024414,7792
484.1689155101776,7791
484.30416774749756,7790
484.4393517971039,7789
484.57367277145386,7788
484.70911288261414,7787
484.8460943698883,7786
484.981317281723,7785
485.11636185646057,7784
485.25065779685974,7783
485.38564443588257,7782
485.5206594467163,7781
485.6545572280884,7780
485.7898373603821,7779
485.92313146591187,7778
486.0584650039673,7777
486.19303822517395,7776
486.3273358345032,7775
486.46267318725586,7774
486.5973126888275,7773
486.73152470588684,7772
486.86669659614563,7771
487.00049471855164,7770
487.13587713241577,7769
487.27068543434143,7768
487.4058780670166,7767
487.541912317276,7766
487.6763756275177,7765
487.81158685684204,7764
487.9476420879364,7763
488.0828719139099,7762
488.2182002067566,7761
488.3538866043091,7760
488.4887504577637,7759
488.62957644462585,7758
488.7687089443207,7757
488.9085998535156,7756
489.04823184013367,7755
489.1878831386566,7754
489.3275043964386,7753
489.4675211906433,7752
489.60606598854065,7751
489.74592638015747,7750
489.88540983200073,7749
490.02434039115906,7748
490.1642518043518,7747
490.3036186695099,7746
490.44232535362244,7745
490.58205246925354,7744
490.72175335884094,7743
490.8599979877472,7742
490.99906396865845,7741
491.1373176574707,7740
491.2754328250885,7739
491.414101600647,7738
491.5522599220276,7737
491.69040846824646,7736
491.82821440696716,7735
491.96619153022766,7734
492.10407853126526,7733
492.2417061328888,7732
492.3798906803131,7731
492.51691579818726,7730
492.65372681617737,7729
492.791955947876,7728
492.9291594028473,7727
493.06695222854614,7726
493.20393896102905,7725
493.34120655059814,7724
493.4784646034241,7723
493.61568784713745,7722
493.75356698036194,7721
493.8910710811615,7720
494.0292499065399,7719
494.1676142215729,7718
494.3015637397766,7717
494.4351179599762,7716
494.56837224960327,7715
494.7006709575653,7714
494.83392119407654,7713
494.96618843078613,7712
495.09942603111267,7711
495.23210167884827,7710
495.3669128417969,7709
495.50116872787476,7708
495.63512325286865,7707
495.76973366737366,7706
495.90395998954773,7705
496.0374457836151,7704
496.1722481250763,7703
496.30562353134155,7702
496.44029903411865,7701
496.5751874446869,7700
496.71142077445984,7699
496.84692001342773,7698
496.98008394241333,7697
497.11439275741577,7696
497.2487449645996,7695
497.3828101158142,7694
497.5172338485718,7693
497.6519703865051,7692
497.78542304039,7691
497.92073011398315,7690
498.05444502830505,7689
498.1897888183594,7688
498.325154542923,7687
498.45980525016785,7686
498.5954647064209,7685
498.7298626899719,7684
498.86467957496643,7683
499.0000545978546,7682
499.13464736938477,7681
499.2698061466217,7680
499.4053909778595,7679
499.5395712852478,7678
499.67512249946594,7677
499.80907440185547,7676
499.94412183761597,7675
