0.478107213973999,8776
0.5700623989105225,8775
0.6606929302215576,8774
0.7514145374298096,8773
0.8420360088348389,8772
0.9326026439666748,8771
1.022756576538086,8770
1.113217830657959,8769
1.2035729885101318,8768
1.2951030731201172,8767
1.3849725723266602,8766
1.4722964763641357,8765
1.5598413944244385,8764
1.647310495376587,8763
1.7351975440979004,8762
1.8227925300598145,8761
1.9107556343078613,8760
1.998884916305542,8759
2.086411952972412,8758
2.173895835876465,8757
2.2611918449401855,8756
2.3496968746185303,8755
2.435702085494995,8754
2.5267510414123535,8753
2.6163458824157715,8752
2.7066519260406494,8751
2.797292947769165,8750
2.8876287937164307,8749
2.978297472000122,8748
3.068873167037964,8747
3.1592772006988525,8746
3.2484617233276367,8745
3.337224006652832,8744
3.427924871444702,8743
3.518411874771118,8742
3.6083109378814697,8741
3.6993231773376465,8740
3.7903783321380615,8739
3.8817615509033203,8738
3.973004102706909,8737
4.0643486976623535,8736
4.155333995819092,8735
4.246375322341919,8734
4.33855938911438,8733
4.429647922515869,8732
4.520807266235352,8731
4.612344026565552,8730
4.703730583190918,8729
4.795178174972534,8728
4.888855934143066,8727
4.980016708374023,8726
5.070897102355957,8725
5.161109685897827,8724
5.251322984695435,8723
5.342639684677124,8722
5.433413505554199,8721
5.524136781692505,8720
5.614834785461426,8719
5.7060747146606445,8718
5.796478748321533,8717
5.886908292770386,8716
5.976959943771362,8715
6.065476179122925,8714
6.152999639511108,8713
6.239977836608887,8712
6.328210115432739,8711
6.415587663650513,8710
6.502891540527344,8709
6.590766191482544,8708
6.678142786026001,8707
6.765278339385986,8706
6.852551460266113,8705
6.939798831939697,8704
7.027267694473267,8703
7.112184762954712,8702
7.199880838394165,8701
7.288682460784912,8700
7.376884698867798,8699
7.466505527496338,8698
7.555676460266113,8697
7.6420676708221436,8696
7.730288982391357,8695
7.819507837295532,8694
7.908874273300171,8693
7.995518207550049,8692
8.078048944473267,8691
8.166157484054565,8690
8.25509786605835,8689
8.34516191482544,8688
8.434330701828003,8687
8.521976709365845,8686
8.60925030708313,8685
8.697311878204346,8684
8.786999702453613,8683
8.869935512542725,8682
8.953140020370483,8681
9.036125659942627,8680
9.119028806686401,8679
9.202057838439941,8678
9.28614592552185,8677
9.36908769607544,8676
9.451980113983154,8675
9.534984111785889,8674
9.617981910705566,8673
9.701963186264038,8672
9.78502082824707,8671
9.868083238601685,8670
9.95590591430664,8669
10.043555736541748,8668
10.134462356567383,8667
10.224705934524536,8666
10.315378904342651,8665
10.405369520187378,8664
10.495115041732788,8663
10.585129022598267,8662
10.675188779830933,8661
10.764934778213501,8660
10.854601860046387,8659
10.94449496269226,8658
11.034180641174316,8657
11.123720645904541,8656
11.213318109512329,8655
11.304237365722656,8654
11.393824338912964,8653
11.483593463897705,8652
11.573539733886719,8651
11.663607120513916,8650
11.753409147262573,8649
11.843106746673584,8648
11.93289852142334,8647
12.02264142036438,8646
12.112581729888916,8645
12.202390909194946,8644
12.293219089508057,8643
12.383276462554932,8642
12.473371982574463,8641
12.563279628753662,8640
12.653917074203491,8639
12.745029926300049,8638
12.835776805877686,8637
12.926141500473022,8636
13.016408681869507,8635
13.106948137283325,8634
13.19729495048523,8633
13.288709163665771,8632
13.37921667098999,8631
13.469494819641113,8630
13.56022596359253,8629
13.650571823120117,8628
13.741223812103271,8627
13.832117319107056,8626
13.922033548355103,8625
14.01334261894226,8624
14.102770566940308,8623
14.192246198654175,8622
14.28294849395752,8621
14.372741937637329,8620
14.46235990524292,8619
14.55192494392395,8618
14.641507148742676,8617
14.731576681137085,8616
14.82096004486084,8615
14.913207054138184,8614
15.00276255607605,8613
15.092209100723267,8612
15.181532621383667,8611
15.271492719650269,8610
15.362366914749146,8609
15.45194935798645,8608
15.541519403457642,8607
15.631088733673096,8606
15.718929767608643,8605
15.805454730987549,8604
15.892199516296387,8603
15.978768348693848,8602
16.065625429153442,8601
16.152673482894897,8600
16.23923635482788,8599
16.326938152313232,8598
16.41349196434021,8597
16.49995708465576,8596
16.586533308029175,8595
16.67327642440796,8594
16.758041381835938,8593
16.844448566436768,8592
16.930559158325195,8591
17.016895532608032,8590
17.102957248687744,8589
17.1891770362854,8588
17.275500297546387,8587
17.363024950027466,8586
17.449105739593506,8585
17.535244464874268,8584
17.621246814727783,8583
17.707520961761475,8582
17.793344736099243,8581
17.88177514076233,8580
17.96897578239441,8579
18.055004119873047,8578
18.141040325164795,8577
18.22689652442932,8576
18.313934326171875,8575
18.40008807182312,8574
18.486045360565186,8573
18.571866273880005,8572
18.658072233200073,8571
18.744108200073242,8570
18.83082675933838,8569
18.917004108428955,8568
19.003004789352417,8567
19.089346408843994,8566
19.17452836036682,8565
19.256458282470703,8564
19.344462394714355,8563
19.431294202804565,8562
19.518236875534058,8561
19.6049861907959,8560
19.692904472351074,8559
19.780136823654175,8558
19.867563724517822,8557
19.954837322235107,8556
20.039154529571533,8555
20.124184370040894,8554
20.21028470993042,8553
20.29773449897766,8552
20.383708715438843,8551
20.469484329223633,8550
20.5559663772583,8549
20.642531633377075,8548
20.729480266571045,8547
20.815549612045288,8546
20.901900053024292,8545
20.9875705242157,8544
21.073786973953247,8543
21.15987253189087,8542
21.24723720550537,8541
21.33905792236328,8540
21.428130388259888,8539
21.51737070083618,8538
21.60706877708435,8537
21.697064638137817,8536
21.78703784942627,8535
21.876961708068848,8534
21.966768980026245,8533
22.05681872367859,8532
22.146382808685303,8531
22.23609685897827,8530
22.326882362365723,8529
22.416679620742798,8528
22.506313800811768,8527
22.595858097076416,8526
22.685758113861084,8525
22.77549147605896,8524
22.864884853363037,8523
22.95428776741028,8522
23.04316210746765,8521
23.1320903301239,8520
23.22090458869934,8519
23.310863733291626,8518
23.399670362472534,8517
23.48883318901062,8516
23.577767372131348,8515
23.666612148284912,8514
23.755622625350952,8513
23.844419479370117,8512
23.933459997177124,8511
24.022715091705322,8510
24.111466646194458,8509
24.200825929641724,8508
24.290693283081055,8507
24.379552125930786,8506
24.46859335899353,8505
24.557613134384155,8504
24.646784782409668,8503
24.735843658447266,8502
24.8251314163208,8501
24.916728019714355,8500
25.005615949630737,8499
25.094647645950317,8498
25.183796167373657,8497
25.272751569747925,8496
25.36261487007141,8495
25.451740026474,8494
25.54080104827881,8493
25.630020141601562,8492
25.719375610351562,8491
25.809025049209595,8490
25.89858317375183,8489
25.98769783973694,8488
26.077169179916382,8487
26.16985297203064,8486
26.25970435142517,8485
26.350166082382202,8484
26.439785480499268,8483
26.52948760986328,8482
26.619094610214233,8481
26.708757162094116,8480
26.798336267471313,8479
26.88439679145813,8478
26.970452785491943,8477
27.056622743606567,8476
27.14241862297058,8475
27.228522300720215,8474
27.315669536590576,8473
27.401822090148926,8472
27.487956047058105,8471
27.57400941848755,8470
27.6601083278656,8469
27.74608039855957,8468
27.832123279571533,8467
27.91728639602661,8466
28.00282645225525,8465
28.08828854560852,8464
28.173850059509277,8463
28.25947332382202,8462
28.345977783203125,8461
28.431461334228516,8460
28.516896724700928,8459
28.602380990982056,8458
28.687861680984497,8457
28.773535013198853,8456
28.859001874923706,8455
28.944681644439697,8454
29.032881021499634,8453
29.11826777458191,8452
29.20380401611328,8451
29.290060997009277,8450
29.37544846534729,8449
29.460878133773804,8448
29.54595708847046,8447
29.63141369819641,8446
29.717783212661743,8445
29.803537845611572,8444
29.888497829437256,8443
29.97382140159607,8442
30.05907917022705,8441
30.143009901046753,8440
30.22538948059082,8439
30.31194567680359,8438
30.39756417274475,8437
30.482964754104614,8436
30.568540573120117,8435
30.654104948043823,8434
30.739391803741455,8433
30.824835062026978,8432
30.910091400146484,8431
30.99560570716858,8430
31.08116126060486,8429
31.16670322418213,8428
31.25247550010681,8427
31.3388454914093,8426
31.42427635192871,8425
31.50978922843933,8424
31.595189809799194,8423
31.68077850341797,8422
31.766388416290283,8421
31.851921796798706,8420
31.937629222869873,8419
32.023085832595825,8418
32.1084303855896,8417
32.193681955337524,8416
32.27902007102966,8415
32.36212396621704,8414
32.44464349746704,8413
32.52953624725342,8412
32.61450433731079,8411
32.69972801208496,8410
32.78437376022339,8409
32.86779189109802,8408
32.95053458213806,8407
33.0326406955719,8406
33.11527705192566,8405
33.19856142997742,8404
33.285377502441406,8403
33.37243437767029,8402
33.458555936813354,8401
33.5436577796936,8400
33.62865734100342,8399
33.713650941848755,8398
33.798762798309326,8397
33.883846282958984,8396
33.968836545944214,8395
34.05377960205078,8394
34.13872814178467,8393
34.22348237037659,8392
34.30885171890259,8391
34.39397048950195,8390
34.47878646850586,8389
34.565001249313354,8388
34.65452790260315,8387
34.736738204956055,8386
34.81819009780884,8385
34.90176606178284,8384
34.98340058326721,8383
35.064746141433716,8382
35.145763874053955,8381
35.22697353363037,8380
35.308229207992554,8379
35.38965892791748,8378
35.47065258026123,8377
35.55220031738281,8376
35.63372015953064,8375
35.714786767959595,8374
35.796056032180786,8373
35.88312768936157,8372
35.96805286407471,8371
36.056573152542114,8370
36.145272731781006,8369
36.233750343322754,8368
36.322105407714844,8367
36.410539627075195,8366
36.49888205528259,8365
36.58735775947571,8364
36.676095485687256,8363
36.76452326774597,8362
36.85286569595337,8361
36.94126343727112,8360
37.02968883514404,8359
37.11855125427246,8358
37.20737648010254,8357
37.29528760910034,8356
37.38424277305603,8355
37.47331643104553,8354
37.56224250793457,8353
37.6512668132782,8352
37.74020576477051,8351
37.82910346984863,8350
37.91953420639038,8349
38.0085129737854,8348
38.097569704055786,8347
38.18676424026489,8346
38.275784969329834,8345
38.364405155181885,8344
38.453155517578125,8343
38.54226565361023,8342
38.631080627441406,8341
38.72007131576538,8340
38.80890893936157,8339
38.89793276786804,8338
38.98714733123779,8337
39.07595252990723,8336
39.16471004486084,8335
39.253395080566406,8334
39.34222173690796,8333
39.43161869049072,8332
39.52040219306946,8331
39.60910105705261,8330
39.69863843917847,8329
39.78747606277466,8328
39.87631058692932,8327
39.96518301963806,8326
40.05406856536865,8325
40.142701387405396,8324
40.23186016082764,8323
40.320600748062134,8322
40.409083127975464,8321
40.49776840209961,8320
40.58678483963013,8319
40.675734519958496,8318
40.76443362236023,8317
40.85315752029419,8316
40.94150972366333,8315
41.026493549346924,8314
41.11152672767639,8313
41.19664001464844,8312
41.281558990478516,8311
41.36658263206482,8310
41.451499462127686,8309
41.53650450706482,8308
41.62199091911316,8307
41.70718455314636,8306
41.79241895675659,8305
41.87752056121826,8304
41.96277475357056,8303
42.04715132713318,8302
42.13204622268677,8301
42.21642088890076,8300
42.30099821090698,8299
42.38561677932739,8298
42.46992230415344,8297
42.55425786972046,8296
42.63871884346008,8295
42.723352670669556,8294
42.80792045593262,8293
42.89279913902283,8292
42.977253913879395,8291
43.061720848083496,8290
43.149011850357056,8289
43.234062910079956,8288
43.318851470947266,8287
43.40371775627136,8286
43.487979888916016,8285
43.572322607040405,8284
43.656941175460815,8283
43.74183893203735,8282
43.82628083229065,8281
43.91063570976257,8280
43.995272636413574,8279
44.07973098754883,8278
44.16426229476929,8277
44.248783111572266,8276
44.333617210388184,8275
44.416850090026855,8274
44.49762201309204,8273
44.58285212516785,8272
44.668102502822876,8271
44.75302267074585,8270
44.83835220336914,8269
44.926039695739746,8268
45.01149606704712,8267
45.09669208526611,8266
45.18162226676941,8265
45.264840602874756,8264
45.34830403327942,8263
45.43319249153137,8262
45.51837706565857,8261
45.60322856903076,8260
45.68749928474426,8259
45.77232265472412,8258
45.8572359085083,8257
45.94250440597534,8256
46.02729678153992,8255
46.112069845199585,8254
46.19613695144653,8253
46.28090715408325,8252
46.365925550460815,8251
46.450663566589355,8250
46.53807258605957,8249
46.6252863407135,8248
46.713292598724365,8247
46.80099534988403,8246
46.88870716094971,8245
46.97647452354431,8244
47.06416058540344,8243
47.152116537094116,8242
47.24004149436951,8241
47.32776069641113,8240
47.4153048992157,8239
47.50296902656555,8238
47.59075474739075,8237
47.6787006855011,8236
47.76652908325195,8235
47.855037689208984,8234
47.94263768196106,8233
48.03053331375122,8232
48.11848211288452,8231
48.20633935928345,8230
48.29388475418091,8229
48.381596088409424,8228
48.469409227371216,8227
48.55703616142273,8226
48.64472818374634,8225
48.732712745666504,8224
48.821325063705444,8223
48.90975785255432,8222
48.998241662979126,8221
49.08671951293945,8220
49.17502284049988,8219
49.26336979866028,8218
49.35162973403931,8217
49.440107583999634,8216
49.52842450141907,8215
49.61649036407471,8214
49.7057888507843,8213
49.79416370391846,8212
49.88220262527466,8211
49.97046256065369,8210
50.05875301361084,8209
50.14719247817993,8208
50.23548603057861,8207
50.32332444190979,8206
50.41168284416199,8205
50.4999053478241,8204
50.58811831474304,8203
50.67620515823364,8202
50.76441478729248,8201
50.85265851020813,8200
50.94070482254028,8199
51.02872657775879,8198
51.11756753921509,8197
51.2056200504303,8196
51.29355764389038,8195
51.381388902664185,8194
51.46950626373291,8193
51.55772042274475,8192
51.645843505859375,8191
51.73393511772156,8190
51.81908416748047,8189
51.90353441238403,8188
51.988139152526855,8187
52.07276773452759,8186
52.157171964645386,8185
52.241722106933594,8184
52.326170921325684,8183
52.41037344932556,8182
52.49472093582153,8181
52.579039096832275,8180
52.66359210014343,8179
52.74795436859131,8178
52.8319730758667,8177
52.91580247879028,8176
52.999619245529175,8175
53.08353066444397,8174
53.167320013046265,8173
53.25152373313904,8172
53.33541512489319,8171
53.419347047805786,8170
53.50335907936096,8169
53.5875449180603,8168
53.6712429523468,8167
53.755417346954346,8166
53.839073181152344,8165
53.92488622665405,8164
54.010014295578,8163
54.09380626678467,8162
54.17806649208069,8161
54.261908769607544,8160
54.34616494178772,8159
54.43027973175049,8158
54.51437473297119,8157
54.598188638687134,8156
54.6821186542511,8155
54.76620650291443,8154
54.85260844230652,8153
54.93637943267822,8152
55.02025485038757,8151
55.102681159973145,8150
55.185776233673096,8149
55.27004051208496,8148
55.35434341430664,8147
55.4386830329895,8146
55.52271294593811,8145
55.60677123069763,8144
55.690659284591675,8143
55.774909257888794,8142
55.85899615287781,8141
55.94326949119568,8140
56.02751088142395,8139
56.11155462265015,8138
56.19585919380188,8137
56.27978157997131,8136
56.36374497413635,8135
56.447920083999634,8134
56.53195667266846,8133
56.616018295288086,8132
56.699450969696045,8131
56.78373336791992,8130
56.868038177490234,8129
56.95191502571106,8128
57.03644943237305,8127
57.12062454223633,8126
57.20469427108765,8125
57.28641653060913,8124
57.36695909500122,8123
57.45046138763428,8122
57.533843755722046,8121
57.617191314697266,8120
57.699774980545044,8119
57.7809419631958,8118
57.86148476600647,8117
57.942702293395996,8116
58.02426362037659,8115
58.10755014419556,8114
58.19235825538635,8113
58.27842736244202,8112
58.362451791763306,8111
58.445879220962524,8110
58.52926421165466,8109
58.612842321395874,8108
58.6963574886322,8107
58.78010559082031,8106
58.8636040687561,8105
58.94726324081421,8104
59.03054165840149,8103
59.114295959472656,8102
59.19775152206421,8101
59.281333923339844,8100
59.36482000350952,8099
59.45059943199158,8098
59.53795027732849,8097
59.61793327331543,8096
59.69919300079346,8095
59.77910852432251,8094
59.85861849784851,8093
59.93870186805725,8092
60.019065141677856,8091
60.09893226623535,8090
60.178632497787476,8089
60.25880575180054,8088
60.338706493377686,8087
60.41864514350891,8086
60.49852395057678,8085
60.57829475402832,8084
60.658873081207275,8083
60.74499487876892,8082
60.830761671066284,8081
60.91788935661316,8080
61.00552940368652,8079
61.0927472114563,8078
61.17998790740967,8077
61.26725363731384,8076
61.35419011116028,8075
61.4409339427948,8074
61.527775287628174,8073
61.61407923698425,8072
61.70151424407959,8071
61.78924489021301,8070
61.876821756362915,8069
61.96409010887146,8068
62.051631927490234,8067
62.13915705680847,8066
62.22622060775757,8065
62.313711404800415,8064
62.400829553604126,8063
62.48858976364136,8062
62.576075077056885,8061
62.662943601608276,8060
62.75004267692566,8059
62.83760070800781,8058
62.92480659484863,8057
63.0120644569397,8056
63.09948682785034,8055
63.186397314071655,8054
63.27281832695007,8053
63.35942363739014,8052
63.44566869735718,8051
63.53225374221802,8050
63.61903619766235,8049
63.706358909606934,8048
63.79391646385193,8047
63.88107395172119,8046
63.96864080429077,8045
64.05595898628235,8044
64.14334797859192,8043
64.23062491416931,8042
64.31785869598389,8041
64.4055585861206,8040
64.49313044548035,8039
64.58032393455505,8038
64.66787338256836,8037
64.75504446029663,8036
64.84233379364014,8035
64.93224859237671,8034
65.01963973045349,8033
65.10701775550842,8032
65.19404864311218,8031
65.28109240531921,8030
65.36806058883667,8029
65.45493721961975,8028
65.54204177856445,8027
65.62906122207642,8026
65.71605157852173,8025
65.8019688129425,8024
65.88561153411865,8023
65.96898126602173,8022
66.05244994163513,8021
66.13608050346375,8020
66.21975111961365,8019
66.30348753929138,8018
66.38705492019653,8017
66.47053289413452,8016
66.55436968803406,8015
66.63890290260315,8014
66.72253632545471,8013
66.80639791488647,8012
66.88968968391418,8011
66.972665309906,8010
67.05592775344849,8009
67.13877391815186,8008
67.22205543518066,8007
67.3050103187561,8006
67.38842868804932,8005
67.47155451774597,8004
67.55472874641418,8003
67.63790798187256,8002
67.72083687782288,8001
67.80418372154236,8000
67.88725113868713,7999
67.97268962860107,7998
68.05695605278015,7997
68.14016199111938,7996
68.223468542099,7995
68.3064558506012,7994
68.38967275619507,7993
68.47240948677063,7992
68.5553994178772,7991
68.63837504386902,7990
68.72146940231323,7989
68.80470490455627,7988
68.88803482055664,7987
68.97102284431458,7986
69.05418753623962,7985
69.1373782157898,7984
69.22113561630249,7983
69.30120992660522,7982
69.38245344161987,7981
69.46620059013367,7980
69.54986214637756,7979
69.63355016708374,7978
69.71845698356628,7977
69.80230927467346,7976
69.88615846633911,7975
69.96982169151306,7974
70.05311274528503,7973
70.13451981544495,7972
70.21697950363159,7971
70.30084133148193,7970
70.38446402549744,7969
70.4677221775055,7968
70.55085682868958,7967
70.63422918319702,7966
70.71764206886292,7965
70.80167078971863,7964
70.88488411903381,7963
70.96837043762207,7962
71.05136203765869,7961
71.13460636138916,7960
71.2182388305664,7959
71.3014509677887,7958
71.38806772232056,7957
71.4747519493103,7956
71.56164169311523,7955
71.64880871772766,7954
71.73578691482544,7953
71.82302570343018,7952
71.9104471206665,7951
71.99751687049866,7950
72.08479428291321,7949
72.17192888259888,7948
72.25902795791626,7947
72.34592771530151,7946
72.43285179138184,7945
72.52004981040955,7944
72.60703778266907,7943
72.69400429725647,7942
72.78038191795349,7941
72.867258310318,7940
72.95438766479492,7939
73.0417230129242,7938
73.12898421287537,7937
73.21596765518188,7936
73.30278062820435,7935
73.38960289955139,7934
73.4763753414154,7933
73.56351804733276,7932
73.6504135131836,7931
73.73739433288574,7930
73.82455611228943,7929
73.91167163848877,7928
73.99890923500061,7927
74.085702419281,7926
74.1725161075592,7925
74.25940895080566,7924
74.34610104560852,7923
74.43302726745605,7922
74.5199327468872,7921
74.60665845870972,7920
74.69340419769287,7919
74.78045392036438,7918
74.86996507644653,7917
74.9568738937378,7916
75.04383063316345,7915
75.13094902038574,7914
75.21786546707153,7913
75.30474758148193,7912
75.39139699935913,7911
75.47823643684387,7910
75.56521892547607,7909
75.65232372283936,7908
75.73875212669373,7907
75.82532453536987,7906
75.91194224357605,7905
75.99822425842285,7904
76.08470010757446,7903
76.17137265205383,7902
76.25794625282288,7901
76.34229111671448,7900
76.42528128623962,7899
76.50854825973511,7898
76.59151983261108,7897
76.67511487007141,7896
76.75825810432434,7895
76.8415367603302,7894
76.92485570907593,7893
77.0083794593811,7892
77.09181618690491,7891
77.17504405975342,7890
77.25839710235596,7889
77.34119033813477,7888
77.42408061027527,7887
77.50679349899292,7886
77.58941102027893,7885
77.67200016975403,7884
77.75466060638428,7883
77.83742237091064,7882
77.92012572288513,7881
78.0026535987854,7880
78.08519196510315,7879
78.16783499717712,7878
78.25038433074951,7877
78.33285903930664,7876
78.41562819480896,7875
78.50091171264648,7874
78.58385562896729,7873
78.6665449142456,7872
78.74924421310425,7871
78.8319776058197,7870
78.91447734832764,7869
78.99748969078064,7868
79.0805242061615,7867
79.16312885284424,7866
79.24582743644714,7865
79.32840609550476,7864
79.41134691238403,7863
79.493727684021,7862
79.57632231712341,7861
79.65616655349731,7860
79.73807573318481,7859
79.82091188430786,7858
79.90378141403198,7857
79.98660135269165,7856
80.0698299407959,7855
80.15260720252991,7854
80.23529148101807,7853
80.31783390045166,7852
80.40069794654846,7851
80.483407497406,7850
80.56609535217285,7849
80.64885473251343,7848
80.73176693916321,7847
80.8136899471283,7846
80.8964593410492,7845
80.9790153503418,7844
81.06179666519165,7843
81.14445757865906,7842
81.22707772254944,7841
81.30887484550476,7840
81.39155411720276,7839
81.47422695159912,7838
81.5571014881134,7837
81.63993167877197,7836
81.72267985343933,7835
81.80529808998108,7834
81.8849618434906,7833
81.96413612365723,7832
82.0466661453247,7831
82.12854290008545,7830
82.21097445487976,7829
82.29299640655518,7828
82.37425017356873,7827
82.45460844039917,7826
82.53405618667603,7825
82.61352491378784,7824
82.69412040710449,7823
82.77598977088928,7822
82.85995578765869,7821
82.94389200210571,7820
83.02647042274475,7819
83.10905694961548,7818
83.19131207466125,7817
83.27354598045349,7816
83.35576796531677,7815
83.43788456916809,7814
83.52040576934814,7813
83.6030387878418,7812
83.6852240562439,7811
83.76737833023071,7810
83.84979486465454,7809
83.93199157714844,7808
84.01427054405212,7807
84.10010981559753,7806
84.18542504310608,7805
84.26408886909485,7804
84.34255123138428,7803
84.42129802703857,7802
84.49984121322632,7801
84.57814335823059,7800
84.6567006111145,7799
84.73534345626831,7798
84.81380343437195,7797
84.89468812942505,7796
84.97322154045105,7795
85.05207133293152,7794
85.13073658943176,7793
85.20905923843384,7792
85.28788256645203,7791
85.3725278377533,7790
85.45837140083313,7789
85.54495167732239,7788
85.63142681121826,7787
85.7176501750946,7786
85.80423903465271,7785
85.89074087142944,7784
85.97704815864563,7783
86.06343150138855,7782
86.149489402771,7781
86.235755443573,7780
86.32202696800232,7779
86.40834903717041,7778
86.49475884437561,7777
86.58107686042786,7776
86.66737103462219,7775
86.7538571357727,7774
86.84035611152649,7773
86.92670249938965,7772
87.01298356056213,7771
87.09907865524292,7770
87.18526291847229,7769
87.27162313461304,7768
87.35765147209167,7767
87.44397926330566,7766
87.52996468544006,7765
87.61588859558105,7764
87.70210981369019,7763
87.78874564170837,7762
87.87464332580566,7761
87.96073293685913,7760
88.0470621585846,7759
88.13307285308838,7758
88.21902680397034,7757
88.30539393424988,7756
88.39155673980713,7755
88.47788548469543,7754
88.56426334381104,7753
88.6500825881958,7752
88.73620843887329,7751
88.82257342338562,7750
88.90870714187622,7749
88.99489283561707,7748
89.08099818229675,7747
89.16710591316223,7746
89.25318312644958,7745
89.339350938797,7744
89.42554974555969,7743
89.511403799057,7742
89.59712862968445,7741
89.6829445362091,7740
89.76988625526428,7739
89.85556745529175,7738
89.94170665740967,7737
90.02792692184448,7736
90.11373043060303,7735
90.19946336746216,7734
90.2835590839386,7733
90.36580801010132,7732
90.44819712638855,7731
90.53054594993591,7730
90.61328983306885,7729
90.69558835029602,7728
90.77784729003906,7727
90.86028504371643,7726
90.94270038604736,7725
91.02505540847778,7724
91.10771107673645,7723
91.18995356559753,7722
91.27262330055237,7721
91.35387420654297,7720
91.43547081947327,7719
91.51785683631897,7718
91.5995602607727,7717
91.68191957473755,7716
91.76369524002075,7715
91.84597992897034,7714
91.92778015136719,7713
92.0097599029541,7712
92.09170126914978,7711
92.17340302467346,7710
92.25499963760376,7709
92.33681297302246,7708
92.4201295375824,7707
92.5042872428894,7706
92.5862066745758,7705
92.66840243339539,7704
92.7502326965332,7703
92.83231520652771,7702
92.91430759429932,7701
92.99601101875305,7700
93.07828259468079,7699
93.16026711463928,7698
93.24212193489075,7697
93.32407188415527,7696
93.4062979221344,7695
93.48826122283936,7694
93.57019805908203,7693
93.65241551399231,7692
93.73361253738403,7691
93.81553745269775,7690
93.89809894561768,7689
93.98084568977356,7688
94.06362557411194,7687
94.1462070941925,7686
94.22848200798035,7685
94.31105184555054,7684
94.3934178352356,7683
94.47547745704651,7682
94.55492830276489,7681
94.6372902393341,7680
94.72000050544739,7679
94.80266833305359,7678
94.88783955574036,7677
94.97040390968323,7676
95.05260396003723,7675
95.13526129722595,7674
95.21854496002197,7673
95.30081725120544,7672
95.3831045627594,7671
95.46532154083252,7670
95.5475206375122,7669
95.62974095344543,7668
95.7133104801178,7667
95.7983627319336,7666
95.88313913345337,7665
95.96800136566162,7664
96.05292057991028,7663
96.13794088363647,7662
96.22352504730225,7661
96.30950045585632,7660
96.3951735496521,7659
96.4808292388916,7658
96.56685733795166,7657
96.65305471420288,7656
96.73848867416382,7655
96.82407975196838,7654
96.90937280654907,7653
96.99498438835144,7652
97.08066987991333,7651
97.16591954231262,7650
97.25036692619324,7649
97.33618688583374,7648
97.42174434661865,7647
97.50745987892151,7646
97.59304451942444,7645
97.67878198623657,7644
97.76368808746338,7643
97.84851717948914,7642
97.93306612968445,7641
98.01726770401001,7640
98.10152173042297,7639
98.18693661689758,7638
98.27235245704651,7637
98.35758996009827,7636
98.44276666641235,7635
98.52811479568481,7634
98.61324095726013,7633
98.698557138443,7632
98.7839744091034,7631
98.86944627761841,7630
98.95426440238953,7629
99.03941226005554,7628
99.125,7627
99.21021246910095,7626
99.29566788673401,7625
99.38103079795837,7624
99.46541714668274,7623
99.5502655506134,7622
99.63482618331909,7621
99.72011995315552,7620
99.80448055267334,7619
99.88991951942444,7618
99.9749686717987,7617
100.06014442443848,7616
100.14522910118103,7615
100.23037219047546,7614
100.31566834449768,7613
100.40094900131226,7612
100.48610830307007,7611
100.57115054130554,7610
100.65662288665771,7609
100.74193143844604,7608
100.82733249664307,7607
100.91267728805542,7606
100.99819612503052,7605
101.083167552948,7604
101.16498351097107,7603
101.24688863754272,7602
101.32842540740967,7601
101.41038751602173,7600
101.49227094650269,7599
101.57422685623169,7598
101.65621900558472,7597
101.73794603347778,7596
101.82006096839905,7595
101.90194749832153,7594
101.98360180854797,7593
102.06547045707703,7592
102.14628863334656,7591
102.22791361808777,7590
102.3092851638794,7589
102.39047503471375,7588
102.47185111045837,7587
102.55310273170471,7586
102.63424348831177,7585
102.71566367149353,7584
102.79676699638367,7583
102.87851929664612,7582
102.9596803188324,7581
103.04099702835083,7580
103.12210822105408,7579
103.20325827598572,7578
103.28702735900879,7577
103.36915731430054,7576
103.45056486129761,7575
103.5320634841919,7574
103.61341953277588,7573
103.69500637054443,7572
103.77611708641052,7571
103.85746574401855,7570
103.93851971626282,7569
104.01978015899658,7568
104.1010000705719,7567
104.18213105201721,7566
104.26322937011719,7565
104.34419441223145,7564
104.4246973991394,7563
104.50668549537659,7562
104.58808517456055,7561
104.66935086250305,7560
104.75085353851318,7559
104.83221936225891,7558
104.91631889343262,7557
104.99729919433594,7556
105.0784866809845,7555
105.15998220443726,7554
105.24151992797852,7553
105.32279825210571,7552
105.40430521965027,7551
105.48504447937012,7550
105.56654119491577,7549
105.64829468727112,7548
105.72983455657959,7547
105.81113457679749,7546
105.89235639572144,7545
105.97383284568787,7544
106.05420589447021,7543
106.13545894622803,7542
106.21669030189514,7541
106.29799032211304,7540
106.37939143180847,7539
106.46053338050842,7538
106.54165029525757,7537
106.61977028846741,7536
106.6977322101593,7535
106.77870440483093,7534
106.85931038856506,7533
106.94035124778748,7532
107.02114033699036,7531
107.10144901275635,7530
107.18027830123901,7529
107.25821137428284,7528
107.33609414100647,7527
107.41508269309998,7526
107.49554920196533,7525
107.57791638374329,7524
107.66111135482788,7523
107.74217677116394,7522
107.82321953773499,7521
107.90402960777283,7520
107.98469090461731,7519
108.06563258171082,7518
108.14705085754395,7517
108.22788858413696,7516
108.30858612060547,7515
108.38933038711548,7514
108.47023391723633,7513
108.55108618736267,7512
108.63208365440369,7511
108.71287298202515,7510
108.79395627975464,7509
108.88006353378296,7508
108.95967364311218,7507
109.03634023666382,7506
109.1135733127594,7505
109.19045305252075,7504
109.26732468605042,7503
109.34429287910461,7502
109.42131233215332,7501
109.49802017211914,7500
109.57498025894165,7499
109.65220046043396,7498
109.73047828674316,7497
109.80747985839844,7496
109.88464260101318,7495
109.96172380447388,7494
110.03888750076294,7493
110.12229299545288,7492
110.20367860794067,7491
110.28883361816406,7490
110.37379574775696,7489
110.45883893966675,7488
110.54377603530884,7487
110.6290066242218,7486
110.71364903450012,7485
110.7989571094513,7484
110.88408255577087,7483
110.96901798248291,7482
111.05393242835999,7481
111.13878560066223,7480
111.22376561164856,7479
111.30861854553223,7478
111.39357614517212,7477
111.47851586341858,7476
111.56345725059509,7475
111.64852285385132,7474
111.73354625701904,7473
111.81853866577148,7472
111.90339255332947,7471
111.98822212219238,7470
112.07295489311218,7469
112.15767502784729,7468
112.24259781837463,7467
112.3276686668396,7466
112.41264915466309,7465
112.49769330024719,7464
112.58244514465332,7463
112.66706109046936,7462
112.75189518928528,7461
112.83678817749023,7460
112.92154717445374,7459
113.00644898414612,7458
113.09122633934021,7457
113.1760106086731,7456
113.26056289672852,7455
113.3452730178833,7454
113.42990684509277,7453
113.51436281204224,7452
113.59886813163757,7451
113.68318057060242,7450
113.76759552955627,7449
113.85204911231995,7448
113.93667507171631,7447
114.02118849754333,7446
114.10580611228943,7445
114.19032788276672,7444
114.27490735054016,7443
114.35944652557373,7442
114.44375133514404,7441
114.52824831008911,7440
114.61313581466675,7439
114.6977334022522,7438
114.78243255615234,7437
114.86976647377014,7436
114.95460295677185,7435
115.03810119628906,7434
115.1192102432251,7433
115.20039987564087,7432
115.28142714500427,7431
115.36252975463867,7430
115.44406962394714,7429
115.52541661262512,7428
115.60665535926819,7427
115.68743324279785,7426
115.76831126213074,7425
115.8494188785553,7424
115.93019437789917,7423
116.01111030578613,7422
116.09083914756775,7421
116.17140984535217,7420
116.2518208026886,7419
116.33251810073853,7418
116.41305088996887,7417
116.49344110488892,7416
116.5740613937378,7415
116.65472149848938,7414
116.73519515991211,7413
116.81578397750854,7412
116.89641261100769,7411
116.97710013389587,7410
117.05806875228882,7409
117.13842439651489,7408
117.22129702568054,7407
117.30233407020569,7406
117.38283395767212,7405
117.46377468109131,7404
117.54403162002563,7403
117.6248037815094,7402
117.70506310462952,7401
117.78570508956909,7400
117.8660318851471,7399
117.94641923904419,7398
118.02667498588562,7397
118.10709595680237,7396
118.18763279914856,7395
118.26779890060425,7394
118.34852361679077,7393
118.42931652069092,7392
118.50755906105042,7391
118.58189630508423,7390
118.65913128852844,7389
118.7400894165039,7388
118.82088732719421,7387
118.90187907218933,7386
118.98283863067627,7385
119.0640320777893,7384
119.14494967460632,7383
119.22550678253174,7382
119.30657982826233,7381
119.38622832298279,7380
119.46425604820251,7379
119.54512357711792,7378
119.62589907646179,7377
119.70797634124756,7376
119.78820967674255,7375
119.86897540092468,7374
119.9496796131134,7373
120.03026723861694,7372
120.11148643493652,7371
120.19219732284546,7370
120.27292704582214,7369
120.35281538963318,7368
120.43354105949402,7367
120.51436161994934,7366
120.59496927261353,7365
120.67747926712036,7364
120.76108241081238,7363
120.8447265625,7362
120.92853498458862,7361
121.01269960403442,7360
121.096839427948,7359
121.18157196044922,7358
121.26599431037903,7357
121.35063409805298,7356
121.43505001068115,7355
121.51922535896301,7354
121.60358619689941,7353
121.6881685256958,7352
121.77275037765503,7351
121.85735845565796,7350
121.94158935546875,7349
122.02612161636353,7348
122.1105408668518,7347
122.19481706619263,7346
122.27918648719788,7345
122.3637797832489,7344
122.44795179367065,7343
122.53207635879517,7342
122.61631560325623,7341
122.70066237449646,7340
122.78488826751709,7339
122.86940717697144,7338
122.95370817184448,7337
123.03802943229675,7336
123.12214803695679,7335
123.20647263526917,7334
123.29070854187012,7333
123.37508416175842,7332
123.45929145812988,7331
123.54364514350891,7330
123.62705993652344,7329
123.71098232269287,7328
123.7952733039856,7327
123.87932658195496,7326
123.96341228485107,7325
124.04767680168152,7324
124.13176822662354,7323
124.21624636650085,7322
124.30063772201538,7321
124.38489198684692,7320
124.46901869773865,7319
124.55311417579651,7318
124.63724279403687,7317
124.72145462036133,7316
124.80570912361145,7315
124.89251375198364,7314
124.9769058227539,7313
125.06090092658997,7312
125.14488005638123,7311
125.22909808158875,7310
125.31328058242798,7309
125.3973171710968,7308
125.48131155967712,7307
125.56525325775146,7306
125.6461775302887,7305
125.72690320014954,7304
125.80739665031433,7303
125.88797044754028,7302
125.96847581863403,7301
126.04907059669495,7300
126.1296591758728,7299
126.21037077903748,7298
126.29101395606995,7297
126.37152242660522,7296
126.45207476615906,7295
126.5324957370758,7294
126.61384296417236,7293
126.69320344924927,7292
126.77370119094849,7291
126.85373210906982,7290
126.93372297286987,7289
127.01382946968079,7288
127.09389686584473,7287
127.17421817779541,7286
127.25392127037048,7285
127.3339364528656,7284
127.4140887260437,7283
127.4939968585968,7282
127.57430100440979,7281
127.65428876876831,7280
127.73481512069702,7279
127.81756544113159,7278
127.8975625038147,7277
127.97763013839722,7276
128.0576446056366,7275
128.1374683380127,7274
128.21753120422363,7273
128.2974112033844,7272
128.37754893302917,7271
128.45723581314087,7270
128.53716158866882,7269
128.61709928512573,7268
128.6971480846405,7267
128.7769603729248,7266
128.857036113739,7265
128.93464708328247,7264
129.01147198677063,7263
129.091801404953,7262
129.17219877243042,7261
129.25239253044128,7260
129.33238911628723,7259
129.41239047050476,7258
129.4923713207245,7257
129.5725326538086,7256
129.65250945091248,7255
129.73377227783203,7254
129.81366777420044,7253
129.8938136100769,7252
129.973815202713,7251
130.05391883850098,7250
130.1341197490692,7249
130.21401286125183,7248
130.29410243034363,7247
130.37423968315125,7246
130.4543912410736,7245
130.53441643714905,7244
130.61347317695618,7243
130.6936137676239,7242
130.77347779273987,7241
130.85347628593445,7240
130.9334716796875,7239
131.0134253501892,7238
131.093120098114,7237
131.1687207221985,7236
131.24650883674622,7235
131.326110124588,7234
131.40569281578064,7233
131.48530292510986,7232
131.5642647743225,7231
131.64241409301758,7230
131.71953511238098,7229
131.796546459198,7228
131.8733835220337,7227
131.95140624046326,7226
132.0315124988556,7225
132.11319303512573,7224
132.1946108341217,7223
132.2742326259613,7222
132.35373830795288,7221
132.4334797859192,7220
132.51313185691833,7219
132.5925908088684,7218
132.67218041419983,7217
132.75179243087769,7216
132.83075094223022,7215
132.91022849082947,7214
132.98980331420898,7213
133.06935811042786,7212
133.14925813674927,7211
133.22903156280518,7210
133.31007194519043,7209
133.39515948295593,7208
133.47115802764893,7207
133.5469195842743,7206
133.62252640724182,7205
133.6981122493744,7204
133.77377438545227,7203
133.84904026985168,7202
133.92448949813843,7201
134.00106501579285,7200
134.07644152641296,7199
134.15186309814453,7198
134.22732782363892,7197
134.30265355110168,7196
134.3780026435852,7195
134.4533929824829,7194
134.52897691726685,7193
134.6110761165619,7192
134.69178414344788,7191
134.77478790283203,7190
134.86035895347595,7189
134.94378972053528,7188
135.02732920646667,7187
135.11101245880127,7186
135.1945095062256,7185
135.27774453163147,7184
135.36109375953674,7183
135.44450902938843,7182
135.52785444259644,7181
135.61129784584045,7180
135.69441103935242,7179
135.7775011062622,7178
135.8608820438385,7177
135.94396471977234,7176
136.02705550193787,7175
136.11015796661377,7174
136.19340205192566,7173
136.27617168426514,7172
136.35878610610962,7171
136.4411461353302,7170
136.52307033538818,7169
136.60496759414673,7168
136.6882791519165,7167
136.77170181274414,7166
136.8551607131958,7165
136.93808031082153,7164
137.02160501480103,7163
137.1047420501709,7162
137.18807363510132,7161
137.271320104599,7160
137.35477948188782,7159
137.43831944465637,7158
137.52097392082214,7157
137.6039755344391,7156
137.68711018562317,7155
137.76994013786316,7154
137.85344672203064,7153
137.93650007247925,7152
138.01896619796753,7151
138.1014211177826,7150
138.1836817264557,7149
138.26569509506226,7148
138.34786128997803,7147
138.43099641799927,7146
138.51414322853088,7145
138.5966682434082,7144
138.67933750152588,7143
138.7623131275177,7142
138.8457567691803,7141
138.92904615402222,7140
139.01247835159302,7139
139.09515500068665,7138
139.17810106277466,7137
139.2615008354187,7136
139.34454369544983,7135
139.4279544353485,7134
139.51096367835999,7133
139.59350085258484,7132
139.675785779953,7131
139.75930547714233,7130
139.84189343452454,7129
139.92427158355713,7128
140.0044777393341,7127
140.0840606689453,7126
140.16376042366028,7125
140.2435314655304,7124
140.3233573436737,7123
140.40312838554382,7122
140.4829294681549,7121
140.5625982284546,7120
140.6425485610962,7119
140.72248363494873,7118
140.8020715713501,7117
140.88190603256226,7116
140.96181964874268,7115
141.0408170223236,7114
141.11995315551758,7113
141.19969630241394,7112
141.27874946594238,7111
141.35814595222473,7110
141.4371747970581,7109
141.5162308216095,7108
141.59596276283264,7107
141.67533349990845,7106
141.7546513080597,7105
141.83395385742188,7104
141.91330933570862,7103
141.99250316619873,7102
142.07174134254456,7101
142.15368247032166,7100
142.23332834243774,7099
142.31242561340332,7098
142.39165019989014,7097
142.47070407867432,7096
142.54987835884094,7095
142.6290318965912,7094
142.70822477340698,7093
142.78716397285461,7092
142.86653470993042,7091
142.94562363624573,7090
143.02483320236206,7089
143.1039788722992,7088
143.1831910610199,7087
143.26298260688782,7086
143.34276795387268,7085
143.42054152488708,7084
143.4988272190094,7083
143.57850575447083,7082
143.65848922729492,7081
143.7384476661682,7080
143.8183627128601,7079
143.8977620601654,7078
143.97761940956116,7077
144.0573182106018,7076
144.1372938156128,7075
144.21528840065002,7074
144.2927384376526,7073
144.37263655662537,7072
144.45233154296875,7071
144.53246688842773,7070
144.61131024360657,7069
144.69069266319275,7068
144.77011394500732,7067
144.8524031639099,7066
144.93691968917847,7065
145.01932096481323,7064
145.10206365585327,7063
145.18460512161255,7062
145.26422476768494,7061
145.3437385559082,7060
145.42399835586548,7059
145.50589036941528,7058
145.58849167823792,7057
145.6743791103363,7056
145.7568395137787,7055
145.83970141410828,7054
145.92232990264893,7053
146.01074600219727,7052
146.09349918365479,7051
146.17618370056152,7050
146.26186752319336,7049
262.4935693740845,7048
