0.41667795181274414,11260
0.5060622692108154,11259
0.5948903560638428,11258
0.6823968887329102,11257
0.7696082592010498,11256
0.8567557334899902,11255
0.9446210861206055,11254
1.0321698188781738,11253
1.1199965476989746,11252
1.2064595222473145,11251
1.293877124786377,11250
1.3882369995117188,11249
1.475029706954956,11248
1.5639595985412598,11247
1.6522603034973145,11246
1.7396266460418701,11245
1.82767653465271,11244
1.9153010845184326,11243
2.0020999908447266,11242
2.0887019634246826,11241
2.180640697479248,11240
2.272554874420166,11239
2.3600046634674072,11238
2.446763277053833,11237
2.533376693725586,11236
2.621145486831665,11235
2.708111524581909,11234
2.7950780391693115,11233
2.8824381828308105,11232
2.9700591564178467,11231
3.0608458518981934,11230
3.1540451049804688,11229
3.2514662742614746,11228
3.3435685634613037,11227
3.4314115047454834,11226
3.5182292461395264,11225
3.606030225753784,11224
3.6931374073028564,11223
3.7810487747192383,11222
3.868119478225708,11221
3.9576494693756104,11220
4.045567035675049,11219
4.132485389709473,11218
4.219878911972046,11217
4.306976795196533,11216
4.401183128356934,11215
4.487926244735718,11214
4.574976444244385,11213
4.662214279174805,11212
4.749332427978516,11211
4.8361687660217285,11210
4.923168420791626,11209
5.009672403335571,11208
5.096376419067383,11207
5.182655096054077,11206
5.269686937332153,11205
5.3564887046813965,11204
5.4429826736450195,11203
5.5295326709747314,11202
5.617395639419556,11201
5.704573392868042,11200
5.792072772979736,11199
5.878945589065552,11198
5.965815544128418,11197
6.052155494689941,11196
6.138409614562988,11195
6.224911689758301,11194
6.311765909194946,11193
6.398392915725708,11192
6.48464035987854,11191
6.5718183517456055,11190
6.659335136413574,11189
6.754586458206177,11188
6.84457540512085,11187
6.933379650115967,11186
7.020623683929443,11185
7.107493162155151,11184
7.194066286087036,11183
7.281406879425049,11182
7.368525505065918,11181
7.455085277557373,11180
7.541547060012817,11179
7.629349231719971,11178
7.717767953872681,11177
7.814270257949829,11176
7.903734922409058,11175
7.993063449859619,11174
8.083320379257202,11173
8.17290449142456,11172
8.262546062469482,11171
8.352162599563599,11170
8.441749095916748,11169
8.531204462051392,11168
8.621591806411743,11167
8.709911346435547,11166
8.799338340759277,11165
8.889209508895874,11164
8.976297855377197,11163
9.06300139427185,11162
9.156262874603271,11161
9.244266033172607,11160
9.33103346824646,11159
9.417557716369629,11158
9.503924369812012,11157
9.591452836990356,11156
9.679563522338867,11155
9.767467737197876,11154
9.854383945465088,11153
9.950232028961182,11152
10.044801950454712,11151
10.1322340965271,11150
10.218848466873169,11149
10.305858373641968,11148
10.392597436904907,11147
10.478893756866455,11146
10.56495451927185,11145
10.652639389038086,11144
10.739383220672607,11143
10.826212882995605,11142
10.913126230239868,11141
10.99967360496521,11140
11.085798978805542,11139
11.171676635742188,11138
11.257874727249146,11137
11.344364166259766,11136
11.430866718292236,11135
11.517058610916138,11134
11.604149580001831,11133
11.690840721130371,11132
11.777830362319946,11131
11.866226196289062,11130
11.956061840057373,11129
12.045376777648926,11128
12.134640216827393,11127
12.223904609680176,11126
12.313352584838867,11125
12.40249252319336,11124
12.491742610931396,11123
12.580987453460693,11122
12.669695138931274,11121
12.758147239685059,11120
12.845536708831787,11119
12.933160781860352,11118
13.02018690109253,11117
13.10767388343811,11116
13.194905042648315,11115
13.283729553222656,11114
13.372602224349976,11113
13.459437608718872,11112
13.54555606842041,11111
13.632844686508179,11110
13.720341682434082,11109
13.807721376419067,11108
13.894261360168457,11107
13.980721473693848,11106
14.066758155822754,11105
14.15265154838562,11104
14.245254755020142,11103
14.336838245391846,11102
14.424119472503662,11101
14.510281801223755,11100
14.597050666809082,11099
14.684151411056519,11098
14.770902633666992,11097
14.857419729232788,11096
14.944267749786377,11095
15.030489921569824,11094
15.116370439529419,11093
15.202186346054077,11092
15.288429498672485,11091
15.375054121017456,11090
15.461134195327759,11089
15.546924352645874,11088
15.633851051330566,11087
15.72054123878479,11086
15.807435512542725,11085
15.89428973197937,11084
15.981934547424316,11083
16.069252252578735,11082
16.156591415405273,11081
16.243952989578247,11080
16.331566333770752,11079
16.418951749801636,11078
16.505598783493042,11077
16.592670679092407,11076
16.68010640144348,11075
16.76650595664978,11074
16.860259532928467,11073
16.94862723350525,11072
17.034838438034058,11071
17.121111631393433,11070
17.20742416381836,11069
17.29385781288147,11068
17.383605241775513,11067
17.471013069152832,11066
17.557955026626587,11065
17.64608931541443,11064
17.73388981819153,11063
17.827229261398315,11062
17.915104389190674,11061
18.00140643119812,11060
18.087252140045166,11059
18.17410683631897,11058
18.270754098892212,11057
18.360578775405884,11056
18.44755744934082,11055
18.535091161727905,11054
18.622738122940063,11053
18.71109127998352,11052
18.80089282989502,11051
18.891307830810547,11050
18.977911472320557,11049
19.06405520439148,11048
19.15001678466797,11047
19.236406087875366,11046
19.32290816307068,11045
19.409595251083374,11044
19.49586534500122,11043
19.5817129611969,11042
19.671077489852905,11041
19.759485721588135,11040
19.846131801605225,11039
19.932750463485718,11038
20.027703046798706,11037
20.119892597198486,11036
20.20667600631714,11035
20.29310369491577,11034
20.3796067237854,11033
20.465525150299072,11032
20.551560401916504,11031
20.638550519943237,11030
20.725484609603882,11029
20.811734437942505,11028
20.89984440803528,11027
20.986076593399048,11026
21.072227954864502,11025
21.15814709663391,11024
21.244475841522217,11023
21.330620765686035,11022
21.41674780845642,11021
21.50303840637207,11020
21.58900475502014,11019
21.676316738128662,11018
21.762847661972046,11017
21.84988021850586,11016
21.938281297683716,11015
22.026010751724243,11014
22.11297369003296,11013
22.19961667060852,11012
22.286922693252563,11011
22.37423586845398,11010
22.461414337158203,11009
22.54820704460144,11008
22.63575053215027,11007
22.722636461257935,11006
22.808690071105957,11005
22.89496159553528,11004
22.981245040893555,11003
23.067065238952637,11002
23.15275263786316,11001
23.2386531829834,11000
23.325000286102295,10999
23.41420269012451,10998
23.500262022018433,10997
23.58621072769165,10996
23.673591375350952,10995
23.76077437400818,10994
23.84864044189453,10993
23.93596911430359,10992
24.022220373153687,10991
24.108242988586426,10990
24.193984985351562,10989
24.28243374824524,10988
24.36945652961731,10987
24.455392122268677,10986
24.541138887405396,10985
24.627285957336426,10984
24.71449565887451,10983
24.80124020576477,10982
24.887518405914307,10981
24.973940134048462,10980
25.05987286567688,10979
25.145687103271484,10978
25.232202768325806,10977
25.32893466949463,10976
25.42009472846985,10975
25.50645351409912,10974
25.59248447418213,10973
25.679795026779175,10972
25.76651692390442,10971
25.852628231048584,10970
25.9402596950531,10969
26.027214527130127,10968
26.113699197769165,10967
26.200342416763306,10966
26.2876398563385,10965
26.374751329421997,10964
26.462591886520386,10963
26.55135941505432,10962
26.64031147956848,10961
26.72881531715393,10960
26.81592893600464,10959
26.90385627746582,10958
26.991107940673828,10957
27.07799220085144,10956
27.164511680603027,10955
27.25122833251953,10954
27.33746027946472,10953
27.423348665237427,10952
27.509177923202515,10951
27.59487771987915,10950
27.681947469711304,10949
27.768707990646362,10948
27.85917901992798,10947
27.94657015800476,10946
28.032607078552246,10945
28.118351697921753,10944
28.203935861587524,10943
28.290013551712036,10942
28.376089096069336,10941
28.462193727493286,10940
28.54780101776123,10939
28.63366723060608,10938
28.7212233543396,10937
28.80890703201294,10936
28.90163278579712,10935
28.988810777664185,10934
29.075241088867188,10933
29.16660165786743,10932
29.255539417266846,10931
29.341625928878784,10930
29.427512884140015,10929
29.513397932052612,10928
29.59931254386902,10927
29.68646001815796,10926
29.773879289627075,10925
29.862616777420044,10924
29.95397925376892,10923
30.044216632843018,10922
30.1419415473938,10921
30.231889724731445,10920
30.319409370422363,10919
30.405988216400146,10918
30.491862535476685,10917
30.57760238647461,10916
30.66449737548828,10915
30.751569032669067,10914
30.837389707565308,10913
30.923691987991333,10912
31.009702444076538,10911
31.09588646888733,10910
31.181576013565063,10909
31.26797342300415,10908
31.35433578491211,10907
31.440581798553467,10906
31.52695083618164,10905
31.612765550613403,10904
31.700029373168945,10903
31.786970376968384,10902
31.873908042907715,10901
31.96069025993347,10900
32.046276569366455,10899
32.13225507736206,10898
32.21858024597168,10897
32.304760456085205,10896
32.390817403793335,10895
32.476890563964844,10894
32.562777042388916,10893
32.64867830276489,10892
32.73631453514099,10891
32.82248568534851,10890
32.90892171859741,10889
32.99503779411316,10888
33.08087992668152,10887
33.16666102409363,10886
33.2537841796875,10885
33.34013533592224,10884
33.42951011657715,10883
33.516976833343506,10882
33.6039354801178,10881
33.691492795944214,10880
33.77893018722534,10879
33.86510515213013,10878
33.95192551612854,10877
34.039386510849,10876
34.125773191452026,10875
34.21163034439087,10874
34.2981436252594,10873
34.38397192955017,10872
34.46968483924866,10871
34.55548572540283,10870
34.6410596370697,10869
34.728588819503784,10868
34.81488656997681,10867
34.90326452255249,10866
34.99066758155823,10865
35.0772008895874,10864
35.162787199020386,10863
35.24867653846741,10862
35.33715891838074,10861
35.424262285232544,10860
35.51135015487671,10859
35.59909915924072,10858
35.6920747756958,10857
35.78023171424866,10856
35.86618375778198,10855
35.95358109474182,10854
36.03940224647522,10853
36.12516975402832,10852
36.21055221557617,10851
36.29803705215454,10850
36.394192934036255,10849
36.483211278915405,10848
36.570141553878784,10847
36.657538175582886,10846
36.745747089385986,10845
36.83220386505127,10844
36.92028069496155,10843
37.00726795196533,10842
37.094178915023804,10841
37.18206429481506,10840
37.26943850517273,10839
37.35707688331604,10838
37.444353342056274,10837
37.53309750556946,10836
37.62093377113342,10835
37.70893836021423,10834
37.796186208724976,10833
37.88212871551514,10832
37.96995282173157,10831
38.05670356750488,10830
38.14357352256775,10829
38.23044419288635,10828
38.317365646362305,10827
38.40433621406555,10826
38.490142583847046,10825
38.576088428497314,10824
38.662091970443726,10823
38.750011682510376,10822
38.83914375305176,10821
38.926822662353516,10820
39.012805700302124,10819
39.098838567733765,10818
39.18454909324646,10817
39.27073669433594,10816
39.35730504989624,10815
39.44324541091919,10814
39.52892279624939,10813
39.61436653137207,10812
39.70206260681152,10811
39.78938961029053,10810
39.87601971626282,10809
39.97149658203125,10808
40.05824041366577,10807
40.151983976364136,10806
40.24367952346802,10805
40.331040143966675,10804
40.41813063621521,10803
40.504552602767944,10802
40.5899760723114,10801
40.676618576049805,10800
40.76402926445007,10799
40.84962868690491,10798
40.93943405151367,10797
41.032572507858276,10796
41.12031078338623,10795
41.20586538314819,10794
41.291977405548096,10793
41.377724409103394,10792
41.46367907524109,10791
41.54922389984131,10790
41.63469219207764,10789
41.72179675102234,10788
41.80810832977295,10787
41.895437240600586,10786
41.98313021659851,10785
42.06994581222534,10784
42.156243562698364,10783
42.243234634399414,10782
42.330140590667725,10781
42.41693639755249,10780
42.50514817237854,10779
42.59346032142639,10778
42.680235862731934,10777
42.76760935783386,10776
42.85331463813782,10775
42.9401957988739,10774
43.02690672874451,10773
43.11333203315735,10772
43.1996705532074,10771
43.286763191223145,10770
43.374372482299805,10769
43.46245193481445,10768
43.54835748672485,10767
43.633851051330566,10766
43.72088432312012,10765
43.80757021903992,10764
43.893611907958984,10763
43.97963881492615,10762
44.06516361236572,10761
44.15076041221619,10760
44.236756324768066,10759
44.322434186935425,10758
44.40804934501648,10757
44.49366784095764,10756
44.57902646064758,10755
44.66454768180847,10754
44.75238251686096,10753
44.8381826877594,10752
44.92445373535156,10751
45.01041054725647,10750
45.09600639343262,10749
45.181344985961914,10748
45.26680016517639,10747
45.35220694541931,10746
45.437580585479736,10745
45.52279472351074,10744
45.608057498931885,10743
45.69485282897949,10742
45.781996726989746,10741
45.867621421813965,10740
45.95363450050354,10739
46.039088010787964,10738
46.12458682060242,10737
46.20983338356018,10736
46.29542827606201,10735
46.38331651687622,10734
46.46973371505737,10733
46.554967403411865,10732
46.63998746871948,10731
46.72731828689575,10730
46.81476879119873,10729
46.90132522583008,10728
46.9871563911438,10727
47.072630882263184,10726
47.158214807510376,10725
47.24454379081726,10724
47.331387996673584,10723
47.42674446105957,10722
47.517733335494995,10721
47.60465884208679,10720
47.691638469696045,10719
47.78030276298523,10718
47.86838984489441,10717
47.95727491378784,10716
48.043670415878296,10715
48.13018584251404,10714
48.21845078468323,10713
48.30518341064453,10712
48.39099717140198,10711
48.476900577545166,10710
48.562267541885376,10709
48.647369146347046,10708
48.73487162590027,10707
48.82615065574646,10706
48.92339754104614,10705
49.00985360145569,10704
49.09653902053833,10703
49.1838915348053,10702
49.26970887184143,10701
49.35529804229736,10700
49.44800615310669,10699
49.53580570220947,10698
49.62167572975159,10697
49.70912575721741,10696
49.79666495323181,10695
49.882808685302734,10694
49.96946167945862,10693
50.05480647087097,10692
50.140299797058105,10691
50.23498582839966,10690
50.34909725189209,10689
50.45020365715027,10688
50.54801344871521,10687
50.65028500556946,10686
50.75068783760071,10685
50.847883224487305,10684
50.94599223136902,10683
51.054346799850464,10682
51.153292179107666,10681
51.25021481513977,10680
51.347493410110474,10679
51.44497752189636,10678
51.5422101020813,10677
51.63902759552002,10676
51.73591876029968,10675
51.832659006118774,10674
51.93252491950989,10673
52.03811502456665,10672
52.14172434806824,10671
52.24150109291077,10670
52.339101791381836,10669
52.43704795837402,10668
52.53503751754761,10667
52.63177275657654,10666
52.729740858078,10665
52.82849407196045,10664
52.92564344406128,10663
53.02310800552368,10662
53.11983299255371,10661
53.216472148895264,10660
53.313689947128296,10659
53.41400408744812,10658
53.51638054847717,10657
53.61580228805542,10656
53.71726107597351,10655
53.81881308555603,10654
53.92370629310608,10653
54.023672103881836,10652
54.12371063232422,10651
54.22212100028992,10650
54.32331037521362,10649
54.422383308410645,10648
54.522701025009155,10647
54.625561475753784,10646
54.72483944892883,10645
54.823949575424194,10644
54.922709941864014,10643
55.020424127578735,10642
55.118358850479126,10641
55.21624302864075,10640
55.314454793930054,10639
55.412888526916504,10638
55.51480674743652,10637
55.61335563659668,10636
55.711050271987915,10635
55.811026096343994,10634
55.9128999710083,10633
56.017860889434814,10632
56.11684012413025,10631
56.21432375907898,10630
56.31145358085632,10629
56.408387660980225,10628
56.50737476348877,10627
56.605056047439575,10626
56.70441293716431,10625
56.80365562438965,10624
56.90397047996521,10623
57.00543546676636,10622
57.103662729263306,10621
57.2016077041626,10620
57.300827980041504,10619
57.403220415115356,10618
57.51092219352722,10617
57.6100959777832,10616
57.70752191543579,10615
57.80562496185303,10614
57.91165518760681,10613
58.013128995895386,10612
58.11170268058777,10611
58.209672927856445,10610
58.307257890701294,10609
58.407291650772095,10608
58.51616096496582,10607
58.615888357162476,10606
58.714184045791626,10605
58.81303000450134,10604
58.91278290748596,10603
59.011147022247314,10602
59.10886549949646,10601
59.20877742767334,10600
59.30887269973755,10599
59.408037424087524,10598
59.507455587387085,10597
59.605934858322144,10596
59.70764422416687,10595
59.80711817741394,10594
59.905452489852905,10593
60.004942178726196,10592
60.10363531112671,10591
60.20227789878845,10590
60.304917335510254,10589
60.40372061729431,10588
60.50334405899048,10587
60.60165095329285,10586
60.69905161857605,10585
60.79690456390381,10584
60.89411687850952,10583
60.991562843322754,10582
61.0898494720459,10581
61.18913459777832,10580
61.28884959220886,10579
61.38723015785217,10578
61.48651385307312,10577
61.584041357040405,10576
61.68251371383667,10575
61.78164601325989,10574
61.88162279129028,10573
61.98161602020264,10572
62.091487407684326,10571
62.194058656692505,10570
62.2921621799469,10569
62.39012050628662,10568
62.48943495750427,10567
62.58817386627197,10566
62.68864369392395,10565
62.78821897506714,10564
62.886144399642944,10563
62.98420763015747,10562
63.0943808555603,10561
63.203842639923096,10560
63.30521202087402,10559
63.40327858924866,10558
63.50830578804016,10557
63.60787630081177,10556
63.706101179122925,10555
63.804993629455566,10554
63.90399432182312,10553
64.00360226631165,10552
64.10513997077942,10551
64.20569610595703,10550
64.30500626564026,10549
64.40205645561218,10548
64.50029587745667,10547
64.5977201461792,10546
64.69485926628113,10545
64.79362416267395,10544
64.89472818374634,10543
64.99657344818115,10542
65.0962393283844,10541
65.19421076774597,10540
65.29227066040039,10539
65.39049410820007,10538
65.48961138725281,10537
65.58780694007874,10536
65.68688249588013,10535
65.78603982925415,10534
65.88445281982422,10533
65.98179006576538,10532
66.07893085479736,10531
66.1766939163208,10530
66.27370285987854,10529
66.37182879447937,10528
66.47029685974121,10527
66.56817579269409,10526
66.66594243049622,10525
66.76369190216064,10524
66.86105871200562,10523
66.96494698524475,10522
67.06874918937683,10521
67.1687605381012,10520
67.26698780059814,10519
67.36494326591492,10518
67.46329760551453,10517
67.56089043617249,10516
67.65927767753601,10515
67.75698018074036,10514
67.85584259033203,10513
67.95296549797058,10512
68.05013108253479,10511
68.14693641662598,10510
68.24453377723694,10509
68.34236025810242,10508
68.44767236709595,10507
68.5542094707489,10506
68.65741300582886,10505
68.75871324539185,10504
68.86194062232971,10503
68.9623749256134,10502
69.06160736083984,10501
69.16009545326233,10500
69.25866794586182,10499
69.35732960700989,10498
69.45765733718872,10497
69.56737160682678,10496
69.6684238910675,10495
69.76804661750793,10494
69.8668646812439,10493
69.96437287330627,10492
70.06155347824097,10491
70.15853810310364,10490
70.25536108016968,10489
70.35804009437561,10488
70.4597601890564,10487
70.55835509300232,10486
70.65577435493469,10485
70.75339698791504,10484
70.85140419006348,10483
70.94828224182129,10482
71.04511952400208,10481
71.14231967926025,10480
71.2391402721405,10479
71.33534836769104,10478
71.43213176727295,10477
71.53044056892395,10476
71.62804341316223,10475
71.72806811332703,10474
71.82657146453857,10473
71.92704653739929,10472
72.02758765220642,10471
72.12665319442749,10470
72.22519326210022,10469
72.32212519645691,10468
72.42071866989136,10467
72.51986980438232,10466
72.61845922470093,10465
72.71647143363953,10464
72.81450486183167,10463
72.91326117515564,10462
73.01387023925781,10461
73.11909770965576,10460
73.22325372695923,10459
73.32194566726685,10458
73.41990923881531,10457
73.525465965271,10456
73.62479448318481,10455
73.7227737903595,10454
73.82189536094666,10453
73.92406582832336,10452
74.02457928657532,10451
74.12602066993713,10450
74.233966588974,10449
74.33609676361084,10448
74.43556904792786,10447
74.53466200828552,10446
74.63277435302734,10445
74.73143887519836,10444
74.8299663066864,10443
74.92813968658447,10442
75.02648544311523,10441
75.12317323684692,10440
75.22101902961731,10439
75.31880784034729,10438
75.41661524772644,10437
75.5158462524414,10436
75.6150450706482,10435
75.71217346191406,10434
75.81033873558044,10433
75.90795469284058,10432
76.00519680976868,10431
76.10326981544495,10430
76.19999146461487,10429
76.29689145088196,10428
76.3946795463562,10427
76.49315881729126,10426
76.59038543701172,10425
76.68800711631775,10424
76.78565168380737,10423
76.88699412345886,10422
76.98679852485657,10421
77.08594918251038,10420
77.184157371521,10419
77.28289294242859,10418
77.38321185112,10417
77.48210906982422,10416
77.58014225959778,10415
77.67945909500122,10414
77.77802896499634,10413
77.87664818763733,10412
77.97440671920776,10411
78.07228255271912,10410
78.17018628120422,10409
78.26862978935242,10408
78.36653017997742,10407
78.46368384361267,10406
78.56331205368042,10405
78.66140699386597,10404
78.75948143005371,10403
78.85879325866699,10402
78.95852279663086,10401
79.05612683296204,10400
79.15351581573486,10399
79.25166964530945,10398
79.3528573513031,10397
79.45309329032898,10396
79.55220198631287,10395
79.65000629425049,10394
79.74936580657959,10393
79.85127902030945,10392
79.95050764083862,10391
80.05030632019043,10390
80.15181398391724,10389
80.25326299667358,10388
80.35533022880554,10387
80.48254060745239,10386
80.57967209815979,10385
80.66695594787598,10384
80.7514066696167,10383
80.83662247657776,10382
80.92031145095825,10381
81.00383377075195,10380
81.08756875991821,10379
81.17080450057983,10378
81.25425100326538,10377
81.33723616600037,10376
81.42076063156128,10375
81.50451588630676,10374
81.58763027191162,10373
81.67091870307922,10372
81.75465416908264,10371
81.84012341499329,10370
81.92484259605408,10369
82.00889921188354,10368
82.09265494346619,10367
82.17629981040955,10366
82.26004910469055,10365
82.34328508377075,10364
82.4266848564148,10363
82.51013588905334,10362
82.59332346916199,10361
82.67661380767822,10360
82.76018023490906,10359
82.84531950950623,10358
82.92922496795654,10357
83.01317715644836,10356
83.09709596633911,10355
83.18073272705078,10354
83.26496505737305,10353
83.3485586643219,10352
83.43336224555969,10351
83.51973819732666,10350
83.60314607620239,10349
83.6864607334137,10348
83.77206063270569,10347
83.86033415794373,10346
83.94710636138916,10345
84.03371691703796,10344
84.12016296386719,10343
84.21091341972351,10342
84.29836773872375,10341
84.38473057746887,10340
84.47104668617249,10339
84.55780935287476,10338
84.64705324172974,10337
84.73243069648743,10336
84.81839799880981,10335
84.90408372879028,10334
84.9906394481659,10333
85.07671356201172,10332
85.16088438034058,10331
85.25144839286804,10330
85.3361611366272,10329
85.41977071762085,10328
85.50318908691406,10327
85.58622932434082,10326
85.66940522193909,10325
85.75289177894592,10324
85.83781695365906,10323
85.92140603065491,10322
86.0047435760498,10321
86.08775734901428,10320
86.17066383361816,10319
86.25385093688965,10318
86.33673000335693,10317
86.42239379882812,10316
86.51495456695557,10315
86.59999990463257,10314
86.68333911895752,10313
86.76659870147705,10312
86.85080194473267,10311
86.93530035018921,10310
87.01898860931396,10309
87.10205602645874,10308
87.18526649475098,10307
87.26866579055786,10306
87.3518762588501,10305
87.43491268157959,10304
87.51836776733398,10303
87.6012454032898,10302
87.68411326408386,10301
87.76870656013489,10300
87.85285878181458,10299
87.93829941749573,10298
88.02254939079285,10297
88.10568165779114,10296
88.18849492073059,10295
88.27234673500061,10294
88.35587573051453,10293
88.43931913375854,10292
88.52255463600159,10291
88.60530185699463,10290
88.68819904327393,10289
88.7724437713623,10288
88.85766983032227,10287
88.94167804718018,10286
89.02571654319763,10285
89.10962510108948,10284
89.1924192905426,10283
89.27565717697144,10282
89.35833477973938,10281
89.4414451122284,10280
89.5243878364563,10279
89.60709691047668,10278
89.69027996063232,10277
89.77557468414307,10276
89.86029529571533,10275
89.9444682598114,10274
90.02751564979553,10273
90.11068415641785,10272
90.19341135025024,10271
90.27652430534363,10270
90.35917210578918,10269
90.44943070411682,10268
90.54231929779053,10267
90.62747931480408,10266
90.71098446846008,10265
90.79429841041565,10264
90.87883877754211,10263
90.96441841125488,10262
91.05131483078003,10261
91.13599872589111,10260
91.21920967102051,10259
91.30233263969421,10258
91.38528609275818,10257
91.46835565567017,10256
91.55379700660706,10255
91.64597129821777,10254
91.73029446601868,10253
91.81489968299866,10252
91.8991346359253,10251
91.98329639434814,10250
92.06737685203552,10249
92.15127539634705,10248
92.23483967781067,10247
92.31793570518494,10246
92.40103507041931,10245
92.48374724388123,10244
92.56694006919861,10243
92.6494562625885,10242
92.73266983032227,10241
92.81638312339783,10240
92.90023565292358,10239
92.98344278335571,10238
93.06702709197998,10237
93.15024757385254,10236
93.23295283317566,10235
93.31745934486389,10234
93.40049600601196,10233
93.48570251464844,10232
93.57005906105042,10231
93.65284395217896,10230
93.73631477355957,10229
93.82055187225342,10228
93.90452289581299,10227
93.98892641067505,10226
94.07293820381165,10225
94.15631437301636,10224
94.2418270111084,10223
94.32978391647339,10222
94.41566467285156,10221
94.50160336494446,10220
94.58552622795105,10219
94.66882371902466,10218
94.75317883491516,10217
94.83847403526306,10216
94.92412042617798,10215
95.01035189628601,10214
95.0963249206543,10213
95.18204689025879,10212
95.27204704284668,10211
95.3567521572113,10210
95.44091558456421,10209
95.5249571800232,10208
95.60826539993286,10207
95.69166779518127,10206
95.7830421924591,10205
95.86827039718628,10204
95.95322108268738,10203
96.03711700439453,10202
96.12048029899597,10201
96.203453540802,10200
96.2916316986084,10199
96.37598967552185,10198
96.45883703231812,10197
96.54174256324768,10196
96.6243109703064,10195
96.70678234100342,10194
96.78963446617126,10193
96.8739025592804,10192
96.95849823951721,10191
97.04161596298218,10190
97.12448716163635,10189
97.20843291282654,10188
97.29173946380615,10187
97.38276815414429,10186
97.46827030181885,10185
97.55216932296753,10184
97.63535141944885,10183
97.71964001655579,10182
97.80395221710205,10181
97.88888478279114,10180
97.97274231910706,10179
98.05644035339355,10178
98.13955354690552,10177
98.22265362739563,10176
98.30619812011719,10175
98.38967609405518,10174
98.47323346138,10173
98.55698800086975,10172
98.64012265205383,10171
98.72397065162659,10170
98.80827832221985,10169
98.8951461315155,10168
98.98111939430237,10167
99.06504440307617,10166
99.14758610725403,10165
99.23026728630066,10164
99.31295824050903,10163
99.39570593833923,10162
99.4782247543335,10161
99.56096863746643,10160
99.64345145225525,10159
99.727126121521,10158
99.81144714355469,10157
99.89580273628235,10156
99.98169326782227,10155
