0.46782970428466797,8776
0.5642101764678955,8775
0.6558904647827148,8774
0.7448163032531738,8773
0.8334131240844727,8772
0.9218685626983643,8771
1.0104074478149414,8770
1.0987603664398193,8769
1.1877825260162354,8768
1.277055263519287,8767
1.3657608032226562,8766
1.4543416500091553,8765
1.5430004596710205,8764
1.63185453414917,8763
1.7208406925201416,8762
1.8100149631500244,8761
1.8994402885437012,8760
1.9889211654663086,8759
2.078313112258911,8758
2.1679089069366455,8757
2.2571980953216553,8756
2.346656084060669,8755
2.4360735416412354,8754
2.5253891944885254,8753
2.614903450012207,8752
2.704458475112915,8751
2.7938129901885986,8750
2.8828516006469727,8749
2.972001314163208,8748
3.0614166259765625,8747
3.150824785232544,8746
3.240360975265503,8745
3.3297808170318604,8744
3.4192850589752197,8743
3.50864577293396,8742
3.5977790355682373,8741
3.6865200996398926,8740
3.775658369064331,8739
3.8645613193511963,8738
3.9539642333984375,8737
4.0433571338653564,8736
4.13273286819458,8735
4.222024202346802,8734
4.311315536499023,8733
4.400267124176025,8732
4.489295721054077,8731
4.578182935714722,8730
4.6671411991119385,8729
4.756422758102417,8728
4.845683574676514,8727
4.934982061386108,8726
5.024002313613892,8725
5.112944841384888,8724
5.199499845504761,8723
5.286241292953491,8722
5.372918128967285,8721
5.459831714630127,8720
5.546931743621826,8719
5.633928537368774,8718
5.7207629680633545,8717
5.807528018951416,8716
5.894340991973877,8715
5.98136568069458,8714
6.068104028701782,8713
6.154827356338501,8712
6.241446018218994,8711
6.328150510787964,8710
6.415234088897705,8709
6.502213001251221,8708
6.589204549789429,8707
6.675707578659058,8706
6.761983394622803,8705
6.848508358001709,8704
6.935334920883179,8703
7.022166967391968,8702
7.109141111373901,8701
7.196325778961182,8700
7.283466339111328,8699
7.370357513427734,8698
7.4574480056762695,8697
7.544389486312866,8696
7.632397174835205,8695
7.719785213470459,8694
7.8064024448394775,8693
7.89294171333313,8692
7.979926109313965,8691
8.066596269607544,8690
8.153425931930542,8689
8.240348815917969,8688
8.327142477035522,8687
8.413613319396973,8686
8.499979019165039,8685
8.586653470993042,8684
8.673316240310669,8683
8.760242938995361,8682
8.846571445465088,8681
8.932259321212769,8680
9.018486976623535,8679
9.105039358139038,8678
9.191431999206543,8677
9.27771282196045,8676
9.364383935928345,8675
9.450666904449463,8674
9.537192106246948,8673
9.623376846313477,8672
9.709927558898926,8671
9.796553134918213,8670
9.882989406585693,8669
9.969396829605103,8668
10.055044412612915,8667
10.140923976898193,8666
10.226194381713867,8665
10.311713933944702,8664
10.398074865341187,8663
10.484132528305054,8662
10.5704026222229,8661
10.65652871131897,8660
10.742301225662231,8659
10.828102350234985,8658
10.913782119750977,8657
10.999909400939941,8656
11.086225748062134,8655
11.171807289123535,8654
11.257405519485474,8653
11.342462301254272,8652
11.42719841003418,8651
11.513651371002197,8650
11.599982261657715,8649
11.6869535446167,8648
11.77311897277832,8647
11.85870623588562,8646
11.94284963607788,8645
12.027481079101562,8644
12.113369226455688,8643
12.198240756988525,8642
12.284379243850708,8641
12.370734930038452,8640
12.455731868743896,8639
12.540289640426636,8638
12.624776124954224,8637
12.709574699401855,8636
12.794312715530396,8635
12.881748676300049,8634
12.969323635101318,8633
13.057380676269531,8632
13.145879745483398,8631
13.234068155288696,8630
13.322202205657959,8629
13.41016960144043,8628
13.497394561767578,8627
13.58303952217102,8626
13.66895604133606,8625
13.754829406738281,8624
13.84043550491333,8623
13.926256656646729,8622
14.011857032775879,8621
14.097185134887695,8620
14.183088064193726,8619
14.269605875015259,8618
14.356501817703247,8617
14.44309377670288,8616
14.529154539108276,8615
14.614455938339233,8614
14.700550317764282,8613
14.787241458892822,8612
14.873603105545044,8611
14.95995569229126,8610
15.045209169387817,8609
15.127688646316528,8608
15.210282802581787,8607
15.29542851448059,8606
15.380476713180542,8605
15.467178106307983,8604
15.55455207824707,8603
15.64261507987976,8602
15.731241464614868,8601
15.818553686141968,8600
15.904058933258057,8599
15.989461421966553,8598
16.07462501525879,8597
16.159750938415527,8596
16.245192050933838,8595
16.330715656280518,8594
16.418752431869507,8593
16.507354259490967,8592
16.595829963684082,8591
16.684277296066284,8590
16.77242398262024,8589
16.8606858253479,8588
16.949140548706055,8587
17.037679195404053,8586
17.12624502182007,8585
17.214601755142212,8584
17.300495862960815,8583
17.386137008666992,8582
17.471532821655273,8581
17.557292461395264,8580
17.6429340839386,8579
17.729007720947266,8578
17.814822912216187,8577
17.900575876235962,8576
17.98582696914673,8575
18.071913480758667,8574
18.15749216079712,8573
18.243069171905518,8572
18.328827619552612,8571
18.41452407836914,8570
18.50010108947754,8569
18.584685564041138,8568
18.66983461380005,8567
18.75618290901184,8566
18.841726541519165,8565
18.927950382232666,8564
19.01414918899536,8563
19.099665641784668,8562
19.184415578842163,8561
19.26941466331482,8560
19.354038953781128,8559
19.43981170654297,8558
19.526406288146973,8557
19.613418102264404,8556
19.70108914375305,8555
19.789182901382446,8554
19.877514600753784,8553
19.964632511138916,8552
20.05012607574463,8551
20.13562536239624,8550
20.22104525566101,8549
20.30650544166565,8548
20.39244318008423,8547
20.48044490814209,8546
20.56856918334961,8545
20.65594506263733,8544
20.743566751480103,8543
20.8310124874115,8542
20.918742895126343,8541
21.006651639938354,8540
21.094348430633545,8539
21.17934513092041,8538
21.26417303085327,8537
21.348727464675903,8536
21.433210134506226,8535
21.517537355422974,8534
21.60191035270691,8533
21.687451124191284,8532
21.772271156311035,8531
21.856946229934692,8530
21.94186282157898,8529
22.026304483413696,8528
22.110228300094604,8527
22.191949129104614,8526
22.277339458465576,8525
22.362857580184937,8524
22.447608709335327,8523
22.53284215927124,8522
22.617762804031372,8521
22.70145034790039,8520
22.78277826309204,8519
22.8636634349823,8518
22.94322919845581,8517
23.026812314987183,8516
23.106856107711792,8515
23.189666748046875,8514
23.27569007873535,8513
23.360587120056152,8512
23.446248769760132,8511
23.532430171966553,8510
23.61880922317505,8509
23.70556950569153,8508
23.79271697998047,8507
23.88004183769226,8506
23.965989351272583,8505
24.05087971687317,8504
24.134889364242554,8503
24.21996808052063,8502
24.30670189857483,8501
24.39327907562256,8500
24.47842502593994,8499
24.564191102981567,8498
24.648994207382202,8497
24.73448610305786,8496
24.820009469985962,8495
24.90458583831787,8494
24.98748230934143,8493
25.07197856903076,8492
25.15691876411438,8491
25.24207639694214,8490
25.32664942741394,8489
25.4121675491333,8488
25.49813199043274,8487
25.583356142044067,8486
25.66780185699463,8485
25.751991033554077,8484
25.836029291152954,8483
25.919340133666992,8482
26.00333070755005,8481
26.085855722427368,8480
26.17097568511963,8479
26.256695985794067,8478
26.34303379058838,8477
26.4299099445343,8476
26.51737141609192,8475
26.605403423309326,8474
26.693727731704712,8473
26.782233953475952,8472
26.870861291885376,8471
26.958678245544434,8470
27.045154571533203,8469
27.133942365646362,8468
27.222070693969727,8467
27.309365034103394,8466
27.40019130706787,8465
27.48774480819702,8464
27.574826955795288,8463
27.66117811203003,8462
27.745057344436646,8461
27.83005714416504,8460
27.915947437286377,8459
28.00241494178772,8458
28.088560104370117,8457
28.174301385879517,8456
28.259380102157593,8455
28.343513250350952,8454
28.427138566970825,8453
28.511600255966187,8452
28.59549045562744,8451
28.68054223060608,8450
28.766707181930542,8449
28.85307216644287,8448
28.939587831497192,8447
29.02678656578064,8446
29.11421036720276,8445
29.201883554458618,8444
29.289623975753784,8443
29.377439737319946,8442
29.46526575088501,8441
29.552001476287842,8440
29.638813018798828,8439
29.726237297058105,8438
29.813669204711914,8437
29.901566982269287,8436
29.985912561416626,8435
30.068472146987915,8434
30.15416145324707,8433
30.24016785621643,8432
30.325652360916138,8431
30.411359548568726,8430
30.497206211090088,8429
30.58228826522827,8428
30.667248487472534,8427
30.751601934432983,8426
30.835248231887817,8425
30.918880939483643,8424
31.001426219940186,8423
31.085119485855103,8422
31.167266368865967,8421
31.2512629032135,8420
31.336178302764893,8419
31.422307014465332,8418
31.509053945541382,8417
31.596288681030273,8416
31.68383526802063,8415
31.771052598953247,8414
31.858346700668335,8413
31.946298360824585,8412
32.034374475479126,8411
32.121909618377686,8410
32.20802068710327,8409
32.29530572891235,8408
32.38281440734863,8407
32.47050762176514,8406
32.556504011154175,8405
32.641281843185425,8404
32.72710156440735,8403
32.81319737434387,8402
32.89871549606323,8401
32.98373055458069,8400
33.06848406791687,8399
33.15245866775513,8398
33.236364126205444,8397
33.319581508636475,8396
33.4015109539032,8395
33.4855260848999,8394
33.567100048065186,8393
33.64934277534485,8392
33.73124313354492,8391
33.814069747924805,8390
33.898526668548584,8389
33.983755111694336,8388
34.069936752319336,8387
34.15592885017395,8386
34.24271273612976,8385
34.32975172996521,8384
34.416606187820435,8383
34.504624366760254,8382
34.59133291244507,8381
34.67590928077698,8380
34.76234698295593,8379
34.848495960235596,8378
34.935407638549805,8377
35.0190634727478,8376
35.099889516830444,8375
35.184632778167725,8374
35.26936888694763,8373
35.35347843170166,8372
35.43752908706665,8371
35.52086424827576,8370
35.60372018814087,8369
35.68588304519653,8368
35.76699352264404,8367
35.84783911705017,8366
35.929908990859985,8365
36.010778188705444,8364
36.092167139053345,8363
36.17491006851196,8362
36.25912642478943,8361
36.3441846370697,8360
36.42981004714966,8359
36.51655173301697,8358
36.602967739105225,8357
36.68989324569702,8356
36.777013540267944,8355
36.864274978637695,8354
36.9515655040741,8353
37.036877393722534,8352
37.121333837509155,8351
37.20537328720093,8350
37.289435148239136,8349
37.373863697052,8348
37.458279848098755,8347
37.54278111457825,8346
37.62739157676697,8345
37.71222972869873,8344
37.79690957069397,8343
37.88201403617859,8342
37.966920375823975,8341
38.05160474777222,8340
38.1363627910614,8339
38.22082591056824,8338
38.30548858642578,8337
38.39022183418274,8336
38.47662019729614,8335
38.564614057540894,8334
38.64881157875061,8333
38.73124170303345,8332
38.81377124786377,8331
38.8967227935791,8330
38.98026442527771,8329
39.06340956687927,8328
39.14616012573242,8327
39.22839403152466,8326
39.31013250350952,8325
39.3919882774353,8324
39.47421050071716,8323
39.55711793899536,8322
39.64027118682861,8321
39.72372364997864,8320
39.8071506023407,8319
39.89358735084534,8318
39.980555057525635,8317
40.067551374435425,8316
40.154717683792114,8315
40.24188208580017,8314
40.32926321029663,8313
40.41657471656799,8312
40.50409412384033,8311
40.59132218360901,8310
40.67872881889343,8309
40.76610064506531,8308
40.853546380996704,8307
40.940924406051636,8306
41.02838492393494,8305
41.11588907241821,8304
41.20341897010803,8303
41.29035425186157,8302
41.37702679634094,8301
41.46386408805847,8300
41.55126357078552,8299
41.638681173324585,8298
41.726240396499634,8297
41.81324648857117,8296
41.90024471282959,8295
41.987154960632324,8294
42.074283838272095,8293
42.16140651702881,8292
42.248520374298096,8291
42.33585977554321,8290
42.423290967941284,8289
42.51019048690796,8288
42.59719228744507,8287
42.68400311470032,8286
42.771307706832886,8285
42.858529567718506,8284
42.946040868759155,8283
43.03316569328308,8282
43.120015144348145,8281
43.207016706466675,8280
43.29400277137756,8279
43.3807315826416,8278
43.467546224594116,8277
43.55445671081543,8276
43.64165639877319,8275
43.72839975357056,8274
43.814987897872925,8273
43.90138506889343,8272
43.98816108703613,8271
44.075130224227905,8270
44.16226410865784,8269
44.24875783920288,8268
44.335065841674805,8267
44.42135572433472,8266
44.50768780708313,8265
44.593883991241455,8264
44.6806755065918,8263
44.76792860031128,8262
44.8547842502594,8261
44.94093728065491,8260
45.027323722839355,8259
45.113544940948486,8258
45.19981837272644,8257
45.28580904006958,8256
45.37199306488037,8255
45.45813179016113,8254
45.54430556297302,8253
45.630391120910645,8252
45.71672797203064,8251
45.80328893661499,8250
45.889638900756836,8249
45.9756760597229,8248
46.06162762641907,8247
46.146037340164185,8246
46.22929406166077,8245
46.31293034553528,8244
46.396875858306885,8243
46.47995901107788,8242
46.5628502368927,8241
46.645676612854004,8240
46.72842884063721,8239
46.81110692024231,8238
46.894784450531006,8237
46.9776496887207,8236
47.060526609420776,8235
47.143296003341675,8234
47.22603178024292,8233
47.309138774871826,8232
47.39289093017578,8231
47.47646403312683,8230
47.560271978378296,8229
47.643898487091064,8228
47.72759556770325,8227
47.81177234649658,8226
47.89561653137207,8225
47.97899103164673,8224
48.062981367111206,8223
48.146504163742065,8222
48.23010802268982,8221
48.31360602378845,8220
48.39781212806702,8219
48.48143291473389,8218
48.565611124038696,8217
48.650734424591064,8216
48.7343692779541,8215
48.8180046081543,8214
48.90149188041687,8213
48.98498868942261,8212
49.06865954399109,8211
49.152106285095215,8210
49.23590803146362,8209
49.3198516368866,8208
49.40418601036072,8207
49.488810300827026,8206
49.57320284843445,8205
49.6574764251709,8204
49.742127656936646,8203
49.826321601867676,8202
49.91052508354187,8201
49.99459457397461,8200
