0.6272814273834229,11260
0.772057056427002,11259
0.9148356914520264,11258
1.0608510971069336,11257
1.2043321132659912,11256
1.3480048179626465,11255
1.4919662475585938,11254
1.6351144313812256,11253
1.7778394222259521,11252
1.92164945602417,11251
2.0653202533721924,11250
2.2095727920532227,11249
2.3549880981445312,11248
2.4975345134735107,11247
2.6427876949310303,11246
2.788268804550171,11245
2.933758020401001,11244
3.079055070877075,11243
3.224565267562866,11242
3.366936683654785,11241
3.5130937099456787,11240
3.6585707664489746,11239
3.804208278656006,11238
3.949801445007324,11237
4.097294330596924,11236
4.242382764816284,11235
4.3881261348724365,11234
4.533439636230469,11233
4.680818557739258,11232
4.831007242202759,11231
4.981618881225586,11230
5.130671739578247,11229
5.281333684921265,11228
5.430736541748047,11227
5.581407070159912,11226
5.731438398361206,11225
5.8817291259765625,11224
6.031750917434692,11223
6.181874990463257,11222
6.331916570663452,11221
6.481902837753296,11220
6.6320271492004395,11219
6.782383680343628,11218
6.932906866073608,11217
7.082086086273193,11216
7.232751369476318,11215
7.382054328918457,11214
7.532843112945557,11213
7.682236433029175,11212
7.832056045532227,11211
7.981459379196167,11210
8.131069421768188,11209
8.280696153640747,11208
8.4300696849823,11207
8.58002257347107,11206
8.729201793670654,11205
8.87883996963501,11204
9.027252674102783,11203
9.176888942718506,11202
9.326223850250244,11201
9.475776195526123,11200
9.624378442764282,11199
9.773800134658813,11198
9.922456502914429,11197
10.071175575256348,11196
10.220196008682251,11195
10.369314670562744,11194
10.513575077056885,11193
10.656419515609741,11192
10.799523830413818,11191
10.943636417388916,11190
11.086715698242188,11189
11.229105949401855,11188
11.371128797531128,11187
11.513059139251709,11186
11.65502142906189,11185
11.798004388809204,11184
11.941081762313843,11183
12.084020853042603,11182
12.226354360580444,11181
12.369331359863281,11180
12.512569427490234,11179
12.655813932418823,11178
12.799200773239136,11177
12.945546388626099,11176
13.088379383087158,11175
13.232401847839355,11174
13.375412702560425,11173
13.518282413482666,11172
13.661291599273682,11171
13.804148197174072,11170
13.947207689285278,11169
14.091875314712524,11168
14.235244512557983,11167
14.380398035049438,11166
14.525166034698486,11165
14.670121669769287,11164
14.815064430236816,11163
14.960628509521484,11162
15.104563474655151,11161
15.249903202056885,11160
15.393813371658325,11159
15.539172172546387,11158
15.683680295944214,11157
15.828848600387573,11156
15.972691059112549,11155
16.118285417556763,11154
16.26185393333435,11153
16.40736413002014,11152
16.5518000125885,11151
16.696362018585205,11150
16.840956449508667,11149
16.98364806175232,11148
17.123753547668457,11147
17.26838445663452,11146
17.416165113449097,11145
17.56324863433838,11144
17.710951328277588,11143
17.860190629959106,11142
18.0050311088562,11141
18.14864706993103,11140
18.292759656906128,11139
18.434363842010498,11138
18.579060077667236,11137
18.7271249294281,11136
18.874623775482178,11135
19.023126125335693,11134
19.170565843582153,11133
19.31451416015625,11132
19.458394050598145,11131
19.601953268051147,11130
19.742124557495117,11129
19.884524822235107,11128
20.030555963516235,11127
20.178066730499268,11126
20.325146436691284,11125
20.473568201065063,11124
20.616599798202515,11123
20.759857654571533,11122
20.902164459228516,11121
21.042614221572876,11120
21.187536239624023,11119
21.335025310516357,11118
21.482340335845947,11117
21.628795385360718,11116
21.776227235794067,11115
21.91913342475891,11114
22.06175136566162,11113
22.202043056488037,11112
22.340874910354614,11111
22.482041835784912,11110
22.627702713012695,11109
22.77513313293457,11108
22.92138409614563,11107
23.069215536117554,11106
23.21264624595642,11105
23.35705065727234,11104
23.499818801879883,11103
23.63986849784851,11102
23.7837553024292,11101
23.930013179779053,11100
24.077412128448486,11099
24.224154472351074,11098
24.373419523239136,11097
24.515589475631714,11096
24.658216953277588,11095
24.799964904785156,11094
24.941054105758667,11093
25.08208131790161,11092
25.229040145874023,11091
25.37507152557373,11090
25.521671533584595,11089
25.670447826385498,11088
25.813405990600586,11087
25.958831310272217,11086
26.10210418701172,11085
26.244553089141846,11084
26.39245104789734,11083
26.54054355621338,11082
26.686590909957886,11081
26.830026149749756,11080
26.97445249557495,11079
27.11840796470642,11078
27.26310110092163,11077
27.406689882278442,11076
27.551374435424805,11075
27.693997383117676,11074
27.840230464935303,11073
27.98643207550049,11072
28.127317428588867,11071
28.267261266708374,11070
28.408881187438965,11069
28.547413110733032,11068
28.68807101249695,11067
28.827173709869385,11066
28.96805453300476,11065
29.10914635658264,11064
29.25442862510681,11063
29.403945207595825,11062
29.553176164627075,11061
29.702988862991333,11060
29.851776599884033,11059
30.00160026550293,11058
30.150432109832764,11057
30.299648761749268,11056
30.448731422424316,11055
30.59768319129944,11054
30.747112274169922,11053
30.895179986953735,11052
31.043928623199463,11051
31.192077159881592,11050
31.341639518737793,11049
31.489655017852783,11048
31.6385338306427,11047
31.78632116317749,11046
31.935012102127075,11045
32.08294653892517,11044
32.231170892715454,11043
32.38043928146362,11042
32.529043436050415,11041
32.6775324344635,11040
32.82607293128967,11039
32.97545599937439,11038
33.12389016151428,11037
33.272428035736084,11036
33.420966148376465,11035
33.568963050842285,11034
33.716869592666626,11033
33.86520338058472,11032
34.014368295669556,11031
34.16312766075134,11030
34.31256914138794,11029
34.461265563964844,11028
34.611170530319214,11027
34.75979232788086,11026
34.90802478790283,11025
35.05185914039612,11024
35.19569253921509,11023
35.338282108306885,11022
35.48119235038757,11021
35.623387575149536,11020
35.76617908477783,11019
35.9091911315918,11018
36.051485538482666,11017
36.19479203224182,11016
36.337024211883545,11015
36.479220390319824,11014
36.62230825424194,11013
36.76522350311279,11012
36.907769203186035,11011
37.050248861312866,11010
37.19224977493286,11009
37.33451986312866,11008
37.48069167137146,11007
37.62327861785889,11006
37.76798224449158,11005
37.91201829910278,11004
38.05592060089111,11003
38.19968390464783,11002
38.343995332717896,11001
38.48720383644104,11000
38.63132977485657,10999
38.7754909992218,10998
38.91871166229248,10997
39.06360054016113,10996
39.20749807357788,10995
39.351980447769165,10994
39.49556231498718,10993
39.640230655670166,10992
39.783477544784546,10991
39.92875599861145,10990
40.07312774658203,10989
40.218382358551025,10988
40.36178278923035,10987
40.50836229324341,10986
40.652937173843384,10985
40.7982497215271,10984
40.94159531593323,10983
41.0862352848053,10982
41.235456466674805,10981
41.384952783584595,10980
41.5343120098114,10979
41.683401107788086,10978
41.83297634124756,10977
41.98170781135559,10976
42.130924224853516,10975
42.278364419937134,10974
42.42789912223816,10973
42.57570290565491,10972
42.72477626800537,10971
42.87306785583496,10970
43.0218505859375,10969
43.170135498046875,10968
43.318724632263184,10967
43.46797561645508,10966
43.61662673950195,10965
43.76531505584717,10964
43.91386365890503,10963
44.06308102607727,10962
44.211286306381226,10961
44.36012411117554,10960
44.508540630340576,10959
44.65735697746277,10958
44.8057222366333,10957
44.95540475845337,10956
45.10409450531006,10955
45.2540647983551,10954
45.402347803115845,10953
45.55190682411194,10952
45.70017600059509,10951
45.849514961242676,10950
45.99849510192871,10949
46.14700794219971,10948
46.29608941078186,10947
46.445130825042725,10946
46.59019613265991,10945
46.73278474807739,10944
46.87458825111389,10943
47.01876139640808,10942
47.16134786605835,10941
47.30317807197571,10940
47.44573497772217,10939
47.588128328323364,10938
47.72962188720703,10937
47.87247157096863,10936
48.015292167663574,10935
48.15770745277405,10934
48.30008268356323,10933
48.44302845001221,10932
48.58564376831055,10931
48.72806358337402,10930
48.86954879760742,10929
49.01364541053772,10928
49.15729570388794,10927
49.29972505569458,10926
49.44365859031677,10925
49.58765506744385,10924
49.7309684753418,10923
49.87496876716614,10922
50.017332315444946,10921
50.16175127029419,10920
50.30502438545227,10919
50.44766545295715,10918
50.59167790412903,10917
50.736332416534424,10916
50.87978935241699,10915
51.02429127693176,10914
51.16788649559021,10913
51.312347173690796,10912
51.45686364173889,10911
51.60063576698303,10910
51.74505925178528,10909
51.88837504386902,10908
52.03241038322449,10907
52.17561173439026,10906
52.319979190826416,10905
52.46329164505005,10904
52.60808515548706,10903
52.75100064277649,10902
52.89538908004761,10901
53.03730845451355,10900
53.17904710769653,10899
53.31847834587097,10898
53.46074104309082,10897
53.60639953613281,10896
53.751911640167236,10895
53.896308183670044,10894
54.04421067237854,10893
54.187129497528076,10892
54.32951235771179,10891
54.47270894050598,10890
54.61015057563782,10889
54.750877380371094,10888
54.89542198181152,10887
55.04307579994202,10886
55.18703842163086,10885
55.32872247695923,10884
55.470903158187866,10883
55.612489461898804,10882
55.75497055053711,10881
55.89713978767395,10880
56.04119396209717,10879
56.18337941169739,10878
56.32929801940918,10877
56.4748170375824,10876
56.61539268493652,10875
56.75529980659485,10874
56.89605402946472,10873
57.034505128860474,10872
57.173442125320435,10871
57.31167125701904,10870
57.4510600566864,10869
57.59007215499878,10868
57.73365235328674,10867
57.88154649734497,10866
58.03023934364319,10865
58.178104877471924,10864
58.32596945762634,10863
58.473267793655396,10862
58.62193512916565,10861
58.769588232040405,10860
58.916871547698975,10859
59.064722299575806,10858
59.211859941482544,10857
59.359649896621704,10856
59.50785446166992,10855
59.65544629096985,10854
59.80310583114624,10853
59.950831174850464,10852
60.09904599189758,10851
60.24697470664978,10850
60.39417290687561,10849
60.54188346862793,10848
60.68982553482056,10847
60.83689785003662,10846
60.98519730567932,10845
61.1345317363739,10844
61.282490491867065,10843
61.432042837142944,10842
61.580511808395386,10841
61.729848861694336,10840
61.87889289855957,10839
62.028125524520874,10838
62.17745804786682,10837
62.325796604156494,10836
62.47521376609802,10835
62.623427629470825,10834
62.772979974746704,10833
62.92195200920105,10832
63.07079076766968,10831
63.21937346458435,10830
63.36513423919678,10829
63.508705615997314,10828
63.65132260322571,10827
63.79475736618042,10826
63.937647581100464,10825
64.08105850219727,10824
64.22253608703613,10823
64.3655321598053,10822
64.50792932510376,10821
64.65164089202881,10820
64.79379343986511,10819
64.93639492988586,10818
65.07850551605225,10817
65.22060704231262,10816
65.36275339126587,10815
65.50562715530396,10814
65.64861273765564,10813
65.79271674156189,10812
65.93583464622498,10811
66.07786417007446,10810
66.22074890136719,10809
66.36249899864197,10808
66.50490283966064,10807
66.64776992797852,10806
66.7927360534668,10805
66.93657660484314,10804
67.07990407943726,10803
67.22145938873291,10802
67.36406326293945,10801
67.50597286224365,10800
67.65039920806885,10799
67.79433965682983,10798
67.93833661079407,10797
68.08178329467773,10796
68.22425866127014,10795
68.3684458732605,10794
68.51287269592285,10793
68.65718269348145,10792
68.80020809173584,10791
68.94461822509766,10790
69.08806777000427,10789
69.23160910606384,10788
69.37539482116699,10787
69.5222520828247,10786
69.67069101333618,10785
69.81948137283325,10784
69.9685320854187,10783
70.11842465400696,10782
70.26716303825378,10781
70.41499352455139,10780
70.56303262710571,10779
70.71067357063293,10778
70.85861444473267,10777
71.00689196586609,10776
71.15401887893677,10775
71.30181050300598,10774
71.44906067848206,10773
71.59603524208069,10772
71.74351525306702,10771
71.8914487361908,10770
72.03878450393677,10769
72.18620824813843,10768
72.3336730003357,10767
72.48191022872925,10766
72.62943696975708,10765
72.77665948867798,10764
72.92434763908386,10763
73.07195258140564,10762
73.21913290023804,10761
73.36821055412292,10760
73.51587462425232,10759
73.66515135765076,10758
73.81353163719177,10757
73.96250987052917,10756
74.11145496368408,10755
74.25980520248413,10754
74.40859198570251,10753
74.55649948120117,10752
74.70500707626343,10751
74.85300540924072,10750
75.00193190574646,10749
75.1484854221344,10748
75.2916362285614,10747
75.43477702140808,10746
75.57762575149536,10745
75.72052240371704,10744
75.8623993396759,10743
76.00462055206299,10742
76.14625000953674,10741
76.2895302772522,10740
76.4307267665863,10739
76.57309365272522,10738
76.7145037651062,10737
76.85672235488892,10736
76.99808359146118,10735
77.14098024368286,10734
77.28335380554199,10733
77.42609143257141,10732
77.56740260124207,10731
77.7126522064209,10730
77.85504102706909,10729
77.99718165397644,10728
78.1391966342926,10727
78.28109884262085,10726
78.42328953742981,10725
78.56515693664551,10724
78.70820164680481,10723
78.85126829147339,10722
78.99541234970093,10721
79.13820505142212,10720
79.28223133087158,10719
79.42498350143433,10718
79.56921219825745,10717
79.71242833137512,10716
79.85654664039612,10715
79.99977731704712,10714
80.14433288574219,10713
80.28695559501648,10712
80.43103623390198,10711
80.57519865036011,10710
80.71858358383179,10709
80.86286330223083,10708
81.00599312782288,10707
81.14915657043457,10706
81.29251670837402,10705
81.43493723869324,10704
81.57793068885803,10703
81.71847152709961,10702
81.85881900787354,10701
82.0030210018158,10700
82.14823365211487,10699
82.29168319702148,10698
82.43355870246887,10697
82.57536816596985,10696
82.71741127967834,10695
82.85830426216125,10694
82.99954771995544,10693
83.14108610153198,10692
83.2818853855133,10691
83.42338633537292,10690
83.56874704360962,10689
83.70919227600098,10688
83.84674572944641,10687
83.98246622085571,10686
84.12121438980103,10685
84.2581000328064,10684
84.3927915096283,10683
84.52983093261719,10682
84.66566228866577,10681
84.80163669586182,10680
84.94542384147644,10679
85.09263563156128,10678
85.24102258682251,10677
85.38951802253723,10676
85.53690314292908,10675
85.68510365486145,10674
85.83244442939758,10673
85.98043131828308,10672
86.12790656089783,10671
86.27605986595154,10670
86.4238429069519,10669
86.5718822479248,10668
86.71923923492432,10667
86.86571478843689,10666
87.0134813785553,10665
87.16086101531982,10664
87.3087067604065,10663
87.45542454719543,10662
87.60317611694336,10661
87.75037503242493,10660
87.89768862724304,10659
88.04485607147217,10658
88.19284558296204,10657
88.34065771102905,10656
88.4877872467041,10655
88.63555192947388,10654
88.783367395401,10653
88.93123579025269,10652
89.07827019691467,10651
89.2259259223938,10650
89.37302350997925,10649
89.52031517028809,10648
89.66775584220886,10647
89.81586480140686,10646
89.96443271636963,10645
90.11271977424622,10644
90.26102662086487,10643
90.407719373703,10642
90.55120277404785,10641
90.69370317459106,10640
90.8370361328125,10639
90.97957348823547,10638
91.12297224998474,10637
91.26669788360596,10636
91.40933275222778,10635
91.55253744125366,10634
91.69458365440369,10633
91.83745503425598,10632
91.9804036617279,10631
92.12374711036682,10630
92.26640558242798,10629
92.41003656387329,10628
92.55192875862122,10627
92.69550490379333,10626
92.83812475204468,10625
92.98285269737244,10624
93.12561511993408,10623
93.2676591873169,10622
93.41053175926208,10621
93.55293655395508,10620
93.69544720649719,10619
93.83802461624146,10618
93.9793472290039,10617
94.12057375907898,10616
94.26271438598633,10615
94.40539193153381,10614
94.5471842288971,10613
94.68866801261902,10612
94.82965135574341,10611
94.97146582603455,10610
95.11268329620361,10609
95.25323796272278,10608
95.39610958099365,10607
95.53812456130981,10606
95.68058061599731,10605
95.82278275489807,10604
95.96634721755981,10603
96.10848426818848,10602
96.25025415420532,10601
96.39212155342102,10600
96.53520512580872,10599
96.68203997612,10598
96.82981300354004,10597
96.97754311561584,10596
97.1257655620575,10595
97.27351808547974,10594
97.42145776748657,10593
97.56877517700195,10592
97.71667337417603,10591
97.86332893371582,10590
98.01131129264832,10589
98.15826487541199,10588
98.30632472038269,10587
98.45328617095947,10586
98.60053730010986,10585
98.74776315689087,10584
98.89477062225342,10583
99.04206204414368,10582
99.1895501613617,10581
99.33707189559937,10580
99.48362493515015,10579
99.63087511062622,10578
99.77836775779724,10577
99.92629766464233,10576
