0.011139869689941406,11022
0.02158498764038086,11021
0.03201031684875488,11020
0.042119503021240234,11019
0.05275321006774902,11018
0.06453776359558105,11017
0.07587075233459473,11016
0.08640122413635254,11015
0.09695219993591309,11014
0.10700392723083496,11013
0.11730670928955078,11012
0.1272573471069336,11011
0.13741517066955566,11010
0.14742136001586914,11009
0.1576697826385498,11008
0.16785049438476562,11007
0.17810511589050293,11006
0.18806052207946777,11005
0.1982715129852295,11004
0.20818734169006348,11003
0.2183988094329834,11002
0.22836518287658691,11001
0.23845863342285156,11000
0.24846243858337402,10999
0.2588961124420166,10998
0.26920628547668457,10997
0.2796502113342285,10996
0.28966784477233887,10995
0.29985737800598145,10994
0.30980420112609863,10993
0.32007646560668945,10992
0.33011555671691895,10991
0.3403432369232178,10990
0.3502821922302246,10989
0.36043429374694824,10988
0.3703587055206299,10987
0.3805396556854248,10986
0.39048218727111816,10985
0.40067625045776367,10984
0.41068482398986816,10983
0.42079663276672363,10982
0.43071508407592773,10981
0.4407784938812256,10980
0.4508202075958252,10979
0.4612619876861572,10978
0.4715139865875244,10977
0.48880863189697266,10976
0.4987223148345947,10975
0.509711742401123,10974
0.5206277370452881,10973
0.5345807075500488,10972
0.545198917388916,10971
0.5566511154174805,10970
0.5668025016784668,10969
0.5770900249481201,10968
0.586864709854126,10967
0.5969724655151367,10966
0.606663703918457,10965
0.616992712020874,10964
0.6268255710601807,10963
0.6369872093200684,10962
0.6468291282653809,10961
0.6571238040924072,10960
0.6674468517303467,10959
0.6778435707092285,10958
0.6876871585845947,10957
0.6978499889373779,10956
0.7076108455657959,10955
0.7177631855010986,10954
0.7279703617095947,10953
0.7381927967071533,10952
0.7479674816131592,10951
0.7580819129943848,10950
0.7678277492523193,10949
0.7780470848083496,10948
0.7877898216247559,10947
0.797896146774292,10946
0.8076622486114502,10945
0.8178341388702393,10944
0.8325386047363281,10943
0.8425402641296387,10942
0.8525886535644531,10941
0.8630838394165039,10940
0.8731555938720703,10939
0.8833799362182617,10938
0.8933448791503906,10937
0.9035632610321045,10936
0.9141018390655518,10935
0.9243390560150146,10934
0.9345698356628418,10933
0.9450459480285645,10932
0.955176830291748,10931
0.9653728008270264,10930
0.9753420352935791,10929
0.9855239391326904,10928
0.9954915046691895,10927
1.0056307315826416,10926
1.0156326293945312,10925
1.025928020477295,10924
1.0360510349273682,10923
1.0463964939117432,10922
1.0564825534820557,10921
1.067087173461914,10920
1.0771234035491943,10919
1.0873486995697021,10918
1.0973007678985596,10917
1.1074044704437256,10916
1.1173241138458252,10915
1.1274330615997314,10914
1.1374216079711914,10913
1.1475450992584229,10912
1.163360357284546,10911
1.1736209392547607,10910
1.1834676265716553,10909
1.193610668182373,10908
1.2033631801605225,10907
1.21352219581604,10906
1.2232608795166016,10905
1.233384609222412,10904
1.2431528568267822,10903
1.253380537033081,10902
1.2634656429290771,10901
1.2801380157470703,10900
1.2899169921875,10899
1.3000757694244385,10898
1.3102290630340576,10897
1.3200953006744385,10896
1.3302431106567383,10895
1.3400440216064453,10894
1.358466386795044,10893
1.3682193756103516,10892
1.378335952758789,10891
1.3884119987487793,10890
1.3981118202209473,10889
1.408210277557373,10888
1.418335199356079,10887
1.4284474849700928,10886
1.447178840637207,10885
1.4572811126708984,10884
1.4676244258880615,10883
1.4779784679412842,10882
1.4880485534667969,10881
1.4982452392578125,10880
1.5092949867248535,10879
1.5235466957092285,10878
1.5345637798309326,10877
1.5449912548065186,10876
1.5550196170806885,10875
1.5654969215393066,10874
1.5754907131195068,10873
1.5857336521148682,10872
1.5955471992492676,10871
1.6058156490325928,10870
1.6157824993133545,10869
1.6259448528289795,10868
1.6357390880584717,10867
1.6458740234375,10866
1.6558325290679932,10865
1.6663541793823242,10864
1.6764023303985596,10863
1.68666410446167,10862
1.6965181827545166,10861
1.7066771984100342,10860
1.7167377471923828,10859
1.7271881103515625,10858
1.7370102405548096,10857
1.7472782135009766,10856
1.7571301460266113,10855
1.7672710418701172,10854
1.7770743370056152,10853
1.7873096466064453,10852
1.8029203414916992,10851
1.8181979656219482,10850
1.8370084762573242,10849
1.854222297668457,10848
1.868204116821289,10847
1.878096580505371,10846
1.8882966041564941,10845
1.898498296737671,10844
1.908229112625122,10843
1.9183661937713623,10842
1.9280714988708496,10841
1.938171625137329,10840
1.9478802680969238,10839
1.9579997062683105,10838
1.9677801132202148,10837
1.977858066558838,10836
1.9875679016113281,10835
2.0029187202453613,10834
2.0127475261688232,10833
2.022894859313965,10832
2.0331504344940186,10831
2.0429089069366455,10830
2.0531716346740723,10829
2.0632710456848145,10828
2.0735344886779785,10827
2.083489418029785,10826
2.0936906337738037,10825
2.1035568714141846,10824
2.1137030124664307,10823
2.1234192848205566,10822
2.1335439682006836,10821
2.1527504920959473,10820
2.162952423095703,10819
2.1726834774017334,10818
2.183002233505249,10817
2.1928811073303223,10816
2.2030844688415527,10815
2.221916437149048,10814
2.232104778289795,10813
2.244683027267456,10812
2.254880666732788,10811
2.2651946544647217,10810
2.275660991668701,10809
2.2857601642608643,10808
2.2960095405578613,10807
2.305992603302002,10806
2.3162550926208496,10805
2.326277256011963,10804
2.3365111351013184,10803
2.365347146987915,10802
2.3754990100860596,10801
2.3854310512542725,10800
2.3961122035980225,10799
2.4067721366882324,10798
2.4175596237182617,10797
2.427797794342041,10796
2.4471912384033203,10795
2.4571332931518555,10794
2.467655658721924,10793
2.477519989013672,10792
2.487736701965332,10791
2.4975311756134033,10790
2.5091779232025146,10789
2.5196914672851562,10788
2.5305230617523193,10787
2.5405807495117188,10786
2.550969123840332,10785
2.560938835144043,10784
2.5872766971588135,10783
2.597081184387207,10782
2.6213455200195312,10781
2.6315762996673584,10780
2.6413204669952393,10779
2.6515634059906006,10778
2.6615993976593018,10777
2.671982765197754,10776
2.681976556777954,10775
2.692368745803833,10774
2.7022533416748047,10773
2.712437868118286,10772
2.7223987579345703,10771
2.732593536376953,10770
2.7423129081726074,10769
2.7524538040161133,10768
2.76216459274292,10767
2.7722580432891846,10766
2.782189130783081,10765
2.7923824787139893,10764
2.811497449874878,10763
2.821592330932617,10762
2.8366005420684814,10761
2.8466379642486572,10760
2.8567235469818115,10759
2.8672592639923096,10758
2.879279375076294,10757
2.8893771171569824,10756
2.9093737602233887,10755
2.9196441173553467,10754
2.930032968521118,10753
2.9400906562805176,10752
2.9503562450408936,10751
2.9683468341827393,10750
2.978512763977051,10749
2.988272190093994,10748
2.998380422592163,10747
3.0081069469451904,10746
3.018234968185425,10745
3.028083562850952,10744
3.0442492961883545,10743
3.054253339767456,10742
3.064708948135376,10741
3.0750553607940674,10740
3.0849883556365967,10739
3.0952446460723877,10738
3.1049933433532715,10737
3.1202757358551025,10736
3.1304895877838135,10735
3.14084529876709,10734
3.1512911319732666,10733
3.1610658168792725,10732
3.1712875366210938,10731
3.1810882091522217,10730
3.1914737224578857,10729
3.201380491256714,10728
3.2116386890411377,10727
3.2263941764831543,10726
3.2365031242370605,10725
3.2465128898620605,10724
3.2567594051361084,10723
3.2671196460723877,10722
3.2824409008026123,10721
3.2924890518188477,10720
3.3075830936431885,10719
3.317495107650757,10718
3.327744483947754,10717
3.3467845916748047,10716
3.356823444366455,10715
3.366853952407837,10714
3.3769478797912598,10713
3.386733055114746,10712
3.396967649459839,10711
3.4067423343658447,10710
3.4170007705688477,10709
3.426809787750244,10708
3.4369587898254395,10707
3.44674015045166,10706
3.45702862739563,10705
3.4672372341156006,10704
3.477529764175415,10703
3.487407684326172,10702
3.504833936691284,10701
3.525057792663574,10700
3.5358119010925293,10699
3.546369791030884,10698
3.556464195251465,10697
3.576814651489258,10696
3.587007999420166,10695
3.596848964691162,10694
3.6194841861724854,10693
3.6374146938323975,10692
3.6542000770568848,10691
3.674274444580078,10690
3.6895883083343506,10689
3.6996140480041504,10688
3.709954023361206,10687
3.7203152179718018,10686
3.7353501319885254,10685
3.7453911304473877,10684
3.7553932666778564,10683
3.7655868530273438,10682
3.7757303714752197,10681
3.7861509323120117,10680
3.796222448348999,10679
3.8065025806427,10678
3.8260321617126465,10677
3.8408203125,10676
3.8534340858459473,10675
3.868361473083496,10674
3.8786702156066895,10673
3.8884849548339844,10672
3.898686408996582,10671
3.908975124359131,10670
3.9192464351654053,10669
3.9388644695281982,10668
3.9486260414123535,10667
3.958700180053711,10666
3.968803644180298,10665
3.991137981414795,10664
4.001262664794922,10663
4.011110067367554,10662
4.030606031417847,10661
4.040404796600342,10660
4.051029205322266,10659
4.061425447463989,10658
4.071388244628906,10657
4.081602334976196,10656
4.09137225151062,10655
4.101484537124634,10654
4.111374139785767,10653
4.1229143142700195,10652
4.1326823234558105,10651
4.1427929401397705,10650
4.153098821640015,10649
4.162877082824707,10648
4.17298150062561,10647
4.182695388793945,10646
4.195400714874268,10645
4.205308437347412,10644
4.221139669418335,10643
4.24008584022522,10642
4.250190019607544,10641
4.260603666305542,10640
4.2774927616119385,10639
4.287774324417114,10638
4.297545671463013,10637
4.3153626918792725,10636
4.325244188308716,10635
4.3354411125183105,10634
4.3525550365448,10633
4.362610101699829,10632
4.372544765472412,10631
4.382741451263428,10630
4.400073766708374,10629
4.432278871536255,10628
4.442298173904419,10627
4.4541168212890625,10626
4.465656757354736,10625
4.478762626647949,10624
4.4887073040008545,10623
4.517282247543335,10622
4.527407169342041,10621
4.538071155548096,10620
4.54796290397644,10619
4.558294773101807,10618
4.568225383758545,10617
4.5784571170806885,10616
4.597957372665405,10615
4.6078362464904785,10614
4.618023633956909,10613
4.62816596031189,10612
4.637942552566528,10611
4.652998924255371,10610
4.663221597671509,10609
4.673543930053711,10608
4.683769226074219,10607
4.693536758422852,10606
4.703877210617065,10605
4.713695526123047,10604
4.724098443984985,10603
4.741667032241821,10602
4.751727104187012,10601
4.761743068695068,10600
4.771895885467529,10599
4.781926155090332,10598
4.792096376419067,10597
4.802044630050659,10596
4.82155442237854,10595
4.831427812576294,10594
4.841519355773926,10593
4.851397514343262,10592
4.861828804016113,10591
4.871740341186523,10590
4.889230251312256,10589
4.901377439498901,10588
4.911410808563232,10587
4.9216108322143555,10586
4.931594371795654,10585
4.941732168197632,10584
4.958266019821167,10583
4.968398571014404,10582
4.983628988265991,10581
4.993619680404663,10580
5.003532886505127,10579
5.013707876205444,10578
5.030077695846558,10577
5.040209531784058,10576
5.0686681270599365,10575
5.078849792480469,10574
5.104268789291382,10573
5.114444971084595,10572
5.130528450012207,10571
5.140692949295044,10570
5.1504316329956055,10569
5.160680294036865,10568
5.170414686203003,10567
5.180497169494629,10566
5.190228700637817,10565
5.200311899185181,10564
5.210203647613525,10563
5.220466613769531,10562
5.230280160903931,10561
5.240461587905884,10560
5.250280141830444,10559
5.260639905929565,10558
5.281853675842285,10557
5.2975592613220215,10556
5.307467460632324,10555
5.325619697570801,10554
5.335477352142334,10553
5.358387470245361,10552
5.3724939823150635,10551
5.382604360580444,10550
5.400947570800781,10549
5.411232233047485,10548
5.428421974182129,10547
5.446176528930664,10546
5.462084531784058,10545
5.4722418785095215,10544
5.483763933181763,10543
5.49431037902832,10542
5.50480580329895,10541
5.515100955963135,10540
5.525322675704956,10539
5.535631418228149,10538
5.551657676696777,10537
5.561558723449707,10536
5.571729898452759,10535
5.583933115005493,10534
5.593975067138672,10533
5.630643606185913,10532
5.6502439975738525,10531
5.660522222518921,10530
5.670945167541504,10529
5.680917978286743,10528
5.691157579421997,10527
5.706160306930542,10526
5.71637487411499,10525
5.726683855056763,10524
5.7369225025177,10523
5.7469446659088135,10522
5.757162094116211,10521
5.780385494232178,10520
5.7909064292907715,10519
5.801936864852905,10518
5.812582015991211,10517
5.822754383087158,10516
5.833040475845337,10515
5.85753321647644,10514
5.873180627822876,10513
5.8925769329071045,10512
5.9023919105529785,10511
5.919616937637329,10510
5.93361234664917,10509
5.943597316741943,10508
5.953809499740601,10507
5.963779926300049,10506
5.983469247817993,10505
5.993415832519531,10504
6.0136399269104,10503
6.023809194564819,10502
6.033664226531982,10501
6.052648305892944,10500
6.062756299972534,10499
6.076350212097168,10498
6.086248159408569,10497
6.0964343547821045,10496
6.106184720993042,10495
6.122673034667969,10494
6.144252061843872,10493
6.1572957038879395,10492
6.167105674743652,10491
6.1772284507751465,10490
6.186959743499756,10489
6.197084426879883,10488
6.216805458068848,10487
6.226709604263306,10486
6.241697788238525,10485
6.258854150772095,10484
6.2690746784210205,10483
6.27937650680542,10482
6.289461374282837,10481
6.299735069274902,10480
6.30976128578186,10479
6.320072650909424,10478
6.3639442920684814,10477
6.373998165130615,10476
6.383955717086792,10475
6.41321587562561,10474
6.425795316696167,10473
6.443269491195679,10472
6.4805028438568115,10471
6.490551233291626,10470
6.5038299560546875,10469
6.5566606521606445,10468
6.567009449005127,10467
6.577178239822388,10466
6.592314720153809,10465
6.602102518081665,10464
6.619701147079468,10463
6.648060321807861,10462
6.6582725048065186,10461
6.669232368469238,10460
6.685886859893799,10459
6.695772886276245,10458
6.705938100814819,10457
6.7160725593566895,10456
6.745673894882202,10455
6.7578208446502686,10454
6.769408941268921,10453
6.790301322937012,10452
6.800318241119385,10451
6.81061315536499,10450
6.82095742225647,10449
6.830792427062988,10448
6.850879669189453,10447
6.865772247314453,10446
6.876006364822388,10445
6.886361598968506,10444
6.896427631378174,10443
6.906651735305786,10442
6.91719651222229,10441
6.937647104263306,10440
6.953892230987549,10439
6.963651180267334,10438
6.983251571655273,10437
6.993104457855225,10436
7.010115623474121,10435
7.030009508132935,10434
7.050230264663696,10433
7.060647010803223,10432
7.070870637893677,10431
7.092038869857788,10430
7.101893186569214,10429
7.112040281295776,10428
7.121887445449829,10427
7.141911268234253,10426
7.151859998703003,10425
7.162281036376953,10424
7.182100296020508,10423
7.199734210968018,10422
7.2097766399383545,10421
7.230274200439453,10420
7.251583576202393,10419
7.261713743209839,10418
7.289240837097168,10417
7.299156904220581,10416
7.309366703033447,10415
7.352316617965698,10414
7.362557888031006,10413
7.3820483684539795,10412
7.400284051895142,10411
7.411036252975464,10410
7.421962022781372,10409
7.446557283401489,10408
7.479890823364258,10407
7.490061283111572,10406
7.500136375427246,10405
7.511439323425293,10404
7.521263599395752,10403
7.538452625274658,10402
7.55775260925293,10401
7.567838430404663,10400
7.578111171722412,10399
7.598309278488159,10398
7.617002725601196,10397
7.6320202350616455,10396
7.641824245452881,10395
7.6741979122161865,10394
7.707919359207153,10393
7.718328952789307,10392
7.7282609939575195,10391
7.745432615280151,10390
7.755325794219971,10389
7.765475034713745,10388
7.775612115859985,10387
7.785650253295898,10386
7.796015977859497,10385
7.814715623855591,10384
7.829679012298584,10383
7.839499473571777,10382
7.849644184112549,10381
7.860108375549316,10380
7.870063066482544,10379
7.895410060882568,10378
7.905296325683594,10377
7.915440082550049,10376
7.925557851791382,10375
7.967183589935303,10374
7.994100093841553,10373
8.011227369308472,10372
8.023951768875122,10371
8.034245491027832,10370
8.044143199920654,10369
8.063147783279419,10368
8.073149919509888,10367
8.083402872085571,10366
8.09356689453125,10365
8.109373331069946,10364
8.132219314575195,10363
8.148059368133545,10362
8.158257007598877,10361
8.16829800605774,10360
8.178485870361328,10359
8.188222408294678,10358
8.198481321334839,10357
8.20832371711731,10356
8.22790241241455,10355
8.237741947174072,10354
8.24808144569397,10353
8.259565591812134,10352
8.275913953781128,10351
8.285971403121948,10350
8.296294212341309,10349
8.306357860565186,10348
8.316649913787842,10347
8.326876401901245,10346
8.33711838722229,10345
8.34715485572815,10344
8.365630149841309,10343
8.375609636306763,10342
8.395226001739502,10341
8.42569351196289,10340
8.435772895812988,10339
8.445967197418213,10338
8.468111991882324,10337
8.478158712387085,10336
8.498025894165039,10335
8.52219271659851,10334
8.537045240402222,10333
8.547069549560547,10332
8.563620567321777,10331
8.573489665985107,10330
8.587962865829468,10329
8.59781002998352,10328
8.608094692230225,10327
8.618011474609375,10326
8.628300428390503,10325
8.647931575775146,10324
8.657853364944458,10323
8.668385744094849,10322
8.683878898620605,10321
8.693811178207397,10320
8.704031229019165,10319
8.721313714981079,10318
8.731302261352539,10317
8.749632358551025,10316
8.759927034378052,10315
8.76974081993103,10314
8.79146146774292,10313
8.807162523269653,10312
8.817414045333862,10311
8.827499389648438,10310
8.83774185180664,10309
8.847635269165039,10308
8.867380380630493,10307
8.884456157684326,10306
8.894525527954102,10305
8.904866456985474,10304
8.939916133880615,10303
8.96708083152771,10302
8.977068662643433,10301
8.987264394760132,10300
8.997223377227783,10299
9.007446765899658,10298
9.017464637756348,10297
9.027823686599731,10296
9.048470735549927,10295
9.059143543243408,10294
9.071422576904297,10293
9.086246252059937,10292
9.09608769416809,10291
9.106236934661865,10290
9.116409301757812,10289
9.1262366771698,10288
9.136372089385986,10287
9.146158456802368,10286
9.17563772201538,10285
9.203216791152954,10284
9.213478088378906,10283
9.229618549346924,10282
9.239696502685547,10281
9.249991416931152,10280
9.263906240463257,10279
9.27396559715271,10278
9.2859365940094,10277
9.305138349533081,10276
9.321968793869019,10275
9.342013835906982,10274
9.352121353149414,10273
9.369582653045654,10272
9.379651546478271,10271
9.414538860321045,10270
9.424595355987549,10269
9.43483304977417,10268
9.444653749465942,10267
9.455886363983154,10266
9.479066133499146,10265
9.497343063354492,10264
9.507179975509644,10263
9.532484531402588,10262
9.542504787445068,10261
9.552762269973755,10260
9.562557935714722,10259
9.573039531707764,10258
9.582899570465088,10257
9.599496603012085,10256
9.61916208267212,10255
9.64323878288269,10254
9.670194625854492,10253
9.684355020523071,10252
9.694499731063843,10251
9.70475435256958,10250
9.72410798072815,10249
9.749682426452637,10248
9.765059232711792,10247
9.775269508361816,10246
9.785330533981323,10245
9.801669120788574,10244
9.811753511428833,10243
9.830891370773315,10242
9.840810775756836,10241
9.851129531860352,10240
9.87118935585022,10239
9.88155722618103,10238
9.89139699935913,10237
9.91031789779663,10236
9.934511184692383,10235
9.95773458480835,10234
9.967918157577515,10233
9.977711200714111,10232
9.987888097763062,10231
10.013344287872314,10230
