0.4854896068572998,8776
0.5850906372070312,8775
0.6800858974456787,8774
0.7705485820770264,8773
0.8615539073944092,8772
0.9531192779541016,8771
1.0440442562103271,8770
1.1354691982269287,8769
1.2271182537078857,8768
1.3178322315216064,8767
1.409292459487915,8766
1.500213623046875,8765
1.5907979011535645,8764
1.6818501949310303,8763
1.772231101989746,8762
1.8633849620819092,8761
1.9546723365783691,8760
2.045927047729492,8759
2.136962890625,8758
2.227821111679077,8757
2.3188934326171875,8756
2.410007953643799,8755
2.5007855892181396,8754
2.5917978286743164,8753
2.6823086738586426,8752
2.7731027603149414,8751
2.863701105117798,8750
2.954479694366455,8749
3.045988082885742,8748
3.1366331577301025,8747
3.2271904945373535,8746
3.3178961277008057,8745
3.408414125442505,8744
3.4991490840911865,8743
3.589817762374878,8742
3.6805896759033203,8741
3.7707293033599854,8740
3.8614625930786133,8739
3.952444553375244,8738
4.043405294418335,8737
4.134664535522461,8736
4.224560737609863,8735
4.3147571086883545,8734
4.404940366744995,8733
4.494949102401733,8732
4.585539817810059,8731
4.676433801651001,8730
4.76710844039917,8729
4.8575599193573,8728
4.947967052459717,8727
5.0380778312683105,8726
5.128266096115112,8725
5.219009637832642,8724
5.3093812465667725,8723
5.3993446826934814,8722
5.486143112182617,8721
5.573187828063965,8720
5.66092848777771,8719
5.7487077713012695,8718
5.836876392364502,8717
5.92527961730957,8716
6.013206958770752,8715
6.101291179656982,8714
6.188432455062866,8713
6.275887489318848,8712
6.363588571548462,8711
6.451161861419678,8710
6.538977861404419,8709
6.626251459121704,8708
6.713789224624634,8707
6.801601409912109,8706
6.889681816101074,8705
6.9776036739349365,8704
7.065062046051025,8703
7.152815341949463,8702
7.240848541259766,8701
7.329068422317505,8700
7.417980670928955,8699
7.506066083908081,8698
7.594390392303467,8697
7.68240761756897,8696
7.770413637161255,8695
7.858440637588501,8694
7.948122501373291,8693
8.035906791687012,8692
8.124025344848633,8691
8.211344718933105,8690
8.299439191818237,8689
8.388723611831665,8688
8.476836442947388,8687
8.565223932266235,8686
8.65361475944519,8685
8.741679191589355,8684
8.829943656921387,8683
8.918153047561646,8682
9.006781101226807,8681
9.09529161453247,8680
9.184048891067505,8679
9.272292137145996,8678
9.361083269119263,8677
9.450100421905518,8676
9.538508415222168,8675
9.62713074684143,8674
9.715434074401855,8673
9.803993225097656,8672
9.892089128494263,8671
9.980897426605225,8670
10.069531440734863,8669
10.158389329910278,8668
10.24682879447937,8667
10.33557415008545,8666
10.424266576766968,8665
10.512670040130615,8664
10.600912094116211,8663
10.68924069404602,8662
10.778007507324219,8661
10.866602420806885,8660
10.955698013305664,8659
11.044341087341309,8658
11.13332724571228,8657
11.223043441772461,8656
11.312533140182495,8655
11.401323080062866,8654
11.489696502685547,8653
11.57832384109497,8652
11.664987325668335,8651
11.753413915634155,8650
11.841901779174805,8649
11.92992115020752,8648
12.018175840377808,8647
12.10644245147705,8646
12.193414449691772,8645
12.28058910369873,8644
12.368327617645264,8643
12.45652961730957,8642
12.548084020614624,8641
12.63838529586792,8640
12.726603507995605,8639
12.813953638076782,8638
12.90138554573059,8637
12.989006996154785,8636
13.07702898979187,8635
13.167052745819092,8634
13.257429838180542,8633
13.347963571548462,8632
13.438105583190918,8631
13.528906106948853,8630
13.61943793296814,8629
13.709670543670654,8628
13.800638914108276,8627
13.889552116394043,8626
13.97703504562378,8625
14.064912557601929,8624
14.151791334152222,8623
14.238891124725342,8622
14.326489210128784,8621
14.413184642791748,8620
14.500489473342896,8619
14.587556838989258,8618
14.675770998001099,8617
14.763882637023926,8616
14.851609945297241,8615
14.93862271308899,8614
15.025563478469849,8613
15.11240839958191,8612
15.200580358505249,8611
15.288297891616821,8610
15.375247716903687,8609
15.461615800857544,8608
15.546404600143433,8607
15.632224321365356,8606
15.717952251434326,8605
15.805786371231079,8604
15.894034385681152,8603
15.983189105987549,8602
16.07310652732849,8601
16.161611080169678,8600
16.249685049057007,8599
16.338412761688232,8598
16.426908016204834,8597
16.514652013778687,8596
16.603252172470093,8595
16.691160202026367,8594
16.779750108718872,8593
16.870570182800293,8592
16.960770845413208,8591
17.05178213119507,8590
17.142277240753174,8589
17.232262134552002,8588
17.322777032852173,8587
17.41331934928894,8586
17.503472089767456,8585
17.593920946121216,8584
17.6848566532135,8583
17.774280548095703,8582
17.86270761489868,8581
17.951709508895874,8580
18.040224075317383,8579
18.128487586975098,8578
18.21700668334961,8577
18.305278062820435,8576
18.393816232681274,8575
18.482442617416382,8574
18.57047438621521,8573
18.658754110336304,8572
18.74703311920166,8571
18.835102796554565,8570
18.923338413238525,8569
19.01091957092285,8568
19.098854780197144,8567
19.187100410461426,8566
19.27422547340393,8565
19.359140157699585,8564
19.445852518081665,8563
19.53390383720398,8562
19.62147068977356,8561
19.709511280059814,8560
19.796143054962158,8559
19.880894899368286,8558
19.96310067176819,8557
20.04894495010376,8556
20.133556604385376,8555
20.22099757194519,8554
20.30886960029602,8553
20.39699959754944,8552
20.486453533172607,8551
20.576316833496094,8550
20.666958808898926,8549
20.757367849349976,8548
20.847012996673584,8547
20.935490369796753,8546
21.02297306060791,8545
21.10939645767212,8544
21.196304082870483,8543
21.282361268997192,8542
21.370955228805542,8541
21.460665225982666,8540
21.549772262573242,8539
21.639116764068604,8538
21.728550910949707,8537
21.817548751831055,8536
21.90676760673523,8535
21.996227979660034,8534
22.083826303482056,8533
22.170819520950317,8532
22.257936477661133,8531
22.34483551979065,8530
22.43228840827942,8529
22.51937699317932,8528
22.606542825698853,8527
22.69390845298767,8526
22.78149724006653,8525
22.868268728256226,8524
22.955602407455444,8523
23.04295039176941,8522
23.129826307296753,8521
23.215848445892334,8520
23.30312418937683,8519
23.391538858413696,8518
23.479203701019287,8517
23.56756019592285,8516
23.655407428741455,8515
23.742352724075317,8514
23.828651189804077,8513
23.913394689559937,8512
23.999226570129395,8511
24.08529567718506,8510
24.1724956035614,8509
24.26052188873291,8508
24.348466157913208,8507
24.437163591384888,8506
24.526898622512817,8505
24.616069793701172,8504
24.706214904785156,8503
24.79574728012085,8502
24.885504007339478,8501
24.97321081161499,8500
25.060152769088745,8499
25.14700675010681,8498
25.233944416046143,8497
25.323097705841064,8496
25.41253900527954,8495
25.50201725959778,8494
25.59095048904419,8493
25.67845892906189,8492
25.765024423599243,8491
25.851492404937744,8490
25.938194513320923,8489
26.025028944015503,8488
26.11262583732605,8487
26.200052976608276,8486
26.287485361099243,8485
26.37370228767395,8484
26.460492372512817,8483
26.547539234161377,8482
26.635205030441284,8481
26.722004413604736,8480
26.8098726272583,8479
26.897385120391846,8478
26.985336542129517,8477
27.071470499038696,8476
27.15751838684082,8475
27.24205231666565,8474
27.32605528831482,8473
27.409825563430786,8472
27.4951491355896,8471
27.581759691238403,8470
27.66976547241211,8469
27.757874011993408,8468
27.8459312915802,8467
27.934993505477905,8466
28.026699781417847,8465
28.115868091583252,8464
28.205968618392944,8463
28.29528832435608,8462
28.385218620300293,8461
28.473817586898804,8460
28.561328172683716,8459
28.648836612701416,8458
28.737720489501953,8457
28.826043367385864,8456
28.91354489326477,8455
29.00064492225647,8454
29.08897566795349,8453
29.175843715667725,8452
29.260798931121826,8451
29.347538948059082,8450
29.434909343719482,8449
29.522753477096558,8448
29.61013150215149,8447
29.69779372215271,8446
29.784482717514038,8445
29.869620323181152,8444
29.952901124954224,8443
30.037791967391968,8442
30.120694875717163,8441
30.206074476242065,8440
30.292490243911743,8439
30.38034439086914,8438
30.469258308410645,8437
30.557788610458374,8436
30.64637541770935,8435
30.735565662384033,8434
30.82430863380432,8433
30.91342806816101,8432
31.00333261489868,8431
31.092530250549316,8430
31.179538011550903,8429
31.26844835281372,8428
31.35704207420349,8427
31.44591736793518,8426
31.532373189926147,8425
31.616870641708374,8424
31.703458309173584,8423
31.790466785430908,8422
31.877872943878174,8421
31.964248418807983,8420
32.05179309844971,8419
32.13975763320923,8418
32.227291107177734,8417
32.31423544883728,8416
32.40082144737244,8415
32.48659706115723,8414
32.572351932525635,8413
32.6573920249939,8412
32.7428514957428,8411
32.82933521270752,8410
32.917157888412476,8409
33.00582027435303,8408
33.0945782661438,8407
33.18376660346985,8406
33.272955894470215,8405
33.36231994628906,8404
33.45178294181824,8403
33.54169535636902,8402
33.63148474693298,8401
33.7199592590332,8400
33.80810546875,8399
33.89659881591797,8398
33.985304832458496,8397
34.074265003204346,8396
34.15983581542969,8395
34.24562478065491,8394
34.33347964286804,8393
34.42094421386719,8392
34.5080943107605,8391
34.59560012817383,8390
34.682910442352295,8389
34.76979398727417,8388
34.855663537979126,8387
34.940035820007324,8386
35.02586269378662,8385
35.109458684921265,8384
35.195382833480835,8383
35.28265047073364,8382
35.37023615837097,8381
35.458754539489746,8380
35.547234773635864,8379
35.636104345321655,8378
35.724952697753906,8377
35.81410527229309,8376
35.90324425697327,8375
35.99258470535278,8374
36.08044624328613,8373
36.16684293746948,8372
36.25324010848999,8371
36.33978533744812,8370
36.42553782463074,8369
36.51128959655762,8368
36.59829592704773,8367
36.68435788154602,8366
36.77030563354492,8365
36.85638117790222,8364
36.94230318069458,8363
37.02843260765076,8362
37.11452555656433,8361
37.20075798034668,8360
37.28620266914368,8359
37.37198829650879,8358
37.45775270462036,8357
37.54382014274597,8356
37.632142782211304,8355
37.72093987464905,8354
37.80653524398804,8353
37.8901469707489,8352
37.97483706474304,8351
38.057329416275024,8350
38.14030456542969,8349
38.226033210754395,8348
38.30883717536926,8347
38.392438650131226,8346
38.47660851478577,8345
38.560129165649414,8344
38.643568992614746,8343
38.72720766067505,8342
38.80987071990967,8341
38.89245128631592,8340
38.976130962371826,8339
39.06445050239563,8338
39.152636766433716,8337
39.241315841674805,8336
39.33027148246765,8335
39.419522762298584,8334
39.5086567401886,8333
39.59749245643616,8332
39.686044216156006,8331
39.774962425231934,8330
39.86407518386841,8329
39.953012466430664,8328
40.04129076004028,8327
40.12998819351196,8326
40.21886682510376,8325
40.30763268470764,8324
40.396451234817505,8323
40.48542046546936,8322
40.57427620887756,8321
40.66326951980591,8320
40.75258255004883,8319
40.8412663936615,8318
40.929993629455566,8317
41.018200397491455,8316
41.106669902801514,8315
41.195417165756226,8314
41.28403377532959,8313
41.37338876724243,8312
41.46126675605774,8311
41.54954743385315,8310
41.63814878463745,8309
41.726418256759644,8308
41.814563274383545,8307
41.90293478965759,8306
41.99136424064636,8305
42.07937550544739,8304
42.167434215545654,8303
42.25570249557495,8302
42.344337701797485,8301
42.432249546051025,8300
42.52046728134155,8299
42.60849642753601,8298
42.69691467285156,8297
42.78526973724365,8296
42.8736469745636,8295
42.962220191955566,8294
43.05018711090088,8293
43.13841915130615,8292
43.226377725601196,8291
43.314632415771484,8290
43.40294408798218,8289
43.49124002456665,8288
43.5792670249939,8287
43.66742181777954,8286
43.75533437728882,8285
43.84373712539673,8284
43.93219208717346,8283
44.02096247673035,8282
44.11024761199951,8281
44.19946026802063,8280
44.288384675979614,8279
44.37679958343506,8278
44.46543645858765,8277
44.553889989852905,8276
44.64233326911926,8275
44.73088717460632,8274
44.820032835006714,8273
44.90856719017029,8272
44.99670219421387,8271
45.08312201499939,8270
45.1691792011261,8269
45.25515794754028,8268
45.34141302108765,8267
45.427507638931274,8266
45.51361680030823,8265
45.59976291656494,8264
45.68566966056824,8263
45.77181625366211,8262
45.857972860336304,8261
45.94402503967285,8260
46.0300555229187,8259
46.116159439086914,8258
46.20253014564514,8257
46.28829526901245,8256
46.37440848350525,8255
46.460468769073486,8254
46.54602360725403,8253
46.63188362121582,8252
46.717599868774414,8251
46.80386233329773,8250
46.89033222198486,8249
46.976433515548706,8248
47.0627326965332,8247
47.148746490478516,8246
47.234678745269775,8245
47.32023644447327,8244
47.405630588531494,8243
47.49174904823303,8242
47.579214572906494,8241
47.66509437561035,8240
47.75075674057007,8239
47.8374445438385,8238
47.92276620864868,8237
48.00830411911011,8236
48.09349775314331,8235
48.17928886413574,8234
48.264830589294434,8233
48.35028004646301,8232
48.435773849487305,8231
48.52184271812439,8230
48.607723236083984,8229
48.69321966171265,8228
48.7793345451355,8227
48.86512088775635,8226
48.95110559463501,8225
49.03561615943909,8224
49.12044548988342,8223
49.20626378059387,8222
49.292208194732666,8221
49.37744331359863,8220
49.46405839920044,8219
49.54928255081177,8218
49.63447093963623,8217
49.719911098480225,8216
49.805347204208374,8215
49.891103744506836,8214
49.97471213340759,8213
50.059977293014526,8212
50.145222663879395,8211
50.23093891143799,8210
50.31644678115845,8209
50.40258431434631,8208
50.48911714553833,8207
50.57500863075256,8206
50.66219878196716,8205
50.748960971832275,8204
50.83469200134277,8203
50.920724868774414,8202
51.0068736076355,8201
51.09257698059082,8200
51.17885613441467,8199
51.26549482345581,8198
51.354002475738525,8197
51.44262194633484,8196
51.53052592277527,8195
51.618778467178345,8194
51.70692253112793,8193
51.79494667053223,8192
51.883033752441406,8191
51.97141194343567,8190
52.05944514274597,8189
52.1477108001709,8188
52.23585510253906,8187
52.32393169403076,8186
52.41198658943176,8185
52.500349044799805,8184
52.588539123535156,8183
52.67622470855713,8182
52.76400136947632,8181
52.851826906204224,8180
52.93958020210266,8179
53.02715301513672,8178
53.11488890647888,8177
53.20368456840515,8176
53.29141569137573,8175
53.378846645355225,8174
53.46655201911926,8173
53.554510831832886,8172
53.64238452911377,8171
53.73042368888855,8170
53.81817579269409,8169
53.90591502189636,8168
53.99356508255005,8167
54.08135676383972,8166
54.16965293884277,8165
54.25759267807007,8164
54.345438957214355,8163
54.433404207229614,8162
54.52114963531494,8161
54.60919761657715,8160
54.69674873352051,8159
54.78518486022949,8158
54.87322378158569,8157
54.96092510223389,8156
55.048929929733276,8155
55.136510610580444,8154
55.224300146102905,8153
55.31245422363281,8152
55.40008068084717,8151
55.487868309020996,8150
55.57499814033508,8149
55.66268873214722,8148
55.75125598907471,8147
55.8393759727478,8146
55.92775750160217,8145
56.01566672325134,8144
56.10380172729492,8143
56.191465854644775,8142
56.27950310707092,8141
56.36788463592529,8140
56.45565342903137,8139
56.54371976852417,8138
56.63201141357422,8137
56.72024464607239,8136
56.80864453315735,8135
56.89673733711243,8134
56.98542046546936,8133
57.07399034500122,8132
57.15940809249878,8131
57.24475955963135,8130
57.33036017417908,8129
57.41533899307251,8128
57.50057768821716,8127
57.58640766143799,8126
57.67146372795105,8125
57.75699520111084,8124
57.84265470504761,8123
57.92748284339905,8122
58.012535095214844,8121
58.0980167388916,8120
58.18308210372925,8119
58.268245220184326,8118
58.35405683517456,8117
58.43972849845886,8116
58.52507162094116,8115
58.61045837402344,8114
58.69518852233887,8113
58.78008842468262,8112
58.865392208099365,8111
58.950275182724,8110
59.03587102890015,8109
59.12205481529236,8108
59.20693278312683,8107
59.29197144508362,8106
59.37718892097473,8105
59.46200108528137,8104
59.54761457443237,8103
59.634002923965454,8102
59.71929979324341,8101
59.80463433265686,8100
59.88942837715149,8099
59.97442960739136,8098
60.060858488082886,8097
60.14532947540283,8096
60.229975938797,8095
60.31500053405762,8094
60.39954209327698,8093
60.48457169532776,8092
60.57002401351929,8091
60.655669927597046,8090
60.74111485481262,8089
60.8259003162384,8088
60.91010761260986,8087
60.9948308467865,8086
61.080304861068726,8085
61.16559052467346,8084
61.2509400844574,8083
61.33622407913208,8082
61.42171120643616,8081
61.50662636756897,8080
61.59170866012573,8079
61.67764663696289,8078
61.763458490371704,8077
61.84924292564392,8076
61.934996604919434,8075
62.021039724349976,8074
62.10685110092163,8073
62.1926805973053,8072
62.278167724609375,8071
62.36382007598877,8070
62.449458837509155,8069
62.5352783203125,8068
62.621071338653564,8067
62.70657753944397,8066
62.792330503463745,8065
62.878002643585205,8064
62.963223695755005,8063
63.04887819290161,8062
63.13406229019165,8061
63.219515562057495,8060
63.305320501327515,8059
63.388776540756226,8058
63.47428297996521,8057
63.55906653404236,8056
63.644681215286255,8055
63.72910213470459,8054
63.812766313552856,8053
63.896764039993286,8052
63.97975134849548,8051
64.06449270248413,8050
64.15000009536743,8049
64.23644661903381,8048
64.32314157485962,8047
64.40806984901428,8046
64.49273633956909,8045
64.57655668258667,8044
64.6605589389801,8043
64.7453305721283,8042
64.83210468292236,8041
64.91911172866821,8040
65.00718522071838,8039
65.09411907196045,8038
65.18147253990173,8037
65.26839971542358,8036
65.35519504547119,8035
65.43958520889282,8034
65.52353501319885,8033
65.60735893249512,8032
65.69083166122437,8031
65.77477669715881,8030
65.85893201828003,8029
65.9430615901947,8028
66.027419090271,8027
66.11144781112671,8026
66.19595146179199,8025
66.28015398979187,8024
66.36462950706482,8023
66.44741129875183,8022
66.53211450576782,8021
66.61718153953552,8020
66.7014651298523,8019
66.78547763824463,8018
66.86754274368286,8017
66.94743180274963,8016
67.02851724624634,8015
67.1094982624054,8014
67.19296956062317,8013
67.27728843688965,8012
67.36264038085938,8011
67.44934296607971,8010
67.53676629066467,8009
67.6219654083252,8008
67.70646977424622,8007
67.79080271720886,8006
67.875004529953,8005
67.95946288108826,8004
68.04403185844421,8003
68.12942266464233,8002
68.21733260154724,8001
68.30489301681519,8000
68.39225792884827,7999
68.47960162162781,7998
68.56646704673767,7997
68.65320420265198,7996
68.74030804634094,7995
68.82763671875,7994
68.91523957252502,7993
69.00215125083923,7992
69.08797192573547,7991
69.17217755317688,7990
69.25665020942688,7989
69.34086346626282,7988
69.42505359649658,7987
69.50961112976074,7986
69.59436106681824,7985
69.67796802520752,7984
69.76142740249634,7983
69.84475350379944,7982
69.92862558364868,7981
70.01266121864319,7980
70.09713816642761,7979
70.18192982673645,7978
70.26536130905151,7977
70.34909176826477,7976
70.43264508247375,7975
70.51438450813293,7974
70.59904646873474,7973
70.68384432792664,7972
70.76857924461365,7971
70.85363507270813,7970
70.9368507862091,7969
71.01898765563965,7968
71.1016800403595,7967
71.18364906311035,7966
71.26667404174805,7965
71.3514518737793,7964
71.43711113929749,7963
71.52281761169434,7962
71.60866641998291,7961
71.69543862342834,7960
71.78243374824524,7959
71.86839389801025,7958
71.95272278785706,7957
72.03612637519836,7956
72.11979484558105,7955
72.2027359008789,7954
72.28618478775024,7953
72.37018823623657,7952
72.45636296272278,7951
72.54273462295532,7950
72.62966895103455,7949
72.71657109260559,7948
72.8032820224762,7947
72.88959217071533,7946
72.97598886489868,7945
73.0625958442688,7944
73.14773035049438,7943
73.23228764533997,7942
73.31665444374084,7941
73.40100288391113,7940
73.48586893081665,7939
73.57007646560669,7938
73.65384101867676,7937
73.73845338821411,7936
73.82329106330872,7935
73.90817046165466,7934
73.99278211593628,7933
74.07662296295166,7932
74.16039752960205,7931
74.24379634857178,7930
74.3290867805481,7929
74.41478443145752,7928
74.49929761886597,7927
74.58412551879883,7926
74.66905903816223,7925
74.75315546989441,7924
74.83718752861023,7923
74.9202721118927,7922
75.00335597991943,7921
75.08575391769409,7920
75.16698384284973,7919
75.24776792526245,7918
75.32930421829224,7917
75.41149640083313,7916
75.49426031112671,7915
75.57882285118103,7914
75.66365885734558,7913
75.74907732009888,7912
75.83519411087036,7911
75.92146492004395,7910
76.00807571411133,7909
76.094979763031,7908
76.18204307556152,7907
76.26889252662659,7906
76.35467314720154,7905
76.43943333625793,7904
76.5228910446167,7903
76.60651659965515,7902
76.69187450408936,7901
76.77795839309692,7900
76.8645486831665,7899
76.9490704536438,7898
77.03262996673584,7897
77.11682939529419,7896
77.19979357719421,7895
77.28416895866394,7894
77.36888480186462,7893
77.45318579673767,7892
77.53565311431885,7891
77.61764717102051,7890
77.70175743103027,7889
77.78673338890076,7888
77.86977577209473,7887
77.95362281799316,7886
78.03786540031433,7885
78.1208758354187,7884
78.20328044891357,7883
78.28621292114258,7882
78.36846590042114,7881
78.45092058181763,7880
78.52968978881836,7879
78.60831832885742,7878
78.68741488456726,7877
78.76986742019653,7876
78.84991240501404,7875
78.93262338638306,7874
79.01650643348694,7873
79.10032534599304,7872
79.18571972846985,7871
79.27187466621399,7870
79.35799312591553,7869
79.44478273391724,7868
79.53154444694519,7867
79.61848568916321,7866
79.70526957511902,7865
79.79147911071777,7864
79.87607955932617,7863
79.96077704429626,7862
80.04620170593262,7861
80.13256454467773,7860
80.2169394493103,7859
80.30077862739563,7858
80.38670945167542,7857
80.47142791748047,7856
80.5544171333313,7855
80.6377465724945,7854
80.72241830825806,7853
80.80715107917786,7852
80.89128232002258,7851
80.97602486610413,7850
81.06034755706787,7849
81.14341163635254,7848
81.22534489631653,7847
81.3088538646698,7846
81.38905024528503,7845
81.47029161453247,7844
81.55333805084229,7843
81.63785433769226,7842
81.7223801612854,7841
81.80769467353821,7840
81.89367628097534,7839
81.97927522659302,7838
82.06542444229126,7837
82.15215802192688,7836
82.23928952217102,7835
82.32659602165222,7834
82.41067743301392,7833
82.4967930316925,7832
82.58267784118652,7831
82.6688973903656,7830
82.75475430488586,7829
82.84132504463196,7828
82.92601466178894,7827
83.00665998458862,7826
83.08996272087097,7825
83.1745297908783,7824
83.25834059715271,7823
83.34208059310913,7822
83.42612910270691,7821
83.509521484375,7820
83.59247589111328,7819
83.6737744808197,7818
83.7541811466217,7817
83.83548593521118,7816
83.91683745384216,7815
83.99859428405762,7814
84.08013319969177,7813
84.16278266906738,7812
84.2444269657135,7811
84.32731103897095,7810
84.41164970397949,7809
84.49671387672424,7808
84.58264255523682,7807
84.66863751411438,7806
84.75476574897766,7805
84.84096646308899,7804
84.92729496955872,7803
85.01398730278015,7802
85.10128378868103,7801
85.18796825408936,7800
85.27327609062195,7799
85.35960459709167,7798
85.44574618339539,7797
85.53219151496887,7796
85.61677122116089,7795
85.69892621040344,7794
85.78281760215759,7793
85.86787939071655,7792
85.95209312438965,7791
86.03574085235596,7790
86.12012839317322,7789
86.20446562767029,7788
86.2888023853302,7787
86.37297773361206,7786
86.45624041557312,7785
86.53917956352234,7784
86.62233304977417,7783
86.70488572120667,7782
86.7863199710846,7781
86.86773324012756,7780
86.95038509368896,7779
87.03087830543518,7778
87.11421298980713,7777
87.1981954574585,7776
87.28282427787781,7775
87.3679347038269,7774
87.45344734191895,7773
87.53954577445984,7772
87.62541961669922,7771
87.7119550704956,7770
87.79856753349304,7769
87.88641381263733,7768
87.97388505935669,7767
88.05940675735474,7766
88.14339208602905,7765
88.2264940738678,7764
88.31021332740784,7763
88.39363384246826,7762
88.47661423683167,7761
88.55956864356995,7760
88.64289402961731,7759
88.72667074203491,7758
88.80916023254395,7757
88.89261937141418,7756
88.97581911087036,7755
89.05895519256592,7754
89.14192080497742,7753
89.22486615180969,7752
89.30819344520569,7751
89.39136791229248,7750
89.4744462966919,7749
89.55899834632874,7748
89.64541864395142,7747
89.72825169563293,7746
89.80805683135986,7745
89.8877170085907,7744
89.96712946891785,7743
90.04676389694214,7742
90.12656021118164,7741
90.20792388916016,7740
90.28822827339172,7739
90.37000179290771,7738
90.45261859893799,7737
90.53529763221741,7736
90.61810851097107,7735
90.70025134086609,7734
90.78196597099304,7733
90.86171913146973,7732
90.94263744354248,7731
91.0273060798645,7730
91.11190223693848,7729
91.1976580619812,7728
91.28302907943726,7727
91.36849784851074,7726
91.45384287834167,7725
91.53912019729614,7724
91.62483620643616,7723
91.71103048324585,7722
91.7971019744873,7721
91.88249921798706,7720
91.96810460090637,7719
92.05413937568665,7718
92.14016628265381,7717
92.2265293598175,7716
92.31202626228333,7715
92.39822578430176,7714
92.48396754264832,7713
92.5698618888855,7712
92.65544652938843,7711
92.7411277294159,7710
92.82679319381714,7709
92.9126136302948,7708
92.99806809425354,7707
93.08397769927979,7706
93.16943049430847,7705
93.25488066673279,7704
93.34062218666077,7703
93.42653727531433,7702
93.51232361793518,7701
93.59816360473633,7700
93.68369221687317,7699
93.76935815811157,7698
93.85526943206787,7697
93.9418511390686,7696
94.02780866622925,7695
94.11387634277344,7694
94.19935607910156,7693
94.28517270088196,7692
94.37160348892212,7691
94.45830225944519,7690
94.54463338851929,7689
94.63109755516052,7688
94.71747946739197,7687
94.8032534122467,7686
94.88909387588501,7685
94.974289894104,7684
95.05991387367249,7683
95.14612197875977,7682
95.23151421546936,7681
95.31704115867615,7680
95.40232801437378,7679
95.48753118515015,7678
95.57359433174133,7677
95.65976595878601,7676
95.74591398239136,7675
95.83188676834106,7674
95.918217420578,7673
96.00445127487183,7672
96.090567111969,7671
96.17676210403442,7670
96.2628128528595,7669
96.34898257255554,7668
96.43496942520142,7667
96.52062106132507,7666
96.60630917549133,7665
96.69235396385193,7664
96.77827620506287,7663
96.86456799507141,7662
96.95061826705933,7661
97.03669261932373,7660
97.12077188491821,7659
97.20450687408447,7658
97.2880322933197,7657
97.37171411514282,7656
97.45562100410461,7655
97.53899002075195,7654
97.62228608131409,7653
97.7056655883789,7652
97.78904366493225,7651
97.87275671958923,7650
97.95665216445923,7649
98.0404691696167,7648
98.12394046783447,7647
98.20739603042603,7646
98.29038000106812,7645
98.37394857406616,7644
98.45744848251343,7643
98.54114508628845,7642
98.62494039535522,7641
98.70857834815979,7640
98.79237484931946,7639
98.87635445594788,7638
98.960200548172,7637
99.04425263404846,7636
99.12791585922241,7635
99.21180939674377,7634
99.29554533958435,7633
99.37881636619568,7632
99.46213030815125,7631
99.54652428627014,7630
99.63102769851685,7629
99.71430563926697,7628
99.797611951828,7627
99.88078212738037,7626
99.96450018882751,7625
