0.010982275009155273,11022
0.021543502807617188,11021
0.03211665153503418,11020
0.04235100746154785,11019
0.05272531509399414,11018
0.0647432804107666,11017
0.07659506797790527,11016
0.08740544319152832,11015
0.09829139709472656,11014
0.10845327377319336,11013
0.11875653266906738,11012
0.12882041931152344,11011
0.13930368423461914,11010
0.14996886253356934,11009
0.16033315658569336,11008
0.17049908638000488,11007
0.1807546615600586,11006
0.19083929061889648,11005
0.2012331485748291,11004
0.21149015426635742,11003
0.22168660163879395,11002
0.23171687126159668,11001
0.24213671684265137,11000
0.25248193740844727,10999
0.26286888122558594,10998
0.27291083335876465,10997
0.28324222564697266,10996
0.29335522651672363,10995
0.30358409881591797,10994
0.3135988712310791,10993
0.3237438201904297,10992
0.3339390754699707,10991
0.34454798698425293,10990
0.35480237007141113,10989
0.3650798797607422,10988
0.37532973289489746,10987
0.3856363296508789,10986
0.3957493305206299,10985
0.40599846839904785,10984
0.4159989356994629,10983
0.42609286308288574,10982
0.436046838760376,10981
0.44615745544433594,10980
0.45611047744750977,10979
0.4662461280822754,10978
0.47622227668762207,10977
0.4933743476867676,10976
0.5034670829772949,10975
0.5147254467010498,10974
0.5255835056304932,10973
0.5385334491729736,10972
0.5497763156890869,10971
0.5606155395507812,10970
0.5707859992980957,10969
0.5810363292694092,10968
0.5908341407775879,10967
0.6009640693664551,10966
0.6147675514221191,10965
0.6251847743988037,10964
0.6351556777954102,10963
0.6455097198486328,10962
0.6553759574890137,10961
0.6655335426330566,10960
0.6753265857696533,10959
0.6855847835540771,10958
0.6954634189605713,10957
0.7056066989898682,10956
0.715430736541748,10955
0.7259104251861572,10954
0.735999584197998,10953
0.7470288276672363,10952
0.7571239471435547,10951
0.767411470413208,10950
0.7774386405944824,10949
0.7877676486968994,10948
0.797703742980957,10947
0.8080136775970459,10946
0.8178813457489014,10945
0.8279869556427002,10944
0.8427162170410156,10943
0.8527586460113525,10942
0.8628528118133545,10941
0.8732683658599854,10940
0.8832547664642334,10939
0.893458366394043,10938
0.9034757614135742,10937
0.9136703014373779,10936
0.9238719940185547,10935
0.9341769218444824,10934
0.9447262287139893,10933
0.9553244113922119,10932
0.9657819271087646,10931
0.97605299949646,10930
0.9861252307891846,10929
0.9963169097900391,10928
1.006335973739624,10927
1.0173282623291016,10926
1.027778148651123,10925
1.038245677947998,10924
1.0484650135040283,10923
1.0588717460632324,10922
1.0691800117492676,10921
1.0794363021850586,10920
1.0894956588745117,10919
1.0999815464019775,10918
1.1100094318389893,10917
1.1203327178955078,10916
1.1304609775543213,10915
1.1407177448272705,10914
1.1512811183929443,10913
1.1615386009216309,10912
1.177673578262329,10911
1.1878149509429932,10910
1.1976418495178223,10909
1.2079455852508545,10908
1.2177598476409912,10907
1.2280879020690918,10906
1.2379138469696045,10905
1.2480757236480713,10904
1.2582402229309082,10903
1.2686488628387451,10902
1.2788360118865967,10901
1.295732021331787,10900
1.305633783340454,10899
1.3158416748046875,10898
1.3260056972503662,10897
1.3358850479125977,10896
1.346590280532837,10895
1.3565199375152588,10894
1.3751304149627686,10893
1.3849759101867676,10892
1.395228624343872,10891
1.4053592681884766,10890
1.415132761001587,10889
1.4252583980560303,10888
1.43505859375,10887
1.4451298713684082,10886
1.4637997150421143,10885
1.4738225936889648,10884
1.4838056564331055,10883
1.4940295219421387,10882
1.5040550231933594,10881
1.516315221786499,10880
1.5270836353302002,10879
1.5404772758483887,10878
1.5509238243103027,10877
1.561274766921997,10876
1.5713112354278564,10875
1.5816981792449951,10874
1.5917422771453857,10873
1.601942539215088,10872
1.611748456954956,10871
1.621971845626831,10870
1.6318271160125732,10869
1.6419384479522705,10868
1.6519982814788818,10867
1.6621687412261963,10866
1.6719958782196045,10865
1.6822092533111572,10864
1.6921288967132568,10863
1.7023100852966309,10862
1.7120976448059082,10861
1.7222847938537598,10860
1.7321033477783203,10859
1.7424886226654053,10858
1.7524054050445557,10857
1.7629661560058594,10856
1.7728829383850098,10855
1.7833161354064941,10854
1.7931721210479736,10853
1.8035523891448975,10852
1.819333553314209,10851
1.8346221446990967,10850
1.8534619808197021,10849
1.870758056640625,10848
1.8872458934783936,10847
1.8978445529937744,10846
1.9084789752960205,10845
1.9187159538269043,10844
1.9285244941711426,10843
1.9387538433074951,10842
1.9490432739257812,10841
1.9593942165374756,10840
1.9693968296051025,10839
1.9796245098114014,10838
1.989623785018921,10837
1.9998176097869873,10836
2.0098800659179688,10835
2.02567982673645,10834
2.0357697010040283,10833
2.045983076095581,10832
2.0563948154449463,10831
2.06623911857605,10830
2.076417922973633,10829
2.086244821548462,10828
2.0966672897338867,10827
2.1066346168518066,10826
2.1168811321258545,10825
2.1268155574798584,10824
2.1370091438293457,10823
2.1471729278564453,10822
2.1574904918670654,10821
2.176687240600586,10820
2.1871018409729004,10819
2.197000741958618,10818
2.2072722911834717,10817
2.217104196548462,10816
2.2272634506225586,10815
2.246067762374878,10814
2.2562568187713623,10813
2.2693188190460205,10812
2.2795944213867188,10811
2.28971004486084,10810
2.3003153800964355,10809
2.3104500770568848,10808
2.3207998275756836,10807
2.330850124359131,10806
2.3410682678222656,10805
2.351539373397827,10804
2.3619911670684814,10803
2.3912718296051025,10802
2.402299404144287,10801
2.412416696548462,10800
2.422895669937134,10799
2.4329540729522705,10798
2.4432103633880615,10797
2.453274726867676,10796
2.4727420806884766,10795
2.482856512069702,10794
2.4930260181427,10793
2.5028398036956787,10792
2.514631509780884,10791
2.5251669883728027,10790
2.536038398742676,10789
2.546511173248291,10788
2.557210922241211,10787
2.5672762393951416,10786
2.577706813812256,10785
2.5876715183258057,10784
2.6143574714660645,10783
2.6241908073425293,10782
2.648679256439209,10781
2.659008502960205,10780
2.6688592433929443,10779
2.6790404319763184,10778
2.6888651847839355,10777
2.699148416519165,10776
2.709246873855591,10775
2.7195401191711426,10774
2.72947359085083,10773
2.739910840988159,10772
2.7502872943878174,10771
2.7606396675109863,10770
2.7709405422210693,10769
2.781365394592285,10768
2.79152512550354,10767
2.802002429962158,10766
2.811925172805786,10765
2.8221704959869385,10764
2.8418354988098145,10763
2.851952314376831,10762
2.867147445678711,10761
2.877237319946289,10760
2.8873448371887207,10759
2.8980371952056885,10758
2.910301446914673,10757
2.9205827713012695,10756
2.940873861312866,10755
2.95137619972229,10754
2.96183180809021,10753
2.971951961517334,10752
2.9822089672088623,10751
3.000389814376831,10750
3.0105667114257812,10749
3.020625114440918,10748
3.031027317047119,10747
3.0410263538360596,10746
3.0513665676116943,10745
3.0613327026367188,10744
3.077509641647339,10743
3.0876662731170654,10742
3.0981287956237793,10741
3.1083834171295166,10740
3.118292808532715,10739
3.1284847259521484,10738
3.1385414600372314,10737
3.154923677444458,10736
3.164882183074951,10735
3.175170421600342,10734
3.185429811477661,10733
3.1952402591705322,10732
3.205498218536377,10731
3.2154271602630615,10730
3.2255899906158447,10729
3.2354252338409424,10728
3.2455756664276123,10727
3.2604031562805176,10726
3.2707414627075195,10725
3.2809934616088867,10724
3.291508436203003,10723
3.3016796112060547,10722
3.3174149990081787,10721
3.3275485038757324,10720
3.3433690071105957,10719
3.3535170555114746,10718
3.3638627529144287,10717
3.383155584335327,10716
3.3932135105133057,10715
3.403299331665039,10714
3.4135079383850098,10713
3.423389434814453,10712
3.433600425720215,10711
3.4434432983398438,10710
3.453700542449951,10709
3.463574171066284,10708
3.4737651348114014,10707
3.4835684299468994,10706
3.4938786029815674,10705
3.5037269592285156,10704
3.5146021842956543,10703
3.524739980697632,10702
3.5428831577301025,10701
3.5628228187561035,10700
3.5730814933776855,10699
3.583420753479004,10698
3.5934743881225586,10697
3.613931894302368,10696
3.624274492263794,10695
3.6341705322265625,10694
3.656961441040039,10693
3.6751980781555176,10692
3.6922085285186768,10691
3.7119221687316895,10690
3.727245807647705,10689
3.7373790740966797,10688
3.7481465339660645,10687
3.7585387229919434,10686
3.7739429473876953,10685
3.7843987941741943,10684
3.7947335243225098,10683
3.8053672313690186,10682
3.815528154373169,10681
3.8259074687957764,10680
3.8359997272491455,10679
3.8464131355285645,10678
3.866116762161255,10677
3.8810951709747314,10676
3.8937392234802246,10675
3.9083094596862793,10674
3.918635606765747,10673
3.9285013675689697,10672
3.939042568206787,10671
3.949516773223877,10670
3.959864616394043,10669
3.979743242263794,10668
3.989614248275757,10667
3.999828338623047,10666
4.010047435760498,10665
4.03279447555542,10664
4.04320502281189,10663
4.05307936668396,10662
4.072689056396484,10661
4.082504034042358,10660
4.092889308929443,10659
4.103274583816528,10658
4.113144159317017,10657
4.1233766078948975,10656
4.133334398269653,10655
4.144448518753052,10654
4.154621839523315,10653
4.1664228439331055,10652
4.176418304443359,10651
4.18663763999939,10650
4.196884870529175,10649
4.206848621368408,10648
4.2171735763549805,10647
4.226951837539673,10646
4.2396626472473145,10645
4.249518156051636,10644
4.265501499176025,10643
4.284988641738892,10642
4.295280694961548,10641
4.30563759803772,10640
4.322484016418457,10639
4.332696199417114,10638
4.343051195144653,10637
4.361226797103882,10636
4.371104717254639,10635
4.381415367126465,10634
4.399001359939575,10633
4.409170866012573,10632
4.419214725494385,10631
4.42937707901001,10630
4.446844100952148,10629
4.479065895080566,10628
4.489167213439941,10627
4.500941514968872,10626
4.512743234634399,10625
4.526026487350464,10624
4.536327362060547,10623
4.5648603439331055,10622
4.574942111968994,10621
4.585286617279053,10620
4.595158576965332,10619
4.605539798736572,10618
4.619229316711426,10617
4.629939317703247,10616
4.6500372886657715,10615
4.659935235977173,10614
4.670133352279663,10613
4.680322647094727,10612
4.690316438674927,10611
4.70544171333313,10610
4.715392589569092,10609
4.725584268569946,10608
4.735857725143433,10607
4.746159076690674,10606
4.756622552871704,10605
4.766528606414795,10604
4.776803493499756,10603
4.795050859451294,10602
4.805408954620361,10601
4.815749883651733,10600
4.826093912124634,10599
4.836150884628296,10598
4.846372842788696,10597
4.856440782546997,10596
4.876009702682495,10595
4.8859031200408936,10594
4.896116018295288,10593
4.905956506729126,10592
4.916130781173706,10591
4.9259843826293945,10590
4.944274663925171,10589
4.956711769104004,10588
4.9668872356414795,10587
4.977268934249878,10586
4.987339496612549,10585
4.997551918029785,10584
5.015228271484375,10583
5.026290416717529,10582
5.0422749519348145,10581
5.052750825881958,10580
5.063094615936279,10579
5.073582887649536,10578
5.090061187744141,10577
5.100483179092407,10576
5.129103660583496,10575
5.139662742614746,10574
5.166171073913574,10573
5.176544666290283,10572
5.192860841751099,10571
5.2031569480896,10570
5.213104486465454,10569
5.223327875137329,10568
5.233308792114258,10567
5.243551969528198,10566
5.253450870513916,10565
5.2636847496032715,10564
5.273696660995483,10563
5.283980131149292,10562
5.294375896453857,10561
5.3047873973846436,10560
5.3147759437561035,10559
5.325097322463989,10558
5.346713304519653,10557
5.362926721572876,10556
5.37287449836731,10555
5.391044616699219,10554
5.40147590637207,10553
5.425025939941406,10552
5.439427375793457,10551
5.449700593948364,10550
5.468518018722534,10549
5.479334354400635,10548
5.4965980052948,10547
5.51447319984436,10546
5.530476331710815,10545
5.540910959243774,10544
5.552191972732544,10543
5.562514066696167,10542
5.572903156280518,10541
5.583049774169922,10540
5.593408107757568,10539
5.603463172912598,10538
5.619425296783447,10537
5.629435777664185,10536
5.6395862102508545,10535
5.6521172523498535,10534
5.6624133586883545,10533
5.699274301528931,10532
5.718867301940918,10531
5.729010820388794,10530
5.739381551742554,10529
5.749698638916016,10528
5.7600014209747314,10527
5.775237560272217,10526
5.78555965423584,10525
5.796133041381836,10524
5.806690216064453,10523
5.816861152648926,10522
5.827363729476929,10521
5.851212501525879,10520
5.861532211303711,10519
5.871577262878418,10518
5.881863355636597,10517
5.891935110092163,10516
5.902339935302734,10515
5.926942586898804,10514
5.942740440368652,10513
5.962480783462524,10512
5.972552061080933,10511
5.989989995956421,10510
6.004080533981323,10509
6.0143420696258545,10508
6.0248095989227295,10507
6.035151481628418,10506
6.055371999740601,10505
6.065510034561157,10504
6.086301326751709,10503
6.0966033935546875,10502
6.106446981430054,10501
6.125336647033691,10500
6.135306119918823,10499
6.149811267852783,10498
6.159839153289795,10497
6.170146703720093,10496
6.179959297180176,10495
6.196676969528198,10494
6.2187511920928955,10493
6.231601238250732,10492
6.24143123626709,10491
6.251610517501831,10490
6.261392116546631,10489
6.2716827392578125,10488
6.291453838348389,10487
6.301720142364502,10486
6.317055702209473,10485
6.334267616271973,10484
6.344843149185181,10483
6.355316877365112,10482
6.365590572357178,10481
6.375948667526245,10480
6.3861329555511475,10479
6.3967180252075195,10478
6.440844535827637,10477
6.450965166091919,10476
6.460951089859009,10475
6.490281343460083,10474
6.503293752670288,10473
6.521036148071289,10472
6.558906078338623,10471
6.569390773773193,10470
6.582819700241089,10469
6.635073661804199,10468
6.645179271697998,10467
6.655350685119629,10466
6.670618772506714,10465
6.68054461479187,10464
6.6984779834747314,10463
6.726982355117798,10462
6.7372727394104,10461
6.748201131820679,10460
6.764573097229004,10459
6.774422883987427,10458
6.784606456756592,10457
6.795132875442505,10456
6.805450439453125,10455
6.815769910812378,10454
6.825658798217773,10453
6.844709634780884,10452
6.854535341262817,10451
6.864876747131348,10450
6.876680374145508,10449
6.887784242630005,10448
6.908618927001953,10447
6.923224449157715,10446
6.933536052703857,10445
6.944217920303345,10444
6.954474687576294,10443
6.964883089065552,10442
6.975042343139648,10441
6.995460033416748,10440
7.011792421340942,10439
7.021803617477417,10438
7.041671991348267,10437
7.0517542362213135,10436
7.0688862800598145,10435
7.0891029834747314,10434
7.109592437744141,10433
7.119826316833496,10432
7.129964113235474,10431
7.1517510414123535,10430
7.162034749984741,10429
7.172288179397583,10428
7.182233572006226,10427
7.201654434204102,10426
7.211658716201782,10425
7.221851348876953,10424
7.241530895233154,10423
7.259039402008057,10422
7.269189834594727,10421
7.291624307632446,10420
7.313786745071411,10419
7.323845624923706,10418
7.352194547653198,10417
7.36221170425415,10416
7.3724305629730225,10415
7.415874242782593,10414
7.426104784011841,10413
7.445785760879517,10412
7.463139533996582,10411
7.473261833190918,10410
7.4835145473480225,10409
7.5081493854522705,10408
7.541705846786499,10407
7.552294015884399,10406
7.562496662139893,10405
7.5741753578186035,10404
7.584411859512329,10403
7.600815296173096,10402
7.619494915008545,10401
7.629568338394165,10400
7.639920234680176,10399
7.660207509994507,10398
7.678786516189575,10397
7.6939311027526855,10396
7.703838586807251,10395
7.735783815383911,10394
7.770451545715332,10393
7.780728101730347,10392
7.790566921234131,10391
7.808276653289795,10390
7.818401098251343,10389
7.828886985778809,10388
7.839174747467041,10387
7.849054574966431,10386
7.859368562698364,10385
7.878067493438721,10384
7.893325567245483,10383
7.9032299518585205,10382
7.913444519042969,10381
7.923651695251465,10380
7.933583974838257,10379
7.95986795425415,10378
7.969828844070435,10377
7.98011589050293,10376
7.9903388023376465,10375
8.032952785491943,10374
8.060930013656616,10373
8.07819652557373,10372
8.091139554977417,10371
8.101471900939941,10370
8.111544847488403,10369
8.130321025848389,10368
8.14034390449524,10367
8.15106987953186,10366
8.161457300186157,10365
8.177610635757446,10364
8.200870990753174,10363
8.216907024383545,10362
8.22707748413086,10361
8.237343549728394,10360
8.247556924819946,10359
8.257379055023193,10358
8.267570495605469,10357
8.277333498001099,10356
8.297188997268677,10355
8.30725646018982,10354
8.317938804626465,10353
8.329228639602661,10352
8.34616231918335,10351
8.356580257415771,10350
8.366957664489746,10349
8.377011775970459,10348
8.387318134307861,10347
8.398057222366333,10346
8.40844464302063,10345
8.418690919876099,10344
8.437524795532227,10343
8.447551965713501,10342
8.467434167861938,10341
8.497516632080078,10340
8.507699728012085,10339
8.51793909072876,10338
8.54001522064209,10337
8.550673484802246,10336
8.570578813552856,10335
8.594839811325073,10334
8.610018730163574,10333
8.623484373092651,10332
8.640267610549927,10331
8.650375127792358,10330
8.665073871612549,10329
8.67499589920044,10328
8.68529748916626,10327
8.695173501968384,10326
8.70539402961731,10325
8.725111246109009,10324
8.735178470611572,10323
8.74591064453125,10322
8.761394739151001,10321
8.771486759185791,10320
8.78186821937561,10319
8.799044847488403,10318
8.80903172492981,10317
8.827722311019897,10316
8.838128328323364,10315
8.848070621490479,10314
8.870169162750244,10313
8.88591456413269,10312
8.896094799041748,10311
8.906303882598877,10310
8.916516780853271,10309
8.92634391784668,10308
8.946280717849731,10307
8.963633060455322,10306
8.973755836486816,10305
8.983991861343384,10304
9.020076274871826,10303
9.048385620117188,10302
9.05851125717163,10301
9.068939447402954,10300
9.07912540435791,10299
9.089473247528076,10298
9.099708080291748,10297
9.110035181045532,10296
9.130677461624146,10295
9.141532897949219,10294
9.154166221618652,10293
9.169044017791748,10292
9.179018020629883,10291
9.18926477432251,10290
9.199588060379028,10289
9.209513902664185,10288
9.21967887878418,10287
9.229599237442017,10286
9.259184122085571,10285
9.287275075912476,10284
9.297797441482544,10283
9.314157724380493,10282
9.32478380203247,10281
9.335216999053955,10280
9.349446535110474,10279
9.359583616256714,10278
9.371669054031372,10277
9.390893936157227,10276
9.407766580581665,10275
9.427778959274292,10274
9.437991619110107,10273
9.455620050430298,10272
9.465734720230103,10271
9.501029014587402,10270
9.51116681098938,10269
9.521872282028198,10268
9.532212018966675,10267
9.543909311294556,10266
9.568055152893066,10265
9.587038040161133,10264
9.59700608253479,10263
9.622293949127197,10262
9.63218069076538,10261
9.642440795898438,10260
9.65247893333435,10259
9.662781476974487,10258
9.672817468643188,10257
9.689864158630371,10256
9.70958662033081,10255
9.733877420425415,10254
9.761172533035278,10253
9.775301933288574,10252
9.785414695739746,10251
9.79575252532959,10250
9.815640449523926,10249
9.842021226882935,10248
9.857290744781494,10247
9.867633819580078,10246
9.878208875656128,10245
9.894752740859985,10244
9.90474534034729,10243
9.924084424972534,10242
9.934092044830322,10241
9.94474744796753,10240
9.964927911758423,10239
9.975536584854126,10238
9.985606908798218,10237
10.004252672195435,10236
10.028436660766602,10235
10.051950931549072,10234
10.062270164489746,10233
10.072197675704956,10232
10.082447052001953,10231
10.108420848846436,10230
10.145867347717285,10229
10.156244039535522,10228
10.178646564483643,10227
10.196498394012451,10226
10.206949949264526,10225
10.217301368713379,10224
10.227735996246338,10223
10.237897872924805,10222
10.248226642608643,10221
10.268723964691162,10220
10.279135465621948,10219
10.298238515853882,10218
10.315971374511719,10217
10.326089143753052,10216
10.336948156356812,10215
10.356342077255249,10214
10.373577117919922,10213
10.390724182128906,10212
10.401239395141602,10211
10.411195516586304,10210
10.421380996704102,10209
10.452865362167358,10208
10.4712393283844,10207
10.487739086151123,10206
10.498038530349731,10205
10.507910966873169,10204
10.52674412727356,10203
10.53670859336853,10202
10.547415018081665,10201
10.557934522628784,10200
10.567898511886597,10199
10.578306198120117,10198
10.588345527648926,10197
10.606289148330688,10196
10.616142272949219,10195
10.626316785812378,10194
10.656434059143066,10193
10.685763120651245,10192
10.696088790893555,10191
10.70609164237976,10190
10.726292133331299,10189
10.736815452575684,10188
10.747370719909668,10187
10.7578706741333,10186
10.778234958648682,10185
10.788244009017944,10184
10.79835844039917,10183
10.810229778289795,10182
10.830161333084106,10181
10.840730428695679,10180
10.86090612411499,10179
10.87090516090393,10178
10.89345645904541,10177
10.90993332862854,10176
10.920221090316772,10175
10.930166959762573,10174
10.940521955490112,10173
10.959086179733276,10172
10.96935224533081,10171
11.017351150512695,10170
11.038504838943481,10169
11.054279804229736,10168
11.074434041976929,10167
11.084727764129639,10166
11.09511685371399,10165
11.105048656463623,10164
11.122931241989136,10163
11.132924318313599,10162
11.143651008605957,10161
11.17730188369751,10160
11.189468622207642,10159
11.199568271636963,10158
11.209761619567871,10157
11.220048427581787,10156
11.236084938049316,10155
11.246333599090576,10154
11.287940502166748,10153
11.29792833328247,10152
11.317634344100952,10151
11.327518939971924,10150
11.346635341644287,10149
11.356941938400269,10148
11.371941089630127,10147
11.389816999435425,10146
11.408446073532104,10145
11.418529987335205,10144
11.428789377212524,10143
11.446316719055176,10142
11.479132652282715,10141
11.4890878200531,10140
11.49939250946045,10139
11.50968337059021,10138
11.519548892974854,10137
11.548578262329102,10136
11.558756589889526,10135
11.575153827667236,10134
11.603655815124512,10133
11.630553483963013,10132
11.648924350738525,10131
11.658917903900146,10130
11.711162090301514,10129
11.735873937606812,10128
11.746579885482788,10127
11.762206315994263,10126
11.772544384002686,10125
11.800480127334595,10124
11.810625791549683,10123
11.821019172668457,10122
11.831167697906494,10121
11.841569185256958,10120
11.851866722106934,10119
11.867407321929932,10118
11.87899398803711,10117
11.890710830688477,10116
11.926701784133911,10115
11.943860292434692,10114
11.954357624053955,10113
11.96580719947815,10112
11.975975036621094,10111
11.993789434432983,10110
12.003666400909424,10109
12.014132976531982,10108
12.024059534072876,10107
12.03447151184082,10106
12.051328420639038,10105
12.068238258361816,10104
12.087957859039307,10103
12.110438108444214,10102
12.120736360549927,10101
12.137978792190552,10100
12.157047748565674,10099
12.176827430725098,10098
12.21966028213501,10097
12.229811668395996,10096
12.251760721206665,10095
12.272669792175293,10094
12.292409658432007,10093
12.308231115341187,10092
12.318443775177002,10091
12.328942060470581,10090
12.343011379241943,10089
12.353837490081787,10088
12.376840591430664,10087
12.387359380722046,10086
12.397632360458374,10085
12.423404455184937,10084
12.44398808479309,10083
12.454093933105469,10082
12.46420693397522,10081
12.47436785697937,10080
12.494814395904541,10079
12.505119323730469,10078
12.515008211135864,10077
12.525412321090698,10076
12.535484313964844,10075
12.566368579864502,10074
12.5880446434021,10073
12.598314762115479,10072
12.619247198104858,10071
12.629970788955688,10070
12.654441356658936,10069
12.66484546661377,10068
12.708343982696533,10067
12.718526124954224,10066
12.738742351531982,10065
12.749266862869263,10064
12.759696006774902,10063
12.76982069015503,10062
12.780154705047607,10061
12.802579879760742,10060
12.8333420753479,10059
12.847650051116943,10058
12.875713348388672,10057
12.895965099334717,10056
12.922640800476074,10055
12.940468072891235,10054
12.965995788574219,10053
12.97602367401123,10052
12.986369848251343,10051
12.99625539779663,10050
13.033142328262329,10049
13.043185472488403,10048
13.062059164047241,10047
13.072415828704834,10046
13.08226227760315,10045
13.098859786987305,10044
13.1088228225708,10043
13.11909556388855,10042
13.146778583526611,10041
13.167155981063843,10040
13.177107572555542,10039
13.187317132949829,10038
13.205153226852417,10037
13.2340829372406,10036
13.244144678115845,10035
13.254387617111206,10034
13.264240980148315,10033
13.274681329727173,10032
13.291378498077393,10031
13.326483011245728,10030
13.336810827255249,10029
13.34771180152893,10028
13.358475685119629,10027
13.376440525054932,10026
13.406685829162598,10025
13.416580438613892,10024
13.435991764068604,10023
13.445782661437988,10022
13.469267845153809,10021
13.489110469818115,10020
13.512465476989746,10019
13.530644416809082,10018
13.541043281555176,10017
13.551698684692383,10016
13.56228232383728,10015
13.604853391647339,10014
13.61521029472351,10013
13.626900434494019,10012
13.66931414604187,10011
13.679330348968506,10010
13.714017391204834,10009
13.72420358657837,10008
13.734400987625122,10007
13.745098352432251,10006
13.755133152008057,10005
13.773256063461304,10004
13.783205032348633,10003
13.802790403366089,10002
13.813309669494629,10001
13.829401731491089,10000
13.839618444442749,9999
13.850799560546875,9998
13.870614290237427,9997
13.901073932647705,9996
13.921307802200317,9995
13.937960863113403,9994
13.958821773529053,9993
13.969173192977905,9992
13.979319334030151,9991
14.01440691947937,9990
14.03477692604065,9989
14.066927671432495,9988
14.082734823226929,9987
14.117408990859985,9986
14.152939081192017,9985
14.163377046585083,9984
14.173949003219604,9983
14.189622163772583,9982
14.199957609176636,9981
14.224854469299316,9980
14.250213384628296,9979
14.260065793991089,9978
14.27367639541626,9977
14.283582925796509,9976
14.293877124786377,9975
14.32260799407959,9974
14.332865953445435,9973
14.34352707862854,9972
14.354142427444458,9971
14.36430048942566,9970
14.375025510787964,9969
14.395392894744873,9968
14.405540704727173,9967
14.432365417480469,9966
14.452850103378296,9965
14.470121622085571,9964
14.48026442527771,9963
14.512017011642456,9962
14.5394926071167,9961
14.55855679512024,9960
14.569170475006104,9959
14.579185247421265,9958
14.630474090576172,9957
14.664865016937256,9956
14.674798965454102,9955
14.685144901275635,9954
14.695078611373901,9953
14.712544202804565,9952
14.722432613372803,9951
14.73282265663147,9950
14.743279933929443,9949
14.763893604278564,9948
14.803602695465088,9947
14.816707134246826,9946
14.82801342010498,9945
14.887924909591675,9944
14.919869184494019,9943
14.929728746414185,9942
14.94010853767395,9941
14.950531244277954,9940
14.97836685180664,9939
14.98852801322937,9938
15.003612995147705,9937
15.013999938964844,9936
15.029158592224121,9935
15.072649955749512,9934
15.087364912033081,9933
15.126530170440674,9932
15.14717411994934,9931
15.174331188201904,9930
15.194780588150024,9929
15.20521330833435,9928
15.232921600341797,9927
15.252050399780273,9926
15.26189637184143,9925
15.280773639678955,9924
15.290729522705078,9923
15.30103087425232,9922
15.311096429824829,9921
15.380875825881958,9920
15.41278862953186,9919
15.423005104064941,9918
15.432947397232056,9917
15.443323612213135,9916
15.465938568115234,9915
15.475896120071411,9914
15.50711441040039,9913
15.549365043640137,9912
15.559707403182983,9911
15.570253133773804,9910
15.580672264099121,9909
15.590906381607056,9908
15.640270471572876,9907
15.682660818099976,9906
15.692758083343506,9905
15.713032960891724,9904
15.723240375518799,9903
15.744076251983643,9902
15.762324571609497,9901
15.789684772491455,9900
15.799905061721802,9899
15.825340032577515,9898
15.83564305305481,9897
15.845818519592285,9896
15.856257915496826,9895
15.866376876831055,9894
15.879317998886108,9893
15.896737575531006,9892
15.914422988891602,9891
15.934205770492554,9890
15.94454836845398,9889
15.955018997192383,9888
15.986586570739746,9887
15.996577739715576,9886
16.006860971450806,9885
16.023889780044556,9884
16.04710054397583,9883
16.057390213012695,9882
16.07871651649475,9881
16.091049671173096,9880
16.109567403793335,9879
16.135772466659546,9878
16.146618127822876,9877
16.18470072746277,9876
16.194606065750122,9875
16.232179164886475,9874
16.24241876602173,9873
16.28579092025757,9872
16.296043634414673,9871
16.323736667633057,9870
16.34298348426819,9869
16.353327751159668,9868
16.36371898651123,9867
16.38141965866089,9866
16.391793727874756,9865
16.454487085342407,9864
16.465434551239014,9863
16.49451231956482,9862
16.529203176498413,9861
16.554744720458984,9860
16.565978288650513,9859
16.576521635055542,9858
16.58694577217102,9857
16.597514629364014,9856
16.61784267425537,9855
16.634742975234985,9854
16.644787549972534,9853
16.660414457321167,9852
16.682350635528564,9851
16.702706813812256,9850
16.71299171447754,9849
16.727073431015015,9848
16.761964797973633,9847
16.787975549697876,9846
16.798283576965332,9845
16.808375120162964,9844
16.834675312042236,9843
16.844557523727417,9842
16.85482954978943,9841
16.874449968338013,9840
16.887768030166626,9839
16.908885955810547,9838
16.918981075286865,9837
16.94994592666626,9836
16.960373163223267,9835
16.970341444015503,9834
16.98062801361084,9833
16.996030807495117,9832
17.087085723876953,9831
17.09754252433777,9830
17.1232271194458,9829
17.143893241882324,9828
17.15455436706543,9827
17.16500949859619,9826
17.175507307052612,9825
17.185821294784546,9824
17.206114053726196,9823
17.23160219192505,9822
17.243094205856323,9821
17.254490613937378,9820
17.269946813583374,9819
17.307326793670654,9818
17.32424259185791,9817
17.334388494491577,9816
17.3725483417511,9815
17.407063961029053,9814
17.446938514709473,9813
17.457231283187866,9812
17.47065806388855,9811
17.499414205551147,9810
17.50944948196411,9809
17.519656896591187,9808
17.53805661201477,9807
17.548882961273193,9806
17.55932378768921,9805
17.58858299255371,9804
17.63547945022583,9803
17.663310766220093,9802
17.685847282409668,9801
17.711604595184326,9800
17.72145366668701,9799
17.74214196205139,9798
17.752530813217163,9797
17.78359627723694,9796
17.793875694274902,9795
17.8042631149292,9794
17.83896803855896,9793
17.849226474761963,9792
17.859621047973633,9791
17.88487434387207,9790
17.89527678489685,9789
17.905887365341187,9788
17.916492462158203,9787
17.938697814941406,9786
17.95174813270569,9785
17.968445777893066,9784
17.98222541809082,9783
17.992358446121216,9782
18.04170250892639,9781
18.062055826187134,9780
18.076703310012817,9779
18.09356451034546,9778
18.11847686767578,9777
18.138735055923462,9776
18.14961314201355,9775
18.236335277557373,9774
18.262271404266357,9773
18.27803349494934,9772
18.288333415985107,9771
18.309627771377563,9770
18.32022213935852,9769
18.357877492904663,9768
18.37523627281189,9767
18.385732173919678,9766
18.396202564239502,9765
18.40679931640625,9764
18.41731882095337,9763
18.42751121520996,9762
18.4394793510437,9761
18.459240198135376,9760
18.479830265045166,9759
18.497456550598145,9758
18.507421493530273,9757
18.517700672149658,9756
18.53408432006836,9755
18.548396110534668,9754
18.561336040496826,9753
18.571574687957764,9752
18.58953547477722,9751
18.627487659454346,9750
18.6787748336792,9749
18.689223051071167,9748
18.776944875717163,9747
18.786985874176025,9746
18.811228275299072,9745
18.821284770965576,9744
18.831692218780518,9743
18.86084485054016,9742
18.871315717697144,9741
18.88123393058777,9740
18.93744730949402,9739
18.963196516036987,9738
18.97313356399536,9737
19.012999057769775,9736
19.02978825569153,9735
19.040109872817993,9734
19.084389209747314,9733
19.095122575759888,9732
19.11788320541382,9731
19.128199100494385,9730
19.138602256774902,9729
19.158735990524292,9728
19.16874599456787,9727
19.18424963951111,9726
19.203012228012085,9725
19.213616371154785,9724
19.23445773124695,9723
19.25260043144226,9722
19.269845485687256,9721
19.281031847000122,9720
19.295893907546997,9719
19.314709186553955,9718
19.333886861801147,9717
19.350220680236816,9716
19.368292331695557,9715
19.379462957382202,9714
19.397364139556885,9713
19.438422441482544,9712
19.46353244781494,9711
19.475543975830078,9710
19.51116919517517,9709
19.521234273910522,9708
19.531601667404175,9707
19.54198980331421,9706
19.57780122756958,9705
19.58780813217163,9704
19.620333909988403,9703
19.65734314918518,9702
19.667627573013306,9701
19.684561252593994,9700
19.70526933670044,9699
19.722189903259277,9698
19.73220705986023,9697
19.742868423461914,9696
19.76718282699585,9695
19.800931692123413,9694
19.816620111465454,9693
19.826826333999634,9692
19.876633644104004,9691
19.89425230026245,9690
19.904407024383545,9689
19.919284105300903,9688
19.934638500213623,9687
19.964106798171997,9686
19.98240900039673,9685
19.992485761642456,9684
20.010512828826904,9683
20.037590503692627,9682
20.063504457473755,9681
20.073835372924805,9680
20.090686798095703,9679
20.100847005844116,9678
20.118725538253784,9677
20.1287202835083,9676
20.144277334213257,9675
20.15451407432556,9674
20.18068504333496,9673
20.217257261276245,9672
20.227701663970947,9671
20.237893104553223,9670
20.25571322441101,9669
20.265663623809814,9668
20.30073881149292,9667
20.31100630760193,9666
20.35783052444458,9665
20.380234956741333,9664
20.40359926223755,9663
20.417787551879883,9662
20.439382314682007,9661
20.456690311431885,9660
20.4750816822052,9659
20.509631872177124,9658
20.52229118347168,9657
20.53272581100464,9656
20.57707643508911,9655
20.587489128112793,9654
20.605470418930054,9653
20.619583129882812,9652
20.630056858062744,9651
20.66103219985962,9650
20.707006692886353,9649
20.717320442199707,9648
20.75223469734192,9647
20.804410934448242,9646
20.814558506011963,9645
20.84310483932495,9644
20.861424684524536,9643
20.87455677986145,9642
20.884528636932373,9641
20.89486265182495,9640
20.91795802116394,9639
20.961040019989014,9638
20.971580743789673,9637
20.99086308479309,9636
21.00104570388794,9635
21.063168048858643,9634
21.073662757873535,9633
21.08403778076172,9632
21.124945640563965,9631
21.141914129257202,9630
21.209736824035645,9629
21.230146408081055,9628
21.240614891052246,9627
21.270062685012817,9626
21.28006625175476,9625
21.304250717163086,9624
21.385923147201538,9623
21.43225932121277,9622
21.44271993637085,9621
21.453225135803223,9620
21.474201917648315,9619
21.484128952026367,9618
21.508873224258423,9617
21.527228116989136,9616
21.537603855133057,9615
21.54835844039917,9614
21.574377059936523,9613
21.584766626358032,9612
21.59501051902771,9611
21.60534977912903,9610
21.630706310272217,9609
21.643988609313965,9608
21.658937215805054,9607
21.68899631500244,9606
21.718127250671387,9605
21.728341341018677,9604
21.745572328567505,9603
21.76125454902649,9602
21.795655727386475,9601
21.806413888931274,9600
21.836888074874878,9599
21.85874032974243,9598
21.868964195251465,9597
21.881444454193115,9596
21.89965271949768,9595
21.92156958580017,9594
21.93204927444458,9593
21.943055152893066,9592
21.96383500099182,9591
21.974252462387085,9590
22.01276659965515,9589
22.023000955581665,9588
22.033216953277588,9587
22.043641567230225,9586
22.06995987892151,9585
22.080407857894897,9584
22.121032238006592,9583
22.131360054016113,9582
22.150909185409546,9581
22.182339906692505,9580
22.19243025779724,9579
22.20271873474121,9578
22.234400987625122,9577
22.24433970451355,9576
22.263320684432983,9575
22.2830913066864,9574
22.29329204559326,9573
22.30367398262024,9572
22.334946393966675,9571
22.346081256866455,9570
22.381044387817383,9569
22.40820574760437,9568
22.418391227722168,9567
22.438075065612793,9566
22.452420234680176,9565
22.462649822235107,9564
22.483069896697998,9563
22.493407249450684,9562
22.536471366882324,9561
22.57409644126892,9560
22.5842604637146,9559
22.6378493309021,9558
22.652026414871216,9557
22.662083625793457,9556
22.685442686080933,9555
22.701314210891724,9554
22.711657524108887,9553
22.743931531906128,9552
22.754520416259766,9551
22.772550106048584,9550
22.80047917366028,9549
22.8176429271698,9548
22.838034868240356,9547
22.848161697387695,9546
22.890777349472046,9545
22.908737182617188,9544
22.927536725997925,9543
22.938836336135864,9542
22.949607372283936,9541
22.96754479408264,9540
22.977559566497803,9539
22.987938404083252,9538
22.997823238372803,9537
23.021615505218506,9536
23.056094884872437,9535
23.084824800491333,9534
23.108975172042847,9533
23.13636541366577,9532
23.158639430999756,9531
23.16909122467041,9530
23.19810438156128,9529
23.27800726890564,9528
23.288362741470337,9527
23.315629720687866,9526
23.347501516342163,9525
23.358944416046143,9524
23.378937244415283,9523
23.39073944091797,9522
23.409321546554565,9521
23.438133716583252,9520
23.448639392852783,9519
23.458948612213135,9518
23.46900725364685,9517
23.479352235794067,9516
23.489365816116333,9515
23.500014066696167,9514
23.51006579399109,9513
23.523966789245605,9512
23.54045009613037,9511
23.55139398574829,9510
23.561800718307495,9509
23.587307691574097,9508
23.615195751190186,9507
23.625467538833618,9506
23.64054012298584,9505
23.660078287124634,9504
23.680447578430176,9503
23.690603733062744,9502
23.705620050430298,9501
23.725639820098877,9500
23.744786500930786,9499
23.75517225265503,9498
23.77402663230896,9497
23.793768405914307,9496
23.804017782211304,9495
23.862154722213745,9494
23.872394561767578,9493
23.882606267929077,9492
23.893035173416138,9491
23.903230905532837,9490
23.930254220962524,9489
23.94045114517212,9488
23.96819543838501,9487
23.998427391052246,9486
24.01411008834839,9485
24.024442672729492,9484
24.05167579650879,9483
24.06169867515564,9482
24.072051763534546,9481
24.134211540222168,9480
24.172879695892334,9479
24.183046579360962,9478
24.200237035751343,9477
24.210400581359863,9476
24.22699213027954,9475
24.277780294418335,9474
24.287876844406128,9473
24.30020523071289,9472
24.317173719406128,9471
24.353348970413208,9470
24.39570689201355,9469
24.415457010269165,9468
24.43114423751831,9467
24.44155502319336,9466
24.452045917510986,9465
24.470908880233765,9464
24.50206446647644,9463
24.528630256652832,9462
24.561391830444336,9461
24.580713987350464,9460
24.59109139442444,9459
24.610360622406006,9458
24.630260944366455,9457
24.699792623519897,9456
24.71001887321472,9455
24.73566174507141,9454
24.74661374092102,9453
24.811968564987183,9452
24.824830055236816,9451
24.853971004486084,9450
24.88400626182556,9449
24.900007009506226,9448
24.917705297470093,9447
24.959300756454468,9446
24.970183849334717,9445
24.983124017715454,9444
25.03265070915222,9443
25.07483410835266,9442
25.09691047668457,9441
25.130293369293213,9440
25.14067006111145,9439
25.196820497512817,9438
25.207308292388916,9437
25.26626968383789,9436
25.276334524154663,9435
25.286820650100708,9434
25.304025650024414,9433
25.314074993133545,9432
25.361077308654785,9431
25.380592346191406,9430
25.3905086517334,9429
25.40095853805542,9428
25.418051719665527,9427
25.455073595046997,9426
25.54098105430603,9425
25.5876407623291,9424
25.627976655960083,9423
25.664345741271973,9422
25.674381971359253,9421
25.69456171989441,9420
25.72441005706787,9419
25.752273082733154,9418
25.76225209236145,9417
25.77775478363037,9416
25.829067945480347,9415
25.859450340270996,9414
25.869897603988647,9413
25.899912118911743,9412
25.910295963287354,9411
25.926251888275146,9410
25.93667197227478,9409
25.957801580429077,9408
25.98952078819275,9407
26.043012142181396,9406
26.063153743743896,9405
26.073492288589478,9404
26.08351492881775,9403
26.094119548797607,9402
26.104082822799683,9401
26.120748043060303,9400
26.13440465927124,9399
26.147099256515503,9398
26.20370650291443,9397
26.21407389640808,9396
26.234108209609985,9395
26.244444608688354,9394
26.259442806243896,9393
26.27733063697815,9392
26.313433170318604,9391
26.429834604263306,9390
26.521251440048218,9389
26.541574954986572,9388
26.564582586288452,9387
26.587881326675415,9386
26.62458372116089,9385
26.639266967773438,9384
26.6527202129364,9383
26.74571180343628,9382
26.77148151397705,9381
26.78327965736389,9380
26.793302059173584,9379
26.816318035125732,9378
26.857928037643433,9377
26.867951154708862,9376
26.880098819732666,9375
26.891175508499146,9374
26.927536010742188,9373
26.995372533798218,9372
27.005769729614258,9371
27.051570653915405,9370
27.07705569267273,9369
27.11382532119751,9368
27.14938187599182,9367
27.191120386123657,9366
27.235987186431885,9365
27.24620771408081,9364
27.293057441711426,9363
27.303005933761597,9362
27.334201097488403,9361
27.34512996673584,9360
27.367604970932007,9359
27.39638924598694,9358
27.486735105514526,9357
27.49702548980713,9356
27.529173135757446,9355
27.563820600509644,9354
27.574137926101685,9353
27.587623834609985,9352
27.619619131088257,9351
27.648651361465454,9350
27.6668598651886,9349
27.67695164680481,9348
27.687241315841675,9347
27.709775686264038,9346
27.726326942443848,9345
27.736530542373657,9344
27.752789735794067,9343
27.798569917678833,9342
27.81942629814148,9341
27.83443260192871,9340
27.859503269195557,9339
27.884509563446045,9338
27.897965669631958,9337
27.928460359573364,9336
27.965292930603027,9335
27.979203462600708,9334
28.01889729499817,9333
28.039584398269653,9332
28.09258532524109,9331
28.12037754058838,9330
28.14521026611328,9329
28.17327857017517,9328
28.20320200920105,9327
28.21370792388916,9326
28.2469003200531,9325
28.26498293876648,9324
28.324596405029297,9323
28.3490891456604,9322
28.409934520721436,9321
28.420219659805298,9320
28.44043278694153,9319
28.46409559249878,9318
28.47418737411499,9317
28.516125440597534,9316
28.55260968208313,9315
28.570782899856567,9314
28.59094738960266,9313
28.601259469985962,9312
28.63223123550415,9311
28.659587621688843,9310
28.710527420043945,9309
28.730544805526733,9308
28.74092745780945,9307
28.76089358329773,9306
28.770864248275757,9305
28.88320755958557,9304
28.92535161972046,9303
28.935511350631714,9302
28.96399974822998,9301
28.974311113357544,9300
29.011285305023193,9299
29.06450629234314,9298
29.08527684211731,9297
29.12678813934326,9296
29.15601420402527,9295
29.209900379180908,9294
29.22032117843628,9293
29.230586290359497,9292
29.241316080093384,9291
29.251582622528076,9290
29.272244453430176,9289
29.2826566696167,9288
29.29305076599121,9287
29.303703546524048,9286
29.33147430419922,9285
29.34234642982483,9284
29.368553161621094,9283
29.408114671707153,9282
29.426575422286987,9281
29.443313121795654,9280
29.479514360427856,9279
29.489712476730347,9278
29.502361536026,9277
29.522188425064087,9276
29.589776515960693,9275
29.614135265350342,9274
29.644935846328735,9273
29.690580368041992,9272
29.70198678970337,9271
29.72227430343628,9270
29.73257565498352,9269
29.803930044174194,9268
29.862864017486572,9267
29.883811473846436,9266
29.898582220077515,9265
29.90874147415161,9264
29.92766499519348,9263
29.975232124328613,9262
29.985565185546875,9261
30.00811791419983,9260
30.018609285354614,9259
30.054310083389282,9258
30.08184289932251,9257
30.09303903579712,9256
30.13010311126709,9255
30.142470359802246,9254
30.1604061126709,9253
30.183510541915894,9252
30.193610191345215,9251
30.22904658317566,9250
30.251827001571655,9249
30.294057607650757,9248
30.34412980079651,9247
30.35507321357727,9246
30.365554571151733,9245
30.376246213912964,9244
30.386460065841675,9243
30.408283948898315,9242
30.427481412887573,9241
30.449609518051147,9240
30.46780824661255,9239
30.47785258293152,9238
30.492347478866577,9237
30.5024573802948,9236
30.51319909095764,9235
30.523637056350708,9234
30.54208493232727,9233
30.5526704788208,9232
30.56278085708618,9231
30.573318004608154,9230
30.583274841308594,9229
30.615494966506958,9228
30.637101650238037,9227
30.65209412574768,9226
30.679283618927002,9225
30.7320339679718,9224
30.758365154266357,9223
30.775781393051147,9222
30.79604411125183,9221
30.816554069519043,9220
30.86632466316223,9219
30.896656274795532,9218
30.928735494613647,9217
30.975560188293457,9216
30.985944747924805,9215
31.00014567375183,9214
31.07433319091797,9213
31.212276935577393,9212
31.22233247756958,9211
31.237411975860596,9210
31.25363278388977,9209
31.296544075012207,9208
31.395983695983887,9207
31.42651605606079,9206
31.43649983406067,9205
31.446812391281128,9204
31.46779155731201,9203
31.47833776473999,9202
31.504063367843628,9201
31.542649745941162,9200
31.58524513244629,9199
31.59571361541748,9198
31.609903812408447,9197
31.65045189857483,9196
31.67064356803894,9195
31.728900909423828,9194
31.76248264312744,9193
31.79848623275757,9192
31.84952712059021,9191
31.86995553970337,9190
31.895102500915527,9189
31.92725944519043,9188
31.965047121047974,9187
31.985052585601807,9186
32.00035548210144,9185
32.025426626205444,9184
32.06421089172363,9183
32.12552237510681,9182
32.15754699707031,9181
32.17970418930054,9180
32.28242206573486,9179
32.29294443130493,9178
32.324867963790894,9177
32.35034132003784,9176
32.3617799282074,9175
32.37223172187805,9174
32.4095938205719,9173
32.44095420837402,9172
32.471999645233154,9171
32.55189347267151,9170
32.56208038330078,9169
32.57245445251465,9168
32.63659191131592,9167
32.6491494178772,9166
32.659425497055054,9165
32.670024156570435,9164
32.69862365722656,9163
32.71154713630676,9162
32.721665143966675,9161
32.74577236175537,9160
32.77060389518738,9159
32.780728578567505,9158
32.79125642776489,9157
32.81950354576111,9156
32.837095975875854,9155
32.847110748291016,9154
32.85758924484253,9153
32.86833143234253,9152
32.893845081329346,9151
32.93896198272705,9150
32.94987607002258,9149
32.96036767959595,9148
32.99243450164795,9147
33.03149080276489,9146
33.06170654296875,9145
33.079425573349,9144
33.0963830947876,9143
33.19050168991089,9142
33.201927185058594,9141
33.21870493888855,9140
33.23647427558899,9139
33.246437072753906,9138
33.256763219833374,9137
33.293280839920044,9136
33.379342555999756,9135
33.39273262023926,9134
33.40302801132202,9133
33.41331720352173,9132
33.42776918411255,9131
33.44688844680786,9130
33.457091331481934,9129
33.471911668777466,9128
33.51800346374512,9127
33.54422616958618,9126
33.56929111480713,9125
33.58965229988098,9124
33.599849700927734,9123
33.66452479362488,9122
33.687047481536865,9121
33.98777747154236,9120
34.06188344955444,9119
34.08569312095642,9118
34.10336756706238,9117
34.14670014381409,9116
34.157190799713135,9115
34.16739106178284,9114
34.23693490028381,9113
34.27930402755737,9112
34.29870367050171,9111
34.34974908828735,9110
34.36028432846069,9109
34.37470889091492,9108
34.385096311569214,9107
34.43572497367859,9106
34.48118853569031,9105
34.49122500419617,9104
34.54035210609436,9103
34.56289196014404,9102
34.591028451919556,9101
34.606974601745605,9100
34.70135855674744,9099
34.72525119781494,9098
34.73571300506592,9097
34.91956043243408,9096
34.95590305328369,9095
34.96648645401001,9094
34.98051309585571,9093
35.05901503562927,9092
35.13349723815918,9091
35.14674758911133,9090
35.1953809261322,9089
35.25180387496948,9088
35.262046337127686,9087
35.303513288497925,9086
35.32119345664978,9085
35.35333061218262,9084
35.39694094657898,9083
35.41294574737549,9082
35.42315483093262,9081
35.43392610549927,9080
35.44445562362671,9079
35.5179398059845,9078
35.627217531204224,9077
35.66131043434143,9076
35.67692017555237,9075
35.68695616722107,9074
35.70747447013855,9073
35.724650859832764,9072
35.74863243103027,9071
35.764872550964355,9070
35.800100326538086,9069
35.81072497367859,9068
35.8318247795105,9067
35.85163354873657,9066
35.86171913146973,9065
35.88293743133545,9064
35.91714644432068,9063
35.95152473449707,9062
35.966996908187866,9061
35.98324942588806,9060
36.009236335754395,9059
36.019949436187744,9058
36.038997650146484,9057
36.060003995895386,9056
36.07048225402832,9055
36.08080196380615,9054
36.123995780944824,9053
36.14440155029297,9052
36.1544930934906,9051
36.21864914894104,9050
36.22894549369812,9049
36.23916697502136,9048
36.26968812942505,9047
36.27981209754944,9046
36.298893213272095,9045
36.31393361091614,9044
36.33002781867981,9043
36.34944558143616,9042
36.3834342956543,9041
36.404587745666504,9040
36.41501522064209,9039
36.43093395233154,9038
36.4674346446991,9037
36.507607221603394,9036
36.5224986076355,9035
36.64845323562622,9034
36.6694598197937,9033
36.67993974685669,9032
36.73650813102722,9031
36.7555570602417,9030
36.804439544677734,9029
36.82246255874634,9028
36.850027322769165,9027
36.88281202316284,9026
36.94161605834961,9025
36.99023365974426,9024
37.038421630859375,9023
37.04870390892029,9022
37.05900192260742,9021
37.09241318702698,9020
37.10264873504639,9019
37.13108777999878,9018
37.149643421173096,9017
37.172959089279175,9016
37.1832754611969,9015
37.25421905517578,9014
37.2643723487854,9013
37.28265857696533,9012
37.353919506073,9011
37.36830234527588,9010
37.44007658958435,9009
37.45939826965332,9008
37.510281562805176,9007
37.52036643028259,9006
37.530927419662476,9005
37.550559997558594,9004
37.56697130203247,9003
37.622902393341064,9002
37.65338206291199,9001
37.670945167541504,9000
37.727779150009155,8999
37.74475598335266,8998
37.79795002937317,8997
37.82652044296265,8996
37.87447428703308,8995
37.91454458236694,8994
37.924824476242065,8993
37.9725821018219,8992
38.01063108444214,8991
38.020880699157715,8990
38.0537645816803,8989
38.09239482879639,8988
38.11787295341492,8987
38.16403770446777,8986
38.212543964385986,8985
38.239295959472656,8984
38.256720781326294,8983
38.267136096954346,8982
38.28732991218567,8981
38.31107521057129,8980
38.35112142562866,8979
38.376967668533325,8978
38.38698935508728,8977
38.41888070106506,8976
38.456562519073486,8975
38.477917432785034,8974
38.488399505615234,8973
38.498761892318726,8972
38.513070583343506,8971
38.56213355064392,8970
38.612488746643066,8969
38.63137483596802,8968
38.64171743392944,8967
38.68863248825073,8966
38.75068473815918,8965
38.77310347557068,8964
38.78351163864136,8963
38.81308364868164,8962
38.82363414764404,8961
38.8465211391449,8960
38.86745643615723,8959
38.893726110458374,8958
38.91375780105591,8957
38.95294499397278,8956
38.99627947807312,8955
39.017481565475464,8954
39.09392237663269,8953
39.1292986869812,8952
39.18387770652771,8951
39.19421935081482,8950
39.20462608337402,8949
39.240782737731934,8948
39.27187895774841,8947
39.29377841949463,8946
39.31410312652588,8945
39.32448101043701,8944
39.35430979728699,8943
39.373066663742065,8942
39.38428568840027,8941
39.4042022228241,8940
39.443236112594604,8939
39.5166552066803,8938
39.55850148200989,8937
39.62391495704651,8936
39.64057183265686,8935
39.67031407356262,8934
39.70488452911377,8933
39.71628999710083,8932
39.74310302734375,8931
39.7674241065979,8930
39.82560658454895,8929
39.8514461517334,8928
39.88134288787842,8927
39.972936391830444,8926
40.04306364059448,8925
40.05311703681946,8924
40.08218502998352,8923
40.107301473617554,8922
40.11902070045471,8921
40.15663981437683,8920
40.16752815246582,8919
40.17802834510803,8918
40.199424266815186,8917
40.26008462905884,8916
40.27036809921265,8915
40.31104063987732,8914
40.35337853431702,8913
40.40675210952759,8912
40.44150996208191,8911
40.484705686569214,8910
40.49523115158081,8909
40.51568031311035,8908
40.52591919898987,8907
40.62017011642456,8906
40.66557812690735,8905
40.68198299407959,8904
40.73034358024597,8903
40.74072456359863,8902
40.75163221359253,8901
40.78463840484619,8900
40.81419277191162,8899
40.830092430114746,8898
40.84040093421936,8897
40.86453104019165,8896
40.89767408370972,8895
40.91398501396179,8894
40.97260117530823,8893
40.999441146850586,8892
41.03619885444641,8891
41.05543255805969,8890
41.07434916496277,8889
41.1137113571167,8888
41.12396311759949,8887
41.134570837020874,8886
41.19441294670105,8885
41.205344915390015,8884
41.244847774505615,8883
41.26137351989746,8882
41.2713680267334,8881
41.29184865951538,8880
41.31276082992554,8879
41.32882118225098,8878
41.36893963813782,8877
41.39694166183472,8876
41.417333126068115,8875
41.42739653587341,8874
41.47466516494751,8873
41.50143575668335,8872
41.5119264125824,8871
41.52378439903259,8870
41.68722200393677,8869
41.761557817459106,8868
41.797361612319946,8867
41.88535761833191,8866
41.908576250076294,8865
41.923410177230835,8864
41.933619260787964,8863
41.98227524757385,8862
42.03210759162903,8861
42.05763483047485,8860
42.14442157745361,8859
42.15500617027283,8858
42.18567156791687,8857
42.19898533821106,8856
42.23909783363342,8855
42.25873064994812,8854
42.26923966407776,8853
42.304062604904175,8852
42.32832646369934,8851
42.338576793670654,8850
42.34963655471802,8849
42.411521434783936,8848
42.48237919807434,8847
42.603331089019775,8846
42.667510986328125,8845
42.72867822647095,8844
42.73914813995361,8843
42.75428915023804,8842
42.819316148757935,8841
42.83455681800842,8840
42.906699657440186,8839
42.928977251052856,8838
42.971797466278076,8837
43.01905560493469,8836
43.061827659606934,8835
43.100669384002686,8834
43.13668179512024,8833
43.14780235290527,8832
43.243351459503174,8831
43.277209997177124,8830
43.32743453979492,8829
43.33800792694092,8828
43.395740032196045,8827
43.42693614959717,8826
43.52475452423096,8825
43.598068714141846,8824
43.654255628585815,8823
43.66470503807068,8822
43.684516191482544,8821
43.70551347732544,8820
43.733696699142456,8819
43.744343519210815,8818
43.78544306755066,8817
43.80363988876343,8816
43.833548069000244,8815
43.843889236450195,8814
43.88082838058472,8813
43.891501665115356,8812
44.003000259399414,8811
44.061153173446655,8810
44.12122845649719,8809
44.14381790161133,8808
44.15451431274414,8807
44.165130615234375,8806
44.17634320259094,8805
44.18682026863098,8804
44.23158574104309,8803
44.253968954086304,8802
44.26416850090027,8801
44.29740810394287,8800
44.32107758522034,8799
44.399033069610596,8798
44.45415186882019,8797
44.51270031929016,8796
44.5823438167572,8795
44.60321521759033,8794
44.679938316345215,8793
44.765568017959595,8792
44.83675694465637,8791
44.87944149971008,8790
44.91092300415039,8789
44.959320068359375,8788
44.98756551742554,8787
45.0193030834198,8786
45.0303258895874,8785
45.04066467285156,8784
45.05807375907898,8783
45.07819581031799,8782
45.208499908447266,8781
45.405522108078,8780
45.428805112838745,8779
45.45873951911926,8778
45.51060652732849,8777
45.52103233337402,8776
45.531447649002075,8775
45.56336045265198,8774
45.63703012466431,8773
45.656463623046875,8772
45.66920351982117,8771
45.736753702163696,8770
45.74730634689331,8769
45.757877826690674,8768
45.7847843170166,8767
45.80188703536987,8766
45.82248568534851,8765
45.86204648017883,8764
45.90399789810181,8763
45.91434073448181,8762
45.98448586463928,8761
45.994890451431274,8760
46.03574872016907,8759
46.06550717353821,8758
46.10206913948059,8757
46.14877414703369,8756
46.1596896648407,8755
46.17998957633972,8754
46.198368549346924,8753
46.20848321914673,8752
46.222564458847046,8751
46.2325758934021,8750
46.24958610534668,8749
46.31114673614502,8748
46.35546851158142,8747
46.3659565448761,8746
46.3963987827301,8745
46.43746066093445,8744
46.44744849205017,8743
46.46069955825806,8742
46.502708435058594,8741
46.53626799583435,8740
46.67124271392822,8739
46.72411608695984,8738
46.74675703048706,8737
46.786388874053955,8736
46.842992544174194,8735
46.90787315368652,8734
46.977428913116455,8733
47.051766872406006,8732
47.07235860824585,8731
47.09777808189392,8730
47.14261269569397,8729
47.18919610977173,8728
47.26103901863098,8727
47.27707362174988,8726
47.36593961715698,8725
47.39797520637512,8724
47.43154168128967,8723
47.71629047393799,8722
47.726720094680786,8721
47.79064726829529,8720
47.80808472633362,8719
47.818567991256714,8718
47.84070158004761,8717
47.85194420814514,8716
47.86215329170227,8715
47.91871881484985,8714
47.965956926345825,8713
47.977783203125,8712
47.98814153671265,8711
48.07227897644043,8710
48.108814001083374,8709
48.12710237503052,8708
48.17829084396362,8707
48.194926738739014,8706
48.221543312072754,8705
48.23821830749512,8704
48.32634234428406,8703
48.33662009239197,8702
48.42304563522339,8701
48.43334221839905,8700
48.45594573020935,8699
48.47653150558472,8698
48.564769983291626,8697
48.667200326919556,8696
48.704195976257324,8695
48.71427798271179,8694
48.7905113697052,8693
48.805378675460815,8692
48.85045838356018,8691
48.88261318206787,8690
48.89783525466919,8689
48.92739391326904,8688
48.95364809036255,8687
48.98644018173218,8686
48.99647831916809,8685
49.0439453125,8684
49.08773899078369,8683
49.20556926727295,8682
49.227638244628906,8681
49.329882860183716,8680
49.35293793678284,8679
49.36310839653015,8678
49.37747287750244,8677
49.4038450717926,8676
49.448716163635254,8675
49.47425198554993,8674
49.49789023399353,8673
49.552228689193726,8672
49.67401123046875,8671
49.81638979911804,8670
49.85841941833496,8669
49.89717984199524,8668
49.907522678375244,8667
49.92782950401306,8666
49.957294940948486,8665
