0.318558931350708,8776
0.3751800060272217,8775
0.43448591232299805,8774
0.49362754821777344,8773
0.5487568378448486,8772
0.6030492782592773,8771
0.6563365459442139,8770
0.7073440551757812,8769
0.7616732120513916,8768
0.8144106864929199,8767
0.8657429218292236,8766
0.917670726776123,8765
0.9690392017364502,8764
1.0199856758117676,8763
1.0709383487701416,8762
1.121948003768921,8761
1.172853708267212,8760
1.2238833904266357,8759
1.2748034000396729,8758
1.325765609741211,8757
1.3810737133026123,8756
1.435267686843872,8755
1.487734317779541,8754
1.5401580333709717,8753
1.5923128128051758,8752
1.6445674896240234,8751
1.6955375671386719,8750
1.746523380279541,8749
1.7971868515014648,8748
1.8484807014465332,8747
1.9004669189453125,8746
1.9532318115234375,8745
2.004434108734131,8744
2.055572271347046,8743
2.1065304279327393,8742
2.1576786041259766,8741
2.208634853363037,8740
2.2593464851379395,8739
2.310673952102661,8738
2.361412763595581,8737
2.412583351135254,8736
2.4648733139038086,8735
2.515838384628296,8734
2.5668697357177734,8733
2.6185712814331055,8732
2.6693243980407715,8731
2.720597982406616,8730
2.771453857421875,8729
2.822834014892578,8728
2.874204635620117,8727
2.9263272285461426,8726
2.977079391479492,8725
3.0278687477111816,8724
3.078685760498047,8723
3.1335222721099854,8722
3.189159393310547,8721
3.2405474185943604,8720
3.291562795639038,8719
3.3423826694488525,8718
3.393209457397461,8717
3.4461898803710938,8716
3.4979469776153564,8715
3.548892021179199,8714
3.6005094051361084,8713
3.6516268253326416,8712
3.702173948287964,8711
3.7530438899993896,8710
3.8036134243011475,8709
3.855001926422119,8708
3.906273603439331,8707
3.958725929260254,8706
4.009923458099365,8705
4.06160306930542,8704
4.112860202789307,8703
4.167341470718384,8702
4.221045732498169,8701
4.272313833236694,8700
4.323314189910889,8699
4.374363422393799,8698
4.426136255264282,8697
4.477740526199341,8696
4.528510808944702,8695
4.582778215408325,8694
4.636396408081055,8693
4.687110662460327,8692
4.737771511077881,8691
4.788249969482422,8690
4.8392908573150635,8689
4.892630338668823,8688
4.949753284454346,8687
5.001989126205444,8686
5.053377151489258,8685
5.104394912719727,8684
5.155592679977417,8683
5.206287145614624,8682
5.257219076156616,8681
5.3079674243927,8680
5.358595609664917,8679
5.4093194007873535,8678
5.463039398193359,8677
5.515008211135864,8676
5.567070007324219,8675
5.619251728057861,8674
5.670629024505615,8673
5.723130702972412,8672
5.775254487991333,8671
5.828048944473267,8670
5.879384517669678,8669
5.930974006652832,8668
5.982061147689819,8667
6.032504081726074,8666
6.083351373672485,8665
6.133859157562256,8664
6.184406280517578,8663
6.234819173812866,8662
6.285348892211914,8661
6.335878849029541,8660
6.386509895324707,8659
6.43879246711731,8658
6.490425109863281,8657
6.541321754455566,8656
6.592427015304565,8655
6.649082183837891,8654
6.705816268920898,8653
6.75744366645813,8652
6.8083696365356445,8651
6.859317064285278,8650
6.911033391952515,8649
6.962091684341431,8648
7.012607097625732,8647
7.063286066055298,8646
7.1141979694366455,8645
7.1650543212890625,8644
7.215463161468506,8643
7.266206502914429,8642
7.31659460067749,8641
7.367206811904907,8640
7.417640209197998,8639
7.470511436462402,8638
7.521511554718018,8637
7.572555780410767,8636
7.623260021209717,8635
7.673998594284058,8634
7.724353790283203,8633
7.775283098220825,8632
7.82561731338501,8631
7.877071380615234,8630
7.928653001785278,8629
7.979176759719849,8628
8.02948808670044,8627
8.080568552017212,8626
8.131019115447998,8625
8.18163776397705,8624
8.231993675231934,8623
8.282853841781616,8622
8.334563255310059,8621
8.387677907943726,8620
8.441416263580322,8619
8.49273943901062,8618
8.544023513793945,8617
8.59539794921875,8616
8.64622950553894,8615
8.696837902069092,8614
8.747671127319336,8613
8.799320697784424,8612
8.850076675415039,8611
8.900789737701416,8610
8.952756404876709,8609
9.003406047821045,8608
9.053886890411377,8607
9.10447359085083,8606
9.155269861221313,8605
9.205652236938477,8604
9.256014823913574,8603
9.306304931640625,8602
9.35727334022522,8601
9.410279035568237,8600
9.466909646987915,8599
9.518551349639893,8598
9.570246696472168,8597
9.622117280960083,8596
9.673852443695068,8595
9.729743719100952,8594
9.781793594360352,8593
9.833342552185059,8592
9.884379386901855,8591
9.935636520385742,8590
9.986226797103882,8589
10.036468029022217,8588
10.087167501449585,8587
10.137874841690063,8586
10.188418865203857,8585
10.238706350326538,8584
10.289625406265259,8583
10.339855194091797,8582
10.390141725540161,8581
10.443778276443481,8580
10.49805235862732,8579
10.54971694946289,8578
10.602020978927612,8577
10.653146028518677,8576
10.704439640045166,8575
10.755973815917969,8574
10.808786392211914,8573
10.861953258514404,8572
10.912568092346191,8571
10.963627815246582,8570
11.01380968093872,8569
11.064026117324829,8568
11.114370822906494,8567
11.16480565071106,8566
11.214821815490723,8565
11.26487398147583,8564
11.315020561218262,8563
11.365264892578125,8562
11.415745735168457,8561
11.467220544815063,8560
11.518028497695923,8559
11.569284677505493,8558
11.621543645858765,8557
11.67389440536499,8556
11.726099014282227,8555
11.778316736221313,8554
11.830457925796509,8553
11.882776260375977,8552
11.935600757598877,8551
11.987136602401733,8550
12.037789821624756,8549
12.088462591171265,8548
12.138912200927734,8547
12.18932843208313,8546
12.239526271820068,8545
12.290145635604858,8544
12.340895175933838,8543
12.391194343566895,8542
12.441615581512451,8541
12.492074728012085,8540
12.542293310165405,8539
12.592799186706543,8538
12.642817735671997,8537
12.692939281463623,8536
12.742878913879395,8535
12.792920351028442,8534
12.842980861663818,8533
12.89398980140686,8532
12.944880247116089,8531
12.994956016540527,8530
13.04468560218811,8529
13.094970703125,8528
13.14506721496582,8527
13.19507884979248,8526
13.244860172271729,8525
13.29483151435852,8524
13.344736337661743,8523
13.394626379013062,8522
13.445853233337402,8521
13.497118473052979,8520
13.547135353088379,8519
13.597686052322388,8518
13.647669792175293,8517
13.697604894638062,8516
13.74733591079712,8515
13.797913551330566,8514
13.848306894302368,8513
13.899213790893555,8512
13.951115608215332,8511
14.001416206359863,8510
14.051310777664185,8509
14.101698875427246,8508
14.151890277862549,8507
14.206962585449219,8506
14.261666297912598,8505
14.312411308288574,8504
14.362749814987183,8503
14.41303014755249,8502
14.464454650878906,8501
14.51494288444519,8500
14.565396785736084,8499
14.616979122161865,8498
14.667509078979492,8497
14.718392133712769,8496
14.769169569015503,8495
14.820207118988037,8494
14.870290040969849,8493
14.92128586769104,8492
14.97165584564209,8491
15.022044658660889,8490
15.07187557220459,8489
15.122432947158813,8488
15.172401666641235,8487
15.22435998916626,8486
15.278074979782104,8485
15.329449892044067,8484
15.380332469940186,8483
15.431596279144287,8482
15.484076738357544,8481
15.53514289855957,8480
15.586034774780273,8479
15.638338804244995,8478
15.690304040908813,8477
15.74254035949707,8476
15.794410467147827,8475
15.846396207809448,8474
15.898502111434937,8473
15.950695037841797,8472
16.002418518066406,8471
16.052770614624023,8470
16.103143215179443,8469
16.15325617790222,8468
16.203394651412964,8467
16.253296613693237,8466
16.303632736206055,8465
16.353944301605225,8464
16.403785467147827,8463
16.45504593849182,8462
16.507732391357422,8461
16.557672262191772,8460
16.608417510986328,8459
16.658249855041504,8458
16.71297812461853,8457
16.770302534103394,8456
16.822445392608643,8455
16.872922897338867,8454
16.923243761062622,8453
16.973597764968872,8452
17.02384328842163,8451
17.073907613754272,8450
17.124972581863403,8449
17.1755154132843,8448
17.226062059402466,8447
17.27688431739807,8446
17.327765464782715,8445
17.378424406051636,8444
17.429648637771606,8443
17.481929063796997,8442
17.533057689666748,8441
17.58399248123169,8440
17.635464668273926,8439
17.6858389377594,8438
17.73664379119873,8437
17.787174701690674,8436
17.83784770965576,8435
17.888245105743408,8434
17.944157361984253,8433
17.995220184326172,8432
18.04504919052124,8431
18.095027685165405,8430
18.145018815994263,8429
18.194767236709595,8428
18.244519472122192,8427
18.294294357299805,8426
18.3446147441864,8425
18.396625518798828,8424
18.447123527526855,8423
18.498746395111084,8422
18.549060106277466,8421
18.599430322647095,8420
18.64946436882019,8419
18.6992449760437,8418
18.749178886413574,8417
18.79918122291565,8416
18.849377393722534,8415
18.89979863166809,8414
18.95172643661499,8413
19.002541065216064,8412
19.054527282714844,8411
19.106510400772095,8410
19.158512353897095,8409
19.21031904220581,8408
19.262182474136353,8407
19.314117908477783,8406
19.36596918106079,8405
19.41783857345581,8404
19.47128939628601,8403
19.522571325302124,8402
19.573431968688965,8401
19.624635457992554,8400
19.67508816719055,8399
19.725365161895752,8398
19.775624752044678,8397
19.82589864730835,8396
19.876262187957764,8395
19.926940441131592,8394
19.97692036628723,8393
20.02669596672058,8392
20.07632875442505,8391
20.12632131576538,8390
20.175897359848022,8389
20.226162433624268,8388
20.276496171951294,8387
20.32651138305664,8386
20.37598752975464,8385
20.42593789100647,8384
20.480762243270874,8383
20.537336349487305,8382
20.589598417282104,8381
20.64025044441223,8380
20.690271615982056,8379
20.741960763931274,8378
20.791948318481445,8377
20.84171438217163,8376
20.89189314842224,8375
20.94260001182556,8374
20.99247694015503,8373
21.04240870475769,8372
21.092153787612915,8371
21.141940355300903,8370
21.191538095474243,8369
21.241023302078247,8368
21.290500164031982,8367
21.340083122253418,8366
21.389535188674927,8365
21.439958333969116,8364
21.491316318511963,8363
21.541414737701416,8362
21.591049909591675,8361
21.640848398208618,8360
21.69033408164978,8359
21.739909410476685,8358
21.78932809829712,8357
21.838801383972168,8356
21.889124155044556,8355
21.940434455871582,8354
21.990427255630493,8353
22.039957761764526,8352
22.089487552642822,8351
22.139406442642212,8350
22.189026355743408,8349
22.238559246063232,8348
22.287890911102295,8347
22.337700366973877,8346
22.38712739944458,8345
22.437299013137817,8344
22.487998723983765,8343
22.53792643547058,8342
22.58733320236206,8341
22.6371591091156,8340
22.686458110809326,8339
22.73588800430298,8338
22.78514814376831,8337
22.834620714187622,8336
22.884531497955322,8335
22.934792518615723,8334
22.984139442443848,8333
23.0335373878479,8332
23.082828760147095,8331
23.132189750671387,8330
23.18145251274109,8329
23.230665683746338,8328
23.2799551486969,8327
23.329813241958618,8326
23.379243850708008,8325
23.42867636680603,8324
23.47929620742798,8323
23.52945566177368,8322
23.578999042510986,8321
23.628702640533447,8320
23.678173542022705,8319
23.72738552093506,8318
23.77684736251831,8317
23.826415061950684,8316
23.876564979553223,8315
23.92624592781067,8314
23.976166248321533,8313
24.02542018890381,8312
24.07471203804016,8311
24.1242938041687,8310
24.173726081848145,8309
24.222901582717896,8308
24.272223949432373,8307
24.321473360061646,8306
24.370834350585938,8305
24.420133113861084,8304
24.469595432281494,8303
24.520374298095703,8302
24.570008754730225,8301
24.619651317596436,8300
24.66904044151306,8299
24.71822428703308,8298
24.767515182495117,8297
24.816617727279663,8296
24.865914583206177,8295
24.91507077217102,8294
24.964810609817505,8293
25.014057159423828,8292
25.06332015991211,8291
25.112642765045166,8290
25.162286520004272,8289
25.211438179016113,8288
25.264065504074097,8287
25.31833028793335,8286
25.368301153182983,8285
25.417846202850342,8284
25.46785855293274,8283
25.518431425094604,8282
25.567749500274658,8281
25.617287158966064,8280
25.666527271270752,8279
25.715832233428955,8278
25.764978885650635,8277
25.815821170806885,8276
25.868222951889038,8275
25.919736623764038,8274
25.969895839691162,8273
26.019043445587158,8272
26.06809949874878,8271
26.11726689338684,8270
26.16651940345764,8269
26.215507745742798,8268
26.264447689056396,8267
26.31814956665039,8266
26.37063455581665,8265
26.420347690582275,8264
26.470333337783813,8263
26.520905256271362,8262
26.57015037536621,8261
26.620039701461792,8260
26.669121980667114,8259
26.718268156051636,8258
26.77111268043518,8257
26.82753348350525,8256
26.882087469100952,8255
26.933847665786743,8254
26.98444104194641,8253
27.034303665161133,8252
27.084450721740723,8251
27.134029150009155,8250
27.18343448638916,8249
27.232489585876465,8248
27.281506299972534,8247
27.330442667007446,8246
27.37943196296692,8245
27.42845630645752,8244
27.47808527946472,8243
27.528610944747925,8242
27.578462839126587,8241
27.628822803497314,8240
27.6788387298584,8239
27.728442430496216,8238
27.77824068069458,8237
27.827537536621094,8236
27.877075672149658,8235
27.926833868026733,8234
27.976149559020996,8233
28.025050163269043,8232
28.07398009300232,8231
28.123090267181396,8230
28.172043323516846,8229
28.220975637435913,8228
28.269733428955078,8227
28.318877696990967,8226
28.368618965148926,8225
28.420098781585693,8224
28.469342708587646,8223
28.51894998550415,8222
28.568159341812134,8221
28.617629766464233,8220
28.66667914390564,8219
28.71568012237549,8218
28.76493549346924,8217
28.813982248306274,8216
28.86319589614868,8215
28.913156270980835,8214
28.962665796279907,8213
29.01182270050049,8212
29.06071901321411,8211
29.11013674736023,8210
29.15909171104431,8209
29.208130359649658,8208
29.256955862045288,8207
29.305954456329346,8206
29.354907035827637,8205
29.403957843780518,8204
29.453274726867676,8203
29.503310680389404,8202
29.55265235900879,8201
29.601895809173584,8200
29.651015758514404,8199
29.70017409324646,8198
29.74889063835144,8197
29.797858476638794,8196
29.84658908843994,8195
29.895690441131592,8194
29.944864511489868,8193
29.994012594223022,8192
30.043050527572632,8191
30.092259168624878,8190
30.14163064956665,8189
30.190773487091064,8188
30.23969078063965,8187
30.288798332214355,8186
30.337810516357422,8185
30.38681936264038,8184
30.43622636795044,8183
30.485347270965576,8182
30.537638902664185,8181
30.587645769119263,8180
30.637360334396362,8179
30.686604499816895,8178
30.73603653907776,8177
30.787385940551758,8176
30.83710527420044,8175
30.886516332626343,8174
30.936251401901245,8173
30.98571801185608,8172
31.034706354141235,8171
31.088531494140625,8170
31.138476133346558,8169
31.187551498413086,8168
31.23644709587097,8167
31.285371780395508,8166
31.33441472053528,8165
31.383339166641235,8164
31.432921171188354,8163
31.482725620269775,8162
31.537173748016357,8161
31.59299325942993,8160
31.644925117492676,8159
31.69528365135193,8158
31.745102882385254,8157
31.795116186141968,8156
31.844796657562256,8155
31.895664930343628,8154
31.94657850265503,8153
31.996576070785522,8152
32.04601454734802,8151
32.09538769721985,8150
32.14459156990051,8149
32.19371700286865,8148
32.242679595947266,8147
32.291624546051025,8146
32.340495586395264,8145
32.38943576812744,8144
32.4388689994812,8143
32.487860441207886,8142
32.53800940513611,8141
32.587217569351196,8140
32.63662767410278,8139
32.68591833114624,8138
32.73483419418335,8137
32.78360867500305,8136
32.83266615867615,8135
32.881747245788574,8134
32.93186926841736,8133
32.98077416419983,8132
33.02971386909485,8131
33.078399658203125,8130
33.12745642662048,8129
33.1761257648468,8128
33.224928855895996,8127
33.27354025840759,8126
33.32286596298218,8125
33.37186145782471,8124
33.42085146903992,8123
33.47014021873474,8122
33.52020812034607,8121
33.5695538520813,8120
33.61887884140015,8119
33.66774868965149,8118
33.71657729148865,8117
33.76527261734009,8116
33.81420946121216,8115
33.863237380981445,8114
33.913214683532715,8113
33.96233320236206,8112
34.011303186416626,8111
34.05988645553589,8110
34.108814001083374,8109
34.157719373703,8108
34.20663094520569,8107
34.25530743598938,8106
34.304123640060425,8105
34.35305666923523,8104
34.40182662010193,8103
34.45108890533447,8102
34.49994134902954,8101
34.55020713806152,8100
34.59937286376953,8099
34.64836859703064,8098
34.69712805747986,8097
34.74575448036194,8096
34.79447388648987,8095
34.84331011772156,8094
34.89197254180908,8093
34.9409384727478,8092
34.989606618881226,8091
35.03838300704956,8090
35.08697962760925,8089
35.1359977722168,8088
35.184624910354614,8087
35.23327279090881,8086
35.28169655799866,8085
35.330809354782104,8084
35.379497051239014,8083
35.42847037315369,8082
35.478060483932495,8081
35.52801728248596,8080
35.57693409919739,8079
35.626575231552124,8078
35.67542862892151,8077
35.72526168823242,8076
35.77477145195007,8075
35.824660301208496,8074
35.87366032600403,8073
35.92338466644287,8072
35.972540855407715,8071
36.021212100982666,8070
36.069634675979614,8069
36.118290185928345,8068
36.1670355796814,8067
36.21569514274597,8066
36.26422452926636,8065
36.31342577934265,8064
36.36801838874817,8063
36.41810202598572,8062
36.46757221221924,8061
36.51719832420349,8060
36.56785249710083,8059
36.61744427680969,8058
36.66639590263367,8057
36.715232849121094,8056
36.763789653778076,8055
36.81346273422241,8054
36.868940114974976,8053
36.923845052719116,8052
36.973729610443115,8051
37.02285408973694,8050
37.07152795791626,8049
37.12038493156433,8048
37.169434785842896,8047
37.21819829940796,8046
37.26690864562988,8045
37.31567740440369,8044
37.36696124076843,8043
37.42116594314575,8042
37.47110152244568,8041
37.52075719833374,8040
37.56971859931946,8039
37.61863470077515,8038
37.66752481460571,8037
37.71703791618347,8036
37.77190947532654,8035
37.82344937324524,8034
37.87295055389404,8033
37.92247223854065,8032
37.971718072891235,8031
38.020392417907715,8030
38.06892991065979,8029
38.11744689941406,8028
38.166171073913574,8027
38.21466302871704,8026
38.26327705383301,8025
38.31220555305481,8024
38.36141014099121,8023
38.41226506233215,8022
38.461926221847534,8021
38.510480642318726,8020
38.5601019859314,8019
38.60889148712158,8018
38.657803773880005,8017
38.7063148021698,8016
38.75482416152954,8015
38.803516149520874,8014
38.85219097137451,8013
38.90120005607605,8012
38.95053577423096,8011
38.99941325187683,8010
39.048033475875854,8009
39.09641170501709,8008
39.145286560058594,8007
39.19421434402466,8006
39.24250888824463,8005
39.29090142250061,8004
39.33935761451721,8003
39.387805223464966,8002
39.43650937080383,8001
39.485373973846436,8000
39.534729957580566,7999
39.58377718925476,7998
39.63264751434326,7997
39.68108510971069,7996
39.72928595542908,7995
39.777687072753906,7994
39.825873136520386,7993
39.87431359291077,7992
39.92279267311096,7991
39.97148013114929,7990
40.01983141899109,7989
40.06827211380005,7988
40.11668610572815,7987
40.165714740753174,7986
40.21405100822449,7985
40.26237177848816,7984
40.31065106391907,7983
40.359161138534546,7982
40.407408237457275,7981
40.45689272880554,7980
40.50549387931824,7979
40.55530905723572,7978
40.60426139831543,7977
40.65311050415039,7976
40.70132541656494,7975
40.74987816810608,7974
40.79829955101013,7973
40.84957194328308,7972
40.89912390708923,7971
40.94823861122131,7970
41.001487255096436,7969
41.052380084991455,7968
41.10299849510193,7967
41.15364742279053,7966
41.204116344451904,7965
41.25446844100952,7964
41.30475616455078,7963
41.35519099235535,7962
41.4055073261261,7961
41.4565007686615,7960
41.5071120262146,7959
41.55900979042053,7958
41.61068034172058,7957
41.66135001182556,7956
41.71169662475586,7955
41.76204991340637,7954
41.81243658065796,7953
41.862788438797,7952
41.91322660446167,7951
41.963971853256226,7950
42.01341795921326,7949
42.062490940093994,7948
42.11143946647644,7947
42.16109776496887,7946
42.210060358047485,7945
42.25886034965515,7944
42.307355880737305,7943
42.35660648345947,7942
42.40610456466675,7941
42.45560264587402,7940
42.50451374053955,7939
42.555787324905396,7938
42.61030697822571,7937
42.66134190559387,7936
42.710519790649414,7935
42.75987148284912,7934
42.809224367141724,7933
42.85755658149719,7932
42.9061017036438,7931
42.95467472076416,7930
43.00309157371521,7929
43.05115580558777,7928
43.09922528266907,7927
43.14737105369568,7926
43.19618082046509,7925
43.2441930770874,7924
43.292344093322754,7923
43.34046292304993,7922
43.3886981010437,7921
43.43697428703308,7920
43.4858238697052,7919
43.53435206413269,7918
43.58328557014465,7917
43.632046937942505,7916
43.68067646026611,7915
43.72881865501404,7914
43.7770779132843,7913
43.82512092590332,7912
43.873839378356934,7911
43.92242789268494,7910
43.971383810043335,7909
44.01944899559021,7908
44.06743597984314,7907
44.11555600166321,7906
44.16420578956604,7905
44.21228241920471,7904
44.2602276802063,7903
44.308340549468994,7902
44.35655403137207,7901
44.40487027168274,7900
44.45308065414429,7899
44.50128221511841,7898
44.55020356178284,7897
44.59941482543945,7896
44.64803385734558,7895
44.69606018066406,7894
44.743924379348755,7893
44.79234170913696,7892
44.84036040306091,7891
44.88865351676941,7890
44.93705463409424,7889
44.98549818992615,7888
45.03349447250366,7887
45.08160448074341,7886
45.12967228889465,7885
45.17808771133423,7884
45.225955963134766,7883
45.27390432357788,7882
45.321799755096436,7881
45.36997675895691,7880
45.41804313659668,7879
45.4666690826416,7878
45.51477766036987,7877
45.56320548057556,7876
45.61166834831238,7875
45.65984773635864,7874
45.708067655563354,7873
45.756009578704834,7872
45.80429291725159,7871
45.85225319862366,7870
45.900901794433594,7869
45.94986701011658,7868
46.0030779838562,7867
46.051772594451904,7866
46.10003089904785,7865
46.14812350273132,7864
46.19648027420044,7863
46.244389057159424,7862
46.29229235649109,7861
46.340171813964844,7860
46.388083696365356,7859
46.436392068862915,7858
46.4848575592041,7857
46.53295969963074,7856
46.582624673843384,7855
46.6310670375824,7854
46.679287910461426,7853
46.72739362716675,7852
46.77536106109619,7851
46.82352948188782,7850
46.872008323669434,7849
46.92676663398743,7848
46.982048988342285,7847
47.03203296661377,7846
47.0807249546051,7845
47.12927865982056,7844
47.177695751190186,7843
47.225929737091064,7842
47.273906230926514,7841
47.32204723358154,7840
47.369993925094604,7839
47.423330307006836,7838
47.473851680755615,7837
47.5223228931427,7836
47.571566343307495,7835
47.61998462677002,7834
47.668129444122314,7833
47.716251850128174,7832
47.76407337188721,7831
47.8122296333313,7830
47.86020112037659,7829
47.909043073654175,7828
47.95762586593628,7827
48.005637884140015,7826
48.05329990386963,7825
48.101216554641724,7824
48.14903664588928,7823
48.19727039337158,7822
48.245075941085815,7821
48.29286050796509,7820
48.34078645706177,7819
48.38882350921631,7818
48.44170022010803,7817
48.49537992477417,7816
48.54519867897034,7815
48.594332456588745,7814
48.64330172538757,7813
48.692527294158936,7812
48.741031646728516,7811
48.789541482925415,7810
48.83759427070618,7809
48.88580918312073,7808
48.9359405040741,7807
48.98472619056702,7806
49.03416037559509,7805
49.082573890686035,7804
49.13149452209473,7803
49.18005299568176,7802
49.228084087371826,7801
49.275840282440186,7800
49.32378005981445,7799
49.371628284454346,7798
49.41964817047119,7797
49.46786284446716,7796
49.5157835483551,7795
49.564626932144165,7794
49.61318922042847,7793
49.661168813705444,7792
49.709030628204346,7791
49.756691455841064,7790
49.80438470840454,7789
49.8520770072937,7788
49.90003538131714,7787
49.94819664955139,7786
49.99608254432678,7785
50.043978452682495,7784
50.091620445251465,7783
50.13946223258972,7782
50.18721628189087,7781
50.2349898815155,7780
50.28255748748779,7779
50.330273389816284,7778
50.37781095504761,7777
50.42602515220642,7776
50.47378444671631,7775
50.52157115936279,7774
50.57060098648071,7773
50.62067222595215,7772
50.67517399787903,7771
50.725178956985474,7770
50.774847984313965,7769
50.82335591316223,7768
50.87140941619873,7767
50.91952061653137,7766
50.96765637397766,7765
51.01544690132141,7764
51.06302499771118,7763
51.11062431335449,7762
51.15825009346008,7761
51.20605945587158,7760
51.25370645523071,7759
51.301215410232544,7758
51.348881244659424,7757
51.396464586257935,7756
51.445061922073364,7755
51.49595499038696,7754
51.548256635665894,7753
51.59754204750061,7752
51.64585733413696,7751
51.694178104400635,7750
51.74196410179138,7749
51.78961968421936,7748
51.837303161621094,7747
51.885234117507935,7746
51.93445920944214,7745
51.98312163352966,7744
52.031097412109375,7743
52.07869243621826,7742
52.13211464881897,7741
52.180405378341675,7740
52.228245973587036,7739
52.27574872970581,7738
52.32345962524414,7737
52.37098932266235,7736
52.41864466667175,7735
52.46632981300354,7734
52.51400017738342,7733
52.562577962875366,7732
52.61275005340576,7731
52.66156983375549,7730
52.70958662033081,7729
52.75741124153137,7728
52.804957151412964,7727
52.853193044662476,7726
52.90637159347534,7725
52.95677089691162,7724
53.006725549697876,7723
53.056583642959595,7722
53.106281757354736,7721
53.15600395202637,7720
53.20569705963135,7719
53.25534749031067,7718
53.30495524406433,7717
53.35464906692505,7716
53.40426731109619,7715
53.45435619354248,7714
53.50425362586975,7713
53.55374598503113,7712
53.60445237159729,7711
53.65832042694092,7710
53.7077214717865,7709
53.75585603713989,7708
53.80380964279175,7707
53.85191321372986,7706
53.90036654472351,7705
53.94968843460083,7704
53.99781250953674,7703
54.045409202575684,7702
54.092873334884644,7701
54.14049315452576,7700
54.18843698501587,7699
54.2361798286438,7698
54.28371834754944,7697
54.33147621154785,7696
54.37905979156494,7695
54.4269540309906,7694
54.47467517852783,7693
54.52220273017883,7692
54.57074189186096,7691
54.61903643608093,7690
54.666667222976685,7689
54.714311361312866,7688
54.76214003562927,7687
54.80969953536987,7686
54.857272148132324,7685
54.905102014541626,7684
54.95371699333191,7683
55.001442670822144,7682
55.04941201210022,7681
55.09683609008789,7680
55.14463806152344,7679
55.19228672981262,7678
55.239699363708496,7677
55.288002729415894,7676
55.33752655982971,7675
55.386988162994385,7674
55.43873429298401,7673
55.49911570549011,7672
55.55550980567932,7671
55.61051344871521,7670
55.66094970703125,7669
55.70938229560852,7668
55.75880551338196,7667
55.8107795715332,7666
55.86403226852417,7665
55.91666889190674,7664
55.968931913375854,7663
56.01775908470154,7662
56.06585931777954,7661
56.11770486831665,7660
56.17265844345093,7659
56.227686643600464,7658
56.2829704284668,7657
56.33809280395508,7656
56.39327597618103,7655
56.44846987724304,7654
56.50084924697876,7653
56.55616521835327,7652
56.611846923828125,7651
56.66737079620361,7650
56.722710847854614,7649
56.77809429168701,7648
56.8326530456543,7647
56.88792109489441,7646
56.94245886802673,7645
56.996829986572266,7644
57.05079913139343,7643
57.09950590133667,7642
57.14844465255737,7641
57.20272207260132,7640
57.25760626792908,7639
57.312103509902954,7638
57.36695194244385,7637
57.42136859893799,7636
57.47221279144287,7635
57.52054190635681,7634
57.568949699401855,7633
57.61833596229553,7632
57.668736696243286,7631
57.72063112258911,7630
57.77285981178284,7629
57.82265114784241,7628
57.870718240737915,7627
57.919257164001465,7626
57.96724224090576,7625
58.0154972076416,7624
58.06915283203125,7623
58.12365484237671,7622
58.178834676742554,7621
58.233654260635376,7620
58.288689613342285,7619
58.34334206581116,7618
58.39850854873657,7617
58.45491099357605,7616
58.51237440109253,7615
58.56799650192261,7614
58.62407851219177,7613
58.68009948730469,7612
58.73591089248657,7611
58.78714847564697,7610
58.83572316169739,7609
58.883923053741455,7608
58.932976722717285,7607
58.98116445541382,7606
59.02888226509094,7605
59.0762300491333,7604
59.12352442741394,7603
59.17084050178528,7602
59.21951127052307,7601
59.27360415458679,7600
59.32815742492676,7599
59.38304543495178,7598
59.438435316085815,7597
59.494240045547485,7596
59.55117225646973,7595
59.607298374176025,7594
59.66253900527954,7593
59.71771860122681,7592
59.77267336845398,7591
59.82750391960144,7590
59.88267230987549,7589
59.93783187866211,7588
59.9939329624176,7587
60.05017352104187,7586
60.10276484489441,7585
60.15145778656006,7584
60.199347734451294,7583
60.24676060676575,7582
60.29527282714844,7581
60.34725379943848,7580
60.40000343322754,7579
60.45042586326599,7578
60.49839544296265,7577
60.54826807975769,7576
60.60350012779236,7575
60.65835523605347,7574
60.713831663131714,7573
60.76850748062134,7572
60.8203067779541,7571
60.86959719657898,7570
60.91767120361328,7569
60.965943574905396,7568
61.01766395568848,7567
61.06912803649902,7566
61.12091875076294,7565
61.17290163040161,7564
61.22535037994385,7563
61.277294874191284,7562
61.32710671424866,7561
61.37491512298584,7560
61.42622995376587,7559
61.4834988117218,7558
61.53937482833862,7557
61.59082245826721,7556
61.63916873931885,7555
61.68702840805054,7554
61.734437465667725,7553
61.7816903591156,7552
61.82885956764221,7551
61.87646508216858,7550
61.92892360687256,7549
61.978848695755005,7548
62.026673316955566,7547
62.073981523513794,7546
62.124741554260254,7545
62.17674922943115,7544
62.22951531410217,7543
62.27974319458008,7542
62.327659130096436,7541
62.37508964538574,7540
62.42291283607483,7539
62.47020959854126,7538
62.51869511604309,7537
62.57242465019226,7536
62.62750172615051,7535
62.68221163749695,7534
62.736878871917725,7533
62.79136633872986,7532
62.846449851989746,7531
62.901193141937256,7530
62.95646786689758,7529
63.011759996414185,7528
63.065284729003906,7527
63.118000507354736,7526
63.172393798828125,7525
63.22738218307495,7524
63.28203582763672,7523
63.336955070495605,7522
63.391677141189575,7521
63.446807861328125,7520
63.50042653083801,7519
63.55320382118225,7518
63.606178998947144,7517
63.656644105911255,7516
63.70585918426514,7515
63.75339722633362,7514
63.800705909729004,7513
63.84783458709717,7512
63.895365476608276,7511
63.94301080703735,7510
63.99016523361206,7509
64.03732419013977,7508
64.0841052532196,7507
64.1313533782959,7506
64.17854595184326,7505
64.22618818283081,7504
64.27322220802307,7503
64.32059097290039,7502
64.36736941337585,7501
64.41468977928162,7500
64.4619779586792,7499
64.50891613960266,7498
64.5559754371643,7497
64.60457849502563,7496
64.65362048149109,7495
64.70812678337097,7494
64.75757646560669,7493
64.80544757843018,7492
64.85780143737793,7491
64.91397309303284,7490
64.97143149375916,7489
65.02631759643555,7488
65.08077073097229,7487
65.13588404655457,7486
65.1911940574646,7485
65.24623918533325,7484
65.30083799362183,7483
65.35577201843262,7482
65.4107027053833,7481
65.46603488922119,7480
65.5159170627594,7479
65.5648021697998,7478
65.61337876319885,7477
65.66089653968811,7476
65.70822668075562,7475
65.75713634490967,7474
65.80714678764343,7473
65.85529828071594,7472
65.90292978286743,7471
65.95120096206665,7470
65.99812507629395,7469
66.04546070098877,7468
66.09210872650146,7467
66.14301109313965,7466
66.19502973556519,7465
66.24736404418945,7464
66.29631567001343,7463
66.34396600723267,7462
66.39118981361389,7461
66.43871402740479,7460
66.4876434803009,7459
66.54023337364197,7458
66.59300422668457,7457
66.64304947853088,7456
66.69050359725952,7455
66.73792767524719,7454
66.78497815132141,7453
66.83207964897156,7452
66.87904286384583,7451
66.92594623565674,7450
66.97302031517029,7449
67.02470636367798,7448
67.07995820045471,7447
67.13153028488159,7446
67.18015193939209,7445
67.22941589355469,7444
67.2815957069397,7443
67.33395409584045,7442
67.38628029823303,7441
67.43574380874634,7440
67.48351526260376,7439
67.53106451034546,7438
67.58153796195984,7437
67.63255667686462,7436
67.68047666549683,7435
67.7278323173523,7434
67.77494144439697,7433
67.82218480110168,7432
67.8698878288269,7431
67.9214084148407,7430
67.97374653816223,7429
68.02434349060059,7428
68.07197856903076,7427
68.11965084075928,7426
68.17276930809021,7425
68.22753691673279,7424
68.28185677528381,7423
68.33653712272644,7422
68.390873670578,7421
68.4462730884552,7420
68.50128364562988,7419
68.55596232414246,7418
68.61046648025513,7417
68.65946888923645,7416
68.70669841766357,7415
68.75558018684387,7414
68.80953192710876,7413
68.86413145065308,7412
68.91933727264404,7411
68.97423839569092,7410
69.02888083457947,7409
69.08328986167908,7408
69.13796281814575,7407
69.1923279762268,7406
69.24322175979614,7405
69.29068541526794,7404
69.33764410018921,7403
69.38440752029419,7402
69.43144106864929,7401
69.47886872291565,7400
69.5282998085022,7399
69.58123111724854,7398
69.63091039657593,7397
69.67891192436218,7396
69.72661399841309,7395
69.77432775497437,7394
69.82189631462097,7393
69.86953401565552,7392
69.91692876815796,7391
69.96446013450623,7390
70.01199388504028,7389
70.06177282333374,7388
70.11685729026794,7387
70.17161226272583,7386
70.22665333747864,7385
70.2813127040863,7384
70.33562159538269,7383
70.39050650596619,7382
70.4456729888916,7381
70.49937272071838,7380
70.55368852615356,7379
70.60984706878662,7378
70.66397166252136,7377
70.71774673461914,7376
70.77187705039978,7375
70.82620310783386,7374
70.88197255134583,7373
70.93647003173828,7372
70.9911835193634,7371
71.04571890830994,7370
71.10011792182922,7369
71.15467071533203,7368
71.20537090301514,7367
71.2531008720398,7366
71.30015921592712,7365
71.34680938720703,7364
71.39375734329224,7363
71.44185519218445,7362
71.48912978172302,7361
71.535635471344,7360
71.58224248886108,7359
71.63061213493347,7358
71.67761588096619,7357
71.724200963974,7356
71.77073574066162,7355
71.81738686561584,7354
71.86394929885864,7353
71.91049122810364,7352
71.95797562599182,7351
72.0052707195282,7350
72.05194163322449,7349
72.09850192070007,7348
72.14471530914307,7347
72.19160413742065,7346
72.2382128238678,7345
72.28466415405273,7344
72.33087825775146,7343
72.37741899490356,7342
72.42444396018982,7341
72.47115683555603,7340
72.51893949508667,7339
72.57230424880981,7338
72.62696838378906,7337
72.68160080909729,7336
72.7360429763794,7335
72.78736448287964,7334
72.83486890792847,7333
72.88179636001587,7332
72.93262076377869,7331
72.9858946800232,7330
73.03877377510071,7329
73.09184503555298,7328
73.14506983757019,7327
73.19909691810608,7326
73.25005459785461,7325
73.29744601249695,7324
73.34432411193848,7323
73.39115190505981,7322
73.4382643699646,7321
73.48525190353394,7320
73.53172969818115,7319
73.57832288742065,7318
73.62619614601135,7317
73.67308187484741,7316
73.7196159362793,7315
73.76597189903259,7314
73.81248998641968,7313
73.8588376045227,7312
73.90581893920898,7311
73.95310020446777,7310
74.00036907196045,7309
74.04670143127441,7308
74.09306764602661,7307
74.1393506526947,7306
74.18596076965332,7305
74.23284220695496,7304
74.27920293807983,7303
74.32536387443542,7302
74.37148118019104,7301
74.41794180870056,7300
74.4644148349762,7299
74.51060009002686,7298
74.55671000480652,7297
74.60337162017822,7296
74.65110993385315,7295
74.69900226593018,7294
74.75019001960754,7293
74.79785633087158,7292
74.84482049942017,7291
74.89160466194153,7290
74.93860721588135,7289
74.98511743545532,7288
75.03152012825012,7287
75.07778739929199,7286
75.12419128417969,7285
75.17077231407166,7284
75.21737384796143,7283
75.26366949081421,7282
75.31009912490845,7281
75.35625982284546,7280
75.40275716781616,7279
75.44973254203796,7278
75.49623036384583,7277
75.54259872436523,7276
75.589111328125,7275
75.63688445091248,7274
75.68331027030945,7273
75.73517489433289,7272
75.78519296646118,7271
75.83232951164246,7270
75.87916946411133,7269
75.92601251602173,7268
75.97265672683716,7267
76.01910471916199,7266
76.06526637077332,7265
76.111563205719,7264
76.15757846832275,7263
76.20405793190002,7262
76.25082874298096,7261
76.29719138145447,7260
76.34346890449524,7259
76.38987922668457,7258
76.43664216995239,7257
76.48331499099731,7256
76.52955102920532,7255
76.5757622718811,7254
76.6234130859375,7253
76.6700074672699,7252
76.71635270118713,7251
76.76250386238098,7250
76.8088538646698,7249
76.85494351387024,7248
76.9015486240387,7247
76.94806623458862,7246
76.99436235427856,7245
77.04085612297058,7244
77.08989143371582,7243
77.1431131362915,7242
77.19256091117859,7241
77.23969411849976,7240
77.28615999221802,7239
77.33237719535828,7238
77.37857127189636,7237
77.42520380020142,7236
77.47204756736755,7235
77.51828217506409,7234
77.56428551673889,7233
77.61109781265259,7232
77.65873861312866,7231
77.70510077476501,7230
77.75151109695435,7229
77.79778718948364,7228
77.84403562545776,7227
77.89013600349426,7226
77.93685555458069,7225
77.98300576210022,7224
78.02933835983276,7223
78.0757806301117,7222
78.12251496315002,7221
78.16907835006714,7220
78.21617770195007,7219
78.26296830177307,7218
78.30985927581787,7217
78.35624122619629,7216
78.40282416343689,7215
78.45037484169006,7214
78.49964308738708,7213
78.54741549491882,7212
78.5946273803711,7211
78.64277362823486,7210
78.6890640258789,7209
78.7355523109436,7208
78.78165555000305,7207
78.8287410736084,7206
78.8748230934143,7205
78.92181301116943,7204
78.96855878829956,7203
79.01591777801514,7202
79.06230640411377,7201
79.10841822624207,7200
79.15444731712341,7199
79.20054221153259,7198
79.24701118469238,7197
79.29293179512024,7196
79.33875966072083,7195
79.38457107543945,7194
79.43120503425598,7193
79.47783279418945,7192
79.52393698692322,7191
79.56993007659912,7190
79.6166250705719,7189
79.6639678478241,7188
79.71012020111084,7187
79.75611805915833,7186
79.80243372917175,7185
79.84849381446838,7184
79.89466071128845,7183
79.94101119041443,7182
79.98704242706299,7181
80.0335578918457,7180
80.0794005393982,7179
80.1256651878357,7178
80.17151594161987,7177
80.21776556968689,7176
80.26410365104675,7175
80.31007170677185,7174
80.35594654083252,7173
80.40186619758606,7172
80.4490876197815,7171
80.49545669555664,7170
80.54227805137634,7169
80.59090042114258,7168
80.64176678657532,7167
80.68870210647583,7166
80.73520421981812,7165
80.78251218795776,7164
80.82901906967163,7163
80.87501382827759,7162
80.92203497886658,7161
80.96860790252686,7160
81.0145788192749,7159
81.0604944229126,7158
81.10634088516235,7157
81.15219020843506,7156
81.19793009757996,7155
81.24421858787537,7154
81.29008293151855,7153
81.3359727859497,7152
81.38181686401367,7151
81.42816805839539,7150
81.47588348388672,7149
81.52201461791992,7148
81.56805109977722,7147
81.61478590965271,7146
81.66689348220825,7145
81.7162275314331,7144
81.76309537887573,7143
81.80928778648376,7142
81.855304479599,7141
81.90204215049744,7140
81.94895267486572,7139
81.99576592445374,7138
82.04221534729004,7137
82.08804202079773,7136
82.13392066955566,7135
82.17963600158691,7134
82.22563648223877,7133
82.27164793014526,7132
82.3174135684967,7131
82.36311650276184,7130
82.40881586074829,7129
82.45487356185913,7128
82.50056982040405,7127
82.54632353782654,7126
82.59207344055176,7125
82.63905549049377,7124
82.68556356430054,7123
82.73159337043762,7122
82.77739953994751,7121
82.82351303100586,7120
82.86934518814087,7119
82.91520690917969,7118
82.96116089820862,7117
83.00672674179077,7116
83.05265617370605,7115
83.09820485115051,7114
83.1440920829773,7113
83.1897566318512,7112
83.23598623275757,7111
83.28178143501282,7110
83.32754826545715,7109
83.37333512306213,7108
83.41921663284302,7107
83.46560263633728,7106
83.51133584976196,7105
83.55722546577454,7104
83.60307121276855,7103
83.65003538131714,7102
83.69607067108154,7101
83.74217295646667,7100
83.78806281089783,7099
83.83397603034973,7098
83.88048267364502,7097
83.92838597297668,7096
83.9765727519989,7095
84.02431321144104,7094
84.07203650474548,7093
84.11921048164368,7092
84.16577863693237,7091
84.21206545829773,7090
84.25885653495789,7089
84.3049988746643,7088
84.35152959823608,7087
84.39767146110535,7086
84.44466137886047,7085
84.49105596542358,7084
84.53759551048279,7083
84.58395981788635,7082
84.63073444366455,7081
84.6780059337616,7080
84.72413420677185,7079
84.77077436447144,7078
84.81647205352783,7077
84.86242651939392,7076
84.90848803520203,7075
84.95524287223816,7074
85.00083088874817,7073
85.04738426208496,7072
85.09313535690308,7071
85.13871097564697,7070
85.18440842628479,7069
85.23009634017944,7068
85.27611947059631,7067
85.3217306137085,7066
85.36741399765015,7065
85.4129798412323,7064
85.46014952659607,7063
85.50645685195923,7062
85.55291891098022,7061
85.5995512008667,7060
85.64697813987732,7059
85.6932213306427,7058
85.73966455459595,7057
85.79245042800903,7056
85.83924865722656,7055
85.88804697990417,7054
85.93744826316833,7053
85.98551940917969,7052
86.03322982788086,7051
86.08117938041687,7050
136.70806455612183,7049
138.0137197971344,7048
143.12555480003357,7047
