0.4756429195404053,8776
0.5649020671844482,8775
0.6527793407440186,8774
0.7405357360839844,8773
0.8281891345977783,8772
0.9161076545715332,8771
1.0041794776916504,8770
1.0924105644226074,8769
1.180610179901123,8768
1.2682199478149414,8767
1.356137990951538,8766
1.4463937282562256,8765
1.5348401069641113,8764
1.6228582859039307,8763
1.7107067108154297,8762
1.7984404563903809,8761
1.886512041091919,8760
1.9745216369628906,8759
2.0624947547912598,8758
2.1500470638275146,8757
2.238081455230713,8756
2.3256523609161377,8755
2.4134316444396973,8754
2.5011098384857178,8753
2.5872373580932617,8752
2.6751441955566406,8751
2.7629635334014893,8750
2.850834369659424,8749
2.938526153564453,8748
3.0265278816223145,8747
3.114254951477051,8746
3.2014129161834717,8745
3.2892777919769287,8744
3.377105951309204,8743
3.465029001235962,8742
3.5527350902557373,8741
3.6405282020568848,8740
3.7276923656463623,8739
3.8153250217437744,8738
3.902949810028076,8737
3.99064040184021,8736
4.078428030014038,8735
4.166282415390015,8734
4.253753900527954,8733
4.341740608215332,8732
4.430052042007446,8731
4.51824688911438,8730
4.6063127517700195,8729
4.69434928894043,8728
4.782150983810425,8727
4.866960525512695,8726
4.954579830169678,8725
5.041980028152466,8724
5.129466772079468,8723
5.216456651687622,8722
5.302397727966309,8721
5.387263298034668,8720
5.472960710525513,8719
5.558610200881958,8718
5.645494222640991,8717
5.734254837036133,8716
5.823816299438477,8715
5.911600589752197,8714
5.999084234237671,8713
6.086341857910156,8712
6.1738622188568115,8711
6.2613747119903564,8710
6.348540782928467,8709
6.435740947723389,8708
6.522677183151245,8707
6.610121250152588,8706
6.697577476501465,8705
6.785186767578125,8704
6.872647523880005,8703
6.960376024246216,8702
7.0510618686676025,8701
7.13874626159668,8700
7.222805976867676,8699
7.306865930557251,8698
7.39060640335083,8697
7.474317789077759,8696
7.558071613311768,8695
7.641887664794922,8694
7.725829601287842,8693
7.809808731079102,8692
7.89381742477417,8691
7.977818965911865,8690
8.061793804168701,8689
8.145947217941284,8688
8.230262756347656,8687
8.319992303848267,8686
8.411307573318481,8685
8.50278115272522,8684
8.594167947769165,8683
8.685325145721436,8682
8.776855945587158,8681
8.868056774139404,8680
8.959722995758057,8679
9.0511634349823,8678
9.142682075500488,8677
9.234390020370483,8676
9.325904607772827,8675
9.417760610580444,8674
9.509436845779419,8673
9.601523637771606,8672
9.693762063980103,8671
9.786208391189575,8670
9.877323389053345,8669
9.968838930130005,8668
10.060473203659058,8667
10.15177297592163,8666
10.242950439453125,8665
10.334251880645752,8664
10.425476312637329,8663
10.5169095993042,8662
10.608093976974487,8661
10.699559688568115,8660
10.791115522384644,8659
10.882588624954224,8658
10.974152326583862,8657
11.065585613250732,8656
11.15690803527832,8655
11.24819540977478,8654
11.33958625793457,8653
11.430952310562134,8652
11.52254867553711,8651
11.614306449890137,8650
11.70621395111084,8649
11.798118591308594,8648
11.889351606369019,8647
11.980620384216309,8646
12.071868181228638,8645
12.163009881973267,8644
12.254260778427124,8643
12.34549593925476,8642
12.43658447265625,8641
12.52787184715271,8640
12.61762809753418,8639
12.708795070648193,8638
12.799662590026855,8637
12.890684843063354,8636
12.981915950775146,8635
13.072887420654297,8634
13.164101839065552,8633
13.251596689224243,8632
13.338979005813599,8631
13.426772117614746,8630
13.514343023300171,8629
13.601728439331055,8628
13.689174890518188,8627
13.776658296585083,8626
13.8642098903656,8625
13.951803207397461,8624
14.03954267501831,8623
14.127077102661133,8622
14.214391946792603,8621
14.301533222198486,8620
14.388604640960693,8619
14.47636079788208,8618
14.5633225440979,8617
14.650482416152954,8616
14.739960432052612,8615
14.827397346496582,8614
14.914164066314697,8613
15.001552820205688,8612
15.088532447814941,8611
15.175854206085205,8610
15.262595653533936,8609
15.351943492889404,8608
15.439768314361572,8607
15.526802062988281,8606
15.613773107528687,8605
15.700908660888672,8604
15.787778854370117,8603
15.874600648880005,8602
15.961443424224854,8601
16.04823136329651,8600
16.13496494293213,8599
16.22179412841797,8598
16.308790922164917,8597
16.395554542541504,8596
16.482401132583618,8595
16.570011377334595,8594
16.655532598495483,8593
16.74316167831421,8592
16.83083724975586,8591
16.918633699417114,8590
17.006388187408447,8589
17.09389328956604,8588
17.181334972381592,8587
17.268800258636475,8586
17.356184005737305,8585
17.441856861114502,8584
17.528109788894653,8583
17.61531972885132,8582
17.702868223190308,8581
17.789921760559082,8580
17.87718653678894,8579
17.96484684944153,8578
18.052336931228638,8577
18.140390396118164,8576
18.227504014968872,8575
18.31467342376709,8574
18.401600122451782,8573
18.48872399330139,8572
18.575611114501953,8571
18.6646089553833,8570
18.75505495071411,8569
18.84577965736389,8568
18.936509132385254,8567
19.027108669281006,8566
19.117677450180054,8565
19.2083842754364,8564
19.29947805404663,8563
19.39079451560974,8562
19.482253313064575,8561
19.5729877948761,8560
19.663493156433105,8559
19.75513005256653,8558
19.845585346221924,8557
19.936192750930786,8556
20.02699375152588,8555
20.11742925643921,8554
20.207921504974365,8553
20.298303842544556,8552
20.388707399368286,8551
20.47849440574646,8550
20.568281412124634,8549
20.65818476676941,8548
20.747522592544556,8547
20.837172508239746,8546
20.927223443984985,8545
21.01785683631897,8544
21.1084623336792,8543
21.199161052703857,8542
21.28990077972412,8541
21.380290985107422,8540
21.47090482711792,8539
21.561468601226807,8538
21.6519672870636,8537
21.742292165756226,8536
21.83237099647522,8535
21.92243981361389,8534
22.012741327285767,8533
22.102908849716187,8532
22.19321036338806,8531
22.283240795135498,8530
22.373324871063232,8529
22.46348547935486,8528
22.553709506988525,8527
22.644039630889893,8526
22.734246492385864,8525
22.82439661026001,8524
22.914605855941772,8523
23.00463628768921,8522
23.094752550125122,8521
23.18530511856079,8520
23.27522563934326,8519
23.365540027618408,8518
23.455554008483887,8517
23.545860528945923,8516
23.635883569717407,8515
23.726038217544556,8514
23.816277027130127,8513
23.906538248062134,8512
23.996541500091553,8511
24.083587169647217,8510
24.170238256454468,8509
24.257228136062622,8508
24.34401845932007,8507
24.43061065673828,8506
24.51760482788086,8505
24.604413986206055,8504
24.691575527191162,8503
24.78113627433777,8502
24.86821484565735,8501
24.955909252166748,8500
25.04314374923706,8499
25.129555463790894,8498
25.21561574935913,8497
25.304993867874146,8496
25.391355752944946,8495
25.47766613960266,8494
25.564006805419922,8493
25.650370836257935,8492
25.736259698867798,8491
25.82245635986328,8490
25.908656358718872,8489
25.995108366012573,8488
26.081197500228882,8487
26.169464588165283,8486
26.25654125213623,8485
26.342921018600464,8484
26.429107427597046,8483
26.515352964401245,8482
26.60154914855957,8481
26.6876802444458,8480
26.774360418319702,8479
26.860502004623413,8478
26.946779012680054,8477
27.033004760742188,8476
27.11909294128418,8475
27.20545220375061,8474
27.291674375534058,8473
27.374464988708496,8472
27.460734128952026,8471
27.54722261428833,8470
27.6336452960968,8469
27.71998691558838,8468
27.806267738342285,8467
27.89260172843933,8466
27.979071855545044,8465
28.06569790840149,8464
28.152151346206665,8463
28.23871684074402,8462
28.32517671585083,8461
28.41180181503296,8460
28.498276472091675,8459
28.58454942703247,8458
28.671128034591675,8457
28.757315635681152,8456
28.84360957145691,8455
28.92984104156494,8454
29.01629614830017,8453
29.102521896362305,8452
29.188623189926147,8451
29.275187015533447,8450
29.361489295959473,8449
29.447689056396484,8448
29.530933141708374,8447
29.615509510040283,8446
29.701478958129883,8445
29.789257764816284,8444
29.87528705596924,8443
29.960684776306152,8442
30.044867277145386,8441
30.128238439559937,8440
30.211503744125366,8439
30.295849800109863,8438
30.381806135177612,8437
30.46963095664978,8436
30.557068586349487,8435
30.643274307250977,8434
30.72910451889038,8433
30.81498074531555,8432
30.900991916656494,8431
30.986987590789795,8430
31.072797775268555,8429
31.159146070480347,8428
31.245107412338257,8427
31.33097195625305,8426
31.41692590713501,8425
31.50312852859497,8424
31.58933663368225,8423
31.676082611083984,8422
31.76818084716797,8421
31.850581884384155,8420
31.933041095733643,8419
32.01573348045349,8418
32.09802865982056,8417
32.18045425415039,8416
32.262765645980835,8415
32.34535264968872,8414
32.42778134346008,8413
32.51007390022278,8412
32.59263563156128,8411
32.67526030540466,8410
32.7576048374176,8409
32.839842557907104,8408
32.92436695098877,8407
33.01106095314026,8406
33.099998235702515,8405
33.18958568572998,8404
33.27924132347107,8403
33.36917018890381,8402
33.45915460586548,8401
33.548938512802124,8400
33.63878655433655,8399
33.72858476638794,8398
33.81845283508301,8397
33.90853476524353,8396
33.99816298484802,8395
34.08747673034668,8394
34.17662835121155,8393
34.26580858230591,8392
34.354695558547974,8391
34.44367074966431,8390
34.53265404701233,8389
34.621811628341675,8388
34.710885524749756,8387
34.802374601364136,8386
34.891422510147095,8385
34.98068046569824,8384
35.07036805152893,8383
35.16019129753113,8382
35.24995732307434,8381
35.33949160575867,8380
35.42897343635559,8379
35.518248558044434,8378
35.6078085899353,8377
35.69762110710144,8376
35.78749418258667,8375
35.87717390060425,8374
35.96684384346008,8373
36.056429624557495,8372
36.145941972732544,8371
36.23552203178406,8370
36.32513904571533,8369
36.41457176208496,8368
36.50437569618225,8367
36.59418201446533,8366
36.68264293670654,8365
36.77180576324463,8364
36.86068296432495,8363
36.950199604034424,8362
37.03988575935364,8361
37.129648208618164,8360
37.219237089157104,8359
37.30890369415283,8358
37.39861845970154,8357
37.48800492286682,8356
37.57693314552307,8355
37.6656129360199,8354
37.75416707992554,8353
37.842955112457275,8352
37.93176293373108,8351
38.02102494239807,8350
38.10981798171997,8349
38.19878101348877,8348
38.287529945373535,8347
38.37642312049866,8346
38.462924003601074,8345
38.54876756668091,8344
38.63484525680542,8343
38.72071957588196,8342
38.80679368972778,8341
38.89273953437805,8340
38.97867155075073,8339
39.06458806991577,8338
39.15050411224365,8337
39.236517906188965,8336
39.322500228881836,8335
39.408576011657715,8334
39.492717266082764,8333
39.57787609100342,8332
39.66322994232178,8331
39.749894857406616,8330
39.83534049987793,8329
39.92054891586304,8328
40.00609350204468,8327
40.09162378311157,8326
40.17725491523743,8325
40.26244139671326,8324
40.3479437828064,8323
40.4332160949707,8322
40.51887369155884,8321
40.6067852973938,8320
40.692588806152344,8319
40.77788519859314,8318
40.863243103027344,8317
40.948519229888916,8316
41.03390598297119,8315
41.119282960891724,8314
41.20443153381348,8313
41.28967571258545,8312
41.37478590011597,8311
41.460100412368774,8310
41.54535150527954,8309
41.630671977996826,8308
41.716182470321655,8307
41.80170822143555,8306
41.885002851486206,8305
41.96552896499634,8304
42.051421880722046,8303
42.1373176574707,8302
42.22344470024109,8301
42.30979108810425,8300
42.395541191101074,8299
42.48143792152405,8298
42.567246198654175,8297
42.65323805809021,8296
42.73707890510559,8295
42.82194423675537,8294
42.907705545425415,8293
42.99395990371704,8292
43.07923483848572,8291
43.16484069824219,8290
43.25062918663025,8289
43.33648633956909,8288
43.42276358604431,8287
43.5086407661438,8286
43.59457993507385,8285
43.68048691749573,8284
43.766133546829224,8283
43.85186219215393,8282
43.93903398513794,8281
44.02752351760864,8280
44.11680769920349,8279
44.20581769943237,8278
44.29459619522095,8277
44.38302826881409,8276
44.47166609764099,8275
44.560044050216675,8274
44.648606061935425,8273
44.73980784416199,8272
44.82821273803711,8271
44.91660523414612,8270
45.004997968673706,8269
45.093772649765015,8268
45.182419776916504,8267
45.27105498313904,8266
45.36021280288696,8265
45.44950008392334,8264
45.53896903991699,8263
45.628172636032104,8262
45.71759104728699,8261
45.807249546051025,8260
45.89663243293762,8259
45.98612833023071,8258
46.075361013412476,8257
46.16467094421387,8256
46.25395631790161,8255
46.34329271316528,8254
46.432629108428955,8253
46.52233839035034,8252
46.61173748970032,8251
46.70090413093567,8250
46.790228605270386,8249
46.879305839538574,8248
46.96850609779358,8247
47.05773949623108,8246
47.14680504798889,8245
47.23566699028015,8244
47.32434606552124,8243
47.41303563117981,8242
47.50191950798035,8241
47.59080171585083,8240
47.67951321601868,8239
47.76720142364502,8238
47.855797290802,8237
47.944597244262695,8236
48.03374671936035,8235
48.12392520904541,8234
48.21276140213013,8233
48.301598072052,8232
48.390480518341064,8231
48.47944235801697,8230
48.56788945198059,8229
48.656466245651245,8228
48.74489188194275,8227
48.83323121070862,8226
48.921836614608765,8225
49.01031160354614,8224
49.098870515823364,8223
49.18722224235535,8222
49.27282476425171,8221
49.35828733444214,8220
49.44351673126221,8219
49.52882981300354,8218
49.61415505409241,8217
49.69946265220642,8216
49.78601956367493,8215
49.87141418457031,8214
49.956637382507324,8213
50.04214429855347,8212
50.12746524810791,8211
50.21303725242615,8210
50.2956748008728,8209
50.38052439689636,8208
50.4655179977417,8207
50.55026078224182,8206
50.63497471809387,8205
50.719810009002686,8204
50.804720878601074,8203
50.88950872421265,8202
50.974467277526855,8201
51.05944776535034,8200
51.144225120544434,8199
51.22934651374817,8198
51.314181327819824,8197
51.40151762962341,8196
51.48700165748596,8195
51.572009563446045,8194
51.65672564506531,8193
51.741639137268066,8192
51.826709270477295,8191
51.91162443161011,8190
51.99672985076904,8189
52.08147192001343,8188
52.166348457336426,8187
52.25117897987366,8186
52.33598208427429,8185
52.4209520816803,8184
52.50579309463501,8183
52.586525678634644,8182
52.66700315475464,8181
52.75194549560547,8180
52.8369722366333,8179
52.921974897384644,8178
53.006970167160034,8177
53.09196996688843,8176
53.176594495773315,8175
53.261147260665894,8174
53.34602355957031,8173
53.4308922290802,8172
53.516146659851074,8171
53.60112762451172,8170
53.685991287231445,8169
53.7702579498291,8168
53.855284214019775,8167
53.94016098976135,8166
54.02508473396301,8165
54.10994553565979,8164
54.19484806060791,8163
54.27927494049072,8162
54.364075660705566,8161
54.44919228553772,8160
54.53424525260925,8159
54.618865728378296,8158
54.70349931716919,8157
54.79049777984619,8156
54.871352434158325,8155
54.95578575134277,8154
55.04001522064209,8153
55.12476587295532,8152
55.20915079116821,8151
55.29283666610718,8150
55.375462770462036,8149
55.45715403556824,8148
55.539159297943115,8147
55.62203001976013,8146
55.70709180831909,8145
55.79361939430237,8144
55.879024267196655,8143
55.96371865272522,8142
56.04831910133362,8141
56.132821559906006,8140
56.21721076965332,8139
56.301722288131714,8138
56.38633346557617,8137
56.47070384025574,8136
56.55517077445984,8135
56.6396324634552,8134
56.72406315803528,8133
56.80849599838257,8132
56.892669916152954,8131
56.9789137840271,8130
57.06838512420654,8129
57.149354696273804,8128
57.230045318603516,8127
57.310893058776855,8126
57.39178395271301,8125
57.472418785095215,8124
57.5530526638031,8123
57.633875370025635,8122
57.71439480781555,8121
57.79518008232117,8120
57.87587332725525,8119
57.956586837768555,8118
58.03739333152771,8117
58.11811065673828,8116
58.19942617416382,8115
58.286317348480225,8114
58.37326502799988,8113
58.461601972579956,8112
58.549973011016846,8111
58.63854146003723,8110
58.72675895690918,8109
58.81502890586853,8108
58.90382432937622,8107
58.99234485626221,8106
59.08074164390564,8105
59.16917943954468,8104
59.25754761695862,8103
59.346142292022705,8102
59.43463397026062,8101
59.52310824394226,8100
59.61118960380554,8099
59.69978928565979,8098
59.789501905441284,8097
59.87795948982239,8096
59.966264724731445,8095
60.054768323898315,8094
60.14289879798889,8093
60.23078536987305,8092
60.31866526603699,8091
60.40647578239441,8090
60.49452257156372,8089
60.582377672195435,8088
60.67028498649597,8087
60.757933139801025,8086
60.84572196006775,8085
60.93346333503723,8084
61.021305084228516,8083
61.109153270721436,8082
61.196877002716064,8081
61.284401655197144,8080
61.372246742248535,8079
61.45975995063782,8078
61.54753923416138,8077
61.63548135757446,8076
61.723247051239014,8075
61.81105709075928,8074
61.89897871017456,8073
61.986947774887085,8072
62.074546813964844,8071
62.1621835231781,8070
62.24985456466675,8069
62.33759689331055,8068
62.42518091201782,8067
62.512805223464966,8066
62.60055661201477,8065
62.68840289115906,8064
62.77611756324768,8063
62.86403965950012,8062
62.95168590545654,8061
63.03995966911316,8060
63.12754464149475,8059
63.21532964706421,8058
63.3028666973114,8057
63.39042353630066,8056
63.47820425033569,8055
63.56585621833801,8054
63.65357232093811,8053
63.741127490997314,8052
63.82790970802307,8051
63.91244435310364,8050
63.99696946144104,8049
64.0815041065216,8048
64.16623830795288,8047
64.25089573860168,8046
64.33538913726807,8045
64.4199755191803,8044
64.50449562072754,8043
64.5888147354126,8042
64.67321729660034,8041
64.76051568984985,8040
64.84484505653381,8039
64.92667508125305,8038
65.0105996131897,8037
65.0946753025055,8036
65.17846131324768,8035
65.2628710269928,8034
65.34662747383118,8033
65.4308397769928,8032
65.51485896110535,8031
65.59911966323853,8030
65.68307995796204,8029
65.76716089248657,8028
65.85115313529968,8027
65.935129404068,8026
66.02163362503052,8025
66.10612535476685,8024
66.1898455619812,8023
66.27377557754517,8022
66.35773253440857,8021
66.44177985191345,8020
66.52579545974731,8019
66.60986042022705,8018
66.69381332397461,8017
66.77781534194946,8016
66.86168670654297,8015
66.94552993774414,8014
67.02947187423706,8013
67.11357116699219,8012
67.1978166103363,8011
67.28138780593872,8010
67.36147713661194,8009
67.44583940505981,8008
67.53027081489563,8007
67.61470699310303,8006
67.69898247718811,8005
67.7833662033081,8004
67.86791372299194,8003
67.9525957107544,8002
68.03688526153564,8001
68.11886548995972,8000
68.20267295837402,7999
68.28712868690491,7998
68.37179660797119,7997
68.45601511001587,7996
68.54048037528992,7995
68.6249930858612,7994
68.7100043296814,7993
68.79448366165161,7992
68.87885475158691,7991
68.96324563026428,7990
69.04764580726624,7989
69.1319146156311,7988
69.21608471870422,7987
69.30241417884827,7986
69.38990545272827,7985
69.47817063331604,7984
69.56624031066895,7983
69.6541018486023,7982
69.74333310127258,7981
69.8313536643982,7980
69.91913604736328,7979
70.00738906860352,7978
70.09565019607544,7977
70.1837637424469,7976
70.27178859710693,7975
70.35947346687317,7974
70.44721579551697,7973
70.53504490852356,7972
70.6229190826416,7971
70.71077966690063,7970
70.79880595207214,7969
70.88676500320435,7968
70.97469115257263,7967
71.06290411949158,7966
71.15109539031982,7965
71.23917770385742,7964
71.3271472454071,7963
71.4149169921875,7962
71.5025064945221,7961
71.59055066108704,7960
71.67852234840393,7959
71.76638984680176,7958
71.85419464111328,7957
71.94194674491882,7956
72.02978563308716,7955
72.11730241775513,7954
72.2048888206482,7953
72.29279685020447,7952
72.38035416603088,7951
72.46799874305725,7950
72.55563497543335,7949
72.6417384147644,7948
72.72821879386902,7947
72.81500554084778,7946
72.90147757530212,7945
72.98911309242249,7944
73.07690477371216,7943
73.16452169418335,7942
73.2521641254425,7941
73.33971357345581,7940
73.42745876312256,7939
73.51550722122192,7938
73.60327625274658,7937
73.69062280654907,7936
73.77756023406982,7935
73.86450028419495,7934
73.9513418674469,7933
74.03799366950989,7932
74.12502670288086,7931
74.2118787765503,7930
74.29882407188416,7929
74.38584780693054,7928
74.47269296646118,7927
74.55657005310059,7926
74.64058661460876,7925
74.72703337669373,7924
74.81102418899536,7923
74.89468622207642,7922
74.97861361503601,7921
75.06259608268738,7920
75.14675974845886,7919
75.230637550354,7918
75.31448316574097,7917
75.39842915534973,7916
75.48251175880432,7915
75.5649299621582,7914
75.64822673797607,7913
75.73157858848572,7912
75.8148045539856,7911
75.89846086502075,7910
75.98197031021118,7909
76.06532168388367,7908
76.14879941940308,7907
76.2320454120636,7906
76.31550526618958,7905
76.39895963668823,7904
76.4823956489563,7903
76.56583046913147,7902
76.6514880657196,7901
76.73632264137268,7900
76.81965041160583,7899
76.90339684486389,7898
76.98687267303467,7897
77.07047820091248,7896
77.15379667282104,7895
77.237313747406,7894
77.32053709030151,7893
77.4038553237915,7892
77.48727488517761,7891
77.57055974006653,7890
77.65400409698486,7889
77.73719763755798,7888
77.81934714317322,7887
77.90153312683105,7886
77.98516368865967,7885
78.06865954399109,7884
78.1524806022644,7883
78.23593187332153,7882
78.31953597068787,7881
78.40224289894104,7880
78.48594117164612,7879
78.56935954093933,7878
78.65296649932861,7877
78.73640322685242,7876
78.81982612609863,7875
78.90323948860168,7874
78.98704099655151,7873
79.07066750526428,7872
79.15403652191162,7871
79.23753333091736,7870
79.3210883140564,7869
79.40469408035278,7868
79.48771047592163,7867
79.57125425338745,7866
79.6548478603363,7865
79.73958349227905,7864
79.82312035560608,7863
79.90660262107849,7862
79.98864793777466,7861
80.06855750083923,7860
80.15169644355774,7859
80.23442482948303,7858
80.3182315826416,7857
80.40134143829346,7856
80.48389720916748,7855
80.56520390510559,7854
80.64518356323242,7853
80.72592973709106,7852
80.80742955207825,7851
80.89033484458923,7850
80.9751603603363,7849
81.06021356582642,7848
81.1434760093689,7847
81.22671484947205,7846
81.30981755256653,7845
81.39305090904236,7844
81.47607564926147,7843
81.55916929244995,7842
81.64242839813232,7841
81.72532510757446,7840
81.80879211425781,7839
81.89180254936218,7838
81.97494626045227,7837
82.05807161331177,7836
82.14122653007507,7835
82.22714710235596,7834
82.31334257125854,7833
82.39238286018372,7832
82.47187685966492,7831
82.5513277053833,7830
82.6303186416626,7829
82.70970416069031,7828
82.78907036781311,7827
82.86834907531738,7826
82.94787287712097,7825
83.02748727798462,7824
83.10694122314453,7823
83.18636703491211,7822
83.26553392410278,7821
83.34471583366394,7820
83.42508721351624,7819
83.51068258285522,7818
83.59206771850586,7817
83.67853045463562,7816
83.76480865478516,7815
83.85123777389526,7814
83.93752646446228,7813
84.02431344985962,7812
84.11111092567444,7811
84.19829487800598,7810
84.28565621376038,7809
84.37262153625488,7808
84.4597098827362,7807
84.54685187339783,7806
84.6333818435669,7805
84.72262811660767,7804
84.80923795700073,7803
84.89566159248352,7802
84.9820191860199,7801
85.06852340698242,7800
85.15538716316223,7799
85.24251055717468,7798
85.3297872543335,7797
85.41684079170227,7796
85.5039005279541,7795
85.59083437919617,7794
85.67808985710144,7793
85.7651789188385,7792
85.85227966308594,7791
85.93896174430847,7790
86.0259919166565,7789
86.11301040649414,7788
86.20008206367493,7787
86.28682541847229,7786
86.37337589263916,7785
86.46025204658508,7784
86.54732012748718,7783
86.6346743106842,7782
86.72100019454956,7781
86.80769610404968,7780
86.89404821395874,7779
86.98093748092651,7778
87.06791162490845,7777
87.1545820236206,7776
87.24124264717102,7775
87.32826471328735,7774
87.41511464118958,7773
87.5014579296112,7772
87.58745312690735,7771
87.6733992099762,7770
87.7596333026886,7769
87.8455183506012,7768
87.93172788619995,7767
88.01783275604248,7766
88.1038658618927,7765
88.18992114067078,7764
88.27570581436157,7763
88.36218118667603,7762
88.44884729385376,7761
88.53600978851318,7760
88.62306475639343,7759
88.70984506607056,7758
88.79664492607117,7757
88.88019561767578,7756
88.9634735584259,7755
89.04666924476624,7754
89.12980723381042,7753
89.21311783790588,7752
89.29653811454773,7751
89.37972211837769,7750
89.46323251724243,7749
89.5463616847992,7748
89.62947678565979,7747
89.71282696723938,7746
89.79729747772217,7745
89.87964725494385,7744
89.96266269683838,7743
90.0453360080719,7742
90.12811541557312,7741
90.21099948883057,7740
90.2938551902771,7739
90.37651419639587,7738
90.459223985672,7737
90.5421073436737,7736
90.62476778030396,7735
90.70754027366638,7734
90.7902500629425,7733
90.87291932106018,7732
90.9557511806488,7731
91.04181957244873,7730
91.1243851184845,7729
91.20699071884155,7728
91.28978490829468,7727
91.37233996391296,7726
91.4552583694458,7725
91.53796052932739,7724
91.62075185775757,7723
91.70324182510376,7722
91.78576254844666,7721
91.86829376220703,7720
91.9509117603302,7719
92.03384184837341,7718
92.11644053459167,7717
92.19943475723267,7716
92.28117394447327,7715
92.3585033416748,7714
92.44211864471436,7713
92.52529239654541,7712
92.60864329338074,7711
92.6916139125824,7710
92.77455687522888,7709
92.85744857788086,7708
92.940589427948,7707
93.02391052246094,7706
93.1065285205841,7705
93.18604016304016,7704
93.26925468444824,7703
93.35230612754822,7702
93.43552827835083,7701
93.51851630210876,7700
93.60165452957153,7699
93.68464541435242,7698
93.76833486557007,7697
93.85144901275635,7696
93.9345817565918,7695
94.01777386665344,7694
94.10059428215027,7693
94.18345427513123,7692
94.26634526252747,7691
94.35099482536316,7690
94.43597340583801,7689
94.5217661857605,7688
94.60800266265869,7687
94.694659948349,7686
94.783527135849,7685
94.87010169029236,7684
94.95677304267883,7683
95.04322600364685,7682
95.12941813468933,7681
95.21528458595276,7680
95.30125594139099,7679
95.38683605194092,7678
95.47262573242188,7677
95.55884003639221,7676
95.64455914497375,7675
95.73025703430176,7674
95.81635427474976,7673
95.9020528793335,7672
95.98760652542114,7671
96.07360577583313,7670
96.15893864631653,7669
96.24465751647949,7668
96.33099603652954,7667
96.41742396354675,7666
96.50386953353882,7665
96.59044790267944,7664
96.67636156082153,7663
96.7627363204956,7662
96.84919786453247,7661
96.9350073337555,7660
97.02150511741638,7659
97.10778713226318,7658
97.194091796875,7657
97.2803225517273,7656
97.36609125137329,7655
97.4518632888794,7654
97.53748488426208,7653
97.62363481521606,7652
97.71000456809998,7651
97.7964813709259,7650
97.88274955749512,7649
97.9694139957428,7648
98.05614471435547,7647
98.14245390892029,7646
98.22886228561401,7645
98.31473875045776,7644
98.40064477920532,7643
98.48596215248108,7642
98.57184147834778,7641
98.65762424468994,7640
98.74277591705322,7639
98.82847619056702,7638
98.91426372528076,7637
98.99964737892151,7636
99.08563566207886,7635
99.17138767242432,7634
99.25687408447266,7633
99.34245228767395,7632
99.4279088973999,7631
99.513911485672,7630
99.60034036636353,7629
99.68665909767151,7628
99.77414298057556,7627
99.86076259613037,7626
99.94458293914795,7625
100.02736234664917,7624
100.10985279083252,7623
100.19237017631531,7622
100.275137424469,7621
100.35777235031128,7620
100.44041395187378,7619
100.52343487739563,7618
100.60601687431335,7617
100.6882815361023,7616
100.77097582817078,7615
100.85357975959778,7614
100.93579387664795,7613
101.01814150810242,7612
101.10039901733398,7611
101.18263840675354,7610
101.26482152938843,7609
101.34693813323975,7608
101.42922854423523,7607
101.51143741607666,7606
101.59375047683716,7605
101.67605209350586,7604
101.75808548927307,7603
101.84045076370239,7602
101.92253088951111,7601
102.0047996044159,7600
102.0897307395935,7599
102.17228055000305,7598
102.25438904762268,7597
102.33661675453186,7596
102.41867232322693,7595
102.50096845626831,7594
102.58311009407043,7593
102.66494560241699,7592
102.74685764312744,7591
102.82897305488586,7590
102.91071963310242,7589
102.99283409118652,7588
103.07475137710571,7587
103.15696406364441,7586
103.2364854812622,7585
103.3158266544342,7584
103.39785480499268,7583
103.47986578941345,7582
103.56224966049194,7581
103.644376039505,7580
103.72652506828308,7579
103.8079891204834,7578
103.89003348350525,7577
103.97224974632263,7576
104.05442476272583,7575
104.1365578174591,7574
104.21865010261536,7573
104.30075073242188,7572
104.3817253112793,7571
104.4638044834137,7570
104.54639339447021,7569
104.62837958335876,7568
104.7103943824768,7567
104.79498744010925,7566
104.8761990070343,7565
104.9582929611206,7564
105.04052710533142,7563
105.12253713607788,7562
105.20449256896973,7561
105.28662323951721,7560
105.36861658096313,7559
105.44783902168274,7558
105.52597784996033,7557
105.60811924934387,7556
105.6891713142395,7555
105.77127504348755,7554
105.85299801826477,7553
105.93385815620422,7552
106.0136034488678,7551
106.09228992462158,7550
106.1718807220459,7549
106.25154495239258,7548
106.33244633674622,7547
106.41515016555786,7546
106.49989771842957,7545
106.58249115943909,7544
106.66415476799011,7543
106.74595642089844,7542
106.82761716842651,7541
106.90926218032837,7540
106.99096155166626,7539
107.07276916503906,7538
107.15368270874023,7537
107.23506307601929,7536
107.31665873527527,7535
107.39812660217285,7534
107.47977066040039,7533
107.56146788597107,7532
107.64288687705994,7531
107.72705721855164,7530
107.81257176399231,7529
107.89845013618469,7528
107.9844913482666,7527
108.07026958465576,7526
108.15619611740112,7525
108.24242067337036,7524
108.32826232910156,7523
108.41405367851257,7522
108.49993515014648,7521
108.58577942848206,7520
108.67155718803406,7519
108.75740337371826,7518
108.84317350387573,7517
108.92910075187683,7516
109.01500296592712,7515
109.10091972351074,7514
109.18658638000488,7513
109.27241969108582,7512
109.35824775695801,7511
109.44431138038635,7510
109.53021550178528,7509
109.6162269115448,7508
109.70206952095032,7507
109.78911471366882,7506
109.87507462501526,7505
109.96092057228088,7504
110.0469582080841,7503
110.13286590576172,7502
110.21850037574768,7501
110.30449962615967,7500
110.3904161453247,7499
110.47647881507874,7498
110.56250739097595,7497
110.64857578277588,7496
110.73447179794312,7495
110.81811547279358,7494
110.90036153793335,7493
110.9825222492218,7492
111.06504535675049,7491
111.14740633964539,7490
111.22960901260376,7489
111.312171459198,7488
111.39432263374329,7487
111.47663927078247,7486
111.55874705314636,7485
111.64099359512329,7484
111.72320675849915,7483
111.80553364753723,7482
111.88979411125183,7481
111.97525095939636,7480
112.06101632118225,7479
112.14657592773438,7478
112.23233461380005,7477
112.3177969455719,7476
112.40333676338196,7475
112.4892029762268,7474
112.57488203048706,7473
112.66046094894409,7472
112.74606561660767,7471
112.83184123039246,7470
112.91743326187134,7469
113.0033483505249,7468
113.08945941925049,7467
113.17534756660461,7466
113.26105523109436,7465
113.3467903137207,7464
113.43248772621155,7463
113.51847505569458,7462
113.6043004989624,7461
113.69035005569458,7460
113.77647161483765,7459
113.86232018470764,7458
113.94926357269287,7457
114.0351824760437,7456
114.1210389137268,7455
114.20686793327332,7454
114.29174590110779,7453
114.37652111053467,7452
114.46137118339539,7451
114.54615712165833,7450
114.6312952041626,7449
114.7164237499237,7448
114.80384492874146,7447
114.88889336585999,7446
114.97396278381348,7445
115.05882525444031,7444
115.14219117164612,7443
115.22397422790527,7442
115.30568385124207,7441
115.38743805885315,7440
115.46922469139099,7439
115.5511863231659,7438
115.63283324241638,7437
115.71473288536072,7436
115.79659295082092,7435
115.87825512886047,7434
115.96007990837097,7433
116.04187107086182,7432
116.12348341941833,7431
116.20338559150696,7430
116.288156747818,7429
116.37303018569946,7428
116.4577407836914,7427
116.54247522354126,7426
116.62733101844788,7425
116.71223330497742,7424
116.79727125167847,7423
116.88212561607361,7422
116.96714854240417,7421
117.05214762687683,7420
117.13693928718567,7419
117.22152805328369,7418
117.30633664131165,7417
117.39129781723022,7416
117.47628808021545,7415
117.56107521057129,7414
117.64559292793274,7413
117.73032402992249,7412
117.81511902809143,7411
117.89994883537292,7410
117.98485660552979,7409
118.06964325904846,7408
118.15425992012024,7407
118.23888039588928,7406
118.32349252700806,7405
118.4079372882843,7404
118.4927065372467,7403
118.57751059532166,7402
118.66221714019775,7401
118.74720048904419,7400
118.83202362060547,7399
118.91695356369019,7398
119.00122165679932,7397
119.08619499206543,7396
119.1710729598999,7395
119.25592422485352,7394
119.34040713310242,7393
119.42519044876099,7392
119.51042675971985,7391
119.59596037864685,7390
119.68124914169312,7389
119.76775121688843,7388
119.85296845436096,7387
119.93455600738525,7386
120.01641583442688,7385
120.09838771820068,7384
120.17993927001953,7383
120.26171374320984,7382
120.34332847595215,7381
120.42465329170227,7380
120.50647401809692,7379
120.5881929397583,7378
120.66984462738037,7377
120.75152850151062,7376
120.83327722549438,7375
120.9149580001831,7374
121.00069069862366,7373
121.08603978157043,7372
121.17103123664856,7371
121.25637292861938,7370
121.34144687652588,7369
121.42651295661926,7368
121.51155710220337,7367
121.59704399108887,7366
121.68230605125427,7365
121.76758861541748,7364
121.85284757614136,7363
121.9379255771637,7362
122.0231544971466,7361
122.10858678817749,7360
122.19374680519104,7359
122.27889680862427,7358
122.36399602890015,7357
122.44919991493225,7356
122.53444528579712,7355
122.61953616142273,7354
122.70456147193909,7353
122.78977060317993,7352
122.87488460540771,7351
122.96006751060486,7350
123.04549837112427,7349
123.13074541091919,7348
123.21597337722778,7347
123.30119848251343,7346
123.38627624511719,7345
123.47062587738037,7344
123.55560636520386,7343
123.64068603515625,7342
123.72550129890442,7341
123.81048631668091,7340
123.89547443389893,7339
123.9802770614624,7338
124.06238150596619,7337
124.14357399940491,7336
124.22491002082825,7335
124.30648469924927,7334
124.38790154457092,7333
124.46942114830017,7332
124.55067610740662,7331
124.63198828697205,7330
124.71333360671997,7329
124.79714512825012,7328
124.87855505943298,7327
124.96000742912292,7326
125.04124236106873,7325
125.12699270248413,7324
125.2104103565216,7323
125.29516291618347,7322
125.37981224060059,7321
125.46487164497375,7320
125.54981732368469,7319
125.63470959663391,7318
125.71953797340393,7317
125.80424475669861,7316
125.88921427726746,7315
125.97420716285706,7314
126.05919575691223,7313
126.14413452148438,7312
126.228764295578,7311
126.31360006332397,7310
126.3985333442688,7309
126.48349690437317,7308
126.5683331489563,7307
126.65332770347595,7306
126.73811459541321,7305
126.82229900360107,7304
126.90476822853088,7303
126.98878645896912,7302
127.07284712791443,7301
127.15760612487793,7300
127.24265789985657,7299
127.32728552818298,7298
127.41230201721191,7297
127.49735236167908,7296
127.58222079277039,7295
127.66703629493713,7294
127.75213027000427,7293
127.8367395401001,7292
127.92099809646606,7291
128.00522756576538,7290
128.08940434455872,7289
128.17375135421753,7288
128.25812530517578,7287
128.34226322174072,7286
128.4242775440216,7285
128.50562262535095,7284
128.5868730545044,7283
128.66808414459229,7282
128.74935936927795,7281
128.83049249649048,7280
128.91168308258057,7279
128.99281692504883,7278
129.0740909576416,7277
129.15525269508362,7276
129.236722946167,7275
129.31790924072266,7274
129.39899158477783,7273
129.47884511947632,7272
129.56284046173096,7271
129.64755082130432,7270
129.7333641052246,7269
129.8180341720581,7268
129.90275812149048,7267
129.98745346069336,7266
130.07204055786133,7265
130.15669989585876,7264
130.24101901054382,7263
130.32547807693481,7262
130.41010355949402,7261
130.49499988555908,7260
130.5794484615326,7259
130.66409850120544,7258
130.74847769737244,7257
130.83294463157654,7256
130.9175148010254,7255
131.00212693214417,7254
131.08707118034363,7253
131.17142629623413,7252
131.25583600997925,7251
131.34019541740417,7250
131.42508959770203,7249
131.50978136062622,7248
131.5946807861328,7247
131.6794638633728,7246
131.76423501968384,7245
131.8488347530365,7244
131.9335389137268,7243
132.01813411712646,7242
132.1019320487976,7241
132.18546628952026,7240
132.2693190574646,7239
132.35262775421143,7238
132.43604254722595,7237
132.51972222328186,7236
132.60402846336365,7235
132.6873745918274,7234
132.77067685127258,7233
132.85139870643616,7232
132.9322464466095,7231
133.01332879066467,7230
133.09423661231995,7229
133.17519855499268,7228
133.25638842582703,7227
133.33727097511292,7226
133.41828441619873,7225
133.4993233680725,7224
133.58031582832336,7223
133.66116762161255,7222
133.74215650558472,7221
133.82319474220276,7220
133.90731477737427,7219
133.99130177497864,7218
134.07544660568237,7217
134.15965151786804,7216
134.2440755367279,7215
134.32860255241394,7214
134.41325736045837,7213
134.49794673919678,7212
134.58275818824768,7211
134.66773319244385,7210
134.75475430488586,7209
134.83950448036194,7208
134.92431735992432,7207
135.00898146629333,7206
135.09361600875854,7205
135.17817854881287,7204
135.2628412246704,7203
135.34731602668762,7202
135.43182492256165,7201
135.51664352416992,7200
135.60136198997498,7199
135.6860475540161,7198
135.7705316543579,7197
135.85489702224731,7196
135.93876791000366,7195
136.0223467350006,7194
136.10663294792175,7193
136.19107270240784,7192
136.27555966377258,7191
136.3597764968872,7190
136.4440519809723,7189
136.5286111831665,7188
136.61329865455627,7187
136.6971673965454,7186
136.78093194961548,7185
136.86426210403442,7184
136.94782781600952,7183
137.03034472465515,7182
137.1111752986908,7181
137.1919710636139,7180
137.2725863456726,7179
137.35328602790833,7178
137.43402528762817,7177
137.51481413841248,7176
137.59564566612244,7175
137.67638301849365,7174
137.75723886489868,7173
137.8379373550415,7172
137.91868495941162,7171
137.9995994567871,7170
138.0806703567505,7169
138.16452431678772,7168
138.24842858314514,7167
138.33185243606567,7166
138.41568446159363,7165
138.49932765960693,7164
138.58336806297302,7163
138.66772508621216,7162
138.75219678878784,7161
138.83680295944214,7160
138.92117524147034,7159
139.0054566860199,7158
139.09012508392334,7157
139.17436122894287,7156
139.25883889198303,7155
139.34298849105835,7154
139.42713069915771,7153
139.51127672195435,7152
139.5954394340515,7151
139.67968487739563,7150
139.76491379737854,7149
139.8488175868988,7148
139.93276643753052,7147
140.01674103736877,7146
140.10045671463013,7145
140.18358874320984,7144
140.26695346832275,7143
140.35061025619507,7142
140.4348499774933,7141
140.51893019676208,7140
140.60284328460693,7139
140.68683886528015,7138
140.7712435722351,7137
140.85463571548462,7136
140.93774485588074,7135
141.02081632614136,7134
141.10392308235168,7133
141.18699383735657,7132
141.2702419757843,7131
141.3534917831421,7130
141.4342646598816,7129
141.51455330848694,7128
141.59526801109314,7127
141.67580032348633,7126
141.7563202381134,7125
141.83679962158203,7124
141.9170114994049,7123
141.99729943275452,7122
142.0775933265686,7121
142.15793371200562,7120
142.23859453201294,7119
142.31896495819092,7118
142.39925861358643,7117
142.48037576675415,7116
142.56380200386047,7115
142.64802241325378,7114
142.73223996162415,7113
142.81644296646118,7112
142.9005002975464,7111
142.98462462425232,7110
143.06852006912231,7109
143.1523356437683,7108
143.2363474369049,7107
143.3204414844513,7106
143.4043788909912,7105
143.4882185459137,7104
143.57208895683289,7103
143.6561095714569,7102
143.73995399475098,7101
143.82294607162476,7100
143.9060161113739,7099
143.98954272270203,7098
144.07371616363525,7097
144.15787315368652,7096
144.24190068244934,7095
144.32579898834229,7094
144.40984869003296,7093
144.4939649105072,7092
144.57706594467163,7091
144.66020703315735,7090
144.74586009979248,7089
144.82888770103455,7088
144.91201162338257,7087
144.99533033370972,7086
145.07849669456482,7085
145.1616153717041,7084
145.2447657585144,7083
145.3280885219574,7082
145.41130900382996,7081
145.4947271347046,7080
145.57865595817566,7079
145.6627414226532,7078
145.74675750732422,7077
145.82899498939514,7076
145.90943598747253,7075
145.9897141456604,7074
146.07026386260986,7073
146.15049123764038,7072
146.23073744773865,7071
146.3158791065216,7070
146.39938974380493,7069
146.48302793502808,7068
146.56711792945862,7067
146.64795351028442,7066
146.72852396965027,7065
146.8091242313385,7064
146.89068341255188,7063
146.9734501838684,7062
147.05701756477356,7061
147.14079880714417,7060
147.228120803833,7059
147.31193327903748,7058
147.39618825912476,7057
147.4802074432373,7056
147.57017517089844,7055
147.6539831161499,7054
147.73806285858154,7053
147.8221275806427,7052
147.90558910369873,7051
147.9919617176056,7050
148.0752489566803,7049
183.1743404865265,7048
