0.47852444648742676,8776
0.5675930976867676,8775
0.655672550201416,8774
0.7467596530914307,8773
0.8404495716094971,8772
0.9317328929901123,8771
1.0235660076141357,8770
1.1144344806671143,8769
1.206439733505249,8768
1.2985799312591553,8767
1.3910655975341797,8766
1.4825828075408936,8765
1.574533462524414,8764
1.6666860580444336,8763
1.7595069408416748,8762
1.8521556854248047,8761
1.9440271854400635,8760
2.0359883308410645,8759
2.128248453140259,8758
2.219982385635376,8757
2.3117177486419678,8756
2.403323173522949,8755
2.4955790042877197,8754
2.5883607864379883,8753
2.6806225776672363,8752
2.772444248199463,8751
2.8636786937713623,8750
2.954902172088623,8749
3.0461366176605225,8748
3.1378068923950195,8747
3.2300703525543213,8746
3.3224828243255615,8745
3.414102077484131,8744
3.505526542663574,8743
3.5975401401519775,8742
3.68986439704895,8741
3.782137632369995,8740
3.87400484085083,8739
3.9660820960998535,8738
4.056310415267944,8737
4.144633531570435,8736
4.23322319984436,8735
4.321368217468262,8734
4.410114049911499,8733
4.498514175415039,8732
4.586945533752441,8731
4.6754045486450195,8730
4.76399827003479,8729
4.852600812911987,8728
4.9414098262786865,8727
5.029929876327515,8726
5.120884656906128,8725
5.21197772026062,8724
5.304370164871216,8723
5.396729230880737,8722
5.488247632980347,8721
5.5800862312316895,8720
5.673300266265869,8719
5.765166282653809,8718
5.857365608215332,8717
5.950054883956909,8716
6.04213547706604,8715
6.134191274642944,8714
6.226542711257935,8713
6.318769454956055,8712
6.410866022109985,8711
6.502922296524048,8710
6.59457802772522,8709
6.6867499351501465,8708
6.778527736663818,8707
6.870243549346924,8706
6.961512088775635,8705
7.052624940872192,8704
7.143637180328369,8703
7.234371185302734,8702
7.3253493309021,8701
7.41718864440918,8700
7.509197473526001,8699
7.601531267166138,8698
7.692517518997192,8697
7.783511161804199,8696
7.87506628036499,8695
7.966892957687378,8694
8.058797359466553,8693
8.150057315826416,8692
8.24164366722107,8691
8.333279132843018,8690
8.421500444412231,8689
8.509449005126953,8688
8.597417116165161,8687
8.68557620048523,8686
8.773764610290527,8685
8.861920356750488,8684
8.949874877929688,8683
9.038307428359985,8682
9.126484632492065,8681
9.21424388885498,8680
9.302214622497559,8679
9.389376401901245,8678
9.4812650680542,8677
9.569668292999268,8676
9.660197496414185,8675
9.751867771148682,8674
9.84370732307434,8673
9.935302257537842,8672
10.02651596069336,8671
10.118345737457275,8670
10.210477113723755,8669
10.302410364151001,8668
10.394466400146484,8667
10.48636770248413,8666
10.577713966369629,8665
10.66958498954773,8664
10.763080596923828,8663
10.854621887207031,8662
10.946304559707642,8661
11.037764549255371,8660
11.129107236862183,8659
11.219834566116333,8658
11.310552835464478,8657
11.400991439819336,8656
11.4912691116333,8655
11.581721067428589,8654
11.67262887954712,8653
11.763804197311401,8652
11.855443716049194,8651
11.946402311325073,8650
12.03814959526062,8649
12.129732370376587,8648
12.221160888671875,8647
12.31260347366333,8646
12.404111623764038,8645
12.495936870574951,8644
12.587483882904053,8643
12.678621053695679,8642
12.769628524780273,8641
12.857908725738525,8640
12.949569940567017,8639
13.037820100784302,8638
13.12562346458435,8637
13.213562965393066,8636
13.301475048065186,8635
13.389294624328613,8634
13.47693133354187,8633
13.564393043518066,8632
13.652198791503906,8631
13.740150451660156,8630
13.826397895812988,8629
13.917967796325684,8628
14.009195566177368,8627
14.100504159927368,8626
14.192089319229126,8625
14.283400535583496,8624
14.374649047851562,8623
14.465862512588501,8622
14.557415008544922,8621
14.648518323898315,8620
14.740051507949829,8619
14.831492900848389,8618
14.922663450241089,8617
15.013780117034912,8616
15.104725360870361,8615
15.195625305175781,8614
15.286470413208008,8613
15.377736330032349,8612
15.468833684921265,8611
15.560210227966309,8610
15.652403116226196,8609
15.743125438690186,8608
15.834084510803223,8607
15.925244092941284,8606
16.016039848327637,8605
16.10740303993225,8604
16.19885778427124,8603
16.28998589515686,8602
16.381030559539795,8601
16.471922397613525,8600
16.562511920928955,8599
16.653505563735962,8598
16.74442148208618,8597
16.834990978240967,8596
16.925453186035156,8595
17.013192653656006,8594
17.100440740585327,8593
17.18793821334839,8592
17.27519917488098,8591
17.36245560646057,8590
17.450250148773193,8589
17.53772258758545,8588
17.62559461593628,8587
17.713027715682983,8586
17.80071711540222,8585
17.888662099838257,8584
17.97537636756897,8583
18.061991453170776,8582
18.14913010597229,8581
18.23708415031433,8580
18.326194524765015,8579
18.41681432723999,8578
18.5049045085907,8577
18.59111452102661,8576
18.68130111694336,8575
18.770715951919556,8574
18.85891342163086,8573
18.9439115524292,8572
19.02965235710144,8571
19.11924958229065,8570
19.20834732055664,8569
19.297420501708984,8568
19.38651442527771,8567
19.473232746124268,8566
19.55995512008667,8565
19.650513887405396,8564
19.737743854522705,8563
19.820740699768066,8562
19.90380311012268,8561
19.9868004322052,8560
20.070260763168335,8559
20.153655290603638,8558
20.237226963043213,8557
20.32037591934204,8556
20.403611183166504,8555
20.487144470214844,8554
20.57029962539673,8553
20.653217554092407,8552
20.736318111419678,8551
20.822394847869873,8550
20.91138482093811,8549
20.998742818832397,8548
21.08862543106079,8547
21.179157495498657,8546
21.269288063049316,8545
21.359586238861084,8544
21.449410676956177,8543
21.54039216041565,8542
21.63175368309021,8541
21.722411632537842,8540
21.813288688659668,8539
21.904064655303955,8538
21.99482011795044,8537
22.086079359054565,8536
22.176730155944824,8535
22.26778793334961,8534
22.35871195793152,8533
22.449913263320923,8532
22.541643381118774,8531
22.632160663604736,8530
22.722936868667603,8529
22.813826084136963,8528
22.904505014419556,8527
22.995028972625732,8526
23.086175203323364,8525
23.176609754562378,8524
23.26638674736023,8523
23.3569233417511,8522
23.447484254837036,8521
23.538257122039795,8520
23.62915015220642,8519
23.719598054885864,8518
23.810285568237305,8517
23.90072011947632,8516
23.99142622947693,8515
24.082337141036987,8514
24.172763347625732,8513
24.26357388496399,8512
24.354389429092407,8511
24.444759607315063,8510
24.535661220550537,8509
24.6263644695282,8508
24.716826915740967,8507
24.80738091468811,8506
24.898106336593628,8505
24.98884105682373,8504
25.07959270477295,8503
25.170335292816162,8502
25.26049304008484,8501
25.35138440132141,8500
25.441988706588745,8499
25.53304100036621,8498
25.62340259552002,8497
25.71473240852356,8496
25.80578064918518,8495
25.894350051879883,8494
25.98135018348694,8493
26.06914973258972,8492
26.156456470489502,8491
26.2430636882782,8490
26.330068826675415,8489
26.41953444480896,8488
26.506335735321045,8487
26.59357786178589,8486
26.680614233016968,8485
26.767263650894165,8484
26.85392451286316,8483
26.940402030944824,8482
27.02652096748352,8481
27.113070487976074,8480
27.19941759109497,8479
27.285884857177734,8478
27.372198820114136,8477
27.45863938331604,8476
27.545072317123413,8475
27.63186550140381,8474
27.71829652786255,8473
27.80503249168396,8472
27.89138102531433,8471
27.977898836135864,8470
28.06640601158142,8469
28.15338373184204,8468
28.239636182785034,8467
28.325793743133545,8466
28.412282705307007,8465
28.49880862236023,8464
28.584919691085815,8463
28.671197652816772,8462
28.757519245147705,8461
28.843849897384644,8460
28.93023920059204,8459
29.01681423187256,8458
29.102975845336914,8457
29.1898934841156,8456
29.276743412017822,8455
29.361006498336792,8454
29.44332766532898,8453
29.530709505081177,8452
29.617542505264282,8451
29.704606771469116,8450
29.791845321655273,8449
29.87858533859253,8448
29.965551614761353,8447
30.05255699157715,8446
30.1395046710968,8445
30.22404170036316,8444
30.309821605682373,8443
30.39638328552246,8442
30.4836266040802,8441
30.570043087005615,8440
30.65631628036499,8439
30.743041515350342,8438
30.832300662994385,8437
30.91905403137207,8436
31.005623817443848,8435
31.092559099197388,8434
31.178419589996338,8433
31.264973402023315,8432
31.351513147354126,8431
31.439839363098145,8430
31.528958320617676,8429
31.618550777435303,8428
31.708369970321655,8427
31.798355102539062,8426
31.88772749900818,8425
31.977851629257202,8424
32.067598819732666,8423
32.157225370407104,8422
32.24678659439087,8421
32.33655595779419,8420
32.426405906677246,8419
32.5160391330719,8418
32.606106996536255,8417
32.695738315582275,8416
32.78581714630127,8415
32.8752498626709,8414
32.96501922607422,8413
33.05502462387085,8412
33.14461660385132,8411
33.23483657836914,8410
33.32557129859924,8409
33.41577410697937,8408
33.506213426589966,8407
33.596254110336304,8406
33.68642067909241,8405
33.77691078186035,8404
33.86722803115845,8403
33.95764183998108,8402
34.04798197746277,8401
34.138171434402466,8400
34.22818040847778,8399
34.31826114654541,8398
34.40842866897583,8397
34.49844694137573,8396
34.58869671821594,8395
34.678964376449585,8394
34.76900672912598,8393
34.85921049118042,8392
34.9497184753418,8391
35.0397675037384,8390
35.12970495223999,8389
35.22003626823425,8388
35.31036162376404,8387
35.40025210380554,8386
35.49087166786194,8385
35.581063985824585,8384
35.67217659950256,8383
35.76189160346985,8382
35.85217094421387,8381
35.94197630882263,8380
36.03207325935364,8379
36.12209439277649,8378
36.2118718624115,8377
36.302167892456055,8376
36.39231300354004,8375
36.48262429237366,8374
36.572782039642334,8373
36.660558223724365,8372
36.74722623825073,8371
36.8335497379303,8370
36.91974067687988,8369
37.00618028640747,8368
37.09228801727295,8367
37.178489446640015,8366
37.26473832130432,8365
37.35094141960144,8364
37.43764686584473,8363
37.52422881126404,8362
37.61080741882324,8361
37.696868658065796,8360
37.782859563827515,8359
37.86848998069763,8358
37.95411229133606,8357
38.0407030582428,8356
38.12608814239502,8355
38.212322473526,8354
38.298125982284546,8353
38.383734464645386,8352
38.469324350357056,8351
38.55498433113098,8350
38.6404755115509,8349
38.72642731666565,8348
38.81451153755188,8347
38.900721073150635,8346
38.98637366294861,8345
39.07200860977173,8344
39.15745258331299,8343
39.243232011795044,8342
39.32882595062256,8341
39.4143590927124,8340
39.49991035461426,8339
39.58550000190735,8338
39.670907497406006,8337
39.75665640830994,8336
39.84225630760193,8335
39.92735147476196,8334
40.00997543334961,8333
40.09545564651489,8332
40.181164026260376,8331
40.26663637161255,8330
40.35242033004761,8329
40.43789100646973,8328
40.52381134033203,8327
40.609713315963745,8326
40.69509744644165,8325
40.78307342529297,8324
40.86882019042969,8323
40.954482316970825,8322
41.039721727371216,8321
41.12571740150452,8320
41.211267948150635,8319
41.297046422958374,8318
41.383042097091675,8317
41.468515157699585,8316
41.5540828704834,8315
41.639923095703125,8314
41.725552558898926,8313
41.81136989593506,8312
41.897122859954834,8311
41.982630491256714,8310
42.06834673881531,8309
42.14976692199707,8308
42.23376822471619,8307
42.318421602249146,8306
42.40424728393555,8305
42.48930740356445,8304
42.57398843765259,8303
42.65748572349548,8302
42.739848375320435,8301
42.82347583770752,8300
42.91190719604492,8299
43.007052183151245,8298
43.094449281692505,8297
43.18141508102417,8296
43.26718616485596,8295
43.35249590873718,8294
43.43774962425232,8293
43.52299427986145,8292
43.60847997665405,8291
43.69344520568848,8290
43.77877736091614,8289
43.864092111587524,8288
43.94948649406433,8287
44.034539222717285,8286
44.1198034286499,8285
44.20513319969177,8284
44.29083609580994,8283
44.38113188743591,8282
44.46386384963989,8281
44.54527163505554,8280
44.626705169677734,8279
44.70838117599487,8278
44.78983950614929,8277
44.87117075920105,8276
44.95281934738159,8275
45.03409433364868,8274
45.11548709869385,8273
45.19724774360657,8272
45.27872323989868,8271
45.360488176345825,8270
45.44218373298645,8269
45.52373003959656,8268
45.611321687698364,8267
45.699607610702515,8266
45.7882513999939,8265
45.877437114715576,8264
45.96675992012024,8263
46.05576705932617,8262
46.145103454589844,8261
46.23393154144287,8260
46.322487592697144,8259
46.41121530532837,8258
46.49923896789551,8257
46.58745813369751,8256
46.676697731018066,8255
46.76612377166748,8254
46.85568308830261,8253
46.94403791427612,8252
47.03292226791382,8251
47.122451066970825,8250
47.211610078811646,8249
47.300721645355225,8248
47.39029812812805,8247
47.47942590713501,8246
47.5683753490448,8245
47.65778160095215,8244
47.74657225608826,8243
47.835150718688965,8242
47.924339294433594,8241
48.01344633102417,8240
48.10256791114807,8239
48.191481828689575,8238
48.280353307724,8237
48.3686637878418,8236
48.45710635185242,8235
48.545124769210815,8234
48.63363194465637,8233
48.72140574455261,8232
48.81002593040466,8231
48.899150133132935,8230
48.9880907535553,8229
49.07759952545166,8228
49.16664361953735,8227
49.25538349151611,8226
49.34419012069702,8225
49.433428049087524,8224
49.522571325302124,8223
49.61110854148865,8222
49.699658155441284,8221
49.78842210769653,8220
49.877092361450195,8219
49.9658784866333,8218
50.05487608909607,8217
50.143014430999756,8216
50.23132634162903,8215
50.31932592391968,8214
50.40745401382446,8213
50.4956910610199,8212
50.58490777015686,8211
50.674182176589966,8210
50.765955686569214,8209
50.85547375679016,8208
50.9426748752594,8207
51.02783703804016,8206
51.113285303115845,8205
51.198644399642944,8204
51.28405141830444,8203
51.36945986747742,8202
51.454606771469116,8201
51.540104389190674,8200
51.62585163116455,8199
51.71122622489929,8198
51.796698570251465,8197
51.882426500320435,8196
51.96719145774841,8195
52.052225828170776,8194
52.13740587234497,8193
52.22225213050842,8192
52.30687928199768,8191
52.391849517822266,8190
52.477067708969116,8189
52.56186294555664,8188
52.646628856658936,8187
52.731711864471436,8186
52.816625118255615,8185
52.90127873420715,8184
52.9865083694458,8183
53.07240056991577,8182
53.159204959869385,8181
53.24395489692688,8180
53.328768491744995,8179
53.413607358932495,8178
53.49878787994385,8177
53.583818674087524,8176
53.66850399971008,8175
53.753594636917114,8174
53.8390679359436,8173
53.92380475997925,8172
54.00845766067505,8171
54.09494876861572,8170
54.1797878742218,8169
54.264830350875854,8168
54.349971294403076,8167
54.431238412857056,8166
54.516520977020264,8165
54.60169768333435,8164
54.68723440170288,8163
54.772319078445435,8162
54.857481241226196,8161
54.94309210777283,8160
55.02822208404541,8159
55.11405158042908,8158
55.197927474975586,8157
55.280972480773926,8156
55.366732120513916,8155
55.45198345184326,8154
55.536885499954224,8153
55.62121391296387,8152
55.70721244812012,8151
55.79206705093384,8150
55.878215074539185,8149
55.96304941177368,8148
56.04808163642883,8147
56.13365435600281,8146
56.21797513961792,8145
56.30319380760193,8144
56.3882269859314,8143
56.47490882873535,8142
56.563292264938354,8141
56.65141320228577,8140
56.7394232749939,8139
56.827495098114014,8138
56.915995836257935,8137
57.00410032272339,8136
57.09211230278015,8135
57.18048143386841,8134
57.268420457839966,8133
57.3564236164093,8132
57.44475293159485,8131
57.532792806625366,8130
57.620917558670044,8129
57.70918154716492,8128
57.797261476516724,8127
57.88532042503357,8126
57.98983955383301,8125
58.0779082775116,8124
58.16620945930481,8123
58.25409817695618,8122
58.3421585559845,8121
58.43049931526184,8120
58.51888656616211,8119
58.60740280151367,8118
58.69605541229248,8117
58.78473711013794,8116
58.87357687950134,8115
58.96217322349548,8114
59.05082154273987,8113
59.13943004608154,8112
59.22805213928223,8111
59.31660866737366,8110
59.40544581413269,8109
59.49437379837036,8108
59.582897663116455,8107
59.671820402145386,8106
59.76042032241821,8105
59.84892916679382,8104
59.93743920326233,8103
60.02602434158325,8102
60.11456847190857,8101
60.20321249961853,8100
60.2918016910553,8099
60.38034677505493,8098
60.46890926361084,8097
60.55764961242676,8096
60.64578151702881,8095
60.734227418899536,8094
60.82546138763428,8093
60.91380977630615,8092
61.00240755081177,8091
61.091209411621094,8090
61.17986249923706,8089
61.26859259605408,8088
61.35725784301758,8087
61.44569516181946,8086
61.53418493270874,8085
61.622915744781494,8084
61.71007537841797,8083
61.794960260391235,8082
61.87956237792969,8081
61.96410036087036,8080
62.04895615577698,8079
62.13364315032959,8078
62.218462228775024,8077
62.30304002761841,8076
62.3874933719635,8075
62.47206521034241,8074
62.55709147453308,8073
62.641711473464966,8072
62.72613048553467,8071
62.810322999954224,8070
62.89453434944153,8069
62.97891592979431,8068
63.06346940994263,8067
63.14743208885193,8066
63.23152828216553,8065
63.31621837615967,8064
63.400330781936646,8063
63.48484134674072,8062
63.569260120391846,8061
63.65345311164856,8060
63.73789858818054,8059
63.822237491607666,8058
63.909481048583984,8057
63.993786096572876,8056
64.07785105705261,8055
64.16247820854187,8054
64.24661803245544,8053
64.33121991157532,8052
64.41542482376099,8051
64.49959111213684,8050
64.5836775302887,8049
64.6680076122284,8048
64.75223326683044,8047
64.8366641998291,8046
64.9210364818573,8045
65.00474572181702,8044
65.0850739479065,8043
65.16945099830627,8042
65.2536792755127,8041
65.33836054801941,8040
65.42255234718323,8039
65.50676321983337,8038
65.59131217002869,8037
65.67580652236938,8036
65.76010632514954,8035
65.84448528289795,8034
65.92847108840942,8033
66.01286029815674,8032
66.09733271598816,8031
66.18064665794373,8030
66.26502275466919,8029
66.34916663169861,8028
66.4335470199585,8027
66.51798748970032,8026
66.60219383239746,8025
66.68569779396057,8024
66.77017140388489,8023
66.85439610481262,8022
66.93858456611633,8021
67.02300000190735,8020
67.10720562934875,8019
67.19126415252686,8018
67.27303719520569,8017
67.3541910648346,8016
67.43831658363342,8015
67.5219349861145,8014
67.60621738433838,8013
67.6897783279419,8012
67.77290606498718,8011
67.8546633720398,8010
67.93584060668945,8009
68.01704668998718,8008
68.098886013031,8007
68.18310046195984,8006
68.2690761089325,8005
68.35467433929443,8004
68.43888235092163,8003
68.52278780937195,8002
68.60648441314697,8001
68.69034790992737,8000
68.77432107925415,7999
68.8580207824707,7998
68.94178891181946,7997
69.02555084228516,7996
69.10942339897156,7995
69.19334840774536,7994
69.27746939659119,7993
69.36112642288208,7992
69.4446234703064,7991
69.53153085708618,7990
69.61661219596863,7989
69.6967978477478,7988
69.77699875831604,7987
69.85685443878174,7986
69.93687844276428,7985
70.0172791481018,7984
70.09704971313477,7983
70.17695713043213,7982
70.2569625377655,7981
70.33695936203003,7980
70.41667532920837,7979
70.4965250492096,7978
70.5762689113617,7977
70.65603971481323,7976
70.73797345161438,7975
70.82596755027771,7974
70.91370677947998,7973
71.00186562538147,7972
71.08986020088196,7971
71.17828297615051,7970
71.26596355438232,7969
71.35379433631897,7968
71.44151401519775,7967
71.52924251556396,7966
71.61705088615417,7965
71.70509123802185,7964
71.79279208183289,7963
71.88070726394653,7962
71.9689073562622,7961
72.05694794654846,7960
72.1445426940918,7959
72.2324230670929,7958
72.32058143615723,7957
72.40823411941528,7956
72.49625301361084,7955
72.58437824249268,7954
72.67237567901611,7953
72.76028370857239,7952
72.84841179847717,7951
72.94167470932007,7950
73.02978348731995,7949
73.11746096611023,7948
73.20554208755493,7947
73.29321908950806,7946
73.38133835792542,7945
73.46954703330994,7944
73.55715370178223,7943
73.6454770565033,7942
73.73363137245178,7941
73.82139301300049,7940
73.90908789634705,7939
73.99706983566284,7938
74.08497142791748,7937
74.17312812805176,7936
74.26111340522766,7935
74.34895181655884,7934
74.43695259094238,7933
74.5252468585968,7932
74.61329293251038,7931
74.70154333114624,7930
74.78968644142151,7929
74.87780046463013,7928
74.96555638313293,7927
75.05341982841492,7926
75.14154148101807,7925
75.22941946983337,7924
75.31754350662231,7923
75.40578818321228,7922
75.49365592002869,7921
75.58161354064941,7920
75.66960334777832,7919
75.75355958938599,7918
75.83772206306458,7917
75.92222929000854,7916
76.00673294067383,7915
76.09100365638733,7914
76.17546081542969,7913
76.25938367843628,7912
76.34362530708313,7911
76.42829275131226,7910
76.51238489151001,7909
76.59696745872498,7908
76.68103122711182,7907
76.76429510116577,7906
76.84788942337036,7905
76.93122124671936,7904
77.01472449302673,7903
77.09837055206299,7902
77.18193054199219,7901
77.26546597480774,7900
77.34921979904175,7899
77.43254351615906,7898
77.51582431793213,7897
77.59954452514648,7896
77.68260669708252,7895
77.7664737701416,7894
77.85295987129211,7893
77.93670439720154,7892
78.0197262763977,7891
78.10354542732239,7890
78.18685173988342,7889
78.27019190788269,7888
78.35366415977478,7887
78.4369752407074,7886
78.52070665359497,7885
78.60447406768799,7884
78.68788599967957,7883
78.77115368843079,7882
78.8547990322113,7881
78.93812417984009,7880
79.02234697341919,7879
79.10556864738464,7878
79.18708109855652,7877
79.27105832099915,7876
79.35506105422974,7875
79.43893337249756,7874
79.52315163612366,7873
79.60712766647339,7872
79.6907868385315,7871
79.77492046356201,7870
79.85861015319824,7869
79.94020533561707,7868
80.02299094200134,7867
80.10712790489197,7866
80.19102931022644,7865
80.27488827705383,7864
80.35899519920349,7863
80.44275569915771,7862
80.52761673927307,7861
80.61251282691956,7860
80.69620943069458,7859
80.78241467475891,7858
80.8665120601654,7857
80.95014357566833,7856
81.03406286239624,7855
81.11916041374207,7854
81.2054796218872,7853
81.29241466522217,7852
81.379634141922,7851
81.46694993972778,7850
81.55425834655762,7849
81.64086985588074,7848
81.72797298431396,7847
81.81536173820496,7846
81.90237522125244,7845
81.98952674865723,7844
82.07686972618103,7843
82.1642746925354,7842
82.2513976097107,7841
82.33820509910583,7840
82.42534446716309,7839
82.51296257972717,7838
82.59997820854187,7837
82.68680882453918,7836
82.77383089065552,7835
82.86055397987366,7834
82.94717264175415,7833
83.03376078605652,7832
83.11991238594055,7831
83.2060272693634,7830
83.29227614402771,7829
83.37937140464783,7828
83.46654319763184,7827
83.5539767742157,7826
83.64058089256287,7825
83.72715520858765,7824
83.81412839889526,7823
83.90120053291321,7822
83.98834753036499,7821
84.07552289962769,7820
84.16276121139526,7819
84.24985027313232,7818
84.33650827407837,7817
84.4234983921051,7816
84.510178565979,7815
84.59724879264832,7814
84.68444657325745,7813
84.77131080627441,7812
84.85824632644653,7811
84.94518089294434,7810
85.03193593025208,7809
85.11803722381592,7808
85.204509973526,7807
85.29089903831482,7806
85.3768150806427,7805
85.46356010437012,7804
85.55099940299988,7803
85.63929724693298,7802
85.72608709335327,7801
85.81306099891663,7800
85.900390625,7799
85.98729515075684,7798
86.07431387901306,7797
86.1614921092987,7796
86.24844145774841,7795
86.33523726463318,7794
86.42029976844788,7793
86.50410175323486,7792
86.58798265457153,7791
86.67152547836304,7790
86.75471711158752,7789
86.83800768852234,7788
86.92150902748108,7787
87.00478267669678,7786
87.08812355995178,7785
87.17168712615967,7784
87.2549204826355,7783
87.33869981765747,7782
87.42165064811707,7781
87.50332570075989,7780
87.58649778366089,7779
87.66932916641235,7778
87.75236558914185,7777
87.8358325958252,7776
87.91868877410889,7775
88.00191330909729,7774
88.08479642868042,7773
88.16772079467773,7772
88.2504358291626,7771
88.3339593410492,7770
88.41690301895142,7769
88.49989295005798,7768
88.58532428741455,7767
88.6687662601471,7766
88.75155186653137,7765
88.83436322212219,7764
88.9175226688385,7763
89.00055742263794,7762
89.08338785171509,7761
89.16657376289368,7760
89.2492311000824,7759
89.33216333389282,7758
89.41501450538635,7757
89.49833297729492,7756
89.58094501495361,7755
89.66387414932251,7754
89.74464273452759,7753
89.82634162902832,7752
89.90940761566162,7751
89.99377536773682,7750
90.07704091072083,7749
90.15983939170837,7748
90.24335932731628,7747
90.32684469223022,7746
90.4098608493805,7745
90.49284625053406,7744
90.5757577419281,7743
90.65881562232971,7742
90.7417995929718,7741
90.82706212997437,7740
90.90995264053345,7739
90.99300813674927,7738
91.07621932029724,7737
91.15927767753601,7736
91.24267601966858,7735
91.3258159160614,7734
91.40901827812195,7733
91.4922022819519,7732
91.57584261894226,7731
91.65931034088135,7730
91.74268746376038,7729
91.82545280456543,7728
91.90673327445984,7727
91.98619389533997,7726
92.06860661506653,7725
92.15053009986877,7724
92.23352074623108,7723
92.3158004283905,7722
92.39749765396118,7721
92.47864818572998,7720
92.55833292007446,7719
92.63840413093567,7718
92.71892499923706,7717
92.80157399177551,7716
92.88622808456421,7715
92.97013139724731,7714
93.05320644378662,7713
93.13592052459717,7712
93.21848893165588,7711
93.30113530158997,7710
93.383713722229,7709
93.4659686088562,7708
93.54876041412354,7707
93.63160586357117,7706
93.7144193649292,7705
93.79680871963501,7704
93.87939071655273,7703
93.96207928657532,7702
94.04468703269958,7701
94.13197445869446,7700
94.21547532081604,7699
94.29395008087158,7698
94.37234544754028,7697
94.45117020606995,7696
94.52985405921936,7695
94.6086528301239,7694
94.68777108192444,7693
94.7666552066803,7692
94.8452820777893,7691
94.92435383796692,7690
95.00310111045837,7689
95.08151435852051,7688
95.15991568565369,7687
95.23882603645325,7686
95.31869053840637,7685
95.40347003936768,7684
95.48948240280151,7683
95.57544469833374,7682
95.66270136833191,7681
95.7488284111023,7680
95.83476781845093,7679
95.9210422039032,7678
96.00717377662659,7677
96.09341764450073,7676
96.17909836769104,7675
96.264897108078,7674
96.35113763809204,7673
96.43703722953796,7672
96.52343487739563,7671
96.60984206199646,7670
96.6960813999176,7669
96.78230667114258,7668
96.86853432655334,7667
96.95437026023865,7666
97.04021120071411,7665
97.1265561580658,7664
97.21252131462097,7663
97.29864239692688,7662
97.38499593734741,7661
97.47097778320312,7660
97.55692648887634,7659
97.64342021942139,7658
97.72936058044434,7657
97.81537890434265,7656
97.9014503955841,7655
97.98709988594055,7654
98.07302212715149,7653
98.15906310081482,7652
98.24477124214172,7651
98.33078789710999,7650
98.41690039634705,7649
98.50351071357727,7648
98.58934879302979,7647
98.67537713050842,7646
98.76140856742859,7645
98.84686374664307,7644
98.93315315246582,7643
99.01920914649963,7642
99.10557460784912,7641
99.19128894805908,7640
99.27724885940552,7639
99.36328458786011,7638
99.44876503944397,7637
99.53439688682556,7636
99.62009692192078,7635
99.70579743385315,7634
99.79154753684998,7633
99.87744641304016,7632
99.96321296691895,7631
100.04919528961182,7630
100.13535857200623,7629
100.2214252948761,7628
100.30778288841248,7627
100.39447569847107,7626
100.480717420578,7625
100.56734538078308,7624
100.65383887290955,7623
100.74023818969727,7622
100.8294358253479,7621
100.91582894325256,7620
101.00205445289612,7619
101.0883617401123,7618
101.1711323261261,7617
101.25429940223694,7616
101.3372118473053,7615
101.41996908187866,7614
101.50256681442261,7613
101.58552670478821,7612
101.66799855232239,7611
101.75079298019409,7610
101.83376693725586,7609
101.9164445400238,7608
101.99933099746704,7607
102.08219408988953,7606
102.16481351852417,7605
102.24688506126404,7604
102.3291802406311,7603
102.41120338439941,7602
102.49311256408691,7601
102.5752866268158,7600
102.65726232528687,7599
102.73977160453796,7598
102.82170104980469,7597
102.90407991409302,7596
102.98651838302612,7595
103.0683741569519,7594
103.15051817893982,7593
103.23276352882385,7592
103.31792497634888,7591
103.40019726753235,7590
103.4821708202362,7589
103.56460976600647,7588
103.64633703231812,7587
103.72839856147766,7586
103.81065082550049,7585
103.89267206192017,7584
103.97469186782837,7583
104.05719542503357,7582
104.1391065120697,7581
104.22125768661499,7580
104.3030743598938,7579
104.38518977165222,7578
104.46813488006592,7577
104.54982614517212,7576
104.63179159164429,7575
104.71474313735962,7574
104.79715180397034,7573
104.87967848777771,7572
104.96249628067017,7571
105.0450451374054,7570
105.12764954566956,7569
105.21036005020142,7568
105.29261255264282,7567
105.37170839309692,7566
105.45489525794983,7565
105.53724002838135,7564
105.6198947429657,7563
105.70322704315186,7562
105.78551602363586,7561
105.86764097213745,7560
105.9506893157959,7559
106.03333926200867,7558
106.11571669578552,7557
106.19817233085632,7556
106.28042984008789,7555
106.36249852180481,7554
106.44489622116089,7553
106.52922010421753,7552
106.61441826820374,7551
106.70022869110107,7550
106.78596758842468,7549
106.87129139900208,7548
106.95663189888,7547
107.04237747192383,7546
107.1275863647461,7545
107.21320581436157,7544
107.29858088493347,7543
107.38402533531189,7542
107.46944856643677,7541
107.55471348762512,7540
107.64016127586365,7539
107.7259886264801,7538
107.81121397018433,7537
107.89621925354004,7536
107.98168730735779,7535
108.06678199768066,7534
108.15204548835754,7533
108.23753261566162,7532
108.32214570045471,7531
108.40726923942566,7530
108.49278593063354,7529
108.57794833183289,7528
108.66313767433167,7527
108.74860906600952,7526
108.83337736129761,7525
108.91839385032654,7524
109.00361490249634,7523
109.08860182762146,7522
109.17344832420349,7521
109.25844645500183,7520
109.3433768749237,7519
109.42827010154724,7518
109.51351571083069,7517
109.59839248657227,7516
109.6827757358551,7515
109.76772546768188,7514
109.85248947143555,7513
109.93726873397827,7512
110.02243876457214,7511
110.10719728469849,7510
110.19199299812317,7509
110.27738499641418,7508
110.362300157547,7507
110.44723725318909,7506
110.53213763237,7505
110.61700987815857,7504
110.70186567306519,7503
110.7896876335144,7502
110.8747386932373,7501
110.95967197418213,7500
111.04530692100525,7499
111.13012552261353,7498
111.21530032157898,7497
111.30053496360779,7496
111.38537263870239,7495
111.47038173675537,7494
111.5556845664978,7493
111.64055752754211,7492
111.72579860687256,7491
111.81099081039429,7490
111.89594769477844,7489
111.98187375068665,7488
112.06780505180359,7487
112.15350198745728,7486
112.23927974700928,7485
112.32502365112305,7484
112.40931415557861,7483
112.49151587486267,7482
112.5739254951477,7481
112.65596604347229,7480
112.73814129829407,7479
112.81991744041443,7478
112.90201115608215,7477
112.98418807983398,7476
113.06638717651367,7475
113.14855909347534,7474
113.23036074638367,7473
113.31254124641418,7472
113.39481663703918,7471
113.47655439376831,7470
113.55783581733704,7469
113.6395480632782,7468
113.72058510780334,7467
113.80185461044312,7466
113.88357615470886,7465
113.96509170532227,7464
114.0467700958252,7463
114.12797546386719,7462
114.20971155166626,7461
114.29133749008179,7460
114.37241315841675,7459
114.45380592346191,7458
114.5356228351593,7457
114.61999893188477,7456
114.70135045051575,7455
114.78285551071167,7454
114.86412239074707,7453
114.94540309906006,7452
115.02709627151489,7451
115.10820078849792,7450
115.18978881835938,7449
115.2713794708252,7448
115.35277056694031,7447
115.4343478679657,7446
115.51587414741516,7445
115.59713220596313,7444
115.67992186546326,7443
115.75978779792786,7442
115.84112429618835,7441
115.92285394668579,7440
116.00470519065857,7439
116.08618354797363,7438
116.1676766872406,7437
116.24940085411072,7436
116.3306131362915,7435
116.41200137138367,7434
116.49362325668335,7433
116.57496380805969,7432
116.65668749809265,7431
116.73799872398376,7430
116.8197991847992,7429
116.90172910690308,7428
116.98340010643005,7427
117.06480169296265,7426
117.14609622955322,7425
117.22766304016113,7424
117.30881571769714,7423
117.39032936096191,7422
117.47185373306274,7421
117.55323028564453,7420
117.63452124595642,7419
117.71577906608582,7418
117.79755878448486,7417
117.87570810317993,7416
117.95360016822815,7415
118.03496932983398,7414
118.1154100894928,7413
118.19657158851624,7412
118.27744436264038,7411
118.35739612579346,7410
118.43604302406311,7409
118.51415061950684,7408
118.59191393852234,7407
118.67110967636108,7406
118.7523775100708,7405
118.83497643470764,7404
118.91846823692322,7403
119.00028562545776,7402
119.08139133453369,7401
119.16250729560852,7400
119.24391341209412,7399
119.32485437393188,7398
119.40589022636414,7397
119.48702001571655,7396
119.56748580932617,7395
119.64841794967651,7394
119.7294704914093,7393
119.810067653656,7392
119.89090323448181,7391
119.97202467918396,7390
120.05512881278992,7389
120.14038419723511,7388
120.21764969825745,7387
120.29447913169861,7386
120.37170267105103,7385
120.4489164352417,7384
120.52567148208618,7383
120.60264563560486,7382
120.6797468662262,7381
120.75655603408813,7380
120.83622884750366,7379
120.91339468955994,7378
120.99020624160767,7377
121.06720757484436,7376
121.14413595199585,7375
121.2213122844696,7374
121.30162692070007,7373
121.38274431228638,7372
121.46788167953491,7371
121.55237174034119,7370
121.63680028915405,7369
121.72200918197632,7368
121.80716753005981,7367
121.8923327922821,7366
121.97766470909119,7365
122.0624372959137,7364
122.1474552154541,7363
122.23262405395508,7362
122.31732106208801,7361
122.40176010131836,7360
122.48681473731995,7359
122.5716142654419,7358
122.65642213821411,7357
122.74142456054688,7356
122.82532238960266,7355
122.90961217880249,7354
122.9935290813446,7353
123.07708978652954,7352
123.16149878501892,7351
123.24673891067505,7350
123.33159756660461,7349
123.41610622406006,7348
123.50077080726624,7347
123.58562994003296,7346
123.67040371894836,7345
123.75555205345154,7344
123.84018278121948,7343
123.92535138130188,7342
124.01044702529907,7341
124.09526491165161,7340
124.17997670173645,7339
124.26480436325073,7338
124.34873723983765,7337
124.43341517448425,7336
124.51821398735046,7335
124.60279846191406,7334
124.68710231781006,7333
124.7713975906372,7332
124.85501456260681,7331
124.93872284889221,7330
125.02244448661804,7329
125.10594415664673,7328
125.19045090675354,7327
125.27554130554199,7326
125.3601713180542,7325
125.44440913200378,7324
125.5287709236145,7323
125.61364221572876,7322
125.69942927360535,7321
125.78447961807251,7320
125.86898255348206,7319
125.95404434204102,7318
126.03915238380432,7317
126.12416577339172,7316
126.2089991569519,7315
126.29393529891968,7314
126.37822413444519,7313
126.4630811214447,7312
126.54812979698181,7311
126.62900161743164,7310
126.70997595787048,7309
126.79103255271912,7308
126.87207388877869,7307
126.95346021652222,7306
127.03469944000244,7305
127.11567234992981,7304
127.19683241844177,7303
127.2780249118805,7302
127.35906648635864,7301
127.44045877456665,7300
127.52154898643494,7299
127.60197043418884,7298
127.68177008628845,7297
127.76240420341492,7296
127.84333610534668,7295
127.92423510551453,7294
128.00493454933167,7293
128.08563661575317,7292
128.16639757156372,7291
128.24697589874268,7290
128.32741165161133,7289
128.40803623199463,7288
128.48848271369934,7287
128.56929111480713,7286
128.64988946914673,7285
128.7321584224701,7284
128.81426072120667,7283
128.89476704597473,7282
128.97544360160828,7281
129.0557882785797,7280
129.13612508773804,7279
129.2169737815857,7278
129.29727125167847,7277
129.37773084640503,7276
129.45841693878174,7275
129.53888654708862,7274
129.61941647529602,7273
129.69995999336243,7272
129.78043508529663,7271
129.86121320724487,7270
129.9424114227295,7269
130.02260160446167,7268
130.0976526737213,7267
130.1790087223053,7266
130.2603759765625,7265
130.3417317867279,7264
130.4226200580597,7263
130.50347137451172,7262
130.58457374572754,7261
130.6654245853424,7260
130.74665522575378,7259
130.82964634895325,7258
130.9079258441925,7257
130.98769736289978,7256
131.06852769851685,7255
131.14957690238953,7254
131.2304482460022,7253
131.31071782112122,7252
131.39162921905518,7251
131.4726927280426,7250
131.55446934700012,7249
131.6352825164795,7248
131.7160406112671,7247
131.79715394973755,7246
131.87798428535461,7245
131.9586362838745,7244
132.0397641658783,7243
132.12253189086914,7242
132.20655846595764,7241
132.29118609428406,7240
132.37537789344788,7239
132.45881628990173,7238
132.54244232177734,7237
132.625807762146,7236
132.70929956436157,7235
132.79288363456726,7234
132.87692308425903,7233
132.96091508865356,7232
133.04562044143677,7231
133.13000345230103,7230
133.21477508544922,7229
133.29949951171875,7228
133.38377475738525,7227
133.46820425987244,7226
133.5527446269989,7225
133.6368374824524,7224
133.7214343547821,7223
133.80606150627136,7222
133.8905520439148,7221
133.9749879837036,7220
134.05965900421143,7219
134.1439950466156,7218
134.22802019119263,7217
134.3120415210724,7216
134.3960349559784,7215
134.47955131530762,7214
134.5631263256073,7213
134.6472520828247,7212
134.7309331893921,7211
134.81465864181519,7210
134.8983371257782,7209
134.98215556144714,7208
135.06568908691406,7207
135.14940547943115,7206
135.23324728012085,7205
135.31703925132751,7204
135.40060806274414,7203
135.4843156337738,7202
135.56791496276855,7201
135.65277290344238,7200
135.73635292053223,7199
135.8198161125183,7198
135.90381121635437,7197
135.98740983009338,7196
136.07087898254395,7195
136.1545593738556,7194
136.23855829238892,7193
136.32238841056824,7192
136.40620851516724,7191
136.48976373672485,7190
136.5736906528473,7189
136.65715527534485,7188
136.74061346054077,7187
136.82412004470825,7186
136.90799617767334,7185
136.99124312400818,7184
137.07484817504883,7183
137.15871405601501,7182
137.24188685417175,7181
137.32526469230652,7180
137.4090929031372,7179
137.49274277687073,7178
137.57703709602356,7177
137.66133427619934,7176
137.74422883987427,7175
137.8249545097351,7174
137.90583729743958,7173
137.98627924919128,7172
138.06676292419434,7171
138.14758396148682,7170
138.22810125350952,7169
138.3086760044098,7168
138.3895502090454,7167
138.46992325782776,7166
138.55059623718262,7165
138.63113522529602,7164
138.7116243839264,7163
138.79151153564453,7162
138.87186217308044,7161
138.9515414237976,7160
139.03145694732666,7159
139.11173486709595,7158
139.1915566921234,7157
139.2716248035431,7156
139.35182976722717,7155
139.43163800239563,7154
139.51205801963806,7153
139.59217858314514,7152
139.67223048210144,7151
139.75215244293213,7150
139.8323793411255,7149
139.91474604606628,7148
139.99606132507324,7147
140.07629013061523,7146
140.15625,7145
140.23649048805237,7144
140.3166356086731,7143
140.39667534828186,7142
140.4768226146698,7141
140.5568883419037,7140
140.63671970367432,7139
140.7170901298523,7138
140.79945993423462,7137
140.87947416305542,7136
140.9597315788269,7135
141.03952813148499,7134
141.1147804260254,7133
141.19079780578613,7132
141.2709231376648,7131
141.35122275352478,7130
141.43179440498352,7129
141.5119423866272,7128
141.5923089981079,7127
141.67264103889465,7126
141.7508008480072,7125
141.83107328414917,7124
141.9115674495697,7123
141.99164533615112,7122
142.0718023777008,7121
142.15226769447327,7120
142.23196125030518,7119
142.3123161792755,7118
142.3924436569214,7117
142.4725000858307,7116
142.55344414710999,7115
142.63351249694824,7114
142.7138957977295,7113
142.79437041282654,7112
142.87456798553467,7111
142.95493030548096,7110
143.03528571128845,7109
143.11530709266663,7108
143.19537925720215,7107
143.27601027488708,7106
143.35261368751526,7105
143.4292769432068,7104
143.5090515613556,7103
143.58836936950684,7102
143.66845107078552,7101
143.74748158454895,7100
143.82584476470947,7099
143.90361332893372,7098
143.98018193244934,7097
144.05652141571045,7096
144.1342809200287,7095
144.213702917099,7094
144.2948853969574,7093
144.37669277191162,7092
144.45638155937195,7091
144.53593969345093,7090
144.6157832145691,7089
144.6952097415924,7088
144.7748682498932,7087
144.85472583770752,7086
144.93400692939758,7085
145.01280236244202,7084
145.09251379966736,7083
145.1719422340393,7082
145.2514967918396,7081
145.3314106464386,7080
145.41096544265747,7079
145.49060606956482,7078
145.57255744934082,7077
145.65655946731567,7076
145.73214483261108,7075
145.80779385566711,7074
145.8830530643463,7073
145.95858645439148,7072
146.03431844711304,7071
146.1095745563507,7070
146.1850037574768,7069
146.26079750061035,7068
146.33648586273193,7067
146.41661167144775,7066
146.49509954452515,7065
146.5737226009369,7064
146.6525011062622,7063
146.72806119918823,7062
146.80595779418945,7061
146.88714289665222,7060
146.97089171409607,7059
147.0548918247223,7058
147.14206886291504,7057
147.22552680969238,7056
147.30941033363342,7055
147.3963418006897,7054
147.48033118247986,7053
147.564373254776,7052
147.65488529205322,7051
147.7384581565857,7050
147.8217260837555,7049
210.53459525108337,7048
