0.49111485481262207,11260
0.6143488883972168,11259
0.7410123348236084,11258
0.8647212982177734,11257
0.9971075057983398,11256
1.1197409629821777,11255
1.25288724899292,11254
1.3581440448760986,11253
1.4531958103179932,11252
1.5456151962280273,11251
1.651611566543579,11250
1.7574682235717773,11249
1.8579752445220947,11248
1.9536290168762207,11247
2.046272039413452,11246
2.1397759914398193,11245
2.232856512069702,11244
2.3267879486083984,11243
2.419675588607788,11242
2.5112838745117188,11241
2.602708578109741,11240
2.6941661834716797,11239
2.7870121002197266,11238
2.880051374435425,11237
2.973564863204956,11236
3.0657196044921875,11235
3.157681703567505,11234
3.249185800552368,11233
3.3415303230285645,11232
3.433389186859131,11231
3.5244667530059814,11230
3.615689754486084,11229
3.70689058303833,11228
3.798175573348999,11227
3.891592502593994,11226
3.9850168228149414,11225
4.076965570449829,11224
4.16861367225647,11223
4.259877443313599,11222
4.351991415023804,11221
4.45188045501709,11220
4.54346776008606,11219
4.635304689407349,11218
4.727295875549316,11217
4.821253299713135,11216
4.913755893707275,11215
5.005661249160767,11214
5.09765625,11213
5.18938946723938,11212
5.28062105178833,11211
5.372318506240845,11210
5.4639503955841064,11209
5.555050611495972,11208
5.6463775634765625,11207
5.737617254257202,11206
5.828895330429077,11205
5.922767162322998,11204
6.015657901763916,11203
6.107607126235962,11202
6.1991636753082275,11201
6.29358172416687,11200
6.385449171066284,11199
6.476593732833862,11198
6.567779779434204,11197
6.658945322036743,11196
6.75031042098999,11195
6.8415915966033936,11194
6.93278431892395,11193
7.024614095687866,11192
7.116986513137817,11191
7.208237171173096,11190
7.300207138061523,11189
7.3923563957214355,11188
7.4840192794799805,11187
7.575234651565552,11186
7.669744253158569,11185
7.762242794036865,11184
7.853300094604492,11183
7.952259540557861,11182
8.050093650817871,11181
8.149757623672485,11180
8.242027044296265,11179
8.334035634994507,11178
8.425714492797852,11177
8.517000198364258,11176
8.608069658279419,11175
8.699519395828247,11174
8.790690660476685,11173
8.882187128067017,11172
8.97360348701477,11171
9.065943717956543,11170
9.16588282585144,11169
9.261626720428467,11168
9.354126214981079,11167
9.445953607559204,11166
9.537335872650146,11165
9.628600120544434,11164
9.720130443572998,11163
9.811750411987305,11162
9.903193473815918,11161
10.00434923171997,11160
10.105247497558594,11159
10.197957754135132,11158
10.289871215820312,11157
10.38173770904541,11156
10.473132371902466,11155
10.564862489700317,11154
10.656517744064331,11153
10.748045921325684,11152
10.839210271835327,11151
10.93059229850769,11150
11.022060632705688,11149
11.113761901855469,11148
11.206259727478027,11147
11.29858946800232,11146
11.390187978744507,11145
11.481483221054077,11144
11.57287073135376,11143
11.665966749191284,11142
11.75857925415039,11141
11.849811315536499,11140
11.94170093536377,11139
12.036303997039795,11138
12.127991676330566,11137
12.2192862033844,11136
12.311558246612549,11135
12.405071258544922,11134
12.496402025222778,11133
12.587462425231934,11132
12.685711145401001,11131
12.783631563186646,11130
12.87535047531128,11129
12.967085599899292,11128
13.058813571929932,11127
13.15056037902832,11126
13.242531061172485,11125
13.334210395812988,11124
13.42537808418274,11123
13.516496419906616,11122
13.614182472229004,11121
13.707018613815308,11120
13.798466682434082,11119
13.890114068984985,11118
13.985154867172241,11117
14.080714702606201,11116
14.174086093902588,11115
14.266205072402954,11114
14.358213663101196,11113
14.449512243270874,11112
14.540527105331421,11111
14.631524085998535,11110
14.723060131072998,11109
14.814262390136719,11108
14.905332088470459,11107
14.99704122543335,11106
15.088793516159058,11105
15.17981219291687,11104
15.270909309387207,11103
15.363035678863525,11102
15.4546480178833,11101
15.54595422744751,11100
15.637077331542969,11099
15.727980136871338,11098
15.818701267242432,11097
15.910118341445923,11096
16.003570795059204,11095
16.097524881362915,11094
16.188724517822266,11093
16.283098220825195,11092
16.375376224517822,11091
16.46694040298462,11090
16.55789613723755,11089
16.64875864982605,11088
16.739890575408936,11087
16.83072257041931,11086
16.921875,11085
17.01325035095215,11084
17.105311393737793,11083
17.196612119674683,11082
17.28820252418518,11081
17.382153034210205,11080
17.474519968032837,11079
17.56566834449768,11078
17.656548500061035,11077
17.74765181541443,11076
17.83839774131775,11075
17.92922878265381,11074
18.0204074382782,11073
18.11423659324646,11072
18.20607328414917,11071
18.297174215316772,11070
18.38865637779236,11069
18.47992467880249,11068
18.571120262145996,11067
18.662408113479614,11066
18.753801345825195,11065
18.844799280166626,11064
18.935933828353882,11063
19.027254104614258,11062
19.119749546051025,11061
19.216963529586792,11060
19.308983325958252,11059
19.40082025527954,11058
19.492286443710327,11057
19.58724308013916,11056
19.68707013130188,11055
19.780264377593994,11054
19.871967554092407,11053
19.963680505752563,11052
20.06097984313965,11051
20.165078163146973,11050
20.266200304031372,11049
20.35963201522827,11048
20.45132851600647,11047
20.54228138923645,11046
20.63326144218445,11045
20.72428321838379,11044
20.815393924713135,11043
20.906201601028442,11042
20.997279405593872,11041
21.09038805961609,11040
21.183454751968384,11039
21.276042222976685,11038
21.367512941360474,11037
21.458805084228516,11036
21.549744367599487,11035
21.640405416488647,11034
21.731271266937256,11033
21.822051763534546,11032
21.91303539276123,11031
22.00419306755066,11030
22.097082376480103,11029
22.190714359283447,11028
22.281992435455322,11027
22.373997449874878,11026
22.465123414993286,11025
22.555887937545776,11024
22.655237436294556,11023
22.752084255218506,11022
22.8433997631073,11021
22.93442988395691,11020
23.025678634643555,11019
23.117034912109375,11018
23.207886457443237,11017
23.299152135849,11016
23.39008092880249,11015
23.48114252090454,11014
23.57170033454895,11013
23.66231656074524,11012
23.762404680252075,11011
23.85801386833191,11010
23.951335191726685,11009
24.044397830963135,11008
24.13889503479004,11007
24.232794523239136,11006
24.325881958007812,11005
24.418264627456665,11004
24.512394666671753,11003
24.606477737426758,11002
24.70042634010315,11001
24.794695377349854,11000
24.887380361557007,10999
24.978890895843506,10998
25.07010793685913,10997
25.161285638809204,10996
25.252052783966064,10995
25.34339165687561,10994
25.434486865997314,10993
25.525108575820923,10992
25.615851640701294,10991
25.707186937332153,10990
25.797816514968872,10989
25.888619661331177,10988
25.979716300964355,10987
26.071093559265137,10986
26.163970232009888,10985
26.257495164871216,10984
26.351824283599854,10983
26.443039894104004,10982
26.534060955047607,10981
26.624651432037354,10980
26.715768814086914,10979
26.80651354789734,10978
26.897114992141724,10977
26.988277673721313,10976
27.07993769645691,10975
27.170949459075928,10974
27.262048959732056,10973
27.354533195495605,10972
27.447611570358276,10971
27.542551040649414,10970
27.636613368988037,10969
27.730507612228394,10968
27.824397325515747,10967
27.918458223342896,10966
28.010817289352417,10965
28.103487014770508,10964
28.19822669029236,10963
28.291548490524292,10962
28.382860898971558,10961
28.473968029022217,10960
28.564520120620728,10959
28.655173540115356,10958
28.745898246765137,10957
28.836467027664185,10956
28.92771577835083,10955
29.01842498779297,10954
29.10991597175598,10953
29.200688123703003,10952
29.291832447052002,10951
29.383023738861084,10950
29.47396755218506,10949
29.565772533416748,10948
29.656547784805298,10947
29.747421741485596,10946
29.837958574295044,10945
29.92896294593811,10944
