0.4726905822753906,8776
0.5699830055236816,8775
0.6648211479187012,8774
0.755098819732666,8773
0.8447976112365723,8772
0.9341657161712646,8771
1.023876667022705,8770
1.113574743270874,8769
1.2037014961242676,8768
1.2941985130310059,8767
1.3843104839324951,8766
1.4743239879608154,8765
1.563826322555542,8764
1.6539528369903564,8763
1.7437970638275146,8762
1.8335275650024414,8761
1.9232494831085205,8760
2.0132241249084473,8759
2.1030054092407227,8758
2.1931138038635254,8757
2.2832276821136475,8756
2.3732550144195557,8755
2.4631917476654053,8754
2.553145170211792,8753
2.6427950859069824,8752
2.7329273223876953,8751
2.8230843544006348,8750
2.913362979888916,8749
3.0035548210144043,8748
3.093524217605591,8747
3.1829702854156494,8746
3.2725160121917725,8745
3.362377166748047,8744
3.4518845081329346,8743
3.5411593914031982,8742
3.630869150161743,8741
3.720763683319092,8740
3.810511827468872,8739
3.900881290435791,8738
3.991053819656372,8737
4.081442832946777,8736
4.171471118927002,8735
4.261383771896362,8734
4.351849555969238,8733
4.441961288452148,8732
4.532161235809326,8731
4.622217655181885,8730
4.712544918060303,8729
4.802609443664551,8728
4.892864942550659,8727
4.982880353927612,8726
5.072916269302368,8725
5.163163900375366,8724
5.252977609634399,8723
5.34334921836853,8722
5.434116840362549,8721
5.524150609970093,8720
5.614152669906616,8719
5.7040932178497314,8718
5.794254541397095,8717
5.884463310241699,8716
5.974807262420654,8715
6.065307378768921,8714
6.155432939529419,8713
6.2456090450286865,8712
6.334185838699341,8711
6.421459674835205,8710
6.508793354034424,8709
6.596015691757202,8708
6.68335485458374,8707
6.770734071731567,8706
6.858179807662964,8705
6.945852041244507,8704
7.033534049987793,8703
7.121527433395386,8702
7.209378719329834,8701
7.297436237335205,8700
7.385118007659912,8699
7.472233772277832,8698
7.560107469558716,8697
7.648284912109375,8696
7.735461473464966,8695
7.823329925537109,8694
7.911275863647461,8693
7.999114274978638,8692
8.087099552154541,8691
8.175287961959839,8690
8.262557029724121,8689
8.350053071975708,8688
8.437622785568237,8687
8.525586366653442,8686
8.612878561019897,8685
8.70012640953064,8684
8.788111686706543,8683
8.876551628112793,8682
8.963545560836792,8681
9.050777196884155,8680
9.138040781021118,8679
9.22504186630249,8678
9.311973571777344,8677
9.39912748336792,8676
9.486074209213257,8675
9.573423862457275,8674
9.660400152206421,8673
9.7470862865448,8672
9.834172010421753,8671
9.920946836471558,8670
10.007581949234009,8669
10.093502521514893,8668
10.180164813995361,8667
10.26732587814331,8666
10.354193449020386,8665
10.441121339797974,8664
10.527921676635742,8663
10.614997863769531,8662
10.701807975769043,8661
10.788659811019897,8660
10.876038312911987,8659
10.96315336227417,8658
11.0501229763031,8657
11.138453245162964,8656
11.22611379623413,8655
11.312807559967041,8654
11.399312734603882,8653
11.485929727554321,8652
11.5725679397583,8651
11.65985107421875,8650
11.747387647628784,8649
11.834577322006226,8648
11.921136856079102,8647
12.007418155670166,8646
12.093488454818726,8645
12.179584503173828,8644
12.265798091888428,8643
12.351983785629272,8642
12.438297986984253,8641
12.52565312385559,8640
12.610061645507812,8639
12.697322845458984,8638
12.784220695495605,8637
12.870707035064697,8636
12.956860065460205,8635
13.04175877571106,8634
13.12654423713684,8633
13.211763381958008,8632
13.297983884811401,8631
13.384988069534302,8630
13.473758935928345,8629
13.561793088912964,8628
13.64784836769104,8627
13.733700513839722,8626
13.82015872001648,8625
13.906002283096313,8624
13.99353837966919,8623
14.082899808883667,8622
14.172402143478394,8621
14.26145339012146,8620
14.350784063339233,8619
14.439984321594238,8618
14.529892921447754,8617
14.619412899017334,8616
14.706031322479248,8615
14.792473793029785,8614
14.878454685211182,8613
14.964144468307495,8612
15.050171613693237,8611
15.137027025222778,8610
15.22390365600586,8609
15.310272216796875,8608
15.397295951843262,8607
15.484060764312744,8606
15.571120023727417,8605
15.657934665679932,8604
15.744194269180298,8603
15.829548120498657,8602
15.917518377304077,8601
16.00424885749817,8600
16.091725826263428,8599
16.177889108657837,8598
16.262858152389526,8597
16.34876036643982,8596
16.434738159179688,8595
16.5213782787323,8594
16.608850479125977,8593
16.697206497192383,8592
16.786045789718628,8591
16.874386072158813,8590
16.961531400680542,8589
17.04774570465088,8588
17.13438844680786,8587
17.220658540725708,8586
17.306939840316772,8585
17.393958806991577,8584
17.483057260513306,8583
17.572007656097412,8582
17.6613450050354,8581
17.750388383865356,8580
17.839760065078735,8579
17.929258823394775,8578
18.01858901977539,8577
18.10814666748047,8576
18.19786262512207,8575
18.285038232803345,8574
18.37113857269287,8573
18.457700967788696,8572
18.544211387634277,8571
18.630810022354126,8570
18.717536449432373,8569
18.803774118423462,8568
18.890257358551025,8567
18.977082014083862,8566
19.063456058502197,8565
19.149574279785156,8564
19.236096620559692,8563
19.322623252868652,8562
19.409431219100952,8561
19.49606227874756,8560
19.58163833618164,8559
19.669041872024536,8558
19.756775617599487,8557
19.843637228012085,8556
19.930363416671753,8555
20.016661405563354,8554
20.101664781570435,8553
20.187745809555054,8552
20.273066520690918,8551
20.35898756980896,8550
20.44648575782776,8549
20.534217834472656,8548
20.623284101486206,8547
20.71272301673889,8546
20.802316188812256,8545
20.89107394218445,8544
20.977588891983032,8543
21.063867568969727,8542
21.14977717399597,8541
21.23567509651184,8540
21.321510076522827,8539
21.409430265426636,8538
21.497364044189453,8537
21.585313081741333,8536
21.673293113708496,8535
21.760993480682373,8534
21.84888243675232,8533
21.936739206314087,8532
22.024229288101196,8531
22.110074758529663,8530
22.194934844970703,8529
22.279634952545166,8528
22.36484169960022,8527
22.449738025665283,8526
22.534300088882446,8525
22.61946702003479,8524
22.70446467399597,8523
22.790008306503296,8522
22.875723600387573,8521
22.96165442466736,8520
23.046409606933594,8519
23.131290912628174,8518
23.216928482055664,8517
23.302523612976074,8516
23.387964248657227,8515
23.473649501800537,8514
23.559191942214966,8513
23.64239239692688,8512
23.725773572921753,8511
23.80821657180786,8510
23.88875722885132,8509
23.97230100631714,8508
24.05666947364807,8507
24.142038822174072,8506
24.22824501991272,8505
24.314841747283936,8504
24.40216827392578,8503
24.490196466445923,8502
24.579033613204956,8501
24.667620182037354,8500
24.75472354888916,8499
24.840872287750244,8498
24.926635026931763,8497
25.01397442817688,8496
25.10180950164795,8495
25.18917727470398,8494
25.275713443756104,8493
25.36214804649353,8492
25.447558641433716,8491
25.534460067749023,8490
25.621013164520264,8489
25.705873727798462,8488
25.790004014968872,8487
25.875876426696777,8486
25.96207594871521,8485
26.047550439834595,8484
26.133503198623657,8483
26.21913743019104,8482
26.30478048324585,8481
26.39008069038391,8480
26.474592208862305,8479
26.559547901153564,8478
26.643479108810425,8477
26.727195739746094,8476
26.813013315200806,8475
26.896985292434692,8474
26.98336148262024,8473
27.0707950592041,8472
27.159382104873657,8471
27.24734878540039,8470
27.33632183074951,8469
27.425792455673218,8468
27.514755725860596,8467
27.60335421562195,8466
27.69552993774414,8465
27.782653331756592,8464
27.87051749229431,8463
27.95930576324463,8462
28.048076391220093,8461
28.13615655899048,8460
28.224520206451416,8459
28.311726808547974,8458
28.4001202583313,8457
28.48618245124817,8456
28.570791244506836,8455
28.656870365142822,8454
28.74419331550598,8453
28.831150770187378,8452
28.917937755584717,8451
29.00525212287903,8450
29.09145212173462,8449
29.176923990249634,8448
29.261412620544434,8447
29.346514463424683,8446
29.430320262908936,8445
29.51660466194153,8444
29.60287642478943,8443
29.689927339553833,8442
29.777283430099487,8441
29.8659987449646,8440
29.95456576347351,8439
30.043203830718994,8438
30.132593870162964,8437
30.22149419784546,8436
30.308894872665405,8435
30.396130084991455,8434
30.484216928482056,8433
30.572205543518066,8432
30.660720109939575,8431
30.746406078338623,8430
30.83033275604248,8429
30.917356967926025,8428
31.0047709941864,8427
31.09089469909668,8426
31.177932500839233,8425
31.264204740524292,8424
31.350074768066406,8423
31.435641050338745,8422
31.519463777542114,8421
31.60319995880127,8420
31.685925006866455,8419
31.77000141143799,8418
31.854840517044067,8417
31.939512252807617,8416
32.02571153640747,8415
32.11288285255432,8414
32.20060110092163,8413
32.287535429000854,8412
32.37505602836609,8411
32.46292686462402,8410
32.55106329917908,8409
32.639721393585205,8408
32.7284677028656,8407
32.81629037857056,8406
32.90414595603943,8405
32.99200654029846,8404
33.08033347129822,8403
33.16812825202942,8402
33.25351595878601,8401
33.33896088600159,8400
33.42524480819702,8399
33.511669397354126,8398
33.59686064720154,8397
33.68163585662842,8396
33.76655411720276,8395
33.85169506072998,8394
33.93618154525757,8393
34.020846366882324,8392
34.104464530944824,8391
34.18712544441223,8390
34.269994497299194,8389
34.3530170917511,8388
34.43589520454407,8387
34.52115178108215,8386
34.60650825500488,8385
34.69203495979309,8384
34.77832078933716,8383
34.86451292037964,8382
34.95287322998047,8381
35.04061436653137,8380
35.12785840034485,8379
35.213862895965576,8378
35.29959678649902,8377
35.38654327392578,8376
35.47337603569031,8375
35.56158375740051,8374
35.64647173881531,8373
35.728336334228516,8372
35.813084840774536,8371
35.89878606796265,8370
35.98418712615967,8369
36.06995487213135,8368
36.15448880195618,8367
36.2388117313385,8366
36.322120666503906,8365
36.405369997024536,8364
36.488858222961426,8363
36.57207942008972,8362
36.65643620491028,8361
36.74123549461365,8360
36.82368540763855,8359
36.908114194869995,8358
36.99368214607239,8357
37.08024048805237,8356
37.16677498817444,8355
37.2537055015564,8354
37.341246604919434,8353
37.428954124450684,8352
37.516911029815674,8351
37.60447382926941,8350
37.69092392921448,8349
37.77741003036499,8348
37.86357378959656,8347
37.94914126396179,8346
38.03514528274536,8345
38.12135887145996,8344
38.207245111465454,8343
38.293331146240234,8342
38.378851890563965,8341
38.464542388916016,8340
38.54978346824646,8339
38.63522148132324,8338
38.72088265419006,8337
38.80700635910034,8336
38.892704010009766,8335
38.97855019569397,8334
39.06423997879028,8333
39.14983797073364,8332
39.23617672920227,8331
39.32446622848511,8330
39.40942716598511,8329
39.49330425262451,8328
39.57754421234131,8327
39.661805152893066,8326
39.74557137489319,8325
39.829092502593994,8324
39.91255164146423,8323
39.99573993682861,8322
40.079333782196045,8321
40.16305613517761,8320
40.24618363380432,8319
40.32955026626587,8318
40.413548707962036,8317
40.49673295021057,8316
40.58049559593201,8315
40.667091608047485,8314
40.754050970077515,8313
40.84163475036621,8312
40.92962408065796,8311
41.0181028842926,8310
41.10593581199646,8309
41.193591594696045,8308
41.28117895126343,8307
41.368857622146606,8306
41.457037925720215,8305
41.54483962059021,8304
41.63296127319336,8303
41.72088098526001,8302
41.80850100517273,8301
41.89574909210205,8300
41.983211040496826,8299
42.0705668926239,8298
42.15820550918579,8297
42.245922327041626,8296
42.33398675918579,8295
42.42180037498474,8294
42.509790897369385,8293
42.59754180908203,8292
42.685325384140015,8291
42.77297282218933,8290
42.86084699630737,8289
42.9486927986145,8288
43.03649115562439,8287
43.12388300895691,8286
43.21179270744324,8285
43.299596309661865,8284
43.38749146461487,8283
43.475271701812744,8282
43.56296253204346,8281
43.65056920051575,8280
43.73791527748108,8279
43.82485818862915,8278
43.912490129470825,8277
44.00045108795166,8276
44.08818459510803,8275
44.17566776275635,8274
44.26300835609436,8273
44.3504056930542,8272
44.43783402442932,8271
44.52545380592346,8270
44.61312246322632,8269
44.70056700706482,8268
44.787864208221436,8267
44.87511324882507,8266
44.96245741844177,8265
45.049323320388794,8264
45.13660144805908,8263
45.223705768585205,8262
45.31102275848389,8261
45.39772415161133,8260
45.48479390144348,8259
45.57112669944763,8258
45.6583046913147,8257
45.745115756988525,8256
45.83146858215332,8255
45.91835260391235,8254
46.005738496780396,8253
46.092320919036865,8252
46.17867732048035,8251
46.26498198509216,8250
46.35201978683472,8249
46.438071727752686,8248
46.52398157119751,8247
46.609827756881714,8246
46.69615125656128,8245
46.78257131576538,8244
46.869065284729004,8243
46.95320463180542,8242
47.03751873970032,8241
47.121161699295044,8240
47.20495080947876,8239
47.28851008415222,8238
47.37290024757385,8237
47.45729875564575,8236
47.541220903396606,8235
47.62508296966553,8234
47.70864748954773,8233
47.79205322265625,8232
47.87565541267395,8231
47.9592924118042,8230
48.04358792304993,8229
48.127243995666504,8228
48.21115016937256,8227
48.294870376586914,8226
48.37849712371826,8225
48.46264314651489,8224
48.54759383201599,8223
48.63193368911743,8222
48.716477155685425,8221
48.80065107345581,8220
48.88505029678345,8219
48.96953725814819,8218
49.05531311035156,8217
49.14051580429077,8216
49.2258837223053,8215
49.31103205680847,8214
49.3982367515564,8213
49.4836106300354,8212
49.568684816360474,8211
49.653735637664795,8210
49.738733768463135,8209
49.82369565963745,8208
49.90892815589905,8207
49.99393153190613,8206
50.07909393310547,8205
50.16453146934509,8204
50.24971556663513,8203
50.33515691757202,8202
50.420644760131836,8201
50.50558638572693,8200
50.59125471115112,8199
50.67627954483032,8198
50.76111650466919,8197
50.845200538635254,8196
50.92840123176575,8195
51.01356267929077,8194
51.098546266555786,8193
51.18378520011902,8192
51.26894807815552,8191
51.35406851768494,8190
51.4390652179718,8189
51.52353286743164,8188
51.608304023742676,8187
51.69344615936279,8186
51.77764058113098,8185
51.86229944229126,8184
51.94758343696594,8183
52.032763957977295,8182
52.11768102645874,8181
52.20260691642761,8180
52.28781056404114,8179
52.373313188552856,8178
52.45869302749634,8177
52.544636249542236,8176
52.629470348358154,8175
52.71427869796753,8174
52.79869818687439,8173
52.883524656295776,8172
52.96843695640564,8171
53.05353546142578,8170
53.139917850494385,8169
53.225887298583984,8168
53.31294560432434,8167
53.39988708496094,8166
53.48669791221619,8165
53.57369136810303,8164
53.66099977493286,8163
53.7483127117157,8162
53.83549118041992,8161
53.922606229782104,8160
54.00994944572449,8159
54.09748029708862,8158
54.1847767829895,8157
54.27202916145325,8156
54.35943126678467,8155
54.446707010269165,8154
54.53349947929382,8153
54.62021327018738,8152
54.70714497566223,8151
54.79454565048218,8150
54.88191080093384,8149
54.96954107284546,8148
55.056620359420776,8147
55.144107818603516,8146
55.23137545585632,8145
55.31845045089722,8144
55.4056658744812,8143
55.49355149269104,8142
55.58119344711304,8141
55.66815900802612,8140
55.755425453186035,8139
55.842557191848755,8138
55.9293749332428,8137
56.01621890068054,8136
56.103435039520264,8135
56.19046640396118,8134
56.27704453468323,8133
56.364009380340576,8132
56.450921058654785,8131
56.53766465187073,8130
56.624672174453735,8129
56.71107482910156,8128
56.798078775405884,8127
56.88429284095764,8126
56.97132587432861,8125
57.05763792991638,8124
57.14421892166138,8123
57.23040413856506,8122
57.316760301589966,8121
57.403541803359985,8120
57.48956227302551,8119
57.575533866882324,8118
57.66192865371704,8117
57.748218297958374,8116
57.833882570266724,8115
57.9196937084198,8114
58.00605249404907,8113
58.09212064743042,8112
58.178175926208496,8111
58.264068365097046,8110
58.34983539581299,8109
58.43568778038025,8108
58.52171325683594,8107
58.607539892196655,8106
58.69353914260864,8105
58.78008556365967,8104
58.866034507751465,8103
58.95204043388367,8102
59.03871989250183,8101
59.12494516372681,8100
59.21074032783508,8099
59.29481601715088,8098
59.378382444381714,8097
59.46224808692932,8096
59.545273780822754,8095
59.629220962524414,8094
59.71255135536194,8093
59.79542064666748,8092
59.87853169441223,8091
59.961371421813965,8090
60.044153928756714,8089
60.12721848487854,8088
60.210535764694214,8087
60.29352164268494,8086
60.3767192363739,8085
60.45955729484558,8084
60.54374861717224,8083
60.627949953079224,8082
60.71238303184509,8081
60.79692316055298,8080
60.88165211677551,8079
60.966423749923706,8078
61.05114126205444,8077
61.13566207885742,8076
61.22031092643738,8075
61.3049418926239,8074
61.38960838317871,8073
61.47437930107117,8072
61.55909729003906,8071
61.64357924461365,8070
61.728585720062256,8069
61.81398916244507,8068
61.89873433113098,8067
61.98359274864197,8066
62.06807518005371,8065
62.15255904197693,8064
62.23696684837341,8063
62.32124590873718,8062
62.40575957298279,8061
62.49011301994324,8060
62.574275970458984,8059
62.65870022773743,8058
62.74306678771973,8057
62.82758641242981,8056
62.911880016326904,8055
62.996461153030396,8054
63.0800461769104,8053
63.16505837440491,8052
63.25014090538025,8051
63.33500385284424,8050
63.41995024681091,8049
63.50482654571533,8048
63.58906126022339,8047
63.67361783981323,8046
63.757914781570435,8045
63.84266901016235,8044
63.92753481864929,8043
64.01253271102905,8042
64.09713578224182,8041
64.18168187141418,8040
64.26602125167847,8039
64.35048413276672,8038
64.43506383895874,8037
64.52005386352539,8036
64.60470914840698,8035
64.68961477279663,8034
64.77440667152405,8033
64.85889434814453,8032
64.94347500801086,8031
65.02859425544739,8030
65.11332511901855,8029
65.19827270507812,8028
65.2832567691803,8027
65.36774039268494,8026
65.45163464546204,8025
65.53372883796692,8024
65.61813926696777,8023
65.70296669006348,8022
65.7872543334961,8021
65.87170433998108,8020
65.95514869689941,8019
66.03799867630005,8018
66.12087917327881,8017
66.20418119430542,8016
66.28831148147583,8015
66.37324571609497,8014
66.45886898040771,8013
66.54341459274292,8012
66.62662553787231,8011
66.71010684967041,8010
66.79389333724976,8009
66.87780714035034,8008
66.96351528167725,8007
67.05034828186035,8006
67.13687372207642,8005
67.22346806526184,8004
67.3101167678833,8003
67.39653253555298,8002
67.48309516906738,8001
67.56989574432373,8000
67.65424489974976,7999
67.73761296272278,7998
67.82080721855164,7997
67.9041817188263,7996
67.9879584312439,7995
68.07133316993713,7994
68.15482711791992,7993
68.23704123497009,7992
68.32103848457336,7991
68.40411233901978,7990
68.48708438873291,7989
68.56987142562866,7988
68.65254712104797,7987
68.7337875366211,7986
68.817227602005,7985
68.90066909790039,7984
68.98523664474487,7983
69.06699895858765,7982
69.14821290969849,7981
69.22982501983643,7980
69.3122329711914,7979
69.39381718635559,7978
69.47687697410583,7977
69.56101512908936,7976
69.64600348472595,7975
69.73005652427673,7974
69.81231546401978,7973
69.8950617313385,7972
69.9778048992157,7971
70.05865597724915,7970
70.14038014411926,7969
70.22187995910645,7968
70.30668091773987,7967
70.39194107055664,7966
70.47741913795471,7965
70.56262969970703,7964
70.64840054512024,7963
70.73379683494568,7962
70.81924676895142,7961
70.90520644187927,7960
70.99046301841736,7959
71.07561779022217,7958
71.16079831123352,7957
71.24417090415955,7956
71.32602381706238,7955
71.40779495239258,7954
71.4904432296753,7953
71.57211089134216,7952
71.65453600883484,7951
71.73737215995789,7950
71.81964087486267,7949
71.90200018882751,7948
71.98398613929749,7947
72.06647324562073,7946
72.1489086151123,7945
72.2316427230835,7944
72.31447339057922,7943
72.39827013015747,7942
72.48087644577026,7941
72.56370759010315,7940
72.64802169799805,7939
72.73259115219116,7938
72.81676483154297,7937
72.90118980407715,7936
72.985342502594,7935
73.06904292106628,7934
73.1523904800415,7933
73.23465704917908,7932
73.31608295440674,7931
73.39614391326904,7930
73.47878217697144,7929
73.56255793571472,7928
73.64744925498962,7927
73.73306941986084,7926
73.81901860237122,7925
73.90525388717651,7924
73.99149012565613,7923
74.07680487632751,7922
74.16023969650269,7921
74.24334406852722,7920
74.32615971565247,7919
74.40911722183228,7918
74.49208045005798,7917
74.5768826007843,7916
74.66247415542603,7915
74.74822640419006,7914
74.83393716812134,7913
74.92002844810486,7912
75.00530171394348,7911
75.09090757369995,7910
75.17610311508179,7909
75.2610878944397,7908
75.34669399261475,7907
75.43049669265747,7906
75.51424980163574,7905
75.59761500358582,7904
75.68049025535583,7903
75.76390266418457,7902
75.84708619117737,7901
75.9298267364502,7900
76.0131618976593,7899
76.096764087677,7898
76.18033814430237,7897
76.26361846923828,7896
76.34721899032593,7895
76.42945837974548,7894
76.5120358467102,7893
76.59619927406311,7892
76.68080115318298,7891
76.76532912254333,7890
76.84966588020325,7889
76.9333143234253,7888
77.01550960540771,7887
77.0975296497345,7886
77.17978882789612,7885
77.2602264881134,7884
77.34316611289978,7883
77.42705130577087,7882
77.5115659236908,7881
77.59668135643005,7880
77.6823194026947,7879
77.76804256439209,7878
77.85395908355713,7877
77.93967700004578,7876
78.02548384666443,7875
78.1104896068573,7874
78.19458484649658,7873
78.27866291999817,7872
78.36245536804199,7871
78.4483847618103,7870
78.53456735610962,7869
78.61891150474548,7868
78.70227932929993,7867
78.7856695652008,7866
78.86854338645935,7865
78.95297360420227,7864
79.03741216659546,7863
79.1188702583313,7862
79.20163583755493,7861
79.28618693351746,7860
79.3698320388794,7859
79.45321297645569,7858
79.53723549842834,7857
79.62058568000793,7856
79.70332717895508,7855
79.78452849388123,7854
79.86384963989258,7853
79.94465684890747,7852
80.02475142478943,7851
80.10716509819031,7850
80.1921763420105,7849
80.27591872215271,7848
80.36034369468689,7847
80.44488859176636,7846
80.52969574928284,7845
80.615061044693,7844
80.70085859298706,7843
80.78652048110962,7842
80.87029814720154,7841
80.95447301864624,7840
81.03929734230042,7839
81.12393498420715,7838
81.20917773246765,7837
81.29490375518799,7836
81.37878918647766,7835
81.46247100830078,7834
81.54619765281677,7833
81.62621188163757,7832
81.7052869796753,7831
81.78831434249878,7830
81.87275290489197,7829
81.95481395721436,7828
82.0376226902008,7827
82.11932873725891,7826
82.1993727684021,7825
82.27841639518738,7824
82.35630965232849,7823
82.4344756603241,7822
82.51381969451904,7821
82.59488463401794,7820
82.676748752594,7819
82.75983786582947,7818
82.84446430206299,7817
82.92917037010193,7816
83.01385617256165,7815
83.09880542755127,7814
83.18394446372986,7813
83.26900124549866,7812
83.35369682312012,7811
83.43780469894409,7810
83.5229799747467,7809
83.6077253818512,7808
83.69271802902222,7807
83.77664732933044,7806
83.8613760471344,7805
83.94382166862488,7804
84.02464890480042,7803
84.10736203193665,7802
84.1910195350647,7801
84.27433800697327,7800
84.35793995857239,7799
84.44182586669922,7798
84.52495765686035,7797
84.60730624198914,7796
84.68939709663391,7795
84.77131485939026,7794
84.85108947753906,7793
84.93336367607117,7792
85.0160403251648,7791
85.09975552558899,7790
85.18418335914612,7789
85.26882457733154,7788
85.35396885871887,7787
85.4393093585968,7786
85.52483105659485,7785
85.61056327819824,7784
85.69630765914917,7783
85.78081059455872,7782
85.86431813240051,7781
85.94698858261108,7780
86.0294406414032,7779
86.11233949661255,7778
86.1953604221344,7777
86.27823400497437,7776
86.36138439178467,7775
86.44420838356018,7774
86.52688145637512,7773
86.60980606079102,7772
86.69261360168457,7771
86.77564477920532,7770
86.8588879108429,7769
86.94190716743469,7768
87.02461242675781,7767
87.10727095603943,7766
87.19018912315369,7765
87.27451825141907,7764
87.36045145988464,7763
87.44257068634033,7762
87.5234625339508,7761
87.60409712791443,7760
87.6845953464508,7759
87.76543927192688,7758
87.84659171104431,7757
87.9271285533905,7756
88.00732922554016,7755
88.0870726108551,7754
88.16738724708557,7753
88.24761700630188,7752
88.32906746864319,7751
88.40999054908752,7750
88.4904088973999,7749
88.57036542892456,7748
88.65181803703308,7747
88.73571920394897,7746
88.8207061290741,7745
88.90590286254883,7744
88.99122595787048,7743
89.07648968696594,7742
89.16173315048218,7741
89.24689054489136,7740
89.33232069015503,7739
89.41789078712463,7738
89.50325798988342,7737
89.58857107162476,7736
89.67375564575195,7735
89.75894451141357,7734
89.84416818618774,7733
89.9293704032898,7732
90.01465320587158,7731
90.09965586662292,7730
90.18453574180603,7729
90.26952004432678,7728
90.35460662841797,7727
90.43981432914734,7726
90.52488327026367,7725
90.60983562469482,7724
90.69493627548218,7723
90.78000330924988,7722
90.86568856239319,7721
90.95086431503296,7720
91.03574275970459,7719
91.12040257453918,7718
91.2050268650055,7717
91.28978300094604,7716
91.37494683265686,7715
91.45999312400818,7714
91.54543805122375,7713
91.63019156455994,7712
91.71473050117493,7711
91.7992262840271,7710
91.88370847702026,7709
91.96832203865051,7708
92.05347013473511,7707
92.13799786567688,7706
92.22247004508972,7705
92.30695796012878,7704
92.39128398895264,7703
92.47587656974792,7702
92.56094193458557,7701
92.64533019065857,7700
92.72977209091187,7699
92.81420969963074,7698
92.8988766670227,7697
92.98327350616455,7696
93.06794571876526,7695
93.1529049873352,7694
93.23762702941895,7693
93.32164859771729,7692
93.40572261810303,7691
93.48992919921875,7690
93.57468008995056,7689
93.65855646133423,7688
93.74285054206848,7687
93.8275191783905,7686
93.91166520118713,7685
93.9957823753357,7684
94.07976150512695,7683
94.16427826881409,7682
94.24904561042786,7681
94.33394861221313,7680
94.4186179637909,7679
94.50325727462769,7678
94.58799958229065,7677
94.6725606918335,7676
94.75744152069092,7675
94.84155535697937,7674
94.92356967926025,7673
95.00543713569641,7672
95.08731722831726,7671
95.16904735565186,7670
95.25104212760925,7669
95.33290314674377,7668
95.41605806350708,7667
95.49794030189514,7666
95.57968235015869,7665
95.66182327270508,7664
95.74356603622437,7663
95.825204372406,7662
95.90706872940063,7661
95.98842906951904,7660
96.07024359703064,7659
96.15228247642517,7658
96.23472452163696,7657
96.31716513633728,7656
96.39952826499939,7655
96.48209309577942,7654
96.56482481956482,7653
96.64763140678406,7652
96.73032402992249,7651
96.81289434432983,7650
96.8952579498291,7649
96.97855257987976,7648
97.06162619590759,7647
97.14455366134644,7646
97.22749209403992,7645
97.31162667274475,7644
97.3949704170227,7643
97.4771499633789,7642
97.55962991714478,7641
97.64237999916077,7640
97.7256281375885,7639
97.8083484172821,7638
97.89074039459229,7637
97.97303080558777,7636
98.05527091026306,7635
98.13760542869568,7634
98.22044897079468,7633
98.30323219299316,7632
98.38565278053284,7631
98.46812534332275,7630
98.55072689056396,7629
98.63358616828918,7628
98.71655607223511,7627
98.7990345954895,7626
98.88169932365417,7625
98.96409869194031,7624
99.04632234573364,7623
99.12893104553223,7622
99.21160960197449,7621
99.2946264743805,7620
99.37729597091675,7619
99.45990061759949,7618
99.54255962371826,7617
99.62555885314941,7616
99.70766162872314,7615
99.7898998260498,7614
99.87286353111267,7613
99.9555459022522,7612
100.03795027732849,7611
100.12014484405518,7610
100.20277738571167,7609
100.28545832633972,7608
100.3683705329895,7607
100.45184707641602,7606
100.53452587127686,7605
100.61711025238037,7604
100.69965410232544,7603
100.78219246864319,7602
100.86497902870178,7601
100.94808602333069,7600
101.03180003166199,7599
101.11629128456116,7598
101.20088005065918,7597
101.285813331604,7596
101.37056636810303,7595
101.45512509346008,7594
101.53956508636475,7593
101.62375855445862,7592
101.7080500125885,7591
101.79297661781311,7590
101.87737035751343,7589
101.96157908439636,7588
102.04584574699402,7587
102.13053727149963,7586
102.21465802192688,7585
102.2991771697998,7584
102.38334441184998,7583
102.46756911277771,7582
102.55145120620728,7581
102.63570499420166,7580
102.7201943397522,7579
102.80504775047302,7578
102.88979411125183,7577
102.97424530982971,7576
103.0583655834198,7575
103.14273166656494,7574
103.22731614112854,7573
103.31174063682556,7572
103.39619898796082,7571
103.48072385787964,7570
103.56479597091675,7569
103.6487889289856,7568
103.73323512077332,7567
103.81794381141663,7566
103.90242171287537,7565
103.98679995536804,7564
104.07063746452332,7563
104.1546242237091,7562
104.23893594741821,7561
104.32273364067078,7560
104.40721917152405,7559
104.49154949188232,7558
104.57594466209412,7557
104.66075372695923,7556
104.74561715126038,7555
104.83056545257568,7554
104.91509675979614,7553
104.9991807937622,7552
105.08288764953613,7551
105.16695022583008,7550
105.25025272369385,7549
105.33369445800781,7548
105.41710138320923,7547
105.50069117546082,7546
105.5838041305542,7545
105.66715216636658,7544
105.75107002258301,7543
105.83443284034729,7542
105.91767072677612,7541
106.00119972229004,7540
106.08480930328369,7539
106.1688597202301,7538
106.25251388549805,7537
106.33674335479736,7536
106.42069172859192,7535
106.50461006164551,7534
106.58856296539307,7533
106.67302227020264,7532
106.75769352912903,7531
106.84144735336304,7530
106.92506122589111,7529
107.00881743431091,7528
107.09310507774353,7527
107.17672538757324,7526
107.25922274589539,7525
107.34105658531189,7524
107.42238855361938,7523
107.50371146202087,7522
107.58496761322021,7521
107.66620755195618,7520
107.7471854686737,7519
107.82849407196045,7518
107.90964651107788,7517
107.99098777770996,7516
108.0719404220581,7515
108.15299463272095,7514
108.23414444923401,7513
108.31573820114136,7512
108.39747619628906,7511
108.47927904129028,7510
108.56103658676147,7509
108.64274144172668,7508
108.72440934181213,7507
108.80632519721985,7506
108.88837051391602,7505
108.97015428543091,7504
109.05194211006165,7503
109.13338494300842,7502
109.21500182151794,7501
109.29670476913452,7500
109.37855362892151,7499
109.46068596839905,7498
109.54271697998047,7497
109.62452673912048,7496
109.70694589614868,7495
109.79027462005615,7494
109.87217974662781,7493
109.95403504371643,7492
110.03596568107605,7491
110.11818432807922,7490
110.20025491714478,7489
110.2823874950409,7488
110.36442017555237,7487
110.44645118713379,7486
110.52834916114807,7485
110.6099853515625,7484
110.69146275520325,7483
110.77293395996094,7482
110.85449552536011,7481
110.93624353408813,7480
111.0180869102478,7479
111.09886622428894,7478
111.18110728263855,7477
111.26298069953918,7476
111.34494423866272,7475
111.4272050857544,7474
111.50922727584839,7473
111.59091639518738,7472
111.67275404930115,7471
111.75424122810364,7470
111.83630204200745,7469
111.91827511787415,7468
112.00019025802612,7467
112.08245754241943,7466
112.16432332992554,7465
112.2462215423584,7464
112.32822322845459,7463
112.41050720214844,7462
112.49245023727417,7461
112.57420611381531,7460
112.65541911125183,7459
112.73682689666748,7458
112.81862020492554,7457
112.90063619613647,7456
112.98234176635742,7455
113.063960313797,7454
113.14543747901917,7453
113.22690963745117,7452
113.30880117416382,7451
113.39034056663513,7450
113.47112655639648,7449
113.55181670188904,7448
113.63320875167847,7447
113.71435546875,7446
113.79563784599304,7445
113.87707376480103,7444
113.95592737197876,7443
114.03319096565247,7442
114.11183595657349,7441
114.19214582443237,7440
114.27392411231995,7439
114.35640263557434,7438
114.43851065635681,7437
114.51997447013855,7436
114.60010409355164,7435
114.68020343780518,7434
114.76031160354614,7433
114.84041094779968,7432
114.92114567756653,7431
115.00445675849915,7430
115.08765053749084,7429
115.17099237442017,7428
115.2546501159668,7427
115.33830237388611,7426
115.4214723110199,7425
115.50550246238708,7424
115.58865928649902,7423
115.67205882072449,7422
115.75397992134094,7421
115.83420085906982,7420
115.91350173950195,7419
115.99335289001465,7418
116.07338905334473,7417
116.15428972244263,7416
116.2343385219574,7415
116.31379675865173,7414
116.39358949661255,7413
116.47296714782715,7412
116.55295634269714,7411
116.63269352912903,7410
116.71322178840637,7409
116.79306387901306,7408
116.87291836738586,7407
116.952561378479,7406
117.03275799751282,7405
117.11371493339539,7404
117.19394588470459,7403
117.27406883239746,7402
117.35306525230408,7401
117.43206191062927,7400
117.51215481758118,7399
117.5920639038086,7398
117.67246675491333,7397
117.75458550453186,7396
117.83748459815979,7395
117.92038154602051,7394
118.00285983085632,7393
118.0835268497467,7392
118.16305613517761,7391
118.24296927452087,7390
118.3225040435791,7389
118.40222072601318,7388
118.4831223487854,7387
118.56318664550781,7386
118.64524269104004,7385
118.72850942611694,7384
118.81194496154785,7383
118.89537596702576,7382
118.97848963737488,7381
119.0618724822998,7380
119.145254611969,7379
119.22841620445251,7378
119.31166887283325,7377
119.39505767822266,7376
119.47838306427002,7375
119.56158471107483,7374
119.64353942871094,7373
119.72373032569885,7372
119.80376482009888,7371
119.88339066505432,7370
119.96348905563354,7369
120.04420471191406,7368
120.12463355064392,7367
120.20488786697388,7366
120.28559565544128,7365
120.36621928215027,7364
120.4472725391388,7363
120.52792859077454,7362
120.60871839523315,7361
120.6894736289978,7360
120.77044987678528,7359
120.85143327713013,7358
120.93247818946838,7357
121.01220345497131,7356
121.08967518806458,7355
121.17096257209778,7354
121.25254154205322,7353
121.33434629440308,7352
121.41658639907837,7351
121.49743223190308,7350
121.57756447792053,7349
121.65662360191345,7348
121.73574376106262,7347
121.81589984893799,7346
121.89347505569458,7345
121.97349810600281,7344
122.05401301383972,7343
122.1362955570221,7342
122.21910858154297,7341
122.30225229263306,7340
122.38528299331665,7339
122.46895837783813,7338
122.55315017700195,7337
122.63476228713989,7336
122.71551179885864,7335
122.79586911201477,7334
122.87592959403992,7333
122.9561333656311,7332
123.03704166412354,7331
123.11982202529907,7330
123.20276069641113,7329
123.28544878959656,7328
123.36840462684631,7327
123.45121550559998,7326
123.53422999382019,7325
123.61706376075745,7324
123.69960880279541,7323
123.78030300140381,7322
123.86057806015015,7321
123.94085502624512,7320
124.02133893966675,7319
124.10182189941406,7318
124.18168115615845,7317
124.26149559020996,7316
124.34202480316162,7315
124.42276215553284,7314
124.5037305355072,7313
124.58445692062378,7312
124.66437673568726,7311
124.7443687915802,7310
124.82336282730103,7309
124.90489268302917,7308
124.98675322532654,7307
125.06811380386353,7306
125.14891171455383,7305
125.22933149337769,7304
125.30906271934509,7303
125.38830351829529,7302
125.4647331237793,7301
125.54353761672974,7300
125.62147641181946,7299
125.70093703269958,7298
125.78171920776367,7297
125.86299538612366,7296
125.94447255134583,7295
126.02578973770142,7294
126.1078097820282,7293
126.19037437438965,7292
126.27322244644165,7291
126.35614275932312,7290
126.43877482414246,7289
126.52034783363342,7288
126.60086798667908,7287
126.68158507347107,7286
126.76191234588623,7285
126.84228873252869,7284
126.92411828041077,7283
127.00623178482056,7282
127.0885157585144,7281
127.1698591709137,7280
127.25074505805969,7279
127.33102583885193,7278
127.4109239578247,7277
127.48999118804932,7276
127.57095456123352,7275
127.65178966522217,7274
127.73204255104065,7273
127.81077527999878,7272
127.88682556152344,7271
127.96686792373657,7270
128.04675769805908,7269
128.12716221809387,7268
128.20662784576416,7267
128.2881236076355,7266
128.36900734901428,7265
128.4492049217224,7264
128.5295286178589,7263
128.6099078655243,7262
128.68948221206665,7261
128.76947236061096,7260
128.84794092178345,7259
128.92428302764893,7258
129.00153923034668,7257
129.08085703849792,7256
129.16100907325745,7255
129.24133372306824,7254
129.32318902015686,7253
129.40520095825195,7252
129.48746585845947,7251
129.56974387168884,7250
129.6524474620819,7249
129.7353732585907,7248
129.81834411621094,7247
129.9011778831482,7246
129.98317646980286,7245
130.06321930885315,7244
130.14365792274475,7243
130.22415447235107,7242
130.30715131759644,7241
130.38800573349,7240
130.46842861175537,7239
130.5486810207367,7238
130.63055109977722,7237
130.71164178848267,7236
130.79113864898682,7235
130.8716766834259,7234
130.9532356262207,7233
131.0347228050232,7232
131.11493611335754,7231
131.1962218284607,7230
131.2768750190735,7229
131.35629534721375,7228
131.43486332893372,7227
131.51181411743164,7226
131.5902910232544,7225
131.66534185409546,7224
131.74399280548096,7223
131.82346153259277,7222
131.90399074554443,7221
131.98532629013062,7220
132.06659054756165,7219
132.14836263656616,7218
132.23054957389832,7217
132.31270289421082,7216
132.39502000808716,7215
132.47795963287354,7214
132.56148672103882,7213
132.6434063911438,7212
132.72550296783447,7211
132.80816912651062,7210
132.89095664024353,7209
132.9737994670868,7208
133.05678534507751,7207
133.139235496521,7206
133.22110795974731,7205
133.30284690856934,7204
133.3817322254181,7203
133.4602506160736,7202
133.54129362106323,7201
133.6225392818451,7200
133.70339274406433,7199
133.78466606140137,7198
133.86631417274475,7197
133.94691848754883,7196
134.02614378929138,7195
134.10438585281372,7194
134.18350172042847,7193
134.26141142845154,7192
134.3405168056488,7191
134.42083358764648,7190
134.50129652023315,7189
134.5820517539978,7188
134.66354274749756,7187
134.74536633491516,7186
134.82758951187134,7185
134.90967082977295,7184
134.99167394638062,7183
135.0741536617279,7182
135.15704369544983,7181
135.24032711982727,7180
135.3215992450714,7179
135.4016261100769,7178
135.48163104057312,7177
135.5619776248932,7176
135.64190816879272,7175
135.72174191474915,7174
135.80137085914612,7173
135.88099884986877,7172
135.96084785461426,7171
136.0409026145935,7170
136.1206133365631,7169
136.2005317211151,7168
136.28055500984192,7167
136.3598792552948,7166
136.4393265247345,7165
136.51899790763855,7164
136.59836959838867,7163
136.67775011062622,7162
136.7567639350891,7161
136.83769965171814,7160
136.91620254516602,7159
136.99224519729614,7158
137.0671989917755,7157
137.1414179801941,7156
137.21699690818787,7155
137.293949842453,7154
137.3701536655426,7153
137.44540929794312,7152
137.51969122886658,7151
137.59568119049072,7150
137.67815613746643,7149
137.75678753852844,7148
137.83383750915527,7147
137.91199469566345,7146
137.98791456222534,7145
138.06480383872986,7144
138.14244675636292,7143
138.21929240226746,7142
138.29543352127075,7141
138.37066864967346,7140
138.44882011413574,7139
138.52620601654053,7138
138.60326504707336,7137
138.67942762374878,7136
138.75469255447388,7135
138.8305525779724,7134
138.90742349624634,7133
138.98774194717407,7132
139.0693712234497,7131
139.15137434005737,7130
139.23320651054382,7129
139.31499600410461,7128
139.3975167274475,7127
139.48013877868652,7126
139.56266951560974,7125
139.64512872695923,7124
139.72759222984314,7123
139.81043195724487,7122
139.8931245803833,7121
139.97583389282227,7120
140.0578851699829,7119
140.13987040519714,7118
140.22232580184937,7117
140.30448603630066,7116
140.38668298721313,7115
140.46904754638672,7114
140.55156350135803,7113
140.6338894367218,7112
140.71613073349,7111
140.79834055900574,7110
140.88036823272705,7109
140.96266674995422,7108
141.04457902908325,7107
141.1269290447235,7106
141.2089409828186,7105
141.29090785980225,7104
141.3729796409607,7103
141.45453548431396,7102
141.53631782531738,7101
141.6181857585907,7100
141.70040774345398,7099
141.78281259536743,7098
141.8646364212036,7097
141.94658064842224,7096
142.02830505371094,7095
142.11040568351746,7094
142.19220900535583,7093
142.27404618263245,7092
142.3559112548828,7091
142.43803119659424,7090
142.51986169815063,7089
142.60172033309937,7088
142.68390345573425,7087
142.76624298095703,7086
142.8482346534729,7085
142.93020749092102,7084
143.012286901474,7083
143.0939221382141,7082
143.17582416534424,7081
143.25781655311584,7080
143.33995294570923,7079
143.42171621322632,7078
143.50352597236633,7077
143.58530640602112,7076
143.66690754890442,7075
143.7486855983734,7074
143.83047366142273,7073
143.91230583190918,7072
143.9941234588623,7071
144.0762152671814,7070
144.15782594680786,7069
144.24010252952576,7068
144.32245326042175,7067
144.40496039390564,7066
144.48743867874146,7065
144.56992840766907,7064
144.65229487419128,7063
144.734548330307,7062
144.81673526763916,7061
144.8989086151123,7060
144.98032116889954,7059
145.0600299835205,7058
145.13998222351074,7057
145.21990036964417,7056
145.304368019104,7055
145.38735270500183,7054
145.47021102905273,7053
145.55334281921387,7052
145.63646602630615,7051
145.7224850654602,7050
405.5753450393677,7049
