0.619858980178833,11260
0.761019229888916,11259
0.9014947414398193,11258
1.0423057079315186,11257
1.182612419128418,11256
1.321920394897461,11255
1.4604213237762451,11254
1.6004111766815186,11253
1.7406117916107178,11252
1.8811900615692139,11251
2.0226573944091797,11250
2.1601972579956055,11249
2.3009960651397705,11248
2.4396450519561768,11247
2.5804035663604736,11246
2.7203400135040283,11245
2.8617773056030273,11244
3.000307321548462,11243
3.14083194732666,11242
3.279322385787964,11241
3.420456647872925,11240
3.5613224506378174,11239
3.700683116912842,11238
3.840398073196411,11237
3.979856491088867,11236
4.119401454925537,11235
4.258819818496704,11234
4.398018836975098,11233
4.536842346191406,11232
4.676337003707886,11231
4.81437349319458,11230
4.954359531402588,11229
5.093480348587036,11228
5.233051776885986,11227
5.371813774108887,11226
5.509093999862671,11225
5.645367860794067,11224
5.782665014266968,11223
5.921883583068848,11222
6.058608531951904,11221
6.197296142578125,11220
6.332899808883667,11219
6.467299222946167,11218
6.601883888244629,11217
6.740904808044434,11216
6.877030849456787,11215
7.011471748352051,11214
7.146548271179199,11213
7.281958103179932,11212
7.416830539703369,11211
7.551348924636841,11210
7.686671018600464,11209
7.822806358337402,11208
7.956200361251831,11207
8.091580390930176,11206
8.229694366455078,11205
8.369767189025879,11204
8.50732970237732,11203
8.644898891448975,11202
8.782122611999512,11201
8.92002820968628,11200
9.0570809841156,11199
9.198443174362183,11198
9.337499380111694,11197
9.47819972038269,11196
9.615551710128784,11195
9.756601572036743,11194
9.896422863006592,11193
10.037768840789795,11192
10.177202939987183,11191
10.318237066268921,11190
10.454662561416626,11189
10.595165014266968,11188
10.735090255737305,11187
10.875861406326294,11186
11.01625370979309,11185
11.15553331375122,11184
11.29443883895874,11183
11.433985471725464,11182
11.573238611221313,11181
11.714223623275757,11180
11.855493068695068,11179
11.993149042129517,11178
12.133804321289062,11177
12.27210021018982,11176
12.41245985031128,11175
12.552652835845947,11174
12.69709300994873,11173
12.845748662948608,11172
12.995384216308594,11171
13.144117593765259,11170
13.293359756469727,11169
13.437730312347412,11168
13.581573486328125,11167
13.726029872894287,11166
13.868961572647095,11165
14.013380289077759,11164
14.15676236152649,11163
14.301021099090576,11162
14.44483208656311,11161
14.589078426361084,11160
14.731980800628662,11159
14.876416206359863,11158
15.019281148910522,11157
15.163906574249268,11156
15.30748701095581,11155
15.451058387756348,11154
15.59603476524353,11153
15.739399671554565,11152
15.88530445098877,11151
16.028171062469482,11150
16.17095136642456,11149
16.31357979774475,11148
16.456299781799316,11147
16.59856605529785,11146
16.741654634475708,11145
16.88307809829712,11144
17.02461338043213,11143
17.165727138519287,11142
17.307063817977905,11141
17.447930097579956,11140
17.59017014503479,11139
17.731085300445557,11138
17.871877431869507,11137
18.01262617111206,11136
18.153061151504517,11135
18.29451608657837,11134
18.43635392189026,11133
18.578787326812744,11132
18.720937728881836,11131
18.863242387771606,11130
19.00594925880432,11129
19.148410081863403,11128
19.289947032928467,11127
19.430989265441895,11126
19.576619863510132,11125
19.72417116165161,11124
19.87206745147705,11123
20.019819498062134,11122
20.16824960708618,11121
20.317139863967896,11120
20.464832305908203,11119
20.614325523376465,11118
20.762889862060547,11117
20.91203022003174,11116
21.060790061950684,11115
21.209742784500122,11114
21.35818386077881,11113
21.506906270980835,11112
21.655720710754395,11111
21.804752826690674,11110
21.95381212234497,11109
22.102888107299805,11108
22.251915454864502,11107
22.39988422393799,11106
22.549158811569214,11105
22.697336673736572,11104
22.846524715423584,11103
22.995466709136963,11102
23.144014358520508,11101
23.29287552833557,11100
23.441330671310425,11099
23.589797019958496,11098
23.738495588302612,11097
23.887239456176758,11096
24.036091566085815,11095
24.18538999557495,11094
24.33313488960266,11093
24.482378721237183,11092
24.630617380142212,11091
24.779781818389893,11090
24.928837776184082,11089
25.077174186706543,11088
25.22631597518921,11087
25.372092723846436,11086
25.516419410705566,11085
25.659255981445312,11084
25.803473949432373,11083
25.94683313369751,11082
26.090717315673828,11081
26.233393669128418,11080
26.376861810684204,11079
26.51942276954651,11078
26.662874698638916,11077
26.806647062301636,11076
26.949257373809814,11075
27.09280252456665,11074
27.235074043273926,11073
27.378314971923828,11072
27.520553827285767,11071
27.66303586959839,11070
27.80686616897583,11069
27.950343370437622,11068
28.092808723449707,11067
28.234944820404053,11066
28.376330375671387,11065
28.518001556396484,11064
28.659291982650757,11063
28.801186561584473,11062
28.941814184188843,11061
29.08202338218689,11060
29.223612070083618,11059
29.364622831344604,11058
29.505775451660156,11057
29.64705467224121,11056
29.788803577423096,11055
29.9298894405365,11054
30.072158098220825,11053
30.213451385498047,11052
30.354933261871338,11051
30.496487617492676,11050
30.638503313064575,11049
30.779969692230225,11048
30.920297861099243,11047
31.061310291290283,11046
31.202330112457275,11045
31.344533920288086,11044
31.486781358718872,11043
31.62900948524475,11042
31.771754026412964,11041
31.913927793502808,11040
32.05305361747742,11039
32.193756341934204,11038
32.33874034881592,11037
32.48631048202515,11036
32.63000702857971,11035
32.77745485305786,11034
32.924538135528564,11033
33.067469358444214,11032
33.21087670326233,11031
33.35376501083374,11030
33.495094537734985,11029
33.63580560684204,11028
33.78212904930115,11027
33.92752194404602,11026
34.072675704956055,11025
34.220747232437134,11024
34.36638927459717,11023
34.510191917419434,11022
34.65266823768616,11021
34.79397201538086,11020
34.93338084220886,11019
35.07555150985718,11018
35.22260761260986,11017
35.37053346633911,11016
35.51635670661926,11015
35.6648268699646,11014
35.806779861450195,11013
35.950541496276855,11012
36.0927619934082,11011
36.234766244888306,11010
36.38060450553894,11009
36.5266752243042,11008
36.67308044433594,11007
36.81974244117737,11006
36.96721386909485,11005
37.110142946243286,11004
37.25349760055542,11003
37.39540147781372,11002
37.53476881980896,11001
37.678159952163696,11000
37.82386922836304,10999
37.97069835662842,10998
38.11827516555786,10997
38.26537537574768,10996
38.408008337020874,10995
38.55121636390686,10994
38.691922664642334,10993
38.832475900650024,10992
38.979345083236694,10991
39.125590562820435,10990
39.270638942718506,10989
39.41823935508728,10988
39.55937361717224,10987
39.70179295539856,10986
39.84248757362366,10985
39.98254609107971,10984
40.121036529541016,10983
40.26431083679199,10982
40.41030311584473,10981
40.55217266082764,10980
40.698140144348145,10979
40.84029150009155,10978
40.98150300979614,10977
41.12197184562683,10976
41.2578911781311,10975
41.396655321121216,10974
41.54102396965027,10973
41.68580603599548,10972
41.828808307647705,10971
41.97560143470764,10970
42.11503863334656,10969
42.25577354431152,10968
42.39424991607666,10967
42.53271842002869,10966
42.672040939331055,10965
42.81535983085632,10964
42.96061110496521,10963
43.10420083999634,10962
43.24480104446411,10961
43.3867347240448,10960
43.52900433540344,10959
43.67206597328186,10958
43.81476879119873,10957
43.95817947387695,10956
44.10055994987488,10955
44.243955850601196,10954
44.39002966880798,10953
44.53268122673035,10952
44.671356439590454,10951
44.81139802932739,10950
44.95072960853577,10949
45.090895891189575,10948
45.22880935668945,10947
45.36841630935669,10946
45.50732493400574,10945
45.64765810966492,10944
45.79472231864929,10943
45.94286584854126,10942
46.091367959976196,10941
46.23908996582031,10940
46.38779401779175,10939
46.53602433204651,10938
46.684507608413696,10937
46.832422494888306,10936
46.9811327457428,10935
47.12868547439575,10934
47.27703380584717,10933
47.42499279975891,10932
47.57343554496765,10931
47.72182011604309,10930
47.869611978530884,10929
48.018213748931885,10928
48.16505241394043,10927
48.31370568275452,10926
48.461708545684814,10925
48.6098518371582,10924
48.758246660232544,10923
48.905871629714966,10922
49.05427145957947,10921
49.20173716545105,10920
49.35062885284424,10919
49.4986355304718,10918
49.64670276641846,10917
49.79425096511841,10916
49.942084550857544,10915
