0.47654056549072266,8776
0.5679917335510254,8775
0.6582262516021729,8774
0.7489087581634521,8773
0.8392519950866699,8772
0.9299917221069336,8771
1.0202643871307373,8770
1.109142780303955,8769
1.196756362915039,8768
1.2846415042877197,8767
1.3721652030944824,8766
1.4599025249481201,8765
1.5472793579101562,8764
1.6345641613006592,8763
1.7220044136047363,8762
1.8093526363372803,8761
1.8967750072479248,8760
1.9841127395629883,8759
2.0714128017425537,8758
2.156813621520996,8757
2.2436118125915527,8756
2.330369472503662,8755
2.4173622131347656,8754
2.5042784214019775,8753
2.590953826904297,8752
2.677441358566284,8751
2.764193534851074,8750
2.8511199951171875,8749
2.9380452632904053,8748
3.024876356124878,8747
3.11171555519104,8746
3.1985132694244385,8745
3.287631034851074,8744
3.374765634536743,8743
3.461825370788574,8742
3.548523187637329,8741
3.635425329208374,8740
3.7223000526428223,8739
3.8089311122894287,8738
3.895965576171875,8737
3.9827747344970703,8736
4.069379806518555,8735
4.156027793884277,8734
4.242812871932983,8733
4.329830169677734,8732
4.4196555614471436,8731
4.507301092147827,8730
4.591164827346802,8729
4.676177501678467,8728
4.764033079147339,8727
4.8515074253082275,8726
4.938830137252808,8725
5.026041030883789,8724
5.113377094268799,8723
5.20095419883728,8722
5.288134813308716,8721
5.374095439910889,8720
5.459626913070679,8719
5.5468785762786865,8718
5.63432502746582,8717
5.721407413482666,8716
5.808349609375,8715
5.895378828048706,8714
5.98259711265564,8713
6.07041335105896,8712
6.157649993896484,8711
6.245066404342651,8710
6.332146167755127,8709
6.419260263442993,8708
6.506350040435791,8707
6.5948755741119385,8706
6.684518814086914,8705
6.775344610214233,8704
6.866270542144775,8703
6.956807613372803,8702
7.0475170612335205,8701
7.138175964355469,8700
7.228661298751831,8699
7.319281816482544,8698
7.409783363342285,8697
7.500302791595459,8696
7.590802431106567,8695
7.681612730026245,8694
7.772085189819336,8693
7.862522840499878,8692
7.95316219329834,8691
8.043776512145996,8690
8.134451627731323,8689
8.22526502609253,8688
8.315966844558716,8687
8.406376838684082,8686
8.49689769744873,8685
8.587242126464844,8684
8.677817344665527,8683
8.768530368804932,8682
8.85889482498169,8681
8.949146747589111,8680
9.039671659469604,8679
9.130004644393921,8678
9.220318078994751,8677
9.310814380645752,8676
9.402591466903687,8675
9.493238925933838,8674
9.584167242050171,8673
9.675172090530396,8672
9.765891551971436,8671
9.85706353187561,8670
9.947352170944214,8669
10.037402391433716,8668
10.127723693847656,8667
10.218063831329346,8666
10.30791687965393,8665
10.39730167388916,8664
10.48660945892334,8663
10.576324224472046,8662
10.666583061218262,8661
10.75702428817749,8660
10.847140789031982,8659
10.937264204025269,8658
11.027637720108032,8657
11.118032932281494,8656
11.208056688308716,8655
11.298542022705078,8654
11.389231204986572,8653
11.47971487045288,8652
11.570247650146484,8651
11.660319089889526,8650
11.748639106750488,8649
11.835638761520386,8648
11.923238039016724,8647
12.010828495025635,8646
12.097709894180298,8645
12.184417724609375,8644
12.271478176116943,8643
12.358500242233276,8642
12.44548487663269,8641
12.53256607055664,8640
12.619577407836914,8639
12.70636773109436,8638
12.791885614395142,8637
12.878254890441895,8636
12.964655637741089,8635
13.050886869430542,8634
13.136939287185669,8633
13.22307300567627,8632
13.308956146240234,8631
13.395221948623657,8630
13.48153042793274,8629
13.567678451538086,8628
13.65374231338501,8627
13.740151405334473,8626
13.826218843460083,8625
13.915065288543701,8624
14.001871585845947,8623
14.088150978088379,8622
14.174211263656616,8621
14.260483264923096,8620
14.34650731086731,8619
14.435106992721558,8618
14.521124839782715,8617
14.60716199874878,8616
14.693150043487549,8615
14.779539585113525,8614
14.86579442024231,8613
14.951943397521973,8612
15.037774801254272,8611
15.118638038635254,8610
15.205398321151733,8609
15.291947603225708,8608
15.377838134765625,8607
15.46398639678955,8606
15.550090551376343,8605
15.636223554611206,8604
15.722350835800171,8603
15.808611154556274,8602
15.894911050796509,8601
15.980918645858765,8600
16.066880464553833,8599
16.153383016586304,8598
16.23884415626526,8597
16.32521367073059,8596
16.411619186401367,8595
16.497897148132324,8594
16.584363222122192,8593
16.670726776123047,8592
16.75706434249878,8591
16.843551874160767,8590
16.929798126220703,8589
17.015820503234863,8588
17.10210371017456,8587
17.188495635986328,8586
17.272863626480103,8585
17.356687784194946,8584
17.44278907775879,8583
17.528565645217896,8582
17.61480736732483,8581
17.700518369674683,8580
17.78524351119995,8579
17.868812322616577,8578
17.95319414138794,8577
18.037442922592163,8576
18.122942209243774,8575
18.210516452789307,8574
18.297837257385254,8573
18.38397717475891,8572
18.470075368881226,8571
18.55580449104309,8570
18.641834020614624,8569
18.727668046951294,8568
18.813389778137207,8567
18.899141788482666,8566
18.984684705734253,8565
19.07058572769165,8564
19.156471014022827,8563
19.24263906478882,8562
19.329176425933838,8561
19.417170524597168,8560
19.50647282600403,8559
19.594707489013672,8558
19.684060096740723,8557
19.773535013198853,8556
19.862768411636353,8555
19.952138662338257,8554
20.041626453399658,8553
20.131216526031494,8552
20.220622777938843,8551
20.310319900512695,8550
20.399596691131592,8549
20.489099979400635,8548
20.578436136245728,8547
20.667994022369385,8546
20.75733208656311,8545
20.846625089645386,8544
20.93599843978882,8543
21.025165796279907,8542
21.11483097076416,8541
21.2042236328125,8540
21.29400324821472,8539
21.383131742477417,8538
21.472744703292847,8537
21.56189203262329,8536
21.651598691940308,8535
21.740813970565796,8534
21.83019185066223,8533
21.919426679611206,8532
22.008748531341553,8531
22.09821105003357,8530
22.187172412872314,8529
22.27657437324524,8528
22.365936040878296,8527
22.455390691757202,8526
22.544437170028687,8525
22.633826732635498,8524
22.72314476966858,8523
22.812679767608643,8522
22.90196132659912,8521
22.990602493286133,8520
23.079847812652588,8519
23.16892385482788,8518
23.2572603225708,8517
23.343481302261353,8516
23.42963719367981,8515
23.515666246414185,8514
23.601913690567017,8513
23.687841415405273,8512
23.774012088775635,8511
23.8601393699646,8510
23.946248292922974,8509
24.032602787017822,8508
24.118677377700806,8507
24.204712867736816,8506
24.289989233016968,8505
24.378934144973755,8504
24.47087001800537,8503
24.560837268829346,8502
24.650798559188843,8501
24.74094867706299,8500
24.83105707168579,8499
24.92154359817505,8498
25.011971712112427,8497
25.101877212524414,8496
25.191853284835815,8495
25.284534215927124,8494
25.374199867248535,8493
25.464262008666992,8492
25.553906202316284,8491
25.643532514572144,8490
25.73349952697754,8489
25.823272943496704,8488
25.91323208808899,8487
26.002769947052002,8486
26.09265398979187,8485
26.182369709014893,8484
26.27239418029785,8483
26.362228631973267,8482
26.452118158340454,8481
26.542170524597168,8480
26.631786584854126,8479
26.72162175178528,8478
26.811368227005005,8477
26.901054620742798,8476
26.99113130569458,8475
27.080913543701172,8474
27.17067575454712,8473
27.26021909713745,8472
27.349793195724487,8471
27.437652111053467,8470
27.523661851882935,8469
27.609859466552734,8468
27.69592571258545,8467
27.781805992126465,8466
27.867977380752563,8465
27.954062700271606,8464
28.040236711502075,8463
28.126240491867065,8462
28.212350368499756,8461
28.29853343963623,8460
28.38447904586792,8459
28.470306634902954,8458
28.560026168823242,8457
28.64948344230652,8456
28.73921275138855,8455
28.828776836395264,8454
28.918509244918823,8453
29.008220195770264,8452
29.097901105880737,8451
29.18767762184143,8450
29.27739715576172,8449
29.367180347442627,8448
29.458112001419067,8447
29.54807138442993,8446
29.637842655181885,8445
29.727620601654053,8444
29.817261695861816,8443
29.907384395599365,8442
29.997332334518433,8441
30.087380409240723,8440
30.177422523498535,8439
30.267239570617676,8438
30.357166290283203,8437
30.44706082344055,8436
30.536157846450806,8435
30.62515163421631,8434
30.71450424194336,8433
30.80329132080078,8432
30.892459869384766,8431
30.98148274421692,8430
31.070472955703735,8429
31.1595938205719,8428
31.248822450637817,8427
31.33777904510498,8426
31.426961183547974,8425
31.515804529190063,8424
31.6050226688385,8423
31.693795204162598,8422
31.78283429145813,8421
31.868937253952026,8420
31.95478630065918,8419
32.04080152511597,8418
32.12674283981323,8417
32.21268367767334,8416
32.2985999584198,8415
32.384414196014404,8414
32.47024416923523,8413
32.55608868598938,8412
32.641929149627686,8411
32.72780799865723,8410
32.81359052658081,8409
32.89964413642883,8408
32.98798155784607,8407
33.07651162147522,8406
33.16551971435547,8405
33.254313707351685,8404
33.34330940246582,8403
33.432387351989746,8402
33.52104997634888,8401
33.6099214553833,8400
33.698798179626465,8399
33.78775429725647,8398
33.87626004219055,8397
33.96532726287842,8396
34.05419421195984,8395
34.14305782318115,8394
34.232017278671265,8393
34.32066035270691,8392
34.41215205192566,8391
34.50099015235901,8390
34.589943170547485,8389
34.67841601371765,8388
34.76727080345154,8387
34.855774879455566,8386
34.94446039199829,8385
35.03329086303711,8384
35.12187600135803,8383
35.210715770721436,8382
35.29944348335266,8381
35.3879873752594,8380
35.476807594299316,8379
35.56531834602356,8378
35.654205560684204,8377
35.74322319030762,8376
35.832417488098145,8375
35.92169213294983,8374
36.010767221450806,8373
36.1000702381134,8372
36.18940043449402,8371
36.27853298187256,8370
36.36783242225647,8369
36.45676064491272,8368
36.54227590560913,8367
36.62772178649902,8366
36.71323275566101,8365
36.79880475997925,8364
36.88415765762329,8363
36.96986961364746,8362
37.055481910705566,8361
37.14089584350586,8360
37.22638010978699,8359
37.31203317642212,8358
37.397289514541626,8357
37.48275375366211,8356
37.57146191596985,8355
37.659764766693115,8354
37.74898147583008,8353
37.8381187915802,8352
37.927388191223145,8351
38.01642441749573,8350
38.10534715652466,8349
38.19475722312927,8348
38.283785581588745,8347
38.37270545959473,8346
38.46177840232849,8345
38.5508086681366,8344
38.639920473098755,8343
38.72899842262268,8342
38.81804847717285,8341
38.90693235397339,8340
38.9961793422699,8339
39.08514404296875,8338
39.174227237701416,8337
39.26316213607788,8336
39.35198521614075,8335
39.44220590591431,8334
39.531057596206665,8333
39.620049476623535,8332
39.70922636985779,8331
39.79806113243103,8330
39.886993646621704,8329
39.97578692436218,8328
40.06448268890381,8327
40.15323543548584,8326
40.242122650146484,8325
40.330806732177734,8324
40.41968393325806,8323
40.508493423461914,8322
40.59650206565857,8321
40.681610345840454,8320
40.766669511795044,8319
40.85186505317688,8318
40.93675494194031,8317
41.021950006484985,8316
41.10711908340454,8315
41.192116260528564,8314
41.277430057525635,8313
41.36249041557312,8312
41.44771432876587,8311
41.533063888549805,8310
41.61804389953613,8309
41.70512628555298,8308
41.793128490448,8307
41.881816387176514,8306
41.97064161300659,8305
42.05929398536682,8304
42.148305892944336,8303
42.235605239868164,8302
42.3243465423584,8301
42.41305494308472,8300
42.50138783454895,8299
42.58993649482727,8298
42.67865180969238,8297
42.7676100730896,8296
42.856401443481445,8295
42.9451687335968,8294
43.03394103050232,8293
43.12210488319397,8292
43.2095251083374,8291
43.2969810962677,8290
43.38532209396362,8289
43.47391939163208,8288
43.56156134605408,8287
43.64972257614136,8286
43.738097190856934,8285
43.82642960548401,8284
43.91514205932617,8283
44.00369644165039,8282
44.09200119972229,8281
44.18097114562988,8280
44.26951718330383,8279
44.35813236236572,8278
44.4497275352478,8277
44.53815174102783,8276
44.62575840950012,8275
44.71357488632202,8274
44.801034688949585,8273
44.88926148414612,8272
44.97745418548584,8271
45.06322360038757,8270
45.14815378189087,8269
45.233123540878296,8268
45.31797242164612,8267
45.40294671058655,8266
45.48776435852051,8265
45.57274270057678,8264
45.65756368637085,8263
45.74226188659668,8262
45.82747292518616,8261
45.91255712509155,8260
45.99746108055115,8259
46.08253335952759,8258
46.17011046409607,8257
46.25781989097595,8256
46.34590673446655,8255
46.43421506881714,8254
46.522160053253174,8253
46.61024522781372,8252
46.698498010635376,8251
46.786924839019775,8250
46.87550687789917,8249
46.963862657547,8248
47.05177974700928,8247
47.1399872303009,8246
47.228594064712524,8245
47.31563448905945,8244
47.40426063537598,8243
47.49241018295288,8242
47.57994079589844,8241
47.66788697242737,8240
47.75486445426941,8239
47.842833518981934,8238
47.930949449539185,8237
48.01906418800354,8236
48.10685753822327,8235
48.194868326187134,8234
48.28313136100769,8233
48.371521949768066,8232
48.45999240875244,8231
48.54843807220459,8230
48.636595249176025,8229
48.72483563423157,8228
48.8134663105011,8227
48.90181040763855,8226
48.99051094055176,8225
49.078490257263184,8224
49.165871143341064,8223
49.25323534011841,8222
49.34068965911865,8221
49.429680824279785,8220
49.51620078086853,8219
49.6006498336792,8218
49.68538856506348,8217
49.77000284194946,8216
49.85453939437866,8215
49.93918418884277,8214
50.023887157440186,8213
50.10851216316223,8212
50.19320583343506,8211
50.27779936790466,8210
50.36258840560913,8209
50.44745492935181,8208
50.53189492225647,8207
50.620853662490845,8206
50.70895218849182,8205
50.79673099517822,8204
50.884440898895264,8203
50.972088098526,8202
51.059520959854126,8201
51.14696145057678,8200
51.234408378601074,8199
51.322041273117065,8198
51.40967512130737,8197
51.49765133857727,8196
51.58283758163452,8195
51.669843435287476,8194
51.75697064399719,8193
51.844746112823486,8192
51.93227672576904,8191
52.01981592178345,8190
52.10716438293457,8189
52.194692850112915,8188
52.28205919265747,8187
52.36960458755493,8186
52.45712637901306,8185
52.544644594192505,8184
52.632468700408936,8183
52.72020101547241,8182
52.80790638923645,8181
52.895493268966675,8180
52.98269438743591,8179
53.07032918930054,8178
53.15783190727234,8177
53.24547863006592,8176
53.332818269729614,8175
53.42034101486206,8174
53.50807285308838,8173
53.595717668533325,8172
53.68334603309631,8171
53.77097535133362,8170
53.85838270187378,8169
53.945955991744995,8168
54.03426241874695,8167
54.12231397628784,8166
54.210373401641846,8165
54.297489404678345,8164
54.38190269470215,8163
54.46872019767761,8162
54.553046226501465,8161
54.637566804885864,8160
54.72213578224182,8159
54.80657505989075,8158
54.890986919403076,8157
54.97549033164978,8156
55.059757471084595,8155
55.144230127334595,8154
55.22870683670044,8153
55.31287693977356,8152
55.39991736412048,8151
55.48604869842529,8150
55.5736939907074,8149
55.661083698272705,8148
55.74829864501953,8147
55.83573603630066,8146
55.92287492752075,8145
56.01021146774292,8144
56.09727954864502,8143
56.18483018875122,8142
56.27258348464966,8141
56.35985040664673,8140
56.44730186462402,8139
56.53473353385925,8138
56.62194299697876,8137
56.70933532714844,8136
56.79651236534119,8135
56.88363575935364,8134
56.97112226486206,8133
57.05829739570618,8132
57.1457405090332,8131
57.232959032058716,8130
57.320308208465576,8129
57.407660484313965,8128
57.49512839317322,8127
57.582462787628174,8126
57.66982340812683,8125
57.75727677345276,8124
57.84455347061157,8123
57.93190884590149,8122
58.019203424453735,8121
58.10653758049011,8120
58.19369292259216,8119
58.281376123428345,8118
58.368816614151,8117
58.45660901069641,8116
58.54437327384949,8115
58.631617069244385,8114
58.719507932662964,8113
58.807331562042236,8112
58.89520812034607,8111
58.98322415351868,8110
59.06834053993225,8109
59.1526153087616,8108
59.23694705963135,8107
59.3212194442749,8106
59.40652799606323,8105
59.49088191986084,8104
59.57504725456238,8103
59.65928649902344,8102
59.74369192123413,8101
59.827736616134644,8100
59.91218161582947,8099
59.99650549888611,8098
60.07969117164612,8097
60.168423652648926,8096
60.25488233566284,8095
60.34212875366211,8094
60.42946672439575,8093
60.51681852340698,8092
60.604063272476196,8091
60.69124937057495,8090
60.77833151817322,8089
60.86552429199219,8088
60.95256757736206,8087
61.03975796699524,8086
61.126914262771606,8085
61.213953256607056,8084
61.301228523254395,8083
61.38859939575195,8082
61.476012229919434,8081
61.563146114349365,8080
61.65049362182617,8079
61.737759590148926,8078
61.824936628341675,8077
61.91226553916931,8076
61.99953103065491,8075
62.086724519729614,8074
62.1738166809082,8073
62.26112961769104,8072
62.348411560058594,8071
62.435534715652466,8070
62.52262210845947,8069
62.60987210273743,8068
62.69735789299011,8067
62.78449535369873,8066
62.87185621261597,8065
62.95941424369812,8064
63.04663968086243,8063
63.13435888290405,8062
63.22213649749756,8061
63.30994272232056,8060
63.397499084472656,8059
63.48538899421692,8058
63.57307267189026,8057
63.660770893096924,8056
63.74580121040344,8055
63.82980728149414,8054
63.913827657699585,8053
63.99767541885376,8052
64.08168315887451,8051
64.16567206382751,8050
64.24944853782654,8049
64.33334612846375,8048
64.41977167129517,8047
64.50387120246887,8046
64.58782529830933,8045
64.67153787612915,8044
64.75404500961304,8043
64.83912992477417,8042
64.92205119132996,8041
65.006507396698,8040
65.09225821495056,8039
65.17925548553467,8038
65.26329588890076,8037
65.34542846679688,8036
65.43179845809937,8035
65.51733255386353,8034
65.60238242149353,8033
65.68465399742126,8032
65.76476716995239,8031
65.84946727752686,8030
65.93501806259155,8029
66.0202386379242,8028
66.10555052757263,8027
66.19041848182678,8026
66.27383303642273,8025
66.35740518569946,8024
66.44585537910461,8023
66.52501583099365,8022
66.60468697547913,8021
66.68403506278992,8020
66.7635509967804,8019
66.84285092353821,8018
66.92244100570679,8017
67.0019178390503,8016
67.08110427856445,8015
67.16050577163696,8014
67.23982334136963,8013
67.31912732124329,8012
67.39846277236938,8011
67.47797179222107,8010
67.55726599693298,8009
67.6403877735138,8008
67.72245407104492,8007
67.80957412719727,8006
67.89678502082825,8005
67.98401284217834,8004
68.07165217399597,8003
68.15888857841492,8002
68.24601578712463,8001
68.33304524421692,8000
68.42026710510254,7999
68.50754046440125,7998
68.59492230415344,7997
68.68180584907532,7996
68.76830554008484,7995
68.85475039482117,7994
68.94121170043945,7993
69.02774310112,7992
69.11424112319946,7991
69.20080924034119,7990
69.28694438934326,7989
69.37334394454956,7988
69.4612226486206,7987
69.54779481887817,7986
69.63426041603088,7985
69.72083401679993,7984
69.80723690986633,7983
69.89380121231079,7982
69.97991919517517,7981
70.066326379776,7980
70.1528332233429,7979
70.23928666114807,7978
70.32582521438599,7977
70.41214537620544,7976
70.49895238876343,7975
70.5854172706604,7974
70.67179107666016,7973
70.75832223892212,7972
70.84481501579285,7971
70.93137073516846,7970
71.0178656578064,7969
71.10422801971436,7968
71.19067740440369,7967
71.27730083465576,7966
71.36394953727722,7965
71.45028901100159,7964
71.53694558143616,7963
71.62348914146423,7962
71.71016597747803,7961
71.79681062698364,7960
71.88349413871765,7959
71.97043538093567,7958
72.05749177932739,7957
72.14481019973755,7956
72.23191833496094,7955
72.31919288635254,7954
72.40652132034302,7953
72.49365973472595,7952
72.58065819740295,7951
72.66801071166992,7950
72.75518488883972,7949
72.84223198890686,7948
72.92926287651062,7947
73.01604747772217,7946
73.10303473472595,7945
73.1877989768982,7944
73.27066683769226,7943
73.35415315628052,7942
73.43741965293884,7941
73.52059245109558,7940
73.60377073287964,7939
73.68688941001892,7938
73.77014946937561,7937
73.85340738296509,7936
73.93678641319275,7935
74.0200355052948,7934
74.10304951667786,7933
74.18615436553955,7932
74.26766967773438,7931
74.35020613670349,7930
74.43569898605347,7929
74.51839995384216,7928
74.60124111175537,7927
74.68387413024902,7926
74.76691389083862,7925
74.84962105751038,7924
74.93229985237122,7923
75.015207529068,7922
75.09785318374634,7921
75.18081140518188,7920
75.26325631141663,7919
75.34821915626526,7918
75.43207812309265,7917
75.5148515701294,7916
75.59773206710815,7915
75.68041849136353,7914
75.76336002349854,7913
75.84582328796387,7912
75.92866635322571,7911
76.0112509727478,7910
76.09391593933105,7909
76.17719316482544,7908
76.2598729133606,7907
76.34229969978333,7906
76.42483878135681,7905
76.50775814056396,7904
76.5909788608551,7903
76.67085790634155,7902
76.74968028068542,7901
76.83265805244446,7900
76.91560363769531,7899
76.99880170822144,7898
77.08177638053894,7897
77.16471409797668,7896
77.24795079231262,7895
77.33068585395813,7894
77.41347455978394,7893
77.49466705322266,7892
77.57615375518799,7891
77.65927147865295,7890
77.74254012107849,7889
77.82549571990967,7888
77.90798997879028,7887
77.99088382720947,7886
78.07379746437073,7885
78.15739870071411,7884
78.24032735824585,7883
78.32344079017639,7882
78.40646481513977,7881
78.48884677886963,7880
78.57179117202759,7879
78.65467810630798,7878
78.73967146873474,7877
78.82485437393188,7876
78.91106748580933,7875
78.99721670150757,7874
79.08302354812622,7873
79.16910481452942,7872
79.2551691532135,7871
79.34109926223755,7870
79.42845845222473,7869
79.51450634002686,7868
79.60021686553955,7867
79.68605208396912,7866
79.77186059951782,7865
79.85780310630798,7864
79.94358348846436,7863
80.02959752082825,7862
80.11562776565552,7861
80.20178699493408,7860
80.28800392150879,7859
80.37397384643555,7858
80.46016097068787,7857
80.54637742042542,7856
80.63249397277832,7855
80.71873545646667,7854
80.80525469779968,7853
80.89187717437744,7852
80.97853350639343,7851
81.06519198417664,7850
81.15210914611816,7849
81.23889684677124,7848
81.32572793960571,7847
81.41248202323914,7846
81.49941921234131,7845
81.58427047729492,7844
81.67079639434814,7843
81.75739908218384,7842
81.84415578842163,7841
81.93082690238953,7840
82.0176773071289,7839
82.10397863388062,7838
82.1900725364685,7837
82.27585124969482,7836
82.36181116104126,7835
82.44789099693298,7834
82.53387379646301,7833
82.61964464187622,7832
82.70592975616455,7831
82.79188919067383,7830
82.87788200378418,7829
82.96391677856445,7828
83.0494647026062,7827
83.13550448417664,7826
83.22158312797546,7825
83.30752110481262,7824
83.3934371471405,7823
83.47941207885742,7822
83.56537008285522,7821
83.65263891220093,7820
83.73858618736267,7819
83.82471752166748,7818
83.91069388389587,7817
83.99675154685974,7816
84.08267664909363,7815
84.16865015029907,7814
84.25449132919312,7813
84.34046745300293,7812
84.42896628379822,7811
84.51423907279968,7810
84.596750497818,7809
84.67924761772156,7808
84.76202178001404,7807
84.84466600418091,7806
84.92693424224854,7805
85.00951814651489,7804
85.09227395057678,7803
85.1748902797699,7802
85.25769853591919,7801
85.34026336669922,7800
85.42292952537537,7799
85.50565600395203,7798
85.58700323104858,7797
85.66916155815125,7796
85.75112056732178,7795
85.83320498466492,7794
85.915292263031,7793
85.99775457382202,7792
86.07986497879028,7791
86.16195511817932,7790
86.24422287940979,7789
86.32636404037476,7788
86.40862774848938,7787
86.49099707603455,7786
86.57311248779297,7785
86.65510606765747,7784
86.74032926559448,7783
86.82240557670593,7782
86.90432524681091,7781
86.9869532585144,7780
87.06911659240723,7779
87.15138411521912,7778
87.23331809043884,7777
87.31542730331421,7776
87.39745020866394,7775
87.47948169708252,7774
87.56167125701904,7773
87.64385747909546,7772
87.72598314285278,7771
87.80805969238281,7770
87.88621592521667,7769
87.96650314331055,7768
88.04864454269409,7767
88.13094186782837,7766
88.21323227882385,7765
88.2956953048706,7764
88.37790441513062,7763
88.45924878120422,7762
88.54169654846191,7761
88.62419128417969,7760
88.7066113948822,7759
88.78881525993347,7758
88.87101078033447,7757
88.95324087142944,7756
89.03494429588318,7755
89.11726236343384,7754
89.19943261146545,7753
89.28173208236694,7752
89.36391520500183,7751
89.4473066329956,7750
89.52884268760681,7749
89.61094117164612,7748
89.69322109222412,7747
89.77552652359009,7746
89.85762071609497,7745
89.93985795974731,7744
90.02213501930237,7743
90.1022036075592,7742
90.18142747879028,7741
90.26361274719238,7740
90.34506464004517,7739
90.42723727226257,7738
90.50907015800476,7737
90.58990788459778,7736
90.66963076591492,7735
90.74884128570557,7734
90.82775044441223,7733
90.90779399871826,7732
90.99018406867981,7731
91.07404398918152,7730
91.1573417186737,7729
91.23936605453491,7728
91.32139992713928,7727
91.403315782547,7726
91.48527407646179,7725
91.56706881523132,7724
91.649085521698,7723
91.73095417022705,7722
91.81194257736206,7721
91.89379215240479,7720
91.97552728652954,7719
92.05724620819092,7718
92.13913607597351,7717
92.22094535827637,7716
92.30422353744507,7715
92.39103293418884,7714
92.46899843215942,7713
92.54712128639221,7712
92.62511491775513,7711
92.70335841178894,7710
92.78132963180542,7709
92.85938811302185,7708
92.93756079673767,7707
93.01548910140991,7706
93.09335374832153,7705
93.17130422592163,7704
93.24940776824951,7703
93.32717776298523,7702
93.40506553649902,7701
93.48310589790344,7700
93.56453657150269,7699
93.64654040336609,7698
93.73195576667786,7697
93.81700873374939,7696
93.902272939682,7695
93.98723793029785,7694
94.07242059707642,7693
94.1578676700592,7692
94.24384760856628,7691
94.32980012893677,7690
94.41781544685364,7689
94.50391340255737,7688
94.58952021598816,7687
94.67504978179932,7686
94.76058077812195,7685
94.84619975090027,7684
94.93191862106323,7683
95.01763582229614,7682
95.10326623916626,7681
95.18884253501892,7680
95.27442288398743,7679
95.36016583442688,7678
95.44563341140747,7677
95.53128170967102,7676
95.61686968803406,7675
95.70248770713806,7674
95.78796815872192,7673
95.87333130836487,7672
95.9585747718811,7671
96.04402041435242,7670
96.129714012146,7669
96.21488904953003,7668
96.30029511451721,7667
96.38577628135681,7666
96.47119212150574,7665
96.55630850791931,7664
96.64056658744812,7663
96.72581815719604,7662
96.81098079681396,7661
96.89657950401306,7660
96.98217487335205,7659
97.06745314598083,7658
97.15289211273193,7657
97.238032579422,7656
97.32357668876648,7655
97.40903162956238,7654
97.49460673332214,7653
97.5797667503357,7652
97.66484713554382,7651
97.75004243850708,7650
97.8352062702179,7649
97.92026352882385,7648
98.00577473640442,7647
98.0910632610321,7646
98.17648124694824,7645
98.26185274124146,7644
98.34684348106384,7643
98.43223333358765,7642
98.51770162582397,7641
98.60289788246155,7640
98.68822407722473,7639
98.77353549003601,7638
98.85535407066345,7637
98.93721628189087,7636
99.01933145523071,7635
99.10107779502869,7634
99.18290877342224,7633
99.2648823261261,7632
99.34672451019287,7631
99.43002319335938,7630
99.51199173927307,7629
99.59377861022949,7628
99.67574453353882,7627
99.75771498680115,7626
99.83923959732056,7625
99.92063021659851,7624
100.00179982185364,7623
100.08340573310852,7622
100.16465854644775,7621
100.24617171287537,7620
100.3273458480835,7619
100.40869307518005,7618
100.49006819725037,7617
100.5714783668518,7616
100.65288543701172,7615
100.73433208465576,7614
100.81570768356323,7613
100.89714121818542,7612
100.98139238357544,7611
101.06325268745422,7610
101.1443088054657,7609
101.22568273544312,7608
101.3069896697998,7607
101.38811922073364,7606
101.46952700614929,7605
101.55086135864258,7604
101.63225650787354,7603
101.71361541748047,7602
101.79460954666138,7601
101.87591028213501,7600
101.9571623802185,7599
102.0386643409729,7598
102.12006902694702,7597
102.20181798934937,7596
102.27879238128662,7595
102.35638427734375,7594
102.438485622406,7593
102.52052116394043,7592
102.60245823860168,7591
102.68432879447937,7590
102.76611232757568,7589
102.8477897644043,7588
102.92925572395325,7587
103.0112612247467,7586
103.09195280075073,7585
103.1708595752716,7584
103.25293278694153,7583
103.33482694625854,7582
103.41657519340515,7581
103.49788117408752,7580
103.57972240447998,7579
103.66162467002869,7578
103.74372982978821,7577
103.82572674751282,7576
103.90741634368896,7575
103.98923873901367,7574
104.07061004638672,7573
104.15237498283386,7572
104.23414421081543,7571
104.31611728668213,7570
104.40046405792236,7569
104.4873685836792,7568
104.57199454307556,7567
104.65652465820312,7566
104.74102020263672,7565
104.82527828216553,7564
104.90983867645264,7563
104.99445033073425,7562
105.07897210121155,7561
105.16397213935852,7560
105.24900412559509,7559
105.33393788337708,7558
105.41885137557983,7557
105.50412082672119,7556
105.58897566795349,7555
105.67392492294312,7554
105.75892376899719,7553
105.84382843971252,7552
105.92890787124634,7551
106.0136125087738,7550
106.09846019744873,7549
106.18333840370178,7548
106.2682535648346,7547
106.35296964645386,7546
106.43807172775269,7545
106.52313351631165,7544
106.60815000534058,7543
106.69303607940674,7542
106.77770972251892,7541
106.86231398582458,7540
106.94723439216614,7539
107.03217506408691,7538
107.11702489852905,7537
107.20192074775696,7536
107.28680324554443,7535
107.37059926986694,7534
107.45540881156921,7533
107.54037022590637,7532
107.62499451637268,7531
107.71113777160645,7530
107.79588174819946,7529
107.88077092170715,7528
107.96570324897766,7527
108.05080509185791,7526
108.13566851615906,7525
108.22058534622192,7524
108.30525469779968,7523
108.3900237083435,7522
108.47506999969482,7521
108.56004500389099,7520
108.64490818977356,7519
108.72972679138184,7518
108.8143105506897,7517
108.89913487434387,7516
108.98396229743958,7515
109.0688865184784,7514
109.15350651741028,7513
109.23801946640015,7512
109.32277536392212,7511
109.40779995918274,7510
109.48900413513184,7509
109.57035565376282,7508
109.65163540840149,7507
109.73272061347961,7506
109.81396675109863,7505
109.8955430984497,7504
109.97695088386536,7503
110.05833840370178,7502
110.1395263671875,7501
110.22097253799438,7500
110.30224275588989,7499
110.38348436355591,7498
110.46413969993591,7497
110.54502630233765,7496
110.62555027008057,7495
110.70642256736755,7494
110.78701782226562,7493
110.86792850494385,7492
110.94881129264832,7491
111.02951455116272,7490
111.11015892028809,7489
111.19102430343628,7488
111.27174854278564,7487
111.35259914398193,7486
111.43327784538269,7485
111.51434016227722,7484
111.59740591049194,7483
111.67871713638306,7482
111.75948786735535,7481
111.84029245376587,7480
111.92090463638306,7479
112.00176954269409,7478
112.08210682868958,7477
112.16294384002686,7476
112.24322056770325,7475
112.32400727272034,7474
112.40471935272217,7473
112.48541784286499,7472
112.5663046836853,7471
112.6469337940216,7470
112.72704529762268,7469
112.80165362358093,7468
112.88242220878601,7467
112.96330380439758,7466
113.04425096511841,7465
113.12518501281738,7464
113.20613050460815,7463
113.28706669807434,7462
113.36718535423279,7461
113.44816875457764,7460
113.52919960021973,7459
113.6099488735199,7458
113.69073581695557,7457
113.77139854431152,7456
113.85231590270996,7455
113.93229794502258,7454
114.01331067085266,7453
114.0940728187561,7452
114.17493033409119,7451
114.25594091415405,7450
114.33680844306946,7449
114.41902828216553,7448
114.49995517730713,7447
114.58078837394714,7446
114.66165733337402,7445
114.74244976043701,7444
114.82299184799194,7443
114.90395498275757,7442
114.98263359069824,7441
115.05925726890564,7440
115.13922548294067,7439
115.21929812431335,7438
115.2998719215393,7437
115.3803083896637,7436
115.46020841598511,7435
115.53893661499023,7434
115.61669540405273,7433
115.69517350196838,7432
115.77304697036743,7431
115.85196185112,7430
115.93312311172485,7429
116.01558804512024,7428
116.09737181663513,7427
116.17787480354309,7426
116.25842618942261,7425
116.33864164352417,7424
116.4189932346344,7423
116.49909782409668,7422
116.57938599586487,7421
116.6594877243042,7420
116.73885703086853,7419
116.8189172744751,7418
116.89903664588928,7417
116.97932839393616,7416
117.0594801902771,7415
117.13967871665955,7414
117.2222592830658,7413
117.30663895606995,7412
117.38298082351685,7411
117.4594464302063,7410
117.53587532043457,7409
117.61219263076782,7408
117.6887800693512,7407
117.7650876045227,7406
117.84136390686035,7405
117.91782832145691,7404
117.99433612823486,7403
118.07081437110901,7402
118.14711713790894,7401
118.22380566596985,7400
118.30014538764954,7399
118.37633228302002,7398
118.45494151115417,7397
118.53758573532104,7396
118.62144112586975,7395
118.70604300498962,7394
118.79041576385498,7393
118.87490844726562,7392
118.95948481559753,7391
119.04415225982666,7390
119.12847399711609,7389
119.21314859390259,7388
119.29750633239746,7387
119.38292336463928,7386
119.46722769737244,7385
119.55143761634827,7384
119.63598275184631,7383
119.72044324874878,7382
119.80502963066101,7381
119.88946914672852,7380
119.97390723228455,7379
120.05815172195435,7378
120.14251732826233,7377
120.2270495891571,7376
120.31142544746399,7375
120.39599394798279,7374
120.48041987419128,7373
120.5649664402008,7372
120.64914655685425,7371
120.73358225822449,7370
120.81781578063965,7369
120.90196585655212,7368
120.9862470626831,7367
121.07041430473328,7366
121.1548399925232,7365
121.23908853530884,7364
121.32350182533264,7363
121.40785789489746,7362
121.49234056472778,7361
121.57653260231018,7360
121.6607506275177,7359
121.74504661560059,7358
121.8294460773468,7357
121.9137933254242,7356
121.99780082702637,7355
122.08221745491028,7354
122.16648268699646,7353
122.2505567073822,7352
122.33475399017334,7351
122.41891741752625,7350
122.50303769111633,7349
122.5873351097107,7348
122.67145919799805,7347
122.75560688972473,7346
122.83980751037598,7345
122.92392539978027,7344
123.00800824165344,7343
123.09183478355408,7342
123.17626214027405,7341
123.2602789402008,7340
123.34427833557129,7339
123.42645978927612,7338
123.50723028182983,7337
123.58784914016724,7336
123.66843390464783,7335
123.74893617630005,7334
123.82952213287354,7333
123.91013073921204,7332
123.9907636642456,7331
124.07128310203552,7330
124.15194439888,7329
124.23246002197266,7328
124.31279444694519,7327
124.39331364631653,7326
124.47486233711243,7325
124.5549623966217,7324
124.63491654396057,7323
124.71494460105896,7322
124.79451322555542,7321
124.87462639808655,7320
124.95442056655884,7319
125.03421401977539,7318
125.11404585838318,7317
125.19421291351318,7316
125.27417778968811,7315
125.35415196418762,7314
125.43397736549377,7313
125.51411938667297,7312
125.5968906879425,7311
125.67720079421997,7310
125.75704097747803,7309
125.83699131011963,7308
125.91707730293274,7307
125.9968671798706,7306
126.07679653167725,7305
126.15682601928711,7304
126.23646903038025,7303
126.31676435470581,7302
126.39658999443054,7301
126.47651171684265,7300
126.55664348602295,7299
126.63649106025696,7298
126.71673035621643,7297
126.79716563224792,7296
126.8756353855133,7295
126.95371770858765,7294
127.03424263000488,7293
127.11481428146362,7292
127.19553351402283,7291
127.27606177330017,7290
127.35676193237305,7289
127.4373779296875,7288
127.51800632476807,7287
127.59835934638977,7286
127.67680191993713,7285
127.75558805465698,7284
127.83598446846008,7283
127.9166157245636,7282
127.99713277816772,7281
128.07744979858398,7280
128.15771961212158,7279
128.23817920684814,7278
128.31963324546814,7277
128.40004420280457,7276
128.48036861419678,7275
128.56093215942383,7274
128.64125871658325,7273
128.7215085029602,7272
128.80162906646729,7271
128.88416075706482,7270
128.96786952018738,7269
129.05120253562927,7268
129.1342556476593,7267
129.21735000610352,7266
129.30040335655212,7265
129.38464403152466,7264
129.46760249137878,7263
129.55101776123047,7262
129.635014295578,7261
129.7190191745758,7260
129.80331301689148,7259
129.88730788230896,7258
129.9711844921112,7257
130.05523800849915,7256
130.1390573978424,7255
130.22289109230042,7254
130.30646276474,7253
130.3898344039917,7252
130.47338795661926,7251
130.55720686912537,7250
130.64090776443481,7249
130.72445058822632,7248
130.80793404579163,7247
130.8912103176117,7246
130.97476720809937,7245
131.0582149028778,7244
131.14153003692627,7243
131.22529292106628,7242
131.30886316299438,7241
131.39271688461304,7240
131.47693252563477,7239
131.56087517738342,7238
131.644944190979,7237
131.72884917259216,7236
131.8126585483551,7235
131.8968687057495,7234
131.9808669090271,7233
132.0647487640381,7232
132.14848279953003,7231
132.23235487937927,7230
132.31622123718262,7229
132.4002411365509,7228
132.48437333106995,7227
132.56824731826782,7226
132.65216493606567,7225
132.73592329025269,7224
132.81946277618408,7223
132.90308928489685,7222
132.9868404865265,7221
133.0694477558136,7220
133.15255308151245,7219
133.2360861301422,7218
133.31949758529663,7217
133.40320801734924,7216
133.4868359565735,7215
133.57032370567322,7214
133.65302801132202,7213
133.73570895195007,7212
133.8184459209442,7211
133.90124535560608,7210
133.98419976234436,7209
134.06690907478333,7208
134.14967679977417,7207
134.23249769210815,7206
134.3124008178711,7205
134.39238142967224,7204
134.47481560707092,7203
134.55486226081848,7202
134.63483691215515,7201
134.71491360664368,7200
134.79490160942078,7199
134.8749876022339,7198
134.95494318008423,7197
135.03491616249084,7196
135.11469078063965,7195
135.19486665725708,7194
135.2740774154663,7193
135.353413105011,7192
135.4329478740692,7191
135.51228857040405,7190
135.59165930747986,7189
135.67101049423218,7188
135.75012469291687,7187
135.8295819759369,7186
135.90858030319214,7185
135.9879755973816,7184
136.06740283966064,7183
136.14720511436462,7182
136.22672533988953,7181
136.3060109615326,7180
136.38634276390076,7179
136.46817874908447,7178
136.5475616455078,7177
136.62686324119568,7176
136.706209897995,7175
136.78536748886108,7174
136.86472153663635,7173
136.9439136981964,7172
137.02301263809204,7171
137.10261702537537,7170
137.1818881034851,7169
137.26096653938293,7168
137.3403034210205,7167
137.41924238204956,7166
137.4984540939331,7165
137.57588624954224,7164
137.6547772884369,7163
137.7343819141388,7162
137.81393599510193,7161
137.8932158946991,7160
137.97290635108948,7159
138.0527663230896,7158
138.13227224349976,7157
138.2118787765503,7156
138.29134273529053,7155
138.37088465690613,7154
138.45038986206055,7153
138.52997875213623,7152
138.60939049720764,7151
138.6872522830963,7150
138.76663279533386,7149
138.84593605995178,7148
138.92547130584717,7147
139.0048999786377,7146
139.08436155319214,7145
139.1636929512024,7144
139.24250888824463,7143
139.32197213172913,7142
139.40260982513428,7141
139.48206162452698,7140
139.56164836883545,7139
139.64115977287292,7138
139.7200186252594,7137
139.79543209075928,7136
139.8742458820343,7135
139.95316863059998,7134
140.0325152873993,7133
140.11177444458008,7132
140.19039845466614,7131
140.2676272392273,7130
140.34438967704773,7129
140.42148399353027,7128
140.4984347820282,7127
140.57601237297058,7126
140.6556487083435,7125
140.73695707321167,7124
140.81839323043823,7123
140.89808773994446,7122
140.9771213531494,7121
141.05621480941772,7120
141.1354148387909,7119
141.21449756622314,7118
141.2940230369568,7117
141.37306141853333,7116
141.45220112800598,7115
141.53128385543823,7114
141.6102409362793,7113
141.6893265247345,7112
141.76831364631653,7111
141.84751391410828,7110
141.928240776062,7109
142.01135325431824,7108
142.08732318878174,7107
142.16221451759338,7106
142.2371163368225,7105
142.3118507862091,7104
142.38682341575623,7103
142.46193766593933,7102
142.5372371673584,7101
142.61227798461914,7100
142.6873424053192,7099
142.76231288909912,7098
142.83739471435547,7097
142.91276669502258,7096
142.9880027770996,7095
143.0632438659668,7094
143.13830637931824,7093
143.21783876419067,7092
143.2998743057251,7091
143.38296580314636,7090
143.46626782417297,7089
143.54949355125427,7088
143.6326150894165,7087
143.71522116661072,7086
143.79793643951416,7085
143.88056445121765,7084
143.9631576538086,7083
144.04621148109436,7082
144.1294240951538,7081
144.2128267288208,7080
144.29584097862244,7079
144.3790910243988,7078
144.46474719047546,7077
144.54802656173706,7076
144.6311457157135,7075
144.7138319015503,7074
144.79618668556213,7073
144.87866234779358,7072
144.96106243133545,7071
145.0435347557068,7070
145.13086223602295,7069
145.21632528305054,7068
145.3017613887787,7067
145.38785982131958,7066
145.47041296958923,7065
145.5528588294983,7064
145.63548231124878,7063
145.71882438659668,7062
145.80202341079712,7061
145.885347366333,7060
145.96872973442078,7059
146.05537223815918,7058
146.1386706829071,7057
146.22189164161682,7056
146.30849647521973,7055
146.3917727470398,7054
146.47521686553955,7053
146.55852580070496,7052
146.64781141281128,7051
146.7312035560608,7050
146.81445860862732,7049
188.67239212989807,7048
