0.018416404724121094,14108
0.036073923110961914,14107
0.054223060607910156,14106
0.07205605506896973,14105
0.08950567245483398,14104
0.10762977600097656,14103
0.12556791305541992,14102
0.14304757118225098,14101
0.16095232963562012,14100
0.17874360084533691,14099
0.19607138633728027,14098
0.2138075828552246,14097
0.23157811164855957,14096
0.24917197227478027,14095
0.2674996852874756,14094
0.28580522537231445,14093
0.30379247665405273,14092
0.3217592239379883,14091
0.33974266052246094,14090
0.3571279048919678,14089
0.37503647804260254,14088
0.3928217887878418,14087
0.4104797840118408,14086
0.42819881439208984,14085
0.44596171379089355,14084
0.46326279640197754,14083
0.48100781440734863,14082
0.4987776279449463,14081
0.5165777206420898,14080
0.5345497131347656,14079
0.5524051189422607,14078
0.56972336769104,14077
0.5876007080078125,14076
0.605548620223999,14075
0.6229066848754883,14074
0.6406276226043701,14073
0.6584181785583496,14072
0.6757166385650635,14071
0.6938834190368652,14070
0.7121484279632568,14069
0.7296831607818604,14068
0.7474756240844727,14067
0.765357494354248,14066
0.7827160358428955,14065
0.800499439239502,14064
0.818366527557373,14063
0.8374135494232178,14062
0.8555145263671875,14061
0.8735899925231934,14060
0.8909726142883301,14059
0.9092614650726318,14058
0.9274005889892578,14057
0.9622690677642822,14056
0.9800267219543457,14055
0.997330904006958,14054
1.0152077674865723,14053
1.0329504013061523,14052
1.0503320693969727,14051
1.068145513534546,14050
1.0859146118164062,14049
1.1033055782318115,14048
1.1219725608825684,14047
1.1398792266845703,14046
1.1572766304016113,14045
1.1750218868255615,14044
1.1928117275238037,14043
1.210146427154541,14042
1.2281196117401123,14041
1.2460906505584717,14040
1.2634799480438232,14039
1.2812316417694092,14038
1.2990658283233643,14037
1.3168165683746338,14036
1.3347973823547363,14035
1.3525428771972656,14034
1.3699116706848145,14033
1.3876185417175293,14032
1.4053926467895508,14031
1.4229192733764648,14030
1.4407715797424316,14029
1.4584953784942627,14028
1.4759447574615479,14027
1.4938774108886719,14026
1.5120160579681396,14025
1.529637336730957,14024
1.547759771347046,14023
1.565591812133789,14022
1.5829460620880127,14021
1.6008813381195068,14020
1.6187303066253662,14019
1.6361289024353027,14018
1.6538856029510498,14017
1.6715075969696045,14016
1.6888985633850098,14015
1.7071125507354736,14014
1.7250065803527832,14013
1.74239182472229,14012
1.7599799633026123,14011
1.7775390148162842,14010
1.794708251953125,14009
1.8122634887695312,14008
1.8300142288208008,14007
1.8472068309783936,14006
1.8647606372833252,14005
1.882472038269043,14004
1.8997032642364502,14003
1.9178295135498047,14002
1.9355099201202393,14001
1.9527978897094727,14000
1.9705736637115479,13999
1.988140344619751,13998
2.0052950382232666,13997
2.0228734016418457,13996
2.0406222343444824,13995
2.058001756668091,13994
2.075758695602417,13993
2.0934360027313232,13992
2.1108994483947754,13991
2.1285784244537354,13990
2.1463208198547363,13989
2.16349196434021,13988
2.181047201156616,13987
2.1985809803009033,13986
2.215733766555786,13985
2.2407166957855225,13984
2.2579593658447266,13983
2.2755322456359863,13982
2.2930548191070557,13981
2.3104312419891357,13980
2.328310012817383,13979
2.345890522003174,13978
2.3631296157836914,13977
2.380913734436035,13976
2.3985354900360107,13975
2.4156570434570312,13974
2.4332146644592285,13973
2.4507694244384766,13972
2.467846632003784,13971
2.4854016304016113,13970
2.5029613971710205,13969
2.520446300506592,13968
2.538236618041992,13967
2.5558652877807617,13966
2.5730926990509033,13965
2.5967159271240234,13964
2.613842487335205,13963
2.631424903869629,13962
2.649060010910034,13961
2.6661651134490967,13960
2.6837921142578125,13959
2.7018349170684814,13958
2.7194857597351074,13957
2.7371373176574707,13956
2.754837989807129,13955
2.772083044052124,13954
2.7897136211395264,13953
2.8073055744171143,13952
2.824490547180176,13951
2.8421103954315186,13950
2.8597092628479004,13949
2.876828908920288,13948
2.8943533897399902,13947
2.912177801132202,13946
2.929395914077759,13945
2.9470226764678955,13944
2.9645884037017822,13943
2.9817728996276855,13942
2.999282121658325,13941
3.016810894012451,13940
3.033904552459717,13939
3.0514321327209473,13938
3.069110155105591,13937
3.086228609085083,13936
3.1040396690368652,13935
3.121767997741699,13934
3.1389758586883545,13933
3.1575684547424316,13932
3.1755611896514893,13931
3.19809889793396,13930
3.215348720550537,13929
3.2328429222106934,13928
3.2506051063537598,13927
3.2682087421417236,13926
3.2853336334228516,13925
3.302903652191162,13924
3.3207931518554688,13923
3.3381459712982178,13922
3.3558640480041504,13921
3.373505115509033,13920
3.391551971435547,13919
3.4086813926696777,13918
3.4257781505584717,13917
3.4433631896972656,13916
3.4608569145202637,13915
3.4780049324035645,13914
3.4956657886505127,13913
3.5134897232055664,13912
3.5308022499084473,13911
3.5486085414886475,13910
3.5662338733673096,13909
3.583472967147827,13908
3.601170539855957,13907
3.618680477142334,13906
3.6360132694244385,13905
3.653698682785034,13904
3.671380043029785,13903
3.6887497901916504,13902
3.7068898677825928,13901
3.7246322631835938,13900
3.7418594360351562,13899
3.759439468383789,13898
3.777066707611084,13897
3.7941958904266357,13896
3.8146274089813232,13895
3.831890106201172,13894
3.8494772911071777,13893
3.8670835494995117,13892
3.8842999935150146,13891
3.907822608947754,13890
3.9255940914154053,13889
3.942878484725952,13888
3.9605655670166016,13887
3.978147029876709,13886
3.9954640865325928,13885
4.01310396194458,13884
4.030606508255005,13883
4.047866106033325,13882
4.0661609172821045,13881
4.0839338302612305,13880
4.101416110992432,13879
4.119537591934204,13878
4.1372997760772705,13877
4.15448522567749,13876
4.172173976898193,13875
4.189833641052246,13874
4.207003355026245,13873
4.224599361419678,13872
4.259331226348877,13871
4.276745319366455,13870
4.294270277023315,13869
4.312037944793701,13868
4.329585552215576,13867
4.347311496734619,13866
4.365175485610962,13865
4.382883787155151,13864
4.41945219039917,13863
4.437121391296387,13862
4.454607248306274,13861
4.47244930267334,13860
4.490208387374878,13859
4.508042812347412,13858
4.525758266448975,13857
4.543458700180054,13856
4.560933351516724,13855
4.578518629074097,13854
4.59602952003479,13853
4.616614103317261,13852
4.633770942687988,13851
4.651342391967773,13850
4.66900372505188,13849
4.686420440673828,13848
4.704498767852783,13847
4.722236633300781,13846
4.739539861679077,13845
4.757204055786133,13844
4.774895429611206,13843
4.7922203540802,13842
4.809854030609131,13841
4.82750940322876,13840
4.844758987426758,13839
4.862534999847412,13838
4.880123615264893,13837
4.8973612785339355,13836
4.91526460647583,13835
4.932919025421143,13834
4.950260162353516,13833
4.967871189117432,13832
4.9854044914245605,13831
5.002604722976685,13830
5.020240306854248,13829
5.0378711223602295,13828
5.055208683013916,13827
5.072773456573486,13826
5.090296268463135,13825
5.107646942138672,13824
5.125574827194214,13823
5.1432719230651855,13822
5.1605048179626465,13821
5.178154230117798,13820
5.195713043212891,13819
5.212924480438232,13818
5.230594635009766,13817
5.248164892196655,13816
5.265317440032959,13815
5.282939672470093,13814
5.300455570220947,13813
5.3216469287872314,13812
5.3388659954071045,13811
5.357543706893921,13810
5.3748619556427,13809
5.4092113971710205,13808
5.426913499832153,13807
5.461111783981323,13806
5.478669166564941,13805
5.4958953857421875,13804
5.513736248016357,13803
5.534731388092041,13802
5.552030563354492,13801
5.569694519042969,13800
5.587219953536987,13799
5.604344844818115,13798
5.63927435874939,13797
5.656535863876343,13796
5.674053907394409,13795
5.692035436630249,13794
5.709733724594116,13793
5.731821537017822,13792
5.766247272491455,13791
5.7888360023498535,13790
5.805935621261597,13789
5.823652505874634,13788
5.841443300247192,13787
5.858757257461548,13786
5.8763744831085205,13785
5.893939971923828,13784
5.911309003829956,13783
5.929119348526001,13782
5.946805477142334,13781
5.9639997482299805,13780
5.981612682342529,13779
5.999170303344727,13778
6.016351222991943,13777
6.033949851989746,13776
6.051678419113159,13775
6.068902492523193,13774
6.086504697799683,13773
6.104161262512207,13772
6.121512174606323,13771
6.139337778091431,13770
6.157072067260742,13769
6.174277305603027,13768
6.1919050216674805,13767
6.2094151973724365,13766
6.23097038269043,13765
6.248133182525635,13764
6.265257835388184,13763
6.282897233963013,13762
6.3046629428863525,13761
6.321887969970703,13760
6.339679956436157,13759
6.357339859008789,13758
6.386061191558838,13757
6.403685092926025,13756
6.423442363739014,13755
6.4405739307403564,13754
6.458266258239746,13753
6.475851058959961,13752
6.492950439453125,13751
6.5107293128967285,13750
6.528475522994995,13749
6.546114206314087,13748
6.565979480743408,13747
6.590940475463867,13746
6.60842752456665,13745
6.626023769378662,13744
6.643653631210327,13743
6.66115140914917,13742
6.678727388381958,13741
6.696223735809326,13740
6.714251279830933,13739
6.731971025466919,13738
6.749144554138184,13737
6.766821622848511,13736
6.784503698348999,13735
6.801663875579834,13734
6.819290637969971,13733
6.836910247802734,13732
6.854379653930664,13731
6.872129440307617,13730
6.889939785003662,13729
6.907376289367676,13728
6.925146579742432,13727
6.942884206771851,13726
6.960191488265991,13725
6.977830648422241,13724
6.995394706726074,13723
7.012591123580933,13722
7.030134439468384,13721
7.047744989395142,13720
7.0652124881744385,13719
7.082943439483643,13718
7.100482940673828,13717
7.119664907455444,13716
7.137009859085083,13715
7.154237270355225,13714
7.173864364624023,13713
7.191034317016602,13712
7.208588600158691,13711
7.226191282272339,13710
7.243402004241943,13709
7.2610673904418945,13708
7.278667688369751,13707
7.295797824859619,13706
7.313695669174194,13705
7.3341991901397705,13704
7.3513805866241455,13703
7.369053840637207,13702
7.3866705894470215,13701
7.403850555419922,13700
7.421442270278931,13699
7.4389708042144775,13698
7.473311901092529,13697
7.4911229610443115,13696
7.508511304855347,13695
7.526278495788574,13694
7.5440285205841064,13693
7.565938949584961,13692
7.583065509796143,13691
7.606075286865234,13690
7.623125314712524,13689
7.640360355377197,13688
7.657996892929077,13687
7.680914402008057,13686
7.698456048965454,13685
7.716461658477783,13684
7.734177112579346,13683
7.75140905380249,13682
7.769015789031982,13681
7.786647319793701,13680
7.803776979446411,13679
7.821331024169922,13678
7.838963508605957,13677
7.8561482429504395,13676
7.874535083770752,13675
7.89167046546936,13674
7.9097301959991455,13673
7.92747950553894,13672
7.9446656703948975,13671
7.962355613708496,13670
7.979912757873535,13669
7.997117042541504,13668
8.014686822891235,13667
8.032958030700684,13666
8.05914831161499,13665
8.076829433441162,13664
8.099596977233887,13663
8.116965532302856,13662
8.134751796722412,13661
8.152393579483032,13660
8.173377513885498,13659
8.190712928771973,13658
8.208014249801636,13657
8.225587844848633,13656
8.248310089111328,13655
8.26554012298584,13654
8.283194541931152,13653
8.310692548751831,13652
8.328025341033936,13651
8.345688819885254,13650
8.363266706466675,13649
8.380555152893066,13648
8.415282964706421,13647
8.432489156723022,13646
8.450093984603882,13645
8.46768593788147,13644
8.484819173812866,13643
8.519881010055542,13642
8.537162780761719,13641
8.555049896240234,13640
8.57273817062378,13639
8.590022802352905,13638
8.607662200927734,13637
8.625334739685059,13636
8.642568826675415,13635
8.660112380981445,13634
8.677740573883057,13633
8.69529128074646,13632
8.71323299407959,13631
8.730998516082764,13630
8.748193740844727,13629
8.769314527511597,13628
8.786498546600342,13627
8.82123064994812,13626
8.838427543640137,13625
8.856086254119873,13624
8.873980045318604,13623
8.891140460968018,13622
8.908978939056396,13621
8.926694869995117,13620
8.943865060806274,13619
8.96147108078003,13618
8.979014873504639,13617
8.99617075920105,13616
9.013745069503784,13615
9.031376361846924,13614
9.048649549484253,13613
9.066372156143188,13612
9.08394718170166,13611
9.10115933418274,13610
9.119165658950806,13609
9.136964559555054,13608
9.154317617416382,13607
9.17197847366333,13606
9.189557313919067,13605
9.206810474395752,13604
9.228968381881714,13603
9.26317024230957,13602
9.280646085739136,13601
9.297780275344849,13600
9.315712213516235,13599
9.333411931991577,13598
9.350564002990723,13597
9.368248462677002,13596
9.38579273223877,13595
9.402995347976685,13594
9.420715570449829,13593
9.438365459442139,13592
9.455561876296997,13591
9.473174810409546,13590
9.490801811218262,13589
9.508253335952759,13588
9.53347134590149,13587
9.550834655761719,13586
9.568447589874268,13585
9.586146831512451,13584
9.60328984260559,13583
9.62089729309082,13582
9.6399507522583,13581
9.657737493515015,13580
9.688488006591797,13579
9.706275939941406,13578
9.724251747131348,13577
9.741949081420898,13576
9.7591712474823,13575
9.776901483535767,13574
9.79972529411316,13573
9.816883563995361,13572
9.83456015586853,13571
9.852113008499146,13570
9.86928391456604,13569
9.886894226074219,13568
9.908641338348389,13567
9.925995588302612,13566
9.943824052810669,13565
9.961426019668579,13564
9.978702545166016,13563
9.996282577514648,13562
10.013844966888428,13561
10.031037092208862,13560
10.048717498779297,13559
10.066417932510376,13558
10.083714962005615,13557
10.118755578994751,13556
10.136284828186035,13555
10.154022455215454,13554
10.171594381332397,13553
10.188781261444092,13552
10.206359148025513,13551
10.22840929031372,13550
10.245628118515015,13549
10.263355493545532,13548
10.285245180130005,13547
10.302468538284302,13546
10.337760925292969,13545
10.372840642929077,13544
10.390455722808838,13543
10.40933632850647,13542
10.426944494247437,13541
10.444518089294434,13540
10.461866855621338,13539
10.479668140411377,13538
10.497220993041992,13537
10.514637470245361,13536
10.53243637084961,13535
10.550246715545654,13534
10.567484140396118,13533
10.589784860610962,13532
10.607123136520386,13531
10.624707221984863,13530
10.642350435256958,13529
10.659560918807983,13528
10.677278518676758,13527
10.701563358306885,13526
10.719488859176636,13525
10.737924814224243,13524
10.763155460357666,13523
10.780799865722656,13522
10.799185752868652,13521
10.818704843521118,13520
10.835959196090698,13519
10.85366153717041,13518
10.871541976928711,13517
10.888811111450195,13516
10.906997442245483,13515
10.92508864402771,13514
10.95073413848877,13513
10.967884302139282,13512
10.985008478164673,13511
11.007253408432007,13510
11.030284404754639,13509
11.050174474716187,13508
11.067511558532715,13507
11.08532190322876,13506
11.102871894836426,13505
11.120335578918457,13504
11.144852638244629,13503
11.166337728500366,13502
11.18358039855957,13501
11.201306104660034,13500
11.218870162963867,13499
11.236088752746582,13498
11.25377082824707,13497
11.27137041091919,13496
11.288528442382812,13495
11.306328535079956,13494
11.324114084243774,13493
11.341422080993652,13492
11.364956855773926,13491
11.382100820541382,13490
11.399738073348999,13489
11.417354345321655,13488
11.451777935028076,13487
11.474852561950684,13486
11.492086172103882,13485
11.547861576080322,13484
11.565138339996338,13483
11.58279037475586,13482
11.600336074829102,13481
11.635067462921143,13480
11.652764081954956,13479
11.669963359832764,13478
11.68794298171997,13477
11.706049680709839,13476
11.723446607589722,13475
11.741267919540405,13474
11.773124933242798,13473
11.790307521820068,13472
11.80792498588562,13471
11.825467824935913,13470
11.84262752532959,13469
11.869199752807617,13468
11.886420488357544,13467
11.906946897506714,13466
11.925782442092896,13465
11.943283081054688,13464
11.96345329284668,13463
11.98067045211792,13462
11.998294115066528,13461
12.028429746627808,13460
12.051296472549438,13459
12.068934917449951,13458
12.086634635925293,13457
12.10392165184021,13456
12.121684312820435,13455
12.139393329620361,13454
12.156638383865356,13453
12.174413204193115,13452
12.192024230957031,13451
12.209228277206421,13450
12.226984024047852,13449
12.24459457397461,13448
12.261851787567139,13447
12.279476881027222,13446
12.297126531600952,13445
12.314585208892822,13444
12.332430601119995,13443
12.350104808807373,13442
12.367254972457886,13441
12.384968519210815,13440
12.404689311981201,13439
12.421908378601074,13438
12.43961215019226,13437
12.45920705795288,13436
12.476634979248047,13435
12.518468856811523,13434
12.536103963851929,13433
12.553699493408203,13432
12.571872472763062,13431
12.595934629440308,13430
12.613144159317017,13429
12.630737781524658,13428
12.648340463638306,13427
12.665538311004639,13426
12.683153629302979,13425
12.701077222824097,13424
12.71860647201538,13423
12.753571510314941,13422
12.795942306518555,13421
12.813526153564453,13420
12.83116865158081,13419
12.850069046020508,13418
12.867992162704468,13417
12.88539171218872,13416
12.903377532958984,13415
12.920809984207153,13414
12.938508749008179,13413
12.956106424331665,13412
12.993322849273682,13411
13.010979175567627,13410
13.031363248825073,13409
13.048686981201172,13408
13.066111326217651,13407
13.083867311477661,13406
13.101712226867676,13405
13.119294166564941,13404
13.137350797653198,13403
13.155057668685913,13402
13.17263650894165,13401
13.190813541412354,13400
13.215552568435669,13399
13.24539566040039,13398
13.263484954833984,13397
13.281481266021729,13396
13.298877000808716,13395
13.316972970962524,13394
13.33472990989685,13393
13.352283477783203,13392
13.37034273147583,13391
13.38812780380249,13390
13.405533075332642,13389
13.423337936401367,13388
13.440954685211182,13387
13.458173751831055,13386
13.483888149261475,13385
13.506264209747314,13384
13.541197061538696,13383
13.563387632369995,13382
13.58057713508606,13381
13.598334074020386,13380
13.633314609527588,13379
13.65097975730896,13378
13.668726205825806,13377
13.686373949050903,13376
13.721994876861572,13375
13.739644765853882,13374
13.757193803787231,13373
13.774816274642944,13372
13.801030158996582,13371
13.818279266357422,13370
13.835517883300781,13369
13.853176832199097,13368
13.870769023895264,13367
13.905325174331665,13366
13.923144340515137,13365
13.940447330474854,13364
13.9647696018219,13363
13.981964111328125,13362
13.999545812606812,13361
14.01720142364502,13360
14.034441709518433,13359
14.052170991897583,13358
14.073675870895386,13357
14.090908527374268,13356
14.108763217926025,13355
14.12900161743164,13354
14.146505117416382,13353
14.169143915176392,13352
14.18722939491272,13351
14.204643249511719,13350
14.22233510017395,13349
14.24005389213562,13348
14.261205673217773,13347
14.278932571411133,13346
14.296423196792603,13345
14.314350843429565,13344
14.331841230392456,13343
14.349634885787964,13342
14.367374658584595,13341
14.384671926498413,13340
14.403428316116333,13339
14.420592784881592,13338
14.455621004104614,13337
14.472769737243652,13336
14.49034571647644,13335
14.508134126663208,13334
14.525570631027222,13333
14.548372745513916,13332
14.574519395828247,13331
14.591865062713623,13330
14.609597206115723,13329
14.627280473709106,13328
14.644514322280884,13327
14.662222146987915,13326
14.68787145614624,13325
14.705478429794312,13324
14.724305152893066,13323
14.74168848991394,13322
14.759318590164185,13321
14.776993989944458,13320
14.7942955493927,13319
14.811933040618896,13318
14.829484462738037,13317
14.856311798095703,13316
14.87390947341919,13315
14.89146614074707,13314
14.908882141113281,13313
14.926663398742676,13312
14.944366693496704,13311
14.961562633514404,13310
14.980216026306152,13309
14.997434854507446,13308
15.016068696975708,13307
15.034231901168823,13306
15.051771402359009,13305
15.069529294967651,13304
15.087242126464844,13303
15.122514009475708,13302
15.14139199256897,13301
15.158813714981079,13300
15.176565408706665,13299
15.194310426712036,13298
15.211945533752441,13297
15.229896068572998,13296
15.247101783752441,13295
15.270522117614746,13294
15.289761543273926,13293
15.312699794769287,13292
15.356076717376709,13291
15.373569250106812,13290
15.390781164169312,13289
15.408413887023926,13288
15.425990104675293,13287
15.44316029548645,13286
15.478112936019897,13285
15.495387077331543,13284
15.518000602722168,13283
15.535621881484985,13282
15.559256315231323,13281
15.576915979385376,13280
15.594090938568115,13279
15.61168098449707,13278
15.631587028503418,13277
15.648896932601929,13276
15.669052600860596,13275
15.703967094421387,13274
15.721591711044312,13273
15.738880634307861,13272
15.756562232971191,13271
15.77418851852417,13270
15.791366577148438,13269
15.808982849121094,13268
15.826565980911255,13267
15.843848466873169,13266
15.86160922050476,13265
15.880568742752075,13264
15.897881031036377,13263
15.916252851486206,13262
15.934183597564697,13261
15.952620267868042,13260
15.96996283531189,13259
15.987173557281494,13258
16.005005836486816,13257
16.02494502067566,13256
16.05941867828369,13255
16.08297109603882,13254
16.10018754005432,13253
16.141884088516235,13252
16.159509420394897,13251
16.176910877227783,13250
16.19472599029541,13249
16.221522092819214,13248
16.251925230026245,13247
16.27118229866028,13246
16.288395881652832,13245
16.3239426612854,13244
16.341170072555542,13243
16.359074115753174,13242
16.37679886817932,13241
16.395822763442993,13240
16.416799306869507,13239
16.434447050094604,13238
16.45214319229126,13237
16.472468376159668,13236
16.501028060913086,13235
16.51874327659607,13234
16.536451816558838,13233
16.558215618133545,13232
16.59898614883423,13231
16.621373891830444,13230
16.638567447662354,13229
16.678826808929443,13228
16.696696996688843,13227
16.714558124542236,13226
16.75644278526306,13225
16.77411961555481,13224
16.798627853393555,13223
16.82312250137329,13222
16.84762477874756,13221
16.86550521850586,13220
16.883185386657715,13219
16.901026010513306,13218
16.91903567314148,13217
16.936358213424683,13216
16.95403552055359,13215
16.971654653549194,13214
16.98911738395691,13213
17.00705313682556,13212
17.036003589630127,13211
17.053216218948364,13210
17.070865392684937,13209
17.088585376739502,13208
17.10608434677124,13207
17.12390160560608,13206
17.141657829284668,13205
17.158928871154785,13204
17.1765456199646,13203
17.19425106048584,13202
17.23073673248291,13201
17.248296976089478,13200
17.265769243240356,13199
17.28585195541382,13198
17.311243772506714,13197
17.34634256362915,13196
17.36405897140503,13195
17.3812735080719,13194
17.409723043441772,13193
17.4273521900177,13192
17.444658041000366,13191
17.462311267852783,13190
17.479955911636353,13189
17.497363567352295,13188
17.515300989151,13187
17.533042669296265,13186
17.550440549850464,13185
17.568183660507202,13184
17.58589768409729,13183
17.603135108947754,13182
17.620800971984863,13181
17.64292001724243,13180
17.660348892211914,13179
17.67802405357361,13178
17.700541973114014,13177
17.718292951583862,13176
17.736172914505005,13175
17.75925612449646,13174
17.78720784187317,13173
17.804869651794434,13172
17.82245135307312,13171
17.83969521522522,13170
17.85832381248474,13169
17.875487327575684,13168
17.89312243461609,13167
17.911024570465088,13166
17.928403615951538,13165
17.950090169906616,13164
17.97299575805664,13163
18.002381324768066,13162
18.029502391815186,13161
18.04736328125,13160
18.065119981765747,13159
18.083725452423096,13158
18.105168104171753,13157
18.122974395751953,13156
18.140817642211914,13155
18.158427953720093,13154
18.17604899406433,13153
18.19327473640442,13152
18.210887908935547,13151
18.228524446487427,13150
18.24574565887451,13149
18.26341414451599,13148
18.284871816635132,13147
18.30541229248047,13146
18.32722783088684,13145
18.348729848861694,13144
18.36630153656006,13143
18.383936882019043,13142
18.401119232177734,13141
18.418713808059692,13140
18.436370372772217,13139
18.45360779762268,13138
18.47119688987732,13137
18.48875904083252,13136
18.50609040260315,13135
18.529135942459106,13134
18.584229469299316,13133
18.60211420059204,13132
18.619755744934082,13131
18.63704013824463,13130
18.65473246574402,13129
18.672329425811768,13128
18.689717054367065,13127
18.708115816116333,13126
18.72840714454651,13125
18.76340913772583,13124
18.798561334609985,13123
18.81617784500122,13122
18.833723545074463,13121
18.868794202804565,13120
18.892702102661133,13119
18.91007137298584,13118
18.927871704101562,13117
18.9458327293396,13116
18.96869945526123,13115
18.986348867416382,13114
19.003841876983643,13113
19.021425247192383,13112
19.0386221408844,13111
19.056339025497437,13110
19.07410502433777,13109
19.09136939048767,13108
19.109379529953003,13107
19.127241134643555,13106
19.144550561904907,13105
19.16229009628296,13104
19.197251319885254,13103
19.21482825279236,13102
19.23235821723938,13101
19.25016951560974,13100
19.267762184143066,13099
19.285306215286255,13098
19.302930116653442,13097
19.325255155563354,13096
19.342890739440918,13095
19.36048173904419,13094
19.377983570098877,13093
19.413114547729492,13092
19.432708978652954,13091
19.471248149871826,13090
19.494571685791016,13089
19.513832569122314,13088
19.53164792060852,13087
19.55101728439331,13086
19.568440675735474,13085
19.586169958114624,13084
19.603862762451172,13083
19.621140956878662,13082
19.642317295074463,13081
19.659599781036377,13080
19.67728042602539,13079
19.695256233215332,13078
19.713021516799927,13077
19.736867427825928,13076
19.75431728363037,13075
19.773141145706177,13074
19.791271686553955,13073
19.808760404586792,13072
19.82640266418457,13071
19.844092845916748,13070
19.861685514450073,13069
19.879390001296997,13068
19.89805769920349,13067
19.91555094718933,13066
19.93411135673523,13065
19.96863341331482,13064
20.00361943244934,13063
20.021029710769653,13062
20.056225538253784,13061
20.073452711105347,13060
20.09113097190857,13059
20.10900640487671,13058
20.12645173072815,13057
20.144195795059204,13056
20.161987781524658,13055
20.179259061813354,13054
20.196905374526978,13053
20.21463418006897,13052
20.231867790222168,13051
20.24954891204834,13050
20.28458595275879,13049
20.302093267440796,13048
20.319920301437378,13047
20.337555170059204,13046
20.355093002319336,13045
20.38631010055542,13044
20.420772552490234,13043
20.439751148223877,13042
20.466986656188965,13041
20.484787702560425,13040
20.502490758895874,13039
20.520087480545044,13038
20.539361476898193,13037
20.556734800338745,13036
20.59274458885193,13035
20.61046004295349,13034
20.627631425857544,13033
20.651580095291138,13032
20.66878843307495,13031
20.72976326942444,13030
20.74712038040161,13029
20.77582359313965,13028
20.79349398612976,13027
20.811007738113403,13026
20.83114981651306,13025
20.848453044891357,13024
20.866532564163208,13023
20.884214401245117,13022
20.901447534561157,13021
20.919384479522705,13020
20.93707799911499,13019
20.954352617263794,13018
20.971957445144653,13017
20.989759922027588,13016
21.006948947906494,13015
21.024632215499878,13014
21.059604167938232,13013
21.0817973613739,13012
21.098973512649536,13011
21.116917848587036,13010
21.134692430496216,13009
21.16940402984619,13008
21.187134265899658,13007
21.204323053359985,13006
21.221983909606934,13005
21.23962426185608,13004
21.25686264038086,13003
21.314510107040405,13002
21.33225154876709,13001
21.349507570266724,13000
21.36716604232788,12999
21.38475275039673,12998
21.4214289188385,12997
21.438918590545654,12996
21.462735891342163,12995
21.48030924797058,12994
21.498042583465576,12993
21.51593780517578,12992
21.550854682922363,12991
21.568602561950684,12990
21.58635115623474,12989
21.61795663833618,12988
21.63546895980835,12987
21.653153657913208,12986
21.68779730796814,12985
21.705997943878174,12984
21.750860691070557,12983
21.772355318069458,12982
21.78953266143799,12981
21.807262659072876,12980
21.824904918670654,12979
21.842111825942993,12978
21.866973638534546,12977
21.901634454727173,12976
21.91948962211609,12975
21.9421968460083,12974
21.976680278778076,12973
21.994293689727783,12972
22.029305696487427,12971
22.046926975250244,12970
22.066774368286133,12969
22.084320783615112,12968
22.101455450057983,12967
22.119571447372437,12966
22.137402057647705,12965
22.154946327209473,12964
22.172556161880493,12963
22.189724445343018,12962
22.20731806755066,12961
22.242276430130005,12960
22.277342319488525,12959
22.30109739303589,12958
22.318990230560303,12957
22.33677077293396,12956
22.35876226425171,12955
22.37594509124756,12954
22.394556045532227,12953
22.429147243499756,12952
22.446648597717285,12951
22.46380615234375,12950
22.481507301330566,12949
22.49910306930542,12948
22.516611337661743,12947
22.539796590805054,12946
22.562691926956177,12945
22.580277681350708,12944
22.598124980926514,12943
22.61611580848694,12942
22.633644819259644,12941
22.65217900276184,12940
22.66948962211609,12939
22.687379121780396,12938
22.705395460128784,12937
22.722943544387817,12936
22.74085259437561,12935
22.775893211364746,12934
22.793602466583252,12933
22.81278085708618,12932
22.830462217330933,12931
22.847840070724487,12930
22.865471839904785,12929
22.883227586746216,12928
22.900930166244507,12927
22.91897225379944,12926
22.936280488967896,12925
22.95776057243347,12924
22.97496199607849,12923
22.992539882659912,12922
23.010202646255493,12921
23.02736735343933,12920
23.062313556671143,12919
23.079474449157715,12918
23.108065843582153,12917
23.15090847015381,12916
23.168421983718872,12915
23.20309567451477,12914
23.220580577850342,12913
23.238104820251465,12912
23.25811004638672,12911
23.275359630584717,12910
23.293028354644775,12909
23.310956954956055,12908
23.334081172943115,12907
23.368566036224365,12906
23.386191368103027,12905
23.403783321380615,12904
23.421029806137085,12903
23.443861961364746,12902
23.461062908172607,12901
23.48532009124756,12900
23.52015447616577,12899
23.540058612823486,12898
23.557555198669434,12897
23.575376510620117,12896
23.595155477523804,12895
23.612488985061646,12894
23.633028745651245,12893
23.650477170944214,12892
23.676252841949463,12891
23.693888187408447,12890
23.712006092071533,12889
23.72978377342224,12888
23.747191667556763,12887
23.764838933944702,12886
23.782482147216797,12885
23.799673318862915,12884
23.83458399772644,12883
23.851799249649048,12882
23.86961030960083,12881
23.887246131896973,12880
23.904627799987793,12879
23.92245054244995,12878
23.940099954605103,12877
23.957324981689453,12876
23.974993228912354,12875
23.992651224136353,12874
24.00982904434204,12873
24.02743101119995,12872
24.04502844810486,12871
24.062406063079834,12870
24.09992814064026,12869
24.117830991744995,12868
24.135169982910156,12867
24.152883768081665,12866
24.170480012893677,12865
24.18770122528076,12864
24.212198734283447,12863
24.23507070541382,12862
24.276172637939453,12861
24.29387331008911,12860
24.311293601989746,12859
24.33623743057251,12858
24.35398578643799,12857
24.37118887901306,12856
24.38882350921631,12855
24.411561727523804,12854
24.428715229034424,12853
24.44631028175354,12852
24.467710256576538,12851
24.48500394821167,12850
24.51406502723694,12849
24.531787872314453,12848
24.549020051956177,12847
24.568122386932373,12846
24.60281229019165,12845
24.620270013809204,12844
24.637485027313232,12843
24.655220985412598,12842
24.67288637161255,12841
24.690248727798462,12840
24.710649728775024,12839
24.72798466682434,12838
24.745709657669067,12837
24.763439893722534,12836
24.780739545822144,12835
24.816713333129883,12834
24.83442521095276,12833
24.85163974761963,12832
24.877524614334106,12831
24.89520239830017,12830
24.91265630722046,12829
24.930551767349243,12828
24.948200464248657,12827
24.96540093421936,12826
24.983052730560303,12825
25.00064706802368,12824
25.01780390739441,12823
25.03544306755066,12822
25.056262016296387,12821
25.073549509048462,12820
25.09117865562439,12819
25.108978271484375,12818
25.131682634353638,12817
25.15516948699951,12816
25.172770738601685,12815
25.19058108329773,12814
25.208062171936035,12813
25.22565245628357,12812
25.245164394378662,12811
25.262486696243286,12810
25.279731035232544,12809
25.297388792037964,12808
25.318917274475098,12807
25.336284160614014,12806
25.356850385665894,12805
25.37421441078186,12804
25.393421411514282,12803
25.413891077041626,12802
25.448851108551025,12801
25.466031789779663,12800
25.483805179595947,12799
25.501548290252686,12798
25.519052743911743,12797
25.554080724716187,12796
25.57146906852722,12795
25.58916449546814,12794
25.614985704421997,12793
25.63239026069641,12792
25.653080701828003,12791
25.672526597976685,12790
25.69034457206726,12789
25.71388077735901,12788
25.73200249671936,12787
25.75022602081299,12786
25.77338194847107,12785
25.79120397567749,12784
25.809366703033447,12783
25.82740807533264,12782
25.847558975219727,12781
25.865171909332275,12780
25.882534503936768,12779
25.9002046585083,12778
25.918473958969116,12777
25.936127424240112,12776
25.953991174697876,12775
25.971681118011475,12774
26.00627088546753,12773
26.023925065994263,12772
26.041165828704834,12771
26.05891180038452,12770
26.120245933532715,12769
26.13793444633484,12768
26.155598402023315,12767
26.17321801185608,12766
26.190683126449585,12765
26.227961540222168,12764
26.245593547821045,12763
26.262905597686768,12762
26.29952049255371,12761
26.317046880722046,12760
26.334868907928467,12759
26.357409238815308,12758
26.374857187271118,12757
26.393646955490112,12756
26.430622816085815,12755
26.46540927886963,12754
26.48314380645752,12753
26.51819348335266,12752
26.53598141670227,12751
26.553553819656372,12750
26.57130742073059,12749
26.588640451431274,12748
26.60847806930542,12747
26.62593650817871,12746
26.643773317337036,12745
26.66155743598938,12744
26.696354389190674,12743
26.7230281829834,12742
26.741369485855103,12741
26.758837938308716,12740
26.776219606399536,12739
26.795478105545044,12738
26.81286334991455,12737
26.83063793182373,12736
26.882893562316895,12735
26.936468362808228,12734
26.971448183059692,12733
26.98916220664978,12732
27.006696939468384,12731
27.02432942390442,12730
27.04193925857544,12729
27.059643983840942,12728
27.077144384384155,12727
27.112574338912964,12726
27.13079810142517,12725
27.148543119430542,12724
27.166227102279663,12723
27.187438249588013,12722
27.20467448234558,12721
27.237890005111694,12720
27.255160570144653,12719
27.272329568862915,12718
27.289989948272705,12717
27.307767629623413,12716
27.325247049331665,12715
27.34312677383423,12714
27.362504243850708,12713
27.37982726097107,12712
27.397672653198242,12711
27.432674407958984,12710
27.451587438583374,12709
27.470786333084106,12708
27.50803780555725,12707
27.525972366333008,12706
27.543707132339478,12705
27.58199429512024,12704
27.599794387817383,12703
27.640318632125854,12702
27.658067226409912,12701
27.675332069396973,12700
27.695234775543213,12699
27.717072248458862,12698
27.734721183776855,12697
27.75243353843689,12696
27.77020525932312,12695
27.78776240348816,12694
27.80547308921814,12693
27.822721004486084,12692
27.84033203125,12691
27.857996702194214,12690
27.875343561172485,12689
27.902274131774902,12688
27.919788122177124,12687
27.940114498138428,12686
27.957762956619263,12685
27.980354070663452,12684
27.997573137283325,12683
28.014700651168823,12682
28.049663066864014,12681
28.085841417312622,12680
28.127161741256714,12679
28.162267923355103,12678
28.18001914024353,12677
28.19752335548401,12676
28.21510624885559,12675
28.232568979263306,12674
28.291543006896973,12673
28.310335159301758,12672
28.32780885696411,12671
28.345534324645996,12670
28.363253355026245,12669
28.38049077987671,12668
28.402304649353027,12667
28.41959810256958,12666
28.445942163467407,12665
28.46329426765442,12664
28.481059312820435,12663
28.49872899055481,12662
28.533607244491577,12661
28.57867980003357,12660
28.596347093582153,12659
28.614357471466064,12658
28.650090217590332,12657
28.6678626537323,12656
28.70310115814209,12655
28.72125816345215,12654
28.761470317840576,12653
28.779083251953125,12652
28.80774235725403,12651
28.825021028518677,12650
28.842683792114258,12649
28.86044669151306,12648
28.880404472351074,12647
28.89775037765503,12646
28.915299892425537,12645
28.93311643600464,12644
28.950802087783813,12643
28.991803884506226,12642
29.009411573410034,12641
29.02736496925354,12640
29.051461696624756,12639
29.075194597244263,12638
29.09264373779297,12637
29.110612869262695,12636
29.128499269485474,12635
29.163599252700806,12634
29.1812686920166,12633
29.200162410736084,12632
29.23469114303589,12631
29.258362770080566,12630
29.2756290435791,12629
29.29330539703369,12628
29.31131672859192,12627
29.328633069992065,12626
29.363624334335327,12625
29.39174747467041,12624
29.409372091293335,12623
29.42699646949768,12622
29.444196224212646,12621
29.47007393836975,12620
29.48954176902771,12619
29.507246732711792,12618
29.525097370147705,12617
29.57666540145874,12616
29.599329471588135,12615
29.617056608200073,12614
29.64459252357483,12613
29.66245985031128,12612
29.680593252182007,12611
29.699220418930054,12610
29.71709132194519,12609
29.73513388633728,12608
29.752971649169922,12607
29.778276205062866,12606
29.7956759929657,12605
29.817156314849854,12604
29.835170030593872,12603
29.85469079017639,12602
29.872775077819824,12601
29.8903968334198,12600
29.908571243286133,12599
29.95604658126831,12598
29.97322368621826,12597
29.991012811660767,12596
30.02629518508911,12595
30.04449200630188,12594
30.062347650527954,12593
30.080008029937744,12592
30.101539611816406,12591
30.119590759277344,12590
30.138886213302612,12589
30.15625309944153,12588
30.18180823326111,12587
30.199529886245728,12586
30.216947555541992,12585
30.241803646087646,12584
30.262994050979614,12583
30.280522108078003,12582
30.298260927200317,12581
30.335918426513672,12580
30.353657960891724,12579
30.371317863464355,12578
30.412750244140625,12577
30.43147301673889,12576
30.448711395263672,12575
30.466543436050415,12574
30.484150409698486,12573
30.50148296356201,12572
30.51954460144043,12571
30.54523801803589,12570
30.562620639801025,12569
30.580378770828247,12568
30.59815287590027,12567
30.615724563598633,12566
30.633737564086914,12565
30.65427303314209,12564
30.67366099357605,12563
30.692946910858154,12562
30.711251974105835,12561
30.753013134002686,12560
30.777059316635132,12559
30.795308113098145,12558
30.813230991363525,12557
30.83218479156494,12556
30.849656581878662,12555
30.867424249649048,12554
30.8851957321167,12553
30.911242246627808,12552
30.928649187088013,12551
30.946000576019287,12550
30.963752269744873,12549
30.981401920318604,12548
31.001792192459106,12547
31.01906442642212,12546
31.036314725875854,12545
31.06103801727295,12544
31.07851815223694,12543
31.101343870162964,12542
31.148913860321045,12541
31.166410446166992,12540
31.20655918121338,12539
31.224398136138916,12538
31.242196083068848,12537
31.2598135471344,12536
31.27741312980652,12535
31.294736623764038,12534
31.31263542175293,12533
31.330485820770264,12532
31.347810745239258,12531
31.372593879699707,12530
31.39020562171936,12529
31.410688638687134,12528
31.42794156074524,12527
31.44512104988098,12526
31.462773084640503,12525
31.481743812561035,12524
31.49918484687805,12523
31.5172119140625,12522
31.54549765586853,12521
31.562839031219482,12520
31.580604791641235,12519
31.59841012954712,12518
31.633397817611694,12517
31.651487112045288,12516
31.668859004974365,12515
31.686797618865967,12514
31.70494794845581,12513
31.722583055496216,12512
31.74247980117798,12511
31.75982141494751,12510
31.77756929397583,12509
31.80011010169983,12508
31.867112636566162,12507
31.890279531478882,12506
31.907934188842773,12505
31.925686597824097,12504
31.943554401397705,12503
31.961201429367065,12502
31.978474855422974,12501
31.99617886543274,12500
32.021883964538574,12499
32.056814432144165,12498
32.07907223701477,12497
32.114118576049805,12496
32.1327428817749,12495
32.16443347930908,12494
32.182186126708984,12493
32.212648153305054,12492
32.229806661605835,12491
32.24756217002869,12490
32.26530456542969,12489
32.288708448410034,12488
32.306145668029785,12487
32.32364344596863,12486
32.34409022331238,12485
32.361655712127686,12484
32.37962484359741,12483
32.39758348464966,12482
32.415714740753174,12481
32.433056592941284,12480
32.45065712928772,12479
32.468406200408936,12478
32.50368046760559,12477
32.52138328552246,12476
32.539042949676514,12475
32.561015129089355,12474
32.578556537628174,12473
32.59641695022583,12472
32.61425805091858,12471
32.634862422943115,12470
32.65229916572571,12469
32.669636487960815,12468
32.68750476837158,12467
32.70560431480408,12466
32.72307109832764,12465
32.74093151092529,12464
32.7611083984375,12463
32.778480768203735,12462
32.79621767997742,12461
32.81388974189758,12460
32.831135988235474,12459
32.848862648010254,12458
32.88436222076416,12457
32.90198802947998,12456
32.919936656951904,12455
32.9376060962677,12454
32.99119973182678,12453
33.00844955444336,12452
33.05667781829834,12451
33.09108209609985,12450
33.10901618003845,12449
33.126954317092896,12448
33.14564061164856,12447
33.16303014755249,12446
33.18571996688843,12445
33.20801782608032,12444
33.22555184364319,12443
33.24329876899719,12442
33.26103925704956,12441
33.2786979675293,12440
33.29997158050537,12439
33.317511558532715,12438
33.335386514663696,12437
33.35304069519043,12436
33.37040042877197,12435
33.388362407684326,12434
33.409432888031006,12433
33.45919489860535,12432
33.476999282836914,12431
33.510498046875,12430
33.52804946899414,12429
33.54586315155029,12428
33.58318114280701,12427
33.618427991867065,12426
33.637556314468384,12425
33.655110359191895,12424
33.68248128890991,12423
33.71858024597168,12422
33.73648476600647,12421
33.75412583351135,12420
33.77172875404358,12419
33.78934025764465,12418
33.818365812301636,12417
33.85851716995239,12416
33.87614130973816,12415
33.90005564689636,12414
33.917680740356445,12413
33.935458183288574,12412
33.97586989402771,12411
33.99363350868225,12410
34.01144051551819,12409
34.036407232284546,12408
34.05373692512512,12407
34.07279896736145,12406
34.1327588558197,12405
34.150301694869995,12404
34.16801905632019,12403
34.19179940223694,12402
34.209325075149536,12401
34.22900938987732,12400
34.26539897918701,12399
34.289331674575806,12398
34.30685043334961,12397
34.32472229003906,12396
34.342458963394165,12395
34.359742879867554,12394
34.37743616104126,12393
34.41244959831238,12392
34.43014931678772,12391
34.44773244857788,12390
34.46536111831665,12389
34.49009442329407,12388
34.51776957511902,12387
34.535500049591064,12386
34.57105875015259,12385
34.59223508834839,12384
34.609790086746216,12383
34.62765669822693,12382
34.645493268966675,12381
34.66346979141235,12380
34.68538784980774,12379
34.704222440719604,12378
34.72235131263733,12377
34.74024796485901,12376
34.757511138916016,12375
34.77541732788086,12374
34.793166399002075,12373
34.81059217453003,12372
34.82837700843811,12371
34.84604597091675,12370
34.8633873462677,12369
34.8850736618042,12368
34.90281081199646,12367
34.92047929763794,12366
34.96139359474182,12365
34.97872042655945,12364
35.01776099205017,12363
35.052820444107056,12362
35.07060480117798,12361
35.092947483062744,12360
35.11052656173706,12359
35.12846088409424,12358
35.146268129348755,12357
35.16376566886902,12356
35.18162989616394,12355
35.199278831481934,12354
35.22175884246826,12353
35.25063943862915,12352
35.27528953552246,12351
35.31631302833557,12350
35.33445334434509,12349
35.352139711380005,12348
35.36980652809143,12347
35.38713335990906,12346
35.404828786849976,12345
35.42977499961853,12344
35.44699263572693,12343
35.46470880508423,12342
35.49975872039795,12341
35.527024030685425,12340
35.546974420547485,12339
35.58691120147705,12338
35.622146129608154,12337
35.639914989471436,12336
35.657193422317505,12335
35.67505621910095,12334
35.71079993247986,12333
35.728269815444946,12332
35.746243953704834,12331
35.76393795013428,12330
35.78135442733765,12329
35.79905295372009,12328
35.81684708595276,12327
35.834169149398804,12326
35.86942982673645,12325
35.88671255111694,12324
35.9046471118927,12323
35.92508339881897,12322
35.942487716674805,12321
35.960259437561035,12320
35.98135685920715,12319
35.99873185157776,12318
36.027485847473145,12317
36.04510855674744,12316
36.06251406669617,12315
36.080195903778076,12314
36.09783101081848,12313
36.13398861885071,12312
36.1691677570343,12311
36.204296588897705,12310
36.22215533256531,12309
36.23952341079712,12308
36.25725531578064,12307
36.277599573135376,12306
36.29484152793884,12305
36.31278967857361,12304
36.355868101119995,12303
36.37356948852539,12302
36.39663076400757,12301
36.41430425643921,12300
36.4315390586853,12299
36.44924545288086,12298
36.46701788902283,12297
36.48455238342285,12296
36.50217914581299,12295
36.519763469696045,12294
36.53763556480408,12293
36.555861711502075,12292
36.573322057724,12291
36.60845446586609,12290
36.62571668624878,12289
36.64365363121033,12288
36.661372423172,12287
36.67863345146179,12286
36.7015016078949,12285
36.719208002090454,12284
36.7370491027832,12283
36.75479745864868,12282
36.77211570739746,12281
36.789841651916504,12280
36.83361625671387,12279
36.851314306259155,12278
36.90493440628052,12277
36.9224853515625,12276
36.940242528915405,12275
36.95830798149109,12274
36.97597932815552,12273
37.01141285896301,12272
37.04664874076843,12271
37.08182883262634,12270
37.101415157318115,12269
37.11912512779236,12268
37.14150285720825,12267
37.15923619270325,12266
37.19878625869751,12265
37.21654462814331,12264
37.23868131637573,12263
37.25628638267517,12262
37.291205644607544,12261
37.30917549133301,12260
37.36228322982788,12259
37.379857778549194,12258
37.399641275405884,12257
37.41736388206482,12256
37.44028902053833,12255
37.49327516555786,12254
37.529287815093994,12253
37.55398201942444,12252
37.57152533531189,12251
37.589346408843994,12250
37.607083320617676,12249
37.62431025505066,12248
37.68438172340393,12247
37.70221972465515,12246
37.71994686126709,12245
37.7378408908844,12244
37.78090763092041,12243
37.79892063140869,12242
37.8344292640686,12241
37.85750961303711,12240
37.87779688835144,12239
37.915382385253906,12238
37.93336224555969,12237
37.96908712387085,12236
37.9868381023407,12235
38.01511836051941,12234
38.03284978866577,12233
38.05492162704468,12232
38.07228374481201,12231
38.090179443359375,12230
38.10810589790344,12229
38.125548362731934,12228
38.14339828491211,12227
38.16114163398743,12226
38.17842698097229,12225
38.20107340812683,12224
38.21899366378784,12223
38.24014973640442,12222
38.257466316223145,12221
38.27481031417847,12220
38.29810428619385,12219
38.316179513931274,12218
38.33359122276306,12217
38.351341009140015,12216
38.36917567253113,12215
38.40691804885864,12214
38.42902159690857,12213
38.44634413719177,12212
38.46409010887146,12211
38.48175358772278,12210
38.499194622039795,12209
38.53117227554321,12208
38.5485463142395,12207
38.568180084228516,12206
38.58553767204285,12205
38.603349447250366,12204
38.62692856788635,12203
38.64448428153992,12202
38.662338733673096,12201
38.68953204154968,12200
38.70722532272339,12199
38.7428674697876,12198
38.817716121673584,12197
38.8351149559021,12196
38.85240364074707,12195
38.870304346084595,12194
38.888007402420044,12193
38.910362243652344,12192
38.927897453308105,12191
38.94525170326233,12190
38.96736693382263,12189
38.98466944694519,12188
39.00889730453491,12187
39.026159048080444,12186
39.04387068748474,12185
39.06167125701904,12184
39.100831508636475,12183
39.11890387535095,12182
39.1636803150177,12181
39.1815505027771,12180
39.216484785079956,12179
39.23927164077759,12178
39.25662136077881,12177
39.274473667144775,12176
39.292144536972046,12175
39.31665802001953,12174
39.33423089981079,12173
39.3515465259552,12172
39.36925411224365,12171
39.42473340034485,12170
39.44239616394043,12169
39.466522216796875,12168
39.4885413646698,12167
39.50663375854492,12166
39.5247905254364,12165
39.5491726398468,12164
39.566550731658936,12163
39.61892294883728,12162
39.63634514808655,12161
39.65429162979126,12160
39.67353582382202,12159
39.6924364566803,12158
39.729071855545044,12157
39.74673056602478,12156
39.7645149230957,12155
39.78346490859985,12154
39.80093002319336,12153
39.818888902664185,12152
39.83664584159851,12151
39.87154483795166,12150
39.907118797302246,12149
39.92495822906494,12148
39.9438374042511,12147
39.96591591835022,12146
39.98326802253723,12145
40.02468514442444,12144
40.04199290275574,12143
40.05986762046814,12142
40.081223249435425,12141
40.10542821884155,12140
40.140827655792236,12139
40.15865087509155,12138
40.18133521080017,12137
40.21599841117859,12136
40.23352670669556,12135
40.26841974258423,12134
40.28614091873169,12133
40.303571462631226,12132
40.33911895751953,12131
40.3564019203186,12130
40.405226707458496,12129
40.422579526901245,12128
40.44033145904541,12127
40.4580340385437,12126
40.475295543670654,12125
40.49296593666077,12124
40.519630908966064,12123
40.537314653396606,12122
40.56078243255615,12121
40.5782310962677,12120
40.613627910614014,12119
40.63090634346008,12118
40.648810148239136,12117
40.666691303253174,12116
40.69171142578125,12115
40.71000957489014,12114
40.72870373725891,12113
40.77023267745972,12112
40.799500942230225,12111
40.81776237487793,12110
40.85460138320923,12109
40.88683867454529,12108
40.904648303985596,12107
40.922653675079346,12106
40.961204528808594,12105
40.98360896110535,12104
41.00595235824585,12103
41.07182836532593,12102
41.08916139602661,12101
41.10717463493347,12100
41.12677049636841,12099
41.14429473876953,12098
41.175615549087524,12097
41.21075963973999,12096
41.24603486061096,12095
41.263856649398804,12094
41.28557753562927,12093
41.30288624763489,12092
41.32101345062256,12091
41.34090971946716,12090
41.3583664894104,12089
41.37632942199707,12088
41.39413642883301,12087
41.415552616119385,12086
41.43298530578613,12085
41.45735549926758,12084
41.515610694885254,12083
41.54049563407898,12082
41.59005641937256,12081
41.607813119888306,12080
41.625622034072876,12079
41.648865699768066,12078
41.66638946533203,12077
41.68454933166504,12076
41.70280313491821,12075
41.720585346221924,12074
41.73853373527527,12073
41.756330251693726,12072
41.78105711936951,12071
41.802372455596924,12070
41.81972694396973,12069
41.837470293045044,12068
41.855189085006714,12067
41.872485876083374,12066
41.90837049484253,12065
41.925854444503784,12064
41.943700075149536,12063
41.965660572052,12062
41.9841091632843,12061
42.00193452835083,12060
42.01971769332886,12059
42.042829513549805,12058
42.06043863296509,12057
42.077773571014404,12056
42.09557247161865,12055
42.11362338066101,12054
42.14420413970947,12053
42.161999225616455,12052
42.179787397384644,12051
42.197086572647095,12050
42.21477746963501,12049
42.24988126754761,12048
42.27014923095703,12047
42.28749132156372,12046
42.30537533760071,12045
42.323237895965576,12044
42.35803723335266,12043
42.416555881500244,12042
42.45190477371216,12041
42.469571590423584,12040
42.486966371536255,12039
42.50481653213501,12038
42.523924589157104,12037
42.54287624359131,12036
42.57801938056946,12035
42.613173484802246,12034
42.63125419616699,12033
42.64865064620972,12032
42.66639995574951,12031
42.70193362236023,12030
42.73802709579468,12029
42.77306318283081,12028
42.79074811935425,12027
42.80833148956299,12026
42.84332036972046,12025
42.86102604866028,12024
42.88176941871643,12023
42.91717028617859,12022
42.93504548072815,12021
42.9524712562561,12020
42.97143220901489,12019
43.00609040260315,12018
43.02368187904358,12017
43.04906153678894,12016
43.07381248474121,12015
43.099395513534546,12014
43.1169867515564,12013
43.13481593132019,12012
43.15275049209595,12011
43.1700644493103,12010
43.18793725967407,12009
43.20581030845642,12008
43.226874589920044,12007
43.244105100631714,12006
43.28727626800537,12005
43.30531048774719,12004
43.340948820114136,12003
43.35884094238281,12002
43.376139402389526,12001
43.39385223388672,12000
43.44620084762573,11999
43.463473081588745,11998
43.48418045043945,11997
43.51975345611572,11996
43.54594826698303,11995
43.56542229652405,11994
43.58339023590088,11993
43.607215881347656,11992
43.624534368515015,11991
43.642478227615356,11990
43.66928482055664,11989
43.68673396110535,11988
43.72706866264343,11987
43.7449734210968,11986
43.832709074020386,11985
43.85397791862488,11984
43.87159609794617,11983
43.89227485656738,11982
43.91636610031128,11981
43.9337592124939,11980
43.9515438079834,11979
43.969444036483765,11978
43.98720073699951,11977
44.01664710044861,11976
44.07267189025879,11975
44.09050250053406,11974
44.12776517868042,11973
44.14548850059509,11972
44.16313672065735,11971
44.18083572387695,11970
44.198527574539185,11969
44.24043917655945,11968
44.258150577545166,11967
44.28369498252869,11966
44.30093288421631,11965
44.342453718185425,11964
44.363142251968384,11963
44.380523920059204,11962
44.398353099823,11961
44.433443546295166,11960
44.48719263076782,11959
44.51009202003479,11958
44.527984380722046,11957
44.54580616950989,11956
44.56673526763916,11955
44.601781606674194,11954
44.62180733680725,11953
44.63965892791748,11952
44.65741467475891,11951
44.677531480789185,11950
44.69511818885803,11949
44.71324300765991,11948
44.78430128097534,11947
44.80323672294617,11946
44.8210175037384,11945
44.83860230445862,11944
44.856383085250854,11943
44.87396955490112,11942
44.90930700302124,11941
44.9282705783844,11940
44.969162464141846,11939
44.9900484085083,11938
45.00736379623413,11937
45.02520251274109,11936
45.043187856674194,11935
45.08302974700928,11934
45.1006498336792,11933
45.11858010292053,11932
45.14469122886658,11931
45.1622838973999,11930
45.18245816230774,11929
45.20146942138672,11928
45.24324297904968,11927
45.28153848648071,11926
45.3163697719574,11925
45.33412480354309,11924
45.351651191711426,11923
45.38680624961853,11922
45.4040961265564,11921
45.42188048362732,11920
45.439635038375854,11919
45.47663998603821,11918
45.49450492858887,11917
45.51258850097656,11916
45.55536961555481,11915
45.573641777038574,11914
45.64184761047363,11913
45.659703731536865,11912
45.67839694023132,11911
45.724188804626465,11910
45.742228507995605,11909
45.766239404678345,11908
45.8011257648468,11907
45.821998834609985,11906
45.843270778656006,11905
45.8652720451355,11904
45.908631801605225,11903
45.93219256401062,11902
45.95006465911865,11901
45.96774077415466,11900
45.98565936088562,11899
46.00310707092285,11898
46.022289752960205,11897
46.03977990150452,11896
46.057626485824585,11895
46.08292078971863,11894
46.10026836395264,11893
46.11853075027466,11892
46.13638162612915,11891
46.158499002456665,11890
46.1759033203125,11889
46.19967555999756,11888
46.220072984695435,11887
46.24827527999878,11886
46.26600003242493,11885
46.31098699569702,11884
46.32879114151001,11883
46.34652924537659,11882
46.38188123703003,11881
46.404520988464355,11880
46.43932604789734,11879
46.45698261260986,11878
46.47891068458557,11877
46.49844574928284,11876
46.516119718551636,11875
46.534305810928345,11874
46.59306311607361,11873
46.610960245132446,11872
46.62850522994995,11871
46.663745641708374,11870
46.68104791641235,11869
46.699137449264526,11868
46.736032485961914,11867
46.796677112579346,11866
46.81411147117615,11865
46.83193325996399,11864
46.84981060028076,11863
46.88460898399353,11862
46.92044234275818,11861
46.94333481788635,11860
46.9606819152832,11859
46.98000645637512,11858
46.99753737449646,11857
47.016403675079346,11856
47.051003217697144,11855
47.068732261657715,11854
47.11906576156616,11853
47.13685321807861,11852
47.154640197753906,11851
47.17231225967407,11850
47.190046548843384,11849
47.20771622657776,11848
47.26056432723999,11847
47.27817916870117,11846
47.2961483001709,11845
47.31951022148132,11844
47.429718255996704,11843
47.447505712509155,11842
47.46480703353882,11841
47.482534885406494,11840
47.505048751831055,11839
47.52254819869995,11838
47.543577909469604,11837
47.56176137924194,11836
47.58173727989197,11835
47.65430974960327,11834
47.67221188545227,11833
47.73266100883484,11832
47.76090359687805,11831
47.77872347831726,11830
47.80528974533081,11829
47.82312870025635,11828
47.87802481651306,11827
47.895812034606934,11826
47.91824674606323,11825
47.94126605987549,11824
47.9597749710083,11823
47.9771409034729,11822
48.01233792304993,11821
48.03776001930237,11820
48.05613613128662,11819
48.073896169662476,11818
48.11487126350403,11817
48.150437116622925,11816
48.17134642601013,11815
48.18872690200806,11814
48.20770335197449,11813
48.22659468650818,11812
48.24876284599304,11811
48.26609230041504,11810
48.28738760948181,11809
48.34368634223938,11808
48.361398696899414,11807
48.379077196121216,11806
48.39688420295715,11805
48.41425347328186,11804
48.432268142700195,11803
48.450122356414795,11802
48.486464500427246,11801
48.50817894935608,11800
48.525991916656494,11799
48.550973415374756,11798
48.56830286979675,11797
48.62520146369934,11796
48.701542377471924,11795
48.71926832199097,11794
48.739744663238525,11793
48.75843620300293,11792
48.779701948165894,11791
48.84239077568054,11790
48.860310554504395,11789
48.87838315963745,11788
48.91400647163391,11787
48.93181586265564,11786
48.9496705532074,11785
48.96752119064331,11784
49.002185583114624,11783
49.05581474304199,11782
49.07338070869446,11781
49.09336709976196,11780
49.11093020439148,11779
49.128753662109375,11778
49.15251159667969,11777
49.17027568817139,11776
49.188220262527466,11775
49.21611738204956,11774
49.23651099205017,11773
49.253936767578125,11772
49.324918031692505,11771
49.34272646903992,11770
49.360366106033325,11769
49.38865065574646,11768
49.423282861709595,11767
49.44098091125488,11766
49.45884943008423,11765
49.48311734199524,11764
49.50687074661255,11763
49.52434682846069,11762
49.544398069381714,11761
49.56187915802002,11760
49.579984188079834,11759
49.616461992263794,11758
49.644169092178345,11757
49.66194462776184,11756
49.68931245803833,11755
49.72991967201233,11754
49.74777555465698,11753
49.765708446502686,11752
49.7837438583374,11751
49.80587196350098,11750
49.82640266418457,11749
49.85250902175903,11748
49.8706910610199,11747
49.93016767501831,11746
49.948007583618164,11745
49.983221769332886,11744
50.01881384849548,11743
50.071996212005615,11742
50.08937931060791,11741
50.16058015823364,11740
50.17845034599304,11739
50.19742488861084,11738
50.24956464767456,11737
50.284687757492065,11736
50.30225968360901,11735
50.3417809009552,11734
50.359580278396606,11733
50.37730312347412,11732
50.395073890686035,11731
50.41242980957031,11730
50.43014740943909,11729
50.48841738700867,11728
50.50622510910034,11727
50.52408409118652,11726
50.54197907447815,11725
50.55967354774475,11724
50.57760262489319,11723
50.59552049636841,11722
50.61388921737671,11721
50.64001750946045,11720
50.65801000595093,11719
50.675721168518066,11718
50.69508624076843,11717
50.71280074119568,11716
50.73075079917908,11715
50.765942335128784,11714
50.78381371498108,11713
50.80153203010559,11712
50.81919240951538,11711
50.86374282836914,11710
50.88443470001221,11709
50.9045991897583,11708
50.92672896385193,11707
50.94467258453369,11706
51.00779891014099,11705
51.04275393486023,11704
51.060622453689575,11703
51.104472160339355,11702
51.122331380844116,11701
51.15756845474243,11700
51.17711639404297,11699
51.20181488990784,11698
51.23695468902588,11697
51.27217364311218,11696
51.28994131088257,11695
51.307915449142456,11694
51.34319257736206,11693
51.36103439331055,11692
51.38073182106018,11691
51.417128801345825,11690
51.43485903739929,11689
51.45243525505066,11688
51.48819375038147,11687
51.51245856285095,11686
51.5303738117218,11685
51.55288648605347,11684
51.57037878036499,11683
51.61135482788086,11682
51.6300573348999,11681
51.64789915084839,11680
51.66550040245056,11679
51.703845262527466,11678
51.739739656448364,11677
51.79774832725525,11676
51.83347702026367,11675
51.85118055343628,11674
51.8688759803772,11673
51.89109134674072,11672
51.908897161483765,11671
51.9508798122406,11670
51.9868643283844,11669
52.01450991630554,11668
52.031883001327515,11667
52.049596548080444,11666
52.06958031654358,11665
52.09242057800293,11664
52.110435485839844,11663
52.128464221954346,11662
52.145920515060425,11661
52.185850381851196,11660
52.224151611328125,11659
52.242063999176025,11658
52.27730917930603,11657
52.31252670288086,11656
52.3523268699646,11655
52.370137453079224,11654
52.38784456253052,11653
52.42347574234009,11652
52.44108867645264,11651
52.476370096206665,11650
52.50400638580322,11649
52.52733612060547,11648
52.562933683395386,11647
52.58060097694397,11646
52.59851121902466,11645
52.616358518600464,11644
52.63381552696228,11643
52.691553592681885,11642
52.709287881851196,11641
52.73162078857422,11640
52.766926765441895,11639
52.78470587730408,11638
52.80459237098694,11637
52.82191610336304,11636
52.83979630470276,11635
52.88617992401123,11634
52.904165506362915,11633
52.92462778091431,11632
52.94265818595886,11631
52.977832555770874,11630
52.99539542198181,11629
53.013030767440796,11628
53.03318166732788,11627
53.05057120323181,11626
53.068432331085205,11625
53.0861496925354,11624
53.116127729415894,11623
53.13399410247803,11622
53.18734121322632,11621
53.2121696472168,11620
53.229897022247314,11619
53.2478084564209,11618
53.26557230949402,11617
53.28345251083374,11616
53.30118751525879,11615
53.35470271110535,11614
53.37739109992981,11613
53.44785952568054,11612
53.47643995285034,11611
53.49904274940491,11610
53.51725149154663,11609
53.55270457267761,11608
53.57058238983154,11607
53.58844828605652,11606
53.60619282722473,11605
53.62359285354614,11604
53.658947229385376,11603
53.68264627456665,11602
53.75910997390747,11601
53.77885913848877,11600
53.79633808135986,11599
53.81412482261658,11598
53.84923315048218,11597
53.88480544090271,11596
53.90247082710266,11595
53.92057132720947,11594
53.95629000663757,11593
53.976486682891846,11592
53.996073484420776,11591
54.01400184631348,11590
54.03858518600464,11589
54.05678462982178,11588
54.11048412322998,11587
54.12937521934509,11586
54.147282123565674,11585
54.165284633636475,11584
54.18874144554138,11583
54.21208882331848,11582
54.25239586830139,11581
54.278796911239624,11580
54.29653263092041,11579
54.3147234916687,11578
54.3325400352478,11577
54.36821413040161,11576
54.38587188720703,11575
54.403539180755615,11574
54.42128944396973,11573
54.43867373466492,11572
54.45644426345825,11571
54.48182439804077,11570
54.50027060508728,11569
54.53587245941162,11568
54.569751262664795,11567
54.58795475959778,11566
54.623645544052124,11565
54.65950298309326,11564
54.677228927612305,11563
54.7002158164978,11562
54.735520124435425,11561
54.753368854522705,11560
54.78878879547119,11559
54.82039713859558,11558
54.87833333015442,11557
54.89633059501648,11556
54.95006251335144,11555
54.974472761154175,11554
54.992372274398804,11553
55.010215282440186,11552
55.03257369995117,11551
55.053112268447876,11550
55.070695638656616,11549
55.08861804008484,11548
55.10671257972717,11547
55.12606453895569,11546
55.150495767593384,11545
55.17357563972473,11544
55.19153189659119,11543
55.21256446838379,11542
55.22986030578613,11541
55.28840255737305,11540
55.30659031867981,11539
55.32447266578674,11538
55.352946043014526,11537
55.39597988128662,11536
55.41371154785156,11535
55.4389386177063,11534
55.45679473876953,11533
55.49181056022644,11532
55.54616117477417,11531
55.56393074989319,11530
55.58159637451172,11529
55.59960675239563,11528
55.616987228393555,11527
55.63484287261963,11526
55.65293622016907,11525
55.67045474052429,11524
55.69435167312622,11523
55.72026538848877,11522
55.75628852844238,11521
55.83938455581665,11520
55.89804720878601,11519
55.91580414772034,11518
55.951136350631714,11517
55.97795104980469,11516
55.99564981460571,11515
56.01388907432556,11514
56.031660318374634,11513
56.056370973587036,11512
56.074031591415405,11511
56.09517216682434,11510
56.11669588088989,11509
56.1348443031311,11508
56.152684926986694,11507
56.17011117935181,11506
56.187864542007446,11505
56.24858212471008,11504
56.265992403030396,11503
56.300875425338745,11502
56.319117307662964,11501
56.34036302566528,11500
56.36050724983215,11499
56.40592312812805,11498
56.42362666130066,11497
56.44360661506653,11496
56.4609534740448,11495
56.478801250457764,11494
56.503026247024536,11493
56.52254509925842,11492
56.54048252105713,11491
56.55945825576782,11490
56.57687520980835,11489
56.5947003364563,11488
56.612521171569824,11487
56.63770031929016,11486
56.67279505729675,11485
56.69062542915344,11484
56.72649788856506,11483
56.74391722679138,11482
56.79023885726929,11481
56.81761145591736,11480
56.86077570915222,11479
56.87842082977295,11478
56.89605975151062,11477
56.94925808906555,11476
56.97106957435608,11475
56.98879432678223,11474
57.01393103599548,11473
57.03129172325134,11472
57.05441379547119,11471
57.08865261077881,11470
57.1239709854126,11469
57.14184856414795,11468
57.15967416763306,11467
57.17754578590393,11466
57.19633221626282,11465
57.21413588523865,11464
57.237123250961304,11463
57.27203130722046,11462
57.28968667984009,11461
57.307385206222534,11460
57.34312129020691,11459
57.36504793167114,11458
57.38254976272583,11457
57.39986729621887,11456
57.43554067611694,11455
57.457462787628174,11454
57.47527050971985,11453
57.49304223060608,11452
57.510730504989624,11451
57.53262639045715,11450
57.550071001052856,11449
57.56787395477295,11448
57.603574991226196,11447
57.661876916885376,11446
57.68443179130554,11445
57.70230746269226,11444
57.72449016571045,11443
57.748549461364746,11442
57.76629614830017,11441
57.80766439437866,11440
57.825374126434326,11439
57.8431441783905,11438
57.89601397514343,11437
57.91372036933899,11436
57.93164277076721,11435
57.986163854599,11434
58.00363850593567,11433
58.03898501396179,11432
58.05697154998779,11431
58.07470345497131,11430
58.11187696456909,11429
58.15813946723938,11428
58.17710900306702,11427
58.196130990982056,11426
58.21650242805481,11425
58.27449107170105,11424
58.29186654090881,11423
58.309998989105225,11422
58.32904028892517,11421
58.34651732444763,11420
58.417163610458374,11419
58.43511343002319,11418
58.4524610042572,11417
58.475727558135986,11416
58.496417760849,11415
58.514281272888184,11414
58.5323326587677,11413
58.550339460372925,11412
58.576544523239136,11411
58.61200022697449,11410
58.62995791435242,11409
58.65831995010376,11408
58.67680215835571,11407
58.72636890411377,11406
58.744200706481934,11405
58.762123346328735,11404
58.81002187728882,11403
58.83198356628418,11402
58.8494234085083,11401
58.86748743057251,11400
58.889623165130615,11399
58.91253089904785,11398
58.94803071022034,11397
58.965829610824585,11396
59.00113296508789,11395
59.0197069644928,11394
59.037325382232666,11393
59.09408712387085,11392
59.1121289730072,11391
59.130210399627686,11390
59.14982056617737,11389
59.16786289215088,11388
59.20323157310486,11387
59.23841595649719,11386
59.25616455078125,11385
59.29984450340271,11384
59.31802201271057,11383
59.3580162525177,11382
59.38322830200195,11381
59.463542222976685,11380
59.481313943862915,11379
59.54037356376648,11378
59.557790994644165,11377
59.593196392059326,11376
59.64800500869751,11375
59.66710615158081,11374
59.68523120880127,11373
59.704004764556885,11372
59.730035066604614,11371
59.74769568443298,11370
59.76580190658569,11369
59.783687114715576,11368
59.80127739906311,11367
59.83739757537842,11366
59.85508465766907,11365
59.87366580963135,11364
59.891913652420044,11363
59.909751653671265,11362
59.96984314918518,11361
59.993075370788574,11360
60.01107168197632,11359
60.08510947227478,11358
60.10262894630432,11357
60.14465308189392,11356
60.16252279281616,11355
60.18032741546631,11354
60.19814848899841,11353
60.215991497039795,11352
60.23538017272949,11351
60.31363320350647,11350
60.33119869232178,11349
60.37642288208008,11348
60.400883436203,11347
60.41847085952759,11346
60.43583559989929,11345
60.45364499092102,11344
60.4714081287384,11343
60.49637484550476,11342
60.516685485839844,11341
60.54279685020447,11340
60.5607705116272,11339
60.6455934047699,11338
60.73576617240906,11337
60.774009704589844,11336
60.84880495071411,11335
60.867374658584595,11334
60.939138650894165,11333
60.96532464027405,11332
60.98278760910034,11331
61.01808166503906,11330
61.03542399406433,11329
61.05324172973633,11328
61.07119131088257,11327
61.159504413604736,11326
61.17682886123657,11325
61.19820833206177,11324
61.2192120552063,11323
61.25622057914734,11322
61.280757427215576,11321
61.2984619140625,11320
61.31666088104248,11319
61.33419322967529,11318
61.35207724571228,11317
61.42593026161194,11316
61.44339442253113,11315
61.46984624862671,11314
61.505409955978394,11313
61.52333664894104,11312
61.54118633270264,11311
61.56333899497986,11310
61.58078956604004,11309
61.598822593688965,11308
61.63446402549744,11307
61.65238165855408,11306
61.71861219406128,11305
61.73630380630493,11304
61.75424027442932,11303
61.77783465385437,11302
61.79671931266785,11301
61.87650775909424,11300
61.96541786193848,11299
61.98324513435364,11298
62.0020055770874,11297
62.019856452941895,11296
62.03738975524902,11295
62.05900549888611,11294
62.07648992538452,11293
62.09436845779419,11292
62.11238217353821,11291
62.16161251068115,11290
62.17949390411377,11289
62.23168730735779,11288
62.26659059524536,11287
62.284464836120605,11286
62.32590460777283,11285
62.34374451637268,11284
62.38236093521118,11283
62.47017192840576,11282
62.488001346588135,11281
62.52927255630493,11280
62.570955991744995,11279
62.58843803405762,11278
62.60652494430542,11277
62.62652015686035,11276
62.64413642883301,11275
62.67258810997009,11274
62.69964838027954,11273
62.72360587120056,11272
62.7415246963501,11271
62.75938534736633,11270
62.77686405181885,11269
62.82070589065552,11268
62.86606049537659,11267
62.88668632507324,11266
62.92182993888855,11265
62.939600229263306,11264
62.95698404312134,11263
62.99907827377319,11262
63.016462326049805,11261
63.04329299926758,11260
63.06127119064331,11259
63.07915258407593,11258
63.11504244804382,11257
63.13298177719116,11256
63.15077304840088,11255
63.16874051094055,11254
63.22198486328125,11253
63.239556550979614,11252
63.27427554130554,11251
63.309861183166504,11250
63.327800035476685,11249
63.34925866127014,11248
63.366748571395874,11247
63.41838192939758,11246
63.436134815216064,11245
63.50491428375244,11244
63.52251195907593,11243
63.54717016220093,11242
63.567193269729614,11241
63.6023645401001,11240
63.62002921104431,11239
63.64218044281006,11238
63.671353578567505,11237
63.68902921676636,11236
63.72857332229614,11235
63.75223994255066,11234
63.78066062927246,11233
63.798723220825195,11232
63.81652593612671,11231
63.83387064933777,11230
63.87041902542114,11229
63.90610671043396,11228
63.92404818534851,11227
63.96134424209595,11226
63.97903752326965,11225
63.99737071990967,11224
64.0329315662384,11223
64.05082178115845,11222
64.06878662109375,11221
64.09090900421143,11220
64.11497926712036,11219
64.162024974823,11218
64.1978530883789,11217
64.2156434059143,11216
64.23303437232971,11215
64.25355362892151,11214
64.27445602416992,11213
64.29187774658203,11212
64.32224750518799,11211
64.35719776153564,11210
64.40344405174255,11209
64.44195556640625,11208
64.46364068984985,11207
64.4822883605957,11206
64.5037853717804,11205
64.5215916633606,11204
64.54074144363403,11203
64.56588339805603,11202
64.61332297325134,11201
64.63080668449402,11200
64.6484694480896,11199
64.70175242424011,11198
64.71956157684326,11197
64.77314257621765,11196
64.79575943946838,11195
64.83785557746887,11194
64.92672944068909,11193
64.94467449188232,11192
64.9625723361969,11191
64.98052859306335,11190
64.99843430519104,11189
65.01818037033081,11188
65.03790807723999,11187
65.05533146858215,11186
65.09380030632019,11185
65.13097047805786,11184
65.14879179000854,11183
65.18403816223145,11182
65.20333909988403,11181
65.22094130516052,11180
65.25634217262268,11179
65.28220653533936,11178
65.29960465431213,11177
65.31776714324951,11176
65.34402656555176,11175
65.402188539505,11174
65.4285717010498,11173
65.45678496360779,11172
65.47621440887451,11171
65.51912689208984,11170
65.57264304161072,11169
65.59006953239441,11168
65.61119341850281,11167
65.64633917808533,11166
65.69039392471313,11165
65.70875787734985,11164
65.74637651443481,11163
65.76419830322266,11162
65.79954600334167,11161
65.83779096603394,11160
65.86053133010864,11159
65.88301968574524,11158
65.90058374404907,11157
65.93290710449219,11156
65.9737434387207,11155
65.9978666305542,11154
66.01530957221985,11153
66.03314399719238,11152
66.05108428001404,11151
66.1037905216217,11150
66.12759828567505,11149
66.14559268951416,11148
66.18571329116821,11147
66.23354077339172,11146
66.26877164840698,11145
66.2932391166687,11144
66.31592416763306,11143
66.33486461639404,11142
66.35470294952393,11141
66.37219524383545,11140
66.4181911945343,11139
66.43592047691345,11138
66.47137022018433,11137
66.49562740325928,11136
66.51358985900879,11135
66.53153324127197,11134
66.54912638664246,11133
66.57237219810486,11132
66.62477946281433,11131
66.66385865211487,11130
66.69976568222046,11129
66.71794104576111,11128
66.75340628623962,11127
66.77741241455078,11126
66.79491567611694,11125
66.83019351959229,11124
66.84794640541077,11123
66.87012338638306,11122
66.90552830696106,11121
66.923344373703,11120
66.94091486930847,11119
66.95904636383057,11118
66.97687578201294,11117
67.03605961799622,11116
67.0538318157196,11115
67.07751297950745,11114
67.09537553787231,11113
67.11343240737915,11112
67.13103079795837,11111
67.15458750724792,11110
67.17256450653076,11109
67.19452738761902,11108
67.21204614639282,11107
67.2293906211853,11106
67.2472939491272,11105
67.3000979423523,11104
67.35783529281616,11103
67.37583565711975,11102
67.39381122589111,11101
67.41157484054565,11100
67.42945003509521,11099
67.44681429862976,11098
67.46554660797119,11097
67.48314023017883,11096
67.50108456611633,11095
67.51926612854004,11094
67.54524517059326,11093
67.56790041923523,11092
67.58538389205933,11091
67.60339641571045,11090
67.6213583946228,11089
67.64048528671265,11088
67.68251705169678,11087
67.722585439682,11086
67.74058365821838,11085
67.7808587551117,11084
67.86000680923462,11083
67.89487314224243,11082
67.91307616233826,11081
67.93059945106506,11080
67.95568084716797,11079
67.97352194786072,11078
67.99100160598755,11077
68.02680516242981,11076
68.04467701911926,11075
68.08034348487854,11074
68.09789180755615,11073
68.13750123977661,11072
68.1724419593811,11071
68.19020795822144,11070
68.22745060920715,11069
68.28999209403992,11068
68.30777764320374,11067
68.33178973197937,11066
68.3496458530426,11065
68.3686625957489,11064
68.38611316680908,11063
68.4036180973053,11062
68.43896126747131,11061
68.45803642272949,11060
68.49461698532104,11059
68.52138686180115,11058
68.55650758743286,11057
68.59182929992676,11056
68.6099865436554,11055
68.63182353973389,11054
68.69403100013733,11053
68.71188163757324,11052
68.7299325466156,11051
68.77100992202759,11050
68.78893423080444,11049
68.83046388626099,11048
68.84824419021606,11047
68.89214968681335,11046
68.91069531440735,11045
68.94593000411987,11044
68.96381664276123,11043
68.9812343120575,11042
69.01662302017212,11041
69.03660249710083,11040
69.05406546592712,11039
69.08889818191528,11038
69.10729098320007,11037
69.1281406879425,11036
69.14561319351196,11035
69.16318798065186,11034
69.1984395980835,11033
69.21604561805725,11032
69.23392152786255,11031
69.25169730186462,11030
69.30406451225281,11029
69.32389378547668,11028
69.34183931350708,11027
69.38271522521973,11026
69.40047001838684,11025
69.41934275627136,11024
69.45540928840637,11023
69.47328209877014,11022
69.49108672142029,11021
69.50921440124512,11020
69.52684283256531,11019
69.54481530189514,11018
69.56266260147095,11017
69.60313725471497,11016
69.62099838256836,11015
69.63911461830139,11014
69.67480421066284,11013
69.69313907623291,11012
69.71165227890015,11011
69.74860405921936,11010
69.80885171890259,11009
69.84661912918091,11008
69.8822979927063,11007
69.9182608127594,11006
69.93654274940491,11005
69.95402431488037,11004
69.97196078300476,11003
70.03783583641052,11002
70.05576944351196,11001
70.09256339073181,11000
70.11068081855774,10999
70.14582753181458,10998
70.16373467445374,10997
70.20080232620239,10996
70.21871018409729,10995
70.23678278923035,10994
70.32232737541199,10993
70.35795974731445,10992
70.37581753730774,10991
70.39917707443237,10990
70.42461633682251,10989
70.44654059410095,10988
70.46436476707458,10987
70.49507308006287,10986
70.53181552886963,10985
70.57526969909668,10984
70.59326434135437,10983
70.61095952987671,10982
70.62901067733765,10981
70.70855236053467,10980
70.75399327278137,10979
70.79028964042664,10978
70.80853271484375,10977
70.82687759399414,10976
70.84487533569336,10975
70.88064002990723,10974
70.89867424964905,10973
70.93651366233826,10972
70.99468636512756,10971
71.02991080284119,10970
71.0667679309845,10969
71.1288390159607,10968
71.15222382545471,10967
71.17768454551697,10966
71.20110154151917,10965
71.21895790100098,10964
71.23682260513306,10963
71.29456400871277,10962
71.3127293586731,10961
71.33082604408264,10960
71.38319253921509,10959
71.46276617050171,10958
71.50488924980164,10957
71.52242112159729,10956
71.54684209823608,10955
71.56429314613342,10954
71.58738207817078,10953
71.60496115684509,10952
71.62859392166138,10951
71.6662380695343,10950
71.70492339134216,10949
71.74417114257812,10948
71.76195645332336,10947
71.77987241744995,10946
71.7990210056305,10945
71.81656908988953,10944
71.85804200172424,10943
71.87739419937134,10942
71.89971542358398,10941
71.91805219650269,10940
72.00773429870605,10939
72.04758715629578,10938
72.06550788879395,10937
72.08303356170654,10936
72.10093331336975,10935
72.11918473243713,10934
72.13676238059998,10933
72.154629945755,10932
72.19012546539307,10931
72.20794773101807,10930
72.22577452659607,10929
72.26131343841553,10928
72.296875,10927
72.31692862510681,10926
72.34650325775146,10925
72.36441779136658,10924
72.38237881660461,10923
72.40004777908325,10922
72.4181535243988,10921
72.45353841781616,10920
72.50804352760315,10919
72.52612853050232,10918
72.54408812522888,10917
72.57910370826721,10916
72.59715628623962,10915
72.74080657958984,10914
72.75874519348145,10913
72.79492497444153,10912
72.83086681365967,10911
72.8554904460907,10910
72.87312006950378,10909
72.89772033691406,10908
72.95105576515198,10907
72.97491931915283,10906
72.99243688583374,10905
73.01033663749695,10904
73.04014801979065,10903
73.05769801139832,10902
73.07561087608337,10901
73.10252451896667,10900
73.12414216995239,10899
73.14824652671814,10898
73.18368268013,10897
73.20353269577026,10896
73.25001382827759,10895
73.26796627044678,10894
73.28582692146301,10893
73.30344152450562,10892
73.33940649032593,10891
73.35693502426147,10890
73.39252543449402,10889
73.42765998840332,10888
73.46703290939331,10887
73.4878261089325,10886
73.50573825836182,10885
73.52603554725647,10884
73.5613968372345,10883
73.5792350769043,10882
73.59670901298523,10881
73.61488270759583,10880
73.63292288780212,10879
73.65064740180969,10878
73.6714026927948,10877
73.6890938282013,10876
73.72706532478333,10875
73.74513649940491,10874
73.7717490196228,10873
73.81535625457764,10872
73.83291411399841,10871
73.86942410469055,10870
73.95351219177246,10869
73.98839545249939,10868
74.00590705871582,10867
74.05059504508972,10866
74.08610939979553,10865
74.10419654846191,10864
74.1571717262268,10863
74.2135841846466,10862
74.24899530410767,10861
74.26993918418884,10860
74.36496067047119,10859
74.383056640625,10858
74.41820812225342,10857
74.44362187385559,10856
74.46302604675293,10855
74.4834520816803,10854
74.52969813346863,10853
74.54790616035461,10852
74.56556391716003,10851
74.59137678146362,10850
74.60910248756409,10849
74.62720513343811,10848
74.64527893066406,10847
74.66314697265625,10846
74.68133282661438,10845
74.6996681690216,10844
74.83545088768005,10843
74.92518043518066,10842
74.98327612876892,10841
75.00109124183655,10840
75.01886558532715,10839
75.03677654266357,10838
75.06025457382202,10837
75.07817077636719,10836
75.11662721633911,10835
75.13457012176514,10834
75.17911672592163,10833
75.25221157073975,10832
75.29828643798828,10831
75.31649899482727,10830
75.33448576927185,10829
75.3714804649353,10828
75.41111874580383,10827
75.42887949943542,10826
75.44675850868225,10825
75.47216820716858,10824
75.49011731147766,10823
75.51336336135864,10822
75.55285120010376,10821
75.58047032356262,10820
75.59847378730774,10819
75.61649370193481,10818
75.64988851547241,10817
75.68503880500793,10816
75.70836615562439,10815
75.72608232498169,10814
75.74615740776062,10813
75.76898312568665,10812
75.78976893424988,10811
75.81430101394653,10810
75.83218002319336,10809
75.85350799560547,10808
75.87526988983154,10807
75.89335465431213,10806
75.9128782749176,10805
75.93062376976013,10804
75.94974327087402,10803
75.9924829006195,10802
76.01024556159973,10801
76.02812910079956,10800
76.06389904022217,10799
76.08185887336731,10798
76.13641405105591,10797
76.15443301200867,10796
76.24882459640503,10795
76.2808039188385,10794
76.29859852790833,10793
76.32688283920288,10792
76.34448146820068,10791
76.36748123168945,10790
76.3850610256195,10789
76.43814396858215,10788
76.4555914402008,10787
76.4814841747284,10786
76.50329446792603,10785
76.54193639755249,10784
76.55953454971313,10783
76.57752251625061,10782
76.63991165161133,10781
76.65790748596191,10780
76.70377612113953,10779
76.72187423706055,10778
76.7399480342865,10777
76.76996374130249,10776
76.82269811630249,10775
76.84049367904663,10774
76.85854244232178,10773
76.90573000907898,10772
76.98417091369629,10771
77.01960039138794,10770
77.0967230796814,10769
77.13275027275085,10768
77.1590895652771,10767
77.21076250076294,10766
77.2547595500946,10765
77.29044580459595,10764
77.3793876171112,10763
77.43410396575928,10762
77.45168709754944,10761
77.5054063796997,10760
77.54696226119995,10759
77.5846643447876,10758
77.60497689247131,10757
77.64067840576172,10756
77.6586709022522,10755
77.71328949928284,10754
77.73372316360474,10753
77.76938056945801,10752
77.80508255958557,10751
77.82328629493713,10750
77.84085273742676,10749
77.8588719367981,10748
77.87682247161865,10747
77.90692377090454,10746
77.92685604095459,10745
77.96537232398987,10744
77.98442530632019,10743
78.00207495689392,10742
78.02020955085754,10741
78.0382444858551,10740
78.08253526687622,10739
78.10056161880493,10738
78.12025904655457,10737
78.13795852661133,10736
78.1588613986969,10735
78.17666745185852,10734
78.19429397583008,10733
78.21227383613586,10732
78.25879263877869,10731
78.30112624168396,10730
78.31930732727051,10729
78.3549542427063,10728
78.37281370162964,10727
78.42224097251892,10726
78.4619390964508,10725
78.47968745231628,10724
78.51557970046997,10723
78.55801558494568,10722
78.57584142684937,10721
78.59390592575073,10720
78.6119396686554,10719
78.63007879257202,10718
78.64946866035461,10717
78.70678305625916,10716
78.72460174560547,10715
78.79679775238037,10714
78.8320083618164,10713
78.854008436203,10712
78.87161469459534,10711
78.88972926139832,10710
78.90798568725586,10709
78.93297171592712,10708
78.96832203865051,10707
78.99159026145935,10706
79.00925135612488,10705
79.04540705680847,10704
79.06326413154602,10703
79.11661434173584,10702
79.18503832817078,10701
79.22003889083862,10700
79.24446177482605,10699
79.2654721736908,10698
79.28336095809937,10697
79.30129837989807,10696
79.31929397583008,10695
79.33732295036316,10694
79.35552144050598,10693
79.4106023311615,10692
79.42872214317322,10691
79.44671702384949,10690
79.46595668792725,10689
79.50479221343994,10688
79.54069113731384,10687
79.5587203502655,10686
79.59419631958008,10685
79.65387272834778,10684
79.67636966705322,10683
79.69450688362122,10682
79.71842885017395,10681
79.7550413608551,10680
79.81166911125183,10679
79.83174681663513,10678
79.8910391330719,10677
79.90917134284973,10676
79.92832112312317,10675
79.94586896896362,10674
80.0004780292511,10673
80.04122948646545,10672
80.06511282920837,10671
80.13567757606506,10670
80.1538028717041,10669
80.17195749282837,10668
80.20745801925659,10667
80.26112127304077,10666
80.31930828094482,10665
80.33735227584839,10664
80.35544276237488,10663
80.37323999404907,10662
80.42653107643127,10661
80.44406533241272,10660
80.47934865951538,10659
80.49753522872925,10658
80.51549792289734,10657
80.55733799934387,10656
80.57508850097656,10655
80.63006663322449,10654
80.64768886566162,10653
80.67343378067017,10652
80.69125294685364,10651
80.73060178756714,10650
80.7482419013977,10649
80.78406810760498,10648
80.80170607566833,10647
80.82632327079773,10646
80.84390878677368,10645
80.92046189308167,10644
80.94947147369385,10643
80.96702575683594,10642
80.98528814315796,10641
81.055917263031,10640
81.09672689437866,10639
81.11498761177063,10638
81.27230882644653,10637
81.36166477203369,10636
81.37957215309143,10635
81.41509509086609,10634
81.45076251029968,10633
81.46877408027649,10632
81.48633646965027,10631
81.50931119918823,10630
81.52707409858704,10629
81.55429673194885,10628
81.57227277755737,10627
81.59344673156738,10626
81.611252784729,10625
81.6288652420044,10624
81.64701080322266,10623
81.70193481445312,10622
81.73761034011841,10621
81.77922558784485,10620
81.79713106155396,10619
81.85264182090759,10618
81.87023854255676,10617
81.90630149841309,10616
81.99987292289734,10615
82.01867389678955,10614
82.06097316741943,10613
82.07884764671326,10612
82.12102556228638,10611
82.13902950286865,10610
82.1644594669342,10609
82.18234300613403,10608
82.21821975708008,10607
82.23589253425598,10606
82.29127621650696,10605
82.30917477607727,10604
82.32737874984741,10603
82.3629961013794,10602
82.38089847564697,10601
82.41623425483704,10600
82.4341881275177,10599
82.47407269477844,10598
82.51718783378601,10597
82.58064365386963,10596
82.62340974807739,10595
82.73046875,10594
82.74859619140625,10593
82.89841914176941,10592
83.00207591056824,10591
83.05480694770813,10590
83.07277202606201,10589
83.1086368560791,10588
83.14397311210632,10587
83.16197180747986,10586
83.18298506736755,10585
83.21929574012756,10584
83.23738431930542,10583
83.300288438797,10582
83.37651062011719,10581
83.41225099563599,10580
83.43032741546631,10579
83.47740769386292,10578
83.49493408203125,10577
83.53657960891724,10576
83.55595207214355,10575
83.57355880737305,10574
83.59348583221436,10573
83.6110610961914,10572
83.62919187545776,10571
83.64746856689453,10570
83.66749024391174,10569
83.68538427352905,10568
83.70465636253357,10567
83.77732992172241,10566
83.80744481086731,10565
83.82498216629028,10564
83.84303832054138,10563
83.87578582763672,10562
83.91113686561584,10561
83.92934846878052,10560
83.95233225822449,10559
83.97099304199219,10558
83.9891631603241,10557
84.02537393569946,10556
84.04314804077148,10555
84.06146812438965,10554
84.09733319282532,10553
84.11662888526917,10552
84.13456892967224,10551
84.15698409080505,10550
84.19617295265198,10549
84.21400928497314,10548
84.23364329338074,10547
84.27564334869385,10546
84.31494140625,10545
84.35094857215881,10544
84.38679051399231,10543
84.40463900566101,10542
84.45577096939087,10541
84.48247361183167,10540
84.49997019767761,10539
84.54361176490784,10538
84.5614743232727,10537
84.61297249794006,10536
84.64160919189453,10535
84.67702627182007,10534
84.69514989852905,10533
84.71333575248718,10532
84.7490828037262,10531
84.76728296279907,10530
84.78532838821411,10529
84.83042311668396,10528
84.86368989944458,10527
84.88349556922913,10526
84.90115118026733,10525
84.91952395439148,10524
84.93916130065918,10523
84.96234917640686,10522
85.01572442054749,10521
85.03623700141907,10520
85.14365339279175,10519
85.17873549461365,10518
85.19682288169861,10517
85.28917860984802,10516
85.307373046875,10515
85.32559204101562,10514
85.3441789150238,10513
85.36177086830139,10512
85.4047908782959,10511
85.42281889915466,10510
85.45788145065308,10509
85.47588086128235,10508
85.51143264770508,10507
85.52970552444458,10506
85.54739046096802,10505
85.56540846824646,10504
85.6105408668518,10503
85.62831282615662,10502
85.65414571762085,10501
85.67214250564575,10500
85.76671314239502,10499
85.8722403049469,10498
85.92986869812012,10497
85.99048089981079,10496
86.05250453948975,10495
86.0701801776886,10494
86.088214635849,10493
86.12964606285095,10492
86.14781618118286,10491
86.16567897796631,10490
86.30560493469238,10489
86.3239676952362,10488
86.34741377830505,10487
86.36567330360413,10486
86.3836441040039,10485
86.41927790641785,10484
86.43719720840454,10483
86.50642681121826,10482
86.52424359321594,10481
86.54231667518616,10480
86.57805943489075,10479
86.59604001045227,10478
86.66044211387634,10477
86.67842507362366,10476
86.74374794960022,10475
86.76146173477173,10474
86.77956247329712,10473
86.79760837554932,10472
86.850346326828,10471
86.88541793823242,10470
86.90935492515564,10469
86.95554661750793,10468
87.04962992668152,10467
87.06917095184326,10466
87.11481380462646,10465
87.13286519050598,10464
87.17077136039734,10463
87.20625162124634,10462
87.22418570518494,10461
87.24212527275085,10460
87.2601432800293,10459
87.31409454345703,10458
87.39186763763428,10457
87.41484045982361,10456
87.43230986595154,10455
87.48584604263306,10454
87.5259428024292,10453
87.54412293434143,10452
87.56224250793457,10451
87.61111378669739,10450
87.64740252494812,10449
87.66530704498291,10448
87.71109580993652,10447
87.72913527488708,10446
87.7663950920105,10445
87.78444528579712,10444
87.83428430557251,10443
87.85206079483032,10442
87.87032175064087,10441
87.89060139656067,10440
87.9889509677887,10439
88.03279614448547,10438
88.0507504940033,10437
88.08677744865417,10436
88.1231300830841,10435
88.2227087020874,10434
88.31140351295471,10433
88.32952284812927,10432
88.34743642807007,10431
88.36551690101624,10430
88.47087979316711,10429
88.48868131637573,10428
88.50691890716553,10427
88.52507519721985,10426
88.57132577896118,10425
88.59049105644226,10424
88.6080813407898,10423
88.66901898384094,10422
88.68721675872803,10421
88.70613169670105,10420
88.74211502075195,10419
88.76921057701111,10418
88.78714370727539,10417
88.86065196990967,10416
88.90642094612122,10415
88.95075798034668,10414
88.96858334541321,10413
89.00426054000854,10412
89.08121180534363,10411
89.09921050071716,10410
89.13524436950684,10409
89.1532461643219,10408
89.17119765281677,10407
89.18972206115723,10406
89.20785474777222,10405
89.22605895996094,10404
89.2469642162323,10403
89.26501083374023,10402
89.28879809379578,10401
89.30695176124573,10400
89.32470631599426,10399
89.38216423988342,10398
89.43831896781921,10397
89.47391653060913,10396
89.5101535320282,10395
89.5282928943634,10394
89.54755473136902,10393
89.57080745697021,10392
89.58871507644653,10391
89.60672688484192,10390
89.682044506073,10389
89.72992944717407,10388
89.74786424636841,10387
89.76591634750366,10386
89.85555982589722,10385
89.936594247818,10384
89.97399806976318,10383
89.99214291572571,10382
90.02868366241455,10381
90.09220457077026,10380
90.1582236289978,10379
90.17628765106201,10378
90.26134514808655,10377
90.27956295013428,10376
90.29759001731873,10375
90.31586527824402,10374
90.37644553184509,10373
90.41571545600891,10372
90.43378734588623,10371
90.49945998191833,10370
90.52138686180115,10369
90.54444694519043,10368
90.58259105682373,10367
90.61849641799927,10366
90.63649344444275,10365
90.67224717140198,10364
90.70877528190613,10363
90.74464511871338,10362
90.78492593765259,10361
90.80290985107422,10360
90.83816027641296,10359
90.85622549057007,10358
90.87389159202576,10357
90.8919665813446,10356
90.92825078964233,10355
90.94660949707031,10354
90.97345328330994,10353
91.02913069725037,10352
91.06479740142822,10351
91.11035108566284,10350
91.14661312103271,10349
91.18236184120178,10348
91.22987008094788,10347
91.24770784378052,10346
91.29059171676636,10345
91.34967041015625,10344
91.36766338348389,10343
91.4212749004364,10342
91.43892335891724,10341
91.51325631141663,10340
91.5314269065857,10339
91.56917023658752,10338
91.6104941368103,10337
91.63695859909058,10336
91.65466904640198,10335
91.67266964912415,10334
91.69079327583313,10333
91.7095685005188,10332
91.75091052055359,10331
91.78833818435669,10330
91.83502149581909,10329
91.85874032974243,10328
91.96653747558594,10327
91.98439502716064,10326
92.01986265182495,10325
92.05608868598938,10324
92.07432651519775,10323
92.09388279914856,10322
92.17035913467407,10321
92.22418856620789,10320
92.24176168441772,10319
92.28121376037598,10318
92.3014166355133,10317
92.319340467453,10316
92.34074258804321,10315
92.37651467323303,10314
92.39437556266785,10313
92.4123158454895,10312
92.4303469657898,10311
92.44938135147095,10310
92.467458486557,10309
92.50273942947388,10308
92.52121138572693,10307
92.54403471946716,10306
92.56157946586609,10305
92.58461594581604,10304
92.60278296470642,10303
92.62091946601868,10302
92.63866066932678,10301
92.65671730041504,10300
92.69273543357849,10299
92.7497501373291,10298
92.79837250709534,10297
92.86987495422363,10296
92.88777446746826,10295
92.90956664085388,10294
92.9454140663147,10293
93.00183367729187,10292
93.02129244804382,10291
93.03913426399231,10290
93.05727815628052,10289
93.07550048828125,10288
93.09315133094788,10287
93.15840697288513,10286
93.17639470100403,10285
93.19440340995789,10284
93.23365902900696,10283
93.253262758255,10282
93.30627036094666,10281
93.3422429561615,10280
93.36035013198853,10279
93.3805284500122,10278
93.39808368682861,10277
93.4191062450409,10276
93.44184827804565,10275
93.45985245704651,10274
93.48314929008484,10273
93.51911568641663,10272
93.53723978996277,10271
93.56017875671387,10270
93.58606553077698,10269
93.60997414588928,10268
93.62757706642151,10267
93.67305064201355,10266
93.7448046207428,10265
93.7806351184845,10264
93.84263801574707,10263
93.97557806968689,10262
94.0022075176239,10261
94.01970911026001,10260
94.05531740188599,10259
94.07338166236877,10258
94.17005181312561,10257
94.18772482872009,10256
94.22342801094055,10255
94.24131083488464,10254
94.28498005867004,10253
94.30288600921631,10252
94.34267687797546,10251
94.36064553260803,10250
94.37862515449524,10249
94.4225058555603,10248
94.4638876914978,10247
94.49946904182434,10246
94.53619861602783,10245
94.55860900878906,10244
94.61097836494446,10243
94.62903499603271,10242
94.64708948135376,10241
94.74914765357971,10240
94.78694343566895,10239
94.84782528877258,10238
94.87162661552429,10237
95.0099470615387,10236
95.04992628097534,10235
95.07631134986877,10234
95.1122100353241,10233
95.2018449306488,10232
95.28019380569458,10231
95.29801964759827,10230
95.31912517547607,10229
95.35515356063843,10228
95.3743097782135,10227
95.391854763031,10226
95.41238117218018,10225
95.47234630584717,10224
95.50225281715393,10223
95.56197094917297,10222
95.59759211540222,10221
95.61793255805969,10220
95.65555906295776,10219
95.6990647315979,10218
95.71738195419312,10217
95.86900901794434,10216
95.88658261299133,10215
95.90473937988281,10214
95.92852544784546,10213
95.94612216949463,10212
95.96475648880005,10211
96.00114297866821,10210
96.0419647693634,10209
96.06192064285278,10208
96.08389544487,10207
96.12015652656555,10206
96.13834738731384,10205
96.17657232284546,10204
96.19795823097229,10203
96.21555590629578,10202
96.26077246665955,10201
96.27845597267151,10200
96.32047843933105,10199
96.34048986434937,10198
96.36153721809387,10197
96.39726066589355,10196
96.45458030700684,10195
96.49516797065735,10194
96.53116345405579,10193
96.58577799797058,10192
96.62266683578491,10191
96.66254258155823,10190
96.68686318397522,10189
96.70497679710388,10188
96.725412607193,10187
96.74309921264648,10186
96.76912832260132,10185
96.8067729473114,10184
96.82473969459534,10183
96.90606141090393,10182
96.93892478942871,10181
96.95647239685059,10180
96.97442555427551,10179
97.0098237991333,10178
97.02786684036255,10177
97.04555940628052,10176
97.08642172813416,10175
97.13001942634583,10174
97.1891987323761,10173
97.20679593086243,10172
97.26884937286377,10171
97.31924748420715,10170
97.37309861183167,10169
97.39066791534424,10168
97.40876173973083,10167
97.43143320083618,10166
97.50588965415955,10165
97.52736186981201,10164
97.54502892494202,10163
97.59881591796875,10162
97.61649656295776,10161
97.6944694519043,10160
97.71331214904785,10159
97.73376703262329,10158
97.75191235542297,10157
97.769846200943,10156
97.79610419273376,10155
97.83585000038147,10154
97.87968015670776,10153
97.89771580696106,10152
97.91573858261108,10151
97.93392205238342,10150
97.96020412445068,10149
97.97920227050781,10148
98.04904627799988,10147
98.06669330596924,10146
98.09278535842896,10145
98.11056470870972,10144
98.12881636619568,10143
98.16500496864319,10142
98.18310785293579,10141
98.22417211532593,10140
98.24225044250488,10139
98.27786159515381,10138
98.29593062400818,10137
98.3139226436615,10136
98.33218502998352,10135
98.35377979278564,10134
98.3714120388031,10133
98.40695691108704,10132
98.44711327552795,10131
98.46806573867798,10130
98.48570442199707,10129
98.51294350624084,10128
98.55037951469421,10127
98.57411026954651,10126
98.62799143791199,10125
98.69347286224365,10124
98.74783563613892,10123
98.81469774246216,10122
98.88357591629028,10121
98.9239776134491,10120
98.98815202713013,10119
99.00947213172913,10118
99.05488085746765,10117
99.09077286720276,10116
99.11483764648438,10115
99.13711476325989,10114
99.17495489120483,10113
99.19282174110413,10112
99.21076822280884,10111
99.22896981239319,10110
99.26460552215576,10109
99.2824866771698,10108
99.30708456039429,10107
99.42117166519165,10106
99.45631909370422,10105
99.48019528388977,10104
99.50105667114258,10103
99.55511426925659,10102
99.61336421966553,10101
99.70329284667969,10100
99.72164845466614,10099
99.76247644424438,10098
99.7983078956604,10097
99.83518171310425,10096
99.88064455986023,10095
99.9042558670044,10094
99.98416018486023,10093
100.0022873878479,10092
