0.33928656578063965,8776
0.4041898250579834,8775
0.46292853355407715,8774
0.5197663307189941,8773
0.5756666660308838,8772
0.6327152252197266,8771
0.688178539276123,8770
0.7436270713806152,8769
0.7965681552886963,8768
0.849642276763916,8767
0.9025030136108398,8766
0.9555673599243164,8765
1.0083353519439697,8764
1.0613024234771729,8763
1.1189091205596924,8762
1.1788170337677002,8761
1.2331736087799072,8760
1.2864491939544678,8759
1.3450000286102295,8758
1.40330171585083,8757
1.4617319107055664,8756
1.516399621963501,8755
1.5701663494110107,8754
1.6232340335845947,8753
1.675931453704834,8752
1.72879958152771,8751
1.781480073928833,8750
1.8341457843780518,8749
1.88661527633667,8748
1.9394452571868896,8747
1.9920461177825928,8746
2.044750213623047,8745
2.097533702850342,8744
2.1499619483947754,8743
2.2023427486419678,8742
2.254697322845459,8741
2.30694842338562,8740
2.3592450618743896,8739
2.4118714332580566,8738
2.464090347290039,8737
2.5164833068847656,8736
2.571965217590332,8735
2.624664783477783,8734
2.6773126125335693,8733
2.730032444000244,8732
2.7828402519226074,8731
2.8351759910583496,8730
2.8875732421875,8729
2.940249443054199,8728
2.994476795196533,8727
3.047297239303589,8726
3.100189208984375,8725
3.1526992321014404,8724
3.205174684524536,8723
3.2576191425323486,8722
3.309777021408081,8721
3.3618826866149902,8720
3.414304494857788,8719
3.466538429260254,8718
3.5188679695129395,8717
3.5713157653808594,8716
3.623845338821411,8715
3.6766719818115234,8714
3.7290773391723633,8713
3.7815511226654053,8712
3.8337669372558594,8711
3.886031150817871,8710
3.9385523796081543,8709
3.994330644607544,8708
4.0520453453063965,8707
4.1058337688446045,8706
4.1585962772369385,8705
4.211305618286133,8704
4.2635862827301025,8703
4.3157501220703125,8702
4.368055105209351,8701
4.421910762786865,8700
4.476099729537964,8699
4.531376838684082,8698
4.5899341106414795,8697
4.642693519592285,8696
4.695302963256836,8695
4.7505388259887695,8694
4.804459095001221,8693
4.8570733070373535,8692
4.909734725952148,8691
4.96250319480896,8690
5.014841079711914,8689
5.0675048828125,8688
5.120098829269409,8687
5.172216176986694,8686
5.224451780319214,8685
5.276499271392822,8684
5.32848596572876,8683
5.380759239196777,8682
5.433002948760986,8681
5.485133647918701,8680
5.537180662155151,8679
5.589284420013428,8678
5.641455411911011,8677
5.693841934204102,8676
5.746293783187866,8675
5.798947811126709,8674
5.851121425628662,8673
5.903716325759888,8672
5.956664085388184,8671
6.008755683898926,8670
6.06089973449707,8669
6.1132261753082275,8668
6.165194988250732,8667
6.217132329940796,8666
6.269015073776245,8665
6.320859909057617,8664
6.372946739196777,8663
6.425055742263794,8662
6.477168321609497,8661
6.529415607452393,8660
6.58358359336853,8659
6.636419296264648,8658
6.6885693073272705,8657
6.74066162109375,8656
6.792685031890869,8655
6.844630718231201,8654
6.896764516830444,8653
6.948859930038452,8652
7.000883102416992,8651
7.053335666656494,8650
7.10657525062561,8649
7.158592700958252,8648
7.210498571395874,8647
7.26235294342041,8646
7.314220428466797,8645
7.366201877593994,8644
7.418149709701538,8643
7.470027923583984,8642
7.522027254104614,8641
7.574026823043823,8640
7.625884056091309,8639
7.677839756011963,8638
7.729755163192749,8637
7.781733751296997,8636
7.833644866943359,8635
7.886285781860352,8634
7.940226316452026,8633
7.992455720901489,8632
8.044543743133545,8631
8.096851825714111,8630
8.148765563964844,8629
8.20057725906372,8628
8.252508401870728,8627
8.304319620132446,8626
8.356206893920898,8625
8.408097743988037,8624
8.459885358810425,8623
8.511715650558472,8622
8.563581228256226,8621
8.617378234863281,8620
8.669552087783813,8619
8.72171401977539,8618
8.773597717285156,8617
8.825543403625488,8616
8.877447128295898,8615
8.929728507995605,8614
8.9831862449646,8613
9.037494659423828,8612
9.091902732849121,8611
9.146543025970459,8610
9.200922966003418,8609
9.254847288131714,8608
9.307548761367798,8607
9.361866235733032,8606
9.416304588317871,8605
9.468576908111572,8604
9.520435571670532,8603
9.572736024856567,8602
9.624508380889893,8601
9.682100296020508,8600
9.734896421432495,8599
9.786851406097412,8598
9.838766813278198,8597
9.89074993133545,8596
9.942774295806885,8595
9.994709730148315,8594
10.046796083450317,8593
10.09872817993164,8592
10.150408267974854,8591
10.202050685882568,8590
10.25372052192688,8589
10.31050705909729,8588
10.365611553192139,8587
10.4179527759552,8586
10.469981908798218,8585
10.52196192741394,8584
10.573700666427612,8583
10.62741732597351,8582
10.680126190185547,8581
10.732656955718994,8580
10.784997701644897,8579
10.836928844451904,8578
10.889483213424683,8577
10.941590309143066,8576
10.993739128112793,8575
11.048319339752197,8574
11.100389957427979,8573
11.152319192886353,8572
11.210350275039673,8571
11.268380641937256,8570
11.322912693023682,8569
11.379476547241211,8568
11.432179689407349,8567
11.484587907791138,8566
11.536509037017822,8565
11.588443756103516,8564
11.640254497528076,8563
11.692045450210571,8562
11.743800163269043,8561
11.795443058013916,8560
11.84700322151184,8559
11.898816347122192,8558
11.950776815414429,8557
12.002361297607422,8556
12.054300546646118,8555
12.106285333633423,8554
12.157995700836182,8553
12.209565162658691,8552
12.26112985610962,8551
12.31259560585022,8550
12.364084243774414,8549
12.415507078170776,8548
12.466959238052368,8547
12.51847243309021,8546
12.571013927459717,8545
12.623679637908936,8544
12.677902460098267,8543
12.730023860931396,8542
12.78230357170105,8541
12.834029912948608,8540
12.8863844871521,8539
12.938549757003784,8538
12.99224305152893,8537
13.045196771621704,8536
13.098182439804077,8535
13.150312662124634,8534
13.202482461929321,8533
13.254357814788818,8532
13.306384325027466,8531
13.358518123626709,8530
13.410791635513306,8529
13.462750911712646,8528
13.515188932418823,8527
13.568197250366211,8526
13.620367288589478,8525
13.672584772109985,8524
13.72537612915039,8523
13.777759313583374,8522
13.82964038848877,8521
13.881564140319824,8520
13.933716297149658,8519
13.986100196838379,8518
14.040204048156738,8517
14.094022750854492,8516
14.146859645843506,8515
14.198549747467041,8514
14.250274658203125,8513
14.30228304862976,8512
14.355918407440186,8511
14.40988039970398,8510
14.463610410690308,8509
14.517351150512695,8508
14.571208000183105,8507
14.625072479248047,8506
14.681162357330322,8505
14.735899686813354,8504
14.790062665939331,8503
14.843994140625,8502
14.89808464050293,8501
14.952109336853027,8500
15.005924463272095,8499
15.06352424621582,8498
15.119078636169434,8497
15.17104172706604,8496
15.222479343414307,8495
15.274487495422363,8494
15.326592445373535,8493
15.378536701202393,8492
15.430613040924072,8491
15.482777833938599,8490
15.536283731460571,8489
15.590744256973267,8488
15.64482855796814,8487
15.698381185531616,8486
15.751754522323608,8485
15.805851697921753,8484
15.859813213348389,8483
15.91397738456726,8482
15.967714309692383,8481
16.019471406936646,8480
16.071231365203857,8479
16.123189210891724,8478
16.174776077270508,8477
16.22646975517273,8476
16.278061389923096,8475
16.329880714416504,8474
16.38192629814148,8473
16.434045553207397,8472
16.485968112945557,8471
16.53892731666565,8470
16.591249704360962,8469
16.64306616783142,8468
16.697471380233765,8467
16.749900579452515,8466
16.80194878578186,8465
16.853734493255615,8464
16.90559434890747,8463
16.957355260849,8462
17.009120225906372,8461
17.06069040298462,8460
17.1125385761261,8459
17.164146661758423,8458
17.215742826461792,8457
17.26724362373352,8456
17.318730354309082,8455
17.37018847465515,8454
17.421733379364014,8453
17.4732346534729,8452
17.524750471115112,8451
17.57628870010376,8450
17.627788543701172,8449
17.679312467575073,8448
17.730894804000854,8447
17.78247904777527,8446
17.83415913581848,8445
17.889819860458374,8444
17.94613480567932,8443
17.998315811157227,8442
18.04999089241028,8441
18.10207462310791,8440
18.154146909713745,8439
18.211960792541504,8438
18.265127658843994,8437
18.31713342666626,8436
18.368974447250366,8435
18.420738697052002,8434
18.472295999526978,8433
18.524000883102417,8432
18.57589554786682,8431
18.627444982528687,8430
18.67897891998291,8429
18.732837200164795,8428
18.78465723991394,8427
18.836453676223755,8426
18.88821768760681,8425
18.940086126327515,8424
18.99162745475769,8423
19.043111562728882,8422
19.095394134521484,8421
19.147730827331543,8420
19.199321031570435,8419
19.250980138778687,8418
19.3024959564209,8417
19.35410475730896,8416
19.405470609664917,8415
19.460646629333496,8414
19.512989044189453,8413
19.56459641456604,8412
19.61625909805298,8411
19.668068885803223,8410
19.720003128051758,8409
19.771550178527832,8408
19.82302498817444,8407
19.874927282333374,8406
19.92673683166504,8405
19.97822856903076,8404
20.02974796295166,8403
20.08116102218628,8402
20.132845401763916,8401
20.184201955795288,8400
20.23560857772827,8399
20.28694796562195,8398
20.338258743286133,8397
20.389655351638794,8396
20.44106101989746,8395
20.49255084991455,8394
20.543864965438843,8393
20.59516215324402,8392
20.64646029472351,8391
20.698388814926147,8390
20.752453327178955,8389
20.804192066192627,8388
20.855652332305908,8387
20.907179832458496,8386
20.958582878112793,8385
21.010141849517822,8384
21.06150770187378,8383
21.11311149597168,8382
21.164411783218384,8381
21.215895175933838,8380
21.27369999885559,8379
21.331783056259155,8378
21.389620304107666,8377
21.444669723510742,8376
21.50283193588257,8375
21.556092023849487,8374
21.608124494552612,8373
21.660025596618652,8372
21.71193838119507,8371
21.763662815093994,8370
21.815429210662842,8369
21.86714506149292,8368
21.919361114501953,8367
21.970781803131104,8366
22.022119760513306,8365
22.07344150543213,8364
22.12511157989502,8363
22.17636513710022,8362
22.227648735046387,8361
22.278815269470215,8360
22.330145120620728,8359
22.382856607437134,8358
22.439191102981567,8357
22.49151635169983,8356
22.542998790740967,8355
22.59451413154602,8354
22.64588499069214,8353
22.697265148162842,8352
22.751469373703003,8351
22.803447484970093,8350
22.855103731155396,8349
22.907042503356934,8348
22.958919048309326,8347
23.011849403381348,8346
23.063782691955566,8345
23.116157054901123,8344
23.167510986328125,8343
23.218665838241577,8342
23.2698655128479,8341
23.321030139923096,8340
23.372126579284668,8339
23.423383951187134,8338
23.474517345428467,8337
23.525948762893677,8336
23.57720112800598,8335
23.628312349319458,8334
23.67937994003296,8333
23.730780363082886,8332
23.782022953033447,8331
23.833183765411377,8330
23.884342908859253,8329
23.935776948928833,8328
23.986988306045532,8327
24.03811740875244,8326
24.089396953582764,8325
24.140994787216187,8324
24.192147254943848,8323
24.243308544158936,8322
24.29435682296753,8321
24.34545660018921,8320
24.39644193649292,8319
24.447518825531006,8318
24.49860405921936,8317
24.549599647521973,8316
24.600783348083496,8315
24.65176296234131,8314
24.702741384506226,8313
24.755526781082153,8312
24.807489156723022,8311
24.85861849784851,8310
24.910431385040283,8309
24.961477994918823,8308
25.012625217437744,8307
25.063857793807983,8306
25.11789298057556,8305
25.169352531433105,8304
25.220564603805542,8303
25.271597146987915,8302
25.322712659835815,8301
25.373727083206177,8300
25.42466139793396,8299
25.47559881210327,8298
25.52677273750305,8297
25.577819108963013,8296
25.628734588623047,8295
25.67977523803711,8294
25.731255292892456,8293
25.78225326538086,8292
25.83320713043213,8291
25.884042739868164,8290
25.935121536254883,8289
25.986130475997925,8288
26.037015676498413,8287
26.09131956100464,8286
26.148977041244507,8285
26.200960397720337,8284
26.252115488052368,8283
26.303207635879517,8282
26.354176998138428,8281
26.405198097229004,8280
26.455971002578735,8279
26.506956815719604,8278
26.557893753051758,8277
26.608844757080078,8276
26.659733295440674,8275
26.710651397705078,8274
26.76210308074951,8273
26.81546902656555,8272
26.86661958694458,8271
26.91777753829956,8270
26.96867299079895,8269
27.019822597503662,8268
27.070619106292725,8267
27.122437953948975,8266
27.173304557800293,8265
27.22411799430847,8264
27.274782180786133,8263
27.325448989868164,8262
27.37616729736328,8261
27.426883459091187,8260
27.477537631988525,8259
27.52845311164856,8258
27.579121589660645,8257
27.629737854003906,8256
27.680437326431274,8255
27.73139715194702,8254
27.78215217590332,8253
27.832988500595093,8252
27.883819341659546,8251
27.93627166748047,8250
27.98859477043152,8249
28.039369344711304,8248
28.09023880958557,8247
28.141149759292603,8246
28.19170117378235,8245
28.242273807525635,8244
28.292747497558594,8243
28.34329128265381,8242
28.393906354904175,8241
28.44456458091736,8240
28.495307207107544,8239
28.54595685005188,8238
28.59652543067932,8237
28.647092819213867,8236
28.697688817977905,8235
28.748395919799805,8234
28.800983905792236,8233
28.852670431137085,8232
28.90414023399353,8231
28.95491075515747,8230
29.00568914413452,8229
29.056225538253784,8228
29.107532262802124,8227
29.158539056777954,8226
29.2093026638031,8225
29.25993585586548,8224
29.31070065498352,8223
29.361278295516968,8222
29.411688566207886,8221
29.462226629257202,8220
29.512805461883545,8219
29.56334090232849,8218
29.61390209197998,8217
29.664355993270874,8216
29.71506905555725,8215
29.765719890594482,8214
29.816251754760742,8213
29.866826057434082,8212
29.917741537094116,8211
29.9683358669281,8210
