0.022263050079345703,11022
0.04246234893798828,11021
0.061237335205078125,11020
0.0792841911315918,11019
0.09705710411071777,11018
0.11442923545837402,11017
0.1322312355041504,11016
0.15039730072021484,11015
0.16803503036499023,11014
0.18543219566345215,11013
0.20227503776550293,11012
0.21669507026672363,11011
0.23124408721923828,11010
0.24718713760375977,11009
0.266895055770874,11008
0.28750109672546387,11007
0.30840110778808594,11006
0.3286631107330322,11005
0.34913110733032227,11004
0.36946821212768555,11003
0.3899531364440918,11002
0.4105870723724365,11001
0.43184518814086914,11000
0.45171117782592773,10999
0.47032713890075684,10998
0.4889540672302246,10997
0.50732421875,10996
0.5262739658355713,10995
0.5455901622772217,10994
0.563791036605835,10993
0.5818691253662109,10992
0.5999271869659424,10991
0.6181752681732178,10990
0.6367671489715576,10989
0.655515193939209,10988
0.674065113067627,10987
0.6922101974487305,10986
0.71038818359375,10985
0.7284033298492432,10984
0.7463831901550293,10983
0.7642459869384766,10982
0.7827551364898682,10981
0.8006100654602051,10980
0.8184101581573486,10979
0.8363871574401855,10978
0.8542373180389404,10977
0.8844220638275146,10976
0.902381181716919,10975
0.9204421043395996,10974
0.9387922286987305,10973
0.9568831920623779,10972
0.975034236907959,10971
0.9931120872497559,10970
1.0108022689819336,10969
1.0291690826416016,10968
1.047640085220337,10967
1.0659849643707275,10966
1.08414626121521,10965
1.102457046508789,10964
1.1207900047302246,10963
1.138890266418457,10962
1.1570382118225098,10961
1.1747941970825195,10960
1.1924471855163574,10959
1.2099592685699463,10958
1.2273571491241455,10957
1.24521803855896,10956
1.2631433010101318,10955
1.2811572551727295,10954
1.2992329597473145,10953
1.3173041343688965,10952
1.3354501724243164,10951
1.352895975112915,10950
1.369760274887085,10949
1.3857781887054443,10948
1.4004180431365967,10947
1.4150850772857666,10946
1.429990291595459,10945
1.4453811645507812,10944
1.4669151306152344,10943
1.4813239574432373,10942
1.4957292079925537,10941
1.5108530521392822,10940
1.5252792835235596,10939
1.5395851135253906,10938
1.5538301467895508,10937
1.568223237991333,10936
1.583092212677002,10935
1.5976312160491943,10934
1.612281084060669,10933
1.6288859844207764,10932
1.647388219833374,10931
1.6653223037719727,10930
1.6831142902374268,10929
1.6993441581726074,10928
1.7149460315704346,10927
1.730600118637085,10926
1.748009204864502,10925
1.7656021118164062,10924
1.7833740711212158,10923
1.801037073135376,10922
1.8170721530914307,10921
1.8317012786865234,10920
1.8463830947875977,10919
1.8608791828155518,10918
1.875162124633789,10917
1.8901031017303467,10916
1.9048800468444824,10915
1.9201281070709229,10914
1.9376451969146729,10913
1.954214096069336,10912
1.9769792556762695,10911
1.9916410446166992,10910
2.0062520503997803,10909
2.021158218383789,10908
2.0367441177368164,10907
2.0528323650360107,10906
2.0683844089508057,10905
2.083341121673584,10904
2.098036289215088,10903
2.1129112243652344,10902
2.1273562908172607,10901
2.151261329650879,10900
2.1654481887817383,10899
2.17966628074646,10898
2.1940033435821533,10897
2.208575963973999,10896
2.2233383655548096,10895
2.2387850284576416,10894
2.2667629718780518,10893
2.282163143157959,10892
2.2971131801605225,10891
2.311372995376587,10890
2.3263862133026123,10889
2.3409221172332764,10888
2.3557512760162354,10887
2.3706140518188477,10886
2.401017189025879,10885
2.417821168899536,10884
2.4333302974700928,10883
2.447965145111084,10882
2.4623310565948486,10881
2.476741075515747,10880
2.4914581775665283,10879
2.5095252990722656,10878
2.524264335632324,10877
2.540839195251465,10876
2.558861017227173,10875
2.575778007507324,10874
2.59132719039917,10873
2.6090312004089355,10872
2.627047300338745,10871
2.644940137863159,10870
2.663499116897583,10869
2.6819560527801514,10868
2.6999471187591553,10867
2.717999219894409,10866
2.737311363220215,10865
2.755169153213501,10864
2.772970199584961,10863
2.790894031524658,10862
2.8066141605377197,10861
2.8209052085876465,10860
2.835360288619995,10859
2.8502261638641357,10858
2.8650972843170166,10857
2.8799242973327637,10856
2.8946731090545654,10855
2.909435272216797,10854
2.9240901470184326,10853
2.938631296157837,10852
2.9618310928344727,10851
2.984004020690918,10850
3.012308359146118,10849
3.0377180576324463,10848
3.057655096054077,10847
3.0735132694244385,10846
3.0907881259918213,10845
3.107558250427246,10844
3.1232471466064453,10843
3.1382431983947754,10842
3.153710126876831,10841
3.1718902587890625,10840
3.190000057220459,10839
3.2077622413635254,10838
3.224687099456787,10837
3.242471218109131,10836
3.258909225463867,10835
3.281330108642578,10834
3.2961032390594482,10833
3.310455083847046,10832
3.3261239528656006,10831
3.341639280319214,10830
3.3570663928985596,10829
3.37192702293396,10828
3.386573076248169,10827
3.401480197906494,10826
3.4165091514587402,10825
3.4316463470458984,10824
3.4472241401672363,10823
3.464625120162964,10822
3.4820752143859863,10821
3.5111122131347656,10820
3.5254299640655518,10819
3.540051221847534,10818
3.5546281337738037,10817
3.5700151920318604,10816
3.586872100830078,10815
3.6163341999053955,10814
3.6307971477508545,10813
3.649156093597412,10812
3.6633493900299072,10811
3.6775622367858887,10810
3.6925251483917236,10809
3.7073161602020264,10808
3.721834182739258,10807
3.7364511489868164,10806
3.751084089279175,10805
3.7656331062316895,10804
3.7802391052246094,10803
3.829322338104248,10802
3.8473730087280273,10801
3.8674871921539307,10800
3.8880980014801025,10799
3.9106242656707764,10798
3.932539224624634,10797
3.955618143081665,10796
3.998711109161377,10795
4.021536350250244,10794
4.044006109237671,10793
4.066110134124756,10792
4.088917970657349,10791
4.111077070236206,10790
4.133071184158325,10789
4.157620191574097,10788
4.180747985839844,10787
4.202236175537109,10786
4.2243733406066895,10785
4.246167182922363,10784
4.297582149505615,10783
4.315564155578613,10782
4.353759288787842,10781
4.369081020355225,10780
4.384909152984619,10779
4.400322198867798,10778
4.415167331695557,10777
4.430006980895996,10776
4.4449591636657715,10775
4.460520267486572,10774
4.4753711223602295,10773
4.4908599853515625,10772
4.5061421394348145,10771
4.520945072174072,10770
4.537051200866699,10769
4.55233097076416,10768
4.56984806060791,10767
4.5883471965789795,10766
4.606352090835571,10765
4.6250081062316895,10764
4.660470962524414,10763
4.678105115890503,10762
4.70461106300354,10761
4.722242116928101,10760
4.740486145019531,10759
4.75757908821106,10758
4.779291152954102,10757
4.797502279281616,10756
4.833485126495361,10755
4.849610328674316,10754
4.86446213722229,10753
4.880771160125732,10752
4.898941278457642,10751
4.93109130859375,10750
4.9465131759643555,10749
4.961464166641235,10748
4.97617506980896,10747
4.990904092788696,10746
5.005615234375,10745
5.02029013633728,10744
5.043903350830078,10743
5.058380126953125,10742
5.073636054992676,10741
5.091580152511597,10740
5.109656095504761,10739
5.127089262008667,10738
5.145085334777832,10737
5.1723761558532715,10736
5.190536260604858,10735
5.2087132930755615,10734
5.228281021118164,10733
5.248402118682861,10732
5.26790714263916,10731
5.286309242248535,10730
5.304776191711426,10729
5.322899341583252,10728
5.34092903137207,10727
5.367845058441162,10726
5.386115074157715,10725
5.4044389724731445,10724
5.422941207885742,10723
5.441864252090454,10722
5.469462156295776,10721
5.487840175628662,10720
5.514610290527344,10719
5.53272008895874,10718
5.5512213706970215,10717
5.586897134780884,10716
5.605695962905884,10715
5.624767303466797,10714
5.644083261489868,10713
5.663360118865967,10712
5.68328595161438,10711
5.704708099365234,10710
5.725312948226929,10709
5.746634244918823,10708
5.768124103546143,10707
5.7887122631073,10706
5.809660196304321,10705
5.8307061195373535,10704
5.851960182189941,10703
5.873273134231567,10702
5.909215211868286,10701
5.950331211090088,10700
5.971692085266113,10699
5.992210149765015,10698
6.0140862464904785,10697
6.057026147842407,10696
6.078660249710083,10695
6.099786281585693,10694
6.148256301879883,10693
6.187164306640625,10692
6.222853183746338,10691
6.270076274871826,10690
6.316924095153809,10689
6.344327211380005,10688
6.369689226150513,10687
6.3945090770721436,10686
6.430045127868652,10685
6.451643228530884,10684
6.472437381744385,10683
6.493718147277832,10682
6.513879060745239,10681
6.532987117767334,10680
6.551594257354736,10679
6.569674253463745,10678
6.605629205703735,10677
6.632857084274292,10676
6.656517267227173,10675
6.684169292449951,10674
6.704961061477661,10673
6.72649621963501,10672
6.747498273849487,10671
6.768560171127319,10670
6.789199113845825,10669
6.8314900398254395,10668
6.852427005767822,10667
6.873227119445801,10666
6.894103050231934,10665
6.942169189453125,10664
6.963361978530884,10663
6.984295129776001,10662
7.024825096130371,10661
7.045679092407227,10660
7.066685199737549,10659
7.086972236633301,10658
7.107020139694214,10657
7.127210378646851,10656
7.147613286972046,10655
7.168010950088501,10654
7.188467264175415,10653
7.212310075759888,10652
7.233130216598511,10651
7.253767251968384,10650
7.275214195251465,10649
7.296545028686523,10648
7.317600965499878,10647
7.338905096054077,10646
7.365512132644653,10645
7.386341094970703,10644
7.419601202011108,10643
7.460698127746582,10642
7.481579065322876,10641
7.501970291137695,10640
7.533094167709351,10639
7.551102161407471,10638
7.569049119949341,10637
7.596652984619141,10636
7.6127610206604,10635
7.630962133407593,10634
7.663257122039795,10633
7.681701183319092,10632
7.701648235321045,10631
7.722047328948975,10630
7.75814414024353,10629
7.822582960128784,10628
7.842186212539673,10627
7.865501165390015,10626
7.887420177459717,10625
7.912485122680664,10624
7.931749105453491,10623
7.983406066894531,10622
8.002336263656616,10621
8.022070169448853,10620
8.04179310798645,10619
8.061429977416992,10618
8.082435131072998,10617
8.102611303329468,10616
8.142356157302856,10615
8.162299156188965,10614
8.18212604522705,10613
8.201926231384277,10612
8.22186017036438,10611
8.250577211380005,10610
8.270573139190674,10609
8.290515184402466,10608
8.310315132141113,10607
8.330410957336426,10606
8.349881172180176,10605
8.369311332702637,10604
8.38873815536499,10603
8.422166109085083,10602
8.440752267837524,10601
8.459326267242432,10600
8.477785110473633,10599
8.496281147003174,10598
8.5144522190094,10597
8.53283405303955,10596
8.570350170135498,10595
8.58874225616455,10594
8.606846332550049,10593
8.624827146530151,10592
8.643144130706787,10591
8.661336183547974,10590
8.692939043045044,10589
8.715392112731934,10588
8.733557224273682,10587
8.751394033432007,10586
8.769181251525879,10585
8.78786301612854,10584
8.817179203033447,10583
8.832844018936157,10582
8.856749057769775,10581
8.871477365493774,10580
8.886849164962769,10579
8.901782035827637,10578
8.926397323608398,10577
8.94167423248291,10576
8.985435247421265,10575
9.001071214675903,10574
9.044424295425415,10573
9.06249213218689,10572
9.091878175735474,10571
9.109870195388794,10570
9.128474235534668,10569
9.147146224975586,10568
9.165163040161133,10567
9.183236122131348,10566
9.2014901638031,10565
9.219797372817993,10564
9.238003253936768,10563
9.255996227264404,10562
9.2743501663208,10561
9.293022155761719,10560
9.311015129089355,10559
9.32955813407898,10558
9.368253231048584,10557
9.395334243774414,10556
9.412866115570068,10555
9.444441080093384,10554
9.461862087249756,10553
9.503296136856079,10552
9.529179096221924,10551
9.547114372253418,10550
9.57695198059082,10549
9.592162132263184,10548
9.619320154190063,10547
9.648206233978271,10546
9.676725387573242,10545
9.695115089416504,10544
9.71256422996521,10543
9.730153322219849,10542
9.74807596206665,10541
9.766357183456421,10540
9.784396171569824,10539
9.801937103271484,10538
9.82789134979248,10537
9.84532618522644,10536
9.861310243606567,10535
9.879210233688354,10534
9.893830060958862,10533
9.946494340896606,10532
9.975268125534058,10531
9.990224123001099,10530
10.004842281341553,10529
10.019253969192505,10528
10.034337997436523,10527
10.057043313980103,10526
10.071824073791504,10525
10.088160276412964,10524
10.106301307678223,10523
10.124702215194702,10522
10.142603158950806,10521
10.18478012084961,10520
10.20279335975647,10519
10.219756126403809,10518
10.238295078277588,10517
10.25624704360962,10516
10.274086236953735,10515
10.31828236579895,10514
10.345133066177368,10513
10.37854528427124,10512
10.3944091796875,10511
10.424261093139648,10510
10.44602918624878,10509
10.46202802658081,10508
10.477066993713379,10507
10.492821216583252,10506
10.52246904373169,10505
10.537614107131958,10504
10.567018985748291,10503
10.581759214401245,10502
10.596614122390747,10501
10.623899221420288,10500
10.63950514793396,10499
10.660826206207275,10498
10.675137996673584,10497
10.689854145050049,10496
10.704810380935669,10495
10.728306293487549,10494
10.76139521598816,10493
10.780853986740112,10492
10.796409130096436,10491
10.81157922744751,10490
10.826154947280884,10489
10.841392278671265,10488
10.876569032669067,10487
10.894522190093994,10486
10.918650150299072,10485
10.948237180709839,10484
10.965203285217285,10483
10.98305606842041,10482
11.000852346420288,10481
11.018832206726074,10480
11.0369291305542,10479
11.054818153381348,10478
11.132646083831787,10477
11.150940179824829,10476
11.16897201538086,10475
11.214030027389526,10474
11.232621192932129,10473
11.25857925415039,10472
11.321306228637695,10471
11.339339971542358,10470
11.36095118522644,10469
11.447888135910034,10468
11.464207172393799,10467
11.47913908958435,10466
11.502585172653198,10465
11.52044415473938,10464
11.551650047302246,10463
11.604549169540405,10462
11.622997283935547,10461
11.642595052719116,10460
11.66959524154663,10459
11.68489122390747,10458
11.700186252593994,10457
11.715125322341919,10456
11.729902029037476,10455
11.746592283248901,10454
11.763421297073364,10453
11.792471170425415,10452
11.807295322418213,10451
11.821706295013428,10450
11.838572978973389,10449
11.854391098022461,10448
11.883493185043335,10447
11.904579162597656,10446
11.918828010559082,10445
11.933259963989258,10444
11.94868516921997,10443
11.963340044021606,10442
11.978200197219849,10441
12.008525133132935,10440
12.032235145568848,10439
12.049487113952637,10438
12.083404064178467,10437
12.101319313049316,10436
12.127583265304565,10435
12.15788722038269,10434
12.190388202667236,10433
12.208757400512695,10432
12.226726293563843,10431
12.265040159225464,10430
12.283606052398682,10429
12.301810264587402,10428
12.320094347000122,10427
12.356428146362305,10426
12.374097108840942,10425
12.392336130142212,10424
12.42691707611084,10423
12.45996618270874,10422
12.478280305862427,10421
12.514976263046265,10420
12.552440166473389,10419
12.57053518295288,10418
12.616971015930176,10417
12.633928298950195,10416
12.652149200439453,10415
12.720145225524902,10414
12.734434127807617,10413
12.76308012008667,10412
12.789278268814087,10411
12.804471015930176,10410
12.819573402404785,10409
12.85944414138794,10408
12.907320022583008,10407
12.921978235244751,10406
12.936659336090088,10405
12.95323634147644,10404
12.968031167984009,10403
12.991538286209106,10402
13.01984715461731,10401
13.035256147384644,10400
13.050384044647217,10399
13.079808950424194,10398
13.113610982894897,10397
13.140570163726807,10396
13.159144163131714,10395
13.21146011352539,10394
13.260348081588745,10393
13.275358200073242,10392
13.292697191238403,10391
13.320558071136475,10390
13.334939241409302,10389
13.349719047546387,10388
13.364211320877075,10387
13.379086017608643,10386
13.393568992614746,10385
13.420891284942627,10384
13.442328214645386,10383
13.456897974014282,10382
13.47133731842041,10381
13.485892057418823,10380
13.501278162002563,10379
13.538592338562012,10378
13.553638219833374,10377
13.568389177322388,10376
13.584220170974731,10375
13.657730102539062,10374
13.703179121017456,10373
13.734669208526611,10372
13.757467269897461,10371
13.772802114486694,10370
13.78946304321289,10369
13.817946195602417,10368
13.83306622505188,10367
13.848682165145874,10366
13.866945028305054,10365
13.895296096801758,10364
13.930464267730713,10363
13.956124305725098,10362
13.970794200897217,10361
13.985107183456421,10360
14.000059127807617,10359
14.014520168304443,10358
14.029077291488647,10357
14.043544054031372,10356
14.072748184204102,10355
14.087720155715942,10354
14.102677345275879,10353
14.118738174438477,10352
14.143323183059692,10351
14.158606052398682,10350
14.173328161239624,10349
14.188074350357056,10348
14.205275058746338,10347
14.22179913520813,10346
14.236829280853271,10345
14.251845121383667,10344
14.279362201690674,10343
14.294724225997925,10342
14.325122117996216,10341
14.371989965438843,10340
14.387685060501099,10339
14.403111219406128,10338
14.437813997268677,10337
14.452529191970825,10336
14.482753992080688,10335
14.523129224777222,10334
14.547795295715332,10333
14.564138174057007,10332
14.592670202255249,10331
14.609214305877686,10330
14.631263256072998,10329
14.647520303726196,10328
14.662769079208374,10327
14.678022146224976,10326
14.694002151489258,10325
14.725940227508545,10324
14.741976022720337,10323
14.75741720199585,10322
14.780264139175415,10321
14.795510053634644,10320
14.810978174209595,10319
14.837666034698486,10318
14.853330135345459,10317
14.881450176239014,10316
14.897085189819336,10315
14.911657333374023,10314
14.94314432144165,10313
14.966237306594849,10312
14.981486082077026,10311
14.996299982070923,10310
15.011343240737915,10309
15.02674913406372,10308
15.06175422668457,10307
15.089735269546509,10306
15.104204177856445,10305
15.118847370147705,10304
15.170505285263062,10303
15.210751295089722,10302
15.225966215133667,10301
15.243709325790405,10300
15.260603189468384,10299
15.277854204177856,10298
15.296208143234253,10297
15.314126014709473,10296
15.351222038269043,10295
15.369400024414062,10294
15.38925313949585,10293
15.410693168640137,10292
15.425220012664795,10291
15.439756155014038,10290
15.455273151397705,10289
15.470667123794556,10288
15.485369205474854,10287
15.499921083450317,10286
15.542161226272583,10285
15.582930326461792,10284
15.59791111946106,10283
15.621478080749512,10282
15.638146162033081,10281
15.656094312667847,10280
15.677450180053711,10279
15.691972017288208,10278
15.708932161331177,10277
15.738186359405518,10276
15.763719320297241,10275
15.796398162841797,10274
15.811037302017212,10273
15.836933135986328,10272
15.85274624824524,10271
15.907697200775146,10270
15.92594313621521,10269
15.944476127624512,10268
15.963013172149658,10267
15.982915163040161,10266
16.023559093475342,10265
16.056908130645752,10264
16.07357120513916,10263
16.110470294952393,10262
16.124816179275513,10261
16.139166355133057,10260
16.15442728996277,10259
16.16953420639038,10258
16.184091091156006,10257
16.207865238189697,10256
16.236756324768066,10255
16.271493196487427,10254
16.31196117401123,10253
16.333449363708496,10252
16.35189723968506,10251
16.370200157165527,10250
16.400538206100464,10249
16.43838119506836,10248
16.465712070465088,10247
16.483919143676758,10246
16.502004146575928,10245
16.529683351516724,10244
16.54752826690674,10243
16.580913305282593,10242
16.598738193511963,10241
16.61676812171936,10240
16.65324306488037,10239
16.670863151550293,10238
16.68606424331665,10237
16.71445322036743,10236
16.75273633003235,10235
16.787995100021362,10234
16.80338215827942,10233
16.819217205047607,10232
16.834026336669922,10231
16.871727228164673,10230
16.924691200256348,10229
16.939051151275635,10228
16.970539093017578,10227
16.99648928642273,10226
17.0115749835968,10225
17.026872158050537,10224
17.044989109039307,10223
17.061828136444092,10222
17.076423168182373,10221
17.10908317565918,10220
17.124731063842773,10219
17.15887212753296,10218
17.19061017036438,10217
17.208147287368774,10216
17.22578501701355,10215
17.25922417640686,10214
17.287272214889526,10213
17.31362819671631,10212
17.329101085662842,10211
17.347050189971924,10210
17.36515235900879,10209
17.41517424583435,10208
17.442920207977295,10207
17.4672429561615,10206
17.48208713531494,10205
17.49675416946411,10204
17.523702144622803,10203
17.539412260055542,10202
17.55521297454834,10201
17.570335149765015,10200
17.585739135742188,10199
17.601511240005493,10198
17.617624044418335,10197
17.648141145706177,10196
17.66594409942627,10195
17.682374238967896,10194
17.726583003997803,10193
17.77230715751648,10192
17.787391185760498,10191
17.80191421508789,10190
17.83191704750061,10189
17.849717378616333,10188
17.86751627922058,10187
17.884430170059204,10186
17.92106318473816,10185
17.939637184143066,10184
17.95774507522583,10183
17.975027322769165,10182
18.004544973373413,10181
18.019577026367188,10180
18.05350613594055,10179
18.06895112991333,10178
18.101465225219727,10177
18.126747131347656,10176
18.144703149795532,10175
18.162885189056396,10174
18.18078923225403,10173
18.20846939086914,10172
18.22333002090454,10171
18.295132160186768,10170
18.325868129730225,10169
18.347475290298462,10168
18.37653613090515,10167
18.391565084457397,10166
18.406203269958496,10165
18.420732259750366,10164
18.446897268295288,10163
18.461596250534058,10162
18.47613525390625,10161
18.525512218475342,10160
18.544970273971558,10159
18.5634663105011,10158
18.581685304641724,10157
18.600080251693726,10156
18.62834405899048,10155
18.646361112594604,10154
18.72247815132141,10153
18.7409610748291,10152
18.775833129882812,10151
18.794088125228882,10150
18.826435089111328,10149
18.841901063919067,10148
18.863940238952637,10147
18.89035415649414,10146
18.916372299194336,10145
18.93137216567993,10144
18.946346282958984,10143
18.972290992736816,10142
19.020775318145752,10141
19.03578019142151,10140
19.050732135772705,10139
19.065500259399414,10138
19.080459117889404,10137
19.122267246246338,10136
19.13909339904785,10135
19.16361117362976,10134
19.208903312683105,10133
19.248762130737305,10132
19.278436183929443,10131
19.296977281570435,10130
19.377562046051025,10129
19.41800332069397,10128
19.435503244400024,10127
19.46053910255432,10126
19.475966215133667,10125
19.526251077651978,10124
19.544291019439697,10123
19.56071424484253,10122
19.577929258346558,10121
19.593729972839355,10120
19.609071254730225,10119
19.636160135269165,10118
19.654081106185913,10117
19.670348167419434,10116
19.72181224822998,10115
19.74740219116211,10114
19.76264214515686,10113
19.778604984283447,10112
19.79364514350891,10111
19.824799299240112,10110
19.842875242233276,10109
19.86132502555847,10108
19.879754304885864,10107
19.89769434928894,10106
19.925159215927124,10105
19.950091123580933,10104
19.981323957443237,10103
20.014782190322876,10102
