0.010684728622436523,11022
0.020928144454956055,11021
0.031224727630615234,11020
0.04120588302612305,11019
0.05142831802368164,11018
0.06146883964538574,11017
0.07157182693481445,11016
0.08154892921447754,11015
0.09168267250061035,11014
0.10165572166442871,11013
0.1117398738861084,11012
0.1218256950378418,11011
0.13202667236328125,11010
0.14193034172058105,11009
0.15209197998046875,11008
0.16197633743286133,11007
0.17206048965454102,11006
0.18196773529052734,11005
0.19249796867370605,11004
0.20252346992492676,11003
0.21266484260559082,11002
0.22260284423828125,11001
0.23277831077575684,11000
0.24269580841064453,10999
0.2528493404388428,10998
0.2627279758453369,10997
0.27282094955444336,10996
0.2827894687652588,10995
0.2929692268371582,10994
0.3028590679168701,10993
0.31296539306640625,10992
0.3229055404663086,10991
0.33299922943115234,10990
0.3429591655731201,10989
0.3530569076538086,10988
0.36299681663513184,10987
0.37305283546447754,10986
0.3831305503845215,10985
0.3935410976409912,10984
0.40357112884521484,10983
0.4137284755706787,10982
0.42378664016723633,10981
0.43393516540527344,10980
0.44385504722595215,10979
0.45395565032958984,10978
0.463942289352417,10977
0.48087644577026367,10976
0.4906783103942871,10975
0.500805139541626,10974
0.5104720592498779,10973
0.5206077098846436,10972
0.5302715301513672,10971
0.5403716564178467,10970
0.5500180721282959,10969
0.5600864887237549,10968
0.5698375701904297,10967
0.5798969268798828,10966
0.5899815559387207,10965
0.600365400314331,10964
0.6101434230804443,10963
0.6202716827392578,10962
0.6300351619720459,10961
0.6402294635772705,10960
0.6499283313751221,10959
0.6600940227508545,10958
0.6697585582733154,10957
0.6798546314239502,10956
0.6897096633911133,10955
0.6998472213745117,10954
0.7095346450805664,10953
0.7196073532104492,10952
0.7292933464050293,10951
0.7393512725830078,10950
0.7490453720092773,10949
0.7591602802276611,10948
0.7688486576080322,10947
0.7788980007171631,10946
0.7889208793640137,10945
0.7991461753845215,10944
0.813896656036377,10943
0.8240277767181396,10942
0.8339354991912842,10941
0.8440611362457275,10940
0.8540909290313721,10939
0.8641750812530518,10938
0.8740596771240234,10937
0.8842084407806396,10936
0.894089937210083,10935
0.9044296741485596,10934
0.9147026538848877,10933
0.925145149230957,10932
0.9352695941925049,10931
0.9454760551452637,10930
0.9554853439331055,10929
0.9657726287841797,10928
0.9763672351837158,10927
0.9871251583099365,10926
0.997380256652832,10925
1.0077192783355713,10924
1.017855167388916,10923
1.0280160903930664,10922
1.0379462242126465,10921
1.0481574535369873,10920
1.0581140518188477,10919
1.0682761669158936,10918
1.0782103538513184,10917
1.088364601135254,10916
1.0982716083526611,10915
1.1084606647491455,10914
1.1185295581817627,10913
1.1286828517913818,10912
1.1445176601409912,10911
1.1546354293823242,10910
1.164351463317871,10909
1.1745190620422363,10908
1.184525489807129,10907
1.194772481918335,10906
1.2046558856964111,10905
1.214824914932251,10904
1.224574089050293,10903
1.2347111701965332,10902
1.2444581985473633,10901
1.2608311176300049,10900
1.2705388069152832,10899
1.2806618213653564,10898
1.2907636165618896,10897
1.3004450798034668,10896
1.3106203079223633,10895
1.320375680923462,10894
1.3387036323547363,10893
1.3483753204345703,10892
1.358485221862793,10891
1.3687324523925781,10890
1.3784763813018799,10889
1.3889057636260986,10888
1.3987579345703125,10887
1.4089980125427246,10886
1.4280104637145996,10885
1.4380848407745361,10884
1.448063850402832,10883
1.4581847190856934,10882
1.468369722366333,10881
1.4787604808807373,10880
1.4887678623199463,10879
1.5012922286987305,10878
1.5111351013183594,10877
1.5213615894317627,10876
1.531191110610962,10875
1.5413317680358887,10874
1.5511386394500732,10873
1.561398983001709,10872
1.5712366104125977,10871
1.5813961029052734,10870
1.5914504528045654,10869
1.6018176078796387,10868
1.6116478443145752,10867
1.6218609809875488,10866
1.6316092014312744,10865
1.6417219638824463,10864
1.6514372825622559,10863
1.6615889072418213,10862
1.6713435649871826,10861
1.6814424991607666,10860
1.6911284923553467,10859
1.7012567520141602,10858
1.7109594345092773,10857
1.7210988998413086,10856
1.7308056354522705,10855
1.7409248352050781,10854
1.750615119934082,10853
1.760709285736084,10852
1.7761001586914062,10851
1.7916615009307861,10850
1.8104708194732666,10849
1.8277432918548584,10848
1.8412809371948242,10847
1.8510510921478271,10846
1.861217737197876,10845
1.8713083267211914,10844
1.8810672760009766,10843
1.8912014961242676,10842
1.9008939266204834,10841
1.9111509323120117,10840
1.920900583267212,10839
1.931062936782837,10838
1.940807819366455,10837
1.9509689807891846,10836
1.960702657699585,10835
1.976623773574829,10834
1.986750841140747,10833
1.9970712661743164,10832
2.0072944164276123,10831
2.017245054244995,10830
2.027522563934326,10829
2.0373058319091797,10828
2.0475335121154785,10827
2.057283401489258,10826
2.0674703121185303,10825
2.077208995819092,10824
2.0874180793762207,10823
2.0971274375915527,10822
2.1072628498077393,10821
2.126150608062744,10820
2.1365904808044434,10819
2.146616220474243,10818
2.1567468643188477,10817
2.1664814949035645,10816
2.1765949726104736,10815
2.195828676223755,10814
2.2061479091644287,10813
2.2188329696655273,10812
2.228909969329834,10811
2.238961935043335,10810
2.2492189407348633,10809
2.259190320968628,10808
2.2693467140197754,10807
2.279296875,10806
2.289407253265381,10805
2.299358367919922,10804
2.3094844818115234,10803
2.33829665184021,10802
2.3484082221984863,10801
2.3583335876464844,10800
2.3684372901916504,10799
2.3783750534057617,10798
2.388845205307007,10797
2.3989193439483643,10796
2.4182651042938232,10795
2.4282169342041016,10794
2.438516616821289,10793
2.4482812881469727,10792
2.4584224224090576,10791
2.46824049949646,10790
2.4783284664154053,10789
2.4881463050842285,10788
2.4982361793518066,10787
2.5079164505004883,10786
2.5180444717407227,10785
2.527737855911255,10784
2.5537149906158447,10783
2.5634348392486572,10782
2.587944269180298,10781
2.5981996059417725,10780
2.6079635620117188,10779
2.618175506591797,10778
2.627891778945923,10777
2.6380014419555664,10776
2.647984266281128,10775
2.6582722663879395,10774
2.668111562728882,10773
2.6782665252685547,10772
2.688105344772339,10771
2.6982250213623047,10770
2.707925319671631,10769
2.7180240154266357,10768
2.72780442237854,10767
2.7379329204559326,10766
2.7477917671203613,10765
2.757978916168213,10764
2.777019739151001,10763
2.7873167991638184,10762
2.802503824234009,10761
2.8125698566436768,10760
2.8225440979003906,10759
2.832693576812744,10758
2.8445122241973877,10757
2.8547956943511963,10756
2.874692678451538,10755
2.884577989578247,10754
2.8947322368621826,10753
2.9047765731811523,10752
2.915168046951294,10751
2.9333064556121826,10750
2.943430185317993,10749
2.953237533569336,10748
2.9635233879089355,10747
2.9735615253448486,10746
2.984105348587036,10745
2.9939751625061035,10744
3.0102007389068604,10743
3.0199458599090576,10742
3.0301167964935303,10741
3.0402162075042725,10740
3.0501925945281982,10739
3.0605757236480713,10738
3.0703482627868652,10737
3.0857014656066895,10736
3.095524311065674,10735
3.1057181358337402,10734
3.1158580780029297,10733
3.125622034072876,10732
3.1358139514923096,10731
3.1456546783447266,10730
3.1559696197509766,10729
3.165911912918091,10728
3.1761016845703125,10727
3.191145658493042,10726
3.2014176845550537,10725
3.2114503383636475,10724
3.2217111587524414,10723
3.2317256927490234,10722
3.246831178665161,10721
3.2567672729492188,10720
3.2718586921691895,10719
3.2817118167877197,10718
3.2920098304748535,10717
3.3110532760620117,10716
3.3211002349853516,10715
3.331051826477051,10714
3.341179609298706,10713
3.350918769836426,10712
3.3610875606536865,10711
3.3708131313323975,10710
3.380948543548584,10709
3.390927791595459,10708
3.4011929035186768,10707
3.4111077785491943,10706
3.4212756156921387,10705
3.431230068206787,10704
3.441441297531128,10703
3.4512929916381836,10702
3.468651294708252,10701
3.4878180027008057,10700
3.497833251953125,10699
3.5079874992370605,10698
3.517998695373535,10697
3.538127899169922,10696
3.5482614040374756,10695
3.5580179691314697,10694
3.580552101135254,10693
3.598750591278076,10692
3.615440845489502,10691
3.6350934505462646,10690
3.650298595428467,10689
3.660046100616455,10688
3.6703009605407715,10687
3.680401086807251,10686
3.6955647468566895,10685
3.7057206630706787,10684
3.7157084941864014,10683
3.725903034210205,10682
3.735872268676758,10681
3.746007204055786,10680
3.7559523582458496,10679
3.7661750316619873,10678
3.7857019901275635,10677
3.800755500793457,10676
3.813523530960083,10675
3.8280436992645264,10674
3.8383517265319824,10673
3.8480916023254395,10672
3.8582565784454346,10671
3.868112325668335,10670
3.8783085346221924,10669
3.8977997303009033,10668
3.907581090927124,10667
3.917804718017578,10666
3.9279634952545166,10665
3.9505367279052734,10664
3.9607560634613037,10663
3.9706802368164062,10662
3.99055552482605,10661
4.000415563583374,10660
4.010756969451904,10659
4.020931243896484,10658
4.030683755874634,10657
4.040863513946533,10656
4.05066180229187,10655
4.060831069946289,10654
4.0705883502960205,10653
4.082111597061157,10652
4.091804027557373,10651
4.1019299030303955,10650
4.112051010131836,10649
4.121813535690308,10648
4.13201117515564,10647
4.1417765617370605,10646
4.154409408569336,10645
4.164126873016357,10644
4.179908990859985,10643
4.199212312698364,10642
4.209309816360474,10641
4.219473600387573,10640
4.236257553100586,10639
4.246442794799805,10638
4.256194353103638,10637
4.273916959762573,10636
4.2837018966674805,10635
4.293825149536133,10634
4.310996055603027,10633
4.321080923080444,10632
4.331044435501099,10631
4.341222047805786,10630
4.358712911605835,10629
4.390981912612915,10628
4.4011757373809814,10627
4.41306471824646,10626
4.424423694610596,10625
4.437500953674316,10624
4.447399139404297,10623
4.4748616218566895,10622
4.484740257263184,10621
4.494888544082642,10620
4.504628658294678,10619
4.5147411823272705,10618
4.524492263793945,10617
4.534701824188232,10616
4.55428409576416,10615
4.56409764289856,10614
4.574423551559448,10613
4.584764242172241,10612
4.594696283340454,10611
4.609786510467529,10610
4.6195526123046875,10609
4.629825592041016,10608
4.6399805545806885,10607
4.6497273445129395,10606
4.659886360168457,10605
4.669646501541138,10604
4.6797566413879395,10603
4.697444200515747,10602
4.707567453384399,10601
4.717550277709961,10600
4.727729558944702,10599
4.737714052200317,10598
4.747837066650391,10597
4.757831573486328,10596
4.777303695678711,10595
4.787369012832642,10594
4.7977094650268555,10593
4.807556629180908,10592
4.8177330493927,10591
4.827495574951172,10590
4.845003843307495,10589
4.857166290283203,10588
4.867185592651367,10587
4.877383708953857,10586
4.887422800064087,10585
4.897725820541382,10584
4.91457724571228,10583
4.924785375595093,10582
4.940073013305664,10581
4.9503560066223145,10580
4.960382699966431,10579
4.970858812332153,10578
4.987631320953369,10577
4.998054027557373,10576
5.026313066482544,10575
5.036466598510742,10574
5.06237268447876,10573
5.072597026824951,10572
5.088692903518677,10571
5.098886489868164,10570
5.1086342334747314,10569
5.118793487548828,10568
5.128519296646118,10567
5.138681650161743,10566
5.1485395431518555,10565
5.158705472946167,10564
5.168438196182251,10563
5.178573369979858,10562
5.188593864440918,10561
5.198853969573975,10560
5.208819627761841,10559
5.218976974487305,10558
5.23990797996521,10557
5.255656003952026,10556
5.265515089035034,10555
5.283596038818359,10554
5.293326139450073,10553
5.316343784332275,10552
5.330467462539673,10551
5.340579271316528,10550
5.358919382095337,10549
5.36923623085022,10548
5.386541366577148,10547
5.404540538787842,10546
5.420217275619507,10545
5.430427312850952,10544
5.44075870513916,10543
5.450780868530273,10542
5.461114406585693,10541
5.4711644649505615,10540
5.481380224227905,10539
5.491375923156738,10538
5.507224798202515,10537
5.51707649230957,10536
5.527262926101685,10535
5.539409160614014,10534
5.549465179443359,10533
5.586818695068359,10532
5.606452703475952,10531
5.616727113723755,10530
5.62691855430603,10529
5.636685609817505,10528
5.646866083145142,10527
5.661813974380493,10526
5.671900987625122,10525
5.682068586349487,10524
5.69236946105957,10523
5.702394247055054,10522
5.712616682052612,10521
5.735934019088745,10520
5.74619197845459,10519
5.756211280822754,10518
5.766379117965698,10517
5.776332139968872,10516
5.786766290664673,10515
5.811310291290283,10514
5.826648950576782,10513
5.845882415771484,10512
5.855623960494995,10511
5.873062610626221,10510
5.887025594711304,10509
5.897085189819336,10508
5.907276630401611,10507
5.917460680007935,10506
5.937191486358643,10505
5.947192192077637,10504
5.967600345611572,10503
5.977909803390503,10502
5.988162994384766,10501
6.007184028625488,10500
6.016979932785034,10499
6.030524253845215,10498
6.040308237075806,10497
6.050535202026367,10496
6.06033182144165,10495
6.076905012130737,10494
6.098785638809204,10493
6.111724615097046,10492
6.121578931808472,10491
6.132005453109741,10490
6.1420087814331055,10489
6.152304649353027,10488
6.171891689300537,10487
6.181619882583618,10486
6.196979999542236,10485
6.213813781738281,10484
6.2239768505096436,10483
6.2342283725738525,10482
6.24422812461853,10481
6.254446268081665,10480
6.26444673538208,10479
6.274603366851807,10478
6.318414926528931,10477
6.3286426067352295,10476
6.33874249458313,10475
6.368037700653076,10474
6.380769968032837,10473
6.398938894271851,10472
6.435844898223877,10471
6.44595742225647,10470
6.459241151809692,10469
6.511576175689697,10468
6.521936655044556,10467
6.532080411911011,10466
6.547198295593262,10465
6.556982040405273,10464
6.574557304382324,10463
6.603370666503906,10462
6.6134350299835205,10461
6.6238203048706055,10460
6.640002250671387,10459
6.649896621704102,10458
6.66009783744812,10457
6.67025899887085,10456
6.680006980895996,10455
6.69012975692749,10454
6.699854135513306,10453
6.718817949295044,10452
6.728546380996704,10451
6.7387542724609375,10450
6.74901556968689,10449
6.758821249008179,10448
6.778780221939087,10447
6.79353404045105,10446
6.80364990234375,10445
6.813911199569702,10444
6.823931455612183,10443
6.834137439727783,10442
6.844196557998657,10441
6.864621877670288,10440
6.8810625076293945,10439
6.890803813934326,10438
6.910513162612915,10437
6.920353174209595,10436
6.937593936920166,10435
6.957510232925415,10434
6.978071451187134,10433
6.98862361907959,10432
6.998860836029053,10431
7.020050048828125,10430
7.029851913452148,10429
7.039981126785278,10428
7.0497870445251465,10427
7.069392681121826,10426
7.079187631607056,10425
7.089375019073486,10424
7.108969449996948,10423
7.126535177230835,10422
7.1366286277771,10421
7.156964063644409,10420
7.178099870681763,10419
7.188204288482666,10418
7.215704441070557,10417
7.225571632385254,10416
7.235856771469116,10415
7.278918266296387,10414
7.289121389389038,10413
7.308667182922363,10412
7.3260886669158936,10411
7.336167335510254,10410
7.346389055252075,10409
7.370990037918091,10408
7.404078722000122,10407
7.414317846298218,10406
7.424350261688232,10405
7.435857772827148,10404
7.445768356323242,10403
7.46219801902771,10402
7.480904579162598,10401
7.490959644317627,10400
7.5011231899261475,10399
7.520949125289917,10398
7.539362668991089,10397
7.554477214813232,10396
7.5643415451049805,10395
7.596489667892456,10394
7.630173444747925,10393
7.640409469604492,10392
7.650264024734497,10391
7.66738748550415,10390
7.677177906036377,10389
7.687385320663452,10388
7.69751763343811,10387
7.707247972488403,10386
7.717374324798584,10385
7.735870838165283,10384
7.750746250152588,10383
7.760593891143799,10382
7.770807981491089,10381
7.781057834625244,10380
7.7910847663879395,10379
7.816653728485107,10378
7.82648229598999,10377
7.836782217025757,10376
7.846992015838623,10375
7.888827323913574,10374
7.916066884994507,10373
7.933267116546631,10372
7.945957660675049,10371
7.956207275390625,10370
7.966270685195923,10369
7.985394477844238,10368
7.995340347290039,10367
8.005740642547607,10366
8.015944242477417,10365
8.031798601150513,10364
8.054850816726685,10363
8.070756673812866,10362
8.081003665924072,10361
8.091182947158813,10360
8.101381063461304,10359
8.111158847808838,10358
8.121419429779053,10357
8.13125491142273,10356
8.151004076004028,10355
8.160760402679443,10354
8.17102336883545,10353
8.182193517684937,10352
8.198734283447266,10351
8.208913564682007,10350
8.21910548210144,10349
8.229110479354858,10348
8.2393217086792,10347
8.249319314956665,10346
8.259490013122559,10345
8.269471645355225,10344
8.28795576095581,10343
8.297969818115234,10342
8.317742347717285,10341
8.347585439682007,10340
8.357640981674194,10339
8.367797136306763,10338
8.389831066131592,10337
8.399697303771973,10336
8.419533967971802,10335
8.443984746932983,10334
8.458606719970703,10333
8.46851372718811,10332
8.485058069229126,10331
8.494810581207275,10330
8.509375095367432,10329
8.519205808639526,10328
8.529421329498291,10327
8.539342164993286,10326
8.549674034118652,10325
8.569386959075928,10324
8.579283714294434,10323
8.589781522750854,10322
8.605114936828613,10321
8.614940881729126,10320
8.625155925750732,10319
8.642076015472412,10318
8.65189504623413,10317
8.669939756393433,10316
8.680113792419434,10315
8.689961910247803,10314
8.711597204208374,10313
8.727386236190796,10312
8.737437009811401,10311
8.747473239898682,10310
8.757668733596802,10309
8.767462968826294,10308
8.78696322441101,10307
8.804094314575195,10306
8.814219236373901,10305
8.824419260025024,10304
8.85935354232788,10303
8.886696338653564,10302
8.896628379821777,10301
8.90688943862915,10300
8.917207479476929,10299
8.927637815475464,10298
8.937658548355103,10297
8.94782042503357,10296
8.96843695640564,10295
8.978779554367065,10294
8.991281509399414,10293
9.006110906600952,10292
9.015957593917847,10291
9.026316165924072,10290
9.036488056182861,10289
9.046382427215576,10288
9.056627035140991,10287
9.066401958465576,10286
9.095917224884033,10285
9.123545169830322,10284
9.133790731430054,10283
9.149996995925903,10282
9.160086154937744,10281
9.17009973526001,10280
9.183733224868774,10279
9.193763732910156,10278
9.20581603050232,10277
9.22503924369812,10276
9.242045640945435,10275
9.262032985687256,10274
9.272676467895508,10273
9.290569067001343,10272
9.300796508789062,10271
9.335894584655762,10270
9.34612226486206,10269
9.356539726257324,10268
9.366497993469238,10267
9.377717971801758,10266
9.40098524093628,10265
9.41973876953125,10264
9.429547548294067,10263
9.455039978027344,10262
9.46511960029602,10261
9.475414991378784,10260
9.485293865203857,10259
9.495469331741333,10258
9.50539755821228,10257
9.521983623504639,10256
9.541523218154907,10255
9.565985679626465,10254
9.59382176399231,10253
9.608224153518677,10252
9.618645429611206,10251
9.629123449325562,10250
9.648545026779175,10249
9.674044609069824,10248
9.689198017120361,10247
9.699284791946411,10246
9.709462404251099,10245
9.725661277770996,10244
9.735530614852905,10243
9.75446605682373,10242
9.764230489730835,10241
9.774437665939331,10240
9.794241428375244,10239
9.804519176483154,10238
9.814462661743164,10237
9.83303427696228,10236
9.856910705566406,10235
9.880076885223389,10234
9.89034104347229,10233
9.900156259536743,10232
9.910462379455566,10231
9.936270952224731,10230
9.973248720169067,10229
9.983524322509766,10228
10.00579023361206,10227
10.023623704910278,10226
10.033958911895752,10225
10.044147253036499,10224
10.054537534713745,10223
10.064647197723389,10222
10.07489824295044,10221
10.095020771026611,10220
10.105236291885376,10219
10.124159574508667,10218
10.142042398452759,10217
10.15204381942749,10216
10.162310600280762,10215
10.180726528167725,10214
10.19824504852295,10213
10.215257406234741,10212
10.225510835647583,10211
10.235289573669434,10210
10.245474576950073,10209
10.276839017868042,10208
10.295118570327759,10207
10.3116295337677,10206
10.3218834400177,10205
10.33167290687561,10204
10.35030198097229,10203
10.360061883926392,10202
10.37024974822998,10201
10.38038945198059,10200
10.390540361404419,10199
10.400897741317749,10198
10.410804271697998,10197
10.428931713104248,10196
10.438971042633057,10195
10.449280977249146,10194
10.47923231124878,10193
10.508646249771118,10192
10.518837451934814,10191
10.528709411621094,10190
10.548735857009888,10189
10.558772802352905,10188
10.568868637084961,10187
10.579062700271606,10186
10.599411725997925,10185
10.60949969291687,10184
10.619620323181152,10183
10.63102674484253,10182
10.650848388671875,10181
10.660953521728516,10180
10.680960655212402,10179
10.690905570983887,10178
10.713127613067627,10177
10.729237079620361,10176
10.739611148834229,10175
10.749449729919434,10174
10.75974702835083,10173
10.777645587921143,10172
10.787982940673828,10171
10.835691928863525,10170
10.856697797775269,10169
10.871868133544922,10168
10.891576766967773,10167
10.901891708374023,10166
10.91208291053772,10165
10.92198657989502,10164
10.939915418624878,10163
10.949710369110107,10162
10.960000276565552,10161
10.994153022766113,10160
11.006532669067383,10159
11.01675295829773,10158
11.026835203170776,10157
11.037171602249146,10156
11.053102731704712,10155
11.063346147537231,10154
11.104838609695435,10153
11.114624977111816,10152
11.133870363235474,10151
11.143846035003662,10150
11.162083864212036,10149
11.17185091972351,10148
11.187000274658203,10147
11.204874277114868,10146
11.222705364227295,10145
11.232494592666626,10144
11.243013858795166,10143
11.261677265167236,10142
11.294756174087524,10141
11.304795503616333,10140
11.315202236175537,10139
11.325525522232056,10138
11.335431098937988,10137
11.363634824752808,10136
11.373433113098145,10135
11.390076875686646,10134
11.418718099594116,10133
11.445859432220459,10132
11.464446306228638,10131
11.474294900894165,10130
11.526100158691406,10129
11.550663709640503,10128
11.560927629470825,10127
11.576382637023926,10126
11.586802959442139,10125
11.614521741867065,10124
11.624583721160889,10123
11.634835004806519,10122
11.644624948501587,10121
11.654867172241211,10120
11.66469693183899,10119
11.6801176071167,10118
11.690064668655396,10117
11.700371265411377,10116
11.73550271987915,10115
11.751976728439331,10114
11.762161016464233,10113
11.773241996765137,10112
11.783282279968262,10111
11.801191329956055,10110
11.811111450195312,10109
11.821370840072632,10108
11.831264734268188,10107
11.841461420059204,10106
11.858013391494751,10105
11.874685049057007,10104
11.894113063812256,10103
11.916367769241333,10102
11.926743268966675,10101
11.943494319915771,10100
11.961982011795044,10099
11.981999158859253,10098
12.025054931640625,10097
12.035136699676514,10096
12.056788682937622,10095
12.077604293823242,10094
12.097194194793701,10093
12.11270022392273,10092
12.122869968414307,10091
12.133158206939697,10090
12.146633386611938,10089
12.156908988952637,10088
12.179962396621704,10087
12.190582036972046,10086
12.200544357299805,10085
12.226355075836182,10084
12.246642589569092,10083
12.256718635559082,10082
12.266907691955566,10081
12.277275562286377,10080
12.297525882720947,10079
12.30773138999939,10078
12.317557096481323,10077
12.32785153388977,10076
12.33782172203064,10075
12.367574453353882,10074
12.38942289352417,10073
12.39987587928772,10072
12.416785717010498,10071
12.426903009414673,10070
12.450990915298462,10069
12.461193561553955,10068
12.503844261169434,10067
12.513967037200928,10066
12.533887386322021,10065
12.543831586837769,10064
12.554176568984985,10063
12.564221382141113,10062
12.574556112289429,10061
12.596977233886719,10060
12.62737488746643,10059
12.641635417938232,10058
12.668707132339478,10057
12.688853025436401,10056
12.71522045135498,10055
12.732748031616211,10054
12.757267713546753,10053
12.767122745513916,10052
12.777333736419678,10051
12.787440061569214,10050
12.82338261604309,10049
12.833256483078003,10048
12.851925373077393,10047
12.862116575241089,10046
12.87190556526184,10045
12.88821816444397,10044
12.89806079864502,10043
12.908363103866577,10042
12.935643911361694,10041
12.955398797988892,10040
12.965296983718872,10039
12.976217985153198,10038
12.994967460632324,10037
13.023916959762573,10036
13.033987522125244,10035
13.044151306152344,10034
13.054107189178467,10033
13.064435005187988,10032
13.080801725387573,10031
13.115213632583618,10030
13.125202178955078,10029
13.135332107543945,10028
13.145649194717407,10027
13.163270473480225,10026
13.193917274475098,10025
13.203941822052002,10024
13.223578453063965,10023
13.233357667922974,10022
13.256794214248657,10021
13.276502847671509,10020
13.299661874771118,10019
13.317656755447388,10018
13.327795267105103,10017
13.33785629272461,10016
13.34815001487732,10015
13.390579462051392,10014
13.401041507720947,10013
13.412948608398438,10012
13.45499563217163,10011
13.464932441711426,10010
13.499350547790527,10009
13.50949764251709,10008
13.519538402557373,10007
13.529742956161499,10006
13.539688348770142,10005
13.557373285293579,10004
13.567216396331787,10003
13.586965322494507,10002
13.59738564491272,10001
13.613394498825073,10000
13.623494625091553,9999
13.63462519645691,9998
13.653902769088745,9997
13.683555841445923,9996
13.70355749130249,9995
13.719770431518555,9994
13.73985505104065,9993
13.74995756149292,9992
13.759998559951782,9991
13.797594785690308,9990
13.818394184112549,9989
13.850955963134766,9988
13.86686635017395,9987
13.902180194854736,9986
13.937108039855957,9985
13.947248697280884,9984
13.957598686218262,9983
13.973434448242188,9982
13.984034061431885,9981
14.009200096130371,9980
14.035130500793457,9979
14.045158863067627,9978
14.058794975280762,9977
14.068702697753906,9976
14.079095602035522,9975
14.10749101638794,9974
14.11776089668274,9973
14.127846479415894,9972
14.138337135314941,9971
14.148383378982544,9970
14.158592700958252,9969
14.178179025650024,9968
14.188227891921997,9967
14.210985660552979,9966
14.231236219406128,9965
14.248480558395386,9964
14.258469581604004,9963
14.289870500564575,9962
14.316811561584473,9961
14.335310220718384,9960
14.345588445663452,9959
14.3554208278656,9958
14.40552544593811,9957
14.439399003982544,9956
14.449262142181396,9955
14.459538698196411,9954
14.469478845596313,9953
14.486496686935425,9952
14.496373176574707,9951
14.506628274917603,9950
14.516436338424683,9949
14.536517858505249,9948
14.575342655181885,9947
14.588611125946045,9946
14.599980115890503,9945
14.659207105636597,9944
14.690185785293579,9943
14.70000696182251,9942
14.71023941040039,9941
14.720044612884521,9940
14.747490644454956,9939
14.757637023925781,9938
14.772434949874878,9937
14.782722473144531,9936
14.797979593276978,9935
14.841071128845215,9934
14.855555295944214,9933
14.894150495529175,9932
14.913943767547607,9931
14.940796375274658,9930
14.961057186126709,9929
14.97152066230774,9928
14.999712944030762,9927
15.018859624862671,9926
15.028719902038574,9925
15.047766208648682,9924
15.05771517753601,9923
15.067973375320435,9922
15.07778787612915,9921
15.14548921585083,9920
15.176797866821289,9919
15.187172174453735,9918
15.197129726409912,9917
15.207545757293701,9916
15.229939222335815,9915
15.23995041847229,9914
15.271181106567383,9913
15.312449932098389,9912
15.322655439376831,9911
15.332812070846558,9910
15.343167781829834,9909
15.353278160095215,9908
15.401776313781738,9907
15.443935871124268,9906
15.453892707824707,9905
15.474034070968628,9904
15.484153985977173,9903
15.50407361984253,9902
15.52211594581604,9901
15.549207925796509,9900
15.559372663497925,9899
15.584399700164795,9898
15.594703197479248,9897
15.604945421218872,9896
15.615229606628418,9895
15.62511420249939,9894
15.63787841796875,9893
15.655001401901245,9892
15.672437191009521,9891
15.6920006275177,9890
15.701747179031372,9889
15.711991786956787,9888
15.743056535720825,9887
15.752999067306519,9886
15.76326584815979,9885
15.779937982559204,9884
15.802867889404297,9883
15.813169956207275,9882
15.83440375328064,9881
15.846576452255249,9880
15.8647780418396,9879
15.889999151229858,9878
15.90023398399353,9877
15.937900304794312,9876
15.947828531265259,9875
15.98530888557434,9874
15.99565601348877,9873
16.03889036178589,9872
16.04902672767639,9871
16.076356887817383,9870
16.094332218170166,9869
16.10411500930786,9868
16.114410638809204,9867
16.13195538520813,9866
16.141847372055054,9865
16.2039954662323,9864
16.214820623397827,9863
16.24379014968872,9862
16.27843141555786,9861
16.30292010307312,9860
16.3138427734375,9859
16.323978424072266,9858
16.334060430526733,9857
16.344284534454346,9856
16.360358476638794,9855
16.376654148101807,9854
16.386712074279785,9853
16.40230679512024,9852
16.424173831939697,9851
16.444501161575317,9850
16.454665422439575,9849
16.468884229660034,9848
16.502690076828003,9847
16.52844524383545,9846
16.53873109817505,9845
16.548676252365112,9844
16.574806690216064,9843
16.584802865982056,9842
16.595226526260376,9841
16.61460542678833,9840
16.624821186065674,9839
16.64447784423828,9838
16.654222011566162,9837
16.68420958518982,9836
16.69439673423767,9835
16.70420217514038,9834
16.714394330978394,9833
16.729711532592773,9832
16.819865226745605,9831
16.82995080947876,9830
16.855239629745483,9829
16.87514615058899,9828
16.885315895080566,9827
16.89549493789673,9826
16.90580677986145,9825
16.915972471237183,9824
16.936245441436768,9823
16.961549282073975,9822
16.973469257354736,9821
16.985229969024658,9820
17.00086998939514,9819
17.0377836227417,9818
17.054330587387085,9817
17.06420588493347,9816
17.101324558258057,9815
17.134901523590088,9814
17.174299955368042,9813
17.184887409210205,9812
17.198395252227783,9811
17.228028535842896,9810
17.238273859024048,9809
17.24867534637451,9808
17.266793489456177,9807
17.276941061019897,9806
17.28707528114319,9805
17.316216707229614,9804
17.36272931098938,9803
17.390390157699585,9802
17.41303300857544,9801
17.438552618026733,9800
17.448588848114014,9799
17.46881341934204,9798
17.478932857513428,9797
17.509682655334473,9796
17.519866704940796,9795
17.52999234199524,9794
17.564098596572876,9793
17.574371814727783,9792
17.585020542144775,9791
17.610538005828857,9790
17.620990991592407,9789
17.631138563156128,9788
17.6414213180542,9787
17.663352727890015,9786
17.675723791122437,9785
17.691986322402954,9784
17.705596685409546,9783
17.715809106826782,9782
17.764699459075928,9781
17.7850284576416,9780
17.79961371421814,9779
17.81631898880005,9778
17.84078049659729,9777
17.860697507858276,9776
17.87098503112793,9775
17.955028533935547,9774
17.98102378845215,9773
17.996935844421387,9772
18.007325410842896,9771
18.028149604797363,9770
18.038424253463745,9769
18.074392795562744,9768
18.091331720352173,9767
18.10152816772461,9766
18.11193537712097,9765
18.122101306915283,9764
18.13241481781006,9763
18.142760038375854,9762
18.1546573638916,9761
18.174461364746094,9760
18.195040941238403,9759
18.21245574951172,9758
18.222514867782593,9757
18.232887268066406,9756
18.249144077301025,9755
18.262643814086914,9754
18.27530336380005,9753
18.28524422645569,9752
18.303008317947388,9751
18.340869903564453,9750
18.391826629638672,9749
18.402307748794556,9748
18.488858699798584,9747
18.498717308044434,9746
18.522416830062866,9745
18.532290935516357,9744
18.54255962371826,9743
18.571451663970947,9742
18.581809997558594,9741
18.591935634613037,9740
18.647024154663086,9739
18.671966075897217,9738
18.681814908981323,9737
18.721505641937256,9736
18.737910270690918,9735
18.748083353042603,9734
18.79220938682556,9733
18.802498817443848,9732
18.824649333953857,9731
18.834944486618042,9730
18.845064401626587,9729
18.86454939842224,9728
18.874351263046265,9727
18.889805793762207,9726
18.908509731292725,9725
18.91876220703125,9724
18.939337491989136,9723
18.95740580558777,9722
18.974878787994385,9721
18.985453367233276,9720
18.999563932418823,9719
19.01806092262268,9718
19.036798000335693,9717
19.052221298217773,9716
19.0701105594635,9715
19.081191062927246,9714
19.098778247833252,9713
19.13909888267517,9712
19.164057731628418,9711
19.17585587501526,9710
19.211493253707886,9709
19.221450328826904,9708
19.23199224472046,9707
19.24220848083496,9706
19.279164791107178,9705
19.289175987243652,9704
19.32117462158203,9703
19.358003616333008,9702
19.36815094947815,9701
19.38524866104126,9700
19.405782461166382,9699
19.422805547714233,9698
19.432662963867188,9697
19.443122386932373,9696
19.466947078704834,9695
19.50034785270691,9694
19.515585899353027,9693
19.525444507598877,9692
19.575107097625732,9691
19.592705726623535,9690
19.60293459892273,9689
19.61742401123047,9688
19.63237690925598,9687
19.660999298095703,9686
19.679046869277954,9685
19.68891167640686,9684
19.70641565322876,9683
19.73304009437561,9682
19.758379220962524,9681
19.7684907913208,9680
19.785199880599976,9679
19.79521155357361,9678
19.812514781951904,9677
19.82239818572998,9676
19.837517738342285,9675
19.847450017929077,9674
19.873577117919922,9673
19.909565925598145,9672
19.91984796524048,9671
19.92980122566223,9670
19.9476535320282,9669
19.95758318901062,9668
19.9932119846344,9667
20.00353980064392,9666
20.048895597457886,9665
20.070874214172363,9664
20.09342384338379,9663
20.107006788253784,9662
20.127933740615845,9661
20.145142793655396,9660
20.163635969161987,9659
20.198057651519775,9658
20.21074676513672,9657
20.221096754074097,9656
20.2643723487854,9655
20.27471113204956,9654
20.2923424243927,9653
20.30252170562744,9652
20.312721729278564,9651
20.34320902824402,9650
20.3889901638031,9649
20.399215698242188,9648
20.43334174156189,9647
20.485049962997437,9646
20.49514627456665,9645
20.5228910446167,9644
20.54064393043518,9643
20.553694009780884,9642
20.563610076904297,9641
20.573972940444946,9640
20.597177267074585,9639
20.638896226882935,9638
20.64897656440735,9637
20.668105602264404,9636
20.678221225738525,9635
20.738710641860962,9634
20.748817205429077,9633
20.758994102478027,9632
20.799827337265015,9631
20.81599235534668,9630
20.882742643356323,9629
20.902519702911377,9628
20.912976503372192,9627
20.942412853240967,9626
20.95237922668457,9625
20.976771116256714,9624
21.057733058929443,9623
21.10368824005127,9622
21.113918781280518,9621
21.12403154373169,9620
21.144745111465454,9619
21.15463948249817,9618
21.178985118865967,9617
21.197601318359375,9616
21.207821369171143,9615
21.21806836128235,9614
21.243472576141357,9613
21.253654718399048,9612
21.263802766799927,9611
21.274097442626953,9610
21.299003839492798,9609
21.312196016311646,9608
21.3269784450531,9607
21.356460332870483,9606
21.3857262134552,9605
21.396157026290894,9604
21.412972450256348,9603
21.428314924240112,9602
21.462662935256958,9601
21.473207473754883,9600
21.50335121154785,9599
21.524765253067017,9598
21.53462529182434,9597
21.544898509979248,9596
21.561654567718506,9595
21.583612203598022,9594
21.59409761428833,9593
21.60455012321472,9592
21.6246554851532,9591
21.63468074798584,9590
21.6726496219635,9589
21.682689666748047,9588
21.692952871322632,9587
21.70343041419983,9586
21.729748010635376,9585
21.74003005027771,9584
21.779963493347168,9583
21.79052186012268,9582
21.809575080871582,9581
21.839998722076416,9580
21.850016117095947,9579
21.860381841659546,9578
21.892093420028687,9577
21.902021169662476,9576
21.921115159988403,9575
21.940369367599487,9574
21.95065140724182,9573
21.960917472839355,9572
21.992461919784546,9571
22.002909898757935,9570
22.036940336227417,9569
22.06373882293701,9568
22.07387638092041,9567
22.093170642852783,9566
22.10725736618042,9565
22.117130517959595,9564
22.137492179870605,9563
22.147838830947876,9562
22.190873384475708,9561
22.22767424583435,9560
22.237454414367676,9559
22.290671586990356,9558
22.30500078201294,9557
22.31508731842041,9556
22.338443279266357,9555
22.354022979736328,9554
22.3642258644104,9553
22.396219730377197,9552
22.40657901763916,9551
22.424952507019043,9550
22.453025579452515,9549
22.469857931137085,9548
22.489965438842773,9547
22.499969244003296,9546
22.542124032974243,9545
22.559446096420288,9544
22.57800817489624,9543
22.589335441589355,9542
22.599313020706177,9541
22.617060899734497,9540
22.626904010772705,9539
22.63722014427185,9538
22.64711594581604,9537
22.670307397842407,9536
22.704476833343506,9535
22.732950448989868,9534
22.756616353988647,9533
22.78372550010681,9532
22.80530881881714,9531
22.815791845321655,9530
22.844383239746094,9529
22.923535108566284,9528
22.933934450149536,9527
22.960869789123535,9526
22.992734670639038,9525
23.004080772399902,9524
23.023995399475098,9523
23.035835027694702,9522
23.05364179611206,9521
23.08169436454773,9520
23.091880798339844,9519
23.102040767669678,9518
23.111878156661987,9517
23.122121810913086,9516
23.13223385810852,9515
23.142573595046997,9514
23.152576684951782,9513
23.16642141342163,9512
23.182772636413574,9511
23.193158626556396,9510
23.20346760749817,9509
23.228765964508057,9508
23.258316040039062,9507
23.26885962486267,9506
23.284043073654175,9505
23.30327796936035,9504
23.323535203933716,9503
23.333678483963013,9502
23.348544120788574,9501
23.36828589439392,9500
23.38697361946106,9499
23.397277116775513,9498
23.416016101837158,9497
23.435773372650146,9496
23.44600200653076,9495
23.50362277030945,9494
23.513739824295044,9493
23.52385377883911,9492
23.534204483032227,9491
23.544350385665894,9490
23.571466207504272,9489
23.58152723312378,9488
23.608267307281494,9487
23.638429403305054,9486
23.653756618499756,9485
23.66399335861206,9484
23.690895080566406,9483
23.700780391693115,9482
23.711098670959473,9481
23.771857738494873,9480
23.810020923614502,9479
23.82019281387329,9478
23.8372220993042,9477
23.84711265563965,9476
23.86385703086853,9475
23.914401054382324,9474
23.924644231796265,9473
23.936891794204712,9472
23.953847646713257,9471
23.9893696308136,9470
24.031055212020874,9469
24.05069398880005,9468
24.063302993774414,9467
24.073463678359985,9466
24.083789348602295,9465
24.10228729248047,9464
24.1332745552063,9463
24.16034722328186,9462
24.19231081008911,9461
24.21167278289795,9460
24.2219557762146,9459
24.240940809249878,9458
24.25606346130371,9457
24.324316263198853,9456
24.334426403045654,9455
24.359755039215088,9454
24.370075941085815,9453
24.434837341308594,9452
24.44770884513855,9451
24.476886987686157,9450
24.506768703460693,9449
24.522812128067017,9448
24.540078163146973,9447
24.58050227165222,9446
24.591203927993774,9445
24.604002237319946,9444
24.651873350143433,9443
24.69349694252014,9442
24.715205192565918,9441
24.748024463653564,9440
24.758220911026,9439
24.813880443572998,9438
24.824276447296143,9437
24.88240885734558,9436
24.892234086990356,9435
24.902567625045776,9434
24.919409036636353,9433
24.92938232421875,9432
24.9749538898468,9431
24.994744062423706,9430
25.004706859588623,9429
25.015051126480103,9428
25.032124996185303,9427
25.068949699401855,9426
25.153757333755493,9425
25.19953465461731,9424
25.239978075027466,9423
25.276061296463013,9422
25.286030292510986,9421
25.306318521499634,9420
25.336528062820435,9419
25.36370873451233,9418
25.37367343902588,9417
25.389285564422607,9416
25.440165758132935,9415
25.470484018325806,9414
25.480966806411743,9413
25.510756254196167,9412
25.52105212211609,9411
25.537055015563965,9410
25.547324895858765,9409
25.56747794151306,9408
25.59889316558838,9407
25.65177583694458,9406
25.67168378829956,9405
25.68191170692444,9404
25.69185757637024,9403
25.70223617553711,9402
25.712536811828613,9401
25.728742122650146,9400
25.74213933944702,9399
25.754347324371338,9398
25.811029195785522,9397
25.821178197860718,9396
25.840586185455322,9395
25.85100817680359,9394
25.86580467224121,9393
25.88355827331543,9392
25.919588327407837,9391
26.03395390510559,9390
26.124525547027588,9389
26.14437222480774,9388
26.166912078857422,9387
26.190375804901123,9386
26.22718620300293,9385
26.242018461227417,9384
26.254854917526245,9383
26.34706163406372,9382
26.372589588165283,9381
26.38391351699829,9380
26.39396333694458,9379
26.4168918132782,9378
26.458922624588013,9377
26.469409704208374,9376
26.47936749458313,9375
26.48966383934021,9374
26.52521562576294,9373
26.592109441757202,9372
26.60247254371643,9371
26.64670419692993,9370
26.67186665534973,9369
26.706932067871094,9368
26.741172790527344,9367
26.782721757888794,9366
26.826759338378906,9365
26.83704137802124,9364
26.883841514587402,9363
26.894230604171753,9362
26.925162076950073,9361
26.935284852981567,9360
26.957497119903564,9359
26.986891984939575,9358
27.077370405197144,9357
27.08768582344055,9356
27.11836862564087,9355
27.151946306228638,9354
27.16227078437805,9353
27.1760036945343,9352
27.20762586593628,9351
27.23700523376465,9350
27.25475001335144,9349
27.264607429504395,9348
27.27490782737732,9347
27.297590494155884,9346
27.313583850860596,9345
27.32355523109436,9344
27.3393292427063,9343
27.384860038757324,9342
27.405503034591675,9341
27.42062473297119,9340
27.444968461990356,9339
27.47000026702881,9338
27.48286509513855,9337
27.51262640953064,9336
27.54889488220215,9335
27.562819242477417,9334
27.60174298286438,9333
27.622008085250854,9332
27.67466449737549,9331
27.70224618911743,9330
27.726806163787842,9329
27.75451111793518,9328
27.78477644920349,9327
27.794800996780396,9326
27.82842206954956,9325
27.846184015274048,9324
27.90561294555664,9323
27.929274559020996,9322
27.991039752960205,9321
28.00115394592285,9320
28.021676301956177,9319
28.04520845413208,9318
28.055405139923096,9317
28.0966317653656,9316
28.131651163101196,9315
28.149608850479126,9314
28.169519186019897,9313
28.179840564727783,9312
28.206843614578247,9311
28.23463249206543,9310
28.284740924835205,9309
28.3044216632843,9308
28.314833641052246,9307
28.334008932113647,9306
28.34454083442688,9305
28.454577684402466,9304
28.497411966323853,9303
28.507452726364136,9302
28.535348176956177,9301
28.545668125152588,9300
28.58164882659912,9299
28.634223222732544,9298
28.65500020980835,9297
28.69665551185608,9296
28.72504734992981,9295
28.77915906906128,9294
28.790180921554565,9293
28.800729274749756,9292
28.811355590820312,9291
28.82184338569641,9290
28.84278392791748,9289
28.853344440460205,9288
28.86376428604126,9287
28.874388694763184,9286
28.901934146881104,9285
28.9123432636261,9284
28.939046621322632,9283
28.978732347488403,9282
28.9973886013031,9281
29.013684511184692,9280
29.049752950668335,9279
29.060132265090942,9278
29.072261095046997,9277
29.09185290336609,9276
29.157687664031982,9275
29.180975198745728,9274
29.212089776992798,9273
29.25761866569519,9272
29.268971920013428,9271
29.289323568344116,9270
29.29946255683899,9269
29.36950159072876,9268
29.428054094314575,9267
29.449088096618652,9266
29.464107275009155,9265
29.474114656448364,9264
29.493114948272705,9263
29.539329051971436,9262
29.549707651138306,9261
29.572078227996826,9260
29.58195185661316,9259
29.617902278900146,9258
29.645017623901367,9257
29.656132221221924,9256
29.692195177078247,9255
29.70431351661682,9254
29.72103190422058,9253
29.74379539489746,9252
29.753642082214355,9251
29.788898944854736,9250
29.810953378677368,9249
29.852473497390747,9248
29.90184712409973,9247
29.91205358505249,9246
29.922492027282715,9245
29.93233823776245,9244
29.94264245033264,9243
29.964214086532593,9242
29.984008312225342,9241
30.006093740463257,9240
30.02410387992859,9239
30.034508228302002,9238
30.048837423324585,9237
30.059202671051025,9236
30.06942343711853,9235
30.079688549041748,9234
30.097583532333374,9233
30.10799765586853,9232
30.11825394630432,9231
30.12810969352722,9230
30.13860249519348,9229
30.170566082000732,9228
30.192354679107666,9227
30.20761728286743,9226
30.23435378074646,9225
30.28658962249756,9224
30.312413215637207,9223
30.33006238937378,9222
30.34988760948181,9221
30.37011694908142,9220
30.419960737228394,9219
30.45024061203003,9218
30.481644868850708,9217
30.52749729156494,9216
30.537689685821533,9215
30.55151653289795,9214
30.62464475631714,9213
30.7602219581604,9212
30.770121097564697,9211
30.78517484664917,9210
30.801517009735107,9209
30.84419560432434,9208
30.942234754562378,9207
30.973031044006348,9206
30.983247995376587,9205
30.993810892105103,9204
31.013224124908447,9203
31.023468255996704,9202
31.04921841621399,9201
31.085731744766235,9200
31.12797451019287,9199
31.138262033462524,9198
31.152183055877686,9197
31.191874742507935,9196
31.212303161621094,9195
31.269277572631836,9194
31.30175518989563,9193
31.33713936805725,9192
31.387498378753662,9191
31.408060312271118,9190
31.42989444732666,9189
31.461604356765747,9188
31.498281955718994,9187
31.518023014068604,9186
31.532830238342285,9185
31.557347297668457,9184
31.59585690498352,9183
31.656757831573486,9182
31.68799638748169,9181
31.70971655845642,9180
31.811838626861572,9179
31.822043657302856,9178
31.853819847106934,9177
31.878163814544678,9176
31.889196395874023,9175
31.899429321289062,9174
31.936401844024658,9173
31.96744179725647,9172
31.999388217926025,9171
32.076895236968994,9170
32.08685302734375,9169
32.09722685813904,9168
32.15719676017761,9167
32.16977024078369,9166
32.17965769767761,9165
32.190579891204834,9164
32.219576358795166,9163
32.23195004463196,9162
32.24233603477478,9161
32.26599097251892,9160
32.29016637802124,9159
32.30059885978699,9158
32.31089639663696,9157
32.338860750198364,9156
32.356343507766724,9155
32.36625051498413,9154
32.376641035079956,9153
32.38799810409546,9152
32.41309690475464,9151
32.45805764198303,9150
32.46860218048096,9149
32.47853374481201,9148
32.51084804534912,9147
32.547558069229126,9146
32.57714486122131,9145
32.595240354537964,9144
32.61180925369263,9143
32.70380449295044,9142
32.715139389038086,9141
32.73152995109558,9140
32.74962782859802,9139
32.7600212097168,9138
32.77029037475586,9137
32.807294845581055,9136
32.89244985580444,9135
32.90572142601013,9134
32.91574549674988,9133
32.926384925842285,9132
32.938682317733765,9131
32.956281661987305,9130
32.96667695045471,9129
32.98190188407898,9128
33.02783918380737,9127
33.05311036109924,9126
33.07728457450867,9125
33.09757852554321,9124
33.10782861709595,9123
33.17130708694458,9122
33.19079351425171,9121
33.26762914657593,9120
33.33949160575867,9119
33.3631865978241,9118
33.38093090057373,9117
33.42383861541748,9116
33.43425726890564,9115
33.44412446022034,9114
33.514272928237915,9113
33.55467915534973,9112
33.57371640205383,9111
33.62416481971741,9110
33.634546756744385,9109
33.64909291267395,9108
33.65947508811951,9107
33.70988965034485,9106
33.75500965118408,9105
33.76531624794006,9104
33.81384825706482,9103
33.83488917350769,9102
33.86305260658264,9101
33.87862801551819,9100
33.97094702720642,9099
33.99521040916443,9098
34.00575661659241,9097
34.187758684158325,9096
34.2232449054718,9095
34.23354196548462,9094
34.24740815162659,9093
34.32381582260132,9092
34.39764666557312,9091
34.41025924682617,9090
34.45808935165405,9089
34.514647006988525,9088
34.524983406066895,9087
34.565897941589355,9086
34.583680152893066,9085
34.614283084869385,9084
34.657575845718384,9083
34.67281222343445,9082
34.68271493911743,9081
34.69311451911926,9080
34.703428506851196,9079
34.775704860687256,9078
34.88295531272888,9077
34.91717553138733,9076
34.93275427818298,9075
34.94271111488342,9074
34.96308207511902,9073
34.98054814338684,9072
35.00442337989807,9071
35.02051782608032,9070
35.05531334877014,9069
35.06577777862549,9068
35.08674907684326,9067
35.10662579536438,9066
35.11690425872803,9065
35.137587785720825,9064
35.17186665534973,9063
35.20640015602112,9062
35.22154951095581,9061
35.23759651184082,9060
35.26521110534668,9059
35.2757568359375,9058
35.2947313785553,9057
35.315311431884766,9056
35.325703859329224,9055
35.33560013771057,9054
35.377830028533936,9053
35.39816236495972,9052
35.40850043296814,9051
35.472641944885254,9050
35.48290300369263,9049
35.49313759803772,9048
35.52379250526428,9047
35.53400659561157,9046
35.55258631706238,9045
35.5672504901886,9044
35.58266282081604,9043
35.60133719444275,9042
35.63496375083923,9041
35.655229330062866,9040
35.665507793426514,9039
35.68167066574097,9038
35.71781945228577,9037
35.757392168045044,9036
35.77211046218872,9035
35.89057779312134,9034
35.91146445274353,9033
35.92317056655884,9032
35.98004770278931,9031
35.99915838241577,9030
36.047268867492676,9029
36.06518888473511,9028
36.09286856651306,9027
36.12816643714905,9026
36.353522062301636,9025
36.401904821395874,9024
36.448240756988525,9023
36.45876979827881,9022
36.46882915496826,9021
36.501033544540405,9020
36.51091957092285,9019
36.53847026824951,9018
36.556302309036255,9017
36.57897615432739,9016
36.58958554267883,9015
36.66032671928406,9014
36.670687198638916,9013
36.68819999694824,9012
36.75748682022095,9011
36.771730184555054,9010
36.84284949302673,9009
36.86232328414917,9008
36.912951946258545,9007
36.92342257499695,9006
36.933759450912476,9005
36.95335078239441,9004
36.96947741508484,9003
37.02530527114868,9002
37.05509662628174,9001
37.07273626327515,9000
37.128984689712524,8999
37.145333766937256,8998
37.19896602630615,8997
37.227076292037964,8996
37.27476692199707,8995
37.31480026245117,8994
37.32514190673828,8993
37.37138557434082,8992
37.4091362953186,8991
37.419129610061646,8990
37.45142960548401,8989
37.48992896080017,8988
37.514899015426636,8987
37.55961847305298,8986
37.60807251930237,8985
37.63434386253357,8984
37.651840925216675,8983
37.662206172943115,8982
37.68264317512512,8981
37.70588970184326,8980
37.74550747871399,8979
37.7706184387207,8978
37.78095579147339,8977
37.81178665161133,8976
37.84927415847778,8975
37.87014722824097,8974
37.880653381347656,8973
37.89138913154602,8972
37.90566349029541,8971
37.95308303833008,8970
38.003541469573975,8969
38.022220849990845,8968
38.03249502182007,8967
38.078909397125244,8966
38.14031720161438,8965
38.16236186027527,8964
38.17280578613281,8963
38.20200777053833,8962
38.21269512176514,8961
38.23562407493591,8960
38.255595207214355,8959
38.28163766860962,8958
38.301119327545166,8957
38.33856678009033,8956
38.38176608085632,8955
38.402488708496094,8954
38.478832721710205,8953
38.514323234558105,8952
38.56747078895569,8951
38.57785773277283,8950
38.58836388587952,8949
38.62480878829956,8948
38.65531873703003,8947
38.67722415924072,8946
38.697163105010986,8945
38.70748472213745,8944
38.734781980514526,8943
38.752418994903564,8942
38.763176679611206,8941
38.78313493728638,8940
38.822442293167114,8939
38.89417362213135,8938
38.93547344207764,8937
39.000852823257446,8936
39.01709342002869,8935
39.047077894210815,8934
39.08113479614258,8933
39.09259271621704,8932
39.118882179260254,8931
39.14273262023926,8930
39.20043325424194,8929
39.22646999359131,8928
39.25514221191406,8927
39.34545040130615,8926
39.415749073028564,8925
39.425945520401,8924
39.45492148399353,8923
39.474218130111694,8922
39.48413920402527,8921
39.517605781555176,8920
39.52798843383789,8919
39.53821134567261,8918
39.558390378952026,8917
39.618478536605835,8916
39.62840151786804,8915
39.66808032989502,8914
39.70848226547241,8913
39.761024951934814,8912
39.795668601989746,8911
39.83894944190979,8910
39.849162340164185,8909
39.86934280395508,8908
39.879605770111084,8907
39.96791100502014,8906
40.01232886314392,8905
40.0284698009491,8904
40.07664752006531,8903
40.086875438690186,8902
40.09718632698059,8901
40.12835764884949,8900
40.156633138656616,8899
40.17234134674072,8898
40.18288707733154,8897
40.20695877075195,8896
40.239343881607056,8895
40.25547409057617,8894
40.31286907196045,8893
40.339723110198975,8892
40.374985218048096,8891
40.39439344406128,8890
40.41304683685303,8889
40.45148992538452,8888
40.46185851097107,8887
40.472278356552124,8886
40.530723094940186,8885
40.54196071624756,8884
40.580867528915405,8883
40.5976402759552,8882
40.60767340660095,8881
40.627944469451904,8880
40.6485013961792,8879
40.66418743133545,8878
40.70301699638367,8877
40.73104000091553,8876
40.75068497657776,8875
40.76068353652954,8874
40.80807161331177,8873
40.834951877593994,8872
40.845229387283325,8871
40.85740399360657,8870
41.018606185913086,8869
41.091591358184814,8868
41.12787342071533,8867
41.21241354942322,8866
41.234777212142944,8865
41.24942946434021,8864
41.259708642959595,8863
41.30620288848877,8862
41.354838371276855,8861
41.380046129226685,8860
41.46515488624573,8859
41.47542595863342,8858
41.50607681274414,8857
41.518988609313965,8856
41.558955907821655,8855
41.57871603965759,8854
41.58889698982239,8853
41.624271392822266,8852
41.648120164871216,8851
41.6585168838501,8850
41.668766498565674,8849
41.72970414161682,8848
41.80122232437134,8847
41.92092776298523,8846
41.98417091369629,8845
42.04544377326965,8844
42.05571269989014,8843
42.06997895240784,8842
42.133182764053345,8841
42.14868998527527,8840
42.22018551826477,8839
42.24253606796265,8838
42.2841477394104,8837
42.3303747177124,8836
42.37236452102661,8835
42.410813093185425,8834
42.44591951370239,8833
42.45641040802002,8832
42.549203872680664,8831
42.582815170288086,8830
42.63286328315735,8829
42.643288135528564,8828
42.699352741241455,8827
42.730355978012085,8826
42.82858657836914,8825
42.89976525306702,8824
42.955732107162476,8823
42.966002464294434,8822
42.98695778846741,8821
43.00823616981506,8820
43.03628087043762,8819
43.04651474952698,8818
43.086976289749146,8817
43.104833364486694,8816
43.134233713150024,8815
43.144633054733276,8814
43.181727170944214,8813
43.192265033721924,8812
43.30265140533447,8811
43.359150648117065,8810
43.41876697540283,8809
43.43910050392151,8808
43.44933557510376,8807
43.45965051651001,8806
43.47080159187317,8805
43.48077702522278,8804
43.5276255607605,8803
43.55029845237732,8802
43.56096029281616,8801
43.595560789108276,8800
43.620121717453,8799
43.69688415527344,8798
43.75162720680237,8797
43.81232738494873,8796
43.88198447227478,8795
43.90134000778198,8794
43.97187876701355,8793
44.05656981468201,8792
44.12732410430908,8791
44.16921019554138,8790
44.20094013214111,8789
44.24786353111267,8788
44.275827169418335,8787
44.306408166885376,8786
44.31634163856506,8785
44.326759576797485,8784
44.34387254714966,8783
44.36367988586426,8782
44.491647720336914,8781
44.68820929527283,8780
44.71127676963806,8779
44.740853786468506,8778
44.79259014129639,8777
44.802973985672,8776
44.813281297683716,8775
44.84354639053345,8774
44.91674089431763,8773
44.93592596054077,8772
44.94873642921448,8771
45.01433038711548,8770
45.02426600456238,8769
45.03469753265381,8768
45.06100845336914,8767
45.07804083824158,8766
45.09788751602173,8765
45.13665771484375,8764
45.17767691612244,8763
45.187886476516724,8762
45.2570264339447,8761
45.26724720001221,8760
45.307700634002686,8759
45.33796167373657,8758
45.37415599822998,8757
45.420127868652344,8756
45.43009400367737,8755
45.45002603530884,8754
45.46840953826904,8753
45.47872567176819,8752
45.49256205558777,8751
45.502543926239014,8750
45.51970076560974,8749
45.58199501037598,8748
45.62659406661987,8747
45.63710927963257,8746
45.66788601875305,8745
45.70898795127869,8744
45.719181060791016,8743
45.732388496398926,8742
45.77413082122803,8741
45.807098388671875,8740
45.94025635719299,8739
45.99294877052307,8738
46.01493692398071,8737
46.0542848110199,8736
46.110471963882446,8735
46.17090129852295,8734
46.23945140838623,8733
46.31411862373352,8732
46.33407163619995,8731
46.35926127433777,8730
46.40325856208801,8729
46.44876003265381,8728
46.520094871520996,8727
46.53634238243103,8726
46.62469220161438,8725
46.65655875205994,8724
46.68929433822632,8723
46.970083236694336,8722
46.9807231426239,8721
47.04405689239502,8720
47.06128430366516,8719
47.07179236412048,8718
47.09437847137451,8717
47.10531258583069,8716
47.11523914337158,8715
47.17115139961243,8714
47.21831703186035,8713
47.231241941452026,8712
47.24190330505371,8711
47.324785470962524,8710
47.360641956329346,8709
47.379065990448,8708
47.429961919784546,8707
47.446476459503174,8706
47.47354054450989,8705
47.49014472961426,8704
47.577460289001465,8703
47.58763575553894,8702
47.67167806625366,8701
47.68186712265015,8700
47.70438599586487,8699
47.724557876586914,8698
47.81225657463074,8697
47.90887975692749,8696
47.94429802894592,8695
47.95472955703735,8694
48.02951169013977,8693
48.04410433769226,8692
48.08899259567261,8691
48.12095093727112,8690
48.13540816307068,8689
48.164406538009644,8688
48.19001770019531,8687
48.22271752357483,8686
48.232635259628296,8685
48.279189109802246,8684
48.32349920272827,8683
48.440162897109985,8682
48.46175146102905,8681
48.56435489654541,8680
48.58677124977112,8679
48.59683132171631,8678
48.61107349395752,8677
48.6373336315155,8676
48.68231797218323,8675
48.707876205444336,8674
48.731629610061646,8673
48.785322427749634,8672
48.9052734375,8671
49.0470507144928,8670
49.08852410316467,8669
49.126137495040894,8668
49.13655352592468,8667
49.15689492225647,8666
49.18558931350708,8665
49.247960805892944,8664
49.268439531326294,8663
49.38757300376892,8662
49.43763494491577,8661
49.55177712440491,8660
49.64120316505432,8659
49.693150997161865,8658
49.703407526016235,8657
49.73243498802185,8656
49.76949167251587,8655
49.790703773498535,8654
49.81635904312134,8653
49.89197373390198,8652
49.911234617233276,8651
49.92116117477417,8650
49.96586990356445,8649
49.97594881057739,8648
50.02991533279419,8647
50.04014301300049,8646
50.06948208808899,8645
50.08944296836853,8644
50.170515060424805,8643
50.246742963790894,8642
50.28134083747864,8641
50.308287620544434,8640
50.3646674156189,8639
50.42069935798645,8638
50.52862358093262,8637
50.55824327468872,8636
50.57876491546631,8635
50.64993333816528,8634
50.67505717277527,8633
50.77568316459656,8632
50.817309856414795,8631
50.82795715332031,8630
50.87143874168396,8629
50.90557265281677,8628
51.005489349365234,8627
51.02531313896179,8626
51.0353262424469,8625
51.154369831085205,8624
51.18897891044617,8623
51.251046657562256,8622
51.344868898391724,8621
51.377819299697876,8620
51.47042441368103,8619
51.524474143981934,8618
51.54882287979126,8617
51.56774353981018,8616
51.60372352600098,8615
51.64476013183594,8614
51.66523718833923,8613
51.69594192504883,8612
51.720853328704834,8611
51.73124647140503,8610
51.75855350494385,8609
51.78414607048035,8608
51.79456543922424,8607
51.805078983306885,8606
51.82299470901489,8605
51.832913637161255,8604
52.04230260848999,8603
52.05258536338806,8602
52.07314205169678,8601
52.097450494766235,8600
52.107487201690674,8599
52.1523756980896,8598
52.17022967338562,8597
52.292283058166504,8596
52.328864336013794,8595
52.352039098739624,8594
52.40888786315918,8593
52.4191529750824,8592
52.544429063797,8591
52.66537833213806,8590
52.72725296020508,8589
52.819908618927,8588
52.83032536506653,8587
52.843103885650635,8586
52.85317254066467,8585
52.86351919174194,8584
52.88861846923828,8583
52.94395899772644,8582
53.0007758140564,8581
53.02111101150513,8580
53.04174327850342,8579
53.18222403526306,8578
53.27821731567383,8577
53.3253390789032,8576
53.346049547195435,8575
53.39026474952698,8574
53.4074170589447,8573
53.555535554885864,8572
53.72490358352661,8571
53.75192880630493,8570
53.77320194244385,8569
53.784881591796875,8568
53.82930111885071,8567
53.86280632019043,8566
53.95547819137573,8565
53.98681354522705,8564
54.011234760284424,8563
54.02166152000427,8562
54.05541157722473,8561
54.06581950187683,8560
54.25125074386597,8559
54.35180377960205,8558
54.36493468284607,8557
54.38548135757446,8556
54.39591312408447,8555
54.41339087486267,8554
54.475812673568726,8553
54.52941870689392,8552
54.53976511955261,8551
54.55741786956787,8550
54.56787467002869,8549
54.62752628326416,8548
54.65444874763489,8547
54.67688512802124,8546
54.68737864494324,8545
54.782787561416626,8544
54.859774351119995,8543
54.9945273399353,8542
55.05476236343384,8541
55.07013654708862,8540
55.08143663406372,8539
55.10980987548828,8538
55.137420654296875,8537
55.19497585296631,8536
55.345465898513794,8535
55.355674505233765,8534
55.36585021018982,8533
55.43491530418396,8532
55.45303773880005,8531
55.543028354644775,8530
55.58779191970825,8529
55.641419410705566,8528
55.65852093696594,8527
55.729615449905396,8526
55.808412313461304,8525
55.83689546585083,8524
55.85744619369507,8523
55.96171426773071,8522
56.07786989212036,8521
56.09828805923462,8520
56.12877321243286,8519
56.306304931640625,8518
56.35255789756775,8517
56.36294507980347,8516
56.42347550392151,8515
56.46534562110901,8514
56.487831592559814,8513
56.552281618118286,8512
56.58732628822327,8511
56.59769630432129,8510
56.6484010219574,8509
56.66885256767273,8508
56.74235820770264,8507
56.758745431900024,8506
56.87795305252075,8505
56.91862630844116,8504
56.96283841133118,8503
56.98804974555969,8502
57.00887155532837,8501
57.01930236816406,8500
57.05823850631714,8499
57.068161964416504,8498
57.122223138809204,8497
57.17735695838928,8496
57.22466230392456,8495
57.24429726600647,8494
57.34032964706421,8493
57.360337018966675,8492
57.40858221054077,8491
57.46220922470093,8490
57.53258156776428,8489
57.62137055397034,8488
57.64227032661438,8487
57.70317006111145,8486
57.73260569572449,8485
57.8495888710022,8484
57.869943380355835,8483
57.886892318725586,8482
57.91711759567261,8481
58.04018950462341,8480
58.12129855155945,8479
58.22824001312256,8478
58.249675273895264,8477
58.27972459793091,8476
58.29853868484497,8475
58.31593990325928,8474
58.32974314689636,8473
58.352121114730835,8472
58.37267827987671,8471
58.391459941864014,8470
58.4434916973114,8469
58.480772972106934,8468
58.53774428367615,8467
58.5480055809021,8466
58.579904556274414,8465
58.68698978424072,8464
58.76618790626526,8463
58.77800726890564,8462
58.80665898323059,8461
58.828423500061035,8460
58.88112473487854,8459
58.89274883270264,8458
58.92210245132446,8457
58.96896409988403,8456
59.017005443573,8455
59.0729444026947,8454
59.13913631439209,8453
59.225690603256226,8452
59.2606155872345,8451
59.2794189453125,8450
59.34872555732727,8449
59.409356117248535,8448
59.45188045501709,8447
59.520474672317505,8446
59.569538831710815,8445
59.579570293426514,8444
59.74751853942871,8443
59.79299569129944,8442
59.803508281707764,8441
59.86295509338379,8440
59.943195819854736,8439
59.987701177597046,8438
60.01570415496826,8437
60.15826201438904,8436
60.22325396537781,8435
60.233439922332764,8434
60.46149563789368,8433
60.52962017059326,8432
60.66183018684387,8431
60.79513430595398,8430
60.84087347984314,8429
60.90411972999573,8428
60.958972215652466,8427
61.017972230911255,8426
61.22840118408203,8425
61.23884296417236,8424
61.24890685081482,8423
61.283912897109985,8422
61.394920110702515,8421
61.4232394695282,8420
61.47177743911743,8419
61.536436796188354,8418
61.62623429298401,8417
61.65461993217468,8416
61.70312809944153,8415
61.73316931724548,8414
61.875850439071655,8413
61.895190954208374,8412
61.969074964523315,8411
61.979519844055176,8410
62.05703330039978,8409
62.18562078475952,8408
62.23605418205261,8407
62.259628772735596,8406
62.280292987823486,8405
62.32608437538147,8404
62.41145038604736,8403
62.475884675979614,8402
62.49083232879639,8401
62.57635164260864,8400
62.58687782287598,8399
62.62532138824463,8398
62.64952492713928,8397
62.74179410934448,8396
62.83036756515503,8395
62.858030796051025,8394
62.99928116798401,8393
63.102211236953735,8392
63.29479718208313,8391
63.32293939590454,8390
63.34105968475342,8389
63.37770462036133,8388
63.54168224334717,8387
63.567299127578735,8386
63.588440895080566,8385
63.646907567977905,8384
63.78886079788208,8383
63.804178953170776,8382
63.879404067993164,8381
63.88979625701904,8380
63.92339754104614,8379
64.00535917282104,8378
64.19380497932434,8377
64.23357629776001,8376
64.24405121803284,8375
64.26163911819458,8374
64.304034948349,8373
64.47481536865234,8372
64.50232172012329,8371
64.54570388793945,8370
64.60624432563782,8369
64.67889428138733,8368
64.68923258781433,8367
64.76799178123474,8366
64.94470763206482,8365
64.99291062355042,8364
65.00876450538635,8363
65.02803754806519,8362
65.05796909332275,8361
65.0915298461914,8360
65.14511775970459,8359
65.18404006958008,8358
65.20167374610901,8357
65.31558465957642,8356
65.3505506515503,8355
65.4130392074585,8354
65.43336987495422,8353
65.47851753234863,8352
65.49227476119995,8351
65.51077604293823,8350
65.56341123580933,8349
65.6293272972107,8348
65.69107699394226,8347
65.72263860702515,8346
65.7380428314209,8345
65.82181859016418,8344
65.83211398124695,8343
65.89578866958618,8342
65.9264976978302,8341
66.01022243499756,8340
66.020427942276,8339
66.08934569358826,8338
66.22526407241821,8337
66.40509700775146,8336
66.44442939758301,8335
66.46858263015747,8334
66.5255274772644,8333
66.5354871749878,8332
66.56894397735596,8331
66.64555788040161,8330
66.73689770698547,8329
66.76829314231873,8328
66.79739093780518,8327
66.95629143714905,8326
66.9961199760437,8325
67.09594011306763,8324
67.11240601539612,8323
67.16168594360352,8322
67.19990539550781,8321
67.24896001815796,8320
67.26974654197693,8319
67.29129576683044,8318
67.35667109489441,8317
67.42027521133423,8316
67.45041823387146,8315
67.4984438419342,8314
67.60554933547974,8313
67.66645097732544,8312
67.7012665271759,8311
67.72773551940918,8310
67.77390503883362,8309
67.82869243621826,8308
67.86932516098022,8307
67.88575720787048,8306
67.90314602851868,8305
67.95824217796326,8304
67.99297881126404,8303
68.00332045555115,8302
68.04080009460449,8301
68.12901139259338,8300
68.17589592933655,8299
68.18653154373169,8298
68.36761927604675,8297
68.45547223091125,8296
68.60913372039795,8295
68.61963605880737,8294
69.04348754882812,8293
69.06687188148499,8292
69.07745575904846,8291
69.22199010848999,8290
69.333012342453,8289
69.37492537498474,8288
69.40905690193176,8287
69.46345949172974,8286
69.51258158683777,8285
69.58954977989197,8284
69.599848985672,8283
69.7240481376648,8282
69.78198266029358,8281
69.80710101127625,8280
69.83997917175293,8279
69.9455156326294,8278
70.0145492553711,8277
70.05095410346985,8276
70.1031424999237,8275
70.11368107795715,8274
70.27044296264648,8273
70.31203651428223,8272
70.43209075927734,8271
70.6009578704834,8270
70.72199559211731,8269
70.83017039299011,8268
70.85629296302795,8267
70.9200050830841,8266
70.97766494750977,8265
71.16176104545593,8264
71.17900514602661,8263
71.19954085350037,8262
71.22954511642456,8261
71.2398247718811,8260
71.31726455688477,8259
71.39065480232239,8258
71.46329641342163,8257
71.51870656013489,8256
71.64250755310059,8255
71.67780923843384,8254
71.70184445381165,8253
71.8912124633789,8252
71.93968319892883,8251
72.01018476486206,8250
72.09958863258362,8249
72.15765261650085,8248
72.28158760070801,8247
72.29974818229675,8246
72.36487531661987,8245
72.41361474990845,8244
72.42970299720764,8243
72.52447533607483,8242
72.53817796707153,8241
72.61766624450684,8240
72.63434076309204,8239
72.79539465904236,8238
72.80584669113159,8237
72.84282636642456,8236
72.96830606460571,8235
72.99772334098816,8234
73.04761457443237,8233
73.077889919281,8232
73.09937620162964,8231
73.15585517883301,8230
73.27111482620239,8229
73.31066703796387,8228
73.4372444152832,8227
73.53277230262756,8226
73.58931040763855,8225
73.71150040626526,8224
73.72435426712036,8223
73.82020306587219,8222
73.97605895996094,8221
74.084148645401,8220
74.14934515953064,8219
74.1838731765747,8218
74.2611448764801,8217
74.33691883087158,8216
74.41048240661621,8215
74.54864954948425,8214
74.70988464355469,8213
74.82448196411133,8212
74.88600444793701,8211
74.98502087593079,8210
75.01840496063232,8209
75.03274345397949,8208
75.21401500701904,8207
75.22439360618591,8206
75.24110317230225,8205
75.25144243240356,8204
75.2769033908844,8203
75.33744978904724,8202
75.41059517860413,8201
75.46205139160156,8200
75.4794614315033,8199
75.53231072425842,8198
75.5437638759613,8197
75.61809349060059,8196
75.8019654750824,8195
75.82381844520569,8194
75.86919927597046,8193
75.97468185424805,8192
75.99554014205933,8191
76.09405446052551,8190
76.21909809112549,8189
76.2472152709961,8188
76.26364922523499,8187
76.47278141975403,8186
76.62485885620117,8185
76.6846854686737,8184
76.8129255771637,8183
76.91254806518555,8182
76.95792317390442,8181
77.02692985534668,8180
77.15493392944336,8179
77.4680004119873,8178
77.54333305358887,8177
77.67046308517456,8176
77.76863837242126,8175
77.81088447570801,8174
77.84354019165039,8173
77.88197898864746,8172
77.93211841583252,8171
78.06744527816772,8170
78.19693303108215,8169
78.2586681842804,8168
78.27180242538452,8167
78.42368412017822,8166
78.45434093475342,8165
78.47960257530212,8164
78.5773057937622,8163
78.75037050247192,8162
78.81170105934143,8161
78.97337055206299,8160
79.00748944282532,8159
79.09799695014954,8158
79.34906387329102,8157
79.43353796005249,8156
79.4840567111969,8155
79.65497016906738,8154
79.66523051261902,8153
79.85990190505981,8152
79.8819842338562,8151
79.9388222694397,8150
79.95068073272705,8149
80.07920622825623,8148
80.1495726108551,8147
80.21169185638428,8146
80.23043060302734,8145
80.86550569534302,8144
80.92170977592468,8143
80.95990896224976,8142
80.97027683258057,8141
81.06673431396484,8140
81.15835642814636,8139
81.23152351379395,8138
81.29791069030762,8137
81.31920981407166,8136
81.37135338783264,8135
81.47438311576843,8134
81.79326558113098,8133
81.89724493026733,8132
82.08453607559204,8131
82.12009453773499,8130
82.14979004859924,8129
82.1964328289032,8128
82.24178743362427,8127
82.33105063438416,8126
82.3802695274353,8125
82.42653441429138,8124
82.52317881584167,8123
82.75011324882507,8122
82.77737140655518,8121
82.80612206459045,8120
82.85133290290833,8119
82.89162349700928,8118
83.06427836418152,8117
83.07455158233643,8116
83.09390377998352,8115
83.37635040283203,8114
83.4039294719696,8113
83.42418074607849,8112
83.46327018737793,8111
83.5307126045227,8110
83.58804774284363,8109
83.7130024433136,8108
83.77260756492615,8107
83.79005312919617,8106
83.89754796028137,8105
83.94929909706116,8104
83.99652910232544,8103
84.03827810287476,8102
84.10829281806946,8101
84.19557762145996,8100
84.26210689544678,8099
84.49607253074646,8098
84.58503603935242,8097
84.6115562915802,8096
84.62625908851624,8095
84.7326602935791,8094
84.80513596534729,8093
84.82519149780273,8092
84.92809247970581,8091
84.93843340873718,8090
84.95200634002686,8089
85.17257618904114,8088
85.63443207740784,8087
85.6793920993805,8086
85.73926615715027,8085
85.80483627319336,8084
85.8441309928894,8083
85.88173723220825,8082
85.91403079032898,8081
85.98341751098633,8080
86.24015808105469,8079
86.32659411430359,8078
86.51511454582214,8077
86.5364921092987,8076
86.80103063583374,8075
86.81985020637512,8074
86.8517861366272,8073
86.87833523750305,8072
86.88831901550293,8071
86.92329668998718,8070
87.07011985778809,8069
87.09523367881775,8068
87.13005256652832,8067
87.20405340194702,8066
87.22524356842041,8065
87.30445170402527,8064
87.3364269733429,8063
87.46750593185425,8062
87.51940846443176,8061
87.75291085243225,8060
87.99271583557129,8059
88.01062989234924,8058
88.02053761482239,8057
88.06921410560608,8056
88.13363718986511,8055
88.18163561820984,8054
88.25179147720337,8053
88.26209545135498,8052
88.29421520233154,8051
88.30443477630615,8050
88.36543369293213,8049
88.4431471824646,8048
88.48323106765747,8047
88.5645546913147,8046
88.66538596153259,8045
88.72591280937195,8044
88.79670119285583,8043
88.98178791999817,8042
89.22417545318604,8041
89.27669787406921,8040
89.31495118141174,8039
89.49832582473755,8038
89.51902866363525,8037
89.61341071128845,8036
89.68827104568481,8035
89.7280011177063,8034
89.86676692962646,8033
89.90674209594727,8032
89.95767521858215,8031
89.97827053070068,8030
90.02483296394348,8029
90.0503580570221,8028
90.17021799087524,8027
90.2611289024353,8026
90.27144193649292,8025
90.52119874954224,8024
90.6243953704834,8023
90.86035656929016,8022
90.88771176338196,8021
90.9134030342102,8020
91.21499562263489,8019
91.29228472709656,8018
91.3493971824646,8017
91.53564524650574,8016
91.5716245174408,8015
91.68471813201904,8014
91.85393071174622,8013
91.98091316223145,8012
92.0839614868164,8011
92.16747307777405,8010
92.24452924728394,8009
92.31986355781555,8008
92.51131439208984,8007
92.78896164894104,8006
93.17500686645508,8005
93.27507281303406,8004
93.28530716896057,8003
93.5043134689331,8002
93.67214965820312,8001
93.7205548286438,8000
93.80501437187195,7999
93.83436965942383,7998
93.86738634109497,7997
94.3330569267273,7996
94.3856635093689,7995
94.39631915092468,7994
94.57801723480225,7993
94.75381135940552,7992
94.79903149604797,7991
94.88797283172607,7990
94.96589827537537,7989
95.23293805122375,7988
95.60072612762451,7987
95.79084038734436,7986
95.81137537956238,7985
95.84000158309937,7984
95.8503839969635,7983
96.0517144203186,7982
96.12957692146301,7981
96.16715431213379,7980
96.25212574005127,7979
96.43774151802063,7978
96.46017026901245,7977
96.48059701919556,7976
96.55971670150757,7975
96.64480018615723,7974
96.66498064994812,7973
96.94421148300171,7972
97.11074995994568,7971
97.14179062843323,7970
97.21855449676514,7969
97.35901594161987,7968
97.37963128089905,7967
97.40032815933228,7966
97.55145621299744,7965
97.68146204948425,7964
97.7007954120636,7963
97.75194716453552,7962
97.95392513275146,7961
98.13379073143005,7960
98.16606998443604,7959
98.43832612037659,7958
98.93103861808777,7957
99.208163022995,7956
99.36156463623047,7955
99.72334051132202,7954
99.78544354438782,7953
99.83623766899109,7952
