0.018929004669189453,14108
0.03639626502990723,14107
0.053717851638793945,14106
0.07086491584777832,14105
0.08755064010620117,14104
0.1045839786529541,14103
0.12173914909362793,14102
0.13840699195861816,14101
0.15535974502563477,14100
0.1727890968322754,14099
0.18983197212219238,14098
0.2069685459136963,14097
0.2241039276123047,14096
0.2408308982849121,14095
0.25806283950805664,14094
0.2752721309661865,14093
0.292100191116333,14092
0.30913877487182617,14091
0.3264350891113281,14090
0.34317922592163086,14089
0.36020374298095703,14088
0.3778955936431885,14087
0.3948855400085449,14086
0.4119844436645508,14085
0.42911314964294434,14084
0.4469432830810547,14083
0.4663655757904053,14082
0.48479151725769043,14081
0.5019621849060059,14080
0.5191929340362549,14079
0.5364432334899902,14078
0.5531346797943115,14077
0.5703005790710449,14076
0.5879473686218262,14075
0.604762077331543,14074
0.6219804286956787,14073
0.6395258903503418,14072
0.6565217971801758,14071
0.6736066341400146,14070
0.6907238960266113,14069
0.7073473930358887,14068
0.7243499755859375,14067
0.7420339584350586,14066
0.7589139938354492,14065
0.7764182090759277,14064
0.7938106060028076,14063
0.810626745223999,14062
0.8275566101074219,14061
0.8446083068847656,14060
0.8612895011901855,14059
0.87847900390625,14058
0.8955268859863281,14057
0.9292066097259521,14056
0.9464929103851318,14055
0.9634251594543457,14054
0.9809901714324951,14053
0.9982223510742188,14052
1.0149178504943848,14051
1.0318284034729004,14050
1.0490150451660156,14049
1.0657718181610107,14048
1.0827083587646484,14047
1.099729061126709,14046
1.116314172744751,14045
1.1335949897766113,14044
1.150672435760498,14043
1.1675019264221191,14042
1.185079574584961,14041
1.202195644378662,14040
1.2189216613769531,14039
1.2360453605651855,14038
1.2536919116973877,14037
1.2706105709075928,14036
1.2878925800323486,14035
1.305237054824829,14034
1.3220245838165283,14033
1.339078664779663,14032
1.3561463356018066,14031
1.3735098838806152,14030
1.3907346725463867,14029
1.4078364372253418,14028
1.4245953559875488,14027
1.4421038627624512,14026
1.4604337215423584,14025
1.4778075218200684,14024
1.4954686164855957,14023
1.5129163265228271,14022
1.5297603607177734,14021
1.5470170974731445,14020
1.5647854804992676,14019
1.582167625427246,14018
1.5994234085083008,14017
1.6165680885314941,14016
1.633406639099121,14015
1.6505863666534424,14014
1.6677186489105225,14013
1.6843574047088623,14012
1.7013561725616455,14011
1.7185413837432861,14010
1.7352509498596191,14009
1.7522103786468506,14008
1.769779920578003,14007
1.7871544361114502,14006
1.804408073425293,14005
1.8216004371643066,14004
1.8383679389953613,14003
1.8553228378295898,14002
1.8724992275238037,14001
1.8893532752990723,14000
1.9065239429473877,13999
1.9236857891082764,13998
1.9404726028442383,13997
1.957672357559204,13996
1.975400686264038,13995
1.9923171997070312,13994
2.009467840194702,13993
2.0266129970550537,13992
2.0433008670806885,13991
2.0602545738220215,13990
2.0778002738952637,13989
2.0946033000946045,13988
2.111579418182373,13987
2.1287074089050293,13986
2.145500421524048,13985
2.170236349105835,13984
2.1876981258392334,13983
2.204904794692993,13982
2.221989154815674,13981
2.2387990951538086,13980
2.256080389022827,13979
2.2735447883605957,13978
2.2904486656188965,13977
2.307891607284546,13976
2.3251969814300537,13975
2.3419296741485596,13974
2.3589751720428467,13973
2.3769781589508057,13972
2.393998861312866,13971
2.4111416339874268,13970
2.428290605545044,13969
2.4468038082122803,13968
2.464587926864624,13967
2.482494354248047,13966
2.499790906906128,13965
2.5226593017578125,13964
2.5393378734588623,13963
2.556344985961914,13962
2.573904275894165,13961
2.5912976264953613,13960
2.608445644378662,13959
2.625497341156006,13958
2.642320156097412,13957
2.6597039699554443,13956
2.6768736839294434,13955
2.6939988136291504,13954
2.711066246032715,13953
2.7282416820526123,13952
2.744929313659668,13951
2.761928081512451,13950
2.7796084880828857,13949
2.7965288162231445,13948
2.8137853145599365,13947
2.8308987617492676,13946
2.847536325454712,13945
2.8646531105041504,13944
2.881845712661743,13943
2.898585796356201,13942
2.915825843811035,13941
2.9330217838287354,13940
2.9496922492980957,13939
2.9667816162109375,13938
2.9845328330993652,13937
3.0014514923095703,13936
3.0185563564300537,13935
3.0356314182281494,13934
3.052248239517212,13933
3.0692105293273926,13932
3.0862033367156982,13931
3.108091354370117,13930
3.1248505115509033,13929
3.141857862472534,13928
3.1588926315307617,13927
3.1767191886901855,13926
3.194014549255371,13925
3.211467981338501,13924
3.228637218475342,13923
3.245473861694336,13922
3.2627744674682617,13921
3.2801513671875,13920
3.2979867458343506,13919
3.315262794494629,13918
3.332134246826172,13917
3.3491716384887695,13916
3.366283655166626,13915
3.38374400138855,13914
3.401268720626831,13913
3.418523073196411,13912
3.4352285861968994,13911
3.4534366130828857,13910
3.4709701538085938,13909
3.4877476692199707,13908
3.5060157775878906,13907
3.5235557556152344,13906
3.5403430461883545,13905
3.557330846786499,13904
3.574934244155884,13903
3.5918166637420654,13902
3.608924150466919,13901
3.6259281635284424,13900
3.6427717208862305,13899
3.659740924835205,13898
3.676731586456299,13897
3.6934919357299805,13896
3.713468313217163,13895
3.73014497756958,13894
3.747194290161133,13893
3.7643046379089355,13892
3.7813937664031982,13891
3.804114818572998,13890
3.8216803073883057,13889
3.838613748550415,13888
3.8555943965911865,13887
3.872529983520508,13886
3.8893232345581055,13885
3.906414031982422,13884
3.9237492084503174,13883
3.940485954284668,13882
3.957458972930908,13881
3.9748735427856445,13880
3.991837739944458,13879
4.009013891220093,13878
4.026185750961304,13877
4.04294228553772,13876
4.060020923614502,13875
4.077592611312866,13874
4.094971418380737,13873
4.112277507781982,13872
4.146493673324585,13871
4.163740158081055,13870
4.181352615356445,13869
4.1985673904418945,13868
4.215582609176636,13867
4.2326555252075195,13866
4.249841690063477,13865
4.266879320144653,13864
4.301563024520874,13863
4.319016695022583,13862
4.336153745651245,13861
4.353433609008789,13860
4.3705151081085205,13859
4.388216257095337,13858
4.4052205085754395,13857
4.422461748123169,13856
4.439894437789917,13855
4.4574010372161865,13854
4.474484443664551,13853
4.494874477386475,13852
4.51191258430481,13851
4.529245853424072,13850
4.546375274658203,13849
4.563070774078369,13848
4.5805888175964355,13847
4.5979554653167725,13846
4.614662170410156,13845
4.631809949874878,13844
4.648883104324341,13843
4.6655943393707275,13842
4.682541370391846,13841
4.69951605796814,13840
4.7162275314331055,13839
4.733464241027832,13838
4.75079083442688,13837
4.76765513420105,13836
4.785200834274292,13835
4.802407503128052,13834
4.819268226623535,13833
4.836390018463135,13832
4.853492975234985,13831
4.870179891586304,13830
4.887359380722046,13829
4.904550790786743,13828
4.921401023864746,13827
4.93845534324646,13826
4.955530881881714,13825
4.972560405731201,13824
4.9897356033325195,13823
5.006885766983032,13822
5.0235748291015625,13821
5.040657997131348,13820
5.057639837265015,13819
5.074444532394409,13818
5.091388463973999,13817
5.108365297317505,13816
5.124976873397827,13815
5.142154216766357,13814
5.159268379211426,13813
5.179873466491699,13812
5.196760654449463,13811
5.214956998825073,13810
5.231647253036499,13809
5.266308069229126,13808
5.283546686172485,13807
5.317000865936279,13806
5.334582328796387,13805
5.351403474807739,13804
5.368634939193726,13803
5.389561891555786,13802
5.406391859054565,13801
5.423499822616577,13800
5.440675735473633,13799
5.457728862762451,13798
5.491614103317261,13797
5.508374929428101,13796
5.525380373001099,13795
5.542413234710693,13794
5.559156656265259,13793
5.580963611602783,13792
5.614541292190552,13791
5.636579275131226,13790
5.653259992599487,13789
5.67035984992981,13788
5.687427043914795,13787
5.704070568084717,13786
5.721051454544067,13785
5.738130331039429,13784
5.754803419113159,13783
5.772166967391968,13782
5.789469957351685,13781
5.80623984336853,13780
5.8233418464660645,13779
5.840662002563477,13778
5.857466697692871,13777
5.874452829360962,13776
5.89157509803772,13775
5.908385753631592,13774
5.925515413284302,13773
5.942609548568726,13772
5.959393262863159,13771
5.9769673347473145,13770
5.994241237640381,13769
6.010969161987305,13768
6.0279412269592285,13767
6.0450217723846436,13766
6.06590723991394,13765
6.082700252532959,13764
6.099349737167358,13763
6.116253614425659,13762
6.137263774871826,13761
6.153937816619873,13760
6.17141580581665,13759
6.188753366470337,13758
6.216752052307129,13757
6.2337646484375,13756
6.253098011016846,13755
6.269931316375732,13754
6.286958932876587,13753
6.303886651992798,13752
6.320625066757202,13751
6.33796501159668,13750
6.355156183242798,13749
6.372336387634277,13748
6.39194655418396,13747
6.415989398956299,13746
6.432879686355591,13745
6.450051546096802,13744
6.467392921447754,13743
6.48439884185791,13742
6.501704454421997,13741
6.518439769744873,13740
6.535821914672852,13739
6.553164958953857,13738
6.569963216781616,13737
6.587656021118164,13736
6.604999780654907,13735
6.621766567230225,13734
6.638921022415161,13733
6.656036615371704,13732
6.672737121582031,13731
6.689819097518921,13730
6.706810712814331,13729
6.72347354888916,13728
6.7404420375823975,13727
6.757556676864624,13726
6.774713754653931,13725
6.792024850845337,13724
6.809225797653198,13723
6.825936317443848,13722
6.843228101730347,13721
6.8604772090911865,13720
6.877233028411865,13719
6.894349575042725,13718
6.911548614501953,13717
6.930099248886108,13716
6.946871280670166,13715
6.963534355163574,13714
6.983112812042236,13713
7.000038385391235,13712
7.017017602920532,13711
7.033989906311035,13710
7.050710916519165,13709
7.0677268505096436,13708
7.084889650344849,13707
7.101690053939819,13706
7.118639945983887,13705
7.138946771621704,13704
7.155634641647339,13703
7.173122406005859,13702
7.190480709075928,13701
7.207190036773682,13700
7.224245071411133,13699
7.241294622421265,13698
7.274746894836426,13697
7.291926383972168,13696
7.3085644245147705,13695
7.325664281845093,13694
7.3429365158081055,13693
7.3644397258758545,13692
7.381732702255249,13691
7.404400110244751,13690
7.421157598495483,13689
7.437870740890503,13688
7.45501708984375,13687
7.4773643016815186,13686
7.49448823928833,13685
7.5116331577301025,13684
7.528769016265869,13683
7.545468091964722,13682
7.562466144561768,13681
7.580036163330078,13680
7.596965312957764,13679
7.613971710205078,13678
7.630986213684082,13677
7.647953987121582,13676
7.666053056716919,13675
7.682722330093384,13674
7.700162887573242,13673
7.717381954193115,13672
7.734174728393555,13671
7.751234531402588,13670
7.768452167510986,13669
7.785579681396484,13668
7.802748680114746,13667
7.819755792617798,13666
7.844949960708618,13665
7.862027883529663,13664
7.884089708328247,13663
7.901098966598511,13662
7.918221712112427,13661
7.935622930526733,13660
7.955973148345947,13659
7.973106861114502,13658
7.989959955215454,13657
8.007112979888916,13656
8.029119968414307,13655
8.045800924301147,13654
8.062814950942993,13653
8.089149713516235,13652
8.105700969696045,13651
8.122741937637329,13650
8.140028715133667,13649
8.156724452972412,13648
8.19129729270935,13647
8.208069324493408,13646
8.225080728530884,13645
8.242173671722412,13644
8.25912880897522,13643
8.292989730834961,13642
8.309694766998291,13641
8.326833963394165,13640
8.343929052352905,13639
8.360897064208984,13638
8.378505229949951,13637
8.395874500274658,13636
8.41274905204773,13635
8.430450201034546,13634
8.447872400283813,13633
8.46460247039795,13632
8.481609582901001,13631
8.498758316040039,13630
8.515398025512695,13629
8.535950660705566,13628
8.552775859832764,13627
8.587284326553345,13626
8.60420846939087,13625
8.621222019195557,13624
8.638451099395752,13623
8.655359506607056,13622
8.67246961593628,13621
8.689623355865479,13620
8.706228971481323,13619
8.723222970962524,13618
8.74064040184021,13617
8.757529497146606,13616
8.775033473968506,13615
8.792398929595947,13614
8.809276580810547,13613
8.826313972473145,13612
8.843364953994751,13611
8.86041784286499,13610
8.877623558044434,13609
8.894848823547363,13608
8.911766767501831,13607
8.92909049987793,13606
8.94633412361145,13605
8.963090896606445,13604
8.98521614074707,13603
9.018601417541504,13602
9.035529613494873,13601
9.052168369293213,13600
9.069115400314331,13599
9.087158679962158,13598
9.104408264160156,13597
9.12149167060852,13596
9.138569831848145,13595
9.155838012695312,13594
9.173380851745605,13593
9.190746307373047,13592
9.207567930221558,13591
9.2245934009552,13590
9.241985559463501,13589
9.25899052619934,13588
9.283432006835938,13587
9.300113201141357,13586
9.317046403884888,13585
9.334400177001953,13584
9.351218461990356,13583
9.368637323379517,13582
9.386306285858154,13581
9.403371334075928,13580
9.433348417282104,13579
9.450135707855225,13578
9.46718144416809,13577
9.484163284301758,13576
9.500920534133911,13575
9.518231391906738,13574
9.540613412857056,13573
9.557357549667358,13572
9.575057029724121,13571
9.592411994934082,13570
9.609163761138916,13569
9.626240730285645,13568
9.647379636764526,13567
9.66408395767212,13566
9.681161642074585,13565
9.698323965072632,13564
9.715002298355103,13563
9.731998920440674,13562
9.748993873596191,13561
9.765769481658936,13560
9.783183813095093,13559
9.80031943321228,13558
9.817017078399658,13557
9.851129531860352,13556
9.867994785308838,13555
9.885071754455566,13554
9.902339935302734,13553
9.919302225112915,13552
9.936492204666138,13551
9.95785927772522,13550
9.974955797195435,13549
9.992159843444824,13548
10.013579368591309,13547
10.03020191192627,13546
10.064026117324829,13545
10.097829341888428,13544
10.114872932434082,13543
10.131503105163574,13542
10.1486496925354,13541
10.16598916053772,13540
10.183280229568481,13539
10.20070481300354,13538
10.217911005020142,13537
10.234609603881836,13536
10.251757621765137,13535
10.268850326538086,13534
10.28546404838562,13533
10.306919813156128,13532
10.323745965957642,13531
10.3408944606781,13530
10.358098983764648,13529
10.375483751296997,13528
10.392750978469849,13527
10.414935111999512,13526
10.43169355392456,13525
10.448740243911743,13524
10.472728729248047,13523
10.489815473556519,13522
10.507132768630981,13521
10.52598524093628,13520
10.542754888534546,13519
10.559861421585083,13518
10.577513933181763,13517
10.594635725021362,13516
10.6117103099823,13515
10.628804922103882,13514
10.653595447540283,13513
10.670361518859863,13512
10.68707013130188,13511
10.708756446838379,13510
10.731154680252075,13509
10.750338792800903,13508
10.767297506332397,13507
10.784972906112671,13506
10.802196502685547,13505
10.818852663040161,13504
10.842526197433472,13503
10.863083362579346,13502
10.880064010620117,13501
10.897409439086914,13500
10.914611101150513,13499
10.931437969207764,13498
10.948530912399292,13497
10.965620040893555,13496
10.982851505279541,13495
11.00002121925354,13494
11.01703667640686,13493
11.033668756484985,13492
11.056963205337524,13491
11.074945449829102,13490
11.092219829559326,13489
11.109337329864502,13488
11.143253803253174,13487
11.165896892547607,13486
11.183233976364136,13485
11.237139463424683,13484
11.254594564437866,13483
11.271907091140747,13482
11.289109945297241,13481
11.322626113891602,13480
11.339759111404419,13479
11.356489896774292,13478
11.37424373626709,13477
11.391806602478027,13476
11.408801317214966,13475
11.426075458526611,13474
11.456915140151978,13473
11.473644971847534,13472
11.490779876708984,13471
11.508175134658813,13470
11.524998426437378,13469
11.550758600234985,13468
11.567644596099854,13467
11.587899684906006,13466
11.60615587234497,13465
11.62315845489502,13464
11.642703294754028,13463
11.659546136856079,13462
11.677130460739136,13461
11.707074880599976,13460
11.729641437530518,13459
11.746840715408325,13458
11.764071702957153,13457
11.781297206878662,13456
11.798710107803345,13455
11.816089630126953,13454
11.832980632781982,13453
11.850151777267456,13452
11.867205381393433,13451
11.884035110473633,13450
11.901466369628906,13449
11.918839454650879,13448
11.93572998046875,13447
11.952868938446045,13446
11.970203161239624,13445
11.987504482269287,13444
12.00471830368042,13443
12.021955013275146,13442
12.038749933242798,13441
12.055845975875854,13440
12.075021266937256,13439
12.0918288230896,13438
12.109075784683228,13437
12.12853741645813,13436
12.145355463027954,13435
12.186818838119507,13434
12.20435380935669,13433
12.221504926681519,13432
12.23855710029602,13431
12.2619149684906,13430
12.278594255447388,13429
12.29568099975586,13428
12.31283164024353,13427
12.329813957214355,13426
12.346961975097656,13425
12.364091396331787,13424
12.381460666656494,13423
12.415943622589111,13422
12.457356214523315,13421
12.474490880966187,13420
12.491653680801392,13419
12.510311603546143,13418
12.52788496017456,13417
12.544935464859009,13416
12.56222677230835,13415
12.57961368560791,13414
12.597017288208008,13413
12.61423134803772,13412
12.650449514389038,13411
12.667579650878906,13410
12.687654972076416,13409
12.704473495483398,13408
12.721343755722046,13407
12.738964796066284,13406
12.7563955783844,13405
12.773608684539795,13404
12.790961980819702,13403
12.808266162872314,13402
12.82542872428894,13401
12.842618465423584,13400
12.86634111404419,13399
12.894774436950684,13398
12.912219524383545,13397
12.929842472076416,13396
12.946730136871338,13395
12.963936805725098,13394
12.981441497802734,13393
12.998326063156128,13392
13.016130447387695,13391
13.03386378288269,13390
13.050910472869873,13389
13.067981004714966,13388
13.085055589675903,13387
13.101818323135376,13386
13.126867294311523,13385
13.148278713226318,13384
13.182738780975342,13383
13.204317331314087,13382
13.221064805984497,13381
13.238763570785522,13380
13.2736177444458,13379
13.290938377380371,13378
13.308057069778442,13377
13.325275659561157,13376
13.360152244567871,13375
13.377840518951416,13374
13.39513087272644,13373
13.412631273269653,13372
13.439010858535767,13371
13.455883979797363,13370
13.47258186340332,13369
13.490010976791382,13368
13.50727915763855,13367
13.541101455688477,13366
13.55824065208435,13365
13.57543396949768,13364
13.599060773849487,13363
13.615742683410645,13362
13.632748365402222,13361
13.649996042251587,13360
13.666958093643188,13359
13.684012174606323,13358
13.704780340194702,13357
13.721506118774414,13356
13.73873257637024,13355
13.758254766464233,13354
13.775562524795532,13353
13.797693490982056,13352
13.815298080444336,13351
13.83235478401184,13350
13.849469661712646,13349
13.866653680801392,13348
13.887255430221558,13347
13.904874563217163,13346
13.92210578918457,13345
13.939427375793457,13344
13.956244468688965,13343
13.973719835281372,13342
13.991042852401733,13341
14.007855415344238,13340
14.026071071624756,13339
14.042770385742188,13338
14.077504396438599,13337
14.095190286636353,13336
14.112486600875854,13335
14.129615306854248,13334
14.146513938903809,13333
14.168579339981079,13332
14.195480585098267,13331
14.21248197555542,13330
14.229715347290039,13329
14.24707555770874,13328
14.264049053192139,13327
14.281291246414185,13326
14.306036233901978,13325
14.322954654693604,13324
14.341180324554443,13323
14.35794711112976,13322
14.375650644302368,13321
14.393017530441284,13320
14.410110473632812,13319
14.427487134933472,13318
14.444672346115112,13317
14.470699071884155,13316
14.48777961730957,13315
14.50488543510437,13314
14.521838188171387,13313
14.538933277130127,13312
14.556194067001343,13311
14.573419332504272,13310
14.591886043548584,13309
14.60882043838501,13308
14.626822471618652,13307
14.644545078277588,13306
14.661888837814331,13305
14.679230451583862,13304
14.696486711502075,13303
14.730350494384766,13302
14.748599767684937,13301
14.765634059906006,13300
14.783154249191284,13299
14.800609827041626,13298
14.817689895629883,13297
14.834808826446533,13296
14.851653099060059,13295
14.874534368515015,13294
14.893170356750488,13293
14.915367603302002,13292
14.957564115524292,13291
14.974899291992188,13290
14.991820573806763,13289
15.008915901184082,13288
15.026069164276123,13287
15.042714357376099,13286
15.076416492462158,13285
15.093135118484497,13284
15.114700555801392,13283
15.131664276123047,13282
15.15436840057373,13281
15.17221999168396,13280
15.18948769569397,13279
15.206706285476685,13278
15.226024150848389,13277
15.242956399917603,13276
15.262754917144775,13275
15.297208309173584,13274
15.314299583435059,13273
15.331339597702026,13272
15.348610401153564,13271
15.365885019302368,13270
15.383302688598633,13269
15.400535106658936,13268
15.41806960105896,13267
15.434979438781738,13266
15.452162981033325,13265
15.470528364181519,13264
15.487304449081421,13263
15.505592823028564,13262
15.523205518722534,13261
15.541104316711426,13260
15.557863712310791,13259
15.575144529342651,13258
15.592445850372314,13257
15.611850261688232,13256
15.645301342010498,13255
15.668229341506958,13254
15.685043334960938,13253
15.725516557693481,13252
15.742576599121094,13251
15.759263277053833,13250
15.776732921600342,13249
15.803041458129883,13248
15.832804203033447,13247
15.851343870162964,13246
15.86814570426941,13245
15.90194821357727,13244
15.9191415309906,13243
15.936468124389648,13242
15.95363974571228,13241
15.972506046295166,13240
15.993446350097656,13239
16.01053214073181,13238
16.027758359909058,13237
16.04754614830017,13236
16.07543158531189,13235
16.092468976974487,13234
16.109636068344116,13233
16.1306369304657,13232
16.17042565345764,13231
16.192747592926025,13230
16.209718942642212,13229
16.248924493789673,13228
16.266075611114502,13227
16.28331995010376,13226
16.32441782951355,13225
16.34148335456848,13224
16.36541748046875,13223
16.390024185180664,13222
16.41435742378235,13221
16.431923151016235,13220
16.449206113815308,13219
16.46625852584839,13218
16.483707189559937,13217
16.500648260116577,13216
16.518269777297974,13215
16.535605669021606,13214
16.552696228027344,13213
16.570261478424072,13212
16.59936213493347,13211
16.616161823272705,13210
16.6336510181427,13209
16.65111207962036,13208
16.66797924041748,13207
16.685062646865845,13206
16.702104091644287,13205
16.718871355056763,13204
16.736283540725708,13203
16.753594398498535,13202
16.79102897644043,13201
16.809194564819336,13200
16.82695174217224,13199
16.846693515777588,13198
16.871060132980347,13197
16.904962062835693,13196
16.922770023345947,13195
16.93979835510254,13194
16.967608213424683,13193
16.98519778251648,13192
17.002030849456787,13191
17.019190549850464,13190
17.03638982772827,13189
17.053081274032593,13188
17.07009482383728,13187
17.087191104888916,13186
17.103851556777954,13185
17.12098455429077,13184
17.138103246688843,13183
17.15484857559204,13182
17.172379970550537,13181
17.19411277770996,13180
17.21100878715515,13179
17.228158235549927,13178
17.250391960144043,13177
17.26792550086975,13176
17.285226345062256,13175
17.30767297744751,13174
17.335191011428833,13173
17.352279901504517,13172
17.369746685028076,13171
17.387152671813965,13170
17.40540099143982,13169
17.422364473342896,13168
17.439942359924316,13167
17.457165241241455,13166
17.473929405212402,13165
17.495030879974365,13164
17.516279697418213,13163
17.544429302215576,13162
17.570915460586548,13161
17.588459491729736,13160
17.605615377426147,13159
17.623657703399658,13158
17.64427876472473,13157
17.661216497421265,13156
17.67856192588806,13155
17.695563077926636,13154
17.712620735168457,13153
17.72941756248474,13152
17.74651837348938,13151
17.76370620727539,13150
17.780918836593628,13149
17.798094511032104,13148
17.818971395492554,13147
17.838942527770996,13146
17.859957456588745,13145
17.880698204040527,13144
17.89768958091736,13143
17.915075302124023,13142
17.932053804397583,13141
17.949308395385742,13140
17.96664786338806,13139
17.9838969707489,13138
18.001042366027832,13137
18.018091440200806,13136
18.034868717193604,13135
18.057151317596436,13134
18.110589504241943,13133
18.12762689590454,13132
18.144938707351685,13131
18.161794185638428,13130
18.179444789886475,13129
18.196868181228638,13128
18.213751554489136,13127
18.230854511260986,13126
18.250208139419556,13125
18.28435707092285,13124
18.31820273399353,13123
18.335445404052734,13122
18.352670431137085,13121
18.387646913528442,13120
18.41098952293396,13119
18.427833795547485,13118
18.445167541503906,13117
18.462630033493042,13116
18.484906673431396,13115
18.502185583114624,13114
18.5191388130188,13113
18.536298751831055,13112
18.553120613098145,13111
18.570438623428345,13110
18.58825159072876,13109
18.605177879333496,13108
18.62233853340149,13107
18.639570474624634,13106
18.656370401382446,13105
18.673547983169556,13104
18.707423448562622,13103
18.724446773529053,13102
18.741519451141357,13101
18.75865936279297,13100
18.776175022125244,13099
18.793628692626953,13098
18.810858964920044,13097
18.832203149795532,13096
18.84919762611389,13095
18.8670437335968,13094
18.884218454360962,13093
18.918529987335205,13092
18.937780618667603,13091
18.976036071777344,13090
18.998655080795288,13089
19.017030715942383,13088
19.033976554870605,13087
19.052363395690918,13086
19.069471836090088,13085
19.08747887611389,13084
19.104933738708496,13083
19.121796369552612,13082
19.14256262779236,13081
19.159371614456177,13080
19.177205801010132,13079
19.19470238685608,13078
19.211522340774536,13077
19.23458480834961,13076
19.25140142440796,13075
19.269911527633667,13074
19.28779888153076,13073
19.304845333099365,13072
19.322152376174927,13071
19.339478015899658,13070
19.356565713882446,13069
19.374426126480103,13068
19.39280104637146,13067
19.409732818603516,13066
19.42786478996277,13065
19.46154260635376,13064
19.496092319488525,13063
19.51293635368347,13062
19.546849489212036,13061
19.563722372055054,13060
19.581555128097534,13059
19.599205255508423,13058
19.616034746170044,13057
19.633068323135376,13056
19.650092601776123,13055
19.66704797744751,13054
19.684264421463013,13053
19.7016384601593,13052
19.718595027923584,13051
19.735795736312866,13050
19.76969289779663,13049
19.787502765655518,13048
19.80484914779663,13047
19.82198405265808,13046
19.83903670310974,13045
19.86947798728943,13044
19.903168439865112,13043
19.92184019088745,13042
19.948406219482422,13041
19.965843200683594,13040
19.983661890029907,13039
20.000856161117554,13038
20.019697189331055,13037
20.036494255065918,13036
20.0713849067688,13035
20.08859348297119,13034
20.105268955230713,13033
20.128549337387085,13032
20.145275115966797,13031
20.204564332962036,13030
20.221368074417114,13029
20.24905800819397,13028
20.26633620262146,13027
20.283378839492798,13026
20.3031005859375,13025
20.320024251937866,13024
20.337296724319458,13023
20.354464054107666,13022
20.371837377548218,13021
20.38950276374817,13020
20.40680503845215,13019
20.42382287979126,13018
20.44110608100891,13017
20.458397150039673,13016
20.47527003288269,13015
20.49250864982605,13014
20.52674174308777,13013
20.548466682434082,13012
20.56538152694702,13011
20.583057641983032,13010
20.6005220413208,13009
20.634095668792725,13008
20.651150703430176,13007
20.66783595085144,13006
20.685075283050537,13005
20.702295541763306,13004
20.718992233276367,13003
20.775748014450073,13002
20.793249130249023,13001
20.81042194366455,13000
20.82781410217285,12999
20.84496259689331,12998
20.880729913711548,12997
20.897689819335938,12996
20.921496629714966,12995
20.938672065734863,12994
20.955788612365723,12993
20.973448753356934,12992
21.007670164108276,12991
21.024747848510742,12990
21.04183006286621,12989
21.07215118408203,12988
21.088846683502197,12987
21.10603618621826,12986
21.139570951461792,12985
21.156715154647827,12984
21.2008216381073,12983
21.221928596496582,12982
21.238733291625977,12981
21.256490230560303,12980
21.273963689804077,12979
21.29080891609192,12978
21.315091133117676,12977
21.348811626434326,12976
21.365901708602905,12975
21.38848090171814,12974
21.42222571372986,12973
21.439449310302734,12972
21.473909854888916,12971
21.49112820625305,12970
21.51036834716797,12969
21.527637481689453,12968
21.54444646835327,12967
21.561678886413574,12966
21.57958173751831,12965
21.596779346466064,12964
21.613981246948242,12963
21.630847215652466,12962
21.64798855781555,12961
21.682129621505737,12960
21.716472148895264,12959
21.73968243598938,12958
21.756455898284912,12957
21.773889303207397,12956
21.79563307762146,12955
21.812598943710327,12954
21.830803871154785,12953
21.86426568031311,12952
21.881326913833618,12951
21.89803957939148,12950
21.915212631225586,12949
21.932876348495483,12948
21.950021028518677,12947
21.972802877426147,12946
21.99517512321472,12945
22.012197971343994,12944
22.029271841049194,12943
22.046640396118164,12942
22.063719511032104,12941
22.08170437812805,12940
22.09855318069458,12939
22.11578893661499,12938
22.133010149002075,12937
22.14981722831726,12936
22.167052745819092,12935
22.201826572418213,12934
22.218996047973633,12933
22.2378191947937,12932
22.255107402801514,12931
22.272018671035767,12930
22.289193630218506,12929
22.306466102600098,12928
22.32369303703308,12927
22.340966939926147,12926
22.35776925086975,12925
22.37919306755066,12924
22.39612603187561,12923
22.413221836090088,12922
22.430927276611328,12921
22.448070764541626,12920
22.48250913619995,12919
22.49950623512268,12918
22.5273494720459,12917
22.569007635116577,12916
22.58666181564331,12915
22.62056589126587,12914
22.637624740600586,12913
22.654654264450073,12912
22.673959970474243,12911
22.690849781036377,12910
22.708053827285767,12909
22.725224494934082,12908
22.747373819351196,12907
22.781543970108032,12906
22.798774003982544,12905
22.81600284576416,12904
22.832957983016968,12903
22.855308532714844,12902
22.87208604812622,12901
22.89542818069458,12900
22.929131984710693,12899
22.948572158813477,12898
22.966166496276855,12897
22.983983516693115,12896
23.00348997116089,12895
23.0210063457489,12894
23.041245222091675,12893
23.058346033096313,12892
23.083686590194702,12891
23.100505113601685,12890
23.117600679397583,12889
23.135165691375732,12888
23.151920080184937,12887
23.169166326522827,12886
23.186917543411255,12885
23.203907012939453,12884
23.23783254623413,12883
23.25520610809326,12882
23.27306294441223,12881
23.290449857711792,12880
23.307255744934082,12879
23.32455277442932,12878
23.341808080673218,12877
23.35864019393921,12876
23.376452684402466,12875
23.393840789794922,12874
23.410715579986572,12873
23.427955389022827,12872
23.445255756378174,12871
23.462229013442993,12870
23.499287128448486,12869
23.51655912399292,12868
23.53344178199768,12867
23.55062484741211,12866
23.568195343017578,12865
23.58570671081543,12864
23.609840154647827,12863
23.63205623626709,12862
23.67224669456482,12861
23.689852952957153,12860
23.70692253112793,12859
23.73120355606079,12858
23.74839472770691,12857
23.76521611213684,12856
23.783018827438354,12855
23.805405855178833,12854
23.822252988815308,12853
23.839409828186035,12852
23.860347270965576,12851
23.87724494934082,12850
23.905163764953613,12849
23.92245578765869,12848
23.939516067504883,12847
23.957867860794067,12846
23.992634773254395,12845
24.009875535964966,12844
24.02675175666809,12843
24.043842792510986,12842
24.061021327972412,12841
24.07837700843811,12840
24.098777532577515,12839
24.115766286849976,12838
24.132977724075317,12837
24.15024995803833,12836
24.16729164123535,12835
24.203112602233887,12834
24.220415592193604,12833
24.237209796905518,12832
24.262303113937378,12831
24.279507160186768,12830
24.29667901992798,12829
24.313903331756592,12828
24.331289768218994,12827
24.34812021255493,12826
24.365326404571533,12825
24.38317847251892,12824
24.400233507156372,12823
24.417434453964233,12822
24.43795132637024,12821
24.454962253570557,12820
24.472208261489868,12819
24.489598989486694,12818
24.511772632598877,12817
24.534843683242798,12816
24.552056550979614,12815
24.569498300552368,12814
24.58727788925171,12813
24.604766368865967,12812
24.62379741668701,12811
24.64067006111145,12810
24.657411575317383,12809
24.67442798614502,12808
24.69518733024597,12807
24.71208667755127,12806
24.73218536376953,12805
24.749345064163208,12804
24.768104553222656,12803
24.788634777069092,12802
24.822993993759155,12801
24.839805841445923,12800
24.85693049430847,12799
24.874141216278076,12798
24.89097571372986,12797
24.925702571868896,12796
24.942805767059326,12795
24.96008276939392,12794
24.98563575744629,12793
25.002747058868408,12792
25.023125648498535,12791
25.04206371307373,12790
25.059091091156006,12789
25.080026626586914,12788
25.096787214279175,12787
25.113957405090332,12786
25.13610029220581,12785
25.152903079986572,12784
25.17024803161621,12783
25.187967538833618,12782
25.207111835479736,12781
25.224053859710693,12780
25.241178274154663,12779
25.258713006973267,12778
25.27611207962036,12777
25.292996168136597,12776
25.31017518043518,12775
25.32742428779602,12774
25.3610942363739,12773
25.37891435623169,12772
25.396036863327026,12771
25.413496017456055,12770
25.473259210586548,12769
25.490589141845703,12768
25.507960081100464,12767
25.525473594665527,12766
25.542630672454834,12765
25.57923674583435,12764
25.596674919128418,12763
25.613550901412964,12762
25.64911985397339,12761
25.665836572647095,12760
25.68303108215332,12759
25.704936027526855,12758
25.721832036972046,12757
25.739863634109497,12756
25.776407718658447,12755
25.810450315475464,12754
25.82776951789856,12753
25.861456155776978,12752
25.878492832183838,12751
25.895484685897827,12750
25.912701845169067,12749
25.929999589920044,12748
25.949538230895996,12747
25.966577768325806,12746
25.98416781425476,12745
26.001683712005615,12744
26.035658597946167,12743
26.06085968017578,12742
26.078675746917725,12741
26.0954270362854,12740
26.11219334602356,12739
26.1304190158844,12738
26.14720320701599,12737
26.164353847503662,12736
26.216319799423218,12735
26.26806092262268,12734
26.301915645599365,12733
26.319090604782104,12732
26.33630919456482,12731
26.353363275527954,12730
26.370569229125977,12729
26.388201236724854,12728
26.405343294143677,12727
26.439650535583496,12726
26.456788778305054,12725
26.473795652389526,12724
26.4909884929657,12723
26.511901140213013,12722
26.52891492843628,12721
26.561559438705444,12720
26.578914880752563,12719
26.596078395843506,12718
26.61326575279236,12717
26.63043785095215,12716
26.647318840026855,12715
26.664378881454468,12714
26.68291211128235,12713
26.699753046035767,12712
26.71686887741089,12711
26.7509868144989,12710
26.769461154937744,12709
26.788459300994873,12708
26.824523448944092,12707
26.841793537139893,12706
26.859034538269043,12705
26.896031141281128,12704
26.913221836090088,12703
26.952645301818848,12702
26.970094919204712,12701
26.987300634384155,12700
27.006329774856567,12699
27.027531623840332,12698
27.04471516609192,12697
27.061871767044067,12696
27.079134464263916,12695
27.09620213508606,12694
27.1133975982666,12693
27.13044571876526,12692
27.14754629135132,12691
27.164830207824707,12690
27.182072162628174,12689
27.210208415985107,12688
27.22726035118103,12687
27.247023820877075,12686
27.264362573623657,12685
27.286492586135864,12684
27.303245067596436,12683
27.31999945640564,12682
27.35417652130127,12681
27.390076398849487,12680
27.430055856704712,12679
27.464325666427612,12678
27.48142433166504,12677
27.49869441986084,12676
27.517061948776245,12675
27.534520864486694,12674
27.59273886680603,12673
27.610729455947876,12672
27.62769842147827,12671
27.644877672195435,12670
27.662052869796753,12669
27.678871631622314,12668
27.700368404388428,12667
27.71742820739746,12666
27.7431001663208,12665
27.759928941726685,12664
27.777443647384644,12663
27.79477548599243,12662
27.82828164100647,12661
27.871970891952515,12660
27.888969659805298,12659
27.90599012374878,12658
27.940312385559082,12657
27.957472801208496,12656
27.992060661315918,12655
28.00922656059265,12654
28.04853653907776,12653
28.065675258636475,12652
28.09349012374878,12651
28.110283851623535,12650
28.127399444580078,12649
28.14451789855957,12648
28.163941144943237,12647
28.18134331703186,12646
28.198614835739136,12645
28.215919017791748,12644
28.233120441436768,12643
28.272958040237427,12642
28.290144205093384,12641
28.307233572006226,12640
28.330661296844482,12639
28.353758573532104,12638
28.37076187133789,12637
28.388913869857788,12636
28.40664267539978,12635
28.440914154052734,12634
28.458029747009277,12633
28.476343393325806,12632
28.510918855667114,12631
28.534143924713135,12630
28.551156997680664,12629
28.568589448928833,12628
28.586586952209473,12627
28.60377073287964,12626
28.637810230255127,12625
28.665275812149048,12624
28.6823627948761,12623
28.699803590774536,12622
28.71693515777588,12621
28.742758989334106,12620
28.76200270652771,12619
28.77949070930481,12618
28.79694414138794,12617
28.847367763519287,12616
28.869407892227173,12615
28.886479377746582,12614
28.911983251571655,12613
28.92895817756653,12612
28.946258306503296,12611
28.963594436645508,12610
28.980802536010742,12609
28.998154401779175,12608
29.01540732383728,12607
29.040240049362183,12606
29.057090520858765,12605
29.07845711708069,12604
29.096163034439087,12603
29.11534309387207,12602
29.132244110107422,12601
29.15181541442871,12600
29.170461177825928,12599
29.218179941177368,12598
29.235058307647705,12597
29.25330877304077,12596
29.2879900932312,12595
29.30524969100952,12594
29.322584867477417,12593
29.339780807495117,12592
29.360400915145874,12591
29.37816023826599,12590
29.397104263305664,12589
29.414047479629517,12588
29.438910961151123,12587
29.456310033798218,12586
29.473201990127563,12585
29.49725103378296,12584
29.518003225326538,12583
29.535247325897217,12582
29.552643060684204,12581
29.58979344367981,12580
29.60705828666687,12579
29.624218463897705,12578
29.664347648620605,12577
29.682589769363403,12576
29.69965124130249,12575
29.716906785964966,12574
29.73426651954651,12573
29.751185417175293,12572
29.768549919128418,12571
29.794079780578613,12570
29.810901641845703,12569
29.828134298324585,12568
29.845465421676636,12567
29.862253665924072,12566
29.879372358322144,12565
29.898990392684937,12564
29.91808819770813,12563
29.936863899230957,12562
29.954359769821167,12561
29.995392322540283,12560
30.01871657371521,12559
30.037009716033936,12558
30.054348945617676,12557
30.07253408432007,12556
30.08936619758606,12555
30.10656452178955,12554
30.123815059661865,12553
30.149048566818237,12552
30.16605496406555,12551
30.183398485183716,12550
30.20108699798584,12549
30.21845817565918,12548
30.238558769226074,12547
30.255573987960815,12546
30.272470951080322,12545
30.296481132507324,12544
30.31322407722473,12543
30.335499048233032,12542
30.38180160522461,12541
30.398927211761475,12540
30.43781328201294,12539
30.45511245727539,12538
30.47243857383728,12537
30.489493131637573,12536
30.506656169891357,12535
30.523563146591187,12534
30.540796995162964,12533
30.55828285217285,12532
30.575773000717163,12531
30.600274562835693,12530
30.617522954940796,12529
30.637474536895752,12528
30.65427589416504,12527
30.671005249023438,12526
30.68826961517334,12525
30.70689296722412,12524
30.723761796951294,12523
30.740984201431274,12522
30.768560647964478,12521
30.785844326019287,12520
30.803085327148438,12519
30.820308208465576,12518
30.853830814361572,12517
30.871073007583618,12516
30.88786268234253,12515
30.90502619743347,12514
30.92233371734619,12513
30.939401149749756,12512
30.958666563034058,12511
30.976014614105225,12510
30.993404150009155,12509
31.01521325111389,12508
31.079805374145508,12507
31.10214877128601,12506
31.11901569366455,12505
31.136467933654785,12504
31.15368890762329,12503
31.171359539031982,12502
31.188474655151367,12501
31.20606756210327,12500
31.231109380722046,12499
31.264934062957764,12498
31.286689043045044,12497
31.32053828239441,12496
31.338390588760376,12495
31.369231700897217,12494
31.387009382247925,12493
31.416813135147095,12492
31.43354606628418,12491
31.450789213180542,12490
31.468050241470337,12489
31.491246938705444,12488
31.508268356323242,12487
31.525253772735596,12486
31.545206546783447,12485
31.562398672103882,12484
31.58017373085022,12483
31.59769916534424,12482
31.61534023284912,12481
31.632188081741333,12480
31.649076223373413,12479
31.666361808776855,12478
31.70061755180359,12477
31.717965126037598,12476
31.735368251800537,12475
31.756704092025757,12474
31.77397632598877,12473
31.791380882263184,12472
31.808938026428223,12471
31.829219341278076,12470
31.84613060951233,12469
31.862923860549927,12468
31.880030393600464,12467
31.897343158721924,12466
31.914257287979126,12465
31.931557178497314,12464
31.95141625404358,12463
31.968451499938965,12462
31.986056804656982,12461
32.00331473350525,12460
32.02021026611328,12459
32.03730368614197,12458
32.07169508934021,12457
32.088977336883545,12456
32.106059074401855,12455
32.12318992614746,12454
32.17555117607117,12453
32.19255709648132,12452
32.24011421203613,12451
32.27403688430786,12450
32.29122257232666,12449
32.308367013931274,12448
32.326537132263184,12447
32.3437614440918,12446
32.36627244949341,12445
32.38865280151367,12444
32.40585803985596,12443
32.42308306694031,12442
32.44036388397217,12441
32.45756697654724,12440
32.478272438049316,12439
32.49537634849548,12438
32.512606620788574,12437
32.5298810005188,12436
32.54671311378479,12435
32.564186334609985,12434
32.58522653579712,12433
32.63410425186157,12432
32.651287317276,12431
32.68350791931152,12430
32.7004599571228,12429
32.71768283843994,12428
32.75438952445984,12427
32.789430379867554,12426
32.80803966522217,12425
32.82509994506836,12424
32.85149025917053,12423
32.88541102409363,12422
32.90265107154846,12421
32.9200165271759,12420
32.9372353553772,12419
32.954490661621094,12418
32.9835422039032,12417
33.02284598350525,12416
33.0400755405426,12415
33.06327199935913,12414
33.08029103279114,12413
33.09772753715515,12412
33.13708853721619,12411
33.15432524681091,12410
33.171987771987915,12409
33.196542263031006,12408
33.21383285522461,12407
33.23230957984924,12406
33.2911639213562,12405
33.30829977989197,12404
33.3256402015686,12403
33.348700761795044,12402
33.36563491821289,12401
33.385310888290405,12400
33.42084860801697,12399
33.44408440589905,12398
33.46116852760315,12397
33.4782931804657,12396
33.49547338485718,12395
33.512439250946045,12394
33.5296196937561,12393
33.56370139122009,12392
33.58156085014343,12391
33.598878383636475,12390
33.61613583564758,12389
33.64024043083191,12388
33.66654825210571,12387
33.68366289138794,12386
33.718459129333496,12385
33.739277601242065,12384
33.75626873970032,12383
33.7738995552063,12382
33.79141426086426,12381
33.8088915348053,12380
33.830013275146484,12379
33.847922563552856,12378
33.86514377593994,12377
33.88240361213684,12376
33.899210691452026,12375
33.91660284996033,12374
33.93401575088501,12373
33.95111346244812,12372
33.9686164855957,12371
33.98645877838135,12370
34.003597021102905,12369
34.02472758293152,12368
34.04198122024536,12367
34.058817863464355,12366
34.10008144378662,12365
34.11716318130493,12364
34.15545654296875,12363
34.190037965774536,12362
34.20768070220947,12361
34.22982096672058,12360
34.246922731399536,12359
34.264324426651,12358
34.2815477848053,12357
34.29855751991272,12356
34.315720081329346,12355
34.333202838897705,12354
34.35517883300781,12353
34.383978605270386,12352
34.40801167488098,12351
34.44757556915283,12350
34.465120792388916,12349
34.482330322265625,12348
34.50005888938904,12347
34.51695680618286,12346
34.53428077697754,12345
34.55863904953003,12344
34.576048612594604,12343
34.593831062316895,12342
34.62825083732605,12341
34.654961347579956,12340
34.67421293258667,12339
34.712729692459106,12338
34.74712014198303,12337
34.764410972595215,12336
34.781824588775635,12335
34.799134492874146,12334
34.833282470703125,12333
34.85032081604004,12332
34.8677179813385,12331
34.884950160980225,12330
34.90177917480469,12329
34.91899561882019,12328
34.93652534484863,12327
34.95362949371338,12326
34.98821043968201,12325
35.005197286605835,12324
35.022438764572144,12323
35.042280435562134,12322
35.0592737197876,12321
35.07679772377014,12320
35.097655296325684,12319
35.114558696746826,12318
35.14316749572754,12317
35.16036629676819,12316
35.177592515945435,12315
35.19508481025696,12314
35.212658405303955,12313
35.24813365936279,12312
35.28302884101868,12311
35.31735920906067,12310
35.33478045463562,12309
35.35174822807312,12308
35.36920762062073,12307
35.38969922065735,12306
35.40673756599426,12305
35.423951864242554,12304
35.46651077270508,12303
35.48386216163635,12302
35.50632309913635,12301
35.52348732948303,12300
35.54041528701782,12299
35.55796575546265,12298
35.575923919677734,12297
35.59341382980347,12296
35.610817432403564,12295
35.62783122062683,12294
35.64509725570679,12293
35.6628634929657,12292
35.67985415458679,12291
35.71412444114685,12290
35.73151731491089,12289
35.74881720542908,12288
35.7665696144104,12287
35.78412628173828,12286
35.806225299835205,12285
35.82305550575256,12284
35.84021258354187,12283
35.8574960231781,12282
35.87429118156433,12281
35.89147162437439,12280
35.93407487869263,12279
35.951316833496094,12278
36.003865003585815,12277
36.02076315879822,12276
36.03787708282471,12275
36.05510473251343,12274
36.07230019569397,12273
36.10699796676636,12272
36.14166522026062,12271
36.17645764350891,12270
36.19571352005005,12269
36.21297025680542,12268
36.23463010787964,12267
36.25209188461304,12266
36.290844440460205,12265
36.307950496673584,12264
36.329594373703,12263
36.346792697906494,12262
36.38127827644348,12261
36.3987021446228,12260
36.44987940788269,12259
36.467039585113525,12258
36.486613750457764,12257
36.50410223007202,12256
36.52633857727051,12255
36.577906370162964,12254
36.61310124397278,12253
36.63702940940857,12252
36.65407395362854,12251
36.67126107215881,12250
36.68859362602234,12249
36.70553541183472,12248
36.764572620391846,12247
36.78192353248596,12246
36.799050092697144,12245
36.81655740737915,12244
36.85824632644653,12243
36.87546515464783,12242
36.909441232681274,12241
36.932103633880615,12240
36.95180702209473,12239
36.98901295661926,12238
37.00648355484009,12237
37.040948152542114,12236
37.05821347236633,12235
37.08574652671814,12234
37.103057861328125,12233
37.12457084655762,12232
37.14153027534485,12231
37.15869736671448,12230
37.17637372016907,12229
37.1934278011322,12228
37.210943937301636,12227
37.22827458381653,12226
37.24563264846802,12225
37.267980337142944,12224
37.28538680076599,12223
37.306355714797974,12222
37.32350826263428,12221
37.34063529968262,12220
37.3634831905365,12219
37.38126754760742,12218
37.39831328392029,12217
37.415539264678955,12216
37.43276929855347,12215
37.46950817108154,12214
37.491458892822266,12213
37.50858545303345,12212
37.5259325504303,12211
37.54335379600525,12210
37.56035304069519,12209
37.59153914451599,12208
37.608919620513916,12207
37.62801551818848,12206
37.64496850967407,12205
37.662256479263306,12204
37.684672355651855,12203
37.70168471336365,12202
37.7191698551178,12201
37.74551296234131,12200
37.7623336315155,12199
37.79934334754944,12198
37.8735728263855,12197
37.89043354988098,12196
37.907479763031006,12195
37.924848556518555,12194
37.94225597381592,12193
37.963950872421265,12192
37.98131346702576,12191
37.998260498046875,12190
38.01982045173645,12189
38.036797285079956,12188
38.06040382385254,12187
38.077322006225586,12186
38.0944287776947,12185
38.11185431480408,12184
38.15016746520996,12183
38.16748285293579,12182
38.21163487434387,12181
38.22895121574402,12180
38.2630877494812,12179
38.28523373603821,12178
38.30219841003418,12177
38.31959104537964,12176
38.336955070495605,12175
38.360509634017944,12174
38.37790870666504,12173
38.394956827163696,12172
38.412280797958374,12171
38.466712474823,12170
38.483941316604614,12169
38.507325410842896,12168
38.528887033462524,12167
38.546053886413574,12166
38.563422441482544,12165
38.58759617805481,12164
38.60473585128784,12163
38.655643463134766,12162
38.67250990867615,12161
38.68976283073425,12160
38.70832920074463,12159
38.726675510406494,12158
38.76091957092285,12157
38.77843379974365,12156
38.7957808971405,12155
38.81457304954529,12154
38.83165407180786,12153
38.84905409812927,12152
38.86634016036987,12151
38.89995050430298,12150
38.93433141708374,12149
38.951481103897095,12148
38.970006465911865,12147
38.991864919662476,12146
39.008782625198364,12145
39.04843330383301,12144
39.0652871131897,12143
39.08349347114563,12142
39.10482168197632,12141
39.12847852706909,12140
39.1630494594574,12139
39.18064618110657,12138
39.203017473220825,12137
39.237163066864014,12136
39.25443768501282,12135
39.28831100463867,12134
39.305499792099,12133
39.322394132614136,12132
39.35712480545044,12131
39.374541997909546,12130
39.42240047454834,12129
39.43926763534546,12128
39.45656371116638,12127
39.47389483451843,12126
39.49077010154724,12125
39.509016275405884,12124
39.53507089614868,12123
39.55206561088562,12122
39.57547569274902,12121
39.592607736587524,12120
39.62714219093323,12119
39.644296407699585,12118
39.66162061691284,12117
39.67892837524414,12116
39.703203439712524,12115
39.72019290924072,12114
39.737446546554565,12113
39.77749943733215,12112
39.80548334121704,12111
39.82283639907837,12110
39.85747480392456,12109
39.88845157623291,12108
39.90533709526062,12107
39.922754764556885,12106
39.95927572250366,12105
39.98146152496338,12104
40.003281116485596,12103
40.066925287246704,12102
40.0837767124176,12101
40.100953102111816,12100
40.119863986968994,12099
40.13701009750366,12098
40.167630672454834,12097
40.20234537124634,12096
40.237183809280396,12095
40.254695415496826,12094
40.27642369270325,12093
40.293538331985474,12092
40.31073045730591,12091
40.33000874519348,12090
40.34704828262329,12089
40.36457443237305,12088
40.38241147994995,12087
40.40340566635132,12086
40.4203782081604,12085
40.44408822059631,12084
40.500720262527466,12083
40.524935722351074,12082
40.573193311691284,12081
40.590806007385254,12080
40.60809350013733,12079
40.63052201271057,12078
40.64764451980591,12077
40.66503620147705,12076
40.68233942985535,12075
40.699284076690674,12074
40.71650433540344,12073
40.73414421081543,12072
40.758885860443115,12071
40.780117988586426,12070
40.797229528427124,12069
40.81449341773987,12068
40.83169078826904,12067
40.848779916763306,12066
40.8828558921814,12065
40.899824142456055,12064
40.9170777797699,12063
40.938454151153564,12062
40.95631670951843,12061
40.97399020195007,12060
40.991533517837524,12059
41.013914823532104,12058
41.030823707580566,12057
41.04767394065857,12056
41.06491422653198,12055
41.08224034309387,12054
41.111634731292725,12053
41.128734827041626,12052
41.146323442459106,12051
41.16349649429321,12050
41.18123126029968,12049
41.215702056884766,12048
41.23559880256653,12047
41.25358867645264,12046
41.271374225616455,12045
41.28888988494873,12044
41.322691917419434,12043
41.38021421432495,12042
41.4148223400116,12041
41.43218398094177,12040
41.44900369644165,12039
41.46622061729431,12038
41.484673500061035,12037
41.503223180770874,12036
41.53730225563049,12035
41.57185745239258,12034
41.58938694000244,12033
41.60650682449341,12032
41.62368726730347,12031
41.657981872558594,12030
41.69277501106262,12029
41.727234840393066,12028
41.7449426651001,12027
41.76256823539734,12026
41.797879457473755,12025
41.81559181213379,12024
41.836100339889526,12023
41.870293855667114,12022
41.88763689994812,12021
41.90471053123474,12020
41.92317032814026,12019
41.95693588256836,12018
41.97453951835632,12017
41.99937057495117,12016
42.02349257469177,12015
42.048402070999146,12014
42.06525230407715,12013
42.082486629486084,12012
42.099769592285156,12011
42.11663794517517,12010
42.13382887840271,12009
42.15125560760498,12008
42.1722207069397,12007
42.189356565475464,12006
42.23215675354004,12005
42.24959111213684,12004
42.28433609008789,12003
42.301557779312134,12002
42.318495750427246,12001
42.33596348762512,12000
42.38758683204651,11999
42.40462327003479,11998
42.424803256988525,11997
42.45887279510498,11996
42.484416246414185,11995
42.50355768203735,11994
42.52085471153259,11993
42.54405403137207,11992
42.561036348342896,11991
42.57878279685974,11990
42.60494804382324,11989
42.621894121170044,11988
42.66030716896057,11987
42.67759823799133,11986
42.76302361488342,11985
42.784074783325195,11984
42.8013014793396,11983
42.82152771949768,11982
42.84467911720276,11981
42.86151647567749,11980
42.87874960899353,11979
42.89605760574341,11978
42.9132182598114,11977
42.941625356674194,11976
42.996501207351685,11975
43.01377844810486,11974
43.04958963394165,11973
43.06681251525879,11972
43.084028482437134,11971
43.10126519203186,11970
43.11843752861023,11969
43.15949034690857,11968
43.17736220359802,11967
43.20241141319275,11966
43.21945071220398,11965
43.2601523399353,11964
43.28082990646362,11963
43.29783535003662,11962
43.315096855163574,11961
43.34930968284607,11960
43.40254211425781,11959
43.424678325653076,11958
43.44179034233093,11957
43.45896911621094,11956
43.47953414916992,11955
43.51373505592346,11954
43.53328514099121,11953
43.55055856704712,11952
43.5679566860199,11951
43.587984800338745,11950
43.60499668121338,11949
43.622204303741455,11948
43.691346645355225,11947
43.70987415313721,11946
43.727641105651855,11945
43.74527072906494,11944
43.76292967796326,11943
43.78038001060486,11942
43.814698219299316,11941
43.83295917510986,11940
43.87358736991882,11939
43.89383316040039,11938
43.91075921058655,11937
43.928088426589966,11936
43.945619344711304,11935
43.98589539527893,11934
44.00322151184082,11933
44.02043175697327,11932
44.0458288192749,11931
44.06354856491089,11930
44.08427882194519,11929
44.103920221328735,11928
44.144925594329834,11927
44.182565212249756,11926
44.21673846244812,11925
44.23401880264282,11924
44.251389265060425,11923
44.28624892234802,11922
44.30330228805542,11921
44.32075500488281,11920
44.337973833084106,11919
44.37426424026489,11918
44.39164733886719,11917
44.40899085998535,11916
44.45040440559387,11915
44.46768379211426,11914
44.53379011154175,11913
44.5510151386261,11912
44.56943345069885,11911
44.61349868774414,11910
44.63084626197815,11909
44.65363812446594,11908
44.68773651123047,11907
44.708163261413574,11906
44.72904849052429,11905
44.75092577934265,11904
44.793739318847656,11903
44.816648960113525,11902
44.83394765853882,11901
44.851115703582764,11900
44.86835432052612,11899
44.88527059555054,11898
44.903844594955444,11897
44.920979499816895,11896
44.93826365470886,11895
44.9630229473114,11894
44.980459213256836,11893
44.99783992767334,11892
45.01508545875549,11891
45.03666830062866,11890
45.05343723297119,11889
45.07706928253174,11888
45.09704923629761,11887
45.12438440322876,11886
45.141512393951416,11885
45.18570375442505,11884
45.20330262184143,11883
45.22071433067322,11882
45.25580930709839,11881
45.278130531311035,11880
45.31185436248779,11879
45.32920169830322,11878
45.3504683971405,11877
45.369404315948486,11876
45.38739085197449,11875
45.40500545501709,11874
45.46176791191101,11873
45.47913694381714,11872
45.496309757232666,11871
45.53061318397522,11870
45.54750156402588,11869
45.564820766448975,11868
45.60121703147888,11867
45.66016411781311,11866
45.677053451538086,11865
45.69480800628662,11864
45.71234726905823,11863
45.746336460113525,11862
45.78103494644165,11861
45.803566694259644,11860
45.82048535346985,11859
45.839106798172,11858
45.85598635673523,11857
45.87415361404419,11856
45.90844416618347,11855
45.92594861984253,11854
45.975411891937256,11853
45.993027210235596,11852
46.010700702667236,11851
46.02790307998657,11850
46.04509234428406,11849
46.062334299087524,11848
46.11429452896118,11847
46.131308794021606,11846
46.14845132827759,11845
46.170939922332764,11844
46.28091382980347,11843
46.2983980178833,11842
46.315449237823486,11841
46.33277678489685,11840
46.354241609573364,11839
46.37149715423584,11838
46.39217209815979,11837
46.41038775444031,11836
46.430001974105835,11835
46.50060534477234,11834
46.5180127620697,11833
46.57632899284363,11832
46.60422110557556,11831
46.622323989868164,11830
46.64864921569824,11829
46.66603922843933,11828
46.72047424316406,11827
46.73803496360779,11826
46.75954055786133,11825
46.782408714294434,11824
46.80186676979065,11823
46.81921935081482,11822
46.85368371009827,11821
46.87840962409973,11820
46.89619016647339,11819
46.91359066963196,11818
46.95397591590881,11817
46.98912978172302,11816
47.009658336639404,11815
47.02663779258728,11814
47.044997215270996,11813
47.06333065032959,11812
47.084903955459595,11811
47.10177993774414,11810
47.1223931312561,11809
47.17728519439697,11808
47.19495105743408,11807
47.21230912208557,11806
47.230138063430786,11805
47.24765467643738,11804
47.265122413635254,11803
47.282562494277954,11802
47.318033933639526,11801
47.339001417160034,11800
47.35596799850464,11799
47.380627393722534,11798
47.3977587223053,11797
47.45297574996948,11796
47.52676272392273,11795
47.54387712478638,11794
47.56368398666382,11793
47.582369804382324,11792
47.60302233695984,11791
47.664092779159546,11790
47.681275367736816,11789
47.69884395599365,11788
47.73343229293823,11787
47.750951528549194,11786
47.76843476295471,11785
47.78638672828674,11784
47.820366621017456,11783
47.87251162528992,11782
47.889299154281616,11781
47.908926486968994,11780
47.926153898239136,11779
47.9435772895813,11778
47.966551780700684,11777
47.98437809944153,11776
48.00186276435852,11775
48.02888011932373,11774
48.04868984222412,11773
48.06560301780701,11772
48.13376426696777,11771
48.15121531486511,11770
48.168256998062134,11769
48.196149826049805,11768
48.23053598403931,11767
48.247987031936646,11766
48.265223264694214,11765
48.2890248298645,11764
48.31115698814392,11763
48.32830882072449,11762
48.34788656234741,11761
48.365453004837036,11760
48.3834707736969,11759
48.418984174728394,11758
48.445801973342896,11757
48.462915897369385,11756
48.488824129104614,11755
48.52686095237732,11754
48.544119119644165,11753
48.56165289878845,11752
48.579533100128174,11751
48.601428508758545,11750
48.62092041969299,11749
48.646658182144165,11748
48.663912534713745,11747
48.720311880111694,11746
48.73806118965149,11745
48.77357506752014,11744
48.80914807319641,11743
48.8603241443634,11742
48.877609729766846,11741
48.94556975364685,11740
48.963008642196655,11739
48.98177480697632,11738
49.03274130821228,11737
49.06697630882263,11736
49.085317611694336,11735
49.124499797821045,11734
49.141873836517334,11733
49.15919232368469,11732
49.17734980583191,11731
49.19501805305481,11730
49.21254301071167,11729
49.27061414718628,11728
49.287649631500244,11727
49.30497670173645,11726
49.322243213653564,11725
49.33917260169983,11724
49.3566107749939,11723
49.374736309051514,11722
49.3919951915741,11721
49.41687989234924,11720
49.43378663063049,11719
49.45093035697937,11718
49.46923089027405,11717
49.4863703250885,11716
49.504122257232666,11715
49.53851342201233,11714
49.555779695510864,11713
49.57339262962341,11712
49.591084718704224,11711
49.6347815990448,11710
49.6548216342926,11709
49.6740984916687,11708
49.694782733917236,11707
49.71204924583435,11706
49.77459216117859,11705
49.8087694644928,11704
49.826180934906006,11703
49.868606090545654,11702
49.885876178741455,11701
49.920077323913574,11700
49.93923783302307,11699
49.963398456573486,11698
49.99838900566101,11697
