0.48171091079711914,8776
0.574533224105835,8775
0.6661858558654785,8774
0.7577760219573975,8773
0.8492674827575684,8772
0.9413819313049316,8771
1.0329511165618896,8770
1.124514102935791,8769
1.2161204814910889,8768
1.3077425956726074,8767
1.3995263576507568,8766
1.4914286136627197,8765
1.5836281776428223,8764
1.6749029159545898,8763
1.7665493488311768,8762
1.858140468597412,8761
1.9497621059417725,8760
2.0414512157440186,8759
2.133641242980957,8758
2.225252389907837,8757
2.3167126178741455,8756
2.4084413051605225,8755
2.50009822845459,8754
2.5917134284973145,8753
2.6839599609375,8752
2.7789368629455566,8751
2.870959520339966,8750
2.962956666946411,8749
3.0553598403930664,8748
3.147475004196167,8747
3.2400217056274414,8746
3.332181453704834,8745
3.424198865890503,8744
3.516369581222534,8743
3.608264446258545,8742
3.7003815174102783,8741
3.79042649269104,8740
3.878885269165039,8739
3.9672701358795166,8738
4.0555620193481445,8737
4.1439595222473145,8736
4.232017993927002,8735
4.320836067199707,8734
4.40915322303772,8733
4.49767804145813,8732
4.586053848266602,8731
4.6747658252716064,8730
4.763665437698364,8729
4.860212802886963,8728
4.949852466583252,8727
5.041229486465454,8726
5.132938623428345,8725
5.224429130554199,8724
5.315758228302002,8723
5.406906604766846,8722
5.498124837875366,8721
5.5896522998809814,8720
5.680746793746948,8719
5.771881341934204,8718
5.8635618686676025,8717
5.955429792404175,8716
6.0464746952056885,8715
6.137845754623413,8714
6.22931981086731,8713
6.320428848266602,8712
6.411596298217773,8711
6.502878665924072,8710
6.59414005279541,8709
6.685391187667847,8708
6.776602506637573,8707
6.868154287338257,8706
6.9593024253845215,8705
7.050575494766235,8704
7.1425700187683105,8703
7.234731674194336,8702
7.326662540435791,8701
7.418485641479492,8700
7.510503768920898,8699
7.602284669876099,8698
7.695303201675415,8697
7.787176132202148,8696
7.878962993621826,8695
7.97065281867981,8694
8.062511920928955,8693
8.154776334762573,8692
8.246763229370117,8691
8.338655948638916,8690
8.426779985427856,8689
8.514889001846313,8688
8.603271961212158,8687
8.691871643066406,8686
8.779878377914429,8685
8.868001461029053,8684
8.956475734710693,8683
9.04481816291809,8682
9.13322401046753,8681
9.22148060798645,8680
9.309651613235474,8679
9.397269487380981,8678
9.489524602890015,8677
9.580418348312378,8676
9.672193765640259,8675
9.764269828796387,8674
9.856143712997437,8673
9.948017597198486,8672
10.040023803710938,8671
10.132345914840698,8670
10.22488284111023,8669
10.316768407821655,8668
10.407243013381958,8667
10.498628616333008,8666
10.589981079101562,8665
10.68143081665039,8664
10.772702932357788,8663
10.864326238632202,8662
10.9560387134552,8661
11.047219038009644,8660
11.138949155807495,8659
11.23052716255188,8658
11.3217613697052,8657
11.413206338882446,8656
11.504457235336304,8655
11.59580659866333,8654
11.687227487564087,8653
11.77817416191101,8652
11.869784355163574,8651
11.961324453353882,8650
12.053169250488281,8649
12.144907474517822,8648
12.237039804458618,8647
12.328642845153809,8646
12.420743703842163,8645
12.51297116279602,8644
12.603171348571777,8643
12.693249702453613,8642
12.780978679656982,8641
12.86911416053772,8640
12.95717716217041,8639
13.045114040374756,8638
13.132771253585815,8637
13.220664024353027,8636
13.308420658111572,8635
13.396207332611084,8634
13.484186887741089,8633
13.57184100151062,8632
13.658369064331055,8631
13.749510049819946,8630
13.840189695358276,8629
13.931177616119385,8628
14.021848917007446,8627
14.112866401672363,8626
14.20390272140503,8625
14.294596672058105,8624
14.38550353050232,8623
14.476600646972656,8622
14.567677021026611,8621
14.658637285232544,8620
14.749302864074707,8619
14.84003472328186,8618
14.93036937713623,8617
15.021503925323486,8616
15.112132787704468,8615
15.202739715576172,8614
15.293507099151611,8613
15.384452819824219,8612
15.474241495132446,8611
15.564870119094849,8610
15.655656576156616,8609
15.746644258499146,8608
15.837517976760864,8607
15.928376913070679,8606
16.019084930419922,8605
16.109825611114502,8604
16.200480937957764,8603
16.290968656539917,8602
16.381430625915527,8601
16.47198176383972,8600
16.562617301940918,8599
16.65328621864319,8598
16.74462389945984,8597
16.835559368133545,8596
16.92615532875061,8595
17.016652584075928,8594
17.107460498809814,8593
17.197946071624756,8592
17.288784980773926,8591
17.379450798034668,8590
17.468916654586792,8589
17.556698083877563,8588
17.645299911499023,8587
17.732614994049072,8586
17.82028102874756,8585
17.907707691192627,8584
17.995145559310913,8583
18.082592725753784,8582
18.169957160949707,8581
18.2572762966156,8580
18.344884872436523,8579
18.43221163749695,8578
18.52040719985962,8577
18.611555814743042,8576
18.702985286712646,8575
18.79445743560791,8574
18.885364770889282,8573
18.976372480392456,8572
19.06756591796875,8571
19.158725261688232,8570
19.249796867370605,8569
19.341229915618896,8568
19.43239951133728,8567
19.52365469932556,8566
19.61466336250305,8565
19.70594358444214,8564
19.797057151794434,8563
19.88680934906006,8562
19.97800040245056,8561
20.069664239883423,8560
20.161577701568604,8559
20.25254464149475,8558
20.343712091445923,8557
20.434592247009277,8556
20.525697469711304,8555
20.61707901954651,8554
20.70776057243347,8553
20.798542499542236,8552
20.889326333999634,8551
20.98051118850708,8550
21.071213245391846,8549
21.16234827041626,8548
21.253298044204712,8547
21.344204902648926,8546
21.435144424438477,8545
21.5259108543396,8544
21.61580181121826,8543
21.703359365463257,8542
21.790278673171997,8541
21.87730097770691,8540
21.96438980102539,8539
22.051403045654297,8538
22.13846254348755,8537
22.22557497024536,8536
22.312676429748535,8535
22.39975142478943,8534
22.486844539642334,8533
22.574142694473267,8532
22.661370754241943,8531
22.75436568260193,8530
22.844688177108765,8529
22.935177087783813,8528
23.026002168655396,8527
23.11662530899048,8526
23.207449436187744,8525
23.298282384872437,8524
23.38916039466858,8523
23.480189323425293,8522
23.571004629135132,8521
23.661812782287598,8520
23.752615928649902,8519
23.84320878982544,8518
23.933762311935425,8517
24.024603366851807,8516
24.115482807159424,8515
24.20634126663208,8514
24.297448873519897,8513
24.38847804069519,8512
24.47940993309021,8511
24.569825887680054,8510
24.659984350204468,8509
24.749891996383667,8508
24.84018850326538,8507
24.930148124694824,8506
25.020174980163574,8505
25.110509634017944,8504
25.2005033493042,8503
25.290908098220825,8502
25.38132905960083,8501
25.471426248550415,8500
25.561942100524902,8499
25.65271544456482,8498
25.74337601661682,8497
25.834019660949707,8496
25.925012350082397,8495
26.01390528678894,8494
26.101075649261475,8493
26.191104650497437,8492
26.277849674224854,8491
26.36448335647583,8490
26.451257944107056,8489
26.538122415542603,8488
26.6250102519989,8487
26.71195960044861,8486
26.79879593849182,8485
26.885876417160034,8484
26.972599744796753,8483
27.05790662765503,8482
27.149007320404053,8481
27.237648010253906,8480
27.327331066131592,8479
27.417357444763184,8478
27.507113933563232,8477
27.59716510772705,8476
27.688253164291382,8475
27.77801775932312,8474
27.868170738220215,8473
27.958133459091187,8472
28.048047065734863,8471
28.137959480285645,8470
28.227686166763306,8469
28.317453622817993,8468
28.407413721084595,8467
28.497581481933594,8466
28.587531089782715,8465
28.677260875701904,8464
28.767317533493042,8463
28.857277870178223,8462
28.947260856628418,8461
29.037601709365845,8460
29.127749919891357,8459
29.217612981796265,8458
29.307419538497925,8457
29.397709846496582,8456
29.48777961730957,8455
29.57816743850708,8454
29.668002367019653,8453
29.758601188659668,8452
29.849526166915894,8451
29.939985752105713,8450
30.030572175979614,8449
30.121119022369385,8448
30.21169662475586,8447
30.30246067047119,8446
30.3928439617157,8445
30.483591318130493,8444
30.574503660202026,8443
30.662963390350342,8442
30.74973487854004,8441
30.836445569992065,8440
30.923457860946655,8439
31.010619163513184,8438
31.097267150878906,8437
31.18411111831665,8436
31.271049976348877,8435
31.357597589492798,8434
31.44411277770996,8433
31.531208276748657,8432
31.61799144744873,8431
31.70592427253723,8430
31.796182870864868,8429
31.886526346206665,8428
31.97701120376587,8427
32.06747102737427,8426
32.15808820724487,8425
32.249000549316406,8424
32.33928155899048,8423
32.429606437683105,8422
32.519991636276245,8421
32.610726833343506,8420
32.703713178634644,8419
32.7939829826355,8418
32.88470935821533,8417
32.97516942024231,8416
33.06546950340271,8415
33.15577006340027,8414
33.246304750442505,8413
33.33675026893616,8412
33.42730784416199,8411
33.5175998210907,8410
33.608195543289185,8409
33.69851112365723,8408
33.78861904144287,8407
33.879016637802124,8406
33.969451665878296,8405
34.05974268913269,8404
34.150325298309326,8403
34.240500688552856,8402
34.33042907714844,8401
34.42067623138428,8400
34.510688066482544,8399
34.600942850112915,8398
34.6910138130188,8397
34.78127145767212,8396
34.86779427528381,8395
34.954336643218994,8394
35.04081416130066,8393
35.12730312347412,8392
35.213643074035645,8391
35.300387382507324,8390
35.38706612586975,8389
35.47354054450989,8388
35.559942960739136,8387
35.64659547805786,8386
35.733057260513306,8385
35.819316148757935,8384
35.905901193618774,8383
35.99145984649658,8382
36.07892990112305,8381
36.16841769218445,8380
36.25699520111084,8379
36.34359264373779,8378
36.42965507507324,8377
36.518463134765625,8376
36.60705924034119,8375
36.6936411857605,8374
36.775046825408936,8373
36.86186361312866,8372
36.949790477752686,8371
37.03890109062195,8370
37.12675428390503,8369
37.21401619911194,8368
37.2994019985199,8367
37.38584041595459,8366
37.476775884628296,8365
37.55966377258301,8364
37.64263296127319,8363
37.724865674972534,8362
37.806960105895996,8361
37.88891077041626,8360
37.97161102294922,8359
38.053874492645264,8358
38.13598442077637,8357
38.218043088912964,8356
38.3001492023468,8355
38.382363080978394,8354
38.46453547477722,8353
38.5465567111969,8352
38.62966871261597,8351
38.71713924407959,8350
38.80563044548035,8349
38.8953161239624,8348
38.98518896102905,8347
39.07460284233093,8346
39.163915395736694,8345
39.25333786010742,8344
39.342989444732666,8343
39.43223810195923,8342
39.52201294898987,8341
39.61152768135071,8340
39.70100975036621,8339
39.79037857055664,8338
39.87963581085205,8337
39.96911859512329,8336
40.05829906463623,8335
40.147438287734985,8334
40.23632073402405,8333
40.32527494430542,8332
40.41450262069702,8331
40.50375032424927,8330
40.592836141586304,8329
40.68194079399109,8328
40.771456241607666,8327
40.860532999038696,8326
40.95005488395691,8325
41.0389199256897,8324
41.12782883644104,8323
41.216705322265625,8322
41.30631709098816,8321
41.39553713798523,8320
41.48457622528076,8319
41.5737738609314,8318
41.66286516189575,8317
41.75154709815979,8316
41.840734243392944,8315
41.92964220046997,8314
42.01882195472717,8313
42.107967376708984,8312
42.1971321105957,8311
42.28631520271301,8310
42.374945640563965,8309
42.46433901786804,8308
42.55332851409912,8307
42.642202854156494,8306
42.73407530784607,8305
42.82297992706299,8304
42.911816120147705,8303
43.001314878463745,8302
43.090351581573486,8301
43.17914581298828,8300
43.26804733276367,8299
43.356802463531494,8298
43.44566559791565,8297
43.534483671188354,8296
43.623369455337524,8295
43.712005853652954,8294
43.80084228515625,8293
43.88966751098633,8292
43.978601694107056,8291
44.067267656326294,8290
44.15590786933899,8289
44.24484181404114,8288
44.33143401145935,8287
44.41766047477722,8286
44.5033438205719,8285
44.589096546173096,8284
44.67473101615906,8283
44.76085352897644,8282
44.8466682434082,8281
44.93263292312622,8280
45.018229961395264,8279
45.1042857170105,8278
45.19006538391113,8277
45.27543830871582,8276
45.35945749282837,8275
45.44459629058838,8274
45.52931547164917,8273
45.61480641365051,8272
45.69971251487732,8271
45.785248041152954,8270
45.870434284210205,8269
45.95626950263977,8268
46.04137372970581,8267
46.126521587371826,8266
46.21140265464783,8265
46.29647660255432,8264
46.38143754005432,8263
46.46805167198181,8262
46.554938554763794,8261
46.64027738571167,8260
46.725887060165405,8259
46.811081886291504,8258
46.89625000953674,8257
46.981403827667236,8256
47.06645703315735,8255
47.151602268218994,8254
47.237415075302124,8253
47.322362184524536,8252
47.40761709213257,8251
47.49245285987854,8250
47.57754182815552,8249
47.664443016052246,8248
47.749552965164185,8247
47.83244323730469,8246
47.918129682540894,8245
48.00387144088745,8244
48.08960795402527,8243
48.17556595802307,8242
48.26141023635864,8241
48.346925497055054,8240
48.4325213432312,8239
48.5179808139801,8238
48.60087752342224,8237
48.68658256530762,8236
48.77245497703552,8235
48.85791540145874,8234
48.943259477615356,8233
49.028655767440796,8232
49.11407113075256,8231
49.200777530670166,8230
49.28642821311951,8229
49.371989250183105,8228
49.45751476287842,8227
49.54300308227539,8226
49.62832021713257,8225
49.71376633644104,8224
49.802159786224365,8223
49.890310525894165,8222
49.97909641265869,8221
50.068329095840454,8220
50.15733575820923,8219
50.246073722839355,8218
50.334885120391846,8217
50.42394971847534,8216
50.513288497924805,8215
50.60197615623474,8214
50.6908483505249,8213
50.78023076057434,8212
50.86953353881836,8211
50.95890760421753,8210
51.0482656955719,8209
51.13701605796814,8208
51.22609186172485,8207
51.3153076171875,8206
51.404845237731934,8205
51.494227170944214,8204
51.58360576629639,8203
51.672539949417114,8202
51.76110887527466,8201
51.84956645965576,8200
51.93814134597778,8199
52.02671027183533,8198
52.1153678894043,8197
52.20390224456787,8196
52.29239630699158,8195
52.380964279174805,8194
52.46925950050354,8193
52.55764079093933,8192
52.64603590965271,8191
52.737295150756836,8190
52.825839042663574,8189
52.91433930397034,8188
53.002930641174316,8187
53.091628074645996,8186
53.17995238304138,8185
53.268290758132935,8184
53.35641598701477,8183
53.444782733917236,8182
53.533698320388794,8181
53.62204194068909,8180
53.71035122871399,8179
53.79880213737488,8178
53.88716387748718,8177
53.975523471832275,8176
54.063873052597046,8175
54.152265548706055,8174
54.24054455757141,8173
54.32918357849121,8172
54.41767382621765,8171
54.505878925323486,8170
54.59450912475586,8169
54.682637214660645,8168
54.77098512649536,8167
54.8593475818634,8166
54.947630643844604,8165
55.03624367713928,8164
55.12449645996094,8163
55.21298336982727,8162
55.30170822143555,8161
55.38770270347595,8160
55.47273373603821,8159
55.55788850784302,8158
55.64316129684448,8157
55.72853183746338,8156
55.813870668411255,8155
55.89887285232544,8154
55.984107971191406,8153
56.06959390640259,8152
56.15491080284119,8151
56.23996424674988,8150
56.32523202896118,8149
56.40864181518555,8148
56.49343466758728,8147
56.57764291763306,8146
56.66240859031677,8145
56.74686598777771,8144
56.831451177597046,8143
56.91610383987427,8142
57.000760078430176,8141
57.08524942398071,8140
57.16988801956177,8139
57.25441527366638,8138
57.33905005455017,8137
57.42345905303955,8136
57.5090012550354,8135
57.59588122367859,8134
57.68144750595093,8133
57.76611256599426,8132
57.850746393203735,8131
57.93519163131714,8130
58.019561529159546,8129
58.10395693778992,8128
58.188538789749146,8127
58.273120403289795,8126
58.35749793052673,8125
58.442060708999634,8124
58.52661180496216,8123
58.61097598075867,8122
58.693912982940674,8121
58.776856899261475,8120
58.86160850524902,8119
58.9461145401001,8118
59.03086876869202,8117
59.11553692817688,8116
59.200093030929565,8115
59.284770488739014,8114
59.36939311027527,8113
59.45398712158203,8112
59.53876090049744,8111
59.62342977523804,8110
59.70814800262451,8109
59.79282593727112,8108
59.877333641052246,8107
59.96209669113159,8106
60.04684519767761,8105
60.13142538070679,8104
60.21606111526489,8103
60.30077004432678,8102
60.38568043708801,8101
60.47015118598938,8100
60.554643392562866,8099
60.639296770095825,8098
60.72421932220459,8097
60.808714151382446,8096
60.8896119594574,8095
60.97225260734558,8094
61.05631971359253,8093
61.14061164855957,8092
61.22503638267517,8091
61.308507442474365,8090
61.390825510025024,8089
61.47233033180237,8088
61.553914070129395,8087
61.636088848114014,8086
61.720144510269165,8085
61.80597972869873,8084
61.89175987243652,8083
61.976304054260254,8082
62.06058406829834,8081
62.144861459732056,8080
62.22936272621155,8079
62.313408613204956,8078
62.39771056175232,8077
62.48201084136963,8076
62.566120862960815,8075
62.6505069732666,8074
62.73708891868591,8073
62.82125735282898,8072
62.90530228614807,8071
62.989662408828735,8070
63.078951597213745,8069
63.1628954410553,8068
63.243279457092285,8067
63.32378578186035,8066
63.40408396720886,8065
63.48463726043701,8064
63.565115213394165,8063
63.645734786987305,8062
63.72649931907654,8061
63.8069064617157,8060
63.887394428253174,8059
63.9681179523468,8058
64.04828190803528,8057
64.12878274917603,8056
64.20941925048828,8055
64.29367399215698,8054
64.37858819961548,8053
64.46581220626831,8052
64.55404138565063,8051
64.64215683937073,8050
64.7306616306305,8049
64.81972336769104,8048
64.90382313728333,8047
64.99205708503723,8046
65.0804557800293,8045
65.1686339378357,8044
65.25678086280823,8043
65.34512543678284,8042
65.43356966972351,8041
65.52219438552856,8040
65.61052894592285,8039
65.69860434532166,8038
65.78700065612793,8037
65.87510776519775,8036
65.96335124969482,8035
66.05128169059753,8034
66.13906455039978,8033
66.22694826126099,8032
66.31466770172119,8031
66.40254497528076,8030
66.49048089981079,8029
66.57839488983154,8028
66.66649389266968,8027
66.75434041023254,8026
66.84227657318115,8025
66.92998242378235,8024
67.0177595615387,8023
67.1058304309845,8022
67.19401526451111,8021
67.28181433677673,8020
67.36945104598999,8019
67.45686268806458,8018
67.54407668113708,8017
67.63271379470825,8016
67.72014236450195,8015
67.80778288841248,8014
67.8955397605896,8013
67.98344707489014,8012
68.07109475135803,8011
68.15903544425964,8010
68.2464587688446,8009
68.33385682106018,8008
68.4213514328003,8007
68.5091540813446,8006
68.59697222709656,8005
68.68455910682678,8004
68.77188420295715,8003
68.85947370529175,8002
68.947345495224,8001
69.03507685661316,8000
69.12280917167664,7999
69.21051406860352,7998
69.29792284965515,7997
69.38551783561707,7996
69.47301268577576,7995
69.56045651435852,7994
69.64744019508362,7993
69.73209619522095,7992
69.81665897369385,7991
69.90104365348816,7990
69.98542213439941,7989
70.06963014602661,7988
70.15397691726685,7987
70.23827743530273,7986
70.32268905639648,7985
70.40695357322693,7984
70.49138569831848,7983
70.5757749080658,7982
70.65995383262634,7981
70.7426290512085,7980
70.82611870765686,7979
70.90981316566467,7978
70.99387741088867,7977
71.07784628868103,7976
71.16181349754333,7975
71.24536442756653,7974
71.32965660095215,7973
71.4134669303894,7972
71.49757933616638,7971
71.58129692077637,7970
71.66515350341797,7969
71.74891304969788,7968
71.83429455757141,7967
71.9200189113617,7966
72.0037784576416,7965
72.08763909339905,7964
72.1713285446167,7963
72.25537490844727,7962
72.33888936042786,7961
72.42264032363892,7960
72.50640368461609,7959
72.59006690979004,7958
72.67365598678589,7957
72.75975251197815,7956
72.84335327148438,7955
72.92701363563538,7954
73.01135849952698,7953
73.0960123538971,7952
73.17654657363892,7951
73.25899362564087,7950
73.3435742855072,7949
73.42800045013428,7948
73.51227450370789,7947
73.59668326377869,7946
73.68077254295349,7945
73.76498866081238,7944
73.84908437728882,7943
73.93265748023987,7942
74.01404547691345,7941
74.09852051734924,7940
74.18314337730408,7939
74.2673089504242,7938
74.35128426551819,7937
74.43517684936523,7936
74.51946759223938,7935
74.60436606407166,7934
74.68872213363647,7933
74.77298927307129,7932
74.856773853302,7931
74.94064259529114,7930
75.02475380897522,7929
75.10862922668457,7928
75.19501686096191,7927
75.28246736526489,7926
75.37020635604858,7925
75.45815634727478,7924
75.54615259170532,7923
75.63361835479736,7922
75.72088932991028,7921
75.80866050720215,7920
75.89636254310608,7919
75.98443579673767,7918
76.07236814498901,7917
76.16006875038147,7916
76.24762892723083,7915
76.33554935455322,7914
76.4230682849884,7913
76.5104775428772,7912
76.59816861152649,7911
76.68684148788452,7910
76.77471113204956,7909
76.86231899261475,7908
76.94970321655273,7907
77.03715348243713,7906
77.1248562335968,7905
77.21267247200012,7904
77.29991555213928,7903
77.387690782547,7902
77.4752836227417,7901
77.56297850608826,7900
77.65167164802551,7899
77.73941493034363,7898
77.82746362686157,7897
77.91511011123657,7896
78.00284075737,7895
78.09029531478882,7894
78.1779112815857,7893
78.26577091217041,7892
78.35345673561096,7891
78.44099879264832,7890
78.52893662452698,7889
78.6164619922638,7888
78.70391893386841,7887
78.79150247573853,7886
78.87915563583374,7885
78.96612215042114,7884
79.05334424972534,7883
79.14032316207886,7882
79.22733998298645,7881
79.3143150806427,7880
79.40130543708801,7879
79.4884443283081,7878
79.5757987499237,7877
79.66275405883789,7876
79.74971628189087,7875
79.83777165412903,7874
79.92571806907654,7873
80.0128538608551,7872
80.09979510307312,7871
80.18676042556763,7870
80.2736291885376,7869
80.36048436164856,7868
80.44604182243347,7867
80.52970385551453,7866
80.61339831352234,7865
80.69708776473999,7864
80.78074765205383,7863
80.86440300941467,7862
80.94843602180481,7861
81.03260517120361,7860
81.11628818511963,7859
81.2001121044159,7858
81.28402209281921,7857
81.367910861969,7856
81.45147228240967,7855
81.53229713439941,7854
81.61552381515503,7853
81.69910502433777,7852
81.78207659721375,7851
81.86536598205566,7850
81.94841289520264,7849
82.03194570541382,7848
82.11494255065918,7847
82.19816327095032,7846
82.28145289421082,7845
82.36450004577637,7844
82.44784188270569,7843
82.53074502944946,7842
82.6164960861206,7841
82.703204870224,7840
82.78637719154358,7839
82.86944699287415,7838
82.95240116119385,7837
83.03548955917358,7836
83.1183729171753,7835
83.20170545578003,7834
83.28463506698608,7833
83.36784720420837,7832
83.45089483261108,7831
83.53411221504211,7830
83.61713600158691,7829
83.70030927658081,7828
83.78194856643677,7827
83.85974907875061,7826
83.94291615486145,7825
84.02615070343018,7824
84.10969591140747,7823
84.19292449951172,7822
84.27638506889343,7821
84.35978031158447,7820
84.44309139251709,7819
84.52643060684204,7818
84.60988903045654,7817
84.69309186935425,7816
84.77639698982239,7815
84.85992074012756,7814
84.94317078590393,7813
85.02635049819946,7812
85.10982704162598,7811
85.1933810710907,7810
85.27643513679504,7809
85.35980796813965,7808
85.44308829307556,7807
85.52622699737549,7806
85.6095552444458,7805
85.69274234771729,7804
85.7759006023407,7803
85.85911965370178,7802
85.94255423545837,7801
86.02231502532959,7800
86.1031424999237,7799
86.18581461906433,7798
86.26854109764099,7797
86.35163426399231,7796
86.43420100212097,7795
86.51538300514221,7794
86.59543919563293,7793
86.67624568939209,7792
86.75706338882446,7791
86.83907890319824,7790
86.92305541038513,7789
87.00856018066406,7788
87.09199714660645,7787
87.17492699623108,7786
87.25787401199341,7785
87.34084749221802,7784
87.42421078681946,7783
87.50703477859497,7782
87.58980131149292,7781
87.67363739013672,7780
87.75660419464111,7779
87.83939099311829,7778
87.9221179485321,7777
88.00513005256653,7776
88.08778238296509,7775
88.1733033657074,7774
88.2603874206543,7773
88.33944725990295,7772
88.4187228679657,7771
88.49798464775085,7770
88.57682633399963,7769
88.65568399429321,7768
88.73505210876465,7767
88.81387209892273,7766
88.89289164543152,7765
88.97176742553711,7764
89.05045247077942,7763
89.12957692146301,7762
89.20871567726135,7761
89.28749132156372,7760
89.36650133132935,7759
89.45149803161621,7758
89.53751850128174,7757
89.6244912147522,7756
89.71176528930664,7755
89.79869651794434,7754
89.88539528846741,7753
89.97206711769104,7752
90.05915546417236,7751
90.14589953422546,7750
90.23254108428955,7749
90.31952977180481,7748
90.40660572052002,7747
90.49325108528137,7746
90.58032870292664,7745
90.66705822944641,7744
90.75385618209839,7743
90.84052038192749,7742
90.92685842514038,7741
91.01366400718689,7740
91.10082864761353,7739
91.18721508979797,7738
91.27364683151245,7737
91.36041235923767,7736
91.44720506668091,7735
91.53344678878784,7734
91.61924409866333,7733
91.70476245880127,7732
91.79099130630493,7731
91.87770938873291,7730
91.96397233009338,7729
92.05095028877258,7728
92.13739585876465,7727
92.22403764724731,7726
92.31059336662292,7725
92.39728713035583,7724
92.48408007621765,7723
92.5701744556427,7722
92.6569242477417,7721
92.74625372886658,7720
92.83303380012512,7719
92.91921091079712,7718
93.00528073310852,7717
93.09081149101257,7716
93.17604804039001,7715
93.26263689994812,7714
93.34908962249756,7713
93.43601989746094,7712
93.5227038860321,7711
93.60941648483276,7710
93.6962034702301,7709
93.78280067443848,7708
93.86923718452454,7707
93.95576000213623,7706
94.0422670841217,7705
94.12872648239136,7704
94.21530032157898,7703
94.30225658416748,7702
94.38844132423401,7701
94.47414112091064,7700
94.55992984771729,7699
94.64528322219849,7698
94.7308292388916,7697
94.81421566009521,7696
94.9075129032135,7695
94.99455833435059,7694
95.07767009735107,7693
95.16080355644226,7692
95.24388456344604,7691
95.3273856639862,7690
95.41039824485779,7689
95.49332094192505,7688
95.57631421089172,7687
95.65943574905396,7686
95.74223208427429,7685
95.82159566879272,7684
95.9038953781128,7683
95.98652791976929,7682
96.06882286071777,7681
96.15092992782593,7680
96.23378157615662,7679
96.3163652420044,7678
96.39888167381287,7677
96.481125831604,7676
96.56370139122009,7675
96.64608407020569,7674
96.72854328155518,7673
96.81109189987183,7672
96.8936722278595,7671
96.97874975204468,7670
97.06123614311218,7669
97.14358592033386,7668
97.22611141204834,7667
97.30844831466675,7666
97.39106774330139,7665
97.47352337837219,7664
97.55597853660583,7663
97.63917660713196,7662
97.72178244590759,7661
97.80408644676208,7660
97.88639402389526,7659
97.96868896484375,7658
98.05094265937805,7657
98.13409566879272,7656
98.21553111076355,7655
98.29702377319336,7654
98.3797025680542,7653
98.4625883102417,7652
98.54536390304565,7651
98.62819695472717,7650
98.71117162704468,7649
98.793954372406,7648
98.87702202796936,7647
98.95971608161926,7646
99.03936815261841,7645
99.12183117866516,7644
99.20467162132263,7643
99.28769588470459,7642
99.36990857124329,7641
99.45257878303528,7640
99.53532886505127,7639
99.6180067062378,7638
99.70136284828186,7637
99.78416442871094,7636
99.86692357063293,7635
99.94959759712219,7634
100.03203964233398,7633
100.11475920677185,7632
100.19778060913086,7631
100.28297472000122,7630
100.36858701705933,7629
100.45463252067566,7628
100.54027366638184,7627
100.62605237960815,7626
100.71186208724976,7625
100.79780912399292,7624
100.88349795341492,7623
100.96940779685974,7622
101.05534887313843,7621
101.14053988456726,7620
101.22642374038696,7619
101.31213402748108,7618
101.39786720275879,7617
101.48368716239929,7616
101.56966471672058,7615
101.65551137924194,7614
101.74094700813293,7613
101.82675170898438,7612
101.91260528564453,7611
101.99830532073975,7610
102.08398246765137,7609
102.16960859298706,7608
102.25528454780579,7607
102.34092211723328,7606
102.42639684677124,7605
102.51191544532776,7604
102.59750127792358,7603
102.6830563545227,7602
102.77129030227661,7601
102.85683870315552,7600
102.94225859642029,7599
103.02788877487183,7598
103.11355543136597,7597
103.19917583465576,7596
103.28472518920898,7595
103.37055683135986,7594
103.45644116401672,7593
103.5420548915863,7592
103.62808680534363,7591
103.71353697776794,7590
103.79924702644348,7589
103.8848659992218,7588
103.97082138061523,7587
104.056964635849,7586
104.14298009872437,7585
104.22892880439758,7584
104.31531810760498,7583
104.40128302574158,7582
104.4879801273346,7581
104.57466983795166,7580
104.66060447692871,7579
104.7466835975647,7578
104.83260011672974,7577
104.91845893859863,7576
105.00453639030457,7575
105.09048771858215,7574
105.17647123336792,7573
105.2626314163208,7572
105.34863305091858,7571
105.43468999862671,7570
105.52098965644836,7569
105.60705876350403,7568
105.69314122200012,7567
105.77955651283264,7566
105.86241221427917,7565
105.9448516368866,7564
106.02732014656067,7563
106.10972023010254,7562
106.19208836555481,7561
106.27453899383545,7560
106.35703802108765,7559
106.43966484069824,7558
106.52207088470459,7557
106.60446095466614,7556
106.68680596351624,7555
106.76912450790405,7554
106.8513514995575,7553
106.93308544158936,7552
107.01472091674805,7551
107.0964617729187,7550
107.17831897735596,7549
107.2601888179779,7548
107.34177684783936,7547
107.42353391647339,7546
107.50543189048767,7545
107.58741188049316,7544
107.67043018341064,7543
107.75232982635498,7542
107.83393120765686,7541
107.91569423675537,7540
108.0010154247284,7539
108.08311104774475,7538
108.1647117137909,7537
108.24637603759766,7536
108.32797622680664,7535
108.4099371433258,7534
108.49195766448975,7533
108.5735764503479,7532
108.65544319152832,7531
108.73718047142029,7530
108.81879329681396,7529
108.90065288543701,7528
108.98228430747986,7527
109.0639545917511,7526
109.14375042915344,7525
109.22566819190979,7524
109.30766201019287,7523
109.38940501213074,7522
109.47129797935486,7521
109.55332589149475,7520
109.6352789402008,7519
109.71733283996582,7518
109.79928064346313,7517
109.89554691314697,7516
109.9775459766388,7515
110.05938076972961,7514
110.14129090309143,7513
110.22210597991943,7512
110.30385518074036,7511
110.38576936721802,7510
110.46779918670654,7509
110.54951405525208,7508
110.63110637664795,7507
110.7126054763794,7506
110.79449844360352,7505
110.87631750106812,7504
110.95784521102905,7503
111.03966236114502,7502
111.12143659591675,7501
111.20323872566223,7500
111.28323483467102,7499
111.3610372543335,7498
111.44280481338501,7497
111.52367949485779,7496
111.60540127754211,7495
111.68676114082336,7494
111.76748251914978,7493
111.84677314758301,7492
111.92615914344788,7491
112.00539994239807,7490
112.08460187911987,7489
112.16481351852417,7488
112.24722361564636,7487
112.33092641830444,7486
112.41301894187927,7485
112.49427914619446,7484
112.5755512714386,7483
112.65665006637573,7482
112.74045896530151,7481
112.82191634178162,7480
112.90335083007812,7479
112.98430442810059,7478
113.06567192077637,7477
113.14673948287964,7476
113.22785806655884,7475
113.30885648727417,7474
113.38978910446167,7473
113.47087359428406,7472
113.55636310577393,7471
113.6384494304657,7470
113.71609878540039,7469
113.79320693016052,7468
113.87060880661011,7467
113.947833776474,7466
114.02525019645691,7465
114.10263991355896,7464
114.18008136749268,7463
114.25736618041992,7462
114.33448123931885,7461
114.41189289093018,7460
114.48926067352295,7459
114.56677079200745,7458
114.64413952827454,7457
114.72151923179626,7456
114.80498313903809,7455
114.88780665397644,7454
114.97248888015747,7453
115.05723309516907,7452
115.14211845397949,7451
115.22694420814514,7450
115.311856508255,7449
115.39670443534851,7448
115.48214149475098,7447
115.56690216064453,7446
115.65179491043091,7445
115.73719310760498,7444
115.8228611946106,7443
115.90855121612549,7442
115.99439716339111,7441
116.08015203475952,7440
116.16549277305603,7439
116.25091481208801,7438
116.33624291419983,7437
116.42148780822754,7436
116.50692749023438,7435
116.59209203720093,7434
116.67766857147217,7433
116.76187920570374,7432
116.84725832939148,7431
116.93285465240479,7430
117.018150806427,7429
117.1033296585083,7428
117.18855667114258,7427
117.2741072177887,7426
117.35941910743713,7425
117.44455909729004,7424
117.52988624572754,7423
117.61549091339111,7422
117.70227766036987,7421
117.78780794143677,7420
117.87350225448608,7419
117.95899176597595,7418
118.04424571990967,7417
118.12970209121704,7416
118.21505641937256,7415
118.3001663684845,7414
118.38555097579956,7413
118.47081208229065,7412
118.55598402023315,7411
118.64115571975708,7410
118.7265055179596,7409
118.81192016601562,7408
118.8975477218628,7407
118.98311948776245,7406
119.068776845932,7405
119.1542797088623,7404
119.2396731376648,7403
119.3247766494751,7402
119.40996837615967,7401
119.49535846710205,7400
119.5809395313263,7399
119.66617393493652,7398
119.75128746032715,7397
119.83454871177673,7396
119.91601824760437,7395
119.99765992164612,7394
120.07917737960815,7393
120.16055941581726,7392
120.24233961105347,7391
120.32390809059143,7390
120.4055643081665,7389
120.48701667785645,7388
120.56862878799438,7387
120.64990282058716,7386
120.73158979415894,7385
120.81303334236145,7384
120.89422130584717,7383
120.97529554367065,7382
121.05667090415955,7381
121.13731455802917,7380
121.21843457221985,7379
121.29925990104675,7378
121.38013911247253,7377
121.46142268180847,7376
121.54239869117737,7375
121.62361216545105,7374
121.704421043396,7373
121.78545355796814,7372
121.86639285087585,7371
121.94816040992737,7370
122.03167939186096,7369
122.11266922950745,7368
122.19351243972778,7367
122.27451086044312,7366
122.35522055625916,7365
122.43632507324219,7364
122.51711344718933,7363
122.59804916381836,7362
122.67875027656555,7361
122.76206350326538,7360
122.84315252304077,7359
122.92395663261414,7358
123.0050880908966,7357
123.0858519077301,7356
123.16748905181885,7355
123.2484803199768,7354
123.3273057937622,7353
123.40885210037231,7352
123.49069428443909,7351
123.57216930389404,7350
123.65360808372498,7349
123.73502326011658,7348
123.81645846366882,7347
123.89783501625061,7346
123.97915840148926,7345
124.05825448036194,7344
124.13854670524597,7343
124.2198588848114,7342
124.30118560791016,7341
124.38282465934753,7340
124.46369218826294,7339
124.54480791091919,7338
124.6259298324585,7337
124.70774245262146,7336
124.78882193565369,7335
124.86999225616455,7334
124.95126056671143,7333
125.03190422058105,7332
125.11294484138489,7331
125.19420337677002,7330
125.27706909179688,7329
125.36135506629944,7328
125.44612550735474,7327
125.5307867527008,7326
125.61569881439209,7325
125.70027017593384,7324
125.78483843803406,7323
125.86877155303955,7322
125.95280361175537,7321
126.03664422035217,7320
126.12045121192932,7319
126.20515155792236,7318
126.289803981781,7317
126.37432718276978,7316
126.45881247520447,7315
126.54328560829163,7314
126.62807726860046,7313
126.71301102638245,7312
126.797287940979,7311
126.88192462921143,7310
126.96658205986023,7309
127.05129551887512,7308
127.1355984210968,7307
127.2195975780487,7306
127.30365657806396,7305
127.38756537437439,7304
127.47187566757202,7303
127.5563850402832,7302
127.64229726791382,7301
127.7268853187561,7300
127.81145358085632,7299
127.89615297317505,7298
127.98084378242493,7297
128.06522393226624,7296
128.1498692035675,7295
128.234356880188,7294
128.318989276886,7293
128.40357041358948,7292
128.48824858665466,7291
128.57297492027283,7290
128.65704083442688,7289
128.74069690704346,7288
128.82396817207336,7287
128.90724349021912,7286
128.99186778068542,7285
129.07656812667847,7284
129.16144585609436,7283
129.24612760543823,7282
129.3307421207428,7281
129.41552901268005,7280
129.50022268295288,7279
129.5849039554596,7278
129.66953921318054,7277
129.75462579727173,7276
129.8395516872406,7275
129.92438912391663,7274
130.00914025306702,7273
130.09398460388184,7272
130.17859959602356,7271
130.26307654380798,7270
130.34739589691162,7269
130.4316246509552,7268
130.51410555839539,7267
130.59483408927917,7266
130.67547130584717,7265
130.7563545703888,7264
130.83732652664185,7263
130.9179880619049,7262
130.99893403053284,7261
131.08001446723938,7260
131.16084718704224,7259
131.24161839485168,7258
131.32257795333862,7257
131.4033887386322,7256
131.48435950279236,7255
131.56477785110474,7254
131.64492678642273,7253
131.7254512310028,7252
131.80570316314697,7251
131.88610744476318,7250
131.96667170524597,7249
132.04687023162842,7248
132.12737703323364,7247
132.20789670944214,7246
132.28817796707153,7245
132.36843919754028,7244
132.44950556755066,7243
132.52990746498108,7242
132.61032700538635,7241
132.6963562965393,7240
132.77689909934998,7239
132.8572187423706,7238
132.93763756752014,7237
133.01784372329712,7236
133.09801721572876,7235
133.17832851409912,7234
133.25840759277344,7233
133.33870649337769,7232
133.41920614242554,7231
133.49923515319824,7230
133.5795919895172,7229
133.65982031822205,7228
133.7400405406952,7227
133.81867742538452,7226
133.89488458633423,7225
133.9754557609558,7224
134.05594754219055,7223
134.13639497756958,7222
134.21695113182068,7221
134.2973427772522,7220
134.37765049934387,7219
134.45750951766968,7218
134.53793835639954,7217
134.6184766292572,7216
134.69886088371277,7215
134.77928256988525,7214
134.85985136032104,7213
134.94009160995483,7212
135.0206961631775,7211
135.10086059570312,7210
135.18133306503296,7209
135.2616560459137,7208
135.34200596809387,7207
135.4223711490631,7206
135.50196838378906,7205
135.58235907554626,7204
135.6626968383789,7203
135.74306654930115,7202
135.82335233688354,7201
135.90368819236755,7200
135.98396825790405,7199
136.06093168258667,7198
136.13765215873718,7197
136.2178177833557,7196
136.29747581481934,7195
136.37767720222473,7194
136.45729064941406,7193
136.53617525100708,7192
136.614648103714,7191
136.69193482398987,7190
136.7688729763031,7189
136.84712100028992,7188
136.92680978775024,7187
137.00849318504333,7186
137.0903537273407,7185
137.17066359519958,7184
137.25067448616028,7183
137.33067798614502,7182
137.4107666015625,7181
137.49070835113525,7180
137.57067680358887,7179
137.6517882347107,7178
137.731871843338,7177
137.8118133544922,7176
137.89164185523987,7175
137.9715347290039,7174
138.05130529403687,7173
138.13123488426208,7172
138.2119607925415,7171
138.2979998588562,7170
138.37538766860962,7169
138.4513909816742,7168
138.52758479118347,7167
138.60342025756836,7166
138.67947816848755,7165
138.75550818443298,7164
138.8316135406494,7163
138.90743780136108,7162
138.98345065116882,7161
139.05937242507935,7160
139.13549423217773,7159
139.21153616905212,7158
139.28768706321716,7157
139.36355662345886,7156
139.44009160995483,7155
139.52286314964294,7154
139.60284161567688,7153
139.6869764328003,7152
139.7712426185608,7151
139.854083776474,7150
139.93674421310425,7149
140.0204770565033,7148
140.1043403148651,7147
140.18830394744873,7146
140.27236652374268,7145
140.35626006126404,7144
140.43987250328064,7143
140.5238275527954,7142
140.60776543617249,7141
140.69183802604675,7140
140.77580285072327,7139
140.85980796813965,7138
140.9435157775879,7137
141.0273687839508,7136
141.1113224029541,7135
141.19537353515625,7134
141.2792890071869,7133
141.3632025718689,7132
141.4468400478363,7131
141.53068566322327,7130
141.6146080493927,7129
141.69822430610657,7128
141.78233909606934,7127
141.86600255966187,7126
141.9503014087677,7125
142.03431797027588,7124
142.1182656288147,7123
142.2022783756256,7122
142.28635621070862,7121
142.37036395072937,7120
142.45424246788025,7119
142.5383756160736,7118
142.62215971946716,7117
142.7086865901947,7116
142.7927975654602,7115
142.87688302993774,7114
142.96085500717163,7113
143.0446698665619,7112
143.1285617351532,7111
143.21252703666687,7110
143.2964425086975,7109
143.37987971305847,7108
143.46342611312866,7107
143.54719853401184,7106
143.6306278705597,7105
143.7138226032257,7104
143.79710412025452,7103
143.8803346157074,7102
143.96393990516663,7101
144.047518491745,7100
144.13091659545898,7099
144.21450185775757,7098
144.29775476455688,7097
144.38148164749146,7096
144.4652078151703,7095
144.54871678352356,7094
144.63177275657654,7093
144.71495485305786,7092
144.7962610721588,7091
144.8766655921936,7090
144.95707654953003,7089
145.03723764419556,7088
145.1174771785736,7087
145.19802284240723,7086
145.27838969230652,7085
145.35884523391724,7084
145.43902158737183,7083
145.51957631111145,7082
145.60015892982483,7081
145.68046045303345,7080
145.76091361045837,7079
145.83800196647644,7078
145.91771483421326,7077
145.9972927570343,7076
146.07740950584412,7075
146.1570188999176,7074
146.2370183467865,7073
146.31675171852112,7072
146.39661574363708,7071
146.4763331413269,7070
146.55599522590637,7069
146.64034295082092,7068
146.72351169586182,7067
146.80627822875977,7066
146.88983726501465,7065
146.97241377830505,7064
147.0528974533081,7063
147.13273906707764,7062
147.21265745162964,7061
147.29236459732056,7060
147.37223744392395,7059
147.45515084266663,7058
147.53474617004395,7057
147.6143500804901,7056
147.69540333747864,7055
147.77529096603394,7054
147.85856127738953,7053
147.944326877594,7052
148.0238811969757,7051
148.10387325286865,7050
148.18398785591125,7049
247.06161737442017,7048
