0.032881975173950195,14108
0.06265783309936523,14107
0.09138107299804688,14106
0.1196601390838623,14105
0.1468818187713623,14104
0.17460370063781738,14103
0.20373201370239258,14102
0.23221778869628906,14101
0.2609081268310547,14100
0.29013776779174805,14099
0.318727970123291,14098
0.3479959964752197,14097
0.3765418529510498,14096
0.4051508903503418,14095
0.43427491188049316,14094
0.4629659652709961,14093
0.49182891845703125,14092
0.5204739570617676,14091
0.5495879650115967,14090
0.577873945236206,14089
0.6062438488006592,14088
0.6344859600067139,14087
0.6626560688018799,14086
0.691309928894043,14085
0.7208359241485596,14084
0.7498598098754883,14083
0.778965950012207,14082
0.8082659244537354,14081
0.8364448547363281,14080
0.865670919418335,14079
0.894542932510376,14078
0.9240169525146484,14077
0.9533987045288086,14076
0.9821429252624512,14075
1.010941982269287,14074
1.0395479202270508,14073
1.0686149597167969,14072
1.0973458290100098,14071
1.1257128715515137,14070
1.154343843460083,14069
1.182715892791748,14068
1.2104828357696533,14067
1.235806941986084,14066
1.2637028694152832,14065
1.2870569229125977,14064
1.3097739219665527,14063
1.3327069282531738,14062
1.3552708625793457,14061
1.3779659271240234,14060
1.4007458686828613,14059
1.4260239601135254,14058
1.4548280239105225,14057
1.5122859477996826,14056
1.5407378673553467,14055
1.5698509216308594,14054
1.5982837677001953,14053
1.6265738010406494,14052
1.6550137996673584,14051
1.6830918788909912,14050
1.7095460891723633,14049
1.738264799118042,14048
1.7670669555664062,14047
1.7958967685699463,14046
1.8248488903045654,14045
1.8529517650604248,14044
1.8779268264770508,14043
1.9047119617462158,14042
1.9330759048461914,14041
1.9620060920715332,14040
1.9908628463745117,14039
2.0189449787139893,14038
2.0432538986206055,14037
2.065896987915039,14036
2.0886459350585938,14035
2.112184762954712,14034
2.1434719562530518,14033
2.172700881958008,14032
2.201849937438965,14031
2.230304002761841,14030
2.2585060596466064,14029
2.2861838340759277,14028
2.309753894805908,14027
2.3372507095336914,14026
2.3656978607177734,14025
2.394333839416504,14024
2.4227468967437744,14023
2.451723098754883,14022
2.480294942855835,14021
2.5085558891296387,14020
2.540776014328003,14019
2.5723929405212402,14018
2.6020758152008057,14017
2.632323741912842,14016
2.6615679264068604,14015
2.6908278465270996,14014
2.716493844985962,14013
2.7400078773498535,14012
2.763784885406494,14011
2.7882168292999268,14010
2.812760829925537,14009
2.837455987930298,14008
2.861172914505005,14007
2.8847460746765137,14006
2.9080679416656494,14005
2.9331119060516357,14004
2.956770896911621,14003
2.984076738357544,14002
3.012683868408203,14001
3.0406289100646973,14000
3.06424880027771,13999
3.0927529335021973,13998
3.12168288230896,13997
3.1503758430480957,13996
3.1798667907714844,13995
3.208195924758911,13994
3.235222816467285,13993
3.2646758556365967,13992
3.293487787246704,13991
3.321898937225342,13990
3.350142002105713,13989
3.3781919479370117,13988
3.4051380157470703,13987
3.4281699657440186,13986
3.4509377479553223,13985
3.4838318824768066,13984
3.5075840950012207,13983
3.5356240272521973,13982
3.563969135284424,13981
3.5922000408172607,13980
3.6196908950805664,13979
3.6480090618133545,13978
3.6765568256378174,13977
3.703009843826294,13976
3.7287580966949463,13975
3.757882833480835,13974
3.7864749431610107,13973
3.815239906311035,13972
3.8435609340667725,13971
3.8720619678497314,13970
3.900736093521118,13969
3.9294259548187256,13968
3.9581239223480225,13967
3.986988067626953,13966
4.015384912490845,13965
4.053627967834473,13964
4.0826239585876465,13963
4.1117799282073975,13962
4.1407859325408936,13961
4.169703960418701,13960
4.198623895645142,13959
4.227508068084717,13958
4.2566609382629395,13957
4.286832809448242,13956
4.315300941467285,13955
4.34331488609314,13954
4.371717929840088,13953
4.400865793228149,13952
4.42976188659668,13951
4.4579877853393555,13950
4.486814975738525,13949
4.514724969863892,13948
4.542932033538818,13947
4.572027921676636,13946
4.6012818813323975,13945
4.629367828369141,13944
4.657952070236206,13943
4.686311960220337,13942
4.714622974395752,13941
4.742464065551758,13940
4.765730857849121,13939
4.788886070251465,13938
4.81175684928894,13937
4.834702730178833,13936
4.85768985748291,13935
4.880888938903809,13934
4.904597043991089,13933
4.929564952850342,13932
4.956396102905273,13931
4.988889932632446,13930
5.016598701477051,13929
5.040135860443115,13928
5.06320595741272,13927
5.090065956115723,13926
5.118985891342163,13925
5.147791862487793,13924
5.176071882247925,13923
5.204024791717529,13922
5.2289087772369385,13921
5.257230758666992,13920
5.287716865539551,13919
5.316033124923706,13918
5.344321012496948,13917
5.372529983520508,13916
5.400286912918091,13915
5.425966739654541,13914
5.4495849609375,13913
5.4750988483428955,13912
5.503602981567383,13911
5.532212972640991,13910
5.560456991195679,13909
5.584518909454346,13908
5.607506990432739,13907
5.631959915161133,13906
5.655105113983154,13905
5.6786980628967285,13904
5.705242872238159,13903
5.733763933181763,13902
5.759336948394775,13901
5.785048723220825,13900
5.813877105712891,13899
5.842070817947388,13898
5.870218992233276,13897
5.8985748291015625,13896
5.932001829147339,13895
5.960923910140991,13894
5.989933729171753,13893
6.018653869628906,13892
6.047246932983398,13891
6.0854668617248535,13890
6.113641023635864,13889
6.142128944396973,13888
6.171079874038696,13887
6.199010848999023,13886
6.2220540046691895,13885
6.244811773300171,13884
6.267545938491821,13883
6.290519714355469,13882
6.313232898712158,13881
6.336376905441284,13880
6.359294891357422,13879
6.384000062942505,13878
6.407361745834351,13877
6.4351348876953125,13876
6.463990688323975,13875
6.4927709102630615,13874
6.521509885787964,13873
6.549710750579834,13872
6.607277870178223,13871
6.636192083358765,13870
6.665629863739014,13869
6.695019960403442,13868
6.723480939865112,13867
6.751895904541016,13866
6.780942916870117,13865
6.808849811553955,13864
6.85639500617981,13863
6.880069971084595,13862
6.907840013504028,13861
6.932755947113037,13860
6.9553868770599365,13859
6.978193998336792,13858
7.000711917877197,13857
7.023910999298096,13856
7.0503089427948,13855
7.075804948806763,13854
7.099332809448242,13853
7.12739896774292,13852
7.15397310256958,13851
7.183454990386963,13850
7.212058782577515,13849
7.241384029388428,13848
7.270022869110107,13847
7.299061059951782,13846
7.327782869338989,13845
7.355967998504639,13844
7.384110927581787,13843
7.413312911987305,13842
7.441870927810669,13841
7.469353914260864,13840
7.492570877075195,13839
7.516412019729614,13838
7.544671058654785,13837
7.569462060928345,13836
7.594527959823608,13835
7.621750116348267,13834
7.644913911819458,13833
7.66782283782959,13832
7.690763711929321,13831
7.713793039321899,13830
7.7402708530426025,13829
7.767958879470825,13828
7.795248985290527,13827
7.818683862686157,13826
7.846070051193237,13825
7.873185873031616,13824
7.899626016616821,13823
7.928342819213867,13822
7.956991910934448,13821
7.985763788223267,13820
8.013052940368652,13819
8.039706945419312,13818
8.068647861480713,13817
8.097224950790405,13816
8.126379013061523,13815
8.15506887435913,13814
8.183034896850586,13813
8.211474895477295,13812
8.236527919769287,13811
8.263186931610107,13810
8.289227724075317,13809
8.338210821151733,13808
8.36385178565979,13807
8.414764881134033,13806
8.441917896270752,13805
8.470216989517212,13804
8.495085716247559,13803
8.527931928634644,13802
8.557311058044434,13801
8.585835933685303,13800
8.613058805465698,13799
8.638789892196655,13798
8.686033010482788,13797
8.711505889892578,13796
8.739879846572876,13795
8.763150930404663,13794
8.788980960845947,13793
8.824796915054321,13792
8.881334781646729,13791
8.917263984680176,13790
8.945218801498413,13789
8.96960997581482,13788
8.993092775344849,13787
9.02094292640686,13786
9.049741744995117,13785
9.074131965637207,13784
9.097228765487671,13783
9.120476961135864,13782
9.144584894180298,13781
9.173541784286499,13780
9.204027891159058,13779
9.237537860870361,13778
9.271338939666748,13777
9.303116798400879,13776
9.33351993560791,13775
9.36314606666565,13774
9.393914937973022,13773
9.422979831695557,13772
9.451809883117676,13771
9.480182886123657,13770
9.506273746490479,13769
9.52980899810791,13768
9.557626962661743,13767
9.586604118347168,13766
9.622476816177368,13765
9.65167498588562,13764
9.68069577217102,13763
9.709134817123413,13762
9.739938735961914,13761
9.762835025787354,13760
9.786214828491211,13759
9.808921813964844,13758
9.850950002670288,13757
9.879860877990723,13756
9.911597728729248,13755
9.936436891555786,13754
9.964322805404663,13753
9.992962837219238,13752
10.022117853164673,13751
