0.6288332939147949,11260
0.7750165462493896,11259
0.9201462268829346,11258
1.063952922821045,11257
1.2101216316223145,11256
1.3550076484680176,11255
1.4983153343200684,11254
1.6402277946472168,11253
1.7844460010528564,11252
1.931316614151001,11251
2.079022169113159,11250
2.227792263031006,11249
2.3737967014312744,11248
2.5175867080688477,11247
2.663224697113037,11246
2.8051953315734863,11245
2.9489963054656982,11244
3.0926859378814697,11243
3.239898681640625,11242
3.3871920108795166,11241
3.5323145389556885,11240
3.6769347190856934,11239
3.822162389755249,11238
3.9672372341156006,11237
4.1120359897613525,11236
4.257240533828735,11235
4.401743412017822,11234
4.548564910888672,11233
4.696838617324829,11232
4.837030410766602,11231
4.977999687194824,11230
5.119520664215088,11229
5.2583301067352295,11228
5.399163007736206,11227
5.53810453414917,11226
5.677862882614136,11225
5.817763090133667,11224
5.9611496925354,11223
6.109403848648071,11222
6.257827520370483,11221
6.40635347366333,11220
6.555440902709961,11219
6.703421592712402,11218
6.851475477218628,11217
6.999593496322632,11216
7.147854804992676,11215
7.29606294631958,11214
7.443920135498047,11213
7.591757774353027,11212
7.739929676055908,11211
7.887114763259888,11210
8.034253120422363,11209
8.182668209075928,11208
8.330816745758057,11207
8.478299617767334,11206
8.625377893447876,11205
8.773226976394653,11204
8.920335054397583,11203
9.067160844802856,11202
9.214301347732544,11201
9.36217451095581,11200
9.509790182113647,11199
9.649693489074707,11198
9.787107467651367,11197
9.92583441734314,11196
