0.4798867702484131,8776
0.563399076461792,8775
0.6509990692138672,8774
0.739387035369873,8773
0.8282127380371094,8772
0.917288064956665,8771
1.0062510967254639,8770
1.095872402191162,8769
1.1842622756958008,8768
1.272867202758789,8767
1.3599803447723389,8766
1.4477813243865967,8765
1.5366060733795166,8764
1.625459909439087,8763
1.71632719039917,8762
1.805107831954956,8761
1.8939733505249023,8760
1.9836218357086182,8759
2.073655843734741,8758
2.1624069213867188,8757
2.250736951828003,8756
2.3392770290374756,8755
2.427736282348633,8754
2.5164687633514404,8753
2.6074469089508057,8752
2.6981608867645264,8751
2.7892258167266846,8750
2.880249261856079,8749
2.9717063903808594,8748
3.063718795776367,8747
3.1566405296325684,8746
3.248607873916626,8745
3.3408796787261963,8744
3.4323182106018066,8743
3.524017810821533,8742
3.6158032417297363,8741
3.7076237201690674,8740
3.799696922302246,8739
3.8919930458068848,8738
3.984374523162842,8737
4.077116250991821,8736
4.169100522994995,8735
4.260950326919556,8734
4.35290265083313,8733
4.4450273513793945,8732
4.536612510681152,8731
4.628032207489014,8730
4.719686269760132,8729
4.811091661453247,8728
4.9033203125,8727
4.995138883590698,8726
5.088164806365967,8725
5.181089878082275,8724
5.273141860961914,8723
5.365482330322266,8722
5.457043886184692,8721
5.548939228057861,8720
5.640267372131348,8719
5.731555461883545,8718
5.823079586029053,8717
5.914353370666504,8716
6.005404472351074,8715
6.097611427307129,8714
6.189058065414429,8713
6.280828952789307,8712
6.372903347015381,8711
6.46608304977417,8710
6.558274984359741,8709
6.649548530578613,8708
6.741242170333862,8707
6.832871198654175,8706
6.924757480621338,8705
7.016661882400513,8704
7.109264612197876,8703
7.200889348983765,8702
7.29248833656311,8701
7.384525775909424,8700
7.475234270095825,8699
7.566249847412109,8698
7.658370733261108,8697
7.750455617904663,8696
7.841951847076416,8695
7.931529760360718,8694
8.019388437271118,8693
8.110594987869263,8692
8.198913097381592,8691
8.287336826324463,8690
8.375903606414795,8689
8.464065551757812,8688
8.552154064178467,8687
8.640220880508423,8686
8.728132724761963,8685
8.816457033157349,8684
8.904364585876465,8683
8.989036560058594,8682
9.077548742294312,8681
9.16541838645935,8680
9.252633333206177,8679
9.340274572372437,8678
9.42768383026123,8677
9.515897512435913,8676
9.603661298751831,8675
9.691446304321289,8674
9.778764009475708,8673
9.86606740951538,8672
9.95349407196045,8671
10.041137933731079,8670
10.13229513168335,8669
10.21985387802124,8668
10.30763030052185,8667
10.395243883132935,8666
10.483683586120605,8665
10.57179570198059,8664
10.660534858703613,8663
10.747769832611084,8662
10.835480213165283,8661
10.92286491394043,8660
11.010398149490356,8659
11.098540782928467,8658
11.186087131500244,8657
11.269017219543457,8656
11.355689764022827,8655
11.443216562271118,8654
11.530670166015625,8653
11.618542909622192,8652
11.708385705947876,8651
11.795969247817993,8650
11.88282299041748,8649
11.970314025878906,8648
12.058232545852661,8647
12.146790027618408,8646
12.23417329788208,8645
12.321618795394897,8644
12.409101486206055,8643
12.496371984481812,8642
12.58388376235962,8641
12.671362161636353,8640
12.758770227432251,8639
12.846557140350342,8638
12.934623956680298,8637
13.022069215774536,8636
13.110927104949951,8635
13.198509216308594,8634
13.286754131317139,8633
13.37523865699768,8632
13.460291624069214,8631
13.545422077178955,8630
13.632575511932373,8629
13.720426321029663,8628
13.807481050491333,8627
13.893826246261597,8626
13.979005813598633,8625
14.063706636428833,8624
14.149842977523804,8623
14.235826015472412,8622
14.323254823684692,8621
14.412561178207397,8620
14.500590801239014,8619
14.587838411331177,8618
14.674862623214722,8617
14.762057304382324,8616
14.849551439285278,8615
14.936744213104248,8614
15.02356743812561,8613
15.111135244369507,8612
15.198216676712036,8611
15.285128831863403,8610
15.372073650360107,8609
15.459537506103516,8608
15.54658055305481,8607
15.634882926940918,8606
15.72648549079895,8605
15.816858768463135,8604
15.907702445983887,8603
15.998234510421753,8602
16.090278387069702,8601
16.181074857711792,8600
16.271853923797607,8599
16.362853288650513,8598
16.454761028289795,8597
16.546117782592773,8596
16.63711428642273,8595
16.72831082344055,8594
16.81877040863037,8593
16.90956687927246,8592
17.000436067581177,8591
17.092288970947266,8590
17.182841062545776,8589
17.27335262298584,8588
17.364624738693237,8587
17.455137252807617,8586
17.546123504638672,8585
17.63701605796814,8584
17.72780990600586,8583
17.818647623062134,8582
17.909340381622314,8581
18.000298738479614,8580
18.091726303100586,8579
18.18229031562805,8578
18.273012399673462,8577
18.36367702484131,8576
18.454406023025513,8575
18.545246839523315,8574
18.63569140434265,8573
18.726110458374023,8572
18.816203832626343,8571
18.907076120376587,8570
18.997664213180542,8569
19.08934998512268,8568
19.179707527160645,8567
19.27028226852417,8566
19.360883474349976,8565
19.450245141983032,8564
19.53778648376465,8563
19.625505447387695,8562
19.713053464889526,8561
19.80047297477722,8560
19.88793683052063,8559
19.975801467895508,8558
20.06345510482788,8557
20.152254104614258,8556
20.240029335021973,8555
20.32829451560974,8554
20.416755199432373,8553
20.504379510879517,8552
20.59586763381958,8551
20.68681240081787,8550
20.77794337272644,8549
20.86899185180664,8548
20.96038794517517,8547
21.05163860321045,8546
21.144115209579468,8545
21.23531675338745,8544
21.326454162597656,8543
21.417927503585815,8542
21.509116649627686,8541
21.600361585617065,8540
21.694005012512207,8539
21.78515863418579,8538
21.876365900039673,8537
21.96739649772644,8536
22.05870223045349,8535
22.150684118270874,8534
22.241851568222046,8533
22.333226442337036,8532
22.424177646636963,8531
22.515214204788208,8530
22.606298446655273,8529
22.697060585021973,8528
22.788239240646362,8527
22.87941026687622,8526
22.97100591659546,8525
23.061832666397095,8524
23.153599977493286,8523
23.2443904876709,8522
23.3352689743042,8521
23.42633605003357,8520
23.51746940612793,8519
23.6062433719635,8518
23.694007873535156,8517
23.781344175338745,8516
23.868701219558716,8515
23.95606279373169,8514
24.04345941543579,8513
24.13182544708252,8512
24.218902111053467,8511
24.30613613128662,8510
24.393208265304565,8509
24.4804847240448,8508
24.5677227973938,8507
24.656611680984497,8506
24.747274160385132,8505
24.83810520172119,8504
24.92925524711609,8503
25.02035689353943,8502
25.11241841316223,8501
25.203251600265503,8500
25.29435157775879,8499
25.385091066360474,8498
25.475602388381958,8497
25.56659436225891,8496
25.657440662384033,8495
25.74855399131775,8494
25.840384006500244,8493
25.931596040725708,8492
26.022695064544678,8491
26.11514377593994,8490
26.20585536956787,8489
26.296133995056152,8488
26.386507034301758,8487
26.478720903396606,8486
26.56993293762207,8485
26.660770893096924,8484
26.750927686691284,8483
26.841406106948853,8482
26.934712886810303,8481
27.024805545806885,8480
27.116586208343506,8479
27.206719875335693,8478
27.29720711708069,8477
27.38729190826416,8476
27.477516651153564,8475
27.567593574523926,8474
27.657865524291992,8473
27.747941493988037,8472
27.83801817893982,8471
27.92832040786743,8470
28.018022775650024,8469
28.106545209884644,8468
28.19374680519104,8467
28.28089928627014,8466
28.36789846420288,8465
28.455536127090454,8464
28.542784690856934,8463
28.630056858062744,8462
28.717278957366943,8461
28.804803609848022,8460
28.89268398284912,8459
28.979682683944702,8458
29.065670251846313,8457
29.156994104385376,8456
29.246102333068848,8455
29.336145877838135,8454
29.42612600326538,8453
29.516862869262695,8452
29.607356309890747,8451
29.697730779647827,8450
29.788415908813477,8449
29.878585815429688,8448
29.968442678451538,8447
30.058497667312622,8446
30.14972162246704,8445
30.23999834060669,8444
30.329941987991333,8443
30.41985535621643,8442
30.509845972061157,8441
30.600279808044434,8440
30.690459966659546,8439
30.780506372451782,8438
30.87054967880249,8437
30.960946083068848,8436
31.051276445388794,8435
31.1419517993927,8434
31.23233151435852,8433
31.322402715682983,8432
31.41274333000183,8431
31.50355339050293,8430
31.594305753707886,8429
31.687559127807617,8428
31.77849292755127,8427
31.86910915374756,8426
31.959808349609375,8425
32.050957679748535,8424
32.14265966415405,8423
32.23325157165527,8422
32.32375979423523,8421
32.41425585746765,8420
32.504754066467285,8419
32.594501972198486,8418
32.68137717247009,8417
32.76882290840149,8416
32.85553240776062,8415
32.94256234169006,8414
33.02944827079773,8413
33.11750245094299,8412
33.20522713661194,8411
33.29201126098633,8410
33.379133462905884,8409
33.46637845039368,8408
33.553552865982056,8407
33.640435457229614,8406
33.73114323616028,8405
33.82161355018616,8404
33.91212177276611,8403
34.0027220249176,8402
34.09419131278992,8401
34.18464279174805,8400
34.275623083114624,8399
34.36630201339722,8398
34.456846475601196,8397
34.54750728607178,8396
34.63813257217407,8395
34.728588819503784,8394
34.819154500961304,8393
34.90971875190735,8392
35.00022745132446,8391
35.09148120880127,8390
35.18144655227661,8389
35.27199625968933,8388
35.362380504608154,8387
35.45306468009949,8386
35.54334473609924,8385
35.63382077217102,8384
35.724186420440674,8383
35.81479454040527,8382
35.90543603897095,8381
35.99580931663513,8380
36.08711123466492,8379
36.1775484085083,8378
36.267505407333374,8377
36.35771179199219,8376
36.44955515861511,8375
36.539955377578735,8374
36.63047003746033,8373
36.72097730636597,8372
36.80870795249939,8371
36.895501375198364,8370
36.982420682907104,8369
37.06927180290222,8368
37.1570246219635,8367
37.24407172203064,8366
37.33092427253723,8365
37.41774845123291,8364
37.50454139709473,8363
37.591206550598145,8362
37.677729845047,8361
37.764493465423584,8360
37.851731300354004,8359
37.94188475608826,8358
38.03175973892212,8357
38.12275314331055,8356
38.21252489089966,8355
38.302205324172974,8354
38.39263892173767,8353
38.48318076133728,8352
38.57314968109131,8351
38.66320013999939,8350
38.752822399139404,8349
38.842137813568115,8348
38.93096947669983,8347
39.0194091796875,8346
39.10993790626526,8345
39.19976782798767,8344
39.289915800094604,8343
39.38022589683533,8342
39.4704008102417,8341
39.559983015060425,8340
39.64927816390991,8339
39.738571882247925,8338
39.828293323516846,8337
39.91766381263733,8336
40.00700092315674,8335
40.097991704940796,8334
40.18814158439636,8333
40.278178215026855,8332
40.368248462677,8331
40.45826196670532,8330
40.54841947555542,8329
40.63850450515747,8328
40.72843623161316,8327
40.81852388381958,8326
40.90886211395264,8325
40.99887180328369,8324
41.087127447128296,8323
41.17337417602539,8322
41.25950050354004,8321
41.34577679634094,8320
41.43175482749939,8319
41.51791024208069,8318
41.60431742668152,8317
41.69256138801575,8316
41.778599977493286,8315
41.86489653587341,8314
41.95100784301758,8313
42.03730225563049,8312
42.12558126449585,8311
42.213985443115234,8310
42.30314588546753,8309
42.39292573928833,8308
42.48261594772339,8307
42.572527170181274,8306
42.66234016418457,8305
42.751896142959595,8304
42.841097593307495,8303
42.930447816848755,8302
43.01974844932556,8301
43.11010146141052,8300
43.199445486068726,8299
43.288809299468994,8298
43.37804627418518,8297
43.468281984329224,8296
43.55815839767456,8295
43.648332357406616,8294
43.738203287124634,8293
43.82822394371033,8292
43.917895793914795,8291
44.00764274597168,8290
44.09849762916565,8289
44.18823218345642,8288
44.27814865112305,8287
44.36789798736572,8286
44.45725989341736,8285
44.5469229221344,8284
44.636537075042725,8283
44.72533082962036,8282
44.81457781791687,8281
44.90420603752136,8280
44.99361610412598,8279
45.084251165390015,8278
45.173736333847046,8277
45.26303434371948,8276
45.3492169380188,8275
45.434980392456055,8274
45.520923137664795,8273
45.606935262680054,8272
45.69321656227112,8271
45.77905011177063,8270
45.864792346954346,8269
45.95056653022766,8268
46.036317348480225,8267
46.12304663658142,8266
46.20902967453003,8265
46.29478859901428,8264
46.38240957260132,8263
46.471871852874756,8262
46.56096887588501,8261
46.65005302429199,8260
46.73915362358093,8259
46.828826665878296,8258
46.91865563392639,8257
47.00889229774475,8256
47.09989047050476,8255
47.18988108634949,8254
47.279415130615234,8253
47.368810415267944,8252
47.458436012268066,8251
47.548407793045044,8250
47.638105392456055,8249
47.7275664806366,8248
47.81700086593628,8247
47.90663456916809,8246
47.99641466140747,8245
48.086426734924316,8244
48.175541162490845,8243
48.264854192733765,8242
48.35421681404114,8241
48.44406795501709,8240
48.533788204193115,8239
48.62279987335205,8238
48.711487770080566,8237
48.8000168800354,8236
48.888699769973755,8235
48.97731113433838,8234
49.06553912162781,8233
49.15473532676697,8232
49.243003845214844,8231
49.33267688751221,8230
49.42243671417236,8229
49.51225233078003,8228
49.60183763504028,8227
49.68901181221008,8226
49.77470254898071,8225
49.860371112823486,8224
49.9458749294281,8223
50.03162431716919,8222
50.11853361129761,8221
50.2043719291687,8220
50.2905113697052,8219
50.37655711174011,8218
50.46232223510742,8217
50.54800248146057,8216
50.63412046432495,8215
50.720055103302,8214
50.80947995185852,8213
50.899354219436646,8212
50.98857545852661,8211
51.07833814620972,8210
51.16719436645508,8209
51.25633931159973,8208
51.34592270851135,8207
51.43536424636841,8206
51.52436542510986,8205
51.613863945007324,8204
51.70604634284973,8203
51.79464888572693,8202
51.88306713104248,8201
51.9717230796814,8200
52.06017518043518,8199
52.14964056015015,8198
52.238035678863525,8197
52.326080560684204,8196
52.41428327560425,8195
52.5032753944397,8194
52.592666149139404,8193
52.682328939437866,8192
52.77174639701843,8191
52.86108088493347,8190
52.95024919509888,8189
53.03946280479431,8188
53.129810094833374,8187
53.21938467025757,8186
53.30856156349182,8185
53.39848041534424,8184
53.48803734779358,8183
53.57709264755249,8182
53.66613030433655,8181
53.75536394119263,8180
53.84431290626526,8179
53.933265209198,8178
54.021941900253296,8177
54.10959005355835,8176
54.19536733627319,8175
54.28065800666809,8174
54.36612892150879,8173
54.45209360122681,8172
54.53780794143677,8171
54.623464584350586,8170
54.70890426635742,8169
54.79419541358948,8168
54.87941002845764,8167
54.96468687057495,8166
55.04991936683655,8165
55.13530111312866,8164
55.22399568557739,8163
55.312002182006836,8162
55.400994062423706,8161
55.48991131782532,8160
55.57883596420288,8159
55.667850732803345,8158
55.756903409957886,8157
55.84571123123169,8156
55.9348578453064,8155
56.024317264556885,8154
56.11444020271301,8153
56.20354223251343,8152
56.292893171310425,8151
56.38131785392761,8150
56.471147537231445,8149
56.56008505821228,8148
56.64937615394592,8147
56.73857522010803,8146
56.827921867370605,8145
56.917028188705444,8144
57.00675892829895,8143
57.09676909446716,8142
57.185052156448364,8141
57.27325797080994,8140
57.36183738708496,8139
57.44977688789368,8138
57.53757357597351,8137
57.62583899497986,8136
57.714138984680176,8135
57.802369117736816,8134
57.89124631881714,8133
57.980212688446045,8132
58.06928515434265,8131
58.159343242645264,8130
58.24837136268616,8129
58.33743166923523,8128
58.426825761795044,8127
58.51541090011597,8126
58.60062623023987,8125
58.68607759475708,8124
58.77161121368408,8123
58.85681080818176,8122
58.942224740982056,8121
59.02769160270691,8120
59.1139919757843,8119
59.199209213256836,8118
59.284666776657104,8117
59.369940519332886,8116
59.45509338378906,8115
59.54014754295349,8114
59.626097202301025,8113
59.710575342178345,8112
59.79798173904419,8111
59.88640594482422,8110
59.97379803657532,8109
60.05845022201538,8108
60.14597272872925,8107
60.233983516693115,8106
60.320759534835815,8105
60.40478777885437,8104
60.48568153381348,8103
60.571603298187256,8102
60.65815448760986,8101
60.74515175819397,8100
60.83312010765076,8099
60.918898820877075,8098
61.0040123462677,8097
61.08968949317932,8096
61.179389238357544,8095
61.26017737388611,8094
61.34099769592285,8093
61.42195725440979,8092
61.502814054489136,8091
61.58405590057373,8090
61.66456317901611,8089
61.74822950363159,8088
61.82903265953064,8087
61.90957856178284,8086
61.9903085231781,8085
62.07150650024414,8084
62.1532347202301,8083
62.23398518562317,8082
62.31523609161377,8081
62.40215611457825,8080
62.486339807510376,8079
62.57455563545227,8078
62.66238045692444,8077
62.750383138656616,8076
62.838306188583374,8075
62.92603373527527,8074
63.01414203643799,8073
63.102837562561035,8072
63.190913915634155,8071
63.278687953948975,8070
63.366448163986206,8069
63.45529890060425,8068
63.54319500923157,8067
63.6311149597168,8066
63.71914863586426,8065
63.80730748176575,8064
63.895108699798584,8063
63.98320031166077,8062
64.07108116149902,8061
64.15987300872803,8060
64.24795365333557,8059
64.33577346801758,8058
64.42385244369507,8057
64.51168012619019,8056
64.59941458702087,8055
64.68723583221436,8054
64.77505278587341,8053
64.8630850315094,8052
64.95123982429504,8051
65.03892993927002,8050
65.12768030166626,8049
65.21513628959656,8048
65.30288887023926,8047
65.39065670967102,8046
65.47858238220215,8045
65.56661987304688,8044
65.65440392494202,8043
65.74185180664062,8042
65.82952404022217,8041
65.91720533370972,8040
66.00534176826477,8039
66.09480023384094,8038
66.18368768692017,8037
66.27202367782593,8036
66.36026263237,8035
66.44965147972107,8034
66.53853130340576,8033
66.62722778320312,8032
66.71603965759277,8031
66.8046703338623,8030
66.89284300804138,8029
66.98115587234497,8028
67.06968545913696,8027
67.15899348258972,8026
67.24745059013367,8025
67.33601713180542,8024
67.4246187210083,8023
67.51267743110657,8022
67.60119700431824,8021
67.6894600391388,8020
67.77767395973206,8019
67.86589288711548,8018
67.9507622718811,8017
68.03546571731567,8016
68.12297010421753,8015
68.20735907554626,8014
68.29187607765198,8013
68.37642931938171,8012
68.46136283874512,8011
68.5458197593689,8010
68.63035106658936,8009
68.71510791778564,8008
68.79965472221375,8007
68.88420629501343,8006
68.96812200546265,8005
69.05244708061218,8004
69.13770961761475,8003
69.22163391113281,8002
69.30605554580688,8001
69.3900191783905,8000
69.47452116012573,7999
69.55877494812012,7998
69.64277172088623,7997
69.72680330276489,7996
69.81092667579651,7995
69.89533567428589,7994
69.97964429855347,7993
70.06647753715515,7992
70.15240669250488,7991
70.23673582077026,7990
70.32097291946411,7989
70.40511679649353,7988
70.48914861679077,7987
70.57305455207825,7986
70.65732741355896,7985
70.74122071266174,7984
70.8254189491272,7983
70.90964889526367,7982
70.99424123764038,7981
71.07927370071411,7980
71.16350769996643,7979
71.2481484413147,7978
71.33244299888611,7977
71.41346144676208,7976
71.4982078075409,7975
71.5829815864563,7974
71.66776585578918,7973
71.75532484054565,7972
71.8399407863617,7971
71.92458248138428,7970
72.00945448875427,7969
72.09498620033264,7968
72.17618775367737,7967
72.26089859008789,7966
72.34534549713135,7965
72.42999339103699,7964
72.51422786712646,7963
72.59864473342896,7962
72.68340015411377,7961
72.76875901222229,7960
72.85353899002075,7959
72.93814587593079,7958
73.02253580093384,7957
73.10725021362305,7956
73.19137144088745,7955
73.27572870254517,7954
73.3619179725647,7953
73.4496021270752,7952
73.53731632232666,7951
73.62471652030945,7950
73.71206259727478,7949
73.79948115348816,7948
73.88711810112,7947
73.97480463981628,7946
74.06222772598267,7945
74.15080642700195,7944
74.2381865978241,7943
74.32574510574341,7942
74.41279673576355,7941
74.50018334388733,7940
74.58744788169861,7939
74.67468643188477,7938
74.76210331916809,7937
74.8493812084198,7936
74.9364583492279,7935
75.02376627922058,7934
75.11207842826843,7933
75.19990611076355,7932
75.28722667694092,7931
75.37436985969543,7930
75.46153140068054,7929
75.54888224601746,7928
75.63622999191284,7927
75.72362613677979,7926
75.81099510192871,7925
75.89822173118591,7924
75.98560929298401,7923
76.07308721542358,7922
76.16151452064514,7921
76.24861598014832,7920
76.33583903312683,7919
76.42310285568237,7918
76.51125001907349,7917
76.5989282131195,7916
76.68618535995483,7915
76.77384662628174,7914
76.86118507385254,7913
76.94836616516113,7912
77.0357506275177,7911
77.1241385936737,7910
77.21131634712219,7909
77.29837346076965,7908
77.38561630249023,7907
77.47285628318787,7906
77.56008172035217,7905
77.64786124229431,7904
77.73580622673035,7903
77.82411456108093,7902
77.91188478469849,7901
77.99969696998596,7900
78.08864259719849,7899
78.17662334442139,7898
78.26401948928833,7897
78.35192584991455,7896
78.43962955474854,7895
78.52798628807068,7894
78.61557078361511,7893
78.70334959030151,7892
78.7911126613617,7891
78.87858200073242,7890
78.96619772911072,7889
79.0515525341034,7888
79.13646745681763,7887
79.22074556350708,7886
79.30506944656372,7885
79.38907933235168,7884
79.47310543060303,7883
79.55735683441162,7882
79.64135074615479,7881
79.72541165351868,7880
79.8096170425415,7879
79.89359617233276,7878
79.97767210006714,7877
80.06194615364075,7876
80.14691829681396,7875
80.23029208183289,7874
80.313725233078,7873
80.39727783203125,7872
80.48055696487427,7871
80.56400060653687,7870
80.64725708961487,7869
80.73069143295288,7868
80.81411337852478,7867
80.89746594429016,7866
80.98091292381287,7865
81.06421732902527,7864
81.14898467063904,7863
81.23534870147705,7862
81.31921029090881,7861
81.40272164344788,7860
81.48635125160217,7859
81.56988906860352,7858
81.6537253856659,7857
81.73955011367798,7856
81.82293438911438,7855
81.90625524520874,7854
81.98968148231506,7853
82.07332229614258,7852
82.15785884857178,7851
82.2412781715393,7850
82.32455492019653,7849
82.40446710586548,7848
82.48820567131042,7847
82.57248020172119,7846
82.6564838886261,7845
82.74017930030823,7844
82.82372975349426,7843
82.90723633766174,7842
82.9907922744751,7841
83.07436108589172,7840
83.15877771377563,7839
83.24244666099548,7838
83.32599210739136,7837
83.40966892242432,7836
83.49374198913574,7835
83.57743954658508,7834
83.66097116470337,7833
83.74443221092224,7832
83.82827639579773,7831
83.91178464889526,7830
83.99518132209778,7829
84.07971048355103,7828
84.16450071334839,7827
84.24786496162415,7826
84.33132338523865,7825
84.41480803489685,7824
84.49655318260193,7823
84.57667517662048,7822
84.66001868247986,7821
84.74286127090454,7820
84.8261034488678,7819
84.90891075134277,7818
84.99107098579407,7817
85.07221627235413,7816
85.15364837646484,7815
85.23356008529663,7814
85.314870595932,7813
85.39878678321838,7812
85.4840395450592,7811
85.56812477111816,7810
85.65130352973938,7809
85.73436784744263,7808
85.81735253334045,7807
85.90034794807434,7806
85.98342370986938,7805
86.06667399406433,7804
86.15025591850281,7803
86.23347640037537,7802
86.31653070449829,7801
86.39951205253601,7800
86.48365521430969,7799
86.56667900085449,7798
86.6499445438385,7797
86.73885321617126,7796
86.82097458839417,7795
86.90038871765137,7794
86.97953271865845,7793
87.05907368659973,7792
87.13919806480408,7791
87.21862244606018,7790
87.29782271385193,7789
87.37710165977478,7788
87.45603156089783,7787
87.5353569984436,7786
87.6147952079773,7785
87.69432735443115,7784
87.7736382484436,7783
87.853018283844,7782
87.93565940856934,7781
88.0201940536499,7780
88.1077790260315,7779
88.1936845779419,7778
88.27948951721191,7777
88.36564564704895,7776
88.4526264667511,7775
88.53959393501282,7774
88.6268048286438,7773
88.71392631530762,7772
88.80110359191895,7771
88.88670992851257,7770
88.97315406799316,7769
89.05985236167908,7768
89.14775896072388,7767
89.23424363136292,7766
89.32110524177551,7765
89.40789198875427,7764
89.49444460868835,7763
89.58181834220886,7762
89.6690137386322,7761
89.75593996047974,7760
89.84322690963745,7759
89.93028354644775,7758
90.01739311218262,7757
90.10552501678467,7756
90.19280791282654,7755
90.28017210960388,7754
90.3672616481781,7753
90.4540913105011,7752
90.54088973999023,7751
90.62805485725403,7750
90.71529078483582,7749
90.80153298377991,7748
90.88802790641785,7747
90.97522807121277,7746
91.06201028823853,7745
91.14994359016418,7744
91.2367992401123,7743
91.32332968711853,7742
91.40943241119385,7741
91.49547719955444,7740
91.58158111572266,7739
91.66760420799255,7738
91.75627326965332,7737
91.84203624725342,7736
91.9288477897644,7735
92.01577997207642,7734
92.103830575943,7733
92.19066762924194,7732
92.27759885787964,7731
92.36410117149353,7730
92.45109248161316,7729
92.53748178482056,7728
92.62384557723999,7727
92.71024990081787,7726
92.79685688018799,7725
92.88383889198303,7724
92.97092604637146,7723
93.05816626548767,7722
93.14576768875122,7721
93.23239541053772,7720
93.31591701507568,7719
93.39911770820618,7718
93.48288202285767,7717
93.56626844406128,7716
93.64964079856873,7715
93.73335433006287,7714
93.81677031517029,7713
93.90029263496399,7712
93.98381781578064,7711
94.06736946105957,7710
94.1514720916748,7709
94.23487281799316,7708
94.31757068634033,7707
94.40034508705139,7706
94.48284244537354,7705
94.5658187866211,7704
94.64840626716614,7703
94.73132061958313,7702
94.8138427734375,7701
94.89649224281311,7700
94.97910785675049,7699
95.06182718276978,7698
95.1456184387207,7697
95.22821640968323,7696
95.31080341339111,7695
95.39380717277527,7694
95.4796245098114,7693
95.56256222724915,7692
95.64533948898315,7691
95.72817015647888,7690
95.81082582473755,7689
95.89354920387268,7688
95.97607064247131,7687
96.05913639068604,7686
96.142902135849,7685
96.22538995742798,7684
96.3081157207489,7683
96.39069366455078,7682
96.47483110427856,7681
96.55797171592712,7680
96.64122223854065,7679
96.72322106361389,7678
96.8016266822815,7677
96.88475298881531,7676
96.9677619934082,7675
97.05135035514832,7674
97.13568305969238,7673
97.21930837631226,7672
97.30264377593994,7671
97.38572525978088,7670
97.4691104888916,7669
97.55056881904602,7668
97.63220286369324,7667
97.71505761146545,7666
97.79844880104065,7665
97.88134717941284,7664
97.96431589126587,7663
98.04740834236145,7662
98.13127899169922,7661
98.21430945396423,7660
98.29754567146301,7659
98.38035035133362,7658
98.4637553691864,7657
98.54607701301575,7656
98.62922191619873,7655
98.7119870185852,7654
98.7969081401825,7653
98.8829698562622,7652
98.96951532363892,7651
99.05631494522095,7650
99.14383482933044,7649
99.23035049438477,7648
99.316153049469,7647
99.40286946296692,7646
99.48985958099365,7645
99.57628107070923,7644
99.66286873817444,7643
99.74894404411316,7642
99.83528399467468,7641
99.92131686210632,7640
100.00765585899353,7639
100.09508609771729,7638
100.18120098114014,7637
100.26743793487549,7636
100.35372734069824,7635
100.44046306610107,7634
100.52599692344666,7633
100.61184477806091,7632
100.69704937934875,7631
100.78267574310303,7630
100.86788749694824,7629
100.95345783233643,7628
101.03894758224487,7627
101.12553930282593,7626
101.21111607551575,7625
101.29747104644775,7624
101.38384008407593,7623
101.46992301940918,7622
101.5562150478363,7621
101.64292740821838,7620
101.73207998275757,7619
101.81841087341309,7618
101.90501689910889,7617
101.99177598953247,7616
102.07904076576233,7615
102.16447401046753,7614
102.25006890296936,7613
102.33624958992004,7612
102.42244172096252,7611
102.50857043266296,7610
102.59498906135559,7609
102.68118023872375,7608
102.76617860794067,7607
102.85195422172546,7606
102.93718409538269,7605
103.02285027503967,7604
103.1091148853302,7603
103.19480061531067,7602
103.27993559837341,7601
103.36541104316711,7600
103.45159268379211,7599
103.53797507286072,7598
103.62420225143433,7597
103.71015977859497,7596
103.79628109931946,7595
103.87986755371094,7594
103.96602964401245,7593
104.05243849754333,7592
104.13986444473267,7591
104.22373032569885,7590
104.30630421638489,7589
104.38922071456909,7588
104.47191071510315,7587
104.55498552322388,7586
104.63757824897766,7585
104.72022271156311,7584
104.80281376838684,7583
104.88549494743347,7582
104.96839499473572,7581
105.05137395858765,7580
105.13481307029724,7579
105.21721315383911,7578
105.29968690872192,7577
105.38179469108582,7576
105.4641683101654,7575
105.54643630981445,7574
105.62844514846802,7573
105.71056151390076,7572
105.79269504547119,7571
105.87448930740356,7570
105.95660901069641,7569
106.03856825828552,7568
106.12221598625183,7567
106.2041244506836,7566
106.28623032569885,7565
106.3709352016449,7564
106.4545419216156,7563
106.5366439819336,7562
106.61854076385498,7561
106.70082926750183,7560
106.78278708457947,7559
106.86487102508545,7558
106.94692134857178,7557
107.02880358695984,7556
107.111971616745,7555
107.19377374649048,7554
107.27591371536255,7553
107.35762786865234,7552
107.43953514099121,7551
107.51931428909302,7550
107.59808540344238,7549
107.68012881278992,7548
107.76232433319092,7547
107.84433054924011,7546
107.92643356323242,7545
108.00851917266846,7544
108.09101223945618,7543
108.17306518554688,7542
108.25499558448792,7541
108.33704233169556,7540
108.41904997825623,7539
108.50151586532593,7538
108.58365249633789,7537
108.66471099853516,7536
108.74681043624878,7535
108.8287181854248,7534
108.91079521179199,7533
108.9928765296936,7532
109.07501339912415,7531
109.15700840950012,7530
109.2388768196106,7529
109.32072710990906,7528
109.40299868583679,7527
109.48492360115051,7526
109.56705641746521,7525
109.64901065826416,7524
109.72932147979736,7523
109.80713987350464,7522
109.88914561271667,7521
109.97023487091064,7520
110.05234265327454,7519
110.13482069969177,7518
110.21595072746277,7517
110.29571604728699,7516
110.37483930587769,7515
110.45442414283752,7514
110.53376507759094,7513
110.61422443389893,7512
110.696786403656,7511
110.78059720993042,7510
110.8633074760437,7509
110.94490814208984,7508
111.0264778137207,7507
111.10904479026794,7506
111.19058847427368,7505
111.27199077606201,7504
111.35336661338806,7503
111.43514657020569,7502
111.51661992073059,7501
111.5982391834259,7500
111.67979121208191,7499
111.76379561424255,7498
111.84529089927673,7497
111.92676067352295,7496
112.0125961303711,7495
112.0964663028717,7494
112.1742033958435,7493
112.25185823440552,7492
112.32963371276855,7491
112.4071912765503,7490
112.48472809791565,7489
112.56254601478577,7488
112.64051127433777,7487
112.7183928489685,7486
112.7964916229248,7485
112.8740074634552,7484
112.95163249969482,7483
113.02921056747437,7482
113.1077778339386,7481
113.18569612503052,7480
113.26979994773865,7479
113.355233669281,7478
113.44175338745117,7477
113.5277853012085,7476
113.61368083953857,7475
113.69963097572327,7474
113.78549385070801,7473
113.87133598327637,7472
113.9572024345398,7471
114.04327821731567,7470
114.1301338672638,7469
114.21585702896118,7468
114.30159831047058,7467
114.38756251335144,7466
114.47352838516235,7465
114.55925345420837,7464
114.64509558677673,7463
114.73091387748718,7462
114.8166069984436,7461
114.90253520011902,7460
114.98828387260437,7459
115.07414698600769,7458
115.16060209274292,7457
115.24628138542175,7456
115.33226561546326,7455
115.41794872283936,7454
115.5035970211029,7453
115.58925557136536,7452
115.67464327812195,7451
115.75991535186768,7450
115.8455605506897,7449
115.93105864524841,7448
116.01650524139404,7447
116.10300755500793,7446
116.18831181526184,7445
116.27350211143494,7444
116.35912585258484,7443
116.4446668624878,7442
116.53122186660767,7441
116.61671733856201,7440
116.70230531692505,7439
116.78774952888489,7438
116.87320137023926,7437
116.95869159698486,7436
117.04435610771179,7435
117.13056540489197,7434
117.21616291999817,7433
117.30162310600281,7432
117.38694500923157,7431
117.47239470481873,7430
117.55773401260376,7429
117.64298987388611,7428
117.7282612323761,7427
117.81361865997314,7426
117.89921951293945,7425
117.98470211029053,7424
118.06969451904297,7423
118.15581798553467,7422
118.2377667427063,7421
118.31966948509216,7420
118.40149474143982,7419
118.48364424705505,7418
118.5655529499054,7417
118.64750671386719,7416
118.72933053970337,7415
118.81127643585205,7414
118.89300107955933,7413
118.97486591339111,7412
119.05652713775635,7411
119.13961386680603,7410
119.22070741653442,7409
119.30118775367737,7408
119.38245058059692,7407
119.46371531486511,7406
119.54477405548096,7405
119.62631368637085,7404
119.70730662345886,7403
119.78907036781311,7402
119.87043237686157,7401
119.95201396942139,7400
120.03330111503601,7399
120.11559677124023,7398
120.19682550430298,7397
120.27793192863464,7396
120.36126685142517,7395
120.44381952285767,7394
120.52484512329102,7393
120.60623598098755,7392
120.68722796440125,7391
120.76851606369019,7390
120.84972858428955,7389
120.93095064163208,7388
121.01237726211548,7387
121.09446501731873,7386
121.17579793930054,7385
121.25686955451965,7384
121.33817648887634,7383
121.41932439804077,7382
121.50048112869263,7381
121.5822160243988,7380
121.66290664672852,7379
121.74207782745361,7378
121.82405686378479,7377
121.90565133094788,7376
121.98763656616211,7375
122.06960391998291,7374
122.1524350643158,7373
122.23448252677917,7372
122.31621026992798,7371
122.39828538894653,7370
122.47949075698853,7369
122.55768585205078,7368
122.63929319381714,7367
122.72067761421204,7366
122.8025631904602,7365
122.88349962234497,7364
122.9648449420929,7363
123.04654932022095,7362
123.12921166419983,7361
123.21132802963257,7360
123.29302144050598,7359
123.37467551231384,7358
123.45618987083435,7357
123.53791189193726,7356
123.61987257003784,7355
123.70215964317322,7354
123.78728818893433,7353
123.87243914604187,7352
123.95773983001709,7351
124.04307556152344,7350
124.12932872772217,7349
124.21442079544067,7348
124.29976987838745,7347
124.38527607917786,7346
124.47056007385254,7345
124.55588603019714,7344
124.64113473892212,7343
124.72654962539673,7342
124.81175374984741,7341
124.89662981033325,7340
124.98157501220703,7339
125.0667941570282,7338
125.1528205871582,7337
125.23735976219177,7336
125.32245802879333,7335
125.40759611129761,7334
125.492919921875,7333
125.57823944091797,7332
125.66332602500916,7331
125.74837398529053,7330
125.83347249031067,7329
125.91883134841919,7328
126.00387191772461,7327
126.08991503715515,7326
126.17499041557312,7325
126.26005911827087,7324
126.34494972229004,7323
126.43016958236694,7322
126.51625180244446,7321
126.60121822357178,7320
126.68652510643005,7319
126.77150058746338,7318
126.85652923583984,7317
126.94168949127197,7316
127.02748608589172,7315
127.11359405517578,7314
127.19853353500366,7313
127.2834084033966,7312
127.3681812286377,7311
127.45335483551025,7310
127.53822875022888,7309
127.62312436103821,7308
127.70823121070862,7307
127.7929220199585,7306
127.87775683403015,7305
127.96290040016174,7304
128.04788970947266,7303
128.1358344554901,7302
128.22060132026672,7301
128.3054223060608,7300
128.39024329185486,7299
128.47512936592102,7298
128.56015014648438,7297
128.6441662311554,7296
128.72527050971985,7295
128.8063986301422,7294
128.8875377178192,7293
128.9684898853302,7292
129.04978036880493,7291
129.13207745552063,7290
129.21339631080627,7289
129.29479837417603,7288
129.3764774799347,7287
129.4577362537384,7286
129.53895163536072,7285
129.6199791431427,7284
129.7008969783783,7283
129.78147888183594,7282
129.86233830451965,7281
129.94338178634644,7280
130.02421951293945,7279
130.1059718132019,7278
130.18653559684753,7277
130.26700162887573,7276
130.34752202033997,7275
130.42821979522705,7274
130.50898814201355,7273
130.5895960330963,7272
130.67023921012878,7271
130.7508726119995,7270
130.8342547416687,7269
130.91533255577087,7268
130.99578952789307,7267
131.07664823532104,7266
131.15819311141968,7265
131.23893094062805,7264
131.3197717666626,7263
131.40057611465454,7262
131.48119115829468,7261
131.56221866607666,7260
131.64271140098572,7259
131.72599935531616,7258
131.8065423965454,7257
131.88693499565125,7256
131.96611618995667,7255
132.04394912719727,7254
132.1256980895996,7253
132.20651817321777,7252
132.2873673439026,7251
132.36838746070862,7250
132.4490463733673,7249
132.5299198627472,7248
132.61078190803528,7247
132.69158816337585,7246
132.7724552154541,7245
132.85310316085815,7244
132.93402552604675,7243
133.01483011245728,7242
133.09657192230225,7241
133.17744255065918,7240
133.25822043418884,7239
133.3388273715973,7238
133.4197142124176,7237
133.50102066993713,7236
133.58210492134094,7235
133.6627631187439,7234
133.74337911605835,7233
133.82449388504028,7232
133.90514945983887,7231
133.98582220077515,7230
134.06671619415283,7229
134.144296169281,7228
134.2213363647461,7227
134.30218172073364,7226
134.38215923309326,7225
134.4630262851715,7224
134.54317831993103,7223
134.6226725578308,7222
134.70106673240662,7221
134.77821564674377,7220
134.85629773139954,7219
134.9348850250244,7218
135.01420497894287,7217
135.09684324264526,7216
135.17969250679016,7215
135.26097536087036,7214
135.34112572669983,7213
135.421240568161,7212
135.50150656700134,7211
135.5815966129303,7210
135.66176080703735,7209
135.74253487586975,7208
135.82327222824097,7207
135.90389847755432,7206
135.98419189453125,7205
136.0645558834076,7204
136.14589166641235,7203
136.2262406349182,7202
136.30663633346558,7201
136.3919975757599,7200
136.47362875938416,7199
136.55026626586914,7198
136.6266806125641,7197
136.70308232307434,7196
136.7795341014862,7195
136.8559753894806,7194
136.93220853805542,7193
137.00848650932312,7192
137.08606576919556,7191
137.16233253479004,7190
137.23875880241394,7189
137.31492257118225,7188
137.39132142066956,7187
137.46791124343872,7186
137.54425239562988,7185
137.6268150806427,7184
137.70937418937683,7183
137.79360842704773,7182
137.8781077861786,7181
137.9627764225006,7180
138.04689359664917,7179
138.13172149658203,7178
138.21542119979858,7177
138.2993061542511,7176
138.38347458839417,7175
138.46738481521606,7174
138.55202412605286,7173
138.63666462898254,7172
138.72118210792542,7171
138.80529522895813,7170
138.88937139511108,7169
138.97415494918823,7168
139.05870461463928,7167
139.1440041065216,7166
139.22828269004822,7165
139.31228804588318,7164
139.3966817855835,7163
139.48126864433289,7162
139.5654616355896,7161
139.64989948272705,7160
139.73438382148743,7159
139.81835222244263,7158
139.90189695358276,7157
139.98588800430298,7156
140.07015562057495,7155
140.155170917511,7154
140.23854541778564,7153
140.32286429405212,7152
140.40657234191895,7151
140.4900197982788,7150
140.57323575019836,7149
140.65670728683472,7148
140.73988318443298,7147
140.8229525089264,7146
140.90605974197388,7145
140.98932790756226,7144
141.07339811325073,7143
141.1584439277649,7142
141.2424852848053,7141
141.32656359672546,7140
141.4105875492096,7139
141.49415564537048,7138
141.57753801345825,7137
141.66120505332947,7136
141.7476589679718,7135
141.83167695999146,7134
141.91586780548096,7133
141.99978947639465,7132
142.08512234687805,7131
142.1690332889557,7130
142.25318312644958,7129
142.3374309539795,7128
142.42178225517273,7127
142.50594854354858,7126
142.58998012542725,7125
142.67397356033325,7124
142.75808310508728,7123
142.84075450897217,7122
142.92124819755554,7121
143.00176334381104,7120
143.08337259292603,7119
143.16390109062195,7118
143.2442009449005,7117
143.32483792304993,7116
143.40528678894043,7115
143.48607563972473,7114
143.56662774085999,7113
143.64750623703003,7112
143.72792959213257,7111
143.8085114955902,7110
143.88822031021118,7109
143.96820378303528,7108
144.04804182052612,7107
144.1289839744568,7106
144.20891761779785,7105
144.28887104988098,7104
144.36878514289856,7103
144.44856905937195,7102
144.52847409248352,7101
144.6085720062256,7100
144.68850588798523,7099
144.76884937286377,7098
144.84864211082458,7097
144.92857193946838,7096
145.01094961166382,7095
145.09333682060242,7094
145.1733582019806,7093
145.25348091125488,7092
145.33329010009766,7091
145.41334104537964,7090
145.49328875541687,7089
145.57309317588806,7088
145.6531937122345,7087
145.73299932479858,7086
145.81324172019958,7085
145.89311528205872,7084
145.9731993675232,7083
146.05328392982483,7082
146.13443660736084,7081
146.21455192565918,7080
146.29386639595032,7079
146.36966276168823,7078
146.44997262954712,7077
146.53137469291687,7076
146.6117012500763,7075
146.69208145141602,7074
146.77234840393066,7073
146.85282731056213,7072
146.93301725387573,7071
147.01353526115417,7070
147.09381079673767,7069
147.17167592048645,7068
147.25196814537048,7067
147.33221888542175,7066
147.41277647018433,7065
147.4923837184906,7064
147.57738757133484,7063
147.66062426567078,7062
147.7445101737976,7061
147.82824110984802,7060
147.90852284431458,7059
147.9890742301941,7058
148.06962180137634,7057
148.1542136669159,7056
148.23470544815063,7055
148.31643867492676,7054
148.39979577064514,7053
148.48366785049438,7052
148.57104873657227,7051
148.66098022460938,7050
178.7478792667389,7049
191.27378726005554,7048
