0.010689496994018555,11022
0.021027088165283203,11021
0.03137826919555664,11020
0.04156184196472168,11019
0.05226635932922363,11018
0.06328010559082031,11017
0.07493782043457031,11016
0.08615517616271973,11015
0.09686708450317383,11014
0.10705280303955078,11013
0.11731195449829102,11012
0.12731695175170898,11011
0.1379704475402832,11010
0.14825987815856934,11009
0.15846753120422363,11008
0.16854119300842285,11007
0.17871499061584473,11006
0.18892359733581543,11005
0.1994016170501709,11004
0.20955944061279297,11003
0.21977806091308594,11002
0.22983407974243164,11001
0.24022197723388672,11000
0.2505645751953125,10999
0.2608792781829834,10998
0.27104949951171875,10997
0.2814061641693115,10996
0.29183220863342285,10995
0.30231523513793945,10994
0.31259703636169434,10993
0.3228573799133301,10992
0.3332552909851074,10991
0.3436319828033447,10990
0.35393714904785156,10989
0.364300012588501,10988
0.37435150146484375,10987
0.3845357894897461,10986
0.3946681022644043,10985
0.40522170066833496,10984
0.41529178619384766,10983
0.4254617691040039,10982
0.43566417694091797,10981
0.44607114791870117,10980
0.45639586448669434,10979
0.4667794704437256,10978
0.4768204689025879,10977
0.49389076232910156,10976
0.503730297088623,10975
0.5144908428192139,10974
0.5256085395812988,10973
0.5381348133087158,10972
0.5487930774688721,10971
0.5598876476287842,10970
0.5700733661651611,10969
0.5803701877593994,10968
0.5903091430664062,10967
0.6007039546966553,10966
0.6105318069458008,10965
0.620657205581665,10964
0.6304218769073486,10963
0.6407158374786377,10962
0.6510682106018066,10961
0.66141676902771,10960
0.6713347434997559,10959
0.6814336776733398,10958
0.6913230419158936,10957
0.7017123699188232,10956
0.711932897567749,10955
0.7221734523773193,10954
0.732255220413208,10953
0.7424688339233398,10952
0.7523360252380371,10951
0.7624523639678955,10950
0.7721867561340332,10949
0.7822935581207275,10948
0.7919814586639404,10947
0.8021647930145264,10946
0.8119728565216064,10945
0.8221817016601562,10944
0.8370721340179443,10943
0.8475863933563232,10942
0.8577632904052734,10941
0.8680641651153564,10940
0.8781723976135254,10939
0.8883745670318604,10938
0.8984804153442383,10937
0.9087388515472412,10936
0.9187302589416504,10935
0.928875207901001,10934
0.9390461444854736,10933
0.949657678604126,10932
0.9598097801208496,10931
0.9700360298156738,10930
0.9800314903259277,10929
0.9902019500732422,10928
1.0002837181091309,10927
1.0104894638061523,10926
1.0205259323120117,10925
1.0307245254516602,10924
1.0409491062164307,10923
1.0516486167907715,10922
1.0617258548736572,10921
1.0719716548919678,10920
1.0820119380950928,10919
1.0921194553375244,10918
1.1020851135253906,10917
1.1121826171875,10916
1.1221492290496826,10915
1.1323704719543457,10914
1.1423687934875488,10913
1.1527788639068604,10912
1.1687941551208496,10911
1.178900957107544,10910
1.188887596130371,10909
1.1994030475616455,10908
1.209366798400879,10907
1.219620704650879,10906
1.2295005321502686,10905
1.23984956741333,10904
1.2500009536743164,10903
1.2603089809417725,10902
1.2701876163482666,10901
1.2865114212036133,10900
1.2963032722473145,10899
1.3064391613006592,10898
1.3167383670806885,10897
1.3264703750610352,10896
1.336717128753662,10895
1.3464174270629883,10894
1.3650035858154297,10893
1.3747406005859375,10892
1.3857078552246094,10891
1.3965263366699219,10890
1.4067633152008057,10889
1.417121410369873,10888
1.426978588104248,10887
1.4372525215148926,10886
1.4564378261566162,10885
1.4666690826416016,10884
1.4767296314239502,10883
1.4869415760040283,10882
1.4969725608825684,10881
1.5073065757751465,10880
1.5190434455871582,10879
1.5325214862823486,10878
1.5430331230163574,10877
1.5533766746520996,10876
1.5634939670562744,10875
1.573962926864624,10874
1.5839545726776123,10873
1.5943050384521484,10872
1.6042726039886475,10871
1.6144592761993408,10870
1.6243209838867188,10869
1.634599208831787,10868
1.6447346210479736,10867
1.6552555561065674,10866
1.6652863025665283,10865
1.6754779815673828,10864
1.6852912902832031,10863
1.6954147815704346,10862
1.705368995666504,10861
1.7159709930419922,10860
1.7260749340057373,10859
1.7363994121551514,10858
1.746260404586792,10857
1.756413221359253,10856
1.766265630722046,10855
1.77638840675354,10854
1.78629732131958,10853
1.796410322189331,10852
1.811988115310669,10851
1.8271222114562988,10850
1.8465874195098877,10849
1.8640739917755127,10848
1.8777720928192139,10847
1.8876383304595947,10846
1.8980340957641602,10845
1.9082574844360352,10844
1.9181668758392334,10843
1.9282901287078857,10842
1.9380695819854736,10841
1.9481651782989502,10840
1.9579308032989502,10839
1.9680507183074951,10838
1.9778547286987305,10837
1.987945795059204,10836
1.9977591037750244,10835
2.013143301010132,10834
2.022995710372925,10833
2.0331051349639893,10832
2.043408155441284,10831
2.053508996963501,10830
2.063776731491089,10829
2.0737338066101074,10828
2.0839662551879883,10827
2.0937607288360596,10826
2.1039748191833496,10825
2.11378812789917,10824
2.124434232711792,10823
2.1345202922821045,10822
2.144775629043579,10821
2.1639556884765625,10820
2.174147844314575,10819
2.1839897632598877,10818
2.1943280696868896,10817
2.2041544914245605,10816
2.2145261764526367,10815
2.233428716659546,10814
2.243938684463501,10813
2.256793975830078,10812
2.2670371532440186,10811
2.277069091796875,10810
2.2874200344085693,10809
2.297358751296997,10808
2.307572364807129,10807
2.3176894187927246,10806
2.327942371368408,10805
2.3379244804382324,10804
2.3481671810150146,10803
2.3769240379333496,10802
2.387286901473999,10801
2.397300958633423,10800
2.407731294631958,10799
2.4177534580230713,10798
2.427959442138672,10797
2.4380650520324707,10796
2.457937240600586,10795
2.4678537845611572,10794
2.477996587753296,10793
2.48785400390625,10792
2.4980127811431885,10791
2.50779390335083,10790
2.5198185443878174,10789
2.5301318168640137,10788
2.5409557819366455,10787
2.550977945327759,10786
2.5613579750061035,10785
2.5712146759033203,10784
2.598092794418335,10783
2.608102321624756,10782
2.632514476776123,10781
2.642728090286255,10780
2.6530678272247314,10779
2.6633310317993164,10778
2.6732542514801025,10777
2.683502197265625,10776
2.6934783458709717,10775
2.703732967376709,10774
2.7138261795043945,10773
2.724198579788208,10772
2.734133720397949,10771
2.7442924976348877,10770
2.7541120052337646,10769
2.764221668243408,10768
2.7740421295166016,10767
2.784210681915283,10766
2.7943387031555176,10765
2.804738759994507,10764
2.8241641521453857,10763
2.8343234062194824,10762
2.850055456161499,10761
2.860374927520752,10760
2.8705034255981445,10759
2.8806629180908203,10758
2.8926002979278564,10757
2.9030632972717285,10756
2.923717975616455,10755
2.9338560104370117,10754
2.944077968597412,10753
2.9541149139404297,10752
2.964308977127075,10751
2.9824109077453613,10750
2.9925827980041504,10749
3.002488851547241,10748
3.0126190185546875,10747
3.0224170684814453,10746
3.0326051712036133,10745
3.0425407886505127,10744
3.059169054031372,10743
3.0691113471984863,10742
3.0792129039764404,10741
3.0894594192504883,10740
3.0996475219726562,10739
3.1099612712860107,10738
3.1198675632476807,10737
3.135327100753784,10736
3.1450960636138916,10735
3.155534505844116,10734
3.165700912475586,10733
3.1755948066711426,10732
3.1857149600982666,10731
3.195676803588867,10730
3.2060093879699707,10729
3.21590256690979,10728
3.2261996269226074,10727
3.2412943840026855,10726
3.251837968826294,10725
3.2620387077331543,10724
3.272455930709839,10723
3.282593250274658,10722
3.2976441383361816,10721
3.3079111576080322,10720
3.323260545730591,10719
3.333271026611328,10718
3.3434081077575684,10717
3.362513303756714,10716
3.3725318908691406,10715
3.3825318813323975,10714
3.392697334289551,10713
3.4028077125549316,10712
3.413339614868164,10711
3.4233591556549072,10710
3.433605670928955,10709
3.4436287879943848,10708
3.454094886779785,10707
3.464240550994873,10706
3.4745419025421143,10705
3.4844107627868652,10704
3.494514226913452,10703
3.5044491291046143,10702
3.5231165885925293,10701
3.542806386947632,10700
3.552842140197754,10699
3.563175916671753,10698
3.5731215476989746,10697
3.5934677124023438,10696
3.603688955307007,10695
3.6138062477111816,10694
3.6366665363311768,10693
3.6551573276519775,10692
3.672044277191162,10691
3.6917083263397217,10690
3.707024335861206,10689
3.7172513008117676,10688
3.7276127338409424,10687
3.7378809452056885,10686
3.753176689147949,10685
3.7634315490722656,10684
3.7735209465026855,10683
3.7837841510772705,10682
3.7937586307525635,10681
3.80401349067688,10680
3.814040184020996,10679
3.824368953704834,10678
3.844188690185547,10677
3.8593027591705322,10676
3.8719422817230225,10675
3.8866190910339355,10674
3.8969788551330566,10673
3.907151699066162,10672
3.917520761489868,10671
3.927525281906128,10670
3.937793493270874,10669
3.957407236099243,10668
3.967223882675171,10667
3.977287769317627,10666
3.987407922744751,10665
4.009968519210815,10664
4.020260572433472,10663
4.03001070022583,10662
4.049962759017944,10661
4.059882640838623,10660
4.0700976848602295,10659
4.080269813537598,10658
4.090080976486206,10657
4.1001458168029785,10656
4.10998797416687,10655
4.120117664337158,10654
4.129988670349121,10653
4.141461372375488,10652
4.151249170303345,10651
4.161498546600342,10650
4.1716835498809814,10649
4.181427001953125,10648
4.191680669784546,10647
4.201504468917847,10646
4.214177370071411,10645
4.224077939987183,10644
4.240281105041504,10643
4.25989842414856,10642
4.269998073577881,10641
4.2802183628082275,10640
4.296959638595581,10639
4.307082891464233,10638
4.3169333934783936,10637
4.334757328033447,10636
4.344570159912109,10635
4.354685544967651,10634
4.371926307678223,10633
4.381937742233276,10632
4.391955614089966,10631
4.402485132217407,10630
4.420408010482788,10629
4.453428506851196,10628
4.4643707275390625,10627
4.477409839630127,10626
4.489183187484741,10625
4.502318620681763,10624
4.512338161468506,10623
4.541962623596191,10622
4.552075147628784,10621
4.562298536300659,10620
4.572327136993408,10619
4.582498073577881,10618
4.592388391494751,10617
4.6026670932769775,10616
4.622388124465942,10615
4.63228702545166,10614
4.6425135135650635,10613
4.6530561447143555,10612
4.663186550140381,10611
4.678401947021484,10610
4.688258647918701,10609
4.698457956314087,10608
4.708631753921509,10607
4.718626260757446,10606
4.728824138641357,10605
4.738798379898071,10604
4.7490057945251465,10603
4.766702175140381,10602
4.777929067611694,10601
4.788647651672363,10600
4.799178123474121,10599
4.809366941452026,10598
4.819610595703125,10597
4.829632997512817,10596
4.849810838699341,10595
4.860018491744995,10594
4.870183706283569,10593
4.8800578117370605,10592
4.890178442001343,10591
4.8999481201171875,10590
4.917752981185913,10589
4.929841756820679,10588
4.93986701965332,10587
4.950139760971069,10586
4.960176467895508,10585
4.970428705215454,10584
4.987112760543823,10583
4.997274398803711,10582
5.012580633163452,10581
5.022785902023315,10580
5.032778024673462,10579
5.043107748031616,10578
5.059897184371948,10577
5.070118188858032,10576
5.098330736160278,10575
5.108445405960083,10574
5.133986711502075,10573
5.1444478034973145,10572
5.1607890129089355,10571
5.170997142791748,10570
5.180725336074829,10569
5.190953731536865,10568
5.200850009918213,10567
5.211030960083008,10566
5.220760345458984,10565
5.2309205532073975,10564
5.240920543670654,10563
5.251605749130249,10562
5.261648893356323,10561
5.271951675415039,10560
5.281788110733032,10559
5.291962385177612,10558
5.312861204147339,10557
5.328736782073975,10556
5.338748455047607,10555
5.356780290603638,10554
5.366564750671387,10553
5.389490842819214,10552
5.403787612915039,10551
5.414074182510376,10550
5.432521343231201,10549
5.442838191986084,10548
5.460458755493164,10547
5.47832727432251,10546
5.494004726409912,10545
5.504140138626099,10544
5.514418840408325,10543
5.525059700012207,10542
5.535503387451172,10541
5.545760154724121,10540
5.556353569030762,10539
5.56671667098999,10538
5.5827648639678955,10537
5.592761039733887,10536
5.603029727935791,10535
5.615429639816284,10534
5.625636577606201,10533
5.663679599761963,10532
5.683852672576904,10531
5.693917512893677,10530
5.7042553424835205,10529
5.714159250259399,10528
5.724482774734497,10527
5.739720821380615,10526
5.750084400177002,10525
5.760263919830322,10524
5.770627737045288,10523
5.780686616897583,10522
5.791082382202148,10521
5.814499139785767,10520
5.824759244918823,10519
5.834773540496826,10518
5.8453209400177,10517
5.855675458908081,10516
5.866192817687988,10515
5.890584945678711,10514
5.9064459800720215,10513
5.92611289024353,10512
5.936001300811768,10511
5.953223466873169,10510
5.967327833175659,10509
5.977299690246582,10508
5.987644195556641,10507
5.99774956703186,10506
6.017670392990112,10505
6.027671813964844,10504
6.048327445983887,10503
6.058659791946411,10502
6.068557977676392,10501
6.087545871734619,10500
6.0974225997924805,10499
6.1110029220581055,10498
6.121168851852417,10497
6.131614446640015,10496
6.141542196273804,10495
6.158344507217407,10494
6.180491924285889,10493
6.193591117858887,10492
6.20349907875061,10491
6.213821649551392,10490
6.223581790924072,10489
6.233761310577393,10488
6.25387167930603,10487
6.2639100551605225,10486
6.279256582260132,10485
6.296039342880249,10484
6.30607795715332,10483
6.316392421722412,10482
6.326462984085083,10481
6.336644411087036,10480
6.346772909164429,10479
6.3570427894592285,10478
6.40288782119751,10477
6.413304805755615,10476
6.4233527183532715,10475
6.4533851146698,10474
6.4662981033325195,10473
6.484018802642822,10472
6.5217461585998535,10471
6.532883882522583,10470
6.546424150466919,10469
6.600835800170898,10468
6.613742828369141,10467
6.624702453613281,10466
6.6413795948028564,10465
6.651890277862549,10464
6.6702563762664795,10463
6.698969125747681,10462
6.709043025970459,10461
6.719762802124023,10460
6.73591947555542,10459
6.745753288269043,10458
6.756156921386719,10457
6.766533851623535,10456
6.776402235031128,10455
6.786631345748901,10454
6.796427488327026,10453
6.815514802932739,10452
6.8254313468933105,10451
6.835805416107178,10450
6.846348285675049,10449
6.856418132781982,10448
6.87656831741333,10447
6.891095399856567,10446
6.901169538497925,10445
6.911498785018921,10444
6.921555519104004,10443
6.9319374561309814,10442
6.942209243774414,10441
6.96247124671936,10440
6.97863507270813,10439
6.988428831100464,10438
7.008363723754883,10437
7.01820707321167,10436
7.035139560699463,10435
7.055700302124023,10434
7.0759055614471436,10433
7.085933446884155,10432
7.0959906578063965,10431
7.117019891738892,10430
7.126938104629517,10429
7.137306451797485,10428
7.14714503288269,10427
7.1665940284729,10426
7.176586627960205,10425
7.186699867248535,10424
7.206437587738037,10423
7.22400689125061,10422
7.2340381145477295,10421
7.255060195922852,10420
7.276426792144775,10419
7.286378622055054,10418
7.314202547073364,10417
7.324212551116943,10416
7.334367513656616,10415
7.377399206161499,10414
7.387560606002808,10413
7.407538414001465,10412
7.4254608154296875,10411
7.435594081878662,10410
7.446183204650879,10409
7.47116756439209,10408
7.504411458969116,10407
7.514652490615845,10406
7.52506160736084,10405
7.5367937088012695,10404
7.546732664108276,10403
7.56307053565979,10402
7.581634283065796,10401
7.5916173458099365,10400
7.602135419845581,10399
7.622137069702148,10398
7.641051292419434,10397
7.656672239303589,10396
7.667082071304321,10395
7.6988160610198975,10394
7.732582092285156,10393
7.742811918258667,10392
7.752538442611694,10391
7.769749641418457,10390
7.779691219329834,10389
7.790118217468262,10388
7.800348520278931,10387
7.810542821884155,10386
7.820941686630249,10385
7.840081691741943,10384
7.85578727722168,10383
7.865827560424805,10382
7.876010417938232,10381
7.886297941207886,10380
7.896243095397949,10379
7.9220075607299805,10378
7.931843042373657,10377
7.942000865936279,10376
7.952228784561157,10375
7.994117736816406,10374
8.021714448928833,10373
8.039251804351807,10372
8.052419662475586,10371
8.062734603881836,10370
8.072728157043457,10369
8.091561794281006,10368
8.101402759552002,10367
8.111581802368164,10366
8.121859312057495,10365
8.13771677017212,10364
8.160895109176636,10363
8.176701545715332,10362
8.186847686767578,10361
8.197097063064575,10360
8.20744252204895,10359
8.217291831970215,10358
8.227514028549194,10357
8.237409591674805,10356
8.257766246795654,10355
8.267848014831543,10354
8.278149604797363,10353
8.289345026016235,10352
8.305485963821411,10351
8.315906524658203,10350
8.326329469680786,10349
8.336459398269653,10348
8.346712827682495,10347
8.356699228286743,10346
8.366977453231812,10345
8.377044439315796,10344
8.395857572555542,10343
8.406158447265625,10342
8.426426887512207,10341
8.457525968551636,10340
8.467730522155762,10339
8.477920055389404,10338
8.499757528305054,10337
8.509599924087524,10336
8.529993295669556,10335
8.554349899291992,10334
8.5690279006958,10333
8.578872919082642,10332
8.595449924468994,10331
8.605338096618652,10330
8.619846105575562,10329
8.630424737930298,10328
8.641059637069702,10327
8.651332378387451,10326
8.661875009536743,10325
8.681631326675415,10324
8.691614866256714,10323
8.701891899108887,10322
8.717169523239136,10321
8.727077960968018,10320
8.737346649169922,10319
8.75436019897461,10318
8.764195203781128,10317
8.782447338104248,10316
8.79264760017395,10315
8.80251431465149,10314
8.824340343475342,10313
8.840264797210693,10312
8.8508780002594,10311
8.861175537109375,10310
8.871683597564697,10309
8.881521701812744,10308
8.900824069976807,10307
8.918645858764648,10306
8.92900562286377,10305
8.939809799194336,10304
8.975332498550415,10303
9.002801179885864,10302
9.012754678726196,10301
9.023046016693115,10300
9.033200025558472,10299
9.043947219848633,10298
9.054250717163086,10297
9.064631938934326,10296
9.085031032562256,10295
9.095275163650513,10294
9.107415437698364,10293
9.12211012840271,10292
9.132078170776367,10291
9.142552614212036,10290
9.152891159057617,10289
9.16305422782898,10288
9.173420667648315,10287
9.183250188827515,10286
9.212695121765137,10285
9.240694522857666,10284
9.251578092575073,10283
9.267793655395508,10282
9.278125047683716,10281
9.288240432739258,10280
9.301786661148071,10279
9.311673641204834,10278
9.323618173599243,10277
9.34290337562561,10276
9.359795093536377,10275
9.379697322845459,10274
9.389708757400513,10273
9.407601118087769,10272
9.417788743972778,10271
9.452983140945435,10270
9.463295698165894,10269
9.473654508590698,10268
9.483551025390625,10267
9.494615077972412,10266
9.517456293106079,10265
9.536035060882568,10264
9.545880556106567,10263
9.571248292922974,10262
9.581143856048584,10261
9.591437339782715,10260
9.601398944854736,10259
9.61186957359314,10258
9.622059345245361,10257
9.639338731765747,10256
9.66011643409729,10255
9.684700727462769,10254
9.711500406265259,10253
9.7256019115448,10252
9.73566484451294,10251
9.74595856666565,10250
9.765401124954224,10249
9.791138410568237,10248
9.806381464004517,10247
9.81657075881958,10246
9.82660698890686,10245
9.843108892440796,10244
9.853605031967163,10243
9.87306261062622,10242
9.883265495300293,10241
9.893491268157959,10240
9.913147687911987,10239
9.923510789871216,10238
9.933320760726929,10237
9.952131271362305,10236
9.975959539413452,10235
9.99954342842102,10234
10.009860754013062,10233
10.019724607467651,10232
10.02985692024231,10231
10.056337118148804,10230
10.093235969543457,10229
10.103309154510498,10228
10.125817060470581,10227
10.143927574157715,10226
10.154420375823975,10225
10.164852380752563,10224
10.175348997116089,10223
10.18578815460205,10222
10.196289300918579,10221
10.216537714004517,10220
10.22675108909607,10219
10.246196985244751,10218
10.263948917388916,10217
10.274375915527344,10216
10.284874200820923,10215
10.30381727218628,10214
10.320945262908936,10213
10.337982177734375,10212
10.348202228546143,10211
10.357998609542847,10210
10.368488311767578,10209
10.400432109832764,10208
10.41934609413147,10207
10.436281442642212,10206
10.446885347366333,10205
10.456900835037231,10204
10.475818157196045,10203
10.485666275024414,10202
10.49584412574768,10201
10.505982875823975,10200
10.516165256500244,10199
10.526688575744629,10198
10.536956071853638,10197
10.555053949356079,10196
10.564939022064209,10195
10.575191259384155,10194
10.6053307056427,10193
10.63482666015625,10192
10.645421981811523,10191
10.655449151992798,10190
10.676000833511353,10189
10.686176776885986,10188
10.696197509765625,10187
10.70643663406372,10186
10.726719856262207,10185
10.736683130264282,10184
10.746729850769043,10183
10.758002996444702,10182
10.777709484100342,10181
10.788514614105225,10180
10.808787822723389,10179
10.818713426589966,10178
10.841362714767456,10177
10.858082056045532,10176
10.8684401512146,10175
10.878265619277954,10174
10.888559579849243,10173
10.906555891036987,10172
10.916906595230103,10171
10.964253664016724,10170
10.985110998153687,10169
11.00028133392334,10168
11.020262956619263,10167
11.030409812927246,10166
11.040676832199097,10165
11.0509352684021,10164
11.069019079208374,10163
11.079090356826782,10162
11.089406251907349,10161
11.122573852539062,10160
11.134777545928955,10159
11.144856214523315,10158
11.154876708984375,10157
11.165047645568848,10156
11.181148767471313,10155
11.191337585449219,10154
11.233181715011597,10153
11.243173837661743,10152
11.263046979904175,10151
11.273148536682129,10150
11.291465044021606,10149
11.301443576812744,10148
11.316423654556274,10147
11.334420442581177,10146
11.352068901062012,10145
11.36197566986084,10144
11.372293472290039,10143
11.391424894332886,10142
11.425313949584961,10141
11.435634851455688,10140
11.446383953094482,10139
11.456872463226318,10138
11.466951847076416,10137
11.495318412780762,10136
11.505298137664795,10135
11.521631240844727,10134
11.550082206726074,10133
11.577196836471558,10132
11.595896482467651,10131
11.605982065200806,10130
11.659005165100098,10129
11.684153318405151,10128
11.69447946548462,10127
11.709963083267212,10126
11.720141172409058,10125
11.747742891311646,10124
11.75767707824707,10123
11.768043279647827,10122
11.777833223342896,10121
11.78812837600708,10120
11.798162460327148,10119
11.813919305801392,10118
11.823934555053711,10117
11.834266185760498,10116
11.870116710662842,10115
11.8870370388031,10114
11.897175312042236,10113
11.909006357192993,10112
11.919425249099731,10111
11.937407493591309,10110
11.947258710861206,10109
11.957460880279541,10108
11.967216968536377,10107
11.9775071144104,10106
11.994118452072144,10105
12.011252403259277,10104
12.030978679656982,10103
12.054093837738037,10102
12.064605712890625,10101
12.081477165222168,10100
12.099916696548462,10099
12.11963701248169,10098
12.162530660629272,10097
12.172910690307617,10096
12.194677591323853,10095
12.215855836868286,10094
12.235741138458252,10093
12.251712322235107,10092
12.261965274810791,10091
12.272286176681519,10090
12.285642385482788,10089
12.29594111442566,10088
12.319308519363403,10087
12.329875707626343,10086
12.339871883392334,10085
12.365680456161499,10084
12.385899066925049,10083
12.396181106567383,10082
12.406663179397583,10081
12.417006492614746,10080
12.438136577606201,10079
12.44887375831604,10078
12.459149360656738,10077
12.469785213470459,10076
12.479862451553345,10075
12.509910345077515,10074
12.532707452774048,10073
12.543385744094849,10072
12.560523748397827,10071
12.5706307888031,10070
12.594698667526245,10069
12.604987382888794,10068
12.648683786392212,10067
12.658961057662964,10066
12.679334878921509,10065
12.68934965133667,10064
12.699761867523193,10063
12.709978103637695,10062
12.720457077026367,10061
12.742961406707764,10060
12.773352146148682,10059
12.787580013275146,10058
12.814980745315552,10057
12.83564829826355,10056
12.863046884536743,10055
12.880771398544312,10054
12.905361413955688,10053
12.915217876434326,10052
12.925556182861328,10051
12.935837984085083,10050
12.971827745437622,10049
12.981759786605835,10048
13.000394582748413,10047
13.010854005813599,10046
13.020720481872559,10045
13.037415981292725,10044
13.047876119613647,10043
13.05837607383728,10042
13.085586309432983,10041
13.105090379714966,10040
13.114899158477783,10039
13.125279664993286,10038
13.14322566986084,10037
13.171947240829468,10036
13.182098388671875,10035
13.192403554916382,10034
13.202316045761108,10033
13.212551832199097,10032
13.22893214225769,10031
13.264400005340576,10030
13.274436235427856,10029
13.284460067749023,10028
13.294891357421875,10027
13.312854290008545,10026
13.343537330627441,10025
13.353555917739868,10024
13.373086929321289,10023
13.382942199707031,10022
13.406316041946411,10021
13.426447868347168,10020
13.450336217880249,10019
13.468580722808838,10018
13.478824853897095,10017
13.48896598815918,10016
13.499168872833252,10015
13.541752099990845,10014
13.552104234695435,10013
13.5637845993042,10012
13.605633735656738,10011
13.61558747291565,10010
13.650245189666748,10009
13.660612344741821,10008
13.670717239379883,10007
13.681087732315063,10006
13.690956830978394,10005
13.708652973175049,10004
13.718589544296265,10003
13.73812198638916,10002
13.748328924179077,10001
13.764171600341797,10000
13.77436900138855,9999
13.78557014465332,9998
13.804850578308105,9997
13.835066080093384,9996
13.85606336593628,9995
13.872458696365356,9994
13.892584323883057,9993
13.902830839157104,9992
13.912952184677124,9991
13.947978258132935,9990
13.968657732009888,9989
14.000075578689575,9988
14.015679121017456,9987
14.050657749176025,9986
14.085472345352173,9985
14.095707654953003,9984
14.106011867523193,9983
14.121891975402832,9982
14.132450342178345,9981
14.157618522644043,9980
14.182661294937134,9979
14.192669868469238,9978
14.206338167190552,9977
14.216413974761963,9976
14.226645469665527,9975
14.255517959594727,9974
14.26585340499878,9973
14.276103973388672,9972
14.286321878433228,9971
14.296153545379639,9970
14.306348085403442,9969
14.326297998428345,9968
14.33619213104248,9967
14.358940124511719,9966
14.379348278045654,9965
14.396635055541992,9964
14.406633853912354,9963
14.438251733779907,9962
14.466314792633057,9961
14.484679222106934,9960
14.494911193847656,9959
14.504738807678223,9958
14.555582523345947,9957
14.589800596237183,9956
14.599839448928833,9955
14.610232830047607,9954
14.620099067687988,9953
14.63735842704773,9952
14.647572755813599,9951
14.657967329025269,9950
14.667868375778198,9949
14.688515186309814,9948
14.727416753768921,9947
14.740224599838257,9946
14.751383304595947,9945
14.810263395309448,9944
14.841923952102661,9943
14.852267503738403,9942
14.862693786621094,9941
14.872618913650513,9940
14.900099992752075,9939
14.91069769859314,9938
14.92593264579773,9937
14.9364492893219,9936
14.951547145843506,9935
14.994637489318848,9934
15.008986473083496,9933
15.04801321029663,9932
15.067941904067993,9931
15.095112800598145,9930
15.115459203720093,9929
15.125527620315552,9928
15.152918815612793,9927
15.171866655349731,9926
15.181972980499268,9925
15.200937271118164,9924
15.211036443710327,9923
15.221482992172241,9922
15.231497287750244,9921
15.299863338470459,9920
15.331559419631958,9919
15.341992855072021,9918
15.351953744888306,9917
15.362193822860718,9916
15.384365558624268,9915
15.394376516342163,9914
15.42572283744812,9913
15.468066453933716,9912
15.478414297103882,9911
15.488638877868652,9910
15.499011039733887,9909
15.509095430374146,9908
15.558128356933594,9907
15.600604057312012,9906
15.610469102859497,9905
15.630627632141113,9904
15.641011476516724,9903
15.661659002304077,9902
15.67973518371582,9901
15.70724105834961,9900
15.717625141143799,9899
15.742441892623901,9898
15.752843618392944,9897
15.763020753860474,9896
15.773308992385864,9895
15.783166885375977,9894
15.795921802520752,9893
15.813070058822632,9892
15.831017971038818,9891
15.851465702056885,9890
15.861584663391113,9889
15.871866464614868,9888
15.903378248214722,9887
15.913223505020142,9886
15.923499345779419,9885
15.940332412719727,9884
15.9629647731781,9883
15.973068237304688,9882
15.994227409362793,9881
16.00646162033081,9880
16.024688243865967,9879
16.05041790008545,9878
16.060955047607422,9877
16.098609924316406,9876
16.108513593673706,9875
16.145395040512085,9874
16.155606269836426,9873
16.19965934753418,9872
16.20989680290222,9871
16.237255573272705,9870
16.255775690078735,9869
16.26579451560974,9868
16.27599310874939,9867
16.293540716171265,9866
16.30354905128479,9865
16.366324424743652,9864
16.377127170562744,9863
16.40828847885132,9862
16.44384217262268,9861
16.468873262405396,9860
16.479880332946777,9859
16.490169763565063,9858
16.500306844711304,9857
16.51061201095581,9856
16.52707862854004,9855
16.543448209762573,9854
16.553464651107788,9853
16.568875789642334,9852
16.590948581695557,9851
16.611488342285156,9850
16.621793508529663,9849
16.635960340499878,9848
16.670575857162476,9847
16.69664168357849,9846
16.706868886947632,9845
16.717121124267578,9844
16.743284463882446,9843
16.753153562545776,9842
16.76329803466797,9841
16.78384494781494,9840
16.79440951347351,9839
16.814298391342163,9838
16.824275970458984,9837
16.85522770881653,9836
16.86563777923584,9835
16.875547409057617,9834
16.88582420349121,9833
16.901102542877197,9832
16.990328073501587,9831
17.000461101531982,9830
17.02559542655945,9829
17.045851230621338,9828
17.056265354156494,9827
17.06650161743164,9826
17.07698392868042,9825
17.087205171585083,9824
17.107439517974854,9823
17.133098602294922,9822
17.14473271369934,9821
17.156116485595703,9820
17.171379566192627,9819
17.208436250686646,9818
17.225070476531982,9817
17.23516845703125,9816
17.27290678024292,9815
17.306390285491943,9814
17.346365690231323,9813
17.356651306152344,9812
17.37002921104431,9811
17.39823269844055,9810
17.408190488815308,9809
17.418342113494873,9808
17.436773777008057,9807
17.447443962097168,9806
17.45784616470337,9805
17.486918210983276,9804
17.533717155456543,9803
17.561461448669434,9802
17.583949327468872,9801
17.609508752822876,9800
17.61954927444458,9799
17.639895915985107,9798
17.650451183319092,9797
17.68168067932129,9796
17.691973447799683,9795
17.70221257209778,9794
17.73638677597046,9793
17.74675440788269,9792
17.757025003433228,9791
17.782024145126343,9790
17.792346000671387,9789
17.802500009536743,9788
17.81277322769165,9787
17.834800481796265,9786
17.847697257995605,9785
17.864494800567627,9784
17.878275632858276,9783
17.888559341430664,9782
17.938676834106445,9781
17.959148168563843,9780
17.973487377166748,9779
17.98996329307556,9778
18.0145161151886,9777
18.034409284591675,9776
18.044967651367188,9775
18.129589796066284,9774
18.155447244644165,9773
18.171287536621094,9772
18.181432962417603,9771
18.202494621276855,9770
18.21282124519348,9769
18.249656915664673,9768
18.2669939994812,9767
18.27722144126892,9766
18.287572860717773,9765
18.297608613967896,9764
18.307942152023315,9763
18.31804871559143,9762
18.329978227615356,9761
18.350197315216064,9760
18.371124267578125,9759
18.38831090927124,9758
18.398241996765137,9757
18.40849542617798,9756
18.42487382888794,9755
18.438652753829956,9754
18.45185875892639,9753
18.46204400062561,9752
18.479898929595947,9751
18.517926454544067,9750
18.57005500793457,9749
18.580572366714478,9748
18.66763973236084,9747
18.677586317062378,9746
18.7015438079834,9745
18.711584329605103,9744
18.72187614440918,9743
18.750711917877197,9742
18.761036157608032,9741
18.771295309066772,9740
18.826207399368286,9739
18.852128744125366,9738
18.86242389678955,9737
18.902470350265503,9736
18.91893982887268,9735
18.929086208343506,9734
18.97337579727173,9733
18.983635187149048,9732
19.00599956512451,9731
19.01684045791626,9730
19.027379512786865,9729
19.047690391540527,9728
19.05781388282776,9727
19.073668956756592,9726
19.092346668243408,9725
19.10243511199951,9724
19.122820377349854,9723
19.141031980514526,9722
19.15818953514099,9721
19.16826844215393,9720
19.182093381881714,9719
19.200701236724854,9718
19.21944546699524,9717
19.2349693775177,9716
19.253264665603638,9715
19.264464855194092,9714
19.282257318496704,9713
19.322793006896973,9712
19.34770369529724,9711
19.35958766937256,9710
19.395156145095825,9709
19.405168771743774,9708
19.41568398475647,9707
19.42558526992798,9706
19.461604833602905,9705
19.471817016601562,9704
19.504095315933228,9703
19.54089045524597,9702
19.55092692375183,9701
19.56781554222107,9700
19.588470220565796,9699
19.605798482894897,9698
19.615903615951538,9697
19.626091480255127,9696
19.650532007217407,9695
19.684245109558105,9694
19.699809312820435,9693
19.709714651107788,9692
19.759382009506226,9691
19.776735305786133,9690
19.786831378936768,9689
19.801434755325317,9688
19.816539764404297,9687
19.845757722854614,9686
19.86439538002014,9685
19.874534368515015,9684
19.892353057861328,9683
19.919218063354492,9682
19.945188522338867,9681
19.955454349517822,9680
19.971993684768677,9679
19.98192286491394,9678
19.99915051460266,9677
20.009159564971924,9676
20.024234294891357,9675
20.034204721450806,9674
20.060728073120117,9673
20.09718632698059,9672
20.107409954071045,9671
20.11731767654419,9670
20.134979724884033,9669
20.145102977752686,9668
20.179882287979126,9667
20.190138578414917,9666
20.235916137695312,9665
20.25853395462036,9664
20.2811758518219,9663
20.294795989990234,9662
20.315940618515015,9661
20.333256006240845,9660
20.35164976119995,9659
20.386072635650635,9658
20.399106740951538,9657
20.409724473953247,9656
20.454076290130615,9655
20.464550733566284,9654
20.482165098190308,9653
20.492567539215088,9652
20.502772569656372,9651
20.535207748413086,9650
20.581555366516113,9649
20.591703414916992,9648
20.626219749450684,9647
20.678428173065186,9646
20.68877863883972,9645
20.716997146606445,9644
20.73489546775818,9643
20.74792218208313,9642
20.75791597366333,9641
20.768199682235718,9640
20.7909414768219,9639
20.832879304885864,9638
20.843122959136963,9637
20.862781286239624,9636
20.873377561569214,9635
20.934905767440796,9634
20.94516658782959,9633
20.955347776412964,9632
20.99610733985901,9631
21.012253999710083,9630
21.079869031906128,9629
21.099778652191162,9628
21.110124349594116,9627
21.139322996139526,9626
21.14928913116455,9625
21.172877073287964,9624
21.254056215286255,9623
21.3004732131958,9622
21.310669422149658,9621
21.320919036865234,9620
21.34174370765686,9619
21.35160994529724,9618
21.37589192390442,9617
21.396158695220947,9616
21.407058477401733,9615
21.417632818222046,9614
21.44380021095276,9613
21.454315900802612,9612
21.46458911895752,9611
21.474867820739746,9610
21.499719858169556,9609
21.51301860809326,9608
21.528005599975586,9607
21.557960033416748,9606
21.587369441986084,9605
21.59770894050598,9604
21.61434006690979,9603
21.62979769706726,9602
21.664475917816162,9601
21.675236701965332,9600
21.705628395080566,9599
21.72738003730774,9598
21.737415075302124,9597
21.747724771499634,9596
21.764519691467285,9595
21.786190509796143,9594
21.796264171600342,9593
21.80662989616394,9592
21.826866149902344,9591
21.837294101715088,9590
21.876174211502075,9589
21.886519193649292,9588
21.896775722503662,9587
21.90730047225952,9586
21.933502674102783,9585
21.94412350654602,9584
21.984150171279907,9583
21.99435830116272,9582
22.013176441192627,9581
22.0441153049469,9580
22.054253339767456,9579
22.064725875854492,9578
22.096121311187744,9577
22.106119632720947,9576
22.125646352767944,9575
22.14562439918518,9574
22.15578317642212,9573
22.16629433631897,9572
22.197412252426147,9571
22.207959413528442,9570
22.242582082748413,9569
22.27022933959961,9568
22.280438899993896,9567
22.299833297729492,9566
22.314175605773926,9565
22.324143648147583,9564
22.344390392303467,9563
22.354708909988403,9562
22.397863149642944,9561
22.43485164642334,9560
22.44525146484375,9559
22.499187469482422,9558
22.51343607902527,9557
22.524131059646606,9556
22.547976970672607,9555
22.563809633255005,9554
22.574060440063477,9553
22.606192350387573,9552
22.61688232421875,9551
22.63503861427307,9550
22.66407537460327,9549
22.681286573410034,9548
22.701575994491577,9547
22.711729049682617,9546
22.75401473045349,9545
22.771589279174805,9544
22.790274620056152,9543
22.801383018493652,9542
22.811294078826904,9541
22.82882308959961,9540
22.838913202285767,9539
22.850030422210693,9538
22.86018443107605,9537
22.88365364074707,9536
22.91818380355835,9535
22.94652509689331,9534
22.970592260360718,9533
22.997462272644043,9532
23.018985271453857,9531
23.029406309127808,9530
23.05870485305786,9529
23.137962579727173,9528
23.14824891090393,9527
23.175355195999146,9526
23.206603527069092,9525
23.217809677124023,9524
23.237760305404663,9523
23.250094413757324,9522
23.268359422683716,9521
23.29641890525818,9520
23.306642293930054,9519
23.316972970962524,9518
23.327043294906616,9517
23.33743643760681,9516
23.347368478775024,9515
23.357566833496094,9514
23.367471933364868,9513
23.38137173652649,9512
23.397838354110718,9511
23.408133029937744,9510
23.418370246887207,9509
23.443971157073975,9508
23.472132682800293,9507
23.48247003555298,9506
23.497664213180542,9505
23.516937255859375,9504
23.53707265853882,9503
23.547234296798706,9502
23.562324285507202,9501
23.582211017608643,9500
23.600859880447388,9499
23.611051321029663,9498
23.62974238395691,9497
23.649760484695435,9496
23.659802675247192,9495
23.71759295463562,9494
23.72780704498291,9493
23.737977743148804,9492
23.7486093044281,9491
23.758699893951416,9490
23.785595655441284,9489
23.795631408691406,9488
23.822023630142212,9487
23.852789640426636,9486
23.86862874031067,9485
23.878854513168335,9484
23.90614104270935,9483
23.916649341583252,9482
23.927241802215576,9481
23.989178895950317,9480
24.02698040008545,9479
24.037274837493896,9478
24.054747819900513,9477
24.064744472503662,9476
24.08135199546814,9475
24.13371181488037,9474
24.14395785331726,9473
24.15641689300537,9472
24.173398733139038,9471
24.20832324028015,9470
24.250850915908813,9469
24.270891427993774,9468
24.283636331558228,9467
24.293885946273804,9466
24.304284811019897,9465
24.322736263275146,9464
24.353737831115723,9463
24.38009214401245,9462
24.412583589553833,9461
24.431984186172485,9460
24.442218780517578,9459
24.461900234222412,9458
24.47681975364685,9457
24.54594397544861,9456
24.556145191192627,9455
24.581418752670288,9454
24.591856956481934,9453
24.657081127166748,9452
24.66990327835083,9451
24.6988627910614,9450
24.729172468185425,9449
24.745071172714233,9448
24.762577533721924,9447
24.80278182029724,9446
24.813272953033447,9445
24.825843572616577,9444
24.87459945678711,9443
24.916611671447754,9442
24.938687324523926,9441
24.971943378448486,9440
24.982154846191406,9439
25.037687063217163,9438
25.048402786254883,9437
25.10698914527893,9436
25.11709475517273,9435
25.12762761116028,9434
25.144484043121338,9433
25.154377698898315,9432
25.19964575767517,9431
25.219299793243408,9430
25.229392766952515,9429
25.239854097366333,9428
25.257519245147705,9427
25.294297456741333,9426
25.378750324249268,9425
25.42447280883789,9424
25.465506553649902,9423
25.502159595489502,9422
25.51203751564026,9421
25.532182216644287,9420
25.561979055404663,9419
25.588950395584106,9418
25.599055767059326,9417
25.614688873291016,9416
25.666867971420288,9415
25.697059154510498,9414
25.70758056640625,9413
25.73764657974243,9412
25.74805974960327,9411
25.76399064064026,9410
25.774242639541626,9409
25.794466972351074,9408
25.825225830078125,9407
25.878825902938843,9406
25.898927688598633,9405
25.909263849258423,9404
25.919456243515015,9403
25.929844617843628,9402
25.939844846725464,9401
25.95694088935852,9400
25.97044014930725,9399
25.98260188102722,9398
26.038769006729126,9397
26.049396991729736,9396
26.069475412368774,9395
26.079843282699585,9394
26.094955682754517,9393
26.113016605377197,9392
26.15013074874878,9391
26.26492714881897,9390
26.355751037597656,9389
26.375409841537476,9388
26.400108337402344,9387
26.424007415771484,9386
26.462000370025635,9385
26.47655725479126,9384
26.489872932434082,9383
26.582956314086914,9382
26.608611583709717,9381
26.62012004852295,9380
26.630412817001343,9379
26.653825044631958,9378
26.6954448223114,9377
26.705553770065308,9376
26.715912580490112,9375
26.72588586807251,9374
26.761503219604492,9373
26.828125476837158,9372
26.838398694992065,9371
26.88338589668274,9370
26.90895986557007,9369
26.94461178779602,9368
26.979724884033203,9367
27.020664930343628,9366
27.065966367721558,9365
27.076252222061157,9364
27.122933387756348,9363
27.132803201675415,9362
27.163793563842773,9361
27.174064874649048,9360
27.19613003730774,9359
27.225045204162598,9358
27.315979719161987,9357
27.326133728027344,9356
27.3578462600708,9355
27.39165711402893,9354
27.40199041366577,9353
27.415534257888794,9352
27.447763919830322,9351
27.47726011276245,9350
27.495309829711914,9349
27.505242824554443,9348
27.51555895805359,9347
27.537992238998413,9346
27.55447793006897,9345
27.56442093849182,9344
27.58011555671692,9343
27.625781297683716,9342
27.646623849868774,9341
27.6620192527771,9340
27.68679451942444,9339
27.71208357810974,9338
27.725008964538574,9337
27.754722356796265,9336
27.791064739227295,9335
27.805021286010742,9334
27.84407067298889,9333
27.864818811416626,9332
27.917818784713745,9331
27.94580602645874,9330
27.970158576965332,9329
27.99784517288208,9328
28.02757692337036,9327
28.037946701049805,9326
28.07141423225403,9325
28.08952260017395,9324
28.148656845092773,9323
28.172213792800903,9322
28.232628345489502,9321
28.242903470993042,9320
28.26355504989624,9319
28.286861419677734,9318
28.297008275985718,9317
28.33828592300415,9316
28.373550415039062,9315
28.39143133163452,9314
28.411651372909546,9313
28.421720027923584,9312
28.448856830596924,9311
28.476502895355225,9310
28.52704954147339,9309
28.547192811965942,9308
28.557384729385376,9307
28.576416730880737,9306
28.586278200149536,9305
28.698293447494507,9304
28.74066424369812,9303
28.75066113471985,9302
28.778777360916138,9301
28.790145874023438,9300
28.826805353164673,9299
28.87952756881714,9298
28.90021014213562,9297
28.94127106666565,9296
28.97020959854126,9295
29.023740768432617,9294
29.03415822982788,9293
29.044677019119263,9292
29.055187702178955,9291
29.06521964073181,9290
29.08561658859253,9289
29.095860719680786,9288
29.106000185012817,9287
29.116398572921753,9286
29.144030809402466,9285
29.154309034347534,9284
29.179752111434937,9283
29.21891736984253,9282
29.237152814865112,9281
29.25414228439331,9280
29.290518045425415,9279
29.300657510757446,9278
29.313110828399658,9277
29.33307671546936,9276
29.3990261554718,9275
29.422839403152466,9274
29.454177618026733,9273
29.500457525253296,9272
29.511836290359497,9271
29.53202176094055,9270
29.542245388031006,9269
29.61279559135437,9268
29.671990394592285,9267
29.69284701347351,9266
29.70751190185547,9265
29.717578887939453,9264
29.736860513687134,9263
29.783185720443726,9262
29.793477773666382,9261
29.815595626831055,9260
29.82582998275757,9259
29.861708164215088,9258
29.888852834701538,9257
29.900002002716064,9256
29.937538623809814,9255
29.949415922164917,9254
29.96669101715088,9253
29.989492177963257,9252
29.999501705169678,9251
30.0348162651062,9250
30.058591604232788,9249
30.100972890853882,9248
30.151087760925293,9247
30.161452054977417,9246
30.17162823677063,9245
30.18189024925232,9244
30.191892385482788,9243
30.213658571243286,9242
30.233004093170166,9241
30.255664348602295,9240
30.27366042137146,9239
30.28365731239319,9238
30.298176527023315,9237
30.308172702789307,9236
30.318517923355103,9235
30.32889461517334,9234
30.34722375869751,9233
30.35772156715393,9232
30.36778211593628,9231
30.378121852874756,9230
30.388026475906372,9229
30.420003414154053,9228
30.441614866256714,9227
30.45742154121399,9226
30.484676837921143,9225
30.538698196411133,9224
30.56435775756836,9223
30.581848859786987,9222
30.60233736038208,9221
30.622564554214478,9220
30.675243377685547,9219
30.705634832382202,9218
30.73725652694702,9217
30.783456802368164,9216
30.793733596801758,9215
30.807848691940308,9214
30.882097005844116,9213
31.018767595291138,9212
31.028691291809082,9211
31.044002294540405,9210
31.060826539993286,9209
31.10351586341858,9208
31.202215671539307,9207
31.232978582382202,9206
31.243101596832275,9205
31.25382661819458,9204
31.272794008255005,9203
31.283169507980347,9202
31.308778762817383,9201
31.346160173416138,9200
31.389754056930542,9199
31.400768995285034,9198
31.415578603744507,9197
31.45634365081787,9196
31.477411031723022,9195
31.536064624786377,9194
31.568797826766968,9193
31.604485034942627,9192
31.655578136444092,9191
31.676217079162598,9190
31.6978919506073,9189
31.72954034805298,9188
31.76615834236145,9187
31.785966634750366,9186
31.80112910270691,9185
31.825291633605957,9184
31.86478614807129,9183
31.925872802734375,9182
31.957035064697266,9181
31.97955060005188,9180
32.082951068878174,9179
32.09329891204834,9178
32.124897956848145,9177
32.1493821144104,9176
32.16035747528076,9175
32.170576333999634,9174
32.2073757648468,9173
32.23910665512085,9172
32.27074670791626,9171
32.34850478172302,9170
32.35841512680054,9169
32.36867570877075,9168
32.428773403167725,9167
32.441264390945435,9166
32.4519202709198,9165
32.462352991104126,9164
32.491487979888916,9163
32.50442171096802,9162
32.51454734802246,9161
32.538368225097656,9160
32.56323838233948,9159
32.573256969451904,9158
32.58363437652588,9157
32.61168193817139,9156
32.629321813583374,9155
32.639496088027954,9154
32.650166034698486,9153
32.661065101623535,9152
32.68638229370117,9151
32.73113751411438,9150
32.74163508415222,9149
32.75196290016174,9148
32.78375601768494,9147
32.82148861885071,9146
32.85181283950806,9145
32.86945676803589,9144
32.88637900352478,9143
32.979867935180664,9142
32.99135732650757,9141
33.00819659233093,9140
33.02595376968384,9139
33.03602957725525,9138
33.04680037498474,9137
33.083659410476685,9136
33.16769623756409,9135
33.180978536605835,9134
33.19132375717163,9133
33.20158267021179,9132
33.214181900024414,9131
33.232104539871216,9130
33.2422080039978,9129
33.25745701789856,9128
33.303126096725464,9127
33.32864856719971,9126
33.35274267196655,9125
33.372976541519165,9124
33.38515639305115,9123
33.63695406913757,9122
33.65701746940613,9121
33.73461031913757,9120
33.80685496330261,9119
33.830769777297974,9118
33.84883785247803,9117
33.891457319259644,9116
33.90172457695007,9115
33.9116644859314,9114
33.98122692108154,9113
34.0218391418457,9112
34.04126977920532,9111
34.09187150001526,9110
34.10203456878662,9109
34.11638689041138,9108
34.12719416618347,9107
34.177873611450195,9106
34.223307847976685,9105
34.23360276222229,9104
34.28305697441101,9103
34.30439853668213,9102
34.33236265182495,9101
34.34817337989807,9100
34.441667556762695,9099
34.46607708930969,9098
34.476653814315796,9097
34.66079592704773,9096
34.696051597595215,9095
34.70637392997742,9094
34.72069954872131,9093
34.798699378967285,9092
34.8735294342041,9091
34.886319398880005,9090
34.9341242313385,9089
34.99087572097778,9088
35.00136756896973,9087
35.043113470077515,9086
35.06123089790344,9085
35.09273290634155,9084
35.135478019714355,9083
35.150954723358154,9082
35.16092228889465,9081
35.17124032974243,9080
35.18158292770386,9079
35.255478620529175,9078
35.3626811504364,9077
35.396668672561646,9076
35.41201305389404,9075
35.422016620635986,9074
35.44241142272949,9073
35.460222005844116,9072
35.48382925987244,9071
35.49982023239136,9070
35.5355863571167,9069
35.54597997665405,9068
35.56737494468689,9067
35.58738684654236,9066
35.59734487533569,9065
35.6183545589447,9064
35.6527042388916,9063
35.68667721748352,9062
35.7017924785614,9061
35.71787762641907,9060
35.744081020355225,9059
35.754547119140625,9058
35.773117542266846,9057
35.7934844493866,9056
35.80373740196228,9055
35.813852310180664,9054
35.85660004615784,9053
35.87700343132019,9052
35.88703465461731,9051
35.95139980316162,9050
35.96166944503784,9049
35.97221064567566,9048
36.00284171104431,9047
36.01319670677185,9046
36.03213596343994,9045
36.04724740982056,9044
36.06305718421936,9043
36.08179712295532,9042
36.115145444869995,9041
36.13596749305725,9040
36.146337032318115,9039
36.16218066215515,9038
36.198559045791626,9037
36.23924660682678,9036
36.254589557647705,9035
36.37335515022278,9034
36.39587903022766,9033
36.40673851966858,9032
36.46345615386963,9031
36.48197102546692,9030
36.53084349632263,9029
36.54864192008972,9028
36.57628631591797,9027
36.60625505447388,9026
36.66568040847778,9025
36.714191913604736,9024
36.76199269294739,9023
36.772491216659546,9022
36.78270435333252,9021
36.815003633499146,9020
36.824965476989746,9019
36.85299038887024,9018
36.871105432510376,9017
36.894341468811035,9016
36.90480375289917,9015
36.975733280181885,9014
36.98587989807129,9013
37.004294872283936,9012
37.07535910606384,9011
37.08958101272583,9010
37.16107153892517,9009
37.1805100440979,9008
37.23177886009216,9007
37.242079973220825,9006
37.2528932094574,9005
37.27202820777893,9004
37.28824329376221,9003
37.34318280220032,9002
37.37292838096619,9001
37.390456438064575,9000
37.44798755645752,8999
37.464662313461304,8998
37.51836538314819,8997
37.54707717895508,8996
37.59496521949768,8995
37.634684324264526,8994
37.64527893066406,8993
37.691778898239136,8992
37.730186462402344,8991
37.740225315093994,8990
37.772308588027954,8989
37.81049704551697,8988
37.83584403991699,8987
37.881632804870605,8986
37.930293798446655,8985
37.95666694641113,8984
37.97383427619934,8983
37.984371185302734,8982
38.00459957122803,8981
38.02855324745178,8980
38.06844925880432,8979
38.093931436538696,8978
38.10386085510254,8977
38.13525938987732,8976
38.17283916473389,8975
38.19412279129028,8974
38.204668283462524,8973
38.21498250961304,8972
38.22939395904541,8971
38.27788710594177,8970
38.32775282859802,8969
38.34639048576355,8968
38.35661792755127,8967
38.40291976928711,8966
38.46476650238037,8965
38.48714327812195,8964
38.49744415283203,8963
38.52732801437378,8962
38.538164377212524,8961
38.561257123947144,8960
38.58205008506775,8959
38.60849380493164,8958
38.628244400024414,8957
38.667834758758545,8956
38.711148500442505,8955
38.732187032699585,8954
38.807992458343506,8953
38.842942237854004,8952
38.8974289894104,8951
38.90736627578735,8950
38.91825079917908,8949
38.95447039604187,8948
38.985584020614624,8947
39.007468700408936,8946
39.02778625488281,8945
39.03845524787903,8944
39.067044258117676,8943
39.08478236198425,8942
39.09555506706238,8941
39.11552333831787,8940
39.15418457984924,8939
39.22603940963745,8938
39.2678017616272,8937
39.3321967124939,8936
39.34871315956116,8935
39.37819170951843,8934
39.412174224853516,8933
39.423583030700684,8932
39.45021033287048,8931
39.47457146644592,8930
39.53274440765381,8929
39.55894088745117,8928
39.58855748176575,8927
39.67950630187988,8926
39.74912977218628,8925
39.759284257888794,8924
39.78789949417114,8923
39.80710816383362,8922
39.81746983528137,8921
39.85137391090393,8920
39.86213207244873,8919
39.872673749923706,8918
39.89346790313721,8917
39.9530611038208,8916
39.96336126327515,8915
40.00370526313782,8914
40.04525399208069,8913
40.09817624092102,8912
40.13282036781311,8911
40.17557740211487,8910
40.18579959869385,8909
40.20589733123779,8908
40.216163873672485,8907
40.305447578430176,8906
40.35011839866638,8905
40.366405725479126,8904
40.413984537124634,8903
40.42428469657898,8902
40.434736251831055,8901
40.46744751930237,8900
40.49608135223389,8899
40.511831760406494,8898
40.52229046821594,8897
40.54659414291382,8896
40.579237937927246,8895
40.595458030700684,8894
40.653932094573975,8893
40.68095898628235,8892
40.71639943122864,8891
40.73567843437195,8890
40.754554271698,8889
40.794978857040405,8888
40.805328130722046,8887
40.8159499168396,8886
40.875813722610474,8885
40.88707137107849,8884
40.92658305168152,8883
40.943071603775024,8882
40.95317888259888,8881
40.97353911399841,8880
40.9943904876709,8879
41.010390520095825,8878
41.050177812576294,8877
41.078452825546265,8876
41.0981342792511,8875
41.108094215393066,8874
41.15489077568054,8873
41.18149948120117,8872
41.191901206970215,8871
41.20351958274841,8870
41.364585161209106,8869
41.43989682197571,8868
41.476308822631836,8867
41.56168508529663,8866
41.58410167694092,8865
41.59881019592285,8864
41.60902714729309,8863
41.65653109550476,8862
41.70541739463806,8861
41.73064398765564,8860
41.815754652023315,8859
41.82607984542847,8858
41.857266664505005,8857
41.870638370513916,8856
41.9109902381897,8855
41.931193351745605,8854
41.941471576690674,8853
41.97615599632263,8852
42.000136852264404,8851
42.01009821891785,8850
42.020721673965454,8849
42.08301520347595,8848
42.154898166656494,8847
42.27528500556946,8846
42.33909511566162,8845
42.39986062049866,8844
42.41031885147095,8843
42.42481207847595,8842
42.49019742012024,8841
42.50534629821777,8840
42.57849836349487,8839
42.600998878479004,8838
42.64302086830139,8837
42.69002652168274,8836
42.732402086257935,8835
42.77110314369202,8834
42.80611324310303,8833
42.81657576560974,8832
42.912044048309326,8831
42.94632816314697,8830
42.99653077125549,8829
43.00684428215027,8828
43.06397080421448,8827
43.09551548957825,8826
43.19356083869934,8825
43.26665806770325,8824
43.32227063179016,8823
43.33270072937012,8822
43.35240149497986,8821
43.37313985824585,8820
43.40087342262268,8819
43.4110894203186,8818
43.45215702056885,8817
43.47061491012573,8816
43.50072240829468,8815
43.51109504699707,8814
43.5481014251709,8813
43.558571577072144,8812
43.670334339141846,8811
43.7278847694397,8810
43.78711676597595,8809
43.80736827850342,8808
43.81749939918518,8807
43.82779240608215,8806
43.83879065513611,8805
43.84949016571045,8804
43.894381046295166,8803
43.91677522659302,8802
43.92693758010864,8801
43.95996356010437,8800
43.98345494270325,8799
44.060595989227295,8798
44.114885330200195,8797
44.173311948776245,8796
44.24111747741699,8795
44.261982679367065,8794
44.331984519958496,8793
44.4164719581604,8792
44.48780965805054,8791
44.53072261810303,8790
44.56200647354126,8789
44.60985445976257,8788
44.638203382492065,8787
44.66930031776428,8786
44.67976403236389,8785
44.68992257118225,8784
44.70709490776062,8783
44.726985454559326,8782
44.8562126159668,8781
45.05261516571045,8780
45.075862884521484,8779
45.10605573654175,8778
45.15749502182007,8777
45.1678147315979,8776
45.17797565460205,8775
45.20904755592346,8774
45.283451557159424,8773
45.30263590812683,8772
45.31519317626953,8771
45.38144826889038,8770
45.39139103889465,8769
45.402003049850464,8768
45.428934812545776,8767
45.44635200500488,8766
45.46664524078369,8765
45.50614261627197,8764
45.548558712005615,8763
45.55857181549072,8762
45.62927579879761,8761
45.63994860649109,8760
45.680912733078,8759
45.71068072319031,8758
45.746769189834595,8757
45.79212021827698,8756
45.802616119384766,8755
45.82356071472168,8754
45.8420193195343,8753
45.85246753692627,8752
45.86627745628357,8751
45.876434087753296,8750
45.893598318099976,8749
45.95536971092224,8748
45.998737812042236,8747
46.00943732261658,8746
46.03982734680176,8745
46.08140206336975,8744
46.091413259506226,8743
46.10494947433472,8742
46.14823293685913,8741
46.181434869766235,8740
46.31569766998291,8739
46.36775255203247,8738
46.390750885009766,8737
46.43173813819885,8736
46.488560914993286,8735
46.550211668014526,8734
46.61962866783142,8733
46.69491672515869,8732
46.71527123451233,8731
46.74094295501709,8730
46.78520655632019,8729
46.83085060119629,8728
46.90390419960022,8727
46.919981956481934,8726
47.00778007507324,8725
47.04003882408142,8724
47.073326110839844,8723
47.3588662147522,8722
47.36904048919678,8721
47.43110179901123,8720
47.449124574661255,8719
47.45978856086731,8718
47.48189926147461,8717
47.4932165145874,8716
47.50348711013794,8715
47.55976605415344,8714
47.60582685470581,8713
47.61775326728821,8712
47.62819790840149,8711
47.71233010292053,8710
47.74840474128723,8709
47.766743659973145,8708
47.816150426864624,8707
47.83256149291992,8706
47.85954523086548,8705
47.87631797790527,8704
47.96471571922302,8703
47.97503709793091,8702
48.060433864593506,8701
48.07086133956909,8700
48.09373474121094,8699
48.1141722202301,8698
48.2015438079834,8697
48.29939246177673,8696
48.33512282371521,8695
48.34513831138611,8694
48.420655250549316,8693
48.435473918914795,8692
48.480992794036865,8691
48.51317644119263,8690
48.52810192108154,8689
48.557087659835815,8688
48.5826473236084,8687
48.61550283432007,8686
48.6256582736969,8685
48.672964334487915,8684
48.71709990501404,8683
48.83279299736023,8682
48.855056047439575,8681
48.95950198173523,8680
48.981647968292236,8679
48.99160027503967,8678
49.006160497665405,8677
49.03220200538635,8676
49.07808256149292,8675
49.10346031188965,8674
49.12732124328613,8673
49.181581258773804,8672
49.3028244972229,8671
49.441182374954224,8670
49.48356366157532,8669
49.52188158035278,8668
49.53218150138855,8667
49.55263805389404,8666
49.5813410282135,8665
49.64499092102051,8664
49.66545653343201,8663
49.784918546676636,8662
49.83473825454712,8661
49.94992804527283,8660
50.039512157440186,8659
50.09274077415466,8658
50.10333013534546,8657
50.132713317871094,8656
50.169891357421875,8655
50.19121026992798,8654
50.21684765815735,8653
50.29387450218201,8652
50.31301927566528,8651
50.32305121421814,8650
50.36772298812866,8649
50.377647161483765,8648
50.43129563331604,8647
50.44190835952759,8646
50.4716432094574,8645
50.492207050323486,8644
50.57459592819214,8643
50.651084184646606,8642
50.68615460395813,8641
50.71332001686096,8640
50.77025079727173,8639
50.8260018825531,8638
50.935447454452515,8637
50.965330839157104,8636
50.98575305938721,8635
51.05807662010193,8634
51.08309578895569,8633
51.18537712097168,8632
51.22616910934448,8631
51.23670673370361,8630
51.28091049194336,8629
51.314932107925415,8628
51.416056632995605,8627
51.436014890670776,8626
51.44642639160156,8625
51.56703805923462,8624
51.60161638259888,8623
51.66419506072998,8622
51.758347511291504,8621
51.79151654243469,8620
51.88543081283569,8619
51.939393281936646,8618
51.96411085128784,8617
51.98355746269226,8616
52.01858687400818,8615
52.06058931350708,8614
52.081202030181885,8613
52.11195921897888,8612
52.13697671890259,8611
52.147430658340454,8610
52.17526149749756,8609
52.200944662094116,8608
52.211297273635864,8607
52.221654415130615,8606
52.240201234817505,8605
52.251030683517456,8604
52.458964586257935,8603
52.469478607177734,8602
52.49035310745239,8601
52.5150146484375,8600
52.52510070800781,8599
52.56999492645264,8598
52.58809471130371,8597
52.710495471954346,8596
52.74749159812927,8595
52.7708580493927,8594
52.829899311065674,8593
52.8406720161438,8592
52.96611475944519,8591
53.08823013305664,8590
53.15042686462402,8589
53.24444651603699,8588
53.25502824783325,8587
53.26844596862793,8586
53.27894973754883,8585
53.28925156593323,8584
53.31439781188965,8583
53.36911392211914,8582
53.4249005317688,8581
53.44577884674072,8580
53.46660041809082,8579
53.60950684547424,8578
53.70494318008423,8577
53.75193810462952,8576
53.77242302894592,8575
53.81629538536072,8574
53.83306860923767,8573
53.98300552368164,8572
54.15739941596985,8571
54.18431806564331,8570
54.20635724067688,8569
54.2178750038147,8568
54.26385283470154,8567
54.2968430519104,8566
54.39049220085144,8565
54.421306848526,8564
54.44630765914917,8563
54.456894874572754,8562
54.48979187011719,8561
54.50009608268738,8560
54.68995499610901,8559
54.79230737686157,8558
54.8057587146759,8557
54.82626032829285,8556
54.8365638256073,8555
54.85452342033386,8554
54.91755151748657,8553
54.97106432914734,8552
54.98149228096008,8551
54.99929761886597,8550
55.00978755950928,8549
55.06924748420715,8548
55.0966534614563,8547
55.11943531036377,8546
55.12984609603882,8545
55.22610116004944,8544
55.30417728424072,8543
55.43967843055725,8542
55.50046133995056,8541
55.51592755317688,8540
55.52736949920654,8539
55.55600023269653,8538
55.58394193649292,8537
55.64222049713135,8536
55.79530596733093,8535
55.80570888519287,8534
55.81601691246033,8533
55.88595128059387,8532
55.90453767776489,8531
55.99421167373657,8530
56.039458990097046,8529
56.09358096122742,8528
56.11084318161011,8527
56.18275785446167,8526
56.26236534118652,8525
56.29143953323364,8524
56.31204390525818,8523
56.4207661151886,8522
56.539161920547485,8521
56.55989193916321,8520
56.590927839279175,8519
56.770333766937256,8518
56.81664752960205,8517
56.82695508003235,8516
56.88887023925781,8515
56.930556535720825,8514
56.953617572784424,8513
57.01839637756348,8512
57.05440664291382,8511
57.064934968948364,8510
57.11621975898743,8509
57.13649034500122,8508
57.2109317779541,8507
57.22773742675781,8506
57.34843945503235,8505
57.38837265968323,8504
57.43305563926697,8503
57.458181619644165,8502
57.47902774810791,8501
57.48929214477539,8500
57.52894043922424,8499
57.539334535598755,8498
57.59351325035095,8497
57.64933204650879,8496
57.69623804092407,8495
57.71676015853882,8494
57.813594341278076,8493
57.83359360694885,8492
57.882734537124634,8491
57.935834646224976,8490
58.00543141365051,8489
58.09464168548584,8488
58.115116357803345,8487
58.17665123939514,8486
58.206207036972046,8485
58.32685160636902,8484
58.347301959991455,8483
58.364298582077026,8482
58.39451837539673,8481
58.52080416679382,8480
58.60275912284851,8479
58.71228361129761,8478
58.734031438827515,8477
58.76403069496155,8476
58.78295111656189,8475
58.80043339729309,8474
58.81440830230713,8473
58.83639597892761,8472
58.85736966133118,8471
58.87597584724426,8470
58.928694009780884,8469
58.96563720703125,8468
59.02300548553467,8467
59.033196449279785,8466
59.06579637527466,8465
59.173327684402466,8464
59.25339412689209,8463
59.26525092124939,8462
59.29192924499512,8461
59.313430070877075,8460
59.365692377090454,8459
59.37700438499451,8458
59.40585803985596,8457
59.45342826843262,8456
59.50056719779968,8455
59.55686688423157,8454
59.62391805648804,8453
59.710195541381836,8452
59.74584937095642,8451
59.76459193229675,8450
59.835012674331665,8449
59.8969783782959,8448
59.94131875038147,8447
60.00988173484802,8446
60.05993032455444,8445
60.07000994682312,8444
60.23703408241272,8443
60.28209662437439,8442
60.29269862174988,8441
60.352835178375244,8440
60.43357014656067,8439
60.478607416152954,8438
60.506115674972534,8437
60.65197443962097,8436
60.71689987182617,8435
60.72748804092407,8434
60.95691537857056,8433
61.0241162776947,8432
61.15715789794922,8431
61.29377365112305,8430
61.339919567108154,8429
61.40559673309326,8428
61.46118688583374,8427
61.5185751914978,8426
61.72902059555054,8425
61.73948073387146,8424
61.749778747558594,8423
61.78533387184143,8422
61.89703941345215,8421
61.92557501792908,8420
61.97385549545288,8419
62.04008960723877,8418
62.13119721412659,8417
62.159865379333496,8416
62.208475828170776,8415
62.23874020576477,8414
62.38290977478027,8413
62.40277433395386,8412
62.477374792099,8411
62.48783230781555,8410
62.5663480758667,8409
62.69603991508484,8408
62.74654507637024,8407
62.77045512199402,8406
62.79110407829285,8405
62.83773756027222,8404
62.924540996551514,8403
62.98939037322998,8402
63.00476789474487,8401
63.09057855606079,8400
63.10114598274231,8399
63.13902044296265,8398
63.16352081298828,8397
63.257588386535645,8396
63.348501682281494,8395
63.37522888183594,8394
63.51689338684082,8393
63.620946168899536,8392
63.814690828323364,8391
63.84382200241089,8390
63.86229991912842,8389
63.899383306503296,8388
64.0632073879242,8387
64.08874845504761,8386
64.10900092124939,8385
64.16766595840454,8384
64.31143045425415,8383
64.32671594619751,8382
64.4026529788971,8381
64.413076877594,8380
64.44782376289368,8379
64.53089380264282,8378
64.72097039222717,8377
64.76094055175781,8376
64.77159881591797,8375
64.79054594039917,8374
64.8333683013916,8373
65.00765442848206,8372
65.0350251197815,8371
65.07957768440247,8370
65.13982558250427,8369
65.21295356750488,8368
65.22295236587524,8367
65.30471301078796,8366
65.48393487930298,8365
65.53184938430786,8364
65.54795455932617,8363
65.56764912605286,8362
65.59819197654724,8361
65.63191652297974,8360
65.68683171272278,8359
65.72591376304626,8358
65.74278330802917,8357
65.85569071769714,8356
65.89109015464783,8355
65.955007314682,8354
65.97550678253174,8353
66.02003216743469,8352
66.03376841545105,8351
66.05258965492249,8350
66.10636615753174,8349
66.17288589477539,8348
66.23630356788635,8347
66.26850295066833,8346
66.2843074798584,8345
66.36839461326599,8344
66.37866449356079,8343
66.44536757469177,8342
66.47625851631165,8341
66.56102991104126,8340
66.5713722705841,8339
66.64076733589172,8338
66.7800509929657,8337
66.96143770217896,8336
67.00099325180054,8335
67.02492117881775,8334
67.08291029930115,8333
67.09297943115234,8332
67.12641954421997,8331
67.20255541801453,8330
67.29565286636353,8329
67.3276207447052,8328
67.35656690597534,8327
67.5169415473938,8326
67.5556287765503,8325
67.65611791610718,8324
67.67252683639526,8323
67.7224280834198,8322
67.76017165184021,8321
67.80946731567383,8320
67.83013248443604,8319
67.85238075256348,8318
67.91819930076599,8317
67.981614112854,8316
68.0118362903595,8315
68.0605297088623,8314
68.16829514503479,8313
68.22912621498108,8312
68.26512169837952,8311
68.29163551330566,8310
68.33812642097473,8309
68.39232158660889,8308
68.43368673324585,8307
68.4508650302887,8306
68.46841526031494,8305
68.52372789382935,8304
68.55809140205383,8303
68.5683012008667,8302
68.60607171058655,8301
68.69431805610657,8300
68.74154877662659,8299
68.75191879272461,8298
68.936194896698,8297
69.02410173416138,8296
69.17849850654602,8295
69.18884301185608,8294
69.61941647529602,8293
69.643221616745,8292
69.654043674469,8291
69.79999589920044,8290
69.91237044334412,8289
69.95455980300903,8288
69.98790264129639,8287
70.04249119758606,8286
70.09256219863892,8285
70.1699538230896,8284
70.18010687828064,8283
70.30592918395996,8282
70.36509728431702,8281
70.38986229896545,8280
70.42291069030762,8279
70.53010249137878,8278
70.59901523590088,8277
70.63575744628906,8276
70.68822193145752,8275
70.6986837387085,8274
70.85561156272888,8273
70.8968608379364,8272
71.01721405982971,8271
71.18661785125732,8270
71.3093409538269,8269
71.4201078414917,8268
71.44690585136414,8267
71.51173901557922,8266
71.56952714920044,8265
71.75554776191711,8264
71.77306985855103,8263
71.79353785514832,8262
71.82386469841003,8261
71.83449816703796,8260
71.9109525680542,8259
71.98469662666321,8258
72.05885648727417,8257
72.11511588096619,8256
72.23966217041016,8255
72.2758436203003,8254
72.30000734329224,8253
72.49110913276672,8252
72.53995037078857,8251
72.61006832122803,8250
72.70057225227356,8249
72.75839138031006,8248
72.88397574424744,8247
72.90236473083496,8246
72.96852111816406,8245
73.01777243614197,8244
73.03405094146729,8243
73.12917685508728,8242
73.14287853240967,8241
73.22113537788391,8240
73.23785614967346,8239
73.39872193336487,8238
73.40904140472412,8237
73.44633460044861,8236
73.57266235351562,8235
73.60094809532166,8234
73.65097451210022,8233
73.68155407905579,8232
73.70297360420227,8231
73.75911355018616,8230
73.87640881538391,8229
73.91676092147827,8228
74.0432460308075,8227
74.13976097106934,8226
74.19726157188416,8225
74.32059478759766,8224
74.33394408226013,8223
74.42745685577393,8222
74.58207392692566,8221
74.68962454795837,8220
74.75445032119751,8219
74.78872179985046,8218
74.86674213409424,8217
74.94355964660645,8216
75.01743149757385,8215
75.15623831748962,8214
75.31838536262512,8213
75.43306016921997,8212
75.49525594711304,8211
75.59340143203735,8210
75.62672066688538,8209
75.6413471698761,8208
75.82293844223022,8207
75.83342742919922,8206
75.85068726539612,8205
75.86101484298706,8204
75.8870620727539,8203
75.94790148735046,8202
76.02050137519836,8201
76.0729148387909,8200
76.09019756317139,8199
76.14321112632751,8198
76.15455603599548,8197
76.22884249687195,8196
76.41611170768738,8195
76.4382598400116,8194
76.4842939376831,8193
76.59050917625427,8192
76.61111664772034,8191
76.71021223068237,8190
76.83724164962769,8189
76.86653351783752,8188
76.88330507278442,8187
77.09350109100342,8186
77.24561524391174,8185
77.30628871917725,8184
77.43534326553345,8183
77.53572273254395,8182
77.58185648918152,8181
77.65037488937378,8180
77.7793459892273,8179
78.09000849723816,8178
78.16539812088013,8177
78.29230904579163,8176
78.38946199417114,8175
78.43089509010315,8174
78.46420478820801,8173
78.50303864479065,8172
78.55463242530823,8171
78.67739200592041,8170
78.80659580230713,8169
78.87017035484314,8168
78.883859872818,8167
79.03829264640808,8166
79.07026982307434,8165
79.09572291374207,8164
79.19454455375671,8163
79.37041783332825,8162
79.43178963661194,8161
79.59397101402283,8160
79.62754654884338,8159
79.71887803077698,8158
79.9684624671936,8157
80.05281805992126,8156
80.1035795211792,8155
80.27404499053955,8154
80.28438258171082,8153
80.48043608665466,8152
80.50257468223572,8151
80.5614857673645,8150
80.57365465164185,8149
80.7021791934967,8148
80.77288341522217,8147
80.83503413200378,8146
80.85432815551758,8145
81.49454927444458,8144
81.55190372467041,8143
81.59079241752625,8142
81.60118889808655,8141
81.69748997688293,8140
81.78903079032898,8139
81.86271595954895,8138
81.92995882034302,8137
81.95131230354309,8136
82.00413107872009,8135
82.10725092887878,8134
82.42776679992676,8133
82.53366923332214,8132
82.72028732299805,8131
82.7561547756195,8130
82.78556847572327,8129
82.83270072937012,8128
82.87851810455322,8127
82.96950602531433,8126
83.01959371566772,8125
83.06620144844055,8124
83.1634829044342,8123
83.3938307762146,8122
83.42120552062988,8121
83.45063805580139,8120
83.49638485908508,8119
83.5369393825531,8118
83.71071267127991,8117
83.72120928764343,8116
83.74049878120422,8115
84.02626705169678,8114
84.05379104614258,8113
84.07403039932251,8112
84.11427974700928,8111
84.18272995948792,8110
84.24002623558044,8109
84.36752200126648,8108
84.43398094177246,8107
84.4523823261261,8106
84.56214642524719,8105
84.61460709571838,8104
84.6619484424591,8103
84.70403361320496,8102
84.77353405952454,8101
84.86158728599548,8100
84.92697668075562,8099
85.16083359718323,8098
85.25015091896057,8097
85.27676653862,8096
85.2916259765625,8095
85.39903450012207,8094
85.4723162651062,8093
85.49263882637024,8092
85.59591460227966,8091
85.60625100135803,8090
85.61996579170227,8089
85.84183120727539,8088
86.30899310112,8087
86.35549902915955,8086
86.41776013374329,8085
86.48477530479431,8084
86.52492499351501,8083
86.56260251998901,8082
86.59520506858826,8081
86.66541528701782,8080
86.92385244369507,8079
87.01048302650452,8078
87.19871497154236,8077
87.21989512443542,8076
87.48571968078613,8075
87.50459122657776,8074
87.53715896606445,8073
87.56374311447144,8072
87.57407188415527,8071
87.6089563369751,8070
87.75521993637085,8069
87.78036713600159,8068
87.81580543518066,8067
87.89184594154358,8066
87.91332674026489,8065
87.99309492111206,8064
88.02505660057068,8063
88.15670132637024,8062
88.20908784866333,8061
88.44635009765625,8060
88.68946480751038,8059
88.7072868347168,8058
88.71767902374268,8057
88.7667248249054,8056
88.83253598213196,8055
88.88142514228821,8054
88.95126438140869,8053
88.96176719665527,8052
88.99427962303162,8051
89.00429940223694,8050
89.06685137748718,8049
89.14528632164001,8048
89.18501400947571,8047
89.26797389984131,8046
89.36924266815186,8045
89.43006348609924,8044
89.50165438652039,8043
89.68414092063904,8042
89.92680144309998,8041
89.97772693634033,8040
90.01616501808167,8039
90.20176243782043,8038
90.22193670272827,8037
90.31725788116455,8036
90.39265751838684,8035
90.43297123908997,8034
90.57502055168152,8033
90.61523222923279,8032
90.667724609375,8031
90.68760085105896,8030
90.73433685302734,8029
90.76005816459656,8028
90.88100600242615,8027
90.97203493118286,8026
90.98234820365906,8025
91.23395562171936,8024
91.33730792999268,8023
91.57761454582214,8022
91.60524606704712,8021
91.63130211830139,8020
91.9337592124939,8019
92.01117777824402,8018
92.06907987594604,8017
92.25512552261353,8016
92.29171991348267,8015
92.4053041934967,8014
92.57505679130554,8013
92.70354866981506,8012
92.80644106864929,8011
92.89101672172546,8010
92.96807765960693,8009
93.0448911190033,8008
93.23700451850891,8007
93.51459765434265,8006
93.90385055541992,8005
94.0043842792511,8004
94.01443004608154,8003
94.23548531532288,8002
94.40407538414001,8001
94.45348620414734,8000
94.53893399238586,7999
94.5688943862915,7998
94.60244488716125,7997
95.07340955734253,7996
95.12624883651733,7995
95.13662052154541,7994
95.32097673416138,7993
95.49782943725586,7992
95.54361844062805,7991
95.63372850418091,7990
95.71234393119812,7989
95.98169660568237,7988
96.35387420654297,7987
96.54806756973267,7986
96.56879186630249,7985
96.5977554321289,7984
96.60817527770996,7983
96.80717825889587,7982
96.88667726516724,7981
96.92440986633301,7980
97.00866222381592,7979
97.1952633857727,7978
97.21763348579407,7977
97.23763537406921,7976
97.31629705429077,7975
97.40124225616455,7974
97.42191982269287,7973
97.70387077331543,7972
97.86934423446655,7971
97.89976072311401,7970
97.97655057907104,7969
98.11643600463867,7968
98.13724207878113,7967
98.15757060050964,7966
98.310129404068,7965
98.44085764884949,7964
98.4606032371521,7963
98.5120837688446,7962
98.71705961227417,7961
98.89719247817993,7960
98.93005061149597,7959
99.20253324508667,7958
99.69790530204773,7957
99.9731285572052,7956
100.12812328338623,7955
100.48994398117065,7954
100.55255842208862,7953
100.60347294807434,7952
100.82940864562988,7951
100.97085881233215,7950
101.36414384841919,7949
101.54691672325134,7948
101.64701795578003,7947
101.68549489974976,7946
101.69574689865112,7945
101.97634410858154,7944
102.31884121894836,7943
102.35706305503845,7942
102.39504957199097,7941
102.60291075706482,7940
102.66125512123108,7939
102.78506517410278,7938
102.89221858978271,7937
102.93019604682922,7936
103.20590925216675,7935
103.22901463508606,7934
103.27145218849182,7933
103.28187322616577,7932
103.40627789497375,7931
103.53237533569336,7930
103.68310880661011,7929
103.7517020702362,7928
103.8172516822815,7927
104.09161376953125,7926
104.19688606262207,7925
104.42980194091797,7924
104.50995206832886,7923
104.52985119819641,7922
104.5629153251648,7921
104.70619440078735,7920
104.84167909622192,7919
104.93589401245117,7918
105.36834597587585,7917
105.45970058441162,7916
105.558265209198,7915
105.7530734539032,7914
106.3176863193512,7913
106.39640021324158,7912
106.42680954933167,7911
106.53946137428284,7910
106.59084010124207,7909
106.71313309669495,7908
106.78279304504395,7907
107.10455441474915,7906
107.31639337539673,7905
107.36059665679932,7904
107.37299394607544,7903
107.4993224143982,7902
107.57906126976013,7901
107.87814784049988,7900
107.93898940086365,7899
108.16176629066467,7898
108.28749752044678,7897
108.59956669807434,7896
108.84351754188538,7895
108.85709166526794,7894
109.24647521972656,7893
109.43465113639832,7892
109.56774973869324,7891
109.67984676361084,7890
109.76774263381958,7889
110.3175745010376,7888
110.47539401054382,7887
110.61880874633789,7886
110.65655303001404,7885
110.93581771850586,7884
110.97394824028015,7883
111.0710232257843,7882
111.48035955429077,7881
111.97919368743896,7880
112.09574747085571,7879
112.13207292556763,7878
112.19854712486267,7877
112.40324091911316,7876
112.42602801322937,7875
112.65357327461243,7874
112.71876502037048,7873
112.72938871383667,7872
112.95621919631958,7871
113.06268739700317,7870
113.09333372116089,7869
113.99677181243896,7868
114.16069269180298,7867
114.22031426429749,7866
114.2594883441925,7865
114.3102068901062,7864
114.67695927619934,7863
114.75021076202393,7862
114.78051209449768,7861
115.07469201087952,7860
115.35156464576721,7859
115.5907518863678,7858
115.63144636154175,7857
115.817143201828,7856
115.90306735038757,7855
116.16217970848083,7854
116.4618034362793,7853
116.65582633018494,7852
116.74323105812073,7851
117.38516807556152,7850
117.39875864982605,7849
117.74513363838196,7848
117.82388257980347,7847
117.99357485771179,7846
118.27984833717346,7845
118.43341088294983,7844
118.60943579673767,7843
118.75004649162292,7842
118.87507224082947,7841
119.14217400550842,7840
119.18853116035461,7839
119.42810034751892,7838
119.69421935081482,7837
120.65074563026428,7836
120.73412442207336,7835
120.86080718040466,7834
120.94443893432617,7833
121.11677932739258,7832
121.58641719818115,7831
121.70114207267761,7830
121.71260452270508,7829
121.72278070449829,7828
121.74099946022034,7827
122.0634093284607,7826
122.6756854057312,7825
122.68609285354614,7824
122.80131697654724,7823
122.85333895683289,7822
122.96192908287048,7821
123.0363450050354,7820
123.3353123664856,7819
123.3876531124115,7818
123.59984517097473,7817
123.87135744094849,7816
124.21169662475586,7815
124.6408224105835,7814
124.70504474639893,7813
125.14461517333984,7812
125.18298840522766,7811
125.76508951187134,7810
125.87014508247375,7809
126.23256611824036,7808
126.26352190971375,7807
126.43943977355957,7806
126.99686002731323,7805
127.24688124656677,7804
127.71710848808289,7803
127.96111536026001,7802
127.98068070411682,7801
127.99098753929138,7800
128.94119501113892,7799
129.1378583908081,7798
129.33910727500916,7797
129.5163540840149,7796
129.7075901031494,7795
130.15040516853333,7794
130.22836065292358,7793
130.53956198692322,7792
131.43543219566345,7791
131.88512015342712,7790
131.896098613739,7789
132.1025152206421,7788
132.2907199859619,7787
132.46899342536926,7786
132.58289289474487,7785
133.6552746295929,7784
133.8420603275299,7783
134.12093234062195,7782
134.26454997062683,7781
134.35457611083984,7780
135.12925910949707,7779
135.15573835372925,7778
135.92129969596863,7777
136.02908444404602,7776
136.6978554725647,7775
137.20322799682617,7774
137.29300117492676,7773
137.35898637771606,7772
137.48225617408752,7771
137.543114900589,7770
137.771258354187,7769
138.27581453323364,7768
138.88424015045166,7767
139.00179386138916,7766
139.3278350830078,7765
139.43782591819763,7764
139.6445276737213,7763
139.7395486831665,7762
140.19953155517578,7761
140.4107620716095,7760
140.8860411643982,7759
141.23382663726807,7758
141.2854037284851,7757
141.55755734443665,7756
141.86409282684326,7755
141.97273659706116,7754
142.09840440750122,7753
142.32307267189026,7752
143.7315170764923,7751
143.97898483276367,7750
144.23969316482544,7749
144.28709411621094,7748
144.6363561153412,7747
144.68095231056213,7746
145.98283576965332,7745
146.37434816360474,7744
147.11642026901245,7743
147.16137194633484,7742
147.77365636825562,7741
147.94723510742188,7740
148.1154751777649,7739
148.63047814369202,7738
148.6690318584442,7737
148.7193467617035,7736
148.82096028327942,7735
148.98320984840393,7734
149.03243374824524,7733
149.7313756942749,7732
149.90934944152832,7731
150.27064418792725,7730
150.94681119918823,7729
152.05126452445984,7728
152.2672266960144,7727
152.28444123268127,7726
154.57427191734314,7725
154.97626090049744,7724
155.52902626991272,7723
155.5656087398529,7722
155.8439712524414,7721
156.12749671936035,7720
156.2250270843506,7719
156.2819926738739,7718
158.08208894729614,7717
158.19280815124512,7716
158.34521222114563,7715
158.46123266220093,7714
158.81779313087463,7713
159.37792134284973,7712
159.44259238243103,7711
159.88386940956116,7710
160.54068064689636,7709
161.4105167388916,7708
161.79200983047485,7707
162.1943633556366,7706
163.31733465194702,7705
163.65950274467468,7704
164.84564900398254,7703
165.4459593296051,7702
165.6279845237732,7701
166.89697337150574,7700
167.0660343170166,7699
167.53273463249207,7698
168.04048371315002,7697
168.4394645690918,7696
168.98188853263855,7695
169.5065336227417,7694
170.21577167510986,7693
170.8637239933014,7692
171.02229070663452,7691
171.0634627342224,7690
171.11984133720398,7689
171.600487947464,7688
174.20788383483887,7687
174.40235018730164,7686
175.0922770500183,7685
175.36845660209656,7684
175.53069138526917,7683
175.90587210655212,7682
175.96873712539673,7681
176.0494740009308,7680
176.1186008453369,7679
176.3214750289917,7678
176.70778155326843,7677
177.17968845367432,7676
177.73511743545532,7675
178.30122113227844,7674
179.0294497013092,7673
179.49586701393127,7672
180.2333698272705,7671
180.58228015899658,7670
181.9613664150238,7669
183.2104766368866,7668
184.63181734085083,7667
184.95310139656067,7666
185.73071908950806,7665
185.95512437820435,7664
186.3625385761261,7663
186.68058466911316,7662
186.79449653625488,7661
187.1483702659607,7660
187.17550325393677,7659
187.22126984596252,7658
187.55876469612122,7657
188.3102285861969,7656
188.32068634033203,7655
189.11423873901367,7654
190.34222722053528,7653
191.19945216178894,7652
191.6449031829834,7651
191.99444890022278,7650
192.33764052391052,7649
193.47736811637878,7648
193.61831760406494,7647
197.0182008743286,7646
197.35606050491333,7645
197.9832718372345,7644
198.02670884132385,7643
206.56746363639832,7642
207.10225415229797,7641
207.1628861427307,7640
207.5470666885376,7639
209.81815886497498,7638
212.9361503124237,7637
215.90566301345825,7636
217.5379195213318,7635
218.97780895233154,7634
219.41915893554688,7633
219.78181886672974,7632
222.34686470031738,7631
224.08897423744202,7630
224.50388360023499,7629
224.84551978111267,7628
225.7164011001587,7627
228.96422481536865,7626
230.24386763572693,7625
235.7199547290802,7624
236.75365781784058,7623
238.24575757980347,7622
241.4574999809265,7621
241.94764041900635,7620
244.4370596408844,7619
