0.46814966201782227,8776
0.5643589496612549,8775
0.6560931205749512,8774
0.7443768978118896,8773
0.8327212333679199,8772
0.9218592643737793,8771
1.0103137493133545,8770
1.0984599590301514,8769
1.1869125366210938,8768
1.2752254009246826,8767
1.3635544776916504,8766
1.4514720439910889,8765
1.5403435230255127,8764
1.628532886505127,8763
1.716660499572754,8762
1.8047378063201904,8761
1.8928992748260498,8760
1.981717586517334,8759
2.0703377723693848,8758
2.159398078918457,8757
2.248027801513672,8756
2.3369085788726807,8755
2.4260079860687256,8754
2.5149343013763428,8753
2.60365629196167,8752
2.6923415660858154,8751
2.7810747623443604,8750
2.869980812072754,8749
2.9589710235595703,8748
3.04795241355896,8747
3.137129545211792,8746
3.2263669967651367,8745
3.315706253051758,8744
3.405017852783203,8743
3.4941117763519287,8742
3.583127021789551,8741
3.672156572341919,8740
3.7616384029388428,8739
3.8510942459106445,8738
3.940741777420044,8737
4.03017258644104,8736
4.1195292472839355,8735
4.208948135375977,8734
4.29822039604187,8733
4.387534141540527,8732
4.476786375045776,8731
4.56619668006897,8730
4.655989646911621,8729
4.744735240936279,8728
4.833960771560669,8727
4.922940969467163,8726
5.011741638183594,8725
5.100874423980713,8724
5.190234899520874,8723
5.279562711715698,8722
5.368835926055908,8721
5.456347942352295,8720
5.543111085891724,8719
5.629748821258545,8718
5.716084003448486,8717
5.802698850631714,8716
5.8897247314453125,8715
5.976713180541992,8714
6.0634236335754395,8713
6.150346279144287,8712
6.236822605133057,8711
6.323420763015747,8710
6.410043239593506,8709
6.496319055557251,8708
6.582604885101318,8707
6.66881799697876,8706
6.755455732345581,8705
6.842056512832642,8704
6.92885947227478,8703
7.015629529953003,8702
7.102298736572266,8701
7.189201831817627,8700
7.275762319564819,8699
7.36222243309021,8698
7.449167251586914,8697
7.535968065261841,8696
7.6227171421051025,8695
7.709474802017212,8694
7.796213150024414,8693
7.883681535720825,8692
7.971775054931641,8691
8.05836009979248,8690
8.145132064819336,8689
8.231807231903076,8688
8.318233013153076,8687
8.404561758041382,8686
8.491330862045288,8685
8.578124761581421,8684
8.664689302444458,8683
8.751345872879028,8682
8.83808708190918,8681
8.92479419708252,8680
9.011574983596802,8679
9.098256349563599,8678
9.185009241104126,8677
9.271703481674194,8676
9.358009576797485,8675
9.443047285079956,8674
9.52934980392456,8673
9.615827798843384,8672
9.702266693115234,8671
9.788229703903198,8670
9.874186277389526,8669
9.960335731506348,8668
