0.012202024459838867,11022
0.02261829376220703,11021
0.03299450874328613,11020
0.04301762580871582,11019
0.05334949493408203,11018
0.06476521492004395,11017
0.0763540267944336,11016
0.08696746826171875,11015
0.09746336936950684,11014
0.1075596809387207,11013
0.11786055564880371,11012
0.12825894355773926,11011
0.1386725902557373,11010
0.1487107276916504,11009
0.15890979766845703,11008
0.16883468627929688,11007
0.1789863109588623,11006
0.1890106201171875,11005
0.19948577880859375,11004
0.2104330062866211,11003
0.22105002403259277,11002
0.23117876052856445,11001
0.24136924743652344,11000
0.2513926029205322,10999
0.26163291931152344,10998
0.27152585983276367,10997
0.2816917896270752,10996
0.2917017936706543,10995
0.30182766914367676,10994
0.31181764602661133,10993
0.32221174240112305,10992
0.3326115608215332,10991
0.34284353256225586,10990
0.35287952423095703,10989
0.3629915714263916,10988
0.3730030059814453,10987
0.38321614265441895,10986
0.3932785987854004,10985
0.40348339080810547,10984
0.41342949867248535,10983
0.4235858917236328,10982
0.43350696563720703,10981
0.44389915466308594,10980
0.4538085460662842,10979
0.4639861583709717,10978
0.4739055633544922,10977
0.4911952018737793,10976
0.5012350082397461,10975
0.5122952461242676,10974
0.5234396457672119,10973
0.5353951454162598,10972
0.5455472469329834,10971
0.5559399127960205,10970
0.5659129619598389,10969
0.5761983394622803,10968
0.5859529972076416,10967
0.5960969924926758,10966
0.6058664321899414,10965
0.6159725189208984,10964
0.6258325576782227,10963
0.6361851692199707,10962
0.6459369659423828,10961
0.656071662902832,10960
0.665806770324707,10959
0.6759536266326904,10958
0.6858010292053223,10957
0.6960864067077637,10956
0.7058968544006348,10955
0.7161126136779785,10954
0.7261545658111572,10953
0.7365171909332275,10952
0.746396541595459,10951
0.7566647529602051,10950
0.766545295715332,10949
0.7766983509063721,10948
0.7864499092102051,10947
0.7966945171356201,10946
0.8064861297607422,10945
0.8168985843658447,10944
0.8317410945892334,10943
0.8418779373168945,10942
0.8518455028533936,10941
0.8619837760925293,10940
0.8725600242614746,10939
0.8836061954498291,10938
0.894181489944458,10937
0.9046511650085449,10936
0.9148919582366943,10935
0.9253811836242676,10934
0.935774564743042,10933
0.9466269016265869,10932
0.9568595886230469,10931
0.9672713279724121,10930
0.9773142337799072,10929
0.9879131317138672,10928
0.998206615447998,10927
1.0086767673492432,10926
1.0187914371490479,10925
1.0292267799377441,10924
1.0395967960357666,10923
1.0498325824737549,10922
1.0598773956298828,10921
1.070115089416504,10920
1.0801901817321777,10919
1.0904383659362793,10918
1.10036039352417,10917
1.1106085777282715,10916
1.1207261085510254,10915
1.1313714981079102,10914
1.1414828300476074,10913
1.1519174575805664,10912
1.1678495407104492,10911
1.1780142784118652,10910
1.1877598762512207,10909
1.1980485916137695,10908
1.207824468612671,10907
1.2182338237762451,10906
1.2280147075653076,10905
1.238171100616455,10904
1.2479088306427002,10903
1.2580716609954834,10902
1.2678155899047852,10901
1.2843751907348633,10900
1.294320821762085,10899
1.3047115802764893,10898
1.3150694370269775,10897
1.3252198696136475,10896
1.3356363773345947,10895
1.3457257747650146,10894
1.3641977310180664,10893
1.3739876747131348,10892
1.3840887546539307,10891
1.3944053649902344,10890
1.404158592224121,10889
1.4143304824829102,10888
1.4245107173919678,10887
1.434722661972046,10886
1.4535021781921387,10885
1.4636790752410889,10884
1.4737234115600586,10883
1.4839332103729248,10882
1.4943459033966064,10881
1.5048542022705078,10880
1.5172111988067627,10879
1.5310373306274414,10878
1.5414183139801025,10877
1.5517711639404297,10876
1.5616929531097412,10875
1.5720326900482178,10874
1.5819437503814697,10873
1.5921289920806885,10872
1.6018459796905518,10871
1.6119556427001953,10870
1.6217329502105713,10869
1.6320250034332275,10868
1.6419014930725098,10867
1.6520278453826904,10866
1.6617975234985352,10865
1.6719965934753418,10864
1.6818103790283203,10863
1.6920132637023926,10862
1.7020659446716309,10861
1.7124288082122803,10860
1.7224810123443604,10859
1.7332196235656738,10858
1.7431526184082031,10857
1.75341796875,10856
1.7631800174713135,10855
1.7734184265136719,10854
1.783215045928955,10853
1.7934186458587646,10852
1.8089184761047363,10851
1.824127197265625,10850
1.8431735038757324,10849
1.860281229019165,10848
1.8738155364990234,10847
1.8842265605926514,10846
1.8943533897399902,10845
1.9045515060424805,10844
1.9143455028533936,10843
1.9248719215393066,10842
1.934831142425537,10841
1.9452037811279297,10840
1.9550325870513916,10839
1.965235710144043,10838
1.9750092029571533,10837
1.9851248264312744,10836
1.9951119422912598,10835
2.0109028816223145,10834
2.020859718322754,10833
2.0310323238372803,10832
2.0412325859069824,10831
2.0511553287506104,10830
2.0612716674804688,10829
2.0711100101470947,10828
2.081296682357788,10827
2.091069459915161,10826
2.1012589931488037,10825
2.1110053062438965,10824
2.1213786602020264,10823
2.131559371948242,10822
2.1418254375457764,10821
2.1609678268432617,10820
2.1712565422058105,10819
2.1810245513916016,10818
2.191375970840454,10817
2.2013354301452637,10816
2.2115840911865234,10815
2.2303006649017334,10814
2.240553140640259,10813
2.2532615661621094,10812
2.263237953186035,10811
2.2732067108154297,10810
2.2833404541015625,10809
2.29347825050354,10808
2.3038268089294434,10807
2.313858985900879,10806
2.324460744857788,10805
2.334604024887085,10804
2.34486722946167,10803
2.373863697052002,10802
2.3840181827545166,10801
2.3940200805664062,10800
2.404207706451416,10799
2.4141643047332764,10798
2.4244308471679688,10797
2.434405565261841,10796
2.4538991451263428,10795
2.4638400077819824,10794
2.474008798599243,10793
2.4838969707489014,10792
2.494077682495117,10791
2.504098653793335,10790
2.515796422958374,10789
2.5263707637786865,10788
2.5372707843780518,10787
2.547375440597534,10786
2.557631492614746,10785
2.567430019378662,10784
2.5934319496154785,10783
2.603193998336792,10782
2.6273648738861084,10781
2.6375746726989746,10780
2.647329568862915,10779
2.6574671268463135,10778
2.6673474311828613,10777
2.6776392459869385,10776
2.687446355819702,10775
2.6977498531341553,10774
2.7076034545898438,10773
2.7179808616638184,10772
2.728201150894165,10771
2.738656997680664,10770
2.748566150665283,10769
2.758784294128418,10768
2.7686116695404053,10767
2.778813600540161,10766
2.788763999938965,10765
2.7990779876708984,10764
2.8182408809661865,10763
2.8283650875091553,10762
2.843708038330078,10761
2.8540923595428467,10760
2.86417293548584,10759
2.8744442462921143,10758
2.8864564895629883,10757
2.896697759628296,10756
2.9167792797088623,10755
2.927098512649536,10754
2.9375603199005127,10753
2.9478416442871094,10752
2.958263397216797,10751
2.9763898849487305,10750
2.9865143299102783,10749
2.9964091777801514,10748
3.006915807723999,10747
3.01684308052063,10746
3.027358293533325,10745
3.037236213684082,10744
3.053370952606201,10743
3.0632317066192627,10742
3.0735373497009277,10741
3.0837881565093994,10740
3.0937066078186035,10739
3.10390567779541,10738
3.113715648651123,10737
3.1295247077941895,10736
3.1396310329437256,10735
3.1498708724975586,10734
3.160104513168335,10733
3.169917106628418,10732
3.180126667022705,10731
3.190016746520996,10730
3.2003180980682373,10729
3.2102267742156982,10728
3.220374345779419,10727
3.2351481914520264,10726
3.2451980113983154,10725
3.255249261856079,10724
3.265507459640503,10723
3.2755212783813477,10722
3.290515184402466,10721
3.300419330596924,10720
3.315573215484619,10719
3.3257617950439453,10718
3.3360910415649414,10717
3.355391263961792,10716
3.365537405014038,10715
3.3757472038269043,10714
3.3860716819763184,10713
3.3959763050079346,10712
3.406156301498413,10711
3.415956735610962,10710
3.426038980484009,10709
3.4357826709747314,10708
3.4459431171417236,10707
3.4558191299438477,10706
3.4660215377807617,10705
3.47582745552063,10704
3.4859585762023926,10703
3.495683431625366,10702
3.513697624206543,10701
3.533681631088257,10700
3.5438411235809326,10699
3.554084300994873,10698
3.564103364944458,10697
3.58438777923584,10696
3.5945053100585938,10695
3.604200601577759,10694
3.6267008781433105,10693
3.6449384689331055,10692
3.661576986312866,10691
3.6818044185638428,10690
3.6972665786743164,10689
3.7073206901550293,10688
3.717726230621338,10687
3.7284061908721924,10686
3.7437970638275146,10685
3.754089593887329,10684
3.7641215324401855,10683
3.7744317054748535,10682
3.784485340118408,10681
3.7947661876678467,10680
3.8048362731933594,10679
3.8150041103363037,10678
3.8344264030456543,10677
3.8492748737335205,10676
3.861783981323242,10675
3.8762645721435547,10674
3.8865981101989746,10673
3.8963704109191895,10672
3.906555414199829,10671
3.9164252281188965,10670
3.927124261856079,10669
3.946901321411133,10668
3.9568655490875244,10667
3.96706485748291,10666
3.977335214614868,10665
4.001028299331665,10664
4.011859893798828,10663
4.021972894668579,10662
4.041700601577759,10661
4.051471710205078,10660
4.061613082885742,10659
4.0717692375183105,10658
4.081806421279907,10657
4.092061281204224,10656
4.101883411407471,10655
4.112263917922974,10654
4.122159957885742,10653
4.134187936782837,10652
4.144108533859253,10651
4.154353857040405,10650
4.164532899856567,10649
4.174376964569092,10648
4.185003042221069,10647
4.1950294971466064,10646
4.208315849304199,10645
4.218646764755249,10644
4.234911918640137,10643
4.254609823226929,10642
4.264877080917358,10641
4.275476932525635,10640
4.293253660202026,10639
4.30390739440918,10638
4.314036130905151,10637
4.332952260971069,10636
4.343234539031982,10635
4.353829383850098,10634
4.371760129928589,10633
4.382286071777344,10632
4.392755031585693,10631
4.403493642807007,10630
4.421730279922485,10629
4.455281019210815,10628
4.465935468673706,10627
4.478291273117065,10626
4.490092515945435,10625
4.503835201263428,10624
4.514849901199341,10623
4.544475555419922,10622
4.554785490036011,10621
4.5657453536987305,10620
4.576223850250244,10619
4.587081670761108,10618
4.597308874130249,10617
4.607891321182251,10616
4.62817645072937,10615
4.638355016708374,10614
4.648888826370239,10613
4.659511566162109,10612
4.6696717739105225,10611
4.685302495956421,10610
4.695702314376831,10609
4.706431150436401,10608
4.71713399887085,10607
4.72758674621582,10606
4.738219738006592,10605
4.748506784439087,10604
4.759099006652832,10603
4.777306079864502,10602
4.787716865539551,10601
4.798093557357788,10600
4.808740615844727,10599
4.819239616394043,10598
4.829861640930176,10597
4.840357780456543,10596
4.8606181144714355,10595
4.870864391326904,10594
4.881404399871826,10593
4.89168643951416,10592
4.902276277542114,10591
4.912501096725464,10590
4.931044816970825,10589
4.943841218948364,10588
4.954526662826538,10587
4.965343713760376,10586
4.975928544998169,10585
4.986573219299316,10584
5.004108190536499,10583
5.014915943145752,10582
5.031264066696167,10581
5.041905164718628,10580
5.052454948425293,10579
5.0633299350738525,10578
5.0805747509002686,10577
5.091277122497559,10576
5.120617628097534,10575
5.131621599197388,10574
5.1584577560424805,10573
5.169081211090088,10572
5.185953617095947,10571
5.196629524230957,10570
5.207064390182495,10569
5.2177300453186035,10568
5.227906227111816,10567
5.238387584686279,10566
5.248611211776733,10565
5.25924825668335,10564
5.26932692527771,10563
5.2798991203308105,10562
5.2900824546813965,10561
5.300719499588013,10560
5.3111326694488525,10559
5.3217504024505615,10558
5.344055891036987,10557
5.360430955886841,10556
5.370736837387085,10555
5.389465808868408,10554
5.399795055389404,10553
5.4238505363464355,10552
5.438570261001587,10551
5.448967456817627,10550
5.468252420425415,10549
5.479008674621582,10548
5.496679067611694,10547
5.515188217163086,10546
5.532009124755859,10545
5.542816638946533,10544
5.5535173416137695,10543
5.563947916030884,10542
5.574603796005249,10541
5.584947109222412,10540
5.595585823059082,10539
5.605943441390991,10538
5.6224448680877686,10537
5.632778882980347,10536
5.643322944641113,10535
5.656193494796753,10534
5.666663646697998,10533
5.7048563957214355,10532
5.725780725479126,10531
5.736412286758423,10530
5.74706768989563,10529
5.757229566574097,10528
5.767796039581299,10527
5.7833168506622314,10526
5.793804883956909,10525
5.804200887680054,10524
5.81481409072876,10523
5.825210809707642,10522
5.8359375,10521
5.860232591629028,10520
5.871373176574707,10519
5.882537603378296,10518
5.893496513366699,10517
5.903983116149902,10516
5.9147467613220215,10515
5.940653085708618,10514
5.956721782684326,10513
5.9771857261657715,10512
5.987480163574219,10511
6.005586385726929,10510
6.020268201828003,10509
6.0311126708984375,10508
6.041916370391846,10507
6.052431583404541,10506
6.0731940269470215,10505
6.083774566650391,10504
6.105050802230835,10503
6.115675687789917,10502
6.126187562942505,10501
6.146122217178345,10500
6.156360149383545,10499
6.170297384262085,10498
6.180518865585327,10497
6.19104790687561,10496
6.201210021972656,10495
6.218792200088501,10494
6.24161958694458,10493
6.255018949508667,10492
6.2654054164886475,10491
6.2760560512542725,10490
6.286192417144775,10489
6.296738147735596,10488
6.316996812820435,10487
6.327488899230957,10486
6.34338903427124,10485
6.361088037490845,10484
6.371567249298096,10483
6.382290363311768,10482
6.392708778381348,10481
6.403387546539307,10480
6.413772106170654,10479
6.424304008483887,10478
6.470357179641724,10477
6.480890989303589,10476
6.491383075714111,10475
6.522372007369995,10474
6.535997152328491,10473
6.554711818695068,10472
6.592965364456177,10471
6.603363752365112,10470
6.617215633392334,10469
6.671408653259277,10468
6.681917667388916,10467
6.692441940307617,10466
6.708276748657227,10465
6.718671560287476,10464
6.737592458724976,10463
6.767257928848267,10462
6.7776477336883545,10461
6.788413047790527,10460
6.805352687835693,10459
6.8155434131622314,10458
6.826066255569458,10457
6.836750507354736,10456
6.847112417221069,10455
6.857702016830444,10454
6.867883205413818,10453
6.887876033782959,10452
6.898194074630737,10451
6.908806562423706,10450
6.9196553230285645,10449
6.930222511291504,10448
6.95135498046875,10447
6.966701984405518,10446
6.97716212272644,10445
6.987818956375122,10444
6.99861216545105,10443
7.009409666061401,10442
7.019989013671875,10441
7.041261672973633,10440
7.058763742446899,10439
7.069130897521973,10438
7.089792728424072,10437
7.100207567214966,10436
7.118075847625732,10435
7.139206409454346,10434
7.15973687171936,10433
7.169888734817505,10432
7.179918050765991,10431
7.20128321647644,10430
7.211332559585571,10429
7.221698522567749,10428
7.231749057769775,10427
7.2512593269348145,10426
7.261106967926025,10425
7.271251678466797,10424
7.290878057479858,10423
7.308396577835083,10422
7.318482160568237,10421
7.339270114898682,10420
7.360680103302002,10419
7.370481014251709,10418
7.398009777069092,10417
7.407909631729126,10416
7.41808819770813,10415
7.461442708969116,10414
7.4717888832092285,10413
7.49177622795105,10412
7.509381294250488,10411
7.519810438156128,10410
7.5306549072265625,10409
7.555649757385254,10408
7.588907957077026,10407
7.599169492721558,10406
7.609302282333374,10405
7.620638132095337,10404
7.630499839782715,10403
7.646545648574829,10402
7.665181636810303,10401
7.6754255294799805,10400
7.68593168258667,10399
7.706216812133789,10398
7.725320100784302,10397
7.74057412147522,10396
7.750470876693726,10395
7.782741069793701,10394
7.816521883010864,10393
7.826840400695801,10392
7.836778402328491,10391
7.853711366653442,10390
7.86348557472229,10389
7.8738062381744385,10388
7.88399863243103,10387
7.894086837768555,10386
7.904314756393433,10385
7.923328399658203,10384
7.938659429550171,10383
7.948706150054932,10382
7.959094285964966,10381
7.969442367553711,10380
7.979382276535034,10379
8.005537986755371,10378
8.015610694885254,10377
8.025784969329834,10376
8.035997867584229,10375
8.078471422195435,10374
8.105623960494995,10373
8.123195886611938,10372
8.136135339736938,10371
8.146516799926758,10370
8.15636396408081,10369
8.175134420394897,10368
8.185064315795898,10367
8.195251941680908,10366
8.205419301986694,10365
8.221513032913208,10364
8.24462342262268,10363
8.260680198669434,10362
8.270771741867065,10361
8.2809476852417,10360
8.291154146194458,10359
8.300975322723389,10358
8.311385869979858,10357
8.321425676345825,10356
8.341788053512573,10355
8.351671695709229,10354
8.36192774772644,10353
8.373148202896118,10352
8.389355659484863,10351
8.39934229850769,10350
8.409627676010132,10349
8.419695854187012,10348
8.42984652519226,10347
8.43985104560852,10346
8.450093746185303,10345
8.460473775863647,10344
8.47936224937439,10343
8.489881753921509,10342
8.510337829589844,10341
8.541639804840088,10340
8.551942348480225,10339
8.562451124191284,10338
8.584829568862915,10337
8.594887971878052,10336
8.614808559417725,10335
8.639120817184448,10334
8.65363621711731,10333
8.663511037826538,10332
8.679957389831543,10331
8.689846992492676,10330
8.704317092895508,10329
8.714439392089844,10328
8.724992752075195,10327
8.735039949417114,10326
8.745299100875854,10325
8.764826536178589,10324
8.774734735488892,10323
8.784993410110474,10322
8.800376176834106,10321
8.810213088989258,10320
8.820350885391235,10319
8.837228536605835,10318
8.847209215164185,10317
8.865210056304932,10316
8.875419855117798,10315
8.885158777236938,10314
8.9074387550354,10313
8.92359471321106,10312
8.93391728401184,10311
8.944199085235596,10310
8.95459794998169,10309
8.964704275131226,10308
8.98408317565918,10307
9.0012788772583,10306
9.011529445648193,10305
9.021848917007446,10304
9.056854724884033,10303
9.08485460281372,10302
9.094919443130493,10301
9.105194330215454,10300
9.11528730392456,10299
9.125821590423584,10298
9.135998249053955,10297
9.146244049072266,10296
9.166856527328491,10295
9.177090406417847,10294
9.189346075057983,10293
9.20421576499939,10292
9.214541912078857,10291
9.224815130233765,10290
9.235053777694702,10289
9.244869709014893,10288
9.255145072937012,10287
9.265025854110718,10286
9.29439663887024,10285
9.322580814361572,10284
9.333239316940308,10283
9.349547863006592,10282
9.359683990478516,10281
9.36976933479309,10280
9.383547067642212,10279
9.393558979034424,10278
9.405436992645264,10277
9.424371480941772,10276
9.441256523132324,10275
9.461253643035889,10274
9.471455335617065,10273
9.489033460617065,10272
9.49921727180481,10271
9.534320592880249,10270
9.544389963150024,10269
9.55477523803711,10268
9.564838171005249,10267
9.576215744018555,10266
9.599164962768555,10265
9.617732286453247,10264
9.62769889831543,10263
9.65280556678772,10262
9.662667036056519,10261
9.67296028137207,10260
9.682845830917358,10259
9.693027019500732,10258
9.702821969985962,10257
9.719752788543701,10256
9.739980936050415,10255
9.764266014099121,10254
9.79046368598938,10253
9.804676055908203,10252
9.814924478530884,10251
9.825106143951416,10250
9.844573259353638,10249
9.870439291000366,10248
9.88598895072937,10247
9.896328210830688,10246
9.906429767608643,10245
9.923146963119507,10244
9.933429479598999,10243
9.952810049057007,10242
9.962890148162842,10241
9.973217725753784,10240
9.993041276931763,10239
10.003331422805786,10238
10.013262748718262,10237
10.032084465026855,10236
10.056328535079956,10235
10.079752922058105,10234
10.090106964111328,10233
10.100109577178955,10232
10.110378742218018,10231
10.136565685272217,10230
10.173874378204346,10229
10.183915376663208,10228
10.20573878288269,10227
10.2236909866333,10226
10.233971357345581,10225
10.244060754776001,10224
10.254278182983398,10223
10.264238834381104,10222
10.27442979812622,10221
10.294739007949829,10220
10.304899215698242,10219
10.324004888534546,10218
10.341854333877563,10217
10.351819276809692,10216
10.362093925476074,10215
10.38037371635437,10214
10.397491455078125,10213
10.414259195327759,10212
10.424488306045532,10211
10.434329748153687,10210
10.44459581375122,10209
10.47655963897705,10208
10.49520230293274,10207
10.512005090713501,10206
10.522356986999512,10205
10.532820701599121,10204
10.551597118377686,10203
10.561441898345947,10202
10.57180905342102,10201
10.582313060760498,10200
10.592242240905762,10199
10.60255217552185,10198
10.612298965454102,10197
10.630223274230957,10196
10.640264511108398,10195
10.650398969650269,10194
10.680139780044556,10193
10.70956015586853,10192
10.720043420791626,10191
10.730266571044922,10190
10.750833988189697,10189
10.760958909988403,10188
10.771061420440674,10187
10.781224727630615,10186
10.80117392539978,10185
10.811228513717651,10184
10.821475982666016,10183
10.832972049713135,10182
10.852951526641846,10181
10.863035917282104,10180
10.885104417800903,10179
10.895799398422241,10178
10.918367862701416,10177
10.937256097793579,10176
10.947716474533081,10175
10.957603216171265,10174
10.96791934967041,10173
10.985884666442871,10172
10.996161937713623,10171
11.043922662734985,10170
11.064997673034668,10169
11.080318450927734,10168
11.100343227386475,10167
11.11045789718628,10166
11.12070369720459,10165
11.130949974060059,10164
11.148929119110107,10163
11.158794164657593,10162
11.16896653175354,10161
11.202616214752197,10160
11.214754581451416,10159
11.224977731704712,10158
11.234980344772339,10157
11.24535870552063,10156
11.261367321014404,10155
11.271512985229492,10154
11.313112020492554,10153
11.323304176330566,10152
11.342863082885742,10151
11.352986097335815,10150
11.371371984481812,10149
11.381237745285034,10148
11.396162986755371,10147
11.41384243965149,10146
11.431586027145386,10145
11.44136381149292,10144
11.451611757278442,10143
11.469135761260986,10142
11.502116441726685,10141
11.512028455734253,10140
11.522341012954712,10139
11.533043622970581,10138
11.54331350326538,10137
11.571664571762085,10136
11.581677913665771,10135
11.598244428634644,10134
11.62699556350708,10133
11.653660774230957,10132
11.672261714935303,10131
11.682483911514282,10130
11.735615730285645,10129
11.760210752487183,10128
11.770461082458496,10127
11.785919189453125,10126
11.796385526657104,10125
11.823852062225342,10124
11.833848714828491,10123
11.844187498092651,10122
11.854175806045532,10121
11.864473342895508,10120
11.874360084533691,10119
11.889716148376465,10118
11.899998903274536,10117
11.910830020904541,10116
11.946985960006714,10115
11.963944911956787,10114
11.974263668060303,10113
11.985440015792847,10112
11.995848894119263,10111
12.014078855514526,10110
12.024038791656494,10109
12.034331798553467,10108
12.044296979904175,10107
12.054529905319214,10106
12.071103572845459,10105
12.087979555130005,10104
12.107755184173584,10103
12.130629777908325,10102
12.141048908233643,10101
12.15805435180664,10100
12.176778793334961,10099
12.196394205093384,10098
12.23934817314148,10097
12.249627351760864,10096
12.271395683288574,10095
12.292262554168701,10094
12.312031984329224,10093
12.328076839447021,10092
12.338398456573486,10091
12.348758459091187,10090
12.362092018127441,10089
12.37252140045166,10088
12.395155906677246,10087
12.405401229858398,10086
12.415276288986206,10085
12.440717458724976,10084
12.46105670928955,10083
12.471346139907837,10082
12.48156189918518,10081
12.491838216781616,10080
12.51240587234497,10079
12.522881746292114,10078
12.533101797103882,10077
12.54344391822815,10076
12.55344533920288,10075
12.583660364151001,10074
12.605393648147583,10073
12.615735292434692,10072
12.632788181304932,10071
12.643008947372437,10070
12.666756629943848,10069
12.677018642425537,10068
12.719785928726196,10067
12.730330228805542,10066
12.75095820426941,10065
12.76097559928894,10064
12.77126955986023,10063
12.78141713142395,10062
12.791719436645508,10061
12.813693761825562,10060
12.84418272972107,10059
12.85837697982788,10058
12.885358572006226,10057
12.905542373657227,10056
12.932703495025635,10055
12.950681209564209,10054
12.97561264038086,10053
12.985512733459473,10052
12.995959997177124,10051
13.005818367004395,10050
13.042165756225586,10049
13.052001476287842,10048
13.070550203323364,10047
13.080784797668457,10046
13.090771198272705,10045
13.107055425643921,10044
13.117308139801025,10043
13.127930641174316,10042
13.155294418334961,10041
13.174948692321777,10040
13.184775352478027,10039
13.195135831832886,10038
13.212926626205444,10037
13.241830348968506,10036
13.25189208984375,10035
13.262139320373535,10034
13.272114753723145,10033
13.282371282577515,10032
13.29884934425354,10031
13.33411169052124,10030
13.344314098358154,10029
13.354482650756836,10028
13.364741802215576,10027
13.38239860534668,10026
13.412914276123047,10025
13.423212766647339,10024
13.442795991897583,10023
13.452714204788208,10022
13.47623062133789,10021
13.49622654914856,10020
13.519862174987793,10019
13.538313150405884,10018
13.548532724380493,10017
13.55868124961853,10016
13.568841218948364,10015
13.611663103103638,10014
13.622953414916992,10013
13.635011434555054,10012
13.67678713798523,10011
13.68673324584961,10010
13.721206903457642,10009
13.73203420639038,10008
13.742371320724487,10007
13.752661943435669,10006
13.762672901153564,10005
13.780296087265015,10004
13.7901611328125,10003
13.809647798538208,10002
13.82004976272583,10001
13.836050748825073,10000
13.846394300460815,9999
13.857638359069824,9998
13.8772554397583,9997
13.907446146011353,9996
13.928246974945068,9995
13.94492483139038,9994
13.964999914169312,9993
13.975282907485962,9992
13.985377788543701,9991
14.02124810218811,9990
14.041655778884888,9989
14.073631763458252,9988
14.089365482330322,9987
14.124835014343262,9986
14.160175085067749,9985
14.170461416244507,9984
14.180872678756714,9983
14.196346044540405,9982
14.206598043441772,9981
14.231687545776367,9980
14.25708532333374,9979
14.267012596130371,9978
14.280618667602539,9977
14.290508270263672,9976
14.300753831863403,9975
14.32997751235962,9974
14.340348243713379,9973
14.350557088851929,9972
14.360946416854858,9971
14.370891332626343,9970
14.381101846694946,9969
14.4011971950531,9968
14.411292314529419,9967
14.434720754623413,9966
14.455040454864502,9965
14.472236156463623,9964
14.482534408569336,9963
14.514081239700317,9962
14.541892528533936,9961
14.560389041900635,9960
14.570686101913452,9959
14.58054494857788,9958
14.630995750427246,9957
14.664727926254272,9956
14.674874782562256,9955
14.685205459594727,9954
14.695125102996826,9953
14.712275981903076,9952
14.72245979309082,9951
14.733400821685791,9950
14.74343752861023,9949
14.763648986816406,9948
14.802655696868896,9947
14.815496921539307,9946
14.826756715774536,9945
14.886113166809082,9944
14.917664766311646,9943
14.927970886230469,9942
14.938436031341553,9941
14.948372602462769,9940
14.976442813873291,9939
14.986663103103638,9938
15.001802682876587,9937
15.012416362762451,9936
15.027751922607422,9935
15.07119607925415,9934
15.0858633518219,9933
15.125293016433716,9932
15.145988464355469,9931
15.173289060592651,9930
15.193573713302612,9929
15.203882217407227,9928
15.231706619262695,9927
15.25102710723877,9926
15.260954856872559,9925
15.279783248901367,9924
15.289682388305664,9923
15.299867391586304,9922
15.309703826904297,9921
15.378719091415405,9920
15.410130500793457,9919
15.420296430587769,9918
15.430140495300293,9917
15.440405130386353,9916
15.462644577026367,9915
15.472508907318115,9914
15.504093885421753,9913
15.54620099067688,9912
15.556425333023071,9911
15.566895723342896,9910
15.577465534210205,9909
15.587533950805664,9908
15.63688349723816,9907
15.679691076278687,9906
15.68991732597351,9905
15.710172414779663,9904
15.720528841018677,9903
15.741185903549194,9902
15.759382247924805,9901
15.786547422409058,9900
15.796776294708252,9899
15.821774959564209,9898
15.831965684890747,9897
15.842185258865356,9896
15.852466583251953,9895
15.862482070922852,9894
15.87621021270752,9893
15.894565105438232,9892
15.912500858306885,9891
15.93275761604309,9890
15.942790746688843,9889
15.953080654144287,9888
15.984479665756226,9887
15.994842052459717,9886
16.005666732788086,9885
16.022801876068115,9884
16.045580863952637,9883
16.05589199066162,9882
16.07723093032837,9881
16.089558124542236,9880
16.10791540145874,9879
16.133986949920654,9878
16.144590616226196,9877
16.183019161224365,9876
16.192875146865845,9875
16.23009967803955,9874
16.240297079086304,9873
16.283938884735107,9872
16.294098377227783,9871
16.32129454612732,9870
16.339818000793457,9869
16.34997868537903,9868
16.36021137237549,9867
16.377712965011597,9866
16.387643575668335,9865
16.44944930076599,9864
16.460429668426514,9863
16.48980951309204,9862
16.52580952644348,9861
16.550766944885254,9860
16.561717987060547,9859
16.572023153305054,9858
16.582480907440186,9857
16.592946529388428,9856
16.609101057052612,9855
16.625516414642334,9854
16.635679244995117,9853
16.651089668273926,9852
16.673175573349,9851
16.693453311920166,9850
16.70359230041504,9849
16.717721223831177,9848
16.752464532852173,9847
16.778413772583008,9846
16.788766145706177,9845
16.798699855804443,9844
16.824859619140625,9843
16.83476161956787,9842
16.845084190368652,9841
16.864282846450806,9840
16.874649047851562,9839
16.894809246063232,9838
16.904866933822632,9837
16.93575382232666,9836
16.946150064468384,9835
16.956146955490112,9834
16.966440439224243,9833
16.982059478759766,9832
17.071657419204712,9831
17.081909656524658,9830
17.107301235198975,9829
17.127849817276,9828
17.13834524154663,9827
17.148707151412964,9826
17.15907859802246,9825
17.169196128845215,9824
17.18952202796936,9823
17.21492052078247,9822
17.22641372680664,9821
17.2380428314209,9820
17.253477811813354,9819
17.290764570236206,9818
17.307396173477173,9817
17.317458868026733,9816
17.355451583862305,9815
17.389329433441162,9814
17.42915964126587,9813
17.43957281112671,9812
17.452850341796875,9811
17.481468200683594,9810
17.491502046585083,9809
17.501909494400024,9808
17.52021288871765,9807
17.530839204788208,9806
17.54130792617798,9805
17.57031798362732,9804
17.617241859436035,9803
17.644683122634888,9802
17.66746473312378,9801
17.692829608917236,9800
17.702736616134644,9799
17.723270177841187,9798
17.733768224716187,9797
17.76455593109131,9796
17.774930238723755,9795
17.785226583480835,9794
17.819434642791748,9793
17.829570770263672,9792
17.84024429321289,9791
17.86560869216919,9790
17.876072883605957,9789
17.886420249938965,9788
17.89683508872986,9787
17.918944835662842,9786
17.93184232711792,9785
17.948309421539307,9784
17.96200394630432,9783
17.972187757492065,9782
18.02161431312561,9781
18.042089700698853,9780
18.05646061897278,9779
18.073052644729614,9778
18.098100900650024,9777
18.117995500564575,9776
18.128623008728027,9775
18.21319580078125,9774
18.238914728164673,9773
18.254523038864136,9772
18.264819145202637,9771
18.285433530807495,9770
18.295774459838867,9769
18.332372665405273,9768
18.34939670562744,9767
18.359659910202026,9766
18.369966745376587,9765
18.380201816558838,9764
18.39045000076294,9763
18.400480270385742,9762
18.41236710548401,9761
18.432286739349365,9760
18.452658653259277,9759
18.46978998184204,9758
18.479803800582886,9757
18.490277767181396,9756
18.506643533706665,9755
18.520501136779785,9754
18.53373646736145,9753
18.543874979019165,9752
18.561859369277954,9751
18.599592924118042,9750
18.65115761756897,9749
18.661722898483276,9748
18.74881887435913,9747
18.759002208709717,9746
18.78249192237854,9745
18.792465686798096,9744
18.802719831466675,9743
18.831531763076782,9742
18.841881036758423,9741
18.851789236068726,9740
18.906782388687134,9739
18.932609796524048,9738
18.9427707195282,9737
18.982730627059937,9736
18.9996440410614,9735
19.00995182991028,9734
19.05406403541565,9733
19.064330101013184,9732
19.086559057235718,9731
19.096923828125,9730
19.107157468795776,9729
19.127243041992188,9728
19.13737201690674,9727
19.152931451797485,9726
19.171860933303833,9725
19.181964874267578,9724
19.20242428779602,9723
19.220520734786987,9722
19.238028526306152,9721
19.24823760986328,9720
19.262027263641357,9719
19.280636072158813,9718
19.299360752105713,9717
19.31490397453308,9716
19.33304524421692,9715
19.34426236152649,9714
19.36214280128479,9713
19.40237021446228,9712
19.4272780418396,9711
19.43922233581543,9710
19.474971532821655,9709
19.485074281692505,9708
19.495723247528076,9707
19.50573205947876,9706
19.541651964187622,9705
19.551581859588623,9704
19.58363676071167,9703
19.619999170303345,9702
19.630204916000366,9701
19.64712381362915,9700
19.6676607131958,9699
19.6849045753479,9698
19.695059061050415,9697
19.705563068389893,9696
19.729835271835327,9695
19.76401686668396,9694
19.779293298721313,9693
19.789265632629395,9692
19.83887767791748,9691
19.85630226135254,9690
19.8664972782135,9689
19.881062507629395,9688
19.896009922027588,9687
19.92504096031189,9686
19.943603038787842,9685
19.953744649887085,9684
19.971487760543823,9683
19.99837827682495,9682
20.02488660812378,9681
20.03517746925354,9680
20.051952362060547,9679
20.06206178665161,9678
20.079549074172974,9677
20.089539051055908,9676
20.10471510887146,9675
20.114716291427612,9674
20.14124822616577,9673
20.17759132385254,9672
20.187942504882812,9671
20.197842597961426,9670
20.215725421905518,9669
20.22558069229126,9668
20.260778665542603,9667
20.271010637283325,9666
20.316328048706055,9665
20.338809490203857,9664
20.361940383911133,9663
20.37547492980957,9662
20.396387577056885,9661
20.413438081741333,9660
20.43169355392456,9659
20.465813636779785,9658
20.478536367416382,9657
20.488994121551514,9656
20.53314518928528,9655
20.54353380203247,9654
20.561296701431274,9653
20.571555137634277,9652
20.581854820251465,9651
20.61259698867798,9650
20.658648014068604,9649
20.669105768203735,9648
20.703248977661133,9647
20.755550861358643,9646
20.76561212539673,9645
20.793782472610474,9644
20.81170082092285,9643
20.824656009674072,9642
20.83467984199524,9641
20.84507179260254,9640
20.868432760238647,9639
20.912841796875,9638
20.92334532737732,9637
20.9429669380188,9636
20.95321011543274,9635
21.014381408691406,9634
21.024600982666016,9633
21.034818649291992,9632
21.075406312942505,9631
21.09191107749939,9630
21.15985631942749,9629
21.17997646331787,9628
21.190484046936035,9627
21.22005820274353,9626
21.230018138885498,9625
21.253846406936646,9624
21.334636688232422,9623
21.38044261932373,9622
21.39078187942505,9621
21.400914907455444,9620
21.421528816223145,9619
21.431378602981567,9618
21.455995082855225,9617
21.47423505783081,9616
21.484466314315796,9615
21.494837284088135,9614
21.520535707473755,9613
21.531211137771606,9612
21.541511058807373,9611
21.55193567276001,9610
21.57715392112732,9609
21.590369939804077,9608
21.60520839691162,9607
21.634650707244873,9606
21.66356873512268,9605
21.674099922180176,9604
21.6913480758667,9603
21.706809282302856,9602
21.7417049407959,9601
21.752276182174683,9600
21.78265929222107,9599
21.804399967193604,9598
21.81450080871582,9597
21.824708223342896,9596
21.84159207344055,9595
21.863234281539917,9594
21.873315572738647,9593
21.88396120071411,9592
21.904244661331177,9591
21.914418935775757,9590
21.95320200920105,9589
21.963301181793213,9588
21.973514080047607,9587
21.983831644058228,9586
22.01064682006836,9585
22.02094602584839,9584
22.061099767684937,9583
22.071268558502197,9582
22.090402603149414,9581
22.121423959732056,9580
22.131986379623413,9579
22.142401218414307,9578
22.174256324768066,9577
22.18434166908264,9576
22.203421592712402,9575
22.222950220108032,9574
22.233001708984375,9573
22.24343252182007,9572
22.274561166763306,9571
22.28487277030945,9570
22.319038152694702,9569
22.346495866775513,9568
22.356640577316284,9567
22.37600302696228,9566
22.390079498291016,9565
22.400168657302856,9564
22.42048192024231,9563
22.430651903152466,9562
22.473411798477173,9561
22.510828018188477,9560
22.52108383178711,9559
22.575113534927368,9558
22.589481830596924,9557
22.59937596321106,9556
22.622668504714966,9555
22.638296842575073,9554
22.648545026779175,9553
22.68037223815918,9552
22.69081687927246,9551
22.708820581436157,9550
22.73720908164978,9549
22.75417399406433,9548
22.774569511413574,9547
22.784602403640747,9546
22.826998949050903,9545
22.84444308280945,9544
22.863149404525757,9543
22.87434434890747,9542
22.884241819381714,9541
22.90199375152588,9540
22.911945581436157,9539
22.922446727752686,9538
22.932899713516235,9537
22.956578493118286,9536
22.99088430404663,9535
23.019740104675293,9534
23.043850421905518,9533
23.07101559638977,9532
23.092650890350342,9531
23.102998733520508,9530
23.132732629776,9529
23.211904764175415,9528
23.222304582595825,9527
23.249765157699585,9526
23.280715942382812,9525
23.29194664955139,9524
23.312148332595825,9523
23.324219942092896,9522
23.342519283294678,9521
23.37083673477173,9520
23.381089210510254,9519
23.391302347183228,9518
23.401237726211548,9517
23.411465406417847,9516
23.42141819000244,9515
23.431905508041382,9514
23.442049503326416,9513
23.455926656723022,9512
23.472127676010132,9511
23.4824161529541,9510
23.492883443832397,9509
23.51854681968689,9508
23.547103881835938,9507
23.557340621948242,9506
23.57249641418457,9505
23.591710329055786,9504
23.611859560012817,9503
23.621888160705566,9502
23.6371648311615,9501
23.657100677490234,9500
23.67621660232544,9499
23.686748027801514,9498
23.70574927330017,9497
23.726041555404663,9496
23.736107110977173,9495
23.79409146308899,9494
23.804301261901855,9493
23.814504384994507,9492
23.824790000915527,9491
23.834927797317505,9490
23.8619863986969,9489
23.87199854850769,9488
23.898367404937744,9487
23.929319381713867,9486
23.944974660873413,9485
23.955336332321167,9484
23.98228430747986,9483
23.992164134979248,9482
24.003235816955566,9481
24.06464672088623,9480
24.10318613052368,9479
24.113385677337646,9478
24.130899667739868,9477
24.14106822013855,9476
24.157697677612305,9475
24.208800554275513,9474
24.219120740890503,9473
24.231293201446533,9472
24.248184204101562,9471
24.28506588935852,9470
24.327038288116455,9469
24.347015142440796,9468
24.359821319580078,9467
24.369919300079346,9466
24.380273818969727,9465
24.398524284362793,9464
24.429319858551025,9463
24.455890417099,9462
24.487711191177368,9461
24.507001638412476,9460
24.51723623275757,9459
24.536518335342407,9458
24.551509141921997,9457
24.621052742004395,9456
24.631346702575684,9455
24.656688451766968,9454
24.667088747024536,9453
24.732571363449097,9452
24.7454354763031,9451
24.77463722229004,9450
24.80463719367981,9449
24.820724964141846,9448
24.83829379081726,9447
24.878841161727905,9446
24.88932967185974,9445
24.902120351791382,9444
24.950816869735718,9443
24.99275827407837,9442
25.01516056060791,9441
25.048262357711792,9440
25.058525323867798,9439
25.113884449005127,9438
25.124619245529175,9437
25.183060884475708,9436
25.19295835494995,9435
25.20336079597473,9434
25.22026300430298,9433
25.230329751968384,9432
25.275625705718994,9431
25.295337677001953,9430
25.305321216583252,9429
25.31564998626709,9428
25.333343744277954,9427
25.37009882926941,9426
25.45467758178711,9425
25.500585794448853,9424
25.54154682159424,9423
25.577768087387085,9422
25.587812900543213,9421
25.607534170150757,9420
25.63718032836914,9419
25.664382457733154,9418
25.674264430999756,9417
25.689966201782227,9416
25.74231243133545,9415
25.773162603378296,9414
25.783722400665283,9413
25.814206838607788,9412
25.824743032455444,9411
25.840930223464966,9410
25.85113215446472,9409
25.8719699382782,9408
25.904085159301758,9407
25.957974672317505,9406
25.97787594795227,9405
25.98796272277832,9404
25.998133420944214,9403
26.009164094924927,9402
26.01941442489624,9401
26.03614044189453,9400
26.04963994026184,9399
26.061885356903076,9398
26.11898899078369,9397
26.129596710205078,9396
26.150864362716675,9395
26.161593437194824,9394
26.1766459941864,9393
26.19443941116333,9392
26.23085045814514,9391
26.345051527023315,9390
26.4358549118042,9389
26.455539226531982,9388
26.478148460388184,9387
26.501103401184082,9386
26.5384738445282,9385
26.553029537200928,9384
26.566284894943237,9383
26.658193826675415,9382
26.683775901794434,9381
26.69530439376831,9380
26.705340147018433,9379
26.72853398323059,9378
26.770039558410645,9377
26.780246019363403,9376
26.790660858154297,9375
26.800676584243774,9374
26.836145877838135,9373
26.902406930923462,9372
26.913068056106567,9371
26.957982063293457,9370
26.983154773712158,9369
27.018505573272705,9368
27.0530846118927,9367
27.09404969215393,9366
27.1391818523407,9365
27.14957308769226,9364
27.19611668586731,9363
27.206167459487915,9362
27.237457036972046,9361
27.247685194015503,9360
27.269864320755005,9359
27.29849338531494,9358
27.389832019805908,9357
27.399977684020996,9356
27.431339979171753,9355
27.46511197090149,9354
27.47545075416565,9353
27.4888117313385,9352
27.52088475227356,9351
27.54995632171631,9350
27.56799030303955,9349
27.578078985214233,9348
27.588300228118896,9347
27.610597372055054,9346
27.62717080116272,9345
27.637204885482788,9344
27.652782440185547,9343
27.69916796684265,9342
27.71987748146057,9341
27.735379219055176,9340
27.760579586029053,9339
27.785314321517944,9338
27.798140287399292,9337
27.82753825187683,9336
27.863903760910034,9335
27.877748250961304,9334
27.916887998580933,9333
27.938034772872925,9332
27.991140842437744,9331
28.019970893859863,9330
28.044517755508423,9329
28.072266101837158,9328
28.102128744125366,9327
28.112481117248535,9326
28.146293878555298,9325
28.16453218460083,9324
28.22377610206604,9323
28.247946739196777,9322
28.308130979537964,9321
28.31852078437805,9320
28.33928418159485,9319
28.36296272277832,9318
28.37308096885681,9317
28.414463758468628,9316
28.44971227645874,9315
28.467644929885864,9314
28.487554788589478,9313
28.497982501983643,9312
28.525167226791382,9311
28.552611351013184,9310
28.60301923751831,9309
28.622966766357422,9308
28.633419036865234,9307
28.652750730514526,9306
28.66281533241272,9305
28.77602481842041,9304
28.817869901657104,9303
28.827857494354248,9302
28.85599946975708,9301
28.866482257843018,9300
28.902960062026978,9299
28.95596742630005,9298
28.97674536705017,9297
29.018392324447632,9296
29.046896934509277,9295
29.10050368309021,9294
29.110832452774048,9293
29.121299028396606,9292
29.13218379020691,9291
29.142220735549927,9290
29.16253113746643,9289
29.17285990715027,9288
29.183066606521606,9287
29.19343590736389,9286
29.220956802368164,9285
29.231417417526245,9284
29.25751519203186,9283
29.29662036895752,9282
29.31491184234619,9281
29.331921100616455,9280
29.3685884475708,9279
29.378989696502686,9278
29.39133095741272,9277
29.410934925079346,9276
29.477169513702393,9275
29.500983476638794,9274
29.53216290473938,9273
29.577866792678833,9272
29.58916735649109,9271
29.609257698059082,9270
29.619454622268677,9269
29.68995475769043,9268
29.749029397964478,9267
29.77028226852417,9266
29.784925937652588,9265
29.794913291931152,9264
29.813790321350098,9263
29.860422611236572,9262
29.87066674232483,9261
29.89326548576355,9260
29.90341854095459,9259
29.939355850219727,9258
29.966628313064575,9257
29.97773766517639,9256
30.015061140060425,9255
30.02698826789856,9254
30.04383897781372,9253
30.06663727760315,9252
30.076868295669556,9251
30.112475156784058,9250
30.13494300842285,9249
30.177064180374146,9248
30.226176261901855,9247
30.236325979232788,9246
30.246578693389893,9245
30.256999015808105,9244
30.267280340194702,9243
30.288974046707153,9242
30.30819344520569,9241
30.3306667804718,9240
30.34869146347046,9239
30.35870909690857,9238
30.37302565574646,9237
30.383180379867554,9236
30.39345908164978,9235
30.403841733932495,9234
30.42171359062195,9233
30.43205451965332,9232
30.442095279693604,9231
30.452503442764282,9230
30.462509393692017,9229
30.494513273239136,9228
30.516380310058594,9227
30.53189992904663,9226
30.55878186225891,9225
30.611270427703857,9224
30.636937618255615,9223
30.654337406158447,9222
30.674771547317505,9221
30.694952964782715,9220
30.744681358337402,9219
30.77523159980774,9218
30.806891679763794,9217
30.852939128875732,9216
30.86314058303833,9215
30.878653287887573,9214
30.953433752059937,9213
31.090292930603027,9212
31.10021734237671,9211
31.11525249481201,9210
31.131864547729492,9209
31.174729108810425,9208
31.273176431655884,9207
31.303841829299927,9206
31.31378483772278,9205
31.32459020614624,9204
31.34347915649414,9203
31.353909969329834,9202
31.379272937774658,9201
31.41645860671997,9200
31.458460092544556,9199
31.468796253204346,9198
31.48274517059326,9197
31.52383804321289,9196
31.54435706138611,9195
31.60195279121399,9194
31.634791374206543,9193
31.670327186584473,9192
31.721450567245483,9191
31.74217653274536,9190
31.76416826248169,9189
31.79586696624756,9188
31.832884311676025,9187
31.852949380874634,9186
31.86783528327942,9185
31.89218831062317,9184
31.931787729263306,9183
31.992661476135254,9182
32.025328397750854,9181
32.05269980430603,9180
32.547754526138306,9179
32.55827188491821,9178
32.58996915817261,9177
32.614869117736816,9176
32.62600779533386,9175
32.63641285896301,9174
32.67329406738281,9173
32.70445942878723,9172
32.736342668533325,9171
32.814746379852295,9170
32.82468366622925,9169
32.834946632385254,9168
32.89527153968811,9167
32.90764784812927,9166
32.91812205314636,9165
32.92883920669556,9164
32.958006381988525,9163
32.9709312915802,9162
32.98098874092102,9161
33.00473403930664,9160
33.029625415802,9159
33.03981113433838,9158
33.05017876625061,9157
33.078524351119995,9156
33.096494913101196,9155
33.106544494628906,9154
33.11693501472473,9153
33.12791347503662,9152
33.15362739562988,9151
33.19842338562012,9150
33.208932876586914,9149
33.21958804130554,9148
33.25166869163513,9147
33.28994536399841,9146
33.319814920425415,9145
33.33770728111267,9144
33.35461187362671,9143
33.44785237312317,9142
33.45937514305115,9141
33.47602200508118,9140
33.494025468826294,9139
33.50401306152344,9138
33.51470184326172,9137
33.551799297332764,9136
33.636327028274536,9135
33.649712324142456,9134
33.66011428833008,9133
33.67042016983032,9132
33.68345546722412,9131
33.70132398605347,9130
33.71144247055054,9129
33.726557970047,9128
33.77259016036987,9127
33.79837155342102,9126
33.82242035865784,9125
33.84286856651306,9124
33.853076457977295,9123
33.91799521446228,9122
33.93762135505676,9121
34.01511359214783,9120
34.090821743011475,9119
34.114811420440674,9118
34.13268709182739,9117
34.17485022544861,9116
34.185065031051636,9115
34.194992542266846,9114
34.264326095581055,9113
34.30525612831116,9112
34.324896574020386,9111
34.37530827522278,9110
34.38541340827942,9109
34.39966940879822,9108
34.410019397735596,9107
34.4601788520813,9106
34.50586199760437,9105
34.51607084274292,9104
34.56606650352478,9103
34.58748483657837,9102
34.61576819419861,9101
34.63144326210022,9100
34.72584009170532,9099
34.74981331825256,9098
34.760172605514526,9097
34.944377183914185,9096
34.97970247268677,9095
34.99018406867981,9094
35.00457310676575,9093
35.08244061470032,9092
35.15747570991516,9091
35.17007112503052,9090
35.218053340911865,9089
35.274370193481445,9088
35.28482389450073,9087
35.32753133773804,9086
35.3452627658844,9085
35.376803159713745,9084
35.41955780982971,9083
35.43479609489441,9082
35.44481706619263,9081
35.45509672164917,9080
35.465519428253174,9079
35.53931427001953,9078
35.646990060806274,9077
35.681804180145264,9076
35.697423458099365,9075
35.70773649215698,9074
35.7286901473999,9073
35.74602556228638,9072
35.76918411254883,9071
35.785244941711426,9070
35.8204665184021,9069
35.831037282943726,9068
35.852272748947144,9067
35.872814416885376,9066
35.88365936279297,9065
35.905829668045044,9064
35.9404878616333,9063
35.97438168525696,9062
35.989535093307495,9061
36.00621819496155,9060
36.03290605545044,9059
36.04331350326538,9058
36.06202411651611,9057
36.08268094062805,9056
36.093191623687744,9055
36.10335874557495,9054
36.14642286300659,9053
36.16636085510254,9052
36.17632460594177,9051
36.23980212211609,9050
36.250104904174805,9049
36.26128673553467,9048
36.29293632507324,9047
36.30330967903137,9046
36.322656869888306,9045
36.33770418167114,9044
36.353493452072144,9043
36.37204718589783,9042
36.405617237091064,9041
36.42615747451782,9040
36.43657851219177,9039
36.45254707336426,9038
36.48871612548828,9037
36.529531717300415,9036
36.54463267326355,9035
36.66385459899902,9034
36.68611145019531,9033
36.69634008407593,9032
36.752605676651,9031
36.77112865447998,9030
36.82041621208191,9029
36.83818817138672,9028
36.86587190628052,9027
36.89547276496887,9026
36.95286250114441,9025
37.00080442428589,9024
37.04790639877319,9023
37.05813455581665,9022
37.06835079193115,9021
37.100701570510864,9020
37.11080598831177,9019
37.138814210891724,9018
37.156896114349365,9017
37.180094480514526,9016
37.190332651138306,9015
37.26103401184082,9014
37.271207332611084,9013
37.28962302207947,9012
37.36014771461487,9011
37.374269247055054,9010
37.44585919380188,9009
37.46503186225891,9008
37.5165581703186,9007
37.52713131904602,9006
37.537660121917725,9005
37.55692529678345,9004
37.573227405548096,9003
37.628188610076904,9002
37.658185958862305,9001
37.67580962181091,9000
37.73218107223511,8999
37.74874186515808,8998
37.801673412323,8997
37.83002829551697,8996
37.878621339797974,8995
37.918734550476074,8994
37.92935037612915,8993
37.976213693618774,8992
38.01439118385315,8991
38.02440142631531,8990
38.05659222602844,8989
38.0949273109436,8988
38.1202290058136,8987
38.165945053100586,8986
38.21441841125488,8985
38.2408607006073,8984
38.25815486907959,8983
38.26849031448364,8982
38.289048194885254,8981
38.31276297569275,8980
38.352928161621094,8979
38.37817120552063,8978
38.38819360733032,8977
38.41882038116455,8976
38.45649480819702,8975
38.477877378463745,8974
38.48838758468628,8973
38.498799562454224,8972
38.51302981376648,8971
38.56178307533264,8970
38.61361742019653,8969
38.63250184059143,8968
38.64294958114624,8967
38.689602851867676,8966
38.75158953666687,8965
38.77374267578125,8964
38.784151554107666,8963
38.8134651184082,8962
38.82409882545471,8961
38.84718608856201,8960
38.86790347099304,8959
38.89392042160034,8958
38.91378951072693,8957
38.952656269073486,8956
38.996222734451294,8955
39.01719284057617,8954
39.09308576583862,8953
39.13205933570862,8952
39.191115617752075,8951
39.20145010948181,8950
39.21207022666931,8949
39.24831795692444,8948
39.27956438064575,8947
39.301584005355835,8946
39.32219386100769,8945
39.33332967758179,8944
39.3613383769989,8943
39.3793511390686,8942
39.390291929244995,8941
39.41026782989502,8940
39.44900631904602,8939
39.521068811416626,8938
39.562845945358276,8937
39.62730050086975,8936
39.643574476242065,8935
39.672988176345825,8934
39.7075982093811,8933
39.71926426887512,8932
39.74620461463928,8931
39.77006149291992,8930
39.82822823524475,8929
39.854412317276,8928
39.883845806121826,8927
39.975093364715576,8926
40.045978307724,8925
40.05599641799927,8924
40.084888219833374,8923
40.10406494140625,8922
40.11440658569336,8921
40.14837956428528,8920
40.15890979766846,8919
40.1691837310791,8918
40.1898250579834,8917
40.249226570129395,8916
40.259469509124756,8915
40.29931282997131,8914
40.34121322631836,8913
40.3938627243042,8912
40.42838096618652,8911
40.47124910354614,8910
40.48153734207153,8909
40.50197625160217,8908
40.5123770236969,8907
40.60136556625366,8906
40.646538734436035,8905
40.6628577709198,8904
40.710566997528076,8903
40.721035957336426,8902
40.73170781135559,8901
40.76405334472656,8900
40.79250240325928,8899
40.80830717086792,8898
40.81869125366211,8897
40.84312295913696,8896
40.87665581703186,8895
40.893837213516235,8894
40.952619552612305,8893
40.979323625564575,8892
41.01513314247131,8891
41.034342765808105,8890
41.053565979003906,8889
41.09180784225464,8888
41.101722717285156,8887
41.112146854400635,8886
41.17171621322632,8885
41.182464838027954,8884
41.22190070152283,8883
41.238693714141846,8882
41.249025106430054,8881
41.269572257995605,8880
41.29035472869873,8879
41.30618071556091,8878
41.34607481956482,8877
41.37451410293579,8876
41.394089698791504,8875
41.40408492088318,8874
41.450374603271484,8873
41.477041244506836,8872
41.487539291381836,8871
41.499125719070435,8870
41.66058087348938,8869
41.73439884185791,8868
41.77002191543579,8867
41.855209827423096,8866
41.877506256103516,8865
41.892441511154175,8864
41.90251135826111,8863
41.950289487838745,8862
41.99931025505066,8861
42.02466154098511,8860
42.11028861999512,8859
42.12075328826904,8858
42.15182280540466,8857
42.16500520706177,8856
42.2045955657959,8855
42.224329471588135,8854
42.23458695411682,8853
42.269153356552124,8852
42.29333829879761,8851
42.30335068702698,8850
42.31377124786377,8849
42.37608075141907,8848
42.44724369049072,8847
42.56764006614685,8846
42.630913972854614,8845
42.691892862319946,8844
42.70223259925842,8843
42.71657752990723,8842
42.78126764297485,8841
42.7965772151947,8840
42.86822152137756,8839
42.890647411346436,8838
42.933348417282104,8837
42.97996187210083,8836
43.02253341674805,8835
43.06101584434509,8834
43.09648871421814,8833
43.10705280303955,8832
43.20179724693298,8831
43.23593616485596,8830
43.286340951919556,8829
43.29677081108093,8828
43.35387110710144,8827
43.385174036026,8826
43.48265838623047,8825
43.55644631385803,8824
43.61409568786621,8823
43.625025510787964,8822
43.64526343345642,8821
43.6663556098938,8820
43.69491171836853,8819
43.70530867576599,8818
43.746482849121094,8817
43.76463866233826,8816
43.79398536682129,8815
43.80427408218384,8814
43.8409469127655,8813
43.851438999176025,8812
43.96312856674194,8811
44.02256774902344,8810
44.08242630958557,8809
44.102471590042114,8808
44.112788915634155,8807
44.12366580963135,8806
44.134997844696045,8805
44.14538049697876,8804
44.18976092338562,8803
44.2119779586792,8802
44.22239112854004,8801
44.25567936897278,8800
44.27923941612244,8799
44.3565776348114,8798
44.410505294799805,8797
44.4684522151947,8796
44.537107706069946,8795
44.55702614784241,8794
44.62704253196716,8793
44.711121559143066,8792
44.78221917152405,8791
44.824687004089355,8790
44.856276750564575,8789
44.90396213531494,8788
44.932941198349,8787
44.96412444114685,8786
44.97456216812134,8785
44.98455214500427,8784
45.0018196105957,8783
45.02201747894287,8782
45.151801347732544,8781
45.347723960876465,8780
45.37098503112793,8779
45.401408672332764,8778
45.453104734420776,8777
45.46326923370361,8776
45.473641872406006,8775
45.50468611717224,8774
45.578689098358154,8773
45.59762954711914,8772
45.61007118225098,8771
45.676512718200684,8770
45.686556339263916,8769
45.69686007499695,8768
45.72390937805176,8767
45.7413604259491,8766
45.761446475982666,8765
45.80047154426575,8764
45.842129945755005,8763
45.85225033760071,8762
45.92350149154663,8761
45.93427586555481,8760
45.97480225563049,8759
46.00451326370239,8758
46.04047417640686,8757
46.08698749542236,8756
46.097233057022095,8755
46.1176073551178,8754
46.13629770278931,8753
46.14644002914429,8752
46.16028714179993,8751
46.17070770263672,8750
46.18788242340088,8749
46.24991703033447,8748
46.29350829124451,8747
46.30404329299927,8746
46.3350350856781,8745
46.37649941444397,8744
46.38660931587219,8743
46.40004563331604,8742
46.442124366760254,8741
46.4750120639801,8740
46.60870885848999,8739
46.661051988601685,8738
46.683197021484375,8737
46.72294569015503,8736
46.77930736541748,8735
46.84015512466431,8734
46.90885257720947,8733
46.98361897468567,8732
47.00436973571777,8731
47.02968740463257,8730
47.07409381866455,8729
47.119693756103516,8728
47.19209551811218,8727
47.20801758766174,8726
47.29575753211975,8725
47.32853364944458,8724
47.361188650131226,8723
47.64503288269043,8722
47.65532922744751,8721
47.71828842163086,8720
47.7359778881073,8719
47.74649739265442,8718
47.76843476295471,8717
47.77986431121826,8716
47.78990721702576,8715
47.8458993434906,8714
47.8921160697937,8713
47.90399193763733,8712
47.914448976516724,8711
47.99936842918396,8710
48.035767793655396,8709
48.05408596992493,8708
48.10393571853638,8707
48.12065768241882,8706
48.14751935005188,8705
48.16419792175293,8704
48.25199580192566,8703
48.26218557357788,8702
48.347538471221924,8701
48.35790157318115,8700
48.380436182022095,8699
48.40094804763794,8698
48.48872089385986,8697
48.5863401889801,8696
48.622385025024414,8695
48.63274121284485,8694
48.70805811882019,8693
48.72276496887207,8692
48.768410444259644,8691
48.800377368927,8690
48.81504034996033,8689
48.844342947006226,8688
48.870116233825684,8687
48.90255904197693,8686
48.91282105445862,8685
48.960618019104004,8684
49.00442457199097,8683
49.1204195022583,8682
49.14280819892883,8681
49.24493145942688,8680
49.26698613166809,8679
49.27702760696411,8678
49.291168212890625,8677
49.31742715835571,8676
49.362749338150024,8675
49.38834023475647,8674
49.411895751953125,8673
49.46552777290344,8672
49.587249517440796,8671
49.72543406486511,8670
49.767417669296265,8669
49.80526351928711,8668
49.815678358078,8667
49.83586359024048,8666
49.864643573760986,8665
49.9286847114563,8664
49.949092388153076,8663
50.06815767288208,8662
50.11812400817871,8661
50.23282837867737,8660
50.32257556915283,8659
50.37610483169556,8658
50.38666319847107,8657
50.416120529174805,8656
50.45291876792908,8655
50.47441601753235,8654
50.499929666519165,8653
50.57726716995239,8652
50.596521854400635,8651
50.60667967796326,8650
50.651633739471436,8649
50.66169762611389,8648
50.71551728248596,8647
50.7261438369751,8646
50.75559735298157,8645
50.77609896659851,8644
50.857693910598755,8643
50.935938119888306,8642
50.97125840187073,8641
50.9987576007843,8640
51.05536913871765,8639
51.11161279678345,8638
51.220072984695435,8637
51.24982261657715,8636
51.27032399177551,8635
51.34254789352417,8634
51.3677294254303,8633
51.46954154968262,8632
51.51038861274719,8631
51.52085900306702,8630
51.5651376247406,8629
51.59915018081665,8628
51.69860076904297,8627
51.7183096408844,8626
51.7286810874939,8625
51.848387479782104,8624
51.88273620605469,8623
51.94540739059448,8622
52.04091191291809,8621
52.074301958084106,8620
52.168227434158325,8619
52.22216439247131,8618
52.246830224990845,8617
52.26631498336792,8616
52.301472663879395,8615
52.34374403953552,8614
52.36440825462341,8613
52.39509701728821,8612
52.42021346092224,8611
52.43057990074158,8610
52.45835471153259,8609
52.48407459259033,8608
52.494380950927734,8607
52.505229234695435,8606
52.52408576011658,8605
52.53492188453674,8604
52.74223971366882,8603
52.75267171859741,8602
52.77342081069946,8601
52.797879219055176,8600
52.808027505874634,8599
52.85350775718689,8598
52.871649980545044,8597
52.9942901134491,8596
53.03157043457031,8595
53.05460166931152,8594
53.112037897109985,8593
53.12260055541992,8592
53.248268842697144,8591
53.37028169631958,8590
53.43268156051636,8589
53.526060819625854,8588
53.53673338890076,8587
53.5500693321228,8586
53.56046986579895,8585
53.57091474533081,8584
53.596081495285034,8583
53.65125393867493,8582
53.70753860473633,8581
53.72846746444702,8580
53.74946355819702,8579
53.89172172546387,8578
53.993738889694214,8577
54.040515661239624,8576
54.06079626083374,8575
54.104936838150024,8574
54.12193536758423,8573
54.27071213722229,8572
54.4402129650116,8571
54.467241287231445,8570
54.489177227020264,8569
54.500812292099,8568
54.54649782180786,8567
54.579352617263794,8566
54.673033475875854,8565
54.70335340499878,8564
54.728413105010986,8563
54.73902201652527,8562
54.77209258079529,8561
54.78244113922119,8560
54.97016382217407,8559
55.07341933250427,8558
55.086854219436646,8557
55.10744500160217,8556
55.11783027648926,8555
55.135727882385254,8554
55.199044704437256,8553
55.25270867347717,8552
55.263144731521606,8551
55.28128910064697,8550
55.29182457923889,8549
55.351683616638184,8548
55.37882375717163,8547
55.401633977890015,8546
55.412142276763916,8545
55.5085813999176,8544
55.58696794509888,8543
55.72292137145996,8542
55.783233642578125,8541
55.798733949661255,8540
55.80999565124512,8539
55.83865022659302,8538
55.86630415916443,8537
55.926711320877075,8536
56.08067488670349,8535
56.09106373786926,8534
56.10144114494324,8533
56.17168045043945,8532
56.19035053253174,8531
56.28136706352234,8530
56.32745885848999,8529
56.38166427612305,8528
56.39884877204895,8527
56.47041654586792,8526
56.54985475540161,8525
56.57866835594177,8524
56.60173535346985,8523
56.70791745185852,8522
56.82562589645386,8521
56.846431016922,8520
56.877362966537476,8519
57.05815029144287,8518
57.104628801345825,8517
57.11504530906677,8516
57.1770555973053,8515
57.218393325805664,8514
57.24111461639404,8513
57.30607533454895,8512
57.34227776527405,8511
57.35272669792175,8510
57.40403342247009,8509
57.424384117126465,8508
57.49899649620056,8507
57.51604700088501,8506
57.63632845878601,8505
57.676159143447876,8504
57.720808267593384,8503
57.74577713012695,8502
57.76635813713074,8501
57.77662467956543,8500
57.816051959991455,8499
57.826411485672,8498
57.88118553161621,8497
57.937387466430664,8496
57.98450970649719,8495
58.00519061088562,8494
58.10219383239746,8493
58.12230920791626,8492
58.17176294326782,8491
58.22454762458801,8490
58.29434323310852,8489
58.3836829662323,8488
58.40417838096619,8487
58.46461796760559,8486
58.49421262741089,8485
58.61311626434326,8484
58.633729696273804,8483
58.65086913108826,8482
58.68142819404602,8481
58.806201219558716,8480
58.88819360733032,8479
58.997400999069214,8478
59.01907253265381,8477
59.049394845962524,8476
59.0682430267334,8475
59.085914611816406,8474
59.09974241256714,8473
59.12176060676575,8472
59.143065214157104,8471
59.161967754364014,8470
59.214653730392456,8469
59.251681089401245,8468
59.30894756317139,8467
59.31910061836243,8466
59.35195446014404,8465
59.45890808105469,8464
59.53925156593323,8463
59.550965785980225,8462
59.577712059020996,8461
59.599302768707275,8460
59.65091419219971,8459
59.662200689315796,8458
59.69173216819763,8457
59.73935294151306,8456
59.786245346069336,8455
59.841856718063354,8454
59.908819913864136,8453
59.995776891708374,8452
60.031848669052124,8451
60.0504355430603,8450
60.120720624923706,8449
60.182302951812744,8448
60.22626209259033,8447
60.29446625709534,8446
60.34462594985962,8445
60.35474944114685,8444
60.52139329910278,8443
60.56644535064697,8442
60.5770149230957,8441
60.637911796569824,8440
60.71880841255188,8439
60.763551235198975,8438
60.7911262512207,8437
60.94078516960144,8436
61.00794744491577,8435
61.01837205886841,8434
61.24777793884277,8433
61.31513166427612,8432
61.44935321807861,8431
61.585644245147705,8430
61.63203167915344,8429
61.69573521614075,8428
61.75108742713928,8427
61.80810236930847,8426
62.02097773551941,8425
62.03159213066101,8424
62.04209280014038,8423
62.077515602111816,8422
62.18951892852783,8421
62.217753171920776,8420
62.266329526901245,8419
62.33198356628418,8418
62.421907901763916,8417
62.45039439201355,8416
62.498802185058594,8415
62.52941298484802,8414
62.67315649986267,8413
62.69264054298401,8412
62.767160177230835,8411
62.7775981426239,8410
62.85509920120239,8409
62.98493242263794,8408
63.03587770462036,8407
63.0597562789917,8406
63.08054971694946,8405
63.12710356712341,8404
63.21260166168213,8403
63.277679681777954,8402
63.29290008544922,8401
63.37918829917908,8400
63.38970899581909,8399
63.42752003669739,8398
63.45205760002136,8397
63.546424865722656,8396
63.63759660720825,8395
63.66457414627075,8394
63.80595088005066,8393
63.909761905670166,8392
64.10512328147888,8391
64.13454842567444,8390
64.15286207199097,8389
64.1896870136261,8388
64.35393261909485,8387
64.37952327728271,8386
64.39988207817078,8385
64.45776438713074,8384
64.60174322128296,8383
64.61692500114441,8382
64.6930923461914,8381
64.70357513427734,8380
64.73843002319336,8379
64.81926393508911,8378
65.0101170539856,8377
65.04939126968384,8376
65.06025099754333,8375
65.07805323600769,8374
65.12086129188538,8373
65.29369711875916,8372
65.32183742523193,8371
65.36654663085938,8370
65.42708802223206,8369
65.50022029876709,8368
65.51033091545105,8367
65.59141755104065,8366
65.7703070640564,8365
65.81802701950073,8364
65.83403468132019,8363
65.85384702682495,8362
65.88549566268921,8361
65.91954970359802,8360
65.9743115901947,8359
66.0137939453125,8358
66.03119349479675,8357
66.14469265937805,8356
66.180100440979,8355
66.2432873249054,8354
66.26531195640564,8353
66.31065511703491,8352
66.32493877410889,8351
66.34360885620117,8350
66.39715838432312,8349
66.4631040096283,8348
66.52698826789856,8347
66.55912375450134,8346
66.57473611831665,8345
66.65911269187927,8344
66.66940474510193,8343
66.73415780067444,8342
66.7648777961731,8341
66.84840059280396,8340
66.85893821716309,8339
66.92852568626404,8338
67.06819558143616,8337
67.24989199638367,8336
67.28945732116699,8335
67.31365609169006,8334
67.37162137031555,8333
67.3817982673645,8332
67.41555714607239,8331
67.49169254302979,8330
67.58563733100891,8329
67.61726474761963,8328
67.64598250389099,8327
67.80623817443848,8326
67.84447479248047,8325
67.94518566131592,8324
67.96162939071655,8323
68.01248979568481,8322
68.05047345161438,8321
68.09995436668396,8320
68.12126302719116,8319
68.1436288356781,8318
68.20934581756592,8317
68.27286171913147,8316
68.3034155368805,8315
68.35214257240295,8314
68.46031475067139,8313
68.52272391319275,8312
68.5587260723114,8311
68.58529686927795,8310
68.63186764717102,8309
68.68659830093384,8308
68.72833752632141,8307
68.74509310722351,8306
68.76226353645325,8305
68.8175859451294,8304
68.85168719291687,8303
68.86195254325867,8302
68.90008187294006,8301
68.98859238624573,8300
69.03611469268799,8299
69.04644823074341,8298
69.22954893112183,8297
69.31749629974365,8296
69.47176027297974,8295
69.4820396900177,8294
69.91195869445801,8293
69.93618083000183,8292
69.94686269760132,8291
70.09355545043945,8290
70.20521640777588,8289
70.24748611450195,8288
70.28090405464172,8287
70.33625793457031,8286
70.38557147979736,8285
70.46178388595581,8284
70.47185897827148,8283
70.59799361228943,8282
70.65771150588989,8281
70.68261694908142,8280
70.71594548225403,8279
70.82272481918335,8278
70.89263272285461,8277
70.92970156669617,8276
70.98324608802795,8275
70.99378895759583,8274
71.15161156654358,8273
71.19268822669983,8272
71.31371331214905,8271
71.48325371742249,8270
71.60533905029297,8269
71.71404075622559,8268
71.74086356163025,8267
71.8045642375946,8266
71.86226081848145,8265
72.04833030700684,8264
72.06597185134888,8263
72.08697009086609,8262
72.11724281311035,8261
72.12822389602661,8260
72.20494294166565,8259
72.27822303771973,8258
72.35200214385986,8257
72.40824890136719,8256
72.53309345245361,8255
72.56900334358215,8254
72.59313488006592,8253
72.78372025489807,8252
72.83240842819214,8251
72.9023654460907,8250
72.99351167678833,8249
73.0519609451294,8248
73.17759227752686,8247
73.1957175731659,8246
73.26210355758667,8245
73.31138515472412,8244
73.32810163497925,8243
73.4231173992157,8242
73.43703079223633,8241
73.51626253128052,8240
73.53349471092224,8239
73.69595646858215,8238
73.70628571510315,8237
73.7439775466919,8236
73.86952877044678,8235
73.89790940284729,8234
73.95076417922974,8233
73.98122763633728,8232
74.00287580490112,8231
74.05975341796875,8230
74.17804455757141,8229
74.21791958808899,8228
74.34504556655884,8227
74.44020915031433,8226
74.49681544303894,8225
74.62009453773499,8224
74.63333678245544,8223
74.72585129737854,8222
74.87919425964355,8221
74.98656630516052,8220
75.05225849151611,8219
75.0869562625885,8218
75.16578006744385,8217
75.24159598350525,8216
75.31557941436768,8215
75.45460891723633,8214
75.61783409118652,8213
75.73411631584167,8212
75.79594302177429,8211
75.89504432678223,8210
75.92900943756104,8209
75.94383096694946,8208
76.12651014328003,8207
76.13710260391235,8206
76.15456461906433,8205
76.16508722305298,8204
76.19143843650818,8203
76.25227880477905,8202
76.32513809204102,8201
76.37742614746094,8200
76.39476990699768,8199
76.44745588302612,8198
76.45862221717834,8197
76.53387928009033,8196
76.72025895118713,8195
76.74235701560974,8194
76.78757858276367,8193
76.89413523674011,8192
76.91448163986206,8191
77.01408958435059,8190
77.140061378479,8189
77.16896843910217,8188
77.18548274040222,8187
77.39821910858154,8186
77.55096101760864,8185
77.61123871803284,8184
77.74074339866638,8183
77.83977794647217,8182
77.88578224182129,8181
77.9549503326416,8180
78.0851354598999,8179
78.39822268486023,8178
78.47285628318787,8177
78.59973740577698,8176
78.69749712944031,8175
78.73968529701233,8174
78.77245664596558,8173
78.81084203720093,8172
78.86177253723145,8171
78.98406600952148,8170
79.11332106590271,8169
79.17631793022156,8168
79.18972110748291,8167
79.3432400226593,8166
79.3741238117218,8165
79.39915728569031,8164
79.49737858772278,8163
79.67523765563965,8162
79.73863577842712,8161
79.90046906471252,8160
79.93402290344238,8159
80.02660727500916,8158
80.27685141563416,8157
80.36145949363708,8156
80.41157126426697,8155
80.58225655555725,8154
80.59267354011536,8153
80.78945183753967,8152
80.81182432174683,8151
80.86976289749146,8150
80.883061170578,8149
81.01272368431091,8148
81.08352565765381,8147
81.1468493938446,8146
81.16579985618591,8145
81.80632758140564,8144
81.86273241043091,8143
81.90169644355774,8142
81.91215229034424,8141
82.00933718681335,8140
82.10117077827454,8139
82.17462730407715,8138
82.24204444885254,8137
82.2630615234375,8136
82.31604719161987,8135
82.41931462287903,8134
82.74008750915527,8133
82.84484219551086,8132
83.03678297996521,8131
83.07565236091614,8130
83.10530424118042,8129
83.15348315238953,8128
83.19846320152283,8127
83.28822684288025,8126
83.3381917476654,8125
83.38491725921631,8124
83.48244047164917,8123
83.71206736564636,8122
83.74033403396606,8121
83.76892304420471,8120
83.81351017951965,8119
83.85354113578796,8118
84.02745413780212,8117
84.03786563873291,8116
84.05734062194824,8115
84.3446536064148,8114
84.37158012390137,8113
84.3918104171753,8112
84.4311797618866,8111
84.4987256526947,8110
84.5569109916687,8109
84.68280625343323,8108
84.74362921714783,8107
84.76106667518616,8106
84.86878275871277,8105
84.9211802482605,8104
84.96876502037048,8103
85.01096415519714,8102
85.08110356330872,8101
85.16930603981018,8100
85.23480415344238,8099
85.46973943710327,8098
85.55946278572083,8097
85.58609461784363,8096
85.60119199752808,8095
85.7094714641571,8094
85.78260803222656,8093
85.8032603263855,8092
85.90807247161865,8091
85.91858792304993,8090
85.93266367912292,8089
86.1561062335968,8088
86.61959075927734,8087
86.66447305679321,8086
86.72527289390564,8085
86.79146838188171,8084
86.8309805393219,8083
86.86881875991821,8082
86.90168237686157,8081
86.97300148010254,8080
87.2324423789978,8079
87.31920433044434,8078
87.50851535797119,8077
87.529940366745,8076
87.79473543167114,8075
87.81373810768127,8074
87.84587669372559,8073
87.87268495559692,8072
87.88305449485779,8071
87.91761064529419,8070
88.06442737579346,8069
88.09012937545776,8068
88.12523436546326,8067
88.19967985153198,8066
88.2209198474884,8065
88.30072116851807,8064
88.33303189277649,8063
88.46449637413025,8062
88.51736617088318,8061
88.75360202789307,8060
88.996009349823,8059
89.01406049728394,8058
89.02414965629578,8057
89.07340097427368,8056
89.13906478881836,8055
89.18762946128845,8054
89.257239818573,8053
89.26758193969727,8052
89.30016613006592,8051
89.31026315689087,8050
89.37230229377747,8049
89.4505295753479,8048
89.49047350883484,8047
89.57254648208618,8046
89.67314505577087,8045
89.73443531990051,8044
89.80511116981506,8043
89.98709678649902,8042
90.22856378555298,8041
90.28085947036743,8040
90.32020378112793,8039
90.50366044044495,8038
90.52430319786072,8037
90.61860084533691,8036
90.69380378723145,8035
90.73462104797363,8034
90.87410092353821,8033
90.91644859313965,8032
90.96939826011658,8031
90.98930025100708,8030
91.03673481941223,8029
91.06237387657166,8028
91.18355584144592,8027
91.27449703216553,8026
91.2849292755127,8025
91.53621101379395,8024
91.63803124427795,8023
91.87425684928894,8022
91.9015851020813,8021
91.92815804481506,8020
92.23182964324951,8019
92.30911254882812,8018
92.3672993183136,8017
92.55416941642761,8016
92.59063696861267,8015
92.70454788208008,8014
92.87439060211182,8013
93.00277900695801,8012
93.10721707344055,8011
93.19226503372192,8010
93.26911687850952,8009
93.34574484825134,8008
93.53872418403625,8007
93.81668591499329,8006
94.20548892021179,8005
94.30562806129456,8004
94.31601786613464,8003
94.5375463962555,8002
94.7055492401123,8001
94.75507187843323,8000
94.8397958278656,7999
94.86930203437805,7998
94.90309405326843,7997
95.37518262863159,7996
95.42836499214172,7995
95.43871331214905,7994
95.62248086929321,7993
95.80165719985962,7992
95.84789705276489,7991
95.94160437583923,7990
96.02091264724731,7989
96.29013466835022,7988
96.66101312637329,7987
96.85308623313904,7986
96.87364649772644,7985
96.90219497680664,7984
96.91250467300415,7983
97.11205101013184,7982
97.19097757339478,7981
97.22867679595947,7980
97.31345844268799,7979
97.50049710273743,7978
97.52367734909058,7977
97.5441505908966,7976
97.6220953464508,7975
97.70690584182739,7974
97.7273428440094,7973
98.00865149497986,7972
98.17426323890686,7971
98.20511651039124,7970
98.28190732002258,7969
98.42263460159302,7968
98.44302010536194,7967
98.46305108070374,7966
98.61566138267517,7965
98.74887156486511,7964
98.76818299293518,7963
98.81957578659058,7962
99.02345013618469,7961
99.20431971549988,7960
99.23685789108276,7959
99.51023411750793,7958
100.00832962989807,7957
100.28419899940491,7956
100.43844318389893,7955
100.80093765258789,7954
100.86353588104248,7953
100.91569089889526,7952
101.14409923553467,7951
101.28597807884216,7950
101.68152332305908,7949
101.86266446113586,7948
101.96368098258972,7947
102.00278449058533,7946
102.01333785057068,7945
102.2943856716156,7944
102.63526034355164,7943
102.67354583740234,7942
102.71235203742981,7941
102.91896080970764,7940
102.97698879241943,7939
103.10124826431274,7938
103.20876502990723,7937
103.24728083610535,7936
103.52434611320496,7935
103.54807043075562,7934
103.59105777740479,7933
103.60139060020447,7932
103.7289662361145,7931
103.85515666007996,7930
104.00898790359497,7929
104.07811450958252,7928
104.14417123794556,7927
104.41791367530823,7926
104.522145986557,7925
104.75531935691833,7924
104.83465242385864,7923
104.85451912879944,7922
104.88742995262146,7921
105.03155565261841,7920
105.16892576217651,7919
105.26204776763916,7918
105.6957266330719,7917
105.78654026985168,7916
105.88642597198486,7915
106.08078002929688,7914
106.64412212371826,7913
106.72157669067383,7912
106.75135064125061,7911
106.86233496665955,7910
106.9139575958252,7909
107.03622102737427,7908
107.10609221458435,7907
107.42707681655884,7906
107.63859701156616,7905
107.68331122398376,7904
107.69618797302246,7903
107.82358646392822,7902
107.90336728096008,7901
108.20408201217651,7900
108.26387238502502,7899
108.48691391944885,7898
108.61197233200073,7897
108.92223834991455,7896
109.16803407669067,7895
109.18124389648438,7894
109.5668740272522,7893
109.75528526306152,7892
109.8895673751831,7891
110.00187468528748,7890
110.089515209198,7889
110.6363935470581,7888
110.79380226135254,7887
110.93795943260193,7886
110.97584390640259,7885
111.25361275672913,7884
111.29153275489807,7883
111.38886642456055,7882
111.79579329490662,7881
112.2991795539856,7880
112.41663193702698,7879
112.45310854911804,7878
112.51997447013855,7877
112.7249767780304,7876
112.74806261062622,7875
112.97421312332153,7874
113.041677236557,7873
113.05210852622986,7872
113.27980661392212,7871
113.38663053512573,7870
113.41725420951843,7869
114.32514595985413,7868
114.4841718673706,7867
114.54371237754822,7866
114.58275628089905,7865
114.63323450088501,7864
114.9956579208374,7863
115.06963515281677,7862
115.10077261924744,7861
115.39401078224182,7860
115.67209649085999,7859
115.91380310058594,7858
115.95516014099121,7857
116.14410543441772,7856
116.23536682128906,7855
116.49538469314575,7854
116.79115414619446,7853
116.98591423034668,7852
117.07398390769958,7851
117.71766972541809,7850
117.73143315315247,7849
118.07784056663513,7848
118.15689015388489,7847
118.3262209892273,7846
118.61232042312622,7845
118.76661467552185,7844
118.94122385978699,7843
119.0817928314209,7842
119.20795154571533,7841
119.47406935691833,7840
119.52004885673523,7839
119.75986528396606,7838
120.02553915977478,7837
120.97691416740417,7836
121.06142377853394,7835
121.18733048439026,7834
121.2710268497467,7833
121.4417769908905,7832
121.9072744846344,7831
122.02245545387268,7830
122.0337781906128,7829
122.04375791549683,7828
122.06260251998901,7827
122.38310980796814,7826
122.99012303352356,7825
123.00059866905212,7824
123.11642599105835,7823
123.16807270050049,7822
123.27580142021179,7821
123.35083365440369,7820
123.64956188201904,7819
123.70306348800659,7818
123.91516876220703,7817
124.18923234939575,7816
124.53075861930847,7815
124.95861387252808,7814
125.02232384681702,7813
125.4606626033783,7812
125.49930453300476,7811
126.08187127113342,7810
126.18640279769897,7809
126.54657125473022,7808
126.5771176815033,7807
126.75067138671875,7806
127.29717302322388,7805
127.54812932014465,7804
128.0181212425232,7803
128.26180481910706,7802
128.28138422966003,7801
128.29197788238525,7800
129.24494886398315,7799
129.4429955482483,7798
129.64383220672607,7797
129.82141017913818,7796
130.0126087665558,7795
130.4555377960205,7794
130.53415727615356,7793
130.84336733818054,7792
131.73742055892944,7791
132.1877863407135,7790
132.1988880634308,7789
132.40625715255737,7788
132.5942873954773,7787
132.77179074287415,7786
132.8824028968811,7785
133.95828819274902,7784
134.1472647190094,7783
134.42556142807007,7782
134.56843185424805,7781
134.6580731868744,7780
135.43614530563354,7779
135.4627330303192,7778
136.2236819267273,7777
136.33130621910095,7776
136.99188208580017,7775
137.4974467754364,7774
137.5870807170868,7773
137.65291786193848,7772
137.7760887145996,7771
137.83669424057007,7770
138.06569600105286,7769
138.56947994232178,7768
139.17405438423157,7767
139.29112553596497,7766
139.61463832855225,7765
139.72536873817444,7764
139.9319486618042,7763
140.02798914909363,7762
140.48854780197144,7761
140.69937467575073,7760
141.17275261878967,7759
141.5180242061615,7758
141.5694444179535,7757
141.83753776550293,7756
142.14419770240784,7755
142.25221848487854,7754
142.37802290916443,7753
142.60087323188782,7752
144.00093364715576,7751
144.24731850624084,7750
144.5072798728943,7749
144.55385541915894,7748
144.89935779571533,7747
144.94405388832092,7746
146.24937653541565,7745
146.63783836364746,7744
147.37276649475098,7743
147.4176971912384,7742
148.0285611152649,7741
148.20256662368774,7740
148.37114095687866,7739
148.886381149292,7738
148.92437028884888,7737
148.9747450351715,7736
149.07716488838196,7735
149.23876547813416,7734
149.2873456478119,7733
149.92552185058594,7732
150.10366916656494,7731
150.46387314796448,7730
151.14587092399597,7729
152.24714994430542,7728
152.46249341964722,7727
152.47987174987793,7726
154.76701951026917,7725
155.16454243659973,7724
155.7152361869812,7723
155.75186109542847,7722
156.03329491615295,7721
156.31624126434326,7720
156.41450762748718,7719
156.47050213813782,7718
158.26024532318115,7717
158.3706614971161,7716
158.52254462242126,7715
158.63935899734497,7714
158.9960219860077,7713
159.55487036705017,7712
159.61972403526306,7711
160.06103372573853,7710
160.71756768226624,7709
161.5898094177246,7708
161.97061491012573,7707
162.3727879524231,7706
163.48863577842712,7705
163.83502507209778,7704
165.0187051296234,7703
165.6147584915161,7702
165.79689979553223,7701
167.05631923675537,7700
167.224693775177,7699
167.68967294692993,7698
168.19795656204224,7697
168.59742856025696,7696
169.1397054195404,7695
169.65380239486694,7694
170.36257648468018,7693
171.00292110443115,7692
171.1614329814911,7691
171.20154428482056,7690
171.25824236869812,7689
171.73575448989868,7688
174.34436893463135,7687
174.5379958152771,7686
175.22612953186035,7685
175.5009045600891,7684
175.66462540626526,7683
176.04322504997253,7682
176.1067807674408,7681
176.188334941864,7680
176.25764060020447,7679
176.459321975708,7678
176.84241223335266,7677
177.31623816490173,7676
177.87066292762756,7675
178.43542289733887,7674
179.15751910209656,7673
179.61785745620728,7672
180.35559797286987,7671
180.70314717292786,7670
182.07934379577637,7669
183.3272247314453,7668
184.74815559387207,7667
185.07008361816406,7666
185.84878659248352,7665
186.0733606815338,7664
186.47856426239014,7663
186.79250240325928,7662
186.90668654441833,7661
187.26068782806396,7660
187.28803634643555,7659
187.334308385849,7658
187.6717393398285,7657
188.42704057693481,7656
188.43726706504822,7655
189.23276090621948,7654
190.45904922485352,7653
191.3187825679779,7652
191.76123118400574,7651
192.1112504005432,7650
192.45795607566833,7649
193.5990424156189,7648
193.74128603935242,7647
197.13058400154114,7646
197.4728798866272,7645
198.10010409355164,7644
198.14406752586365,7643
206.8692967891693,7642
207.4069254398346,7641
207.46816229820251,7640
207.85305786132812,7639
210.1217212677002,7638
213.23667573928833,7637
216.15433192253113,7636
217.70858311653137,7635
219.18007826805115,7634
219.62636733055115,7633
219.9981951713562,7632
222.58481287956238,7631
224.34153175354004,7630
224.75445747375488,7629
225.09491348266602,7628
225.96507287025452,7627
229.2100715637207,7626
230.4902641773224,7625
235.96660590171814,7624
237.00761771202087,7623
238.49007368087769,7622
241.71024346351624,7621
242.20167112350464,7620
244.69406867027283,7619
250.2855670452118,7618
253.3001229763031,7617
253.64524722099304,7616
255.88150310516357,7615
257.4638605117798,7614
258.1703522205353,7613
259.2472960948944,7612
261.0229630470276,7611
264.5655701160431,7610
264.74030208587646,7609
267.00517678260803,7608
267.16324734687805,7607
271.31436109542847,7606
272.5416398048401,7605
273.80370140075684,7604
276.1839380264282,7603
277.0670840740204,7602
280.09101605415344,7601
284.06328558921814,7600
284.1343650817871,7599
286.611763715744,7598
290.38593554496765,7597
292.38270020484924,7596
306.5393340587616,7595
321.7837107181549,7594
335.3962254524231,7593
336.68770265579224,7592
341.0781750679016,7591
342.41092467308044,7590
352.810870885849,7589
386.6728267669678,7588
401.7655334472656,7587
